[2023-11-20T14:39:12.341+0500] {processor.py:157} INFO - Started process (PID=4583) to work on /home/den/Projects/venv/lib/python3.10/site-packages/airflow/example_dags/plugins/event_listener.py
[2023-11-20T14:39:12.341+0500] {processor.py:829} INFO - Processing file /home/den/Projects/venv/lib/python3.10/site-packages/airflow/example_dags/plugins/event_listener.py for tasks to queue
[2023-11-20T14:39:12.342+0500] {logging_mixin.py:154} INFO - [2023-11-20T14:39:12.342+0500] {dagbag.py:536} INFO - Filling up the DagBag from /home/den/Projects/venv/lib/python3.10/site-packages/airflow/example_dags/plugins/event_listener.py
[2023-11-20T14:39:12.344+0500] {processor.py:841} WARNING - No viable dags retrieved from /home/den/Projects/venv/lib/python3.10/site-packages/airflow/example_dags/plugins/event_listener.py
[2023-11-20T14:39:12.353+0500] {processor.py:179} INFO - Processing /home/den/Projects/venv/lib/python3.10/site-packages/airflow/example_dags/plugins/event_listener.py took 0.015 seconds
[2023-11-20T14:40:07.532+0500] {processor.py:157} INFO - Started process (PID=5257) to work on /home/den/Projects/venv/lib/python3.10/site-packages/airflow/example_dags/plugins/event_listener.py
[2023-11-20T14:40:07.541+0500] {processor.py:829} INFO - Processing file /home/den/Projects/venv/lib/python3.10/site-packages/airflow/example_dags/plugins/event_listener.py for tasks to queue
[2023-11-20T14:40:07.549+0500] {logging_mixin.py:154} INFO - [2023-11-20T14:40:07.548+0500] {dagbag.py:536} INFO - Filling up the DagBag from /home/den/Projects/venv/lib/python3.10/site-packages/airflow/example_dags/plugins/event_listener.py
[2023-11-20T14:40:07.551+0500] {processor.py:841} WARNING - No viable dags retrieved from /home/den/Projects/venv/lib/python3.10/site-packages/airflow/example_dags/plugins/event_listener.py
[2023-11-20T14:40:07.588+0500] {processor.py:179} INFO - Processing /home/den/Projects/venv/lib/python3.10/site-packages/airflow/example_dags/plugins/event_listener.py took 0.059 seconds
[2023-11-20T14:40:45.477+0500] {processor.py:157} INFO - Started process (PID=5341) to work on /home/den/Projects/venv/lib/python3.10/site-packages/airflow/example_dags/plugins/event_listener.py
[2023-11-20T14:40:45.478+0500] {processor.py:829} INFO - Processing file /home/den/Projects/venv/lib/python3.10/site-packages/airflow/example_dags/plugins/event_listener.py for tasks to queue
[2023-11-20T14:40:45.478+0500] {logging_mixin.py:154} INFO - [2023-11-20T14:40:45.478+0500] {dagbag.py:536} INFO - Filling up the DagBag from /home/den/Projects/venv/lib/python3.10/site-packages/airflow/example_dags/plugins/event_listener.py
[2023-11-20T14:40:45.480+0500] {processor.py:841} WARNING - No viable dags retrieved from /home/den/Projects/venv/lib/python3.10/site-packages/airflow/example_dags/plugins/event_listener.py
[2023-11-20T14:40:45.488+0500] {processor.py:179} INFO - Processing /home/den/Projects/venv/lib/python3.10/site-packages/airflow/example_dags/plugins/event_listener.py took 0.015 seconds
[2023-11-20T14:49:41.960+0500] {processor.py:157} INFO - Started process (PID=6328) to work on /home/den/Projects/venv/lib/python3.10/site-packages/airflow/example_dags/plugins/event_listener.py
[2023-11-20T14:49:41.962+0500] {processor.py:829} INFO - Processing file /home/den/Projects/venv/lib/python3.10/site-packages/airflow/example_dags/plugins/event_listener.py for tasks to queue
[2023-11-20T14:49:41.963+0500] {logging_mixin.py:154} INFO - [2023-11-20T14:49:41.962+0500] {dagbag.py:536} INFO - Filling up the DagBag from /home/den/Projects/venv/lib/python3.10/site-packages/airflow/example_dags/plugins/event_listener.py
[2023-11-20T14:49:41.964+0500] {processor.py:841} WARNING - No viable dags retrieved from /home/den/Projects/venv/lib/python3.10/site-packages/airflow/example_dags/plugins/event_listener.py
[2023-11-20T14:49:41.972+0500] {processor.py:179} INFO - Processing /home/den/Projects/venv/lib/python3.10/site-packages/airflow/example_dags/plugins/event_listener.py took 0.015 seconds
[2023-11-20T14:50:32.448+0500] {processor.py:157} INFO - Started process (PID=6540) to work on /home/den/Projects/venv/lib/python3.10/site-packages/airflow/example_dags/plugins/event_listener.py
[2023-11-20T14:50:32.450+0500] {processor.py:829} INFO - Processing file /home/den/Projects/venv/lib/python3.10/site-packages/airflow/example_dags/plugins/event_listener.py for tasks to queue
[2023-11-20T14:50:32.450+0500] {logging_mixin.py:154} INFO - [2023-11-20T14:50:32.450+0500] {dagbag.py:536} INFO - Filling up the DagBag from /home/den/Projects/venv/lib/python3.10/site-packages/airflow/example_dags/plugins/event_listener.py
[2023-11-20T14:50:32.452+0500] {processor.py:841} WARNING - No viable dags retrieved from /home/den/Projects/venv/lib/python3.10/site-packages/airflow/example_dags/plugins/event_listener.py
[2023-11-20T14:50:32.462+0500] {processor.py:179} INFO - Processing /home/den/Projects/venv/lib/python3.10/site-packages/airflow/example_dags/plugins/event_listener.py took 0.017 seconds
[2023-11-20T14:51:10.955+0500] {processor.py:157} INFO - Started process (PID=6590) to work on /home/den/Projects/venv/lib/python3.10/site-packages/airflow/example_dags/plugins/event_listener.py
[2023-11-20T14:51:10.956+0500] {processor.py:829} INFO - Processing file /home/den/Projects/venv/lib/python3.10/site-packages/airflow/example_dags/plugins/event_listener.py for tasks to queue
[2023-11-20T14:51:10.957+0500] {logging_mixin.py:154} INFO - [2023-11-20T14:51:10.957+0500] {dagbag.py:536} INFO - Filling up the DagBag from /home/den/Projects/venv/lib/python3.10/site-packages/airflow/example_dags/plugins/event_listener.py
[2023-11-20T14:51:10.959+0500] {processor.py:841} WARNING - No viable dags retrieved from /home/den/Projects/venv/lib/python3.10/site-packages/airflow/example_dags/plugins/event_listener.py
[2023-11-20T14:51:10.967+0500] {processor.py:179} INFO - Processing /home/den/Projects/venv/lib/python3.10/site-packages/airflow/example_dags/plugins/event_listener.py took 0.014 seconds
[2023-11-20T14:51:57.339+0500] {processor.py:157} INFO - Started process (PID=6704) to work on /home/den/Projects/venv/lib/python3.10/site-packages/airflow/example_dags/plugins/event_listener.py
[2023-11-20T14:51:57.342+0500] {processor.py:829} INFO - Processing file /home/den/Projects/venv/lib/python3.10/site-packages/airflow/example_dags/plugins/event_listener.py for tasks to queue
[2023-11-20T14:51:57.343+0500] {logging_mixin.py:154} INFO - [2023-11-20T14:51:57.342+0500] {dagbag.py:536} INFO - Filling up the DagBag from /home/den/Projects/venv/lib/python3.10/site-packages/airflow/example_dags/plugins/event_listener.py
[2023-11-20T14:51:57.345+0500] {processor.py:841} WARNING - No viable dags retrieved from /home/den/Projects/venv/lib/python3.10/site-packages/airflow/example_dags/plugins/event_listener.py
[2023-11-20T14:51:57.362+0500] {processor.py:179} INFO - Processing /home/den/Projects/venv/lib/python3.10/site-packages/airflow/example_dags/plugins/event_listener.py took 0.026 seconds
[2023-11-20T14:52:57.766+0500] {processor.py:157} INFO - Started process (PID=6818) to work on /home/den/Projects/venv/lib/python3.10/site-packages/airflow/example_dags/plugins/event_listener.py
[2023-11-20T14:52:57.767+0500] {processor.py:829} INFO - Processing file /home/den/Projects/venv/lib/python3.10/site-packages/airflow/example_dags/plugins/event_listener.py for tasks to queue
[2023-11-20T14:52:57.768+0500] {logging_mixin.py:154} INFO - [2023-11-20T14:52:57.768+0500] {dagbag.py:536} INFO - Filling up the DagBag from /home/den/Projects/venv/lib/python3.10/site-packages/airflow/example_dags/plugins/event_listener.py
[2023-11-20T14:52:57.770+0500] {processor.py:841} WARNING - No viable dags retrieved from /home/den/Projects/venv/lib/python3.10/site-packages/airflow/example_dags/plugins/event_listener.py
[2023-11-20T14:52:57.777+0500] {processor.py:179} INFO - Processing /home/den/Projects/venv/lib/python3.10/site-packages/airflow/example_dags/plugins/event_listener.py took 0.013 seconds
[2023-11-20T14:54:33.586+0500] {processor.py:157} INFO - Started process (PID=7465) to work on /home/den/Projects/venv/lib/python3.10/site-packages/airflow/example_dags/plugins/event_listener.py
[2023-11-20T14:54:33.588+0500] {processor.py:829} INFO - Processing file /home/den/Projects/venv/lib/python3.10/site-packages/airflow/example_dags/plugins/event_listener.py for tasks to queue
[2023-11-20T14:54:33.589+0500] {logging_mixin.py:154} INFO - [2023-11-20T14:54:33.588+0500] {dagbag.py:536} INFO - Filling up the DagBag from /home/den/Projects/venv/lib/python3.10/site-packages/airflow/example_dags/plugins/event_listener.py
[2023-11-20T14:54:33.591+0500] {processor.py:841} WARNING - No viable dags retrieved from /home/den/Projects/venv/lib/python3.10/site-packages/airflow/example_dags/plugins/event_listener.py
[2023-11-20T14:54:33.612+0500] {processor.py:179} INFO - Processing /home/den/Projects/venv/lib/python3.10/site-packages/airflow/example_dags/plugins/event_listener.py took 0.032 seconds
[2023-11-20T14:57:16.299+0500] {processor.py:157} INFO - Started process (PID=7633) to work on /home/den/Projects/venv/lib/python3.10/site-packages/airflow/example_dags/plugins/event_listener.py
[2023-11-20T14:57:16.301+0500] {processor.py:829} INFO - Processing file /home/den/Projects/venv/lib/python3.10/site-packages/airflow/example_dags/plugins/event_listener.py for tasks to queue
[2023-11-20T14:57:16.302+0500] {logging_mixin.py:154} INFO - [2023-11-20T14:57:16.301+0500] {dagbag.py:536} INFO - Filling up the DagBag from /home/den/Projects/venv/lib/python3.10/site-packages/airflow/example_dags/plugins/event_listener.py
[2023-11-20T14:57:16.304+0500] {processor.py:841} WARNING - No viable dags retrieved from /home/den/Projects/venv/lib/python3.10/site-packages/airflow/example_dags/plugins/event_listener.py
[2023-11-20T14:57:16.312+0500] {processor.py:179} INFO - Processing /home/den/Projects/venv/lib/python3.10/site-packages/airflow/example_dags/plugins/event_listener.py took 0.016 seconds
[2023-11-20T14:58:02.653+0500] {processor.py:157} INFO - Started process (PID=7721) to work on /home/den/Projects/venv/lib/python3.10/site-packages/airflow/example_dags/plugins/event_listener.py
[2023-11-20T14:58:02.658+0500] {processor.py:829} INFO - Processing file /home/den/Projects/venv/lib/python3.10/site-packages/airflow/example_dags/plugins/event_listener.py for tasks to queue
[2023-11-20T14:58:02.661+0500] {logging_mixin.py:154} INFO - [2023-11-20T14:58:02.660+0500] {dagbag.py:536} INFO - Filling up the DagBag from /home/den/Projects/venv/lib/python3.10/site-packages/airflow/example_dags/plugins/event_listener.py
[2023-11-20T14:58:02.668+0500] {processor.py:841} WARNING - No viable dags retrieved from /home/den/Projects/venv/lib/python3.10/site-packages/airflow/example_dags/plugins/event_listener.py
[2023-11-20T14:58:02.701+0500] {processor.py:179} INFO - Processing /home/den/Projects/venv/lib/python3.10/site-packages/airflow/example_dags/plugins/event_listener.py took 0.049 seconds
[2023-11-20T14:58:50.218+0500] {processor.py:157} INFO - Started process (PID=7802) to work on /home/den/Projects/venv/lib/python3.10/site-packages/airflow/example_dags/plugins/event_listener.py
[2023-11-20T14:58:50.227+0500] {processor.py:829} INFO - Processing file /home/den/Projects/venv/lib/python3.10/site-packages/airflow/example_dags/plugins/event_listener.py for tasks to queue
[2023-11-20T14:58:50.228+0500] {logging_mixin.py:154} INFO - [2023-11-20T14:58:50.228+0500] {dagbag.py:536} INFO - Filling up the DagBag from /home/den/Projects/venv/lib/python3.10/site-packages/airflow/example_dags/plugins/event_listener.py
[2023-11-20T14:58:50.230+0500] {processor.py:841} WARNING - No viable dags retrieved from /home/den/Projects/venv/lib/python3.10/site-packages/airflow/example_dags/plugins/event_listener.py
[2023-11-20T14:58:50.237+0500] {processor.py:179} INFO - Processing /home/den/Projects/venv/lib/python3.10/site-packages/airflow/example_dags/plugins/event_listener.py took 0.022 seconds
[2023-11-20T14:59:34.631+0500] {processor.py:157} INFO - Started process (PID=7860) to work on /home/den/Projects/venv/lib/python3.10/site-packages/airflow/example_dags/plugins/event_listener.py
[2023-11-20T14:59:34.632+0500] {processor.py:829} INFO - Processing file /home/den/Projects/venv/lib/python3.10/site-packages/airflow/example_dags/plugins/event_listener.py for tasks to queue
[2023-11-20T14:59:34.633+0500] {logging_mixin.py:154} INFO - [2023-11-20T14:59:34.633+0500] {dagbag.py:536} INFO - Filling up the DagBag from /home/den/Projects/venv/lib/python3.10/site-packages/airflow/example_dags/plugins/event_listener.py
[2023-11-20T14:59:34.635+0500] {processor.py:841} WARNING - No viable dags retrieved from /home/den/Projects/venv/lib/python3.10/site-packages/airflow/example_dags/plugins/event_listener.py
[2023-11-20T14:59:34.642+0500] {processor.py:179} INFO - Processing /home/den/Projects/venv/lib/python3.10/site-packages/airflow/example_dags/plugins/event_listener.py took 0.014 seconds
[2023-11-20T15:00:10.441+0500] {processor.py:157} INFO - Started process (PID=7934) to work on /home/den/Projects/venv/lib/python3.10/site-packages/airflow/example_dags/plugins/event_listener.py
[2023-11-20T15:00:10.442+0500] {processor.py:829} INFO - Processing file /home/den/Projects/venv/lib/python3.10/site-packages/airflow/example_dags/plugins/event_listener.py for tasks to queue
[2023-11-20T15:00:10.443+0500] {logging_mixin.py:154} INFO - [2023-11-20T15:00:10.442+0500] {dagbag.py:536} INFO - Filling up the DagBag from /home/den/Projects/venv/lib/python3.10/site-packages/airflow/example_dags/plugins/event_listener.py
[2023-11-20T15:00:10.444+0500] {processor.py:841} WARNING - No viable dags retrieved from /home/den/Projects/venv/lib/python3.10/site-packages/airflow/example_dags/plugins/event_listener.py
[2023-11-20T15:00:10.452+0500] {processor.py:179} INFO - Processing /home/den/Projects/venv/lib/python3.10/site-packages/airflow/example_dags/plugins/event_listener.py took 0.015 seconds
[2023-11-20T15:00:44.560+0500] {processor.py:157} INFO - Started process (PID=7978) to work on /home/den/Projects/venv/lib/python3.10/site-packages/airflow/example_dags/plugins/event_listener.py
[2023-11-20T15:00:44.562+0500] {processor.py:829} INFO - Processing file /home/den/Projects/venv/lib/python3.10/site-packages/airflow/example_dags/plugins/event_listener.py for tasks to queue
[2023-11-20T15:00:44.562+0500] {logging_mixin.py:154} INFO - [2023-11-20T15:00:44.562+0500] {dagbag.py:536} INFO - Filling up the DagBag from /home/den/Projects/venv/lib/python3.10/site-packages/airflow/example_dags/plugins/event_listener.py
[2023-11-20T15:00:44.569+0500] {processor.py:841} WARNING - No viable dags retrieved from /home/den/Projects/venv/lib/python3.10/site-packages/airflow/example_dags/plugins/event_listener.py
[2023-11-20T15:00:44.582+0500] {processor.py:179} INFO - Processing /home/den/Projects/venv/lib/python3.10/site-packages/airflow/example_dags/plugins/event_listener.py took 0.026 seconds
[2023-11-20T15:01:19.159+0500] {processor.py:157} INFO - Started process (PID=8035) to work on /home/den/Projects/venv/lib/python3.10/site-packages/airflow/example_dags/plugins/event_listener.py
[2023-11-20T15:01:19.160+0500] {processor.py:829} INFO - Processing file /home/den/Projects/venv/lib/python3.10/site-packages/airflow/example_dags/plugins/event_listener.py for tasks to queue
[2023-11-20T15:01:19.161+0500] {logging_mixin.py:154} INFO - [2023-11-20T15:01:19.161+0500] {dagbag.py:536} INFO - Filling up the DagBag from /home/den/Projects/venv/lib/python3.10/site-packages/airflow/example_dags/plugins/event_listener.py
[2023-11-20T15:01:19.164+0500] {processor.py:841} WARNING - No viable dags retrieved from /home/den/Projects/venv/lib/python3.10/site-packages/airflow/example_dags/plugins/event_listener.py
[2023-11-20T15:01:19.171+0500] {processor.py:179} INFO - Processing /home/den/Projects/venv/lib/python3.10/site-packages/airflow/example_dags/plugins/event_listener.py took 0.014 seconds
[2023-11-20T15:01:55.227+0500] {processor.py:157} INFO - Started process (PID=8116) to work on /home/den/Projects/venv/lib/python3.10/site-packages/airflow/example_dags/plugins/event_listener.py
[2023-11-20T15:01:55.229+0500] {processor.py:829} INFO - Processing file /home/den/Projects/venv/lib/python3.10/site-packages/airflow/example_dags/plugins/event_listener.py for tasks to queue
[2023-11-20T15:01:55.229+0500] {logging_mixin.py:154} INFO - [2023-11-20T15:01:55.229+0500] {dagbag.py:536} INFO - Filling up the DagBag from /home/den/Projects/venv/lib/python3.10/site-packages/airflow/example_dags/plugins/event_listener.py
[2023-11-20T15:01:55.232+0500] {processor.py:841} WARNING - No viable dags retrieved from /home/den/Projects/venv/lib/python3.10/site-packages/airflow/example_dags/plugins/event_listener.py
[2023-11-20T15:01:55.251+0500] {processor.py:179} INFO - Processing /home/den/Projects/venv/lib/python3.10/site-packages/airflow/example_dags/plugins/event_listener.py took 0.036 seconds
[2023-11-20T15:03:05.148+0500] {processor.py:157} INFO - Started process (PID=8211) to work on /home/den/Projects/venv/lib/python3.10/site-packages/airflow/example_dags/plugins/event_listener.py
[2023-11-20T15:03:05.159+0500] {processor.py:829} INFO - Processing file /home/den/Projects/venv/lib/python3.10/site-packages/airflow/example_dags/plugins/event_listener.py for tasks to queue
[2023-11-20T15:03:05.161+0500] {logging_mixin.py:154} INFO - [2023-11-20T15:03:05.160+0500] {dagbag.py:536} INFO - Filling up the DagBag from /home/den/Projects/venv/lib/python3.10/site-packages/airflow/example_dags/plugins/event_listener.py
[2023-11-20T15:03:05.165+0500] {processor.py:841} WARNING - No viable dags retrieved from /home/den/Projects/venv/lib/python3.10/site-packages/airflow/example_dags/plugins/event_listener.py
[2023-11-20T15:03:05.194+0500] {processor.py:179} INFO - Processing /home/den/Projects/venv/lib/python3.10/site-packages/airflow/example_dags/plugins/event_listener.py took 0.051 seconds
[2023-11-20T15:03:44.282+0500] {processor.py:157} INFO - Started process (PID=8282) to work on /home/den/Projects/venv/lib/python3.10/site-packages/airflow/example_dags/plugins/event_listener.py
[2023-11-20T15:03:44.283+0500] {processor.py:829} INFO - Processing file /home/den/Projects/venv/lib/python3.10/site-packages/airflow/example_dags/plugins/event_listener.py for tasks to queue
[2023-11-20T15:03:44.284+0500] {logging_mixin.py:154} INFO - [2023-11-20T15:03:44.283+0500] {dagbag.py:536} INFO - Filling up the DagBag from /home/den/Projects/venv/lib/python3.10/site-packages/airflow/example_dags/plugins/event_listener.py
[2023-11-20T15:03:44.286+0500] {processor.py:841} WARNING - No viable dags retrieved from /home/den/Projects/venv/lib/python3.10/site-packages/airflow/example_dags/plugins/event_listener.py
[2023-11-20T15:03:44.300+0500] {processor.py:179} INFO - Processing /home/den/Projects/venv/lib/python3.10/site-packages/airflow/example_dags/plugins/event_listener.py took 0.023 seconds
[2023-11-20T15:04:22.452+0500] {processor.py:157} INFO - Started process (PID=8365) to work on /home/den/Projects/venv/lib/python3.10/site-packages/airflow/example_dags/plugins/event_listener.py
[2023-11-20T15:04:22.458+0500] {processor.py:829} INFO - Processing file /home/den/Projects/venv/lib/python3.10/site-packages/airflow/example_dags/plugins/event_listener.py for tasks to queue
[2023-11-20T15:04:22.464+0500] {logging_mixin.py:154} INFO - [2023-11-20T15:04:22.463+0500] {dagbag.py:536} INFO - Filling up the DagBag from /home/den/Projects/venv/lib/python3.10/site-packages/airflow/example_dags/plugins/event_listener.py
[2023-11-20T15:04:22.466+0500] {processor.py:841} WARNING - No viable dags retrieved from /home/den/Projects/venv/lib/python3.10/site-packages/airflow/example_dags/plugins/event_listener.py
[2023-11-20T15:04:22.477+0500] {processor.py:179} INFO - Processing /home/den/Projects/venv/lib/python3.10/site-packages/airflow/example_dags/plugins/event_listener.py took 0.030 seconds
[2023-11-20T15:04:59.038+0500] {processor.py:157} INFO - Started process (PID=8411) to work on /home/den/Projects/venv/lib/python3.10/site-packages/airflow/example_dags/plugins/event_listener.py
[2023-11-20T15:04:59.040+0500] {processor.py:829} INFO - Processing file /home/den/Projects/venv/lib/python3.10/site-packages/airflow/example_dags/plugins/event_listener.py for tasks to queue
[2023-11-20T15:04:59.041+0500] {logging_mixin.py:154} INFO - [2023-11-20T15:04:59.040+0500] {dagbag.py:536} INFO - Filling up the DagBag from /home/den/Projects/venv/lib/python3.10/site-packages/airflow/example_dags/plugins/event_listener.py
[2023-11-20T15:04:59.043+0500] {processor.py:841} WARNING - No viable dags retrieved from /home/den/Projects/venv/lib/python3.10/site-packages/airflow/example_dags/plugins/event_listener.py
[2023-11-20T15:04:59.059+0500] {processor.py:179} INFO - Processing /home/den/Projects/venv/lib/python3.10/site-packages/airflow/example_dags/plugins/event_listener.py took 0.024 seconds
[2023-11-20T15:05:39.911+0500] {processor.py:157} INFO - Started process (PID=8463) to work on /home/den/Projects/venv/lib/python3.10/site-packages/airflow/example_dags/plugins/event_listener.py
[2023-11-20T15:05:39.923+0500] {processor.py:829} INFO - Processing file /home/den/Projects/venv/lib/python3.10/site-packages/airflow/example_dags/plugins/event_listener.py for tasks to queue
[2023-11-20T15:05:39.924+0500] {logging_mixin.py:154} INFO - [2023-11-20T15:05:39.923+0500] {dagbag.py:536} INFO - Filling up the DagBag from /home/den/Projects/venv/lib/python3.10/site-packages/airflow/example_dags/plugins/event_listener.py
[2023-11-20T15:05:39.927+0500] {processor.py:841} WARNING - No viable dags retrieved from /home/den/Projects/venv/lib/python3.10/site-packages/airflow/example_dags/plugins/event_listener.py
[2023-11-20T15:05:39.938+0500] {processor.py:179} INFO - Processing /home/den/Projects/venv/lib/python3.10/site-packages/airflow/example_dags/plugins/event_listener.py took 0.032 seconds
[2023-11-20T15:06:16.707+0500] {processor.py:157} INFO - Started process (PID=8535) to work on /home/den/Projects/venv/lib/python3.10/site-packages/airflow/example_dags/plugins/event_listener.py
[2023-11-20T15:06:16.709+0500] {processor.py:829} INFO - Processing file /home/den/Projects/venv/lib/python3.10/site-packages/airflow/example_dags/plugins/event_listener.py for tasks to queue
[2023-11-20T15:06:16.710+0500] {logging_mixin.py:154} INFO - [2023-11-20T15:06:16.710+0500] {dagbag.py:536} INFO - Filling up the DagBag from /home/den/Projects/venv/lib/python3.10/site-packages/airflow/example_dags/plugins/event_listener.py
[2023-11-20T15:06:16.714+0500] {processor.py:841} WARNING - No viable dags retrieved from /home/den/Projects/venv/lib/python3.10/site-packages/airflow/example_dags/plugins/event_listener.py
[2023-11-20T15:06:16.723+0500] {processor.py:179} INFO - Processing /home/den/Projects/venv/lib/python3.10/site-packages/airflow/example_dags/plugins/event_listener.py took 0.021 seconds
[2023-11-20T15:06:54.290+0500] {processor.py:157} INFO - Started process (PID=8594) to work on /home/den/Projects/venv/lib/python3.10/site-packages/airflow/example_dags/plugins/event_listener.py
[2023-11-20T15:06:54.293+0500] {processor.py:829} INFO - Processing file /home/den/Projects/venv/lib/python3.10/site-packages/airflow/example_dags/plugins/event_listener.py for tasks to queue
[2023-11-20T15:06:54.294+0500] {logging_mixin.py:154} INFO - [2023-11-20T15:06:54.294+0500] {dagbag.py:536} INFO - Filling up the DagBag from /home/den/Projects/venv/lib/python3.10/site-packages/airflow/example_dags/plugins/event_listener.py
[2023-11-20T15:06:54.298+0500] {processor.py:841} WARNING - No viable dags retrieved from /home/den/Projects/venv/lib/python3.10/site-packages/airflow/example_dags/plugins/event_listener.py
[2023-11-20T15:06:54.327+0500] {processor.py:179} INFO - Processing /home/den/Projects/venv/lib/python3.10/site-packages/airflow/example_dags/plugins/event_listener.py took 0.041 seconds
[2023-11-20T15:07:37.077+0500] {processor.py:157} INFO - Started process (PID=8656) to work on /home/den/Projects/venv/lib/python3.10/site-packages/airflow/example_dags/plugins/event_listener.py
[2023-11-20T15:07:37.079+0500] {processor.py:829} INFO - Processing file /home/den/Projects/venv/lib/python3.10/site-packages/airflow/example_dags/plugins/event_listener.py for tasks to queue
[2023-11-20T15:07:37.085+0500] {logging_mixin.py:154} INFO - [2023-11-20T15:07:37.084+0500] {dagbag.py:536} INFO - Filling up the DagBag from /home/den/Projects/venv/lib/python3.10/site-packages/airflow/example_dags/plugins/event_listener.py
[2023-11-20T15:07:37.091+0500] {processor.py:841} WARNING - No viable dags retrieved from /home/den/Projects/venv/lib/python3.10/site-packages/airflow/example_dags/plugins/event_listener.py
[2023-11-20T15:07:37.103+0500] {processor.py:179} INFO - Processing /home/den/Projects/venv/lib/python3.10/site-packages/airflow/example_dags/plugins/event_listener.py took 0.029 seconds
[2023-11-20T15:08:24.088+0500] {processor.py:157} INFO - Started process (PID=8752) to work on /home/den/Projects/venv/lib/python3.10/site-packages/airflow/example_dags/plugins/event_listener.py
[2023-11-20T15:08:24.091+0500] {processor.py:829} INFO - Processing file /home/den/Projects/venv/lib/python3.10/site-packages/airflow/example_dags/plugins/event_listener.py for tasks to queue
[2023-11-20T15:08:24.092+0500] {logging_mixin.py:154} INFO - [2023-11-20T15:08:24.091+0500] {dagbag.py:536} INFO - Filling up the DagBag from /home/den/Projects/venv/lib/python3.10/site-packages/airflow/example_dags/plugins/event_listener.py
[2023-11-20T15:08:24.098+0500] {processor.py:841} WARNING - No viable dags retrieved from /home/den/Projects/venv/lib/python3.10/site-packages/airflow/example_dags/plugins/event_listener.py
[2023-11-20T15:08:24.108+0500] {processor.py:179} INFO - Processing /home/den/Projects/venv/lib/python3.10/site-packages/airflow/example_dags/plugins/event_listener.py took 0.025 seconds
[2023-11-20T15:09:07.190+0500] {processor.py:157} INFO - Started process (PID=8807) to work on /home/den/Projects/venv/lib/python3.10/site-packages/airflow/example_dags/plugins/event_listener.py
[2023-11-20T15:09:07.195+0500] {processor.py:829} INFO - Processing file /home/den/Projects/venv/lib/python3.10/site-packages/airflow/example_dags/plugins/event_listener.py for tasks to queue
[2023-11-20T15:09:07.196+0500] {logging_mixin.py:154} INFO - [2023-11-20T15:09:07.196+0500] {dagbag.py:536} INFO - Filling up the DagBag from /home/den/Projects/venv/lib/python3.10/site-packages/airflow/example_dags/plugins/event_listener.py
[2023-11-20T15:09:07.199+0500] {processor.py:841} WARNING - No viable dags retrieved from /home/den/Projects/venv/lib/python3.10/site-packages/airflow/example_dags/plugins/event_listener.py
[2023-11-20T15:09:07.210+0500] {processor.py:179} INFO - Processing /home/den/Projects/venv/lib/python3.10/site-packages/airflow/example_dags/plugins/event_listener.py took 0.023 seconds
[2023-11-20T15:09:45.274+0500] {processor.py:157} INFO - Started process (PID=8856) to work on /home/den/Projects/venv/lib/python3.10/site-packages/airflow/example_dags/plugins/event_listener.py
[2023-11-20T15:09:45.289+0500] {processor.py:829} INFO - Processing file /home/den/Projects/venv/lib/python3.10/site-packages/airflow/example_dags/plugins/event_listener.py for tasks to queue
[2023-11-20T15:09:45.292+0500] {logging_mixin.py:154} INFO - [2023-11-20T15:09:45.291+0500] {dagbag.py:536} INFO - Filling up the DagBag from /home/den/Projects/venv/lib/python3.10/site-packages/airflow/example_dags/plugins/event_listener.py
[2023-11-20T15:09:45.302+0500] {processor.py:841} WARNING - No viable dags retrieved from /home/den/Projects/venv/lib/python3.10/site-packages/airflow/example_dags/plugins/event_listener.py
[2023-11-20T15:09:45.320+0500] {processor.py:179} INFO - Processing /home/den/Projects/venv/lib/python3.10/site-packages/airflow/example_dags/plugins/event_listener.py took 0.050 seconds
[2023-11-20T15:10:29.222+0500] {processor.py:157} INFO - Started process (PID=8941) to work on /home/den/Projects/venv/lib/python3.10/site-packages/airflow/example_dags/plugins/event_listener.py
[2023-11-20T15:10:29.224+0500] {processor.py:829} INFO - Processing file /home/den/Projects/venv/lib/python3.10/site-packages/airflow/example_dags/plugins/event_listener.py for tasks to queue
[2023-11-20T15:10:29.225+0500] {logging_mixin.py:154} INFO - [2023-11-20T15:10:29.224+0500] {dagbag.py:536} INFO - Filling up the DagBag from /home/den/Projects/venv/lib/python3.10/site-packages/airflow/example_dags/plugins/event_listener.py
[2023-11-20T15:10:29.228+0500] {processor.py:841} WARNING - No viable dags retrieved from /home/den/Projects/venv/lib/python3.10/site-packages/airflow/example_dags/plugins/event_listener.py
[2023-11-20T15:10:29.247+0500] {processor.py:179} INFO - Processing /home/den/Projects/venv/lib/python3.10/site-packages/airflow/example_dags/plugins/event_listener.py took 0.031 seconds
[2023-11-20T15:11:04.558+0500] {processor.py:157} INFO - Started process (PID=8988) to work on /home/den/Projects/venv/lib/python3.10/site-packages/airflow/example_dags/plugins/event_listener.py
[2023-11-20T15:11:04.562+0500] {processor.py:829} INFO - Processing file /home/den/Projects/venv/lib/python3.10/site-packages/airflow/example_dags/plugins/event_listener.py for tasks to queue
[2023-11-20T15:11:04.563+0500] {logging_mixin.py:154} INFO - [2023-11-20T15:11:04.562+0500] {dagbag.py:536} INFO - Filling up the DagBag from /home/den/Projects/venv/lib/python3.10/site-packages/airflow/example_dags/plugins/event_listener.py
[2023-11-20T15:11:04.569+0500] {processor.py:841} WARNING - No viable dags retrieved from /home/den/Projects/venv/lib/python3.10/site-packages/airflow/example_dags/plugins/event_listener.py
[2023-11-20T15:11:04.585+0500] {processor.py:179} INFO - Processing /home/den/Projects/venv/lib/python3.10/site-packages/airflow/example_dags/plugins/event_listener.py took 0.031 seconds
[2023-11-20T15:11:52.560+0500] {processor.py:157} INFO - Started process (PID=9080) to work on /home/den/Projects/venv/lib/python3.10/site-packages/airflow/example_dags/plugins/event_listener.py
[2023-11-20T15:11:52.564+0500] {processor.py:829} INFO - Processing file /home/den/Projects/venv/lib/python3.10/site-packages/airflow/example_dags/plugins/event_listener.py for tasks to queue
[2023-11-20T15:11:52.565+0500] {logging_mixin.py:154} INFO - [2023-11-20T15:11:52.564+0500] {dagbag.py:536} INFO - Filling up the DagBag from /home/den/Projects/venv/lib/python3.10/site-packages/airflow/example_dags/plugins/event_listener.py
[2023-11-20T15:11:52.569+0500] {processor.py:841} WARNING - No viable dags retrieved from /home/den/Projects/venv/lib/python3.10/site-packages/airflow/example_dags/plugins/event_listener.py
[2023-11-20T15:11:52.581+0500] {processor.py:179} INFO - Processing /home/den/Projects/venv/lib/python3.10/site-packages/airflow/example_dags/plugins/event_listener.py took 0.024 seconds
[2023-11-20T15:12:30.192+0500] {processor.py:157} INFO - Started process (PID=9129) to work on /home/den/Projects/venv/lib/python3.10/site-packages/airflow/example_dags/plugins/event_listener.py
[2023-11-20T15:12:30.203+0500] {processor.py:829} INFO - Processing file /home/den/Projects/venv/lib/python3.10/site-packages/airflow/example_dags/plugins/event_listener.py for tasks to queue
[2023-11-20T15:12:30.205+0500] {logging_mixin.py:154} INFO - [2023-11-20T15:12:30.204+0500] {dagbag.py:536} INFO - Filling up the DagBag from /home/den/Projects/venv/lib/python3.10/site-packages/airflow/example_dags/plugins/event_listener.py
[2023-11-20T15:12:30.208+0500] {processor.py:841} WARNING - No viable dags retrieved from /home/den/Projects/venv/lib/python3.10/site-packages/airflow/example_dags/plugins/event_listener.py
[2023-11-20T15:12:30.230+0500] {processor.py:179} INFO - Processing /home/den/Projects/venv/lib/python3.10/site-packages/airflow/example_dags/plugins/event_listener.py took 0.041 seconds
[2023-11-20T15:13:04.512+0500] {processor.py:157} INFO - Started process (PID=9173) to work on /home/den/Projects/venv/lib/python3.10/site-packages/airflow/example_dags/plugins/event_listener.py
[2023-11-20T15:13:04.516+0500] {processor.py:829} INFO - Processing file /home/den/Projects/venv/lib/python3.10/site-packages/airflow/example_dags/plugins/event_listener.py for tasks to queue
[2023-11-20T15:13:04.517+0500] {logging_mixin.py:154} INFO - [2023-11-20T15:13:04.517+0500] {dagbag.py:536} INFO - Filling up the DagBag from /home/den/Projects/venv/lib/python3.10/site-packages/airflow/example_dags/plugins/event_listener.py
[2023-11-20T15:13:04.521+0500] {processor.py:841} WARNING - No viable dags retrieved from /home/den/Projects/venv/lib/python3.10/site-packages/airflow/example_dags/plugins/event_listener.py
[2023-11-20T15:13:04.533+0500] {processor.py:179} INFO - Processing /home/den/Projects/venv/lib/python3.10/site-packages/airflow/example_dags/plugins/event_listener.py took 0.025 seconds
[2023-11-20T15:13:40.865+0500] {processor.py:157} INFO - Started process (PID=9226) to work on /home/den/Projects/venv/lib/python3.10/site-packages/airflow/example_dags/plugins/event_listener.py
[2023-11-20T15:13:40.872+0500] {processor.py:829} INFO - Processing file /home/den/Projects/venv/lib/python3.10/site-packages/airflow/example_dags/plugins/event_listener.py for tasks to queue
[2023-11-20T15:13:40.874+0500] {logging_mixin.py:154} INFO - [2023-11-20T15:13:40.873+0500] {dagbag.py:536} INFO - Filling up the DagBag from /home/den/Projects/venv/lib/python3.10/site-packages/airflow/example_dags/plugins/event_listener.py
[2023-11-20T15:13:40.877+0500] {processor.py:841} WARNING - No viable dags retrieved from /home/den/Projects/venv/lib/python3.10/site-packages/airflow/example_dags/plugins/event_listener.py
[2023-11-20T15:13:40.893+0500] {processor.py:179} INFO - Processing /home/den/Projects/venv/lib/python3.10/site-packages/airflow/example_dags/plugins/event_listener.py took 0.036 seconds
[2023-11-20T15:14:17.828+0500] {processor.py:157} INFO - Started process (PID=9303) to work on /home/den/Projects/venv/lib/python3.10/site-packages/airflow/example_dags/plugins/event_listener.py
[2023-11-20T15:14:17.833+0500] {processor.py:829} INFO - Processing file /home/den/Projects/venv/lib/python3.10/site-packages/airflow/example_dags/plugins/event_listener.py for tasks to queue
[2023-11-20T15:14:17.835+0500] {logging_mixin.py:154} INFO - [2023-11-20T15:14:17.834+0500] {dagbag.py:536} INFO - Filling up the DagBag from /home/den/Projects/venv/lib/python3.10/site-packages/airflow/example_dags/plugins/event_listener.py
[2023-11-20T15:14:17.842+0500] {processor.py:841} WARNING - No viable dags retrieved from /home/den/Projects/venv/lib/python3.10/site-packages/airflow/example_dags/plugins/event_listener.py
[2023-11-20T15:14:17.858+0500] {processor.py:179} INFO - Processing /home/den/Projects/venv/lib/python3.10/site-packages/airflow/example_dags/plugins/event_listener.py took 0.033 seconds
[2023-11-20T15:14:56.590+0500] {processor.py:157} INFO - Started process (PID=9360) to work on /home/den/Projects/venv/lib/python3.10/site-packages/airflow/example_dags/plugins/event_listener.py
[2023-11-20T15:14:56.592+0500] {processor.py:829} INFO - Processing file /home/den/Projects/venv/lib/python3.10/site-packages/airflow/example_dags/plugins/event_listener.py for tasks to queue
[2023-11-20T15:14:56.592+0500] {logging_mixin.py:154} INFO - [2023-11-20T15:14:56.592+0500] {dagbag.py:536} INFO - Filling up the DagBag from /home/den/Projects/venv/lib/python3.10/site-packages/airflow/example_dags/plugins/event_listener.py
[2023-11-20T15:14:56.595+0500] {processor.py:841} WARNING - No viable dags retrieved from /home/den/Projects/venv/lib/python3.10/site-packages/airflow/example_dags/plugins/event_listener.py
[2023-11-20T15:14:56.603+0500] {processor.py:179} INFO - Processing /home/den/Projects/venv/lib/python3.10/site-packages/airflow/example_dags/plugins/event_listener.py took 0.016 seconds
[2023-11-20T15:15:30.322+0500] {processor.py:157} INFO - Started process (PID=9412) to work on /home/den/Projects/venv/lib/python3.10/site-packages/airflow/example_dags/plugins/event_listener.py
[2023-11-20T15:15:30.323+0500] {processor.py:829} INFO - Processing file /home/den/Projects/venv/lib/python3.10/site-packages/airflow/example_dags/plugins/event_listener.py for tasks to queue
[2023-11-20T15:15:30.324+0500] {logging_mixin.py:154} INFO - [2023-11-20T15:15:30.324+0500] {dagbag.py:536} INFO - Filling up the DagBag from /home/den/Projects/venv/lib/python3.10/site-packages/airflow/example_dags/plugins/event_listener.py
[2023-11-20T15:15:30.326+0500] {processor.py:841} WARNING - No viable dags retrieved from /home/den/Projects/venv/lib/python3.10/site-packages/airflow/example_dags/plugins/event_listener.py
[2023-11-20T15:15:30.333+0500] {processor.py:179} INFO - Processing /home/den/Projects/venv/lib/python3.10/site-packages/airflow/example_dags/plugins/event_listener.py took 0.014 seconds
[2023-11-20T15:16:03.702+0500] {processor.py:157} INFO - Started process (PID=9480) to work on /home/den/Projects/venv/lib/python3.10/site-packages/airflow/example_dags/plugins/event_listener.py
[2023-11-20T15:16:03.704+0500] {processor.py:829} INFO - Processing file /home/den/Projects/venv/lib/python3.10/site-packages/airflow/example_dags/plugins/event_listener.py for tasks to queue
[2023-11-20T15:16:03.705+0500] {logging_mixin.py:154} INFO - [2023-11-20T15:16:03.704+0500] {dagbag.py:536} INFO - Filling up the DagBag from /home/den/Projects/venv/lib/python3.10/site-packages/airflow/example_dags/plugins/event_listener.py
[2023-11-20T15:16:03.707+0500] {processor.py:841} WARNING - No viable dags retrieved from /home/den/Projects/venv/lib/python3.10/site-packages/airflow/example_dags/plugins/event_listener.py
[2023-11-20T15:16:03.717+0500] {processor.py:179} INFO - Processing /home/den/Projects/venv/lib/python3.10/site-packages/airflow/example_dags/plugins/event_listener.py took 0.018 seconds
[2023-11-20T15:16:50.845+0500] {processor.py:157} INFO - Started process (PID=9547) to work on /home/den/Projects/venv/lib/python3.10/site-packages/airflow/example_dags/plugins/event_listener.py
[2023-11-20T15:16:50.847+0500] {processor.py:829} INFO - Processing file /home/den/Projects/venv/lib/python3.10/site-packages/airflow/example_dags/plugins/event_listener.py for tasks to queue
[2023-11-20T15:16:50.848+0500] {logging_mixin.py:154} INFO - [2023-11-20T15:16:50.848+0500] {dagbag.py:536} INFO - Filling up the DagBag from /home/den/Projects/venv/lib/python3.10/site-packages/airflow/example_dags/plugins/event_listener.py
[2023-11-20T15:16:50.851+0500] {processor.py:841} WARNING - No viable dags retrieved from /home/den/Projects/venv/lib/python3.10/site-packages/airflow/example_dags/plugins/event_listener.py
[2023-11-20T15:16:50.860+0500] {processor.py:179} INFO - Processing /home/den/Projects/venv/lib/python3.10/site-packages/airflow/example_dags/plugins/event_listener.py took 0.018 seconds
[2023-11-20T15:17:34.119+0500] {processor.py:157} INFO - Started process (PID=9609) to work on /home/den/Projects/venv/lib/python3.10/site-packages/airflow/example_dags/plugins/event_listener.py
[2023-11-20T15:17:34.123+0500] {processor.py:829} INFO - Processing file /home/den/Projects/venv/lib/python3.10/site-packages/airflow/example_dags/plugins/event_listener.py for tasks to queue
[2023-11-20T15:17:34.124+0500] {logging_mixin.py:154} INFO - [2023-11-20T15:17:34.123+0500] {dagbag.py:536} INFO - Filling up the DagBag from /home/den/Projects/venv/lib/python3.10/site-packages/airflow/example_dags/plugins/event_listener.py
[2023-11-20T15:17:34.126+0500] {processor.py:841} WARNING - No viable dags retrieved from /home/den/Projects/venv/lib/python3.10/site-packages/airflow/example_dags/plugins/event_listener.py
[2023-11-20T15:17:34.136+0500] {processor.py:179} INFO - Processing /home/den/Projects/venv/lib/python3.10/site-packages/airflow/example_dags/plugins/event_listener.py took 0.019 seconds
[2023-11-20T15:18:07.211+0500] {processor.py:157} INFO - Started process (PID=9678) to work on /home/den/Projects/venv/lib/python3.10/site-packages/airflow/example_dags/plugins/event_listener.py
[2023-11-20T15:18:07.212+0500] {processor.py:829} INFO - Processing file /home/den/Projects/venv/lib/python3.10/site-packages/airflow/example_dags/plugins/event_listener.py for tasks to queue
[2023-11-20T15:18:07.212+0500] {logging_mixin.py:154} INFO - [2023-11-20T15:18:07.212+0500] {dagbag.py:536} INFO - Filling up the DagBag from /home/den/Projects/venv/lib/python3.10/site-packages/airflow/example_dags/plugins/event_listener.py
[2023-11-20T15:18:07.214+0500] {processor.py:841} WARNING - No viable dags retrieved from /home/den/Projects/venv/lib/python3.10/site-packages/airflow/example_dags/plugins/event_listener.py
[2023-11-20T15:18:07.223+0500] {processor.py:179} INFO - Processing /home/den/Projects/venv/lib/python3.10/site-packages/airflow/example_dags/plugins/event_listener.py took 0.016 seconds
[2023-11-20T15:18:43.467+0500] {processor.py:157} INFO - Started process (PID=9724) to work on /home/den/Projects/venv/lib/python3.10/site-packages/airflow/example_dags/plugins/event_listener.py
[2023-11-20T15:18:43.477+0500] {processor.py:829} INFO - Processing file /home/den/Projects/venv/lib/python3.10/site-packages/airflow/example_dags/plugins/event_listener.py for tasks to queue
[2023-11-20T15:18:43.478+0500] {logging_mixin.py:154} INFO - [2023-11-20T15:18:43.477+0500] {dagbag.py:536} INFO - Filling up the DagBag from /home/den/Projects/venv/lib/python3.10/site-packages/airflow/example_dags/plugins/event_listener.py
[2023-11-20T15:18:43.480+0500] {processor.py:841} WARNING - No viable dags retrieved from /home/den/Projects/venv/lib/python3.10/site-packages/airflow/example_dags/plugins/event_listener.py
[2023-11-20T15:18:43.487+0500] {processor.py:179} INFO - Processing /home/den/Projects/venv/lib/python3.10/site-packages/airflow/example_dags/plugins/event_listener.py took 0.023 seconds
[2023-11-20T15:19:16.214+0500] {processor.py:157} INFO - Started process (PID=9771) to work on /home/den/Projects/venv/lib/python3.10/site-packages/airflow/example_dags/plugins/event_listener.py
[2023-11-20T15:19:16.216+0500] {processor.py:829} INFO - Processing file /home/den/Projects/venv/lib/python3.10/site-packages/airflow/example_dags/plugins/event_listener.py for tasks to queue
[2023-11-20T15:19:16.216+0500] {logging_mixin.py:154} INFO - [2023-11-20T15:19:16.216+0500] {dagbag.py:536} INFO - Filling up the DagBag from /home/den/Projects/venv/lib/python3.10/site-packages/airflow/example_dags/plugins/event_listener.py
[2023-11-20T15:19:16.218+0500] {processor.py:841} WARNING - No viable dags retrieved from /home/den/Projects/venv/lib/python3.10/site-packages/airflow/example_dags/plugins/event_listener.py
[2023-11-20T15:19:16.226+0500] {processor.py:179} INFO - Processing /home/den/Projects/venv/lib/python3.10/site-packages/airflow/example_dags/plugins/event_listener.py took 0.016 seconds
[2023-11-20T15:20:04.333+0500] {processor.py:157} INFO - Started process (PID=9930) to work on /home/den/Projects/venv/lib/python3.10/site-packages/airflow/example_dags/plugins/event_listener.py
[2023-11-20T15:20:04.338+0500] {processor.py:829} INFO - Processing file /home/den/Projects/venv/lib/python3.10/site-packages/airflow/example_dags/plugins/event_listener.py for tasks to queue
[2023-11-20T15:20:04.342+0500] {logging_mixin.py:154} INFO - [2023-11-20T15:20:04.341+0500] {dagbag.py:536} INFO - Filling up the DagBag from /home/den/Projects/venv/lib/python3.10/site-packages/airflow/example_dags/plugins/event_listener.py
[2023-11-20T15:20:04.345+0500] {processor.py:841} WARNING - No viable dags retrieved from /home/den/Projects/venv/lib/python3.10/site-packages/airflow/example_dags/plugins/event_listener.py
[2023-11-20T15:20:04.358+0500] {processor.py:179} INFO - Processing /home/den/Projects/venv/lib/python3.10/site-packages/airflow/example_dags/plugins/event_listener.py took 0.030 seconds
[2023-11-20T15:20:45.320+0500] {processor.py:157} INFO - Started process (PID=9980) to work on /home/den/Projects/venv/lib/python3.10/site-packages/airflow/example_dags/plugins/event_listener.py
[2023-11-20T15:20:45.321+0500] {processor.py:829} INFO - Processing file /home/den/Projects/venv/lib/python3.10/site-packages/airflow/example_dags/plugins/event_listener.py for tasks to queue
[2023-11-20T15:20:45.322+0500] {logging_mixin.py:154} INFO - [2023-11-20T15:20:45.322+0500] {dagbag.py:536} INFO - Filling up the DagBag from /home/den/Projects/venv/lib/python3.10/site-packages/airflow/example_dags/plugins/event_listener.py
[2023-11-20T15:20:45.325+0500] {processor.py:841} WARNING - No viable dags retrieved from /home/den/Projects/venv/lib/python3.10/site-packages/airflow/example_dags/plugins/event_listener.py
[2023-11-20T15:20:45.338+0500] {processor.py:179} INFO - Processing /home/den/Projects/venv/lib/python3.10/site-packages/airflow/example_dags/plugins/event_listener.py took 0.023 seconds
[2023-11-20T15:21:28.457+0500] {processor.py:157} INFO - Started process (PID=10045) to work on /home/den/Projects/venv/lib/python3.10/site-packages/airflow/example_dags/plugins/event_listener.py
[2023-11-20T15:21:28.461+0500] {processor.py:829} INFO - Processing file /home/den/Projects/venv/lib/python3.10/site-packages/airflow/example_dags/plugins/event_listener.py for tasks to queue
[2023-11-20T15:21:28.462+0500] {logging_mixin.py:154} INFO - [2023-11-20T15:21:28.462+0500] {dagbag.py:536} INFO - Filling up the DagBag from /home/den/Projects/venv/lib/python3.10/site-packages/airflow/example_dags/plugins/event_listener.py
[2023-11-20T15:21:28.464+0500] {processor.py:841} WARNING - No viable dags retrieved from /home/den/Projects/venv/lib/python3.10/site-packages/airflow/example_dags/plugins/event_listener.py
[2023-11-20T15:21:28.476+0500] {processor.py:179} INFO - Processing /home/den/Projects/venv/lib/python3.10/site-packages/airflow/example_dags/plugins/event_listener.py took 0.021 seconds
[2023-11-20T15:22:13.426+0500] {processor.py:157} INFO - Started process (PID=10122) to work on /home/den/Projects/venv/lib/python3.10/site-packages/airflow/example_dags/plugins/event_listener.py
[2023-11-20T15:22:13.432+0500] {processor.py:829} INFO - Processing file /home/den/Projects/venv/lib/python3.10/site-packages/airflow/example_dags/plugins/event_listener.py for tasks to queue
[2023-11-20T15:22:13.433+0500] {logging_mixin.py:154} INFO - [2023-11-20T15:22:13.433+0500] {dagbag.py:536} INFO - Filling up the DagBag from /home/den/Projects/venv/lib/python3.10/site-packages/airflow/example_dags/plugins/event_listener.py
[2023-11-20T15:22:13.436+0500] {processor.py:841} WARNING - No viable dags retrieved from /home/den/Projects/venv/lib/python3.10/site-packages/airflow/example_dags/plugins/event_listener.py
[2023-11-20T15:22:13.447+0500] {processor.py:179} INFO - Processing /home/den/Projects/venv/lib/python3.10/site-packages/airflow/example_dags/plugins/event_listener.py took 0.025 seconds
[2023-11-20T15:22:54.325+0500] {processor.py:157} INFO - Started process (PID=10179) to work on /home/den/Projects/venv/lib/python3.10/site-packages/airflow/example_dags/plugins/event_listener.py
[2023-11-20T15:22:54.329+0500] {processor.py:829} INFO - Processing file /home/den/Projects/venv/lib/python3.10/site-packages/airflow/example_dags/plugins/event_listener.py for tasks to queue
[2023-11-20T15:22:54.337+0500] {logging_mixin.py:154} INFO - [2023-11-20T15:22:54.331+0500] {dagbag.py:536} INFO - Filling up the DagBag from /home/den/Projects/venv/lib/python3.10/site-packages/airflow/example_dags/plugins/event_listener.py
[2023-11-20T15:22:54.341+0500] {processor.py:841} WARNING - No viable dags retrieved from /home/den/Projects/venv/lib/python3.10/site-packages/airflow/example_dags/plugins/event_listener.py
[2023-11-20T15:22:54.353+0500] {processor.py:179} INFO - Processing /home/den/Projects/venv/lib/python3.10/site-packages/airflow/example_dags/plugins/event_listener.py took 0.032 seconds
[2023-11-20T15:23:34.654+0500] {processor.py:157} INFO - Started process (PID=10250) to work on /home/den/Projects/venv/lib/python3.10/site-packages/airflow/example_dags/plugins/event_listener.py
[2023-11-20T15:23:34.656+0500] {processor.py:829} INFO - Processing file /home/den/Projects/venv/lib/python3.10/site-packages/airflow/example_dags/plugins/event_listener.py for tasks to queue
[2023-11-20T15:23:34.659+0500] {logging_mixin.py:154} INFO - [2023-11-20T15:23:34.658+0500] {dagbag.py:536} INFO - Filling up the DagBag from /home/den/Projects/venv/lib/python3.10/site-packages/airflow/example_dags/plugins/event_listener.py
[2023-11-20T15:23:34.661+0500] {processor.py:841} WARNING - No viable dags retrieved from /home/den/Projects/venv/lib/python3.10/site-packages/airflow/example_dags/plugins/event_listener.py
[2023-11-20T15:23:34.670+0500] {processor.py:179} INFO - Processing /home/den/Projects/venv/lib/python3.10/site-packages/airflow/example_dags/plugins/event_listener.py took 0.020 seconds
