[2023-11-20T14:39:11.204+0500] {processor.py:157} INFO - Started process (PID=4582) to work on /home/den/Projects/venv/lib/python3.10/site-packages/airflow/example_dags/plugins/listener_plugin.py
[2023-11-20T14:39:11.205+0500] {processor.py:829} INFO - Processing file /home/den/Projects/venv/lib/python3.10/site-packages/airflow/example_dags/plugins/listener_plugin.py for tasks to queue
[2023-11-20T14:39:11.206+0500] {logging_mixin.py:154} INFO - [2023-11-20T14:39:11.205+0500] {dagbag.py:536} INFO - Filling up the DagBag from /home/den/Projects/venv/lib/python3.10/site-packages/airflow/example_dags/plugins/listener_plugin.py
[2023-11-20T14:39:11.208+0500] {processor.py:841} WARNING - No viable dags retrieved from /home/den/Projects/venv/lib/python3.10/site-packages/airflow/example_dags/plugins/listener_plugin.py
[2023-11-20T14:39:11.215+0500] {processor.py:179} INFO - Processing /home/den/Projects/venv/lib/python3.10/site-packages/airflow/example_dags/plugins/listener_plugin.py took 0.013 seconds
[2023-11-20T14:40:06.900+0500] {processor.py:157} INFO - Started process (PID=5256) to work on /home/den/Projects/venv/lib/python3.10/site-packages/airflow/example_dags/plugins/listener_plugin.py
[2023-11-20T14:40:06.908+0500] {processor.py:829} INFO - Processing file /home/den/Projects/venv/lib/python3.10/site-packages/airflow/example_dags/plugins/listener_plugin.py for tasks to queue
[2023-11-20T14:40:06.909+0500] {logging_mixin.py:154} INFO - [2023-11-20T14:40:06.909+0500] {dagbag.py:536} INFO - Filling up the DagBag from /home/den/Projects/venv/lib/python3.10/site-packages/airflow/example_dags/plugins/listener_plugin.py
[2023-11-20T14:40:06.919+0500] {processor.py:841} WARNING - No viable dags retrieved from /home/den/Projects/venv/lib/python3.10/site-packages/airflow/example_dags/plugins/listener_plugin.py
[2023-11-20T14:40:06.932+0500] {processor.py:179} INFO - Processing /home/den/Projects/venv/lib/python3.10/site-packages/airflow/example_dags/plugins/listener_plugin.py took 0.035 seconds
[2023-11-20T14:40:44.339+0500] {processor.py:157} INFO - Started process (PID=5340) to work on /home/den/Projects/venv/lib/python3.10/site-packages/airflow/example_dags/plugins/listener_plugin.py
[2023-11-20T14:40:44.341+0500] {processor.py:829} INFO - Processing file /home/den/Projects/venv/lib/python3.10/site-packages/airflow/example_dags/plugins/listener_plugin.py for tasks to queue
[2023-11-20T14:40:44.342+0500] {logging_mixin.py:154} INFO - [2023-11-20T14:40:44.341+0500] {dagbag.py:536} INFO - Filling up the DagBag from /home/den/Projects/venv/lib/python3.10/site-packages/airflow/example_dags/plugins/listener_plugin.py
[2023-11-20T14:40:44.344+0500] {processor.py:841} WARNING - No viable dags retrieved from /home/den/Projects/venv/lib/python3.10/site-packages/airflow/example_dags/plugins/listener_plugin.py
[2023-11-20T14:40:44.351+0500] {processor.py:179} INFO - Processing /home/den/Projects/venv/lib/python3.10/site-packages/airflow/example_dags/plugins/listener_plugin.py took 0.014 seconds
[2023-11-20T14:49:40.958+0500] {processor.py:157} INFO - Started process (PID=6324) to work on /home/den/Projects/venv/lib/python3.10/site-packages/airflow/example_dags/plugins/listener_plugin.py
[2023-11-20T14:49:40.959+0500] {processor.py:829} INFO - Processing file /home/den/Projects/venv/lib/python3.10/site-packages/airflow/example_dags/plugins/listener_plugin.py for tasks to queue
[2023-11-20T14:49:40.959+0500] {logging_mixin.py:154} INFO - [2023-11-20T14:49:40.959+0500] {dagbag.py:536} INFO - Filling up the DagBag from /home/den/Projects/venv/lib/python3.10/site-packages/airflow/example_dags/plugins/listener_plugin.py
[2023-11-20T14:49:40.961+0500] {processor.py:841} WARNING - No viable dags retrieved from /home/den/Projects/venv/lib/python3.10/site-packages/airflow/example_dags/plugins/listener_plugin.py
[2023-11-20T14:49:40.970+0500] {processor.py:179} INFO - Processing /home/den/Projects/venv/lib/python3.10/site-packages/airflow/example_dags/plugins/listener_plugin.py took 0.016 seconds
[2023-11-20T14:50:31.303+0500] {processor.py:157} INFO - Started process (PID=6539) to work on /home/den/Projects/venv/lib/python3.10/site-packages/airflow/example_dags/plugins/listener_plugin.py
[2023-11-20T14:50:31.305+0500] {processor.py:829} INFO - Processing file /home/den/Projects/venv/lib/python3.10/site-packages/airflow/example_dags/plugins/listener_plugin.py for tasks to queue
[2023-11-20T14:50:31.306+0500] {logging_mixin.py:154} INFO - [2023-11-20T14:50:31.305+0500] {dagbag.py:536} INFO - Filling up the DagBag from /home/den/Projects/venv/lib/python3.10/site-packages/airflow/example_dags/plugins/listener_plugin.py
[2023-11-20T14:50:31.311+0500] {processor.py:841} WARNING - No viable dags retrieved from /home/den/Projects/venv/lib/python3.10/site-packages/airflow/example_dags/plugins/listener_plugin.py
[2023-11-20T14:50:31.318+0500] {processor.py:179} INFO - Processing /home/den/Projects/venv/lib/python3.10/site-packages/airflow/example_dags/plugins/listener_plugin.py took 0.018 seconds
[2023-11-20T14:51:09.787+0500] {processor.py:157} INFO - Started process (PID=6589) to work on /home/den/Projects/venv/lib/python3.10/site-packages/airflow/example_dags/plugins/listener_plugin.py
[2023-11-20T14:51:09.789+0500] {processor.py:829} INFO - Processing file /home/den/Projects/venv/lib/python3.10/site-packages/airflow/example_dags/plugins/listener_plugin.py for tasks to queue
[2023-11-20T14:51:09.792+0500] {logging_mixin.py:154} INFO - [2023-11-20T14:51:09.789+0500] {dagbag.py:536} INFO - Filling up the DagBag from /home/den/Projects/venv/lib/python3.10/site-packages/airflow/example_dags/plugins/listener_plugin.py
[2023-11-20T14:51:09.797+0500] {processor.py:841} WARNING - No viable dags retrieved from /home/den/Projects/venv/lib/python3.10/site-packages/airflow/example_dags/plugins/listener_plugin.py
[2023-11-20T14:51:09.808+0500] {processor.py:179} INFO - Processing /home/den/Projects/venv/lib/python3.10/site-packages/airflow/example_dags/plugins/listener_plugin.py took 0.024 seconds
[2023-11-20T14:51:44.388+0500] {processor.py:157} INFO - Started process (PID=6667) to work on /home/den/Projects/venv/lib/python3.10/site-packages/airflow/example_dags/plugins/listener_plugin.py
[2023-11-20T14:51:44.389+0500] {processor.py:829} INFO - Processing file /home/den/Projects/venv/lib/python3.10/site-packages/airflow/example_dags/plugins/listener_plugin.py for tasks to queue
[2023-11-20T14:51:44.390+0500] {logging_mixin.py:154} INFO - [2023-11-20T14:51:44.389+0500] {dagbag.py:536} INFO - Filling up the DagBag from /home/den/Projects/venv/lib/python3.10/site-packages/airflow/example_dags/plugins/listener_plugin.py
[2023-11-20T14:51:44.393+0500] {processor.py:841} WARNING - No viable dags retrieved from /home/den/Projects/venv/lib/python3.10/site-packages/airflow/example_dags/plugins/listener_plugin.py
[2023-11-20T14:51:44.405+0500] {processor.py:179} INFO - Processing /home/den/Projects/venv/lib/python3.10/site-packages/airflow/example_dags/plugins/listener_plugin.py took 0.020 seconds
[2023-11-20T14:52:19.612+0500] {processor.py:157} INFO - Started process (PID=6757) to work on /home/den/Projects/venv/lib/python3.10/site-packages/airflow/example_dags/plugins/listener_plugin.py
[2023-11-20T14:52:19.614+0500] {processor.py:829} INFO - Processing file /home/den/Projects/venv/lib/python3.10/site-packages/airflow/example_dags/plugins/listener_plugin.py for tasks to queue
[2023-11-20T14:52:19.618+0500] {logging_mixin.py:154} INFO - [2023-11-20T14:52:19.614+0500] {dagbag.py:536} INFO - Filling up the DagBag from /home/den/Projects/venv/lib/python3.10/site-packages/airflow/example_dags/plugins/listener_plugin.py
[2023-11-20T14:52:19.624+0500] {processor.py:841} WARNING - No viable dags retrieved from /home/den/Projects/venv/lib/python3.10/site-packages/airflow/example_dags/plugins/listener_plugin.py
[2023-11-20T14:52:19.633+0500] {processor.py:179} INFO - Processing /home/den/Projects/venv/lib/python3.10/site-packages/airflow/example_dags/plugins/listener_plugin.py took 0.023 seconds
[2023-11-20T14:52:56.629+0500] {processor.py:157} INFO - Started process (PID=6816) to work on /home/den/Projects/venv/lib/python3.10/site-packages/airflow/example_dags/plugins/listener_plugin.py
[2023-11-20T14:52:56.631+0500] {processor.py:829} INFO - Processing file /home/den/Projects/venv/lib/python3.10/site-packages/airflow/example_dags/plugins/listener_plugin.py for tasks to queue
[2023-11-20T14:52:56.631+0500] {logging_mixin.py:154} INFO - [2023-11-20T14:52:56.631+0500] {dagbag.py:536} INFO - Filling up the DagBag from /home/den/Projects/venv/lib/python3.10/site-packages/airflow/example_dags/plugins/listener_plugin.py
[2023-11-20T14:52:56.633+0500] {processor.py:841} WARNING - No viable dags retrieved from /home/den/Projects/venv/lib/python3.10/site-packages/airflow/example_dags/plugins/listener_plugin.py
[2023-11-20T14:52:56.640+0500] {processor.py:179} INFO - Processing /home/den/Projects/venv/lib/python3.10/site-packages/airflow/example_dags/plugins/listener_plugin.py took 0.013 seconds
[2023-11-20T14:54:33.180+0500] {processor.py:157} INFO - Started process (PID=7464) to work on /home/den/Projects/venv/lib/python3.10/site-packages/airflow/example_dags/plugins/listener_plugin.py
[2023-11-20T14:54:33.182+0500] {processor.py:829} INFO - Processing file /home/den/Projects/venv/lib/python3.10/site-packages/airflow/example_dags/plugins/listener_plugin.py for tasks to queue
[2023-11-20T14:54:33.182+0500] {logging_mixin.py:154} INFO - [2023-11-20T14:54:33.182+0500] {dagbag.py:536} INFO - Filling up the DagBag from /home/den/Projects/venv/lib/python3.10/site-packages/airflow/example_dags/plugins/listener_plugin.py
[2023-11-20T14:54:33.187+0500] {processor.py:841} WARNING - No viable dags retrieved from /home/den/Projects/venv/lib/python3.10/site-packages/airflow/example_dags/plugins/listener_plugin.py
[2023-11-20T14:54:33.194+0500] {processor.py:179} INFO - Processing /home/den/Projects/venv/lib/python3.10/site-packages/airflow/example_dags/plugins/listener_plugin.py took 0.016 seconds
[2023-11-20T14:57:15.951+0500] {processor.py:157} INFO - Started process (PID=7632) to work on /home/den/Projects/venv/lib/python3.10/site-packages/airflow/example_dags/plugins/listener_plugin.py
[2023-11-20T14:57:15.954+0500] {processor.py:829} INFO - Processing file /home/den/Projects/venv/lib/python3.10/site-packages/airflow/example_dags/plugins/listener_plugin.py for tasks to queue
[2023-11-20T14:57:15.954+0500] {logging_mixin.py:154} INFO - [2023-11-20T14:57:15.954+0500] {dagbag.py:536} INFO - Filling up the DagBag from /home/den/Projects/venv/lib/python3.10/site-packages/airflow/example_dags/plugins/listener_plugin.py
[2023-11-20T14:57:15.958+0500] {processor.py:841} WARNING - No viable dags retrieved from /home/den/Projects/venv/lib/python3.10/site-packages/airflow/example_dags/plugins/listener_plugin.py
[2023-11-20T14:57:15.967+0500] {processor.py:179} INFO - Processing /home/den/Projects/venv/lib/python3.10/site-packages/airflow/example_dags/plugins/listener_plugin.py took 0.019 seconds
[2023-11-20T14:58:02.101+0500] {processor.py:157} INFO - Started process (PID=7720) to work on /home/den/Projects/venv/lib/python3.10/site-packages/airflow/example_dags/plugins/listener_plugin.py
[2023-11-20T14:58:02.103+0500] {processor.py:829} INFO - Processing file /home/den/Projects/venv/lib/python3.10/site-packages/airflow/example_dags/plugins/listener_plugin.py for tasks to queue
[2023-11-20T14:58:02.104+0500] {logging_mixin.py:154} INFO - [2023-11-20T14:58:02.104+0500] {dagbag.py:536} INFO - Filling up the DagBag from /home/den/Projects/venv/lib/python3.10/site-packages/airflow/example_dags/plugins/listener_plugin.py
[2023-11-20T14:58:02.108+0500] {processor.py:841} WARNING - No viable dags retrieved from /home/den/Projects/venv/lib/python3.10/site-packages/airflow/example_dags/plugins/listener_plugin.py
[2023-11-20T14:58:02.121+0500] {processor.py:179} INFO - Processing /home/den/Projects/venv/lib/python3.10/site-packages/airflow/example_dags/plugins/listener_plugin.py took 0.024 seconds
[2023-11-20T14:58:49.071+0500] {processor.py:157} INFO - Started process (PID=7801) to work on /home/den/Projects/venv/lib/python3.10/site-packages/airflow/example_dags/plugins/listener_plugin.py
[2023-11-20T14:58:49.072+0500] {processor.py:829} INFO - Processing file /home/den/Projects/venv/lib/python3.10/site-packages/airflow/example_dags/plugins/listener_plugin.py for tasks to queue
[2023-11-20T14:58:49.072+0500] {logging_mixin.py:154} INFO - [2023-11-20T14:58:49.072+0500] {dagbag.py:536} INFO - Filling up the DagBag from /home/den/Projects/venv/lib/python3.10/site-packages/airflow/example_dags/plugins/listener_plugin.py
[2023-11-20T14:58:49.075+0500] {processor.py:841} WARNING - No viable dags retrieved from /home/den/Projects/venv/lib/python3.10/site-packages/airflow/example_dags/plugins/listener_plugin.py
[2023-11-20T14:58:49.082+0500] {processor.py:179} INFO - Processing /home/den/Projects/venv/lib/python3.10/site-packages/airflow/example_dags/plugins/listener_plugin.py took 0.015 seconds
[2023-11-20T14:59:21.534+0500] {processor.py:157} INFO - Started process (PID=7846) to work on /home/den/Projects/venv/lib/python3.10/site-packages/airflow/example_dags/plugins/listener_plugin.py
[2023-11-20T14:59:21.535+0500] {processor.py:829} INFO - Processing file /home/den/Projects/venv/lib/python3.10/site-packages/airflow/example_dags/plugins/listener_plugin.py for tasks to queue
[2023-11-20T14:59:21.536+0500] {logging_mixin.py:154} INFO - [2023-11-20T14:59:21.536+0500] {dagbag.py:536} INFO - Filling up the DagBag from /home/den/Projects/venv/lib/python3.10/site-packages/airflow/example_dags/plugins/listener_plugin.py
[2023-11-20T14:59:21.538+0500] {processor.py:841} WARNING - No viable dags retrieved from /home/den/Projects/venv/lib/python3.10/site-packages/airflow/example_dags/plugins/listener_plugin.py
[2023-11-20T14:59:21.547+0500] {processor.py:179} INFO - Processing /home/den/Projects/venv/lib/python3.10/site-packages/airflow/example_dags/plugins/listener_plugin.py took 0.015 seconds
[2023-11-20T14:59:55.180+0500] {processor.py:157} INFO - Started process (PID=7917) to work on /home/den/Projects/venv/lib/python3.10/site-packages/airflow/example_dags/plugins/listener_plugin.py
[2023-11-20T14:59:55.189+0500] {processor.py:829} INFO - Processing file /home/den/Projects/venv/lib/python3.10/site-packages/airflow/example_dags/plugins/listener_plugin.py for tasks to queue
[2023-11-20T14:59:55.190+0500] {logging_mixin.py:154} INFO - [2023-11-20T14:59:55.190+0500] {dagbag.py:536} INFO - Filling up the DagBag from /home/den/Projects/venv/lib/python3.10/site-packages/airflow/example_dags/plugins/listener_plugin.py
[2023-11-20T14:59:55.193+0500] {processor.py:841} WARNING - No viable dags retrieved from /home/den/Projects/venv/lib/python3.10/site-packages/airflow/example_dags/plugins/listener_plugin.py
[2023-11-20T14:59:55.201+0500] {processor.py:179} INFO - Processing /home/den/Projects/venv/lib/python3.10/site-packages/airflow/example_dags/plugins/listener_plugin.py took 0.023 seconds
[2023-11-20T15:00:30.805+0500] {processor.py:157} INFO - Started process (PID=7964) to work on /home/den/Projects/venv/lib/python3.10/site-packages/airflow/example_dags/plugins/listener_plugin.py
[2023-11-20T15:00:30.806+0500] {processor.py:829} INFO - Processing file /home/den/Projects/venv/lib/python3.10/site-packages/airflow/example_dags/plugins/listener_plugin.py for tasks to queue
[2023-11-20T15:00:30.807+0500] {logging_mixin.py:154} INFO - [2023-11-20T15:00:30.806+0500] {dagbag.py:536} INFO - Filling up the DagBag from /home/den/Projects/venv/lib/python3.10/site-packages/airflow/example_dags/plugins/listener_plugin.py
[2023-11-20T15:00:30.809+0500] {processor.py:841} WARNING - No viable dags retrieved from /home/den/Projects/venv/lib/python3.10/site-packages/airflow/example_dags/plugins/listener_plugin.py
[2023-11-20T15:00:30.816+0500] {processor.py:179} INFO - Processing /home/den/Projects/venv/lib/python3.10/site-packages/airflow/example_dags/plugins/listener_plugin.py took 0.015 seconds
[2023-11-20T15:01:06.202+0500] {processor.py:157} INFO - Started process (PID=8012) to work on /home/den/Projects/venv/lib/python3.10/site-packages/airflow/example_dags/plugins/listener_plugin.py
[2023-11-20T15:01:06.204+0500] {processor.py:829} INFO - Processing file /home/den/Projects/venv/lib/python3.10/site-packages/airflow/example_dags/plugins/listener_plugin.py for tasks to queue
[2023-11-20T15:01:06.204+0500] {logging_mixin.py:154} INFO - [2023-11-20T15:01:06.204+0500] {dagbag.py:536} INFO - Filling up the DagBag from /home/den/Projects/venv/lib/python3.10/site-packages/airflow/example_dags/plugins/listener_plugin.py
[2023-11-20T15:01:06.206+0500] {processor.py:841} WARNING - No viable dags retrieved from /home/den/Projects/venv/lib/python3.10/site-packages/airflow/example_dags/plugins/listener_plugin.py
[2023-11-20T15:01:06.214+0500] {processor.py:179} INFO - Processing /home/den/Projects/venv/lib/python3.10/site-packages/airflow/example_dags/plugins/listener_plugin.py took 0.015 seconds
[2023-11-20T15:01:54.061+0500] {processor.py:157} INFO - Started process (PID=8115) to work on /home/den/Projects/venv/lib/python3.10/site-packages/airflow/example_dags/plugins/listener_plugin.py
[2023-11-20T15:01:54.072+0500] {processor.py:829} INFO - Processing file /home/den/Projects/venv/lib/python3.10/site-packages/airflow/example_dags/plugins/listener_plugin.py for tasks to queue
[2023-11-20T15:01:54.073+0500] {logging_mixin.py:154} INFO - [2023-11-20T15:01:54.073+0500] {dagbag.py:536} INFO - Filling up the DagBag from /home/den/Projects/venv/lib/python3.10/site-packages/airflow/example_dags/plugins/listener_plugin.py
[2023-11-20T15:01:54.095+0500] {processor.py:841} WARNING - No viable dags retrieved from /home/den/Projects/venv/lib/python3.10/site-packages/airflow/example_dags/plugins/listener_plugin.py
[2023-11-20T15:01:54.109+0500] {processor.py:179} INFO - Processing /home/den/Projects/venv/lib/python3.10/site-packages/airflow/example_dags/plugins/listener_plugin.py took 0.050 seconds
[2023-11-20T15:03:03.969+0500] {processor.py:157} INFO - Started process (PID=8210) to work on /home/den/Projects/venv/lib/python3.10/site-packages/airflow/example_dags/plugins/listener_plugin.py
[2023-11-20T15:03:03.984+0500] {processor.py:829} INFO - Processing file /home/den/Projects/venv/lib/python3.10/site-packages/airflow/example_dags/plugins/listener_plugin.py for tasks to queue
[2023-11-20T15:03:03.985+0500] {logging_mixin.py:154} INFO - [2023-11-20T15:03:03.985+0500] {dagbag.py:536} INFO - Filling up the DagBag from /home/den/Projects/venv/lib/python3.10/site-packages/airflow/example_dags/plugins/listener_plugin.py
[2023-11-20T15:03:03.990+0500] {processor.py:841} WARNING - No viable dags retrieved from /home/den/Projects/venv/lib/python3.10/site-packages/airflow/example_dags/plugins/listener_plugin.py
[2023-11-20T15:03:04.003+0500] {processor.py:179} INFO - Processing /home/den/Projects/venv/lib/python3.10/site-packages/airflow/example_dags/plugins/listener_plugin.py took 0.038 seconds
[2023-11-20T15:03:43.235+0500] {processor.py:157} INFO - Started process (PID=8281) to work on /home/den/Projects/venv/lib/python3.10/site-packages/airflow/example_dags/plugins/listener_plugin.py
[2023-11-20T15:03:43.237+0500] {processor.py:829} INFO - Processing file /home/den/Projects/venv/lib/python3.10/site-packages/airflow/example_dags/plugins/listener_plugin.py for tasks to queue
[2023-11-20T15:03:43.239+0500] {logging_mixin.py:154} INFO - [2023-11-20T15:03:43.239+0500] {dagbag.py:536} INFO - Filling up the DagBag from /home/den/Projects/venv/lib/python3.10/site-packages/airflow/example_dags/plugins/listener_plugin.py
[2023-11-20T15:03:43.243+0500] {processor.py:841} WARNING - No viable dags retrieved from /home/den/Projects/venv/lib/python3.10/site-packages/airflow/example_dags/plugins/listener_plugin.py
[2023-11-20T15:03:43.262+0500] {processor.py:179} INFO - Processing /home/den/Projects/venv/lib/python3.10/site-packages/airflow/example_dags/plugins/listener_plugin.py took 0.031 seconds
[2023-11-20T15:04:22.219+0500] {processor.py:157} INFO - Started process (PID=8364) to work on /home/den/Projects/venv/lib/python3.10/site-packages/airflow/example_dags/plugins/listener_plugin.py
[2023-11-20T15:04:22.222+0500] {processor.py:829} INFO - Processing file /home/den/Projects/venv/lib/python3.10/site-packages/airflow/example_dags/plugins/listener_plugin.py for tasks to queue
[2023-11-20T15:04:22.223+0500] {logging_mixin.py:154} INFO - [2023-11-20T15:04:22.223+0500] {dagbag.py:536} INFO - Filling up the DagBag from /home/den/Projects/venv/lib/python3.10/site-packages/airflow/example_dags/plugins/listener_plugin.py
[2023-11-20T15:04:22.233+0500] {processor.py:841} WARNING - No viable dags retrieved from /home/den/Projects/venv/lib/python3.10/site-packages/airflow/example_dags/plugins/listener_plugin.py
[2023-11-20T15:04:22.242+0500] {processor.py:179} INFO - Processing /home/den/Projects/venv/lib/python3.10/site-packages/airflow/example_dags/plugins/listener_plugin.py took 0.028 seconds
[2023-11-20T15:04:57.914+0500] {processor.py:157} INFO - Started process (PID=8410) to work on /home/den/Projects/venv/lib/python3.10/site-packages/airflow/example_dags/plugins/listener_plugin.py
[2023-11-20T15:04:57.916+0500] {processor.py:829} INFO - Processing file /home/den/Projects/venv/lib/python3.10/site-packages/airflow/example_dags/plugins/listener_plugin.py for tasks to queue
[2023-11-20T15:04:57.917+0500] {logging_mixin.py:154} INFO - [2023-11-20T15:04:57.916+0500] {dagbag.py:536} INFO - Filling up the DagBag from /home/den/Projects/venv/lib/python3.10/site-packages/airflow/example_dags/plugins/listener_plugin.py
[2023-11-20T15:04:57.919+0500] {processor.py:841} WARNING - No viable dags retrieved from /home/den/Projects/venv/lib/python3.10/site-packages/airflow/example_dags/plugins/listener_plugin.py
[2023-11-20T15:04:57.935+0500] {processor.py:179} INFO - Processing /home/den/Projects/venv/lib/python3.10/site-packages/airflow/example_dags/plugins/listener_plugin.py took 0.025 seconds
[2023-11-20T15:05:38.770+0500] {processor.py:157} INFO - Started process (PID=8462) to work on /home/den/Projects/venv/lib/python3.10/site-packages/airflow/example_dags/plugins/listener_plugin.py
[2023-11-20T15:05:38.772+0500] {processor.py:829} INFO - Processing file /home/den/Projects/venv/lib/python3.10/site-packages/airflow/example_dags/plugins/listener_plugin.py for tasks to queue
[2023-11-20T15:05:38.773+0500] {logging_mixin.py:154} INFO - [2023-11-20T15:05:38.772+0500] {dagbag.py:536} INFO - Filling up the DagBag from /home/den/Projects/venv/lib/python3.10/site-packages/airflow/example_dags/plugins/listener_plugin.py
[2023-11-20T15:05:38.778+0500] {processor.py:841} WARNING - No viable dags retrieved from /home/den/Projects/venv/lib/python3.10/site-packages/airflow/example_dags/plugins/listener_plugin.py
[2023-11-20T15:05:38.799+0500] {processor.py:179} INFO - Processing /home/den/Projects/venv/lib/python3.10/site-packages/airflow/example_dags/plugins/listener_plugin.py took 0.034 seconds
[2023-11-20T15:06:15.589+0500] {processor.py:157} INFO - Started process (PID=8534) to work on /home/den/Projects/venv/lib/python3.10/site-packages/airflow/example_dags/plugins/listener_plugin.py
[2023-11-20T15:06:15.597+0500] {processor.py:829} INFO - Processing file /home/den/Projects/venv/lib/python3.10/site-packages/airflow/example_dags/plugins/listener_plugin.py for tasks to queue
[2023-11-20T15:06:15.603+0500] {logging_mixin.py:154} INFO - [2023-11-20T15:06:15.598+0500] {dagbag.py:536} INFO - Filling up the DagBag from /home/den/Projects/venv/lib/python3.10/site-packages/airflow/example_dags/plugins/listener_plugin.py
[2023-11-20T15:06:15.609+0500] {processor.py:841} WARNING - No viable dags retrieved from /home/den/Projects/venv/lib/python3.10/site-packages/airflow/example_dags/plugins/listener_plugin.py
[2023-11-20T15:06:15.618+0500] {processor.py:179} INFO - Processing /home/den/Projects/venv/lib/python3.10/site-packages/airflow/example_dags/plugins/listener_plugin.py took 0.039 seconds
[2023-11-20T15:06:53.133+0500] {processor.py:157} INFO - Started process (PID=8593) to work on /home/den/Projects/venv/lib/python3.10/site-packages/airflow/example_dags/plugins/listener_plugin.py
[2023-11-20T15:06:53.137+0500] {processor.py:829} INFO - Processing file /home/den/Projects/venv/lib/python3.10/site-packages/airflow/example_dags/plugins/listener_plugin.py for tasks to queue
[2023-11-20T15:06:53.138+0500] {logging_mixin.py:154} INFO - [2023-11-20T15:06:53.138+0500] {dagbag.py:536} INFO - Filling up the DagBag from /home/den/Projects/venv/lib/python3.10/site-packages/airflow/example_dags/plugins/listener_plugin.py
[2023-11-20T15:06:53.143+0500] {processor.py:841} WARNING - No viable dags retrieved from /home/den/Projects/venv/lib/python3.10/site-packages/airflow/example_dags/plugins/listener_plugin.py
[2023-11-20T15:06:53.160+0500] {processor.py:179} INFO - Processing /home/den/Projects/venv/lib/python3.10/site-packages/airflow/example_dags/plugins/listener_plugin.py took 0.031 seconds
[2023-11-20T15:07:35.911+0500] {processor.py:157} INFO - Started process (PID=8654) to work on /home/den/Projects/venv/lib/python3.10/site-packages/airflow/example_dags/plugins/listener_plugin.py
[2023-11-20T15:07:35.918+0500] {processor.py:829} INFO - Processing file /home/den/Projects/venv/lib/python3.10/site-packages/airflow/example_dags/plugins/listener_plugin.py for tasks to queue
[2023-11-20T15:07:35.922+0500] {logging_mixin.py:154} INFO - [2023-11-20T15:07:35.919+0500] {dagbag.py:536} INFO - Filling up the DagBag from /home/den/Projects/venv/lib/python3.10/site-packages/airflow/example_dags/plugins/listener_plugin.py
[2023-11-20T15:07:35.931+0500] {processor.py:841} WARNING - No viable dags retrieved from /home/den/Projects/venv/lib/python3.10/site-packages/airflow/example_dags/plugins/listener_plugin.py
[2023-11-20T15:07:35.944+0500] {processor.py:179} INFO - Processing /home/den/Projects/venv/lib/python3.10/site-packages/airflow/example_dags/plugins/listener_plugin.py took 0.036 seconds
[2023-11-20T15:08:22.914+0500] {processor.py:157} INFO - Started process (PID=8751) to work on /home/den/Projects/venv/lib/python3.10/site-packages/airflow/example_dags/plugins/listener_plugin.py
[2023-11-20T15:08:22.916+0500] {processor.py:829} INFO - Processing file /home/den/Projects/venv/lib/python3.10/site-packages/airflow/example_dags/plugins/listener_plugin.py for tasks to queue
[2023-11-20T15:08:22.918+0500] {logging_mixin.py:154} INFO - [2023-11-20T15:08:22.917+0500] {dagbag.py:536} INFO - Filling up the DagBag from /home/den/Projects/venv/lib/python3.10/site-packages/airflow/example_dags/plugins/listener_plugin.py
[2023-11-20T15:08:22.929+0500] {processor.py:841} WARNING - No viable dags retrieved from /home/den/Projects/venv/lib/python3.10/site-packages/airflow/example_dags/plugins/listener_plugin.py
[2023-11-20T15:08:22.943+0500] {processor.py:179} INFO - Processing /home/den/Projects/venv/lib/python3.10/site-packages/airflow/example_dags/plugins/listener_plugin.py took 0.033 seconds
[2023-11-20T15:09:06.029+0500] {processor.py:157} INFO - Started process (PID=8806) to work on /home/den/Projects/venv/lib/python3.10/site-packages/airflow/example_dags/plugins/listener_plugin.py
[2023-11-20T15:09:06.033+0500] {processor.py:829} INFO - Processing file /home/den/Projects/venv/lib/python3.10/site-packages/airflow/example_dags/plugins/listener_plugin.py for tasks to queue
[2023-11-20T15:09:06.034+0500] {logging_mixin.py:154} INFO - [2023-11-20T15:09:06.034+0500] {dagbag.py:536} INFO - Filling up the DagBag from /home/den/Projects/venv/lib/python3.10/site-packages/airflow/example_dags/plugins/listener_plugin.py
[2023-11-20T15:09:06.037+0500] {processor.py:841} WARNING - No viable dags retrieved from /home/den/Projects/venv/lib/python3.10/site-packages/airflow/example_dags/plugins/listener_plugin.py
[2023-11-20T15:09:06.055+0500] {processor.py:179} INFO - Processing /home/den/Projects/venv/lib/python3.10/site-packages/airflow/example_dags/plugins/listener_plugin.py took 0.030 seconds
[2023-11-20T15:09:44.109+0500] {processor.py:157} INFO - Started process (PID=8855) to work on /home/den/Projects/venv/lib/python3.10/site-packages/airflow/example_dags/plugins/listener_plugin.py
[2023-11-20T15:09:44.117+0500] {processor.py:829} INFO - Processing file /home/den/Projects/venv/lib/python3.10/site-packages/airflow/example_dags/plugins/listener_plugin.py for tasks to queue
[2023-11-20T15:09:44.120+0500] {logging_mixin.py:154} INFO - [2023-11-20T15:09:44.117+0500] {dagbag.py:536} INFO - Filling up the DagBag from /home/den/Projects/venv/lib/python3.10/site-packages/airflow/example_dags/plugins/listener_plugin.py
[2023-11-20T15:09:44.126+0500] {processor.py:841} WARNING - No viable dags retrieved from /home/den/Projects/venv/lib/python3.10/site-packages/airflow/example_dags/plugins/listener_plugin.py
[2023-11-20T15:09:44.142+0500] {processor.py:179} INFO - Processing /home/den/Projects/venv/lib/python3.10/site-packages/airflow/example_dags/plugins/listener_plugin.py took 0.038 seconds
[2023-11-20T15:10:28.065+0500] {processor.py:157} INFO - Started process (PID=8940) to work on /home/den/Projects/venv/lib/python3.10/site-packages/airflow/example_dags/plugins/listener_plugin.py
[2023-11-20T15:10:28.072+0500] {processor.py:829} INFO - Processing file /home/den/Projects/venv/lib/python3.10/site-packages/airflow/example_dags/plugins/listener_plugin.py for tasks to queue
[2023-11-20T15:10:28.074+0500] {logging_mixin.py:154} INFO - [2023-11-20T15:10:28.073+0500] {dagbag.py:536} INFO - Filling up the DagBag from /home/den/Projects/venv/lib/python3.10/site-packages/airflow/example_dags/plugins/listener_plugin.py
[2023-11-20T15:10:28.080+0500] {processor.py:841} WARNING - No viable dags retrieved from /home/den/Projects/venv/lib/python3.10/site-packages/airflow/example_dags/plugins/listener_plugin.py
[2023-11-20T15:10:28.092+0500] {processor.py:179} INFO - Processing /home/den/Projects/venv/lib/python3.10/site-packages/airflow/example_dags/plugins/listener_plugin.py took 0.038 seconds
[2023-11-20T15:11:04.269+0500] {processor.py:157} INFO - Started process (PID=8987) to work on /home/den/Projects/venv/lib/python3.10/site-packages/airflow/example_dags/plugins/listener_plugin.py
[2023-11-20T15:11:04.272+0500] {processor.py:829} INFO - Processing file /home/den/Projects/venv/lib/python3.10/site-packages/airflow/example_dags/plugins/listener_plugin.py for tasks to queue
[2023-11-20T15:11:04.273+0500] {logging_mixin.py:154} INFO - [2023-11-20T15:11:04.272+0500] {dagbag.py:536} INFO - Filling up the DagBag from /home/den/Projects/venv/lib/python3.10/site-packages/airflow/example_dags/plugins/listener_plugin.py
[2023-11-20T15:11:04.276+0500] {processor.py:841} WARNING - No viable dags retrieved from /home/den/Projects/venv/lib/python3.10/site-packages/airflow/example_dags/plugins/listener_plugin.py
[2023-11-20T15:11:04.290+0500] {processor.py:179} INFO - Processing /home/den/Projects/venv/lib/python3.10/site-packages/airflow/example_dags/plugins/listener_plugin.py took 0.027 seconds
[2023-11-20T15:11:51.399+0500] {processor.py:157} INFO - Started process (PID=9079) to work on /home/den/Projects/venv/lib/python3.10/site-packages/airflow/example_dags/plugins/listener_plugin.py
[2023-11-20T15:11:51.406+0500] {processor.py:829} INFO - Processing file /home/den/Projects/venv/lib/python3.10/site-packages/airflow/example_dags/plugins/listener_plugin.py for tasks to queue
[2023-11-20T15:11:51.408+0500] {logging_mixin.py:154} INFO - [2023-11-20T15:11:51.407+0500] {dagbag.py:536} INFO - Filling up the DagBag from /home/den/Projects/venv/lib/python3.10/site-packages/airflow/example_dags/plugins/listener_plugin.py
[2023-11-20T15:11:51.412+0500] {processor.py:841} WARNING - No viable dags retrieved from /home/den/Projects/venv/lib/python3.10/site-packages/airflow/example_dags/plugins/listener_plugin.py
[2023-11-20T15:11:51.426+0500] {processor.py:179} INFO - Processing /home/den/Projects/venv/lib/python3.10/site-packages/airflow/example_dags/plugins/listener_plugin.py took 0.033 seconds
[2023-11-20T15:12:29.046+0500] {processor.py:157} INFO - Started process (PID=9128) to work on /home/den/Projects/venv/lib/python3.10/site-packages/airflow/example_dags/plugins/listener_plugin.py
[2023-11-20T15:12:29.050+0500] {processor.py:829} INFO - Processing file /home/den/Projects/venv/lib/python3.10/site-packages/airflow/example_dags/plugins/listener_plugin.py for tasks to queue
[2023-11-20T15:12:29.051+0500] {logging_mixin.py:154} INFO - [2023-11-20T15:12:29.051+0500] {dagbag.py:536} INFO - Filling up the DagBag from /home/den/Projects/venv/lib/python3.10/site-packages/airflow/example_dags/plugins/listener_plugin.py
[2023-11-20T15:12:29.055+0500] {processor.py:841} WARNING - No viable dags retrieved from /home/den/Projects/venv/lib/python3.10/site-packages/airflow/example_dags/plugins/listener_plugin.py
[2023-11-20T15:12:29.071+0500] {processor.py:179} INFO - Processing /home/den/Projects/venv/lib/python3.10/site-packages/airflow/example_dags/plugins/listener_plugin.py took 0.033 seconds
[2023-11-20T15:13:03.768+0500] {processor.py:157} INFO - Started process (PID=9172) to work on /home/den/Projects/venv/lib/python3.10/site-packages/airflow/example_dags/plugins/listener_plugin.py
[2023-11-20T15:13:03.772+0500] {processor.py:829} INFO - Processing file /home/den/Projects/venv/lib/python3.10/site-packages/airflow/example_dags/plugins/listener_plugin.py for tasks to queue
[2023-11-20T15:13:03.779+0500] {logging_mixin.py:154} INFO - [2023-11-20T15:13:03.772+0500] {dagbag.py:536} INFO - Filling up the DagBag from /home/den/Projects/venv/lib/python3.10/site-packages/airflow/example_dags/plugins/listener_plugin.py
[2023-11-20T15:13:03.785+0500] {processor.py:841} WARNING - No viable dags retrieved from /home/den/Projects/venv/lib/python3.10/site-packages/airflow/example_dags/plugins/listener_plugin.py
[2023-11-20T15:13:03.804+0500] {processor.py:179} INFO - Processing /home/den/Projects/venv/lib/python3.10/site-packages/airflow/example_dags/plugins/listener_plugin.py took 0.040 seconds
[2023-11-20T15:13:39.692+0500] {processor.py:157} INFO - Started process (PID=9225) to work on /home/den/Projects/venv/lib/python3.10/site-packages/airflow/example_dags/plugins/listener_plugin.py
[2023-11-20T15:13:39.696+0500] {processor.py:829} INFO - Processing file /home/den/Projects/venv/lib/python3.10/site-packages/airflow/example_dags/plugins/listener_plugin.py for tasks to queue
[2023-11-20T15:13:39.698+0500] {logging_mixin.py:154} INFO - [2023-11-20T15:13:39.697+0500] {dagbag.py:536} INFO - Filling up the DagBag from /home/den/Projects/venv/lib/python3.10/site-packages/airflow/example_dags/plugins/listener_plugin.py
[2023-11-20T15:13:39.701+0500] {processor.py:841} WARNING - No viable dags retrieved from /home/den/Projects/venv/lib/python3.10/site-packages/airflow/example_dags/plugins/listener_plugin.py
[2023-11-20T15:13:39.718+0500] {processor.py:179} INFO - Processing /home/den/Projects/venv/lib/python3.10/site-packages/airflow/example_dags/plugins/listener_plugin.py took 0.029 seconds
[2023-11-20T15:14:17.424+0500] {processor.py:157} INFO - Started process (PID=9302) to work on /home/den/Projects/venv/lib/python3.10/site-packages/airflow/example_dags/plugins/listener_plugin.py
[2023-11-20T15:14:17.426+0500] {processor.py:829} INFO - Processing file /home/den/Projects/venv/lib/python3.10/site-packages/airflow/example_dags/plugins/listener_plugin.py for tasks to queue
[2023-11-20T15:14:17.428+0500] {logging_mixin.py:154} INFO - [2023-11-20T15:14:17.427+0500] {dagbag.py:536} INFO - Filling up the DagBag from /home/den/Projects/venv/lib/python3.10/site-packages/airflow/example_dags/plugins/listener_plugin.py
[2023-11-20T15:14:17.433+0500] {processor.py:841} WARNING - No viable dags retrieved from /home/den/Projects/venv/lib/python3.10/site-packages/airflow/example_dags/plugins/listener_plugin.py
[2023-11-20T15:14:17.446+0500] {processor.py:179} INFO - Processing /home/den/Projects/venv/lib/python3.10/site-packages/airflow/example_dags/plugins/listener_plugin.py took 0.026 seconds
[2023-11-20T15:14:55.453+0500] {processor.py:157} INFO - Started process (PID=9359) to work on /home/den/Projects/venv/lib/python3.10/site-packages/airflow/example_dags/plugins/listener_plugin.py
[2023-11-20T15:14:55.454+0500] {processor.py:829} INFO - Processing file /home/den/Projects/venv/lib/python3.10/site-packages/airflow/example_dags/plugins/listener_plugin.py for tasks to queue
[2023-11-20T15:14:55.464+0500] {logging_mixin.py:154} INFO - [2023-11-20T15:14:55.463+0500] {dagbag.py:536} INFO - Filling up the DagBag from /home/den/Projects/venv/lib/python3.10/site-packages/airflow/example_dags/plugins/listener_plugin.py
[2023-11-20T15:14:55.466+0500] {processor.py:841} WARNING - No viable dags retrieved from /home/den/Projects/venv/lib/python3.10/site-packages/airflow/example_dags/plugins/listener_plugin.py
[2023-11-20T15:14:55.477+0500] {processor.py:179} INFO - Processing /home/den/Projects/venv/lib/python3.10/site-packages/airflow/example_dags/plugins/listener_plugin.py took 0.030 seconds
[2023-11-20T15:15:29.733+0500] {processor.py:157} INFO - Started process (PID=9411) to work on /home/den/Projects/venv/lib/python3.10/site-packages/airflow/example_dags/plugins/listener_plugin.py
[2023-11-20T15:15:29.734+0500] {processor.py:829} INFO - Processing file /home/den/Projects/venv/lib/python3.10/site-packages/airflow/example_dags/plugins/listener_plugin.py for tasks to queue
[2023-11-20T15:15:29.734+0500] {logging_mixin.py:154} INFO - [2023-11-20T15:15:29.734+0500] {dagbag.py:536} INFO - Filling up the DagBag from /home/den/Projects/venv/lib/python3.10/site-packages/airflow/example_dags/plugins/listener_plugin.py
[2023-11-20T15:15:29.737+0500] {processor.py:841} WARNING - No viable dags retrieved from /home/den/Projects/venv/lib/python3.10/site-packages/airflow/example_dags/plugins/listener_plugin.py
[2023-11-20T15:15:29.744+0500] {processor.py:179} INFO - Processing /home/den/Projects/venv/lib/python3.10/site-packages/airflow/example_dags/plugins/listener_plugin.py took 0.014 seconds
[2023-11-20T15:16:02.565+0500] {processor.py:157} INFO - Started process (PID=9479) to work on /home/den/Projects/venv/lib/python3.10/site-packages/airflow/example_dags/plugins/listener_plugin.py
[2023-11-20T15:16:02.575+0500] {processor.py:829} INFO - Processing file /home/den/Projects/venv/lib/python3.10/site-packages/airflow/example_dags/plugins/listener_plugin.py for tasks to queue
[2023-11-20T15:16:02.576+0500] {logging_mixin.py:154} INFO - [2023-11-20T15:16:02.575+0500] {dagbag.py:536} INFO - Filling up the DagBag from /home/den/Projects/venv/lib/python3.10/site-packages/airflow/example_dags/plugins/listener_plugin.py
[2023-11-20T15:16:02.578+0500] {processor.py:841} WARNING - No viable dags retrieved from /home/den/Projects/venv/lib/python3.10/site-packages/airflow/example_dags/plugins/listener_plugin.py
[2023-11-20T15:16:02.586+0500] {processor.py:179} INFO - Processing /home/den/Projects/venv/lib/python3.10/site-packages/airflow/example_dags/plugins/listener_plugin.py took 0.024 seconds
[2023-11-20T15:16:34.939+0500] {processor.py:157} INFO - Started process (PID=9523) to work on /home/den/Projects/venv/lib/python3.10/site-packages/airflow/example_dags/plugins/listener_plugin.py
[2023-11-20T15:16:34.941+0500] {processor.py:829} INFO - Processing file /home/den/Projects/venv/lib/python3.10/site-packages/airflow/example_dags/plugins/listener_plugin.py for tasks to queue
[2023-11-20T15:16:34.942+0500] {logging_mixin.py:154} INFO - [2023-11-20T15:16:34.942+0500] {dagbag.py:536} INFO - Filling up the DagBag from /home/den/Projects/venv/lib/python3.10/site-packages/airflow/example_dags/plugins/listener_plugin.py
[2023-11-20T15:16:34.956+0500] {processor.py:841} WARNING - No viable dags retrieved from /home/den/Projects/venv/lib/python3.10/site-packages/airflow/example_dags/plugins/listener_plugin.py
[2023-11-20T15:16:34.964+0500] {processor.py:179} INFO - Processing /home/den/Projects/venv/lib/python3.10/site-packages/airflow/example_dags/plugins/listener_plugin.py took 0.034 seconds
[2023-11-20T15:17:06.636+0500] {processor.py:157} INFO - Started process (PID=9569) to work on /home/den/Projects/venv/lib/python3.10/site-packages/airflow/example_dags/plugins/listener_plugin.py
[2023-11-20T15:17:06.638+0500] {processor.py:829} INFO - Processing file /home/den/Projects/venv/lib/python3.10/site-packages/airflow/example_dags/plugins/listener_plugin.py for tasks to queue
[2023-11-20T15:17:06.639+0500] {logging_mixin.py:154} INFO - [2023-11-20T15:17:06.638+0500] {dagbag.py:536} INFO - Filling up the DagBag from /home/den/Projects/venv/lib/python3.10/site-packages/airflow/example_dags/plugins/listener_plugin.py
[2023-11-20T15:17:06.642+0500] {processor.py:841} WARNING - No viable dags retrieved from /home/den/Projects/venv/lib/python3.10/site-packages/airflow/example_dags/plugins/listener_plugin.py
[2023-11-20T15:17:06.650+0500] {processor.py:179} INFO - Processing /home/den/Projects/venv/lib/python3.10/site-packages/airflow/example_dags/plugins/listener_plugin.py took 0.017 seconds
[2023-11-20T15:17:49.497+0500] {processor.py:157} INFO - Started process (PID=9626) to work on /home/den/Projects/venv/lib/python3.10/site-packages/airflow/example_dags/plugins/listener_plugin.py
[2023-11-20T15:17:49.498+0500] {processor.py:829} INFO - Processing file /home/den/Projects/venv/lib/python3.10/site-packages/airflow/example_dags/plugins/listener_plugin.py for tasks to queue
[2023-11-20T15:17:49.499+0500] {logging_mixin.py:154} INFO - [2023-11-20T15:17:49.499+0500] {dagbag.py:536} INFO - Filling up the DagBag from /home/den/Projects/venv/lib/python3.10/site-packages/airflow/example_dags/plugins/listener_plugin.py
[2023-11-20T15:17:49.501+0500] {processor.py:841} WARNING - No viable dags retrieved from /home/den/Projects/venv/lib/python3.10/site-packages/airflow/example_dags/plugins/listener_plugin.py
[2023-11-20T15:17:49.512+0500] {processor.py:179} INFO - Processing /home/den/Projects/venv/lib/python3.10/site-packages/airflow/example_dags/plugins/listener_plugin.py took 0.018 seconds
[2023-11-20T15:18:25.429+0500] {processor.py:157} INFO - Started process (PID=9705) to work on /home/den/Projects/venv/lib/python3.10/site-packages/airflow/example_dags/plugins/listener_plugin.py
[2023-11-20T15:18:25.430+0500] {processor.py:829} INFO - Processing file /home/den/Projects/venv/lib/python3.10/site-packages/airflow/example_dags/plugins/listener_plugin.py for tasks to queue
[2023-11-20T15:18:25.431+0500] {logging_mixin.py:154} INFO - [2023-11-20T15:18:25.430+0500] {dagbag.py:536} INFO - Filling up the DagBag from /home/den/Projects/venv/lib/python3.10/site-packages/airflow/example_dags/plugins/listener_plugin.py
[2023-11-20T15:18:25.434+0500] {processor.py:841} WARNING - No viable dags retrieved from /home/den/Projects/venv/lib/python3.10/site-packages/airflow/example_dags/plugins/listener_plugin.py
[2023-11-20T15:18:25.445+0500] {processor.py:179} INFO - Processing /home/den/Projects/venv/lib/python3.10/site-packages/airflow/example_dags/plugins/listener_plugin.py took 0.022 seconds
[2023-11-20T15:19:01.133+0500] {processor.py:157} INFO - Started process (PID=9755) to work on /home/den/Projects/venv/lib/python3.10/site-packages/airflow/example_dags/plugins/listener_plugin.py
[2023-11-20T15:19:01.134+0500] {processor.py:829} INFO - Processing file /home/den/Projects/venv/lib/python3.10/site-packages/airflow/example_dags/plugins/listener_plugin.py for tasks to queue
[2023-11-20T15:19:01.135+0500] {logging_mixin.py:154} INFO - [2023-11-20T15:19:01.135+0500] {dagbag.py:536} INFO - Filling up the DagBag from /home/den/Projects/venv/lib/python3.10/site-packages/airflow/example_dags/plugins/listener_plugin.py
[2023-11-20T15:19:01.138+0500] {processor.py:841} WARNING - No viable dags retrieved from /home/den/Projects/venv/lib/python3.10/site-packages/airflow/example_dags/plugins/listener_plugin.py
[2023-11-20T15:19:01.146+0500] {processor.py:179} INFO - Processing /home/den/Projects/venv/lib/python3.10/site-packages/airflow/example_dags/plugins/listener_plugin.py took 0.020 seconds
[2023-11-20T15:19:45.242+0500] {processor.py:157} INFO - Started process (PID=9825) to work on /home/den/Projects/venv/lib/python3.10/site-packages/airflow/example_dags/plugins/listener_plugin.py
[2023-11-20T15:19:45.244+0500] {processor.py:829} INFO - Processing file /home/den/Projects/venv/lib/python3.10/site-packages/airflow/example_dags/plugins/listener_plugin.py for tasks to queue
[2023-11-20T15:19:45.247+0500] {logging_mixin.py:154} INFO - [2023-11-20T15:19:45.247+0500] {dagbag.py:536} INFO - Filling up the DagBag from /home/den/Projects/venv/lib/python3.10/site-packages/airflow/example_dags/plugins/listener_plugin.py
[2023-11-20T15:19:45.257+0500] {processor.py:841} WARNING - No viable dags retrieved from /home/den/Projects/venv/lib/python3.10/site-packages/airflow/example_dags/plugins/listener_plugin.py
[2023-11-20T15:19:45.267+0500] {processor.py:179} INFO - Processing /home/den/Projects/venv/lib/python3.10/site-packages/airflow/example_dags/plugins/listener_plugin.py took 0.029 seconds
[2023-11-20T15:20:25.584+0500] {processor.py:157} INFO - Started process (PID=9959) to work on /home/den/Projects/venv/lib/python3.10/site-packages/airflow/example_dags/plugins/listener_plugin.py
[2023-11-20T15:20:25.591+0500] {processor.py:829} INFO - Processing file /home/den/Projects/venv/lib/python3.10/site-packages/airflow/example_dags/plugins/listener_plugin.py for tasks to queue
[2023-11-20T15:20:25.594+0500] {logging_mixin.py:154} INFO - [2023-11-20T15:20:25.593+0500] {dagbag.py:536} INFO - Filling up the DagBag from /home/den/Projects/venv/lib/python3.10/site-packages/airflow/example_dags/plugins/listener_plugin.py
[2023-11-20T15:20:25.609+0500] {processor.py:841} WARNING - No viable dags retrieved from /home/den/Projects/venv/lib/python3.10/site-packages/airflow/example_dags/plugins/listener_plugin.py
[2023-11-20T15:20:25.636+0500] {processor.py:179} INFO - Processing /home/den/Projects/venv/lib/python3.10/site-packages/airflow/example_dags/plugins/listener_plugin.py took 0.055 seconds
[2023-11-20T15:21:07.797+0500] {processor.py:157} INFO - Started process (PID=10010) to work on /home/den/Projects/venv/lib/python3.10/site-packages/airflow/example_dags/plugins/listener_plugin.py
[2023-11-20T15:21:07.809+0500] {processor.py:829} INFO - Processing file /home/den/Projects/venv/lib/python3.10/site-packages/airflow/example_dags/plugins/listener_plugin.py for tasks to queue
[2023-11-20T15:21:07.810+0500] {logging_mixin.py:154} INFO - [2023-11-20T15:21:07.809+0500] {dagbag.py:536} INFO - Filling up the DagBag from /home/den/Projects/venv/lib/python3.10/site-packages/airflow/example_dags/plugins/listener_plugin.py
[2023-11-20T15:21:07.826+0500] {processor.py:841} WARNING - No viable dags retrieved from /home/den/Projects/venv/lib/python3.10/site-packages/airflow/example_dags/plugins/listener_plugin.py
[2023-11-20T15:21:07.848+0500] {processor.py:179} INFO - Processing /home/den/Projects/venv/lib/python3.10/site-packages/airflow/example_dags/plugins/listener_plugin.py took 0.053 seconds
[2023-11-20T15:21:50.694+0500] {processor.py:157} INFO - Started process (PID=10066) to work on /home/den/Projects/venv/lib/python3.10/site-packages/airflow/example_dags/plugins/listener_plugin.py
[2023-11-20T15:21:50.702+0500] {processor.py:829} INFO - Processing file /home/den/Projects/venv/lib/python3.10/site-packages/airflow/example_dags/plugins/listener_plugin.py for tasks to queue
[2023-11-20T15:21:50.710+0500] {logging_mixin.py:154} INFO - [2023-11-20T15:21:50.708+0500] {dagbag.py:536} INFO - Filling up the DagBag from /home/den/Projects/venv/lib/python3.10/site-packages/airflow/example_dags/plugins/listener_plugin.py
[2023-11-20T15:21:50.728+0500] {processor.py:841} WARNING - No viable dags retrieved from /home/den/Projects/venv/lib/python3.10/site-packages/airflow/example_dags/plugins/listener_plugin.py
[2023-11-20T15:21:50.741+0500] {processor.py:179} INFO - Processing /home/den/Projects/venv/lib/python3.10/site-packages/airflow/example_dags/plugins/listener_plugin.py took 0.059 seconds
[2023-11-20T15:22:34.603+0500] {processor.py:157} INFO - Started process (PID=10152) to work on /home/den/Projects/venv/lib/python3.10/site-packages/airflow/example_dags/plugins/listener_plugin.py
[2023-11-20T15:22:34.611+0500] {processor.py:829} INFO - Processing file /home/den/Projects/venv/lib/python3.10/site-packages/airflow/example_dags/plugins/listener_plugin.py for tasks to queue
[2023-11-20T15:22:34.618+0500] {logging_mixin.py:154} INFO - [2023-11-20T15:22:34.616+0500] {dagbag.py:536} INFO - Filling up the DagBag from /home/den/Projects/venv/lib/python3.10/site-packages/airflow/example_dags/plugins/listener_plugin.py
[2023-11-20T15:22:34.629+0500] {processor.py:841} WARNING - No viable dags retrieved from /home/den/Projects/venv/lib/python3.10/site-packages/airflow/example_dags/plugins/listener_plugin.py
[2023-11-20T15:22:34.666+0500] {processor.py:179} INFO - Processing /home/den/Projects/venv/lib/python3.10/site-packages/airflow/example_dags/plugins/listener_plugin.py took 0.109 seconds
[2023-11-20T15:23:15.559+0500] {processor.py:157} INFO - Started process (PID=10212) to work on /home/den/Projects/venv/lib/python3.10/site-packages/airflow/example_dags/plugins/listener_plugin.py
[2023-11-20T15:23:15.561+0500] {processor.py:829} INFO - Processing file /home/den/Projects/venv/lib/python3.10/site-packages/airflow/example_dags/plugins/listener_plugin.py for tasks to queue
[2023-11-20T15:23:15.575+0500] {logging_mixin.py:154} INFO - [2023-11-20T15:23:15.566+0500] {dagbag.py:536} INFO - Filling up the DagBag from /home/den/Projects/venv/lib/python3.10/site-packages/airflow/example_dags/plugins/listener_plugin.py
[2023-11-20T15:23:15.603+0500] {processor.py:841} WARNING - No viable dags retrieved from /home/den/Projects/venv/lib/python3.10/site-packages/airflow/example_dags/plugins/listener_plugin.py
[2023-11-20T15:23:15.625+0500] {processor.py:179} INFO - Processing /home/den/Projects/venv/lib/python3.10/site-packages/airflow/example_dags/plugins/listener_plugin.py took 0.136 seconds
