[2023-11-20T14:39:25.452+0500] {processor.py:157} INFO - Started process (PID=5150) to work on /home/den/Projects/venv/lib/python3.10/site-packages/airflow/example_dags/example_setup_teardown_taskflow.py
[2023-11-20T14:39:25.453+0500] {processor.py:829} INFO - Processing file /home/den/Projects/venv/lib/python3.10/site-packages/airflow/example_dags/example_setup_teardown_taskflow.py for tasks to queue
[2023-11-20T14:39:25.453+0500] {logging_mixin.py:154} INFO - [2023-11-20T14:39:25.453+0500] {dagbag.py:536} INFO - Filling up the DagBag from /home/den/Projects/venv/lib/python3.10/site-packages/airflow/example_dags/example_setup_teardown_taskflow.py
[2023-11-20T14:39:25.471+0500] {processor.py:839} INFO - DAG(s) dict_keys(['example_setup_teardown_taskflow']) retrieved from /home/den/Projects/venv/lib/python3.10/site-packages/airflow/example_dags/example_setup_teardown_taskflow.py
[2023-11-20T14:39:25.685+0500] {logging_mixin.py:154} INFO - [2023-11-20T14:39:25.685+0500] {manager.py:499} INFO - Created Permission View: %s
[2023-11-20T14:39:25.707+0500] {logging_mixin.py:154} INFO - [2023-11-20T14:39:25.706+0500] {manager.py:499} INFO - Created Permission View: %s
[2023-11-20T14:39:25.717+0500] {logging_mixin.py:154} INFO - [2023-11-20T14:39:25.717+0500] {manager.py:499} INFO - Created Permission View: %s
[2023-11-20T14:39:25.717+0500] {logging_mixin.py:154} INFO - [2023-11-20T14:39:25.717+0500] {dag.py:2941} INFO - Sync 1 DAGs
[2023-11-20T14:39:25.759+0500] {logging_mixin.py:154} INFO - [2023-11-20T14:39:25.758+0500] {dag.py:2963} INFO - Creating ORM DAG for example_setup_teardown_taskflow
[2023-11-20T14:39:25.764+0500] {logging_mixin.py:154} INFO - [2023-11-20T14:39:25.764+0500] {dag.py:3722} INFO - Setting next_dagrun for example_setup_teardown_taskflow to 2023-11-19T09:39:25.764454+00:00, run_after=2023-11-20T09:39:25.764454+00:00
[2023-11-20T14:39:25.803+0500] {processor.py:179} INFO - Processing /home/den/Projects/venv/lib/python3.10/site-packages/airflow/example_dags/example_setup_teardown_taskflow.py took 0.355 seconds
[2023-11-20T14:40:18.315+0500] {processor.py:157} INFO - Started process (PID=5277) to work on /home/den/Projects/venv/lib/python3.10/site-packages/airflow/example_dags/example_setup_teardown_taskflow.py
[2023-11-20T14:40:18.317+0500] {processor.py:829} INFO - Processing file /home/den/Projects/venv/lib/python3.10/site-packages/airflow/example_dags/example_setup_teardown_taskflow.py for tasks to queue
[2023-11-20T14:40:18.317+0500] {logging_mixin.py:154} INFO - [2023-11-20T14:40:18.317+0500] {dagbag.py:536} INFO - Filling up the DagBag from /home/den/Projects/venv/lib/python3.10/site-packages/airflow/example_dags/example_setup_teardown_taskflow.py
[2023-11-20T14:40:18.328+0500] {processor.py:839} INFO - DAG(s) dict_keys(['example_setup_teardown_taskflow']) retrieved from /home/den/Projects/venv/lib/python3.10/site-packages/airflow/example_dags/example_setup_teardown_taskflow.py
[2023-11-20T14:40:18.342+0500] {logging_mixin.py:154} INFO - [2023-11-20T14:40:18.342+0500] {dag.py:2941} INFO - Sync 1 DAGs
[2023-11-20T14:40:18.356+0500] {logging_mixin.py:154} INFO - [2023-11-20T14:40:18.356+0500] {dag.py:3722} INFO - Setting next_dagrun for example_setup_teardown_taskflow to 2023-11-19T09:40:18.356185+00:00, run_after=2023-11-20T09:40:18.356185+00:00
[2023-11-20T14:40:18.372+0500] {processor.py:179} INFO - Processing /home/den/Projects/venv/lib/python3.10/site-packages/airflow/example_dags/example_setup_teardown_taskflow.py took 0.059 seconds
[2023-11-20T14:49:51.960+0500] {processor.py:157} INFO - Started process (PID=6443) to work on /home/den/Projects/venv/lib/python3.10/site-packages/airflow/example_dags/example_setup_teardown_taskflow.py
[2023-11-20T14:49:51.961+0500] {processor.py:829} INFO - Processing file /home/den/Projects/venv/lib/python3.10/site-packages/airflow/example_dags/example_setup_teardown_taskflow.py for tasks to queue
[2023-11-20T14:49:51.962+0500] {logging_mixin.py:154} INFO - [2023-11-20T14:49:51.962+0500] {dagbag.py:536} INFO - Filling up the DagBag from /home/den/Projects/venv/lib/python3.10/site-packages/airflow/example_dags/example_setup_teardown_taskflow.py
[2023-11-20T14:49:51.970+0500] {processor.py:839} INFO - DAG(s) dict_keys(['example_setup_teardown_taskflow']) retrieved from /home/den/Projects/venv/lib/python3.10/site-packages/airflow/example_dags/example_setup_teardown_taskflow.py
[2023-11-20T14:49:52.016+0500] {logging_mixin.py:154} INFO - [2023-11-20T14:49:52.016+0500] {dag.py:2941} INFO - Sync 1 DAGs
[2023-11-20T14:49:52.030+0500] {logging_mixin.py:154} INFO - [2023-11-20T14:49:52.030+0500] {dag.py:3722} INFO - Setting next_dagrun for example_setup_teardown_taskflow to 2023-11-19T09:49:52.030165+00:00, run_after=2023-11-20T09:49:52.030165+00:00
[2023-11-20T14:49:52.072+0500] {processor.py:179} INFO - Processing /home/den/Projects/venv/lib/python3.10/site-packages/airflow/example_dags/example_setup_teardown_taskflow.py took 0.115 seconds
[2023-11-20T14:50:43.446+0500] {processor.py:157} INFO - Started process (PID=6558) to work on /home/den/Projects/venv/lib/python3.10/site-packages/airflow/example_dags/example_setup_teardown_taskflow.py
[2023-11-20T14:50:43.448+0500] {processor.py:829} INFO - Processing file /home/den/Projects/venv/lib/python3.10/site-packages/airflow/example_dags/example_setup_teardown_taskflow.py for tasks to queue
[2023-11-20T14:50:43.448+0500] {logging_mixin.py:154} INFO - [2023-11-20T14:50:43.448+0500] {dagbag.py:536} INFO - Filling up the DagBag from /home/den/Projects/venv/lib/python3.10/site-packages/airflow/example_dags/example_setup_teardown_taskflow.py
[2023-11-20T14:50:43.456+0500] {processor.py:839} INFO - DAG(s) dict_keys(['example_setup_teardown_taskflow']) retrieved from /home/den/Projects/venv/lib/python3.10/site-packages/airflow/example_dags/example_setup_teardown_taskflow.py
[2023-11-20T14:50:43.469+0500] {logging_mixin.py:154} INFO - [2023-11-20T14:50:43.469+0500] {dag.py:2941} INFO - Sync 1 DAGs
[2023-11-20T14:50:43.481+0500] {logging_mixin.py:154} INFO - [2023-11-20T14:50:43.481+0500] {dag.py:3722} INFO - Setting next_dagrun for example_setup_teardown_taskflow to 2023-11-19T09:50:43.481174+00:00, run_after=2023-11-20T09:50:43.481174+00:00
[2023-11-20T14:50:43.497+0500] {processor.py:179} INFO - Processing /home/den/Projects/venv/lib/python3.10/site-packages/airflow/example_dags/example_setup_teardown_taskflow.py took 0.053 seconds
[2023-11-20T14:51:29.502+0500] {processor.py:157} INFO - Started process (PID=6617) to work on /home/den/Projects/venv/lib/python3.10/site-packages/airflow/example_dags/example_setup_teardown_taskflow.py
[2023-11-20T14:51:29.504+0500] {processor.py:829} INFO - Processing file /home/den/Projects/venv/lib/python3.10/site-packages/airflow/example_dags/example_setup_teardown_taskflow.py for tasks to queue
[2023-11-20T14:51:29.504+0500] {logging_mixin.py:154} INFO - [2023-11-20T14:51:29.504+0500] {dagbag.py:536} INFO - Filling up the DagBag from /home/den/Projects/venv/lib/python3.10/site-packages/airflow/example_dags/example_setup_teardown_taskflow.py
[2023-11-20T14:51:29.511+0500] {processor.py:839} INFO - DAG(s) dict_keys(['example_setup_teardown_taskflow']) retrieved from /home/den/Projects/venv/lib/python3.10/site-packages/airflow/example_dags/example_setup_teardown_taskflow.py
[2023-11-20T14:51:29.523+0500] {logging_mixin.py:154} INFO - [2023-11-20T14:51:29.523+0500] {dag.py:2941} INFO - Sync 1 DAGs
[2023-11-20T14:51:29.535+0500] {logging_mixin.py:154} INFO - [2023-11-20T14:51:29.535+0500] {dag.py:3722} INFO - Setting next_dagrun for example_setup_teardown_taskflow to 2023-11-19T09:51:29.535089+00:00, run_after=2023-11-20T09:51:29.535089+00:00
[2023-11-20T14:51:29.552+0500] {processor.py:179} INFO - Processing /home/den/Projects/venv/lib/python3.10/site-packages/airflow/example_dags/example_setup_teardown_taskflow.py took 0.053 seconds
[2023-11-20T14:52:23.211+0500] {processor.py:157} INFO - Started process (PID=6763) to work on /home/den/Projects/venv/lib/python3.10/site-packages/airflow/example_dags/example_setup_teardown_taskflow.py
[2023-11-20T14:52:23.213+0500] {processor.py:829} INFO - Processing file /home/den/Projects/venv/lib/python3.10/site-packages/airflow/example_dags/example_setup_teardown_taskflow.py for tasks to queue
[2023-11-20T14:52:23.213+0500] {logging_mixin.py:154} INFO - [2023-11-20T14:52:23.213+0500] {dagbag.py:536} INFO - Filling up the DagBag from /home/den/Projects/venv/lib/python3.10/site-packages/airflow/example_dags/example_setup_teardown_taskflow.py
[2023-11-20T14:52:23.223+0500] {processor.py:839} INFO - DAG(s) dict_keys(['example_setup_teardown_taskflow']) retrieved from /home/den/Projects/venv/lib/python3.10/site-packages/airflow/example_dags/example_setup_teardown_taskflow.py
[2023-11-20T14:52:23.240+0500] {logging_mixin.py:154} INFO - [2023-11-20T14:52:23.240+0500] {dag.py:2941} INFO - Sync 1 DAGs
[2023-11-20T14:52:23.255+0500] {logging_mixin.py:154} INFO - [2023-11-20T14:52:23.255+0500] {dag.py:3722} INFO - Setting next_dagrun for example_setup_teardown_taskflow to 2023-11-19T09:52:23.255065+00:00, run_after=2023-11-20T09:52:23.255065+00:00
[2023-11-20T14:52:23.276+0500] {processor.py:179} INFO - Processing /home/den/Projects/venv/lib/python3.10/site-packages/airflow/example_dags/example_setup_teardown_taskflow.py took 0.069 seconds
[2023-11-20T14:53:09.135+0500] {processor.py:157} INFO - Started process (PID=7256) to work on /home/den/Projects/venv/lib/python3.10/site-packages/airflow/example_dags/example_setup_teardown_taskflow.py
[2023-11-20T14:53:09.147+0500] {processor.py:829} INFO - Processing file /home/den/Projects/venv/lib/python3.10/site-packages/airflow/example_dags/example_setup_teardown_taskflow.py for tasks to queue
[2023-11-20T14:53:09.172+0500] {logging_mixin.py:154} INFO - [2023-11-20T14:53:09.171+0500] {dagbag.py:536} INFO - Filling up the DagBag from /home/den/Projects/venv/lib/python3.10/site-packages/airflow/example_dags/example_setup_teardown_taskflow.py
[2023-11-20T14:53:09.209+0500] {processor.py:839} INFO - DAG(s) dict_keys(['example_setup_teardown_taskflow']) retrieved from /home/den/Projects/venv/lib/python3.10/site-packages/airflow/example_dags/example_setup_teardown_taskflow.py
[2023-11-20T14:53:09.245+0500] {logging_mixin.py:154} INFO - [2023-11-20T14:53:09.245+0500] {dag.py:2941} INFO - Sync 1 DAGs
[2023-11-20T14:53:09.299+0500] {logging_mixin.py:154} INFO - [2023-11-20T14:53:09.299+0500] {dag.py:3722} INFO - Setting next_dagrun for example_setup_teardown_taskflow to 2023-11-19T09:53:09.298930+00:00, run_after=2023-11-20T09:53:09.298930+00:00
[2023-11-20T14:53:09.339+0500] {processor.py:179} INFO - Processing /home/den/Projects/venv/lib/python3.10/site-packages/airflow/example_dags/example_setup_teardown_taskflow.py took 0.206 seconds
[2023-11-20T14:54:43.856+0500] {processor.py:157} INFO - Started process (PID=7483) to work on /home/den/Projects/venv/lib/python3.10/site-packages/airflow/example_dags/example_setup_teardown_taskflow.py
[2023-11-20T14:54:43.861+0500] {processor.py:829} INFO - Processing file /home/den/Projects/venv/lib/python3.10/site-packages/airflow/example_dags/example_setup_teardown_taskflow.py for tasks to queue
[2023-11-20T14:54:43.861+0500] {logging_mixin.py:154} INFO - [2023-11-20T14:54:43.861+0500] {dagbag.py:536} INFO - Filling up the DagBag from /home/den/Projects/venv/lib/python3.10/site-packages/airflow/example_dags/example_setup_teardown_taskflow.py
[2023-11-20T14:54:43.870+0500] {processor.py:839} INFO - DAG(s) dict_keys(['example_setup_teardown_taskflow']) retrieved from /home/den/Projects/venv/lib/python3.10/site-packages/airflow/example_dags/example_setup_teardown_taskflow.py
[2023-11-20T14:54:43.893+0500] {logging_mixin.py:154} INFO - [2023-11-20T14:54:43.892+0500] {dag.py:2941} INFO - Sync 1 DAGs
[2023-11-20T14:54:43.906+0500] {logging_mixin.py:154} INFO - [2023-11-20T14:54:43.906+0500] {dag.py:3722} INFO - Setting next_dagrun for example_setup_teardown_taskflow to 2023-11-19T09:54:43.906020+00:00, run_after=2023-11-20T09:54:43.906020+00:00
[2023-11-20T14:54:43.947+0500] {processor.py:179} INFO - Processing /home/den/Projects/venv/lib/python3.10/site-packages/airflow/example_dags/example_setup_teardown_taskflow.py took 0.096 seconds
[2023-11-20T14:57:26.564+0500] {processor.py:157} INFO - Started process (PID=7647) to work on /home/den/Projects/venv/lib/python3.10/site-packages/airflow/example_dags/example_setup_teardown_taskflow.py
[2023-11-20T14:57:26.566+0500] {processor.py:829} INFO - Processing file /home/den/Projects/venv/lib/python3.10/site-packages/airflow/example_dags/example_setup_teardown_taskflow.py for tasks to queue
[2023-11-20T14:57:26.566+0500] {logging_mixin.py:154} INFO - [2023-11-20T14:57:26.566+0500] {dagbag.py:536} INFO - Filling up the DagBag from /home/den/Projects/venv/lib/python3.10/site-packages/airflow/example_dags/example_setup_teardown_taskflow.py
[2023-11-20T14:57:26.582+0500] {processor.py:839} INFO - DAG(s) dict_keys(['example_setup_teardown_taskflow']) retrieved from /home/den/Projects/venv/lib/python3.10/site-packages/airflow/example_dags/example_setup_teardown_taskflow.py
[2023-11-20T14:57:26.607+0500] {logging_mixin.py:154} INFO - [2023-11-20T14:57:26.606+0500] {dag.py:2941} INFO - Sync 1 DAGs
[2023-11-20T14:57:26.622+0500] {logging_mixin.py:154} INFO - [2023-11-20T14:57:26.622+0500] {dag.py:3722} INFO - Setting next_dagrun for example_setup_teardown_taskflow to 2023-11-19T09:57:26.621832+00:00, run_after=2023-11-20T09:57:26.621832+00:00
[2023-11-20T14:57:26.658+0500] {processor.py:179} INFO - Processing /home/den/Projects/venv/lib/python3.10/site-packages/airflow/example_dags/example_setup_teardown_taskflow.py took 0.098 seconds
[2023-11-20T14:58:12.242+0500] {processor.py:157} INFO - Started process (PID=7745) to work on /home/den/Projects/venv/lib/python3.10/site-packages/airflow/example_dags/example_setup_teardown_taskflow.py
[2023-11-20T14:58:12.243+0500] {processor.py:829} INFO - Processing file /home/den/Projects/venv/lib/python3.10/site-packages/airflow/example_dags/example_setup_teardown_taskflow.py for tasks to queue
[2023-11-20T14:58:12.244+0500] {logging_mixin.py:154} INFO - [2023-11-20T14:58:12.244+0500] {dagbag.py:536} INFO - Filling up the DagBag from /home/den/Projects/venv/lib/python3.10/site-packages/airflow/example_dags/example_setup_teardown_taskflow.py
[2023-11-20T14:58:12.252+0500] {processor.py:839} INFO - DAG(s) dict_keys(['example_setup_teardown_taskflow']) retrieved from /home/den/Projects/venv/lib/python3.10/site-packages/airflow/example_dags/example_setup_teardown_taskflow.py
[2023-11-20T14:58:12.264+0500] {logging_mixin.py:154} INFO - [2023-11-20T14:58:12.264+0500] {dag.py:2941} INFO - Sync 1 DAGs
[2023-11-20T14:58:12.279+0500] {logging_mixin.py:154} INFO - [2023-11-20T14:58:12.278+0500] {dag.py:3722} INFO - Setting next_dagrun for example_setup_teardown_taskflow to 2023-11-19T09:58:12.278209+00:00, run_after=2023-11-20T09:58:12.278209+00:00
[2023-11-20T14:58:12.296+0500] {processor.py:179} INFO - Processing /home/den/Projects/venv/lib/python3.10/site-packages/airflow/example_dags/example_setup_teardown_taskflow.py took 0.057 seconds
[2023-11-20T14:58:59.361+0500] {processor.py:157} INFO - Started process (PID=7813) to work on /home/den/Projects/venv/lib/python3.10/site-packages/airflow/example_dags/example_setup_teardown_taskflow.py
[2023-11-20T14:58:59.370+0500] {processor.py:829} INFO - Processing file /home/den/Projects/venv/lib/python3.10/site-packages/airflow/example_dags/example_setup_teardown_taskflow.py for tasks to queue
[2023-11-20T14:58:59.371+0500] {logging_mixin.py:154} INFO - [2023-11-20T14:58:59.371+0500] {dagbag.py:536} INFO - Filling up the DagBag from /home/den/Projects/venv/lib/python3.10/site-packages/airflow/example_dags/example_setup_teardown_taskflow.py
[2023-11-20T14:58:59.378+0500] {processor.py:839} INFO - DAG(s) dict_keys(['example_setup_teardown_taskflow']) retrieved from /home/den/Projects/venv/lib/python3.10/site-packages/airflow/example_dags/example_setup_teardown_taskflow.py
[2023-11-20T14:58:59.389+0500] {logging_mixin.py:154} INFO - [2023-11-20T14:58:59.389+0500] {dag.py:2941} INFO - Sync 1 DAGs
[2023-11-20T14:58:59.402+0500] {logging_mixin.py:154} INFO - [2023-11-20T14:58:59.401+0500] {dag.py:3722} INFO - Setting next_dagrun for example_setup_teardown_taskflow to 2023-11-19T09:58:59.401680+00:00, run_after=2023-11-20T09:58:59.401680+00:00
[2023-11-20T14:58:59.419+0500] {processor.py:179} INFO - Processing /home/den/Projects/venv/lib/python3.10/site-packages/airflow/example_dags/example_setup_teardown_taskflow.py took 0.061 seconds
[2023-11-20T14:59:44.785+0500] {processor.py:157} INFO - Started process (PID=7874) to work on /home/den/Projects/venv/lib/python3.10/site-packages/airflow/example_dags/example_setup_teardown_taskflow.py
[2023-11-20T14:59:44.786+0500] {processor.py:829} INFO - Processing file /home/den/Projects/venv/lib/python3.10/site-packages/airflow/example_dags/example_setup_teardown_taskflow.py for tasks to queue
[2023-11-20T14:59:44.787+0500] {logging_mixin.py:154} INFO - [2023-11-20T14:59:44.786+0500] {dagbag.py:536} INFO - Filling up the DagBag from /home/den/Projects/venv/lib/python3.10/site-packages/airflow/example_dags/example_setup_teardown_taskflow.py
[2023-11-20T14:59:44.806+0500] {processor.py:839} INFO - DAG(s) dict_keys(['example_setup_teardown_taskflow']) retrieved from /home/den/Projects/venv/lib/python3.10/site-packages/airflow/example_dags/example_setup_teardown_taskflow.py
[2023-11-20T14:59:44.828+0500] {logging_mixin.py:154} INFO - [2023-11-20T14:59:44.828+0500] {dag.py:2941} INFO - Sync 1 DAGs
[2023-11-20T14:59:44.846+0500] {logging_mixin.py:154} INFO - [2023-11-20T14:59:44.845+0500] {dag.py:3722} INFO - Setting next_dagrun for example_setup_teardown_taskflow to 2023-11-19T09:59:44.845740+00:00, run_after=2023-11-20T09:59:44.845740+00:00
[2023-11-20T14:59:44.879+0500] {processor.py:179} INFO - Processing /home/den/Projects/venv/lib/python3.10/site-packages/airflow/example_dags/example_setup_teardown_taskflow.py took 0.097 seconds
[2023-11-20T15:00:36.901+0500] {processor.py:157} INFO - Started process (PID=7970) to work on /home/den/Projects/venv/lib/python3.10/site-packages/airflow/example_dags/example_setup_teardown_taskflow.py
[2023-11-20T15:00:36.902+0500] {processor.py:829} INFO - Processing file /home/den/Projects/venv/lib/python3.10/site-packages/airflow/example_dags/example_setup_teardown_taskflow.py for tasks to queue
[2023-11-20T15:00:36.902+0500] {logging_mixin.py:154} INFO - [2023-11-20T15:00:36.902+0500] {dagbag.py:536} INFO - Filling up the DagBag from /home/den/Projects/venv/lib/python3.10/site-packages/airflow/example_dags/example_setup_teardown_taskflow.py
[2023-11-20T15:00:36.909+0500] {processor.py:839} INFO - DAG(s) dict_keys(['example_setup_teardown_taskflow']) retrieved from /home/den/Projects/venv/lib/python3.10/site-packages/airflow/example_dags/example_setup_teardown_taskflow.py
[2023-11-20T15:00:36.920+0500] {logging_mixin.py:154} INFO - [2023-11-20T15:00:36.920+0500] {dag.py:2941} INFO - Sync 1 DAGs
[2023-11-20T15:00:36.932+0500] {logging_mixin.py:154} INFO - [2023-11-20T15:00:36.932+0500] {dag.py:3722} INFO - Setting next_dagrun for example_setup_teardown_taskflow to 2023-11-19T10:00:36.932564+00:00, run_after=2023-11-20T10:00:36.932564+00:00
[2023-11-20T15:00:36.958+0500] {processor.py:179} INFO - Processing /home/den/Projects/venv/lib/python3.10/site-packages/airflow/example_dags/example_setup_teardown_taskflow.py took 0.060 seconds
[2023-11-20T15:01:27.700+0500] {processor.py:157} INFO - Started process (PID=8044) to work on /home/den/Projects/venv/lib/python3.10/site-packages/airflow/example_dags/example_setup_teardown_taskflow.py
[2023-11-20T15:01:27.705+0500] {processor.py:829} INFO - Processing file /home/den/Projects/venv/lib/python3.10/site-packages/airflow/example_dags/example_setup_teardown_taskflow.py for tasks to queue
[2023-11-20T15:01:27.707+0500] {logging_mixin.py:154} INFO - [2023-11-20T15:01:27.706+0500] {dagbag.py:536} INFO - Filling up the DagBag from /home/den/Projects/venv/lib/python3.10/site-packages/airflow/example_dags/example_setup_teardown_taskflow.py
[2023-11-20T15:01:27.718+0500] {processor.py:839} INFO - DAG(s) dict_keys(['example_setup_teardown_taskflow']) retrieved from /home/den/Projects/venv/lib/python3.10/site-packages/airflow/example_dags/example_setup_teardown_taskflow.py
[2023-11-20T15:01:27.736+0500] {logging_mixin.py:154} INFO - [2023-11-20T15:01:27.736+0500] {dag.py:2941} INFO - Sync 1 DAGs
[2023-11-20T15:01:27.758+0500] {logging_mixin.py:154} INFO - [2023-11-20T15:01:27.757+0500] {dag.py:3722} INFO - Setting next_dagrun for example_setup_teardown_taskflow to 2023-11-19T10:01:27.757708+00:00, run_after=2023-11-20T10:01:27.757708+00:00
[2023-11-20T15:01:27.790+0500] {processor.py:179} INFO - Processing /home/den/Projects/venv/lib/python3.10/site-packages/airflow/example_dags/example_setup_teardown_taskflow.py took 0.092 seconds
[2023-11-20T15:03:14.891+0500] {processor.py:157} INFO - Started process (PID=8231) to work on /home/den/Projects/venv/lib/python3.10/site-packages/airflow/example_dags/example_setup_teardown_taskflow.py
[2023-11-20T15:03:14.893+0500] {processor.py:829} INFO - Processing file /home/den/Projects/venv/lib/python3.10/site-packages/airflow/example_dags/example_setup_teardown_taskflow.py for tasks to queue
[2023-11-20T15:03:14.893+0500] {logging_mixin.py:154} INFO - [2023-11-20T15:03:14.893+0500] {dagbag.py:536} INFO - Filling up the DagBag from /home/den/Projects/venv/lib/python3.10/site-packages/airflow/example_dags/example_setup_teardown_taskflow.py
[2023-11-20T15:03:14.934+0500] {processor.py:839} INFO - DAG(s) dict_keys(['example_setup_teardown_taskflow']) retrieved from /home/den/Projects/venv/lib/python3.10/site-packages/airflow/example_dags/example_setup_teardown_taskflow.py
[2023-11-20T15:03:14.965+0500] {logging_mixin.py:154} INFO - [2023-11-20T15:03:14.965+0500] {dag.py:2941} INFO - Sync 1 DAGs
[2023-11-20T15:03:14.997+0500] {logging_mixin.py:154} INFO - [2023-11-20T15:03:14.997+0500] {dag.py:3722} INFO - Setting next_dagrun for example_setup_teardown_taskflow to 2023-11-19T10:03:14.997358+00:00, run_after=2023-11-20T10:03:14.997358+00:00
[2023-11-20T15:03:15.035+0500] {processor.py:179} INFO - Processing /home/den/Projects/venv/lib/python3.10/site-packages/airflow/example_dags/example_setup_teardown_taskflow.py took 0.151 seconds
[2023-11-20T15:04:04.704+0500] {processor.py:157} INFO - Started process (PID=8338) to work on /home/den/Projects/venv/lib/python3.10/site-packages/airflow/example_dags/example_setup_teardown_taskflow.py
[2023-11-20T15:04:04.706+0500] {processor.py:829} INFO - Processing file /home/den/Projects/venv/lib/python3.10/site-packages/airflow/example_dags/example_setup_teardown_taskflow.py for tasks to queue
[2023-11-20T15:04:04.707+0500] {logging_mixin.py:154} INFO - [2023-11-20T15:04:04.707+0500] {dagbag.py:536} INFO - Filling up the DagBag from /home/den/Projects/venv/lib/python3.10/site-packages/airflow/example_dags/example_setup_teardown_taskflow.py
[2023-11-20T15:04:04.720+0500] {processor.py:839} INFO - DAG(s) dict_keys(['example_setup_teardown_taskflow']) retrieved from /home/den/Projects/venv/lib/python3.10/site-packages/airflow/example_dags/example_setup_teardown_taskflow.py
[2023-11-20T15:04:04.753+0500] {logging_mixin.py:154} INFO - [2023-11-20T15:04:04.752+0500] {dag.py:2941} INFO - Sync 1 DAGs
[2023-11-20T15:04:04.769+0500] {logging_mixin.py:154} INFO - [2023-11-20T15:04:04.769+0500] {dag.py:3722} INFO - Setting next_dagrun for example_setup_teardown_taskflow to 2023-11-19T10:04:04.769303+00:00, run_after=2023-11-20T10:04:04.769303+00:00
[2023-11-20T15:04:04.806+0500] {processor.py:179} INFO - Processing /home/den/Projects/venv/lib/python3.10/site-packages/airflow/example_dags/example_setup_teardown_taskflow.py took 0.106 seconds
[2023-11-20T15:04:42.756+0500] {processor.py:157} INFO - Started process (PID=8385) to work on /home/den/Projects/venv/lib/python3.10/site-packages/airflow/example_dags/example_setup_teardown_taskflow.py
[2023-11-20T15:04:42.758+0500] {processor.py:829} INFO - Processing file /home/den/Projects/venv/lib/python3.10/site-packages/airflow/example_dags/example_setup_teardown_taskflow.py for tasks to queue
[2023-11-20T15:04:42.761+0500] {logging_mixin.py:154} INFO - [2023-11-20T15:04:42.760+0500] {dagbag.py:536} INFO - Filling up the DagBag from /home/den/Projects/venv/lib/python3.10/site-packages/airflow/example_dags/example_setup_teardown_taskflow.py
[2023-11-20T15:04:42.776+0500] {processor.py:839} INFO - DAG(s) dict_keys(['example_setup_teardown_taskflow']) retrieved from /home/den/Projects/venv/lib/python3.10/site-packages/airflow/example_dags/example_setup_teardown_taskflow.py
[2023-11-20T15:04:42.797+0500] {logging_mixin.py:154} INFO - [2023-11-20T15:04:42.797+0500] {dag.py:2941} INFO - Sync 1 DAGs
[2023-11-20T15:04:42.813+0500] {logging_mixin.py:154} INFO - [2023-11-20T15:04:42.813+0500] {dag.py:3722} INFO - Setting next_dagrun for example_setup_teardown_taskflow to 2023-11-19T10:04:42.813434+00:00, run_after=2023-11-20T10:04:42.813434+00:00
[2023-11-20T15:04:42.834+0500] {processor.py:179} INFO - Processing /home/den/Projects/venv/lib/python3.10/site-packages/airflow/example_dags/example_setup_teardown_taskflow.py took 0.082 seconds
[2023-11-20T15:05:23.142+0500] {processor.py:157} INFO - Started process (PID=8444) to work on /home/den/Projects/venv/lib/python3.10/site-packages/airflow/example_dags/example_setup_teardown_taskflow.py
[2023-11-20T15:05:23.147+0500] {processor.py:829} INFO - Processing file /home/den/Projects/venv/lib/python3.10/site-packages/airflow/example_dags/example_setup_teardown_taskflow.py for tasks to queue
[2023-11-20T15:05:23.148+0500] {logging_mixin.py:154} INFO - [2023-11-20T15:05:23.148+0500] {dagbag.py:536} INFO - Filling up the DagBag from /home/den/Projects/venv/lib/python3.10/site-packages/airflow/example_dags/example_setup_teardown_taskflow.py
[2023-11-20T15:05:23.166+0500] {processor.py:839} INFO - DAG(s) dict_keys(['example_setup_teardown_taskflow']) retrieved from /home/den/Projects/venv/lib/python3.10/site-packages/airflow/example_dags/example_setup_teardown_taskflow.py
[2023-11-20T15:05:23.190+0500] {logging_mixin.py:154} INFO - [2023-11-20T15:05:23.190+0500] {dag.py:2941} INFO - Sync 1 DAGs
[2023-11-20T15:05:23.221+0500] {logging_mixin.py:154} INFO - [2023-11-20T15:05:23.221+0500] {dag.py:3722} INFO - Setting next_dagrun for example_setup_teardown_taskflow to 2023-11-19T10:05:23.221039+00:00, run_after=2023-11-20T10:05:23.221039+00:00
[2023-11-20T15:05:23.253+0500] {processor.py:179} INFO - Processing /home/den/Projects/venv/lib/python3.10/site-packages/airflow/example_dags/example_setup_teardown_taskflow.py took 0.116 seconds
[2023-11-20T15:06:00.867+0500] {processor.py:157} INFO - Started process (PID=8518) to work on /home/den/Projects/venv/lib/python3.10/site-packages/airflow/example_dags/example_setup_teardown_taskflow.py
[2023-11-20T15:06:00.871+0500] {processor.py:829} INFO - Processing file /home/den/Projects/venv/lib/python3.10/site-packages/airflow/example_dags/example_setup_teardown_taskflow.py for tasks to queue
[2023-11-20T15:06:00.873+0500] {logging_mixin.py:154} INFO - [2023-11-20T15:06:00.872+0500] {dagbag.py:536} INFO - Filling up the DagBag from /home/den/Projects/venv/lib/python3.10/site-packages/airflow/example_dags/example_setup_teardown_taskflow.py
[2023-11-20T15:06:00.888+0500] {processor.py:839} INFO - DAG(s) dict_keys(['example_setup_teardown_taskflow']) retrieved from /home/den/Projects/venv/lib/python3.10/site-packages/airflow/example_dags/example_setup_teardown_taskflow.py
[2023-11-20T15:06:00.907+0500] {logging_mixin.py:154} INFO - [2023-11-20T15:06:00.907+0500] {dag.py:2941} INFO - Sync 1 DAGs
[2023-11-20T15:06:00.923+0500] {logging_mixin.py:154} INFO - [2023-11-20T15:06:00.923+0500] {dag.py:3722} INFO - Setting next_dagrun for example_setup_teardown_taskflow to 2023-11-19T10:06:00.923399+00:00, run_after=2023-11-20T10:06:00.923399+00:00
[2023-11-20T15:06:00.944+0500] {processor.py:179} INFO - Processing /home/den/Projects/venv/lib/python3.10/site-packages/airflow/example_dags/example_setup_teardown_taskflow.py took 0.080 seconds
[2023-11-20T15:06:57.755+0500] {processor.py:157} INFO - Started process (PID=8599) to work on /home/den/Projects/venv/lib/python3.10/site-packages/airflow/example_dags/example_setup_teardown_taskflow.py
[2023-11-20T15:06:57.757+0500] {processor.py:829} INFO - Processing file /home/den/Projects/venv/lib/python3.10/site-packages/airflow/example_dags/example_setup_teardown_taskflow.py for tasks to queue
[2023-11-20T15:06:57.761+0500] {logging_mixin.py:154} INFO - [2023-11-20T15:06:57.758+0500] {dagbag.py:536} INFO - Filling up the DagBag from /home/den/Projects/venv/lib/python3.10/site-packages/airflow/example_dags/example_setup_teardown_taskflow.py
[2023-11-20T15:06:57.775+0500] {processor.py:839} INFO - DAG(s) dict_keys(['example_setup_teardown_taskflow']) retrieved from /home/den/Projects/venv/lib/python3.10/site-packages/airflow/example_dags/example_setup_teardown_taskflow.py
[2023-11-20T15:06:57.808+0500] {logging_mixin.py:154} INFO - [2023-11-20T15:06:57.808+0500] {dag.py:2941} INFO - Sync 1 DAGs
[2023-11-20T15:06:57.835+0500] {logging_mixin.py:154} INFO - [2023-11-20T15:06:57.835+0500] {dag.py:3722} INFO - Setting next_dagrun for example_setup_teardown_taskflow to 2023-11-19T10:06:57.835269+00:00, run_after=2023-11-20T10:06:57.835269+00:00
[2023-11-20T15:06:57.881+0500] {processor.py:179} INFO - Processing /home/den/Projects/venv/lib/python3.10/site-packages/airflow/example_dags/example_setup_teardown_taskflow.py took 0.130 seconds
[2023-11-20T15:07:39.905+0500] {processor.py:157} INFO - Started process (PID=8659) to work on /home/den/Projects/venv/lib/python3.10/site-packages/airflow/example_dags/example_setup_teardown_taskflow.py
[2023-11-20T15:07:39.915+0500] {processor.py:829} INFO - Processing file /home/den/Projects/venv/lib/python3.10/site-packages/airflow/example_dags/example_setup_teardown_taskflow.py for tasks to queue
[2023-11-20T15:07:39.916+0500] {logging_mixin.py:154} INFO - [2023-11-20T15:07:39.916+0500] {dagbag.py:536} INFO - Filling up the DagBag from /home/den/Projects/venv/lib/python3.10/site-packages/airflow/example_dags/example_setup_teardown_taskflow.py
[2023-11-20T15:07:39.939+0500] {processor.py:839} INFO - DAG(s) dict_keys(['example_setup_teardown_taskflow']) retrieved from /home/den/Projects/venv/lib/python3.10/site-packages/airflow/example_dags/example_setup_teardown_taskflow.py
[2023-11-20T15:07:39.960+0500] {logging_mixin.py:154} INFO - [2023-11-20T15:07:39.960+0500] {dag.py:2941} INFO - Sync 1 DAGs
[2023-11-20T15:07:39.988+0500] {logging_mixin.py:154} INFO - [2023-11-20T15:07:39.988+0500] {dag.py:3722} INFO - Setting next_dagrun for example_setup_teardown_taskflow to 2023-11-19T10:07:39.988070+00:00, run_after=2023-11-20T10:07:39.988070+00:00
[2023-11-20T15:07:40.018+0500] {processor.py:179} INFO - Processing /home/den/Projects/venv/lib/python3.10/site-packages/airflow/example_dags/example_setup_teardown_taskflow.py took 0.124 seconds
[2023-11-20T15:08:27.746+0500] {processor.py:157} INFO - Started process (PID=8756) to work on /home/den/Projects/venv/lib/python3.10/site-packages/airflow/example_dags/example_setup_teardown_taskflow.py
[2023-11-20T15:08:27.748+0500] {processor.py:829} INFO - Processing file /home/den/Projects/venv/lib/python3.10/site-packages/airflow/example_dags/example_setup_teardown_taskflow.py for tasks to queue
[2023-11-20T15:08:27.751+0500] {logging_mixin.py:154} INFO - [2023-11-20T15:08:27.749+0500] {dagbag.py:536} INFO - Filling up the DagBag from /home/den/Projects/venv/lib/python3.10/site-packages/airflow/example_dags/example_setup_teardown_taskflow.py
[2023-11-20T15:08:27.800+0500] {processor.py:839} INFO - DAG(s) dict_keys(['example_setup_teardown_taskflow']) retrieved from /home/den/Projects/venv/lib/python3.10/site-packages/airflow/example_dags/example_setup_teardown_taskflow.py
[2023-11-20T15:08:27.819+0500] {logging_mixin.py:154} INFO - [2023-11-20T15:08:27.819+0500] {dag.py:2941} INFO - Sync 1 DAGs
[2023-11-20T15:08:27.968+0500] {logging_mixin.py:154} INFO - [2023-11-20T15:08:27.967+0500] {dag.py:3722} INFO - Setting next_dagrun for example_setup_teardown_taskflow to 2023-11-19T10:08:27.967680+00:00, run_after=2023-11-20T10:08:27.967680+00:00
[2023-11-20T15:08:28.078+0500] {processor.py:179} INFO - Processing /home/den/Projects/venv/lib/python3.10/site-packages/airflow/example_dags/example_setup_teardown_taskflow.py took 0.336 seconds
[2023-11-20T15:09:10.014+0500] {processor.py:157} INFO - Started process (PID=8811) to work on /home/den/Projects/venv/lib/python3.10/site-packages/airflow/example_dags/example_setup_teardown_taskflow.py
[2023-11-20T15:09:10.016+0500] {processor.py:829} INFO - Processing file /home/den/Projects/venv/lib/python3.10/site-packages/airflow/example_dags/example_setup_teardown_taskflow.py for tasks to queue
[2023-11-20T15:09:10.017+0500] {logging_mixin.py:154} INFO - [2023-11-20T15:09:10.016+0500] {dagbag.py:536} INFO - Filling up the DagBag from /home/den/Projects/venv/lib/python3.10/site-packages/airflow/example_dags/example_setup_teardown_taskflow.py
[2023-11-20T15:09:10.025+0500] {processor.py:839} INFO - DAG(s) dict_keys(['example_setup_teardown_taskflow']) retrieved from /home/den/Projects/venv/lib/python3.10/site-packages/airflow/example_dags/example_setup_teardown_taskflow.py
[2023-11-20T15:09:10.038+0500] {logging_mixin.py:154} INFO - [2023-11-20T15:09:10.038+0500] {dag.py:2941} INFO - Sync 1 DAGs
[2023-11-20T15:09:10.051+0500] {logging_mixin.py:154} INFO - [2023-11-20T15:09:10.051+0500] {dag.py:3722} INFO - Setting next_dagrun for example_setup_teardown_taskflow to 2023-11-19T10:09:10.051458+00:00, run_after=2023-11-20T10:09:10.051458+00:00
[2023-11-20T15:09:10.072+0500] {processor.py:179} INFO - Processing /home/den/Projects/venv/lib/python3.10/site-packages/airflow/example_dags/example_setup_teardown_taskflow.py took 0.060 seconds
[2023-11-20T15:09:48.974+0500] {processor.py:157} INFO - Started process (PID=8882) to work on /home/den/Projects/venv/lib/python3.10/site-packages/airflow/example_dags/example_setup_teardown_taskflow.py
[2023-11-20T15:09:48.978+0500] {processor.py:829} INFO - Processing file /home/den/Projects/venv/lib/python3.10/site-packages/airflow/example_dags/example_setup_teardown_taskflow.py for tasks to queue
[2023-11-20T15:09:48.979+0500] {logging_mixin.py:154} INFO - [2023-11-20T15:09:48.978+0500] {dagbag.py:536} INFO - Filling up the DagBag from /home/den/Projects/venv/lib/python3.10/site-packages/airflow/example_dags/example_setup_teardown_taskflow.py
[2023-11-20T15:09:48.991+0500] {processor.py:839} INFO - DAG(s) dict_keys(['example_setup_teardown_taskflow']) retrieved from /home/den/Projects/venv/lib/python3.10/site-packages/airflow/example_dags/example_setup_teardown_taskflow.py
[2023-11-20T15:09:49.014+0500] {logging_mixin.py:154} INFO - [2023-11-20T15:09:49.014+0500] {dag.py:2941} INFO - Sync 1 DAGs
[2023-11-20T15:09:49.055+0500] {logging_mixin.py:154} INFO - [2023-11-20T15:09:49.055+0500] {dag.py:3722} INFO - Setting next_dagrun for example_setup_teardown_taskflow to 2023-11-19T10:09:49.055193+00:00, run_after=2023-11-20T10:09:49.055193+00:00
[2023-11-20T15:09:49.098+0500] {processor.py:179} INFO - Processing /home/den/Projects/venv/lib/python3.10/site-packages/airflow/example_dags/example_setup_teardown_taskflow.py took 0.127 seconds
[2023-11-20T15:10:31.868+0500] {processor.py:157} INFO - Started process (PID=8944) to work on /home/den/Projects/venv/lib/python3.10/site-packages/airflow/example_dags/example_setup_teardown_taskflow.py
[2023-11-20T15:10:31.872+0500] {processor.py:829} INFO - Processing file /home/den/Projects/venv/lib/python3.10/site-packages/airflow/example_dags/example_setup_teardown_taskflow.py for tasks to queue
[2023-11-20T15:10:31.879+0500] {logging_mixin.py:154} INFO - [2023-11-20T15:10:31.878+0500] {dagbag.py:536} INFO - Filling up the DagBag from /home/den/Projects/venv/lib/python3.10/site-packages/airflow/example_dags/example_setup_teardown_taskflow.py
[2023-11-20T15:10:31.898+0500] {processor.py:839} INFO - DAG(s) dict_keys(['example_setup_teardown_taskflow']) retrieved from /home/den/Projects/venv/lib/python3.10/site-packages/airflow/example_dags/example_setup_teardown_taskflow.py
[2023-11-20T15:10:31.920+0500] {logging_mixin.py:154} INFO - [2023-11-20T15:10:31.920+0500] {dag.py:2941} INFO - Sync 1 DAGs
[2023-11-20T15:10:31.949+0500] {logging_mixin.py:154} INFO - [2023-11-20T15:10:31.948+0500] {dag.py:3722} INFO - Setting next_dagrun for example_setup_teardown_taskflow to 2023-11-19T10:10:31.948113+00:00, run_after=2023-11-20T10:10:31.948113+00:00
[2023-11-20T15:10:31.986+0500] {processor.py:179} INFO - Processing /home/den/Projects/venv/lib/python3.10/site-packages/airflow/example_dags/example_setup_teardown_taskflow.py took 0.124 seconds
[2023-11-20T15:11:19.947+0500] {processor.py:157} INFO - Started process (PID=9012) to work on /home/den/Projects/venv/lib/python3.10/site-packages/airflow/example_dags/example_setup_teardown_taskflow.py
[2023-11-20T15:11:19.953+0500] {processor.py:829} INFO - Processing file /home/den/Projects/venv/lib/python3.10/site-packages/airflow/example_dags/example_setup_teardown_taskflow.py for tasks to queue
[2023-11-20T15:11:19.954+0500] {logging_mixin.py:154} INFO - [2023-11-20T15:11:19.954+0500] {dagbag.py:536} INFO - Filling up the DagBag from /home/den/Projects/venv/lib/python3.10/site-packages/airflow/example_dags/example_setup_teardown_taskflow.py
[2023-11-20T15:11:19.968+0500] {processor.py:839} INFO - DAG(s) dict_keys(['example_setup_teardown_taskflow']) retrieved from /home/den/Projects/venv/lib/python3.10/site-packages/airflow/example_dags/example_setup_teardown_taskflow.py
[2023-11-20T15:11:19.992+0500] {logging_mixin.py:154} INFO - [2023-11-20T15:11:19.991+0500] {dag.py:2941} INFO - Sync 1 DAGs
[2023-11-20T15:11:20.018+0500] {logging_mixin.py:154} INFO - [2023-11-20T15:11:20.018+0500] {dag.py:3722} INFO - Setting next_dagrun for example_setup_teardown_taskflow to 2023-11-19T10:11:20.018237+00:00, run_after=2023-11-20T10:11:20.018237+00:00
[2023-11-20T15:11:20.050+0500] {processor.py:179} INFO - Processing /home/den/Projects/venv/lib/python3.10/site-packages/airflow/example_dags/example_setup_teardown_taskflow.py took 0.108 seconds
[2023-11-20T15:11:58.743+0500] {processor.py:157} INFO - Started process (PID=9088) to work on /home/den/Projects/venv/lib/python3.10/site-packages/airflow/example_dags/example_setup_teardown_taskflow.py
[2023-11-20T15:11:58.749+0500] {processor.py:829} INFO - Processing file /home/den/Projects/venv/lib/python3.10/site-packages/airflow/example_dags/example_setup_teardown_taskflow.py for tasks to queue
[2023-11-20T15:11:58.751+0500] {logging_mixin.py:154} INFO - [2023-11-20T15:11:58.751+0500] {dagbag.py:536} INFO - Filling up the DagBag from /home/den/Projects/venv/lib/python3.10/site-packages/airflow/example_dags/example_setup_teardown_taskflow.py
[2023-11-20T15:11:58.763+0500] {processor.py:839} INFO - DAG(s) dict_keys(['example_setup_teardown_taskflow']) retrieved from /home/den/Projects/venv/lib/python3.10/site-packages/airflow/example_dags/example_setup_teardown_taskflow.py
[2023-11-20T15:11:58.789+0500] {logging_mixin.py:154} INFO - [2023-11-20T15:11:58.789+0500] {dag.py:2941} INFO - Sync 1 DAGs
[2023-11-20T15:11:58.820+0500] {logging_mixin.py:154} INFO - [2023-11-20T15:11:58.820+0500] {dag.py:3722} INFO - Setting next_dagrun for example_setup_teardown_taskflow to 2023-11-19T10:11:58.820273+00:00, run_after=2023-11-20T10:11:58.820273+00:00
[2023-11-20T15:11:58.854+0500] {processor.py:179} INFO - Processing /home/den/Projects/venv/lib/python3.10/site-packages/airflow/example_dags/example_setup_teardown_taskflow.py took 0.114 seconds
[2023-11-20T15:12:51.282+0500] {processor.py:157} INFO - Started process (PID=9158) to work on /home/den/Projects/venv/lib/python3.10/site-packages/airflow/example_dags/example_setup_teardown_taskflow.py
[2023-11-20T15:12:51.294+0500] {processor.py:829} INFO - Processing file /home/den/Projects/venv/lib/python3.10/site-packages/airflow/example_dags/example_setup_teardown_taskflow.py for tasks to queue
[2023-11-20T15:12:51.296+0500] {logging_mixin.py:154} INFO - [2023-11-20T15:12:51.295+0500] {dagbag.py:536} INFO - Filling up the DagBag from /home/den/Projects/venv/lib/python3.10/site-packages/airflow/example_dags/example_setup_teardown_taskflow.py
[2023-11-20T15:12:51.308+0500] {processor.py:839} INFO - DAG(s) dict_keys(['example_setup_teardown_taskflow']) retrieved from /home/den/Projects/venv/lib/python3.10/site-packages/airflow/example_dags/example_setup_teardown_taskflow.py
[2023-11-20T15:12:51.333+0500] {logging_mixin.py:154} INFO - [2023-11-20T15:12:51.332+0500] {dag.py:2941} INFO - Sync 1 DAGs
[2023-11-20T15:12:51.358+0500] {logging_mixin.py:154} INFO - [2023-11-20T15:12:51.358+0500] {dag.py:3722} INFO - Setting next_dagrun for example_setup_teardown_taskflow to 2023-11-19T10:12:51.358300+00:00, run_after=2023-11-20T10:12:51.358300+00:00
[2023-11-20T15:12:51.394+0500] {processor.py:179} INFO - Processing /home/den/Projects/venv/lib/python3.10/site-packages/airflow/example_dags/example_setup_teardown_taskflow.py took 0.116 seconds
[2023-11-20T15:13:46.129+0500] {processor.py:157} INFO - Started process (PID=9231) to work on /home/den/Projects/venv/lib/python3.10/site-packages/airflow/example_dags/example_setup_teardown_taskflow.py
[2023-11-20T15:13:46.138+0500] {processor.py:829} INFO - Processing file /home/den/Projects/venv/lib/python3.10/site-packages/airflow/example_dags/example_setup_teardown_taskflow.py for tasks to queue
[2023-11-20T15:13:46.140+0500] {logging_mixin.py:154} INFO - [2023-11-20T15:13:46.139+0500] {dagbag.py:536} INFO - Filling up the DagBag from /home/den/Projects/venv/lib/python3.10/site-packages/airflow/example_dags/example_setup_teardown_taskflow.py
[2023-11-20T15:13:46.161+0500] {processor.py:839} INFO - DAG(s) dict_keys(['example_setup_teardown_taskflow']) retrieved from /home/den/Projects/venv/lib/python3.10/site-packages/airflow/example_dags/example_setup_teardown_taskflow.py
[2023-11-20T15:13:46.184+0500] {logging_mixin.py:154} INFO - [2023-11-20T15:13:46.184+0500] {dag.py:2941} INFO - Sync 1 DAGs
[2023-11-20T15:13:46.199+0500] {logging_mixin.py:154} INFO - [2023-11-20T15:13:46.198+0500] {dag.py:3722} INFO - Setting next_dagrun for example_setup_teardown_taskflow to 2023-11-19T10:13:46.198752+00:00, run_after=2023-11-20T10:13:46.198752+00:00
[2023-11-20T15:13:46.239+0500] {processor.py:179} INFO - Processing /home/den/Projects/venv/lib/python3.10/site-packages/airflow/example_dags/example_setup_teardown_taskflow.py took 0.114 seconds
[2023-11-20T15:14:23.005+0500] {processor.py:157} INFO - Started process (PID=9316) to work on /home/den/Projects/venv/lib/python3.10/site-packages/airflow/example_dags/example_setup_teardown_taskflow.py
[2023-11-20T15:14:23.007+0500] {processor.py:829} INFO - Processing file /home/den/Projects/venv/lib/python3.10/site-packages/airflow/example_dags/example_setup_teardown_taskflow.py for tasks to queue
[2023-11-20T15:14:23.008+0500] {logging_mixin.py:154} INFO - [2023-11-20T15:14:23.008+0500] {dagbag.py:536} INFO - Filling up the DagBag from /home/den/Projects/venv/lib/python3.10/site-packages/airflow/example_dags/example_setup_teardown_taskflow.py
[2023-11-20T15:14:23.030+0500] {processor.py:839} INFO - DAG(s) dict_keys(['example_setup_teardown_taskflow']) retrieved from /home/den/Projects/venv/lib/python3.10/site-packages/airflow/example_dags/example_setup_teardown_taskflow.py
[2023-11-20T15:14:23.051+0500] {logging_mixin.py:154} INFO - [2023-11-20T15:14:23.051+0500] {dag.py:2941} INFO - Sync 1 DAGs
[2023-11-20T15:14:23.066+0500] {logging_mixin.py:154} INFO - [2023-11-20T15:14:23.066+0500] {dag.py:3722} INFO - Setting next_dagrun for example_setup_teardown_taskflow to 2023-11-19T10:14:23.066607+00:00, run_after=2023-11-20T10:14:23.066607+00:00
[2023-11-20T15:14:23.103+0500] {processor.py:179} INFO - Processing /home/den/Projects/venv/lib/python3.10/site-packages/airflow/example_dags/example_setup_teardown_taskflow.py took 0.106 seconds
[2023-11-20T15:15:00.605+0500] {processor.py:157} INFO - Started process (PID=9366) to work on /home/den/Projects/venv/lib/python3.10/site-packages/airflow/example_dags/example_setup_teardown_taskflow.py
[2023-11-20T15:15:00.606+0500] {processor.py:829} INFO - Processing file /home/den/Projects/venv/lib/python3.10/site-packages/airflow/example_dags/example_setup_teardown_taskflow.py for tasks to queue
[2023-11-20T15:15:00.607+0500] {logging_mixin.py:154} INFO - [2023-11-20T15:15:00.606+0500] {dagbag.py:536} INFO - Filling up the DagBag from /home/den/Projects/venv/lib/python3.10/site-packages/airflow/example_dags/example_setup_teardown_taskflow.py
[2023-11-20T15:15:00.621+0500] {processor.py:839} INFO - DAG(s) dict_keys(['example_setup_teardown_taskflow']) retrieved from /home/den/Projects/venv/lib/python3.10/site-packages/airflow/example_dags/example_setup_teardown_taskflow.py
[2023-11-20T15:15:00.641+0500] {logging_mixin.py:154} INFO - [2023-11-20T15:15:00.641+0500] {dag.py:2941} INFO - Sync 1 DAGs
[2023-11-20T15:15:00.662+0500] {logging_mixin.py:154} INFO - [2023-11-20T15:15:00.662+0500] {dag.py:3722} INFO - Setting next_dagrun for example_setup_teardown_taskflow to 2023-11-19T10:15:00.662003+00:00, run_after=2023-11-20T10:15:00.662003+00:00
[2023-11-20T15:15:00.688+0500] {processor.py:179} INFO - Processing /home/den/Projects/venv/lib/python3.10/site-packages/airflow/example_dags/example_setup_teardown_taskflow.py took 0.086 seconds
[2023-11-20T15:15:48.872+0500] {processor.py:157} INFO - Started process (PID=9431) to work on /home/den/Projects/venv/lib/python3.10/site-packages/airflow/example_dags/example_setup_teardown_taskflow.py
[2023-11-20T15:15:48.873+0500] {processor.py:829} INFO - Processing file /home/den/Projects/venv/lib/python3.10/site-packages/airflow/example_dags/example_setup_teardown_taskflow.py for tasks to queue
[2023-11-20T15:15:48.874+0500] {logging_mixin.py:154} INFO - [2023-11-20T15:15:48.874+0500] {dagbag.py:536} INFO - Filling up the DagBag from /home/den/Projects/venv/lib/python3.10/site-packages/airflow/example_dags/example_setup_teardown_taskflow.py
[2023-11-20T15:15:48.884+0500] {processor.py:839} INFO - DAG(s) dict_keys(['example_setup_teardown_taskflow']) retrieved from /home/den/Projects/venv/lib/python3.10/site-packages/airflow/example_dags/example_setup_teardown_taskflow.py
[2023-11-20T15:15:48.899+0500] {logging_mixin.py:154} INFO - [2023-11-20T15:15:48.899+0500] {dag.py:2941} INFO - Sync 1 DAGs
[2023-11-20T15:15:48.915+0500] {logging_mixin.py:154} INFO - [2023-11-20T15:15:48.915+0500] {dag.py:3722} INFO - Setting next_dagrun for example_setup_teardown_taskflow to 2023-11-19T10:15:48.915252+00:00, run_after=2023-11-20T10:15:48.915252+00:00
[2023-11-20T15:15:48.940+0500] {processor.py:179} INFO - Processing /home/den/Projects/venv/lib/python3.10/site-packages/airflow/example_dags/example_setup_teardown_taskflow.py took 0.071 seconds
[2023-11-20T15:16:36.254+0500] {processor.py:157} INFO - Started process (PID=9525) to work on /home/den/Projects/venv/lib/python3.10/site-packages/airflow/example_dags/example_setup_teardown_taskflow.py
[2023-11-20T15:16:36.255+0500] {processor.py:829} INFO - Processing file /home/den/Projects/venv/lib/python3.10/site-packages/airflow/example_dags/example_setup_teardown_taskflow.py for tasks to queue
[2023-11-20T15:16:36.256+0500] {logging_mixin.py:154} INFO - [2023-11-20T15:16:36.256+0500] {dagbag.py:536} INFO - Filling up the DagBag from /home/den/Projects/venv/lib/python3.10/site-packages/airflow/example_dags/example_setup_teardown_taskflow.py
[2023-11-20T15:16:36.297+0500] {processor.py:839} INFO - DAG(s) dict_keys(['example_setup_teardown_taskflow']) retrieved from /home/den/Projects/venv/lib/python3.10/site-packages/airflow/example_dags/example_setup_teardown_taskflow.py
[2023-11-20T15:16:36.328+0500] {logging_mixin.py:154} INFO - [2023-11-20T15:16:36.327+0500] {dag.py:2941} INFO - Sync 1 DAGs
[2023-11-20T15:16:36.361+0500] {logging_mixin.py:154} INFO - [2023-11-20T15:16:36.361+0500] {dag.py:3722} INFO - Setting next_dagrun for example_setup_teardown_taskflow to 2023-11-19T10:16:36.361227+00:00, run_after=2023-11-20T10:16:36.361227+00:00
[2023-11-20T15:16:36.391+0500] {processor.py:179} INFO - Processing /home/den/Projects/venv/lib/python3.10/site-packages/airflow/example_dags/example_setup_teardown_taskflow.py took 0.139 seconds
[2023-11-20T15:17:22.915+0500] {processor.py:157} INFO - Started process (PID=9596) to work on /home/den/Projects/venv/lib/python3.10/site-packages/airflow/example_dags/example_setup_teardown_taskflow.py
[2023-11-20T15:17:22.916+0500] {processor.py:829} INFO - Processing file /home/den/Projects/venv/lib/python3.10/site-packages/airflow/example_dags/example_setup_teardown_taskflow.py for tasks to queue
[2023-11-20T15:17:22.919+0500] {logging_mixin.py:154} INFO - [2023-11-20T15:17:22.918+0500] {dagbag.py:536} INFO - Filling up the DagBag from /home/den/Projects/venv/lib/python3.10/site-packages/airflow/example_dags/example_setup_teardown_taskflow.py
[2023-11-20T15:17:22.930+0500] {processor.py:839} INFO - DAG(s) dict_keys(['example_setup_teardown_taskflow']) retrieved from /home/den/Projects/venv/lib/python3.10/site-packages/airflow/example_dags/example_setup_teardown_taskflow.py
[2023-11-20T15:17:22.946+0500] {logging_mixin.py:154} INFO - [2023-11-20T15:17:22.946+0500] {dag.py:2941} INFO - Sync 1 DAGs
[2023-11-20T15:17:22.961+0500] {logging_mixin.py:154} INFO - [2023-11-20T15:17:22.960+0500] {dag.py:3722} INFO - Setting next_dagrun for example_setup_teardown_taskflow to 2023-11-19T10:17:22.960093+00:00, run_after=2023-11-20T10:17:22.960093+00:00
[2023-11-20T15:17:22.981+0500] {processor.py:179} INFO - Processing /home/den/Projects/venv/lib/python3.10/site-packages/airflow/example_dags/example_setup_teardown_taskflow.py took 0.069 seconds
[2023-11-20T15:18:09.492+0500] {processor.py:157} INFO - Started process (PID=9680) to work on /home/den/Projects/venv/lib/python3.10/site-packages/airflow/example_dags/example_setup_teardown_taskflow.py
[2023-11-20T15:18:09.494+0500] {processor.py:829} INFO - Processing file /home/den/Projects/venv/lib/python3.10/site-packages/airflow/example_dags/example_setup_teardown_taskflow.py for tasks to queue
[2023-11-20T15:18:09.494+0500] {logging_mixin.py:154} INFO - [2023-11-20T15:18:09.494+0500] {dagbag.py:536} INFO - Filling up the DagBag from /home/den/Projects/venv/lib/python3.10/site-packages/airflow/example_dags/example_setup_teardown_taskflow.py
[2023-11-20T15:18:09.504+0500] {processor.py:839} INFO - DAG(s) dict_keys(['example_setup_teardown_taskflow']) retrieved from /home/den/Projects/venv/lib/python3.10/site-packages/airflow/example_dags/example_setup_teardown_taskflow.py
[2023-11-20T15:18:09.518+0500] {logging_mixin.py:154} INFO - [2023-11-20T15:18:09.518+0500] {dag.py:2941} INFO - Sync 1 DAGs
[2023-11-20T15:18:09.532+0500] {logging_mixin.py:154} INFO - [2023-11-20T15:18:09.532+0500] {dag.py:3722} INFO - Setting next_dagrun for example_setup_teardown_taskflow to 2023-11-19T10:18:09.531951+00:00, run_after=2023-11-20T10:18:09.531951+00:00
[2023-11-20T15:18:09.558+0500] {processor.py:179} INFO - Processing /home/den/Projects/venv/lib/python3.10/site-packages/airflow/example_dags/example_setup_teardown_taskflow.py took 0.068 seconds
[2023-11-20T15:18:48.208+0500] {processor.py:157} INFO - Started process (PID=9729) to work on /home/den/Projects/venv/lib/python3.10/site-packages/airflow/example_dags/example_setup_teardown_taskflow.py
[2023-11-20T15:18:48.210+0500] {processor.py:829} INFO - Processing file /home/den/Projects/venv/lib/python3.10/site-packages/airflow/example_dags/example_setup_teardown_taskflow.py for tasks to queue
[2023-11-20T15:18:48.210+0500] {logging_mixin.py:154} INFO - [2023-11-20T15:18:48.210+0500] {dagbag.py:536} INFO - Filling up the DagBag from /home/den/Projects/venv/lib/python3.10/site-packages/airflow/example_dags/example_setup_teardown_taskflow.py
[2023-11-20T15:18:48.218+0500] {processor.py:839} INFO - DAG(s) dict_keys(['example_setup_teardown_taskflow']) retrieved from /home/den/Projects/venv/lib/python3.10/site-packages/airflow/example_dags/example_setup_teardown_taskflow.py
[2023-11-20T15:18:48.236+0500] {logging_mixin.py:154} INFO - [2023-11-20T15:18:48.236+0500] {dag.py:2941} INFO - Sync 1 DAGs
[2023-11-20T15:18:48.253+0500] {logging_mixin.py:154} INFO - [2023-11-20T15:18:48.253+0500] {dag.py:3722} INFO - Setting next_dagrun for example_setup_teardown_taskflow to 2023-11-19T10:18:48.253112+00:00, run_after=2023-11-20T10:18:48.253112+00:00
[2023-11-20T15:18:48.271+0500] {processor.py:179} INFO - Processing /home/den/Projects/venv/lib/python3.10/site-packages/airflow/example_dags/example_setup_teardown_taskflow.py took 0.066 seconds
[2023-11-20T15:19:32.251+0500] {processor.py:157} INFO - Started process (PID=9799) to work on /home/den/Projects/venv/lib/python3.10/site-packages/airflow/example_dags/example_setup_teardown_taskflow.py
[2023-11-20T15:19:32.253+0500] {processor.py:829} INFO - Processing file /home/den/Projects/venv/lib/python3.10/site-packages/airflow/example_dags/example_setup_teardown_taskflow.py for tasks to queue
[2023-11-20T15:19:32.253+0500] {logging_mixin.py:154} INFO - [2023-11-20T15:19:32.253+0500] {dagbag.py:536} INFO - Filling up the DagBag from /home/den/Projects/venv/lib/python3.10/site-packages/airflow/example_dags/example_setup_teardown_taskflow.py
[2023-11-20T15:19:32.262+0500] {processor.py:839} INFO - DAG(s) dict_keys(['example_setup_teardown_taskflow']) retrieved from /home/den/Projects/venv/lib/python3.10/site-packages/airflow/example_dags/example_setup_teardown_taskflow.py
[2023-11-20T15:19:32.276+0500] {logging_mixin.py:154} INFO - [2023-11-20T15:19:32.276+0500] {dag.py:2941} INFO - Sync 1 DAGs
[2023-11-20T15:19:32.291+0500] {logging_mixin.py:154} INFO - [2023-11-20T15:19:32.290+0500] {dag.py:3722} INFO - Setting next_dagrun for example_setup_teardown_taskflow to 2023-11-19T10:19:32.290619+00:00, run_after=2023-11-20T10:19:32.290619+00:00
[2023-11-20T15:19:32.316+0500] {processor.py:179} INFO - Processing /home/den/Projects/venv/lib/python3.10/site-packages/airflow/example_dags/example_setup_teardown_taskflow.py took 0.068 seconds
[2023-11-20T15:20:29.589+0500] {processor.py:157} INFO - Started process (PID=9964) to work on /home/den/Projects/venv/lib/python3.10/site-packages/airflow/example_dags/example_setup_teardown_taskflow.py
[2023-11-20T15:20:29.593+0500] {processor.py:829} INFO - Processing file /home/den/Projects/venv/lib/python3.10/site-packages/airflow/example_dags/example_setup_teardown_taskflow.py for tasks to queue
[2023-11-20T15:20:29.602+0500] {logging_mixin.py:154} INFO - [2023-11-20T15:20:29.601+0500] {dagbag.py:536} INFO - Filling up the DagBag from /home/den/Projects/venv/lib/python3.10/site-packages/airflow/example_dags/example_setup_teardown_taskflow.py
[2023-11-20T15:20:29.615+0500] {processor.py:839} INFO - DAG(s) dict_keys(['example_setup_teardown_taskflow']) retrieved from /home/den/Projects/venv/lib/python3.10/site-packages/airflow/example_dags/example_setup_teardown_taskflow.py
[2023-11-20T15:20:29.648+0500] {logging_mixin.py:154} INFO - [2023-11-20T15:20:29.648+0500] {dag.py:2941} INFO - Sync 1 DAGs
[2023-11-20T15:20:29.667+0500] {logging_mixin.py:154} INFO - [2023-11-20T15:20:29.667+0500] {dag.py:3722} INFO - Setting next_dagrun for example_setup_teardown_taskflow to 2023-11-19T10:20:29.666875+00:00, run_after=2023-11-20T10:20:29.666875+00:00
[2023-11-20T15:20:29.712+0500] {processor.py:179} INFO - Processing /home/den/Projects/venv/lib/python3.10/site-packages/airflow/example_dags/example_setup_teardown_taskflow.py took 0.127 seconds
[2023-11-20T15:21:11.801+0500] {processor.py:157} INFO - Started process (PID=10014) to work on /home/den/Projects/venv/lib/python3.10/site-packages/airflow/example_dags/example_setup_teardown_taskflow.py
[2023-11-20T15:21:11.808+0500] {processor.py:829} INFO - Processing file /home/den/Projects/venv/lib/python3.10/site-packages/airflow/example_dags/example_setup_teardown_taskflow.py for tasks to queue
[2023-11-20T15:21:11.810+0500] {logging_mixin.py:154} INFO - [2023-11-20T15:21:11.809+0500] {dagbag.py:536} INFO - Filling up the DagBag from /home/den/Projects/venv/lib/python3.10/site-packages/airflow/example_dags/example_setup_teardown_taskflow.py
[2023-11-20T15:21:11.823+0500] {processor.py:839} INFO - DAG(s) dict_keys(['example_setup_teardown_taskflow']) retrieved from /home/den/Projects/venv/lib/python3.10/site-packages/airflow/example_dags/example_setup_teardown_taskflow.py
[2023-11-20T15:21:11.844+0500] {logging_mixin.py:154} INFO - [2023-11-20T15:21:11.843+0500] {dag.py:2941} INFO - Sync 1 DAGs
[2023-11-20T15:21:11.863+0500] {logging_mixin.py:154} INFO - [2023-11-20T15:21:11.863+0500] {dag.py:3722} INFO - Setting next_dagrun for example_setup_teardown_taskflow to 2023-11-19T10:21:11.863336+00:00, run_after=2023-11-20T10:21:11.863336+00:00
[2023-11-20T15:21:11.905+0500] {processor.py:179} INFO - Processing /home/den/Projects/venv/lib/python3.10/site-packages/airflow/example_dags/example_setup_teardown_taskflow.py took 0.110 seconds
[2023-11-20T15:21:55.764+0500] {processor.py:157} INFO - Started process (PID=10105) to work on /home/den/Projects/venv/lib/python3.10/site-packages/airflow/example_dags/example_setup_teardown_taskflow.py
[2023-11-20T15:21:55.778+0500] {processor.py:829} INFO - Processing file /home/den/Projects/venv/lib/python3.10/site-packages/airflow/example_dags/example_setup_teardown_taskflow.py for tasks to queue
[2023-11-20T15:21:55.780+0500] {logging_mixin.py:154} INFO - [2023-11-20T15:21:55.779+0500] {dagbag.py:536} INFO - Filling up the DagBag from /home/den/Projects/venv/lib/python3.10/site-packages/airflow/example_dags/example_setup_teardown_taskflow.py
[2023-11-20T15:21:55.797+0500] {processor.py:839} INFO - DAG(s) dict_keys(['example_setup_teardown_taskflow']) retrieved from /home/den/Projects/venv/lib/python3.10/site-packages/airflow/example_dags/example_setup_teardown_taskflow.py
[2023-11-20T15:21:55.819+0500] {logging_mixin.py:154} INFO - [2023-11-20T15:21:55.819+0500] {dag.py:2941} INFO - Sync 1 DAGs
[2023-11-20T15:21:55.835+0500] {logging_mixin.py:154} INFO - [2023-11-20T15:21:55.835+0500] {dag.py:3722} INFO - Setting next_dagrun for example_setup_teardown_taskflow to 2023-11-19T10:21:55.835571+00:00, run_after=2023-11-20T10:21:55.835571+00:00
[2023-11-20T15:21:55.865+0500] {processor.py:179} INFO - Processing /home/den/Projects/venv/lib/python3.10/site-packages/airflow/example_dags/example_setup_teardown_taskflow.py took 0.108 seconds
[2023-11-20T15:22:38.195+0500] {processor.py:157} INFO - Started process (PID=10156) to work on /home/den/Projects/venv/lib/python3.10/site-packages/airflow/example_dags/example_setup_teardown_taskflow.py
[2023-11-20T15:22:38.203+0500] {processor.py:829} INFO - Processing file /home/den/Projects/venv/lib/python3.10/site-packages/airflow/example_dags/example_setup_teardown_taskflow.py for tasks to queue
[2023-11-20T15:22:38.209+0500] {logging_mixin.py:154} INFO - [2023-11-20T15:22:38.208+0500] {dagbag.py:536} INFO - Filling up the DagBag from /home/den/Projects/venv/lib/python3.10/site-packages/airflow/example_dags/example_setup_teardown_taskflow.py
[2023-11-20T15:22:38.233+0500] {processor.py:839} INFO - DAG(s) dict_keys(['example_setup_teardown_taskflow']) retrieved from /home/den/Projects/venv/lib/python3.10/site-packages/airflow/example_dags/example_setup_teardown_taskflow.py
[2023-11-20T15:22:38.257+0500] {logging_mixin.py:154} INFO - [2023-11-20T15:22:38.257+0500] {dag.py:2941} INFO - Sync 1 DAGs
[2023-11-20T15:22:38.285+0500] {logging_mixin.py:154} INFO - [2023-11-20T15:22:38.285+0500] {dag.py:3722} INFO - Setting next_dagrun for example_setup_teardown_taskflow to 2023-11-19T10:22:38.285513+00:00, run_after=2023-11-20T10:22:38.285513+00:00
[2023-11-20T15:22:38.325+0500] {processor.py:179} INFO - Processing /home/den/Projects/venv/lib/python3.10/site-packages/airflow/example_dags/example_setup_teardown_taskflow.py took 0.134 seconds
[2023-11-20T15:23:18.842+0500] {processor.py:157} INFO - Started process (PID=10223) to work on /home/den/Projects/venv/lib/python3.10/site-packages/airflow/example_dags/example_setup_teardown_taskflow.py
[2023-11-20T15:23:18.847+0500] {processor.py:829} INFO - Processing file /home/den/Projects/venv/lib/python3.10/site-packages/airflow/example_dags/example_setup_teardown_taskflow.py for tasks to queue
[2023-11-20T15:23:18.848+0500] {logging_mixin.py:154} INFO - [2023-11-20T15:23:18.848+0500] {dagbag.py:536} INFO - Filling up the DagBag from /home/den/Projects/venv/lib/python3.10/site-packages/airflow/example_dags/example_setup_teardown_taskflow.py
[2023-11-20T15:23:18.872+0500] {processor.py:839} INFO - DAG(s) dict_keys(['example_setup_teardown_taskflow']) retrieved from /home/den/Projects/venv/lib/python3.10/site-packages/airflow/example_dags/example_setup_teardown_taskflow.py
[2023-11-20T15:23:18.905+0500] {logging_mixin.py:154} INFO - [2023-11-20T15:23:18.905+0500] {dag.py:2941} INFO - Sync 1 DAGs
[2023-11-20T15:23:18.922+0500] {logging_mixin.py:154} INFO - [2023-11-20T15:23:18.922+0500] {dag.py:3722} INFO - Setting next_dagrun for example_setup_teardown_taskflow to 2023-11-19T10:23:18.922178+00:00, run_after=2023-11-20T10:23:18.922178+00:00
[2023-11-20T15:23:18.969+0500] {processor.py:179} INFO - Processing /home/den/Projects/venv/lib/python3.10/site-packages/airflow/example_dags/example_setup_teardown_taskflow.py took 0.133 seconds
