[2023-11-20T14:39:45.755+0500] {processor.py:157} INFO - Started process (PID=5224) to work on /home/den/Projects/venv/lib/python3.10/site-packages/airflow/example_dags/example_xcom.py
[2023-11-20T14:39:45.757+0500] {processor.py:829} INFO - Processing file /home/den/Projects/venv/lib/python3.10/site-packages/airflow/example_dags/example_xcom.py for tasks to queue
[2023-11-20T14:39:45.758+0500] {logging_mixin.py:154} INFO - [2023-11-20T14:39:45.758+0500] {dagbag.py:536} INFO - Filling up the DagBag from /home/den/Projects/venv/lib/python3.10/site-packages/airflow/example_dags/example_xcom.py
[2023-11-20T14:39:45.767+0500] {processor.py:839} INFO - DAG(s) dict_keys(['example_xcom']) retrieved from /home/den/Projects/venv/lib/python3.10/site-packages/airflow/example_dags/example_xcom.py
[2023-11-20T14:39:45.850+0500] {logging_mixin.py:154} INFO - [2023-11-20T14:39:45.850+0500] {manager.py:499} INFO - Created Permission View: %s
[2023-11-20T14:39:45.861+0500] {logging_mixin.py:154} INFO - [2023-11-20T14:39:45.860+0500] {manager.py:499} INFO - Created Permission View: %s
[2023-11-20T14:39:45.869+0500] {logging_mixin.py:154} INFO - [2023-11-20T14:39:45.869+0500] {manager.py:499} INFO - Created Permission View: %s
[2023-11-20T14:39:45.869+0500] {logging_mixin.py:154} INFO - [2023-11-20T14:39:45.869+0500] {dag.py:2941} INFO - Sync 1 DAGs
[2023-11-20T14:39:45.876+0500] {logging_mixin.py:154} INFO - [2023-11-20T14:39:45.876+0500] {dag.py:2963} INFO - Creating ORM DAG for example_xcom
[2023-11-20T14:39:45.882+0500] {logging_mixin.py:154} INFO - [2023-11-20T14:39:45.882+0500] {dag.py:3722} INFO - Setting next_dagrun for example_xcom to 2021-01-01T00:00:00+00:00, run_after=2021-01-01T00:00:00+00:00
[2023-11-20T14:39:45.900+0500] {processor.py:179} INFO - Processing /home/den/Projects/venv/lib/python3.10/site-packages/airflow/example_dags/example_xcom.py took 0.148 seconds
[2023-11-20T14:40:34.878+0500] {processor.py:157} INFO - Started process (PID=5315) to work on /home/den/Projects/venv/lib/python3.10/site-packages/airflow/example_dags/example_xcom.py
[2023-11-20T14:40:34.888+0500] {processor.py:829} INFO - Processing file /home/den/Projects/venv/lib/python3.10/site-packages/airflow/example_dags/example_xcom.py for tasks to queue
[2023-11-20T14:40:34.888+0500] {logging_mixin.py:154} INFO - [2023-11-20T14:40:34.888+0500] {dagbag.py:536} INFO - Filling up the DagBag from /home/den/Projects/venv/lib/python3.10/site-packages/airflow/example_dags/example_xcom.py
[2023-11-20T14:40:34.894+0500] {processor.py:839} INFO - DAG(s) dict_keys(['example_xcom']) retrieved from /home/den/Projects/venv/lib/python3.10/site-packages/airflow/example_dags/example_xcom.py
[2023-11-20T14:40:34.908+0500] {logging_mixin.py:154} INFO - [2023-11-20T14:40:34.908+0500] {dag.py:2941} INFO - Sync 1 DAGs
[2023-11-20T14:40:34.921+0500] {logging_mixin.py:154} INFO - [2023-11-20T14:40:34.920+0500] {dag.py:3722} INFO - Setting next_dagrun for example_xcom to 2021-01-01T00:00:00+00:00, run_after=2021-01-01T00:00:00+00:00
[2023-11-20T14:40:34.947+0500] {processor.py:179} INFO - Processing /home/den/Projects/venv/lib/python3.10/site-packages/airflow/example_dags/example_xcom.py took 0.072 seconds
[2023-11-20T14:50:12.306+0500] {processor.py:157} INFO - Started process (PID=6511) to work on /home/den/Projects/venv/lib/python3.10/site-packages/airflow/example_dags/example_xcom.py
[2023-11-20T14:50:12.308+0500] {processor.py:829} INFO - Processing file /home/den/Projects/venv/lib/python3.10/site-packages/airflow/example_dags/example_xcom.py for tasks to queue
[2023-11-20T14:50:12.308+0500] {logging_mixin.py:154} INFO - [2023-11-20T14:50:12.308+0500] {dagbag.py:536} INFO - Filling up the DagBag from /home/den/Projects/venv/lib/python3.10/site-packages/airflow/example_dags/example_xcom.py
[2023-11-20T14:50:12.316+0500] {processor.py:839} INFO - DAG(s) dict_keys(['example_xcom']) retrieved from /home/den/Projects/venv/lib/python3.10/site-packages/airflow/example_dags/example_xcom.py
[2023-11-20T14:50:12.329+0500] {logging_mixin.py:154} INFO - [2023-11-20T14:50:12.329+0500] {dag.py:2941} INFO - Sync 1 DAGs
[2023-11-20T14:50:12.342+0500] {logging_mixin.py:154} INFO - [2023-11-20T14:50:12.342+0500] {dag.py:3722} INFO - Setting next_dagrun for example_xcom to 2021-01-01T00:00:00+00:00, run_after=2021-01-01T00:00:00+00:00
[2023-11-20T14:50:12.359+0500] {processor.py:179} INFO - Processing /home/den/Projects/venv/lib/python3.10/site-packages/airflow/example_dags/example_xcom.py took 0.056 seconds
[2023-11-20T14:51:00.623+0500] {processor.py:157} INFO - Started process (PID=6578) to work on /home/den/Projects/venv/lib/python3.10/site-packages/airflow/example_dags/example_xcom.py
[2023-11-20T14:51:00.624+0500] {processor.py:829} INFO - Processing file /home/den/Projects/venv/lib/python3.10/site-packages/airflow/example_dags/example_xcom.py for tasks to queue
[2023-11-20T14:51:00.625+0500] {logging_mixin.py:154} INFO - [2023-11-20T14:51:00.625+0500] {dagbag.py:536} INFO - Filling up the DagBag from /home/den/Projects/venv/lib/python3.10/site-packages/airflow/example_dags/example_xcom.py
[2023-11-20T14:51:00.639+0500] {processor.py:839} INFO - DAG(s) dict_keys(['example_xcom']) retrieved from /home/den/Projects/venv/lib/python3.10/site-packages/airflow/example_dags/example_xcom.py
[2023-11-20T14:51:00.654+0500] {logging_mixin.py:154} INFO - [2023-11-20T14:51:00.654+0500] {dag.py:2941} INFO - Sync 1 DAGs
[2023-11-20T14:51:00.671+0500] {logging_mixin.py:154} INFO - [2023-11-20T14:51:00.671+0500] {dag.py:3722} INFO - Setting next_dagrun for example_xcom to 2021-01-01T00:00:00+00:00, run_after=2021-01-01T00:00:00+00:00
[2023-11-20T14:51:00.690+0500] {processor.py:179} INFO - Processing /home/den/Projects/venv/lib/python3.10/site-packages/airflow/example_dags/example_xcom.py took 0.070 seconds
[2023-11-20T14:51:49.788+0500] {processor.py:157} INFO - Started process (PID=6673) to work on /home/den/Projects/venv/lib/python3.10/site-packages/airflow/example_dags/example_xcom.py
[2023-11-20T14:51:49.796+0500] {processor.py:829} INFO - Processing file /home/den/Projects/venv/lib/python3.10/site-packages/airflow/example_dags/example_xcom.py for tasks to queue
[2023-11-20T14:51:49.797+0500] {logging_mixin.py:154} INFO - [2023-11-20T14:51:49.797+0500] {dagbag.py:536} INFO - Filling up the DagBag from /home/den/Projects/venv/lib/python3.10/site-packages/airflow/example_dags/example_xcom.py
[2023-11-20T14:51:49.803+0500] {processor.py:839} INFO - DAG(s) dict_keys(['example_xcom']) retrieved from /home/den/Projects/venv/lib/python3.10/site-packages/airflow/example_dags/example_xcom.py
[2023-11-20T14:51:49.816+0500] {logging_mixin.py:154} INFO - [2023-11-20T14:51:49.816+0500] {dag.py:2941} INFO - Sync 1 DAGs
[2023-11-20T14:51:49.828+0500] {logging_mixin.py:154} INFO - [2023-11-20T14:51:49.828+0500] {dag.py:3722} INFO - Setting next_dagrun for example_xcom to 2021-01-01T00:00:00+00:00, run_after=2021-01-01T00:00:00+00:00
[2023-11-20T14:51:49.846+0500] {processor.py:179} INFO - Processing /home/den/Projects/venv/lib/python3.10/site-packages/airflow/example_dags/example_xcom.py took 0.062 seconds
[2023-11-20T14:55:00.672+0500] {processor.py:157} INFO - Started process (PID=7511) to work on /home/den/Projects/venv/lib/python3.10/site-packages/airflow/example_dags/example_xcom.py
[2023-11-20T14:55:00.674+0500] {processor.py:829} INFO - Processing file /home/den/Projects/venv/lib/python3.10/site-packages/airflow/example_dags/example_xcom.py for tasks to queue
[2023-11-20T14:55:00.675+0500] {logging_mixin.py:154} INFO - [2023-11-20T14:55:00.674+0500] {dagbag.py:536} INFO - Filling up the DagBag from /home/den/Projects/venv/lib/python3.10/site-packages/airflow/example_dags/example_xcom.py
[2023-11-20T14:55:00.682+0500] {processor.py:839} INFO - DAG(s) dict_keys(['example_xcom']) retrieved from /home/den/Projects/venv/lib/python3.10/site-packages/airflow/example_dags/example_xcom.py
[2023-11-20T14:55:00.695+0500] {logging_mixin.py:154} INFO - [2023-11-20T14:55:00.695+0500] {dag.py:2941} INFO - Sync 1 DAGs
[2023-11-20T14:55:00.708+0500] {logging_mixin.py:154} INFO - [2023-11-20T14:55:00.708+0500] {dag.py:3722} INFO - Setting next_dagrun for example_xcom to 2021-01-01T00:00:00+00:00, run_after=2021-01-01T00:00:00+00:00
[2023-11-20T14:55:00.726+0500] {processor.py:179} INFO - Processing /home/den/Projects/venv/lib/python3.10/site-packages/airflow/example_dags/example_xcom.py took 0.057 seconds
[2023-11-20T14:57:44.286+0500] {processor.py:157} INFO - Started process (PID=7672) to work on /home/den/Projects/venv/lib/python3.10/site-packages/airflow/example_dags/example_xcom.py
[2023-11-20T14:57:44.288+0500] {processor.py:829} INFO - Processing file /home/den/Projects/venv/lib/python3.10/site-packages/airflow/example_dags/example_xcom.py for tasks to queue
[2023-11-20T14:57:44.289+0500] {logging_mixin.py:154} INFO - [2023-11-20T14:57:44.288+0500] {dagbag.py:536} INFO - Filling up the DagBag from /home/den/Projects/venv/lib/python3.10/site-packages/airflow/example_dags/example_xcom.py
[2023-11-20T14:57:44.299+0500] {processor.py:839} INFO - DAG(s) dict_keys(['example_xcom']) retrieved from /home/den/Projects/venv/lib/python3.10/site-packages/airflow/example_dags/example_xcom.py
[2023-11-20T14:57:44.320+0500] {logging_mixin.py:154} INFO - [2023-11-20T14:57:44.320+0500] {dag.py:2941} INFO - Sync 1 DAGs
[2023-11-20T14:57:44.333+0500] {logging_mixin.py:154} INFO - [2023-11-20T14:57:44.333+0500] {dag.py:3722} INFO - Setting next_dagrun for example_xcom to 2021-01-01T00:00:00+00:00, run_after=2021-01-01T00:00:00+00:00
[2023-11-20T14:57:44.367+0500] {processor.py:179} INFO - Processing /home/den/Projects/venv/lib/python3.10/site-packages/airflow/example_dags/example_xcom.py took 0.086 seconds
[2023-11-20T14:58:32.529+0500] {processor.py:157} INFO - Started process (PID=7774) to work on /home/den/Projects/venv/lib/python3.10/site-packages/airflow/example_dags/example_xcom.py
[2023-11-20T14:58:32.532+0500] {processor.py:829} INFO - Processing file /home/den/Projects/venv/lib/python3.10/site-packages/airflow/example_dags/example_xcom.py for tasks to queue
[2023-11-20T14:58:32.533+0500] {logging_mixin.py:154} INFO - [2023-11-20T14:58:32.533+0500] {dagbag.py:536} INFO - Filling up the DagBag from /home/den/Projects/venv/lib/python3.10/site-packages/airflow/example_dags/example_xcom.py
[2023-11-20T14:58:32.539+0500] {processor.py:839} INFO - DAG(s) dict_keys(['example_xcom']) retrieved from /home/den/Projects/venv/lib/python3.10/site-packages/airflow/example_dags/example_xcom.py
[2023-11-20T14:58:32.566+0500] {logging_mixin.py:154} INFO - [2023-11-20T14:58:32.565+0500] {dag.py:2941} INFO - Sync 1 DAGs
[2023-11-20T14:58:32.587+0500] {logging_mixin.py:154} INFO - [2023-11-20T14:58:32.587+0500] {dag.py:3722} INFO - Setting next_dagrun for example_xcom to 2021-01-01T00:00:00+00:00, run_after=2021-01-01T00:00:00+00:00
[2023-11-20T14:58:32.619+0500] {processor.py:179} INFO - Processing /home/den/Projects/venv/lib/python3.10/site-packages/airflow/example_dags/example_xcom.py took 0.094 seconds
[2023-11-20T14:59:17.099+0500] {processor.py:157} INFO - Started process (PID=7841) to work on /home/den/Projects/venv/lib/python3.10/site-packages/airflow/example_dags/example_xcom.py
[2023-11-20T14:59:17.101+0500] {processor.py:829} INFO - Processing file /home/den/Projects/venv/lib/python3.10/site-packages/airflow/example_dags/example_xcom.py for tasks to queue
[2023-11-20T14:59:17.101+0500] {logging_mixin.py:154} INFO - [2023-11-20T14:59:17.101+0500] {dagbag.py:536} INFO - Filling up the DagBag from /home/den/Projects/venv/lib/python3.10/site-packages/airflow/example_dags/example_xcom.py
[2023-11-20T14:59:17.107+0500] {processor.py:839} INFO - DAG(s) dict_keys(['example_xcom']) retrieved from /home/den/Projects/venv/lib/python3.10/site-packages/airflow/example_dags/example_xcom.py
[2023-11-20T14:59:17.118+0500] {logging_mixin.py:154} INFO - [2023-11-20T14:59:17.118+0500] {dag.py:2941} INFO - Sync 1 DAGs
[2023-11-20T14:59:17.130+0500] {logging_mixin.py:154} INFO - [2023-11-20T14:59:17.129+0500] {dag.py:3722} INFO - Setting next_dagrun for example_xcom to 2021-01-01T00:00:00+00:00, run_after=2021-01-01T00:00:00+00:00
[2023-11-20T14:59:17.146+0500] {processor.py:179} INFO - Processing /home/den/Projects/venv/lib/python3.10/site-packages/airflow/example_dags/example_xcom.py took 0.050 seconds
[2023-11-20T15:00:06.839+0500] {processor.py:157} INFO - Started process (PID=7931) to work on /home/den/Projects/venv/lib/python3.10/site-packages/airflow/example_dags/example_xcom.py
[2023-11-20T15:00:06.841+0500] {processor.py:829} INFO - Processing file /home/den/Projects/venv/lib/python3.10/site-packages/airflow/example_dags/example_xcom.py for tasks to queue
[2023-11-20T15:00:06.841+0500] {logging_mixin.py:154} INFO - [2023-11-20T15:00:06.841+0500] {dagbag.py:536} INFO - Filling up the DagBag from /home/den/Projects/venv/lib/python3.10/site-packages/airflow/example_dags/example_xcom.py
[2023-11-20T15:00:06.847+0500] {processor.py:839} INFO - DAG(s) dict_keys(['example_xcom']) retrieved from /home/den/Projects/venv/lib/python3.10/site-packages/airflow/example_dags/example_xcom.py
[2023-11-20T15:00:06.857+0500] {logging_mixin.py:154} INFO - [2023-11-20T15:00:06.857+0500] {dag.py:2941} INFO - Sync 1 DAGs
[2023-11-20T15:00:06.869+0500] {logging_mixin.py:154} INFO - [2023-11-20T15:00:06.869+0500] {dag.py:3722} INFO - Setting next_dagrun for example_xcom to 2021-01-01T00:00:00+00:00, run_after=2021-01-01T00:00:00+00:00
[2023-11-20T15:00:06.887+0500] {processor.py:179} INFO - Processing /home/den/Projects/venv/lib/python3.10/site-packages/airflow/example_dags/example_xcom.py took 0.051 seconds
[2023-11-20T15:00:59.680+0500] {processor.py:157} INFO - Started process (PID=8002) to work on /home/den/Projects/venv/lib/python3.10/site-packages/airflow/example_dags/example_xcom.py
[2023-11-20T15:00:59.681+0500] {processor.py:829} INFO - Processing file /home/den/Projects/venv/lib/python3.10/site-packages/airflow/example_dags/example_xcom.py for tasks to queue
[2023-11-20T15:00:59.682+0500] {logging_mixin.py:154} INFO - [2023-11-20T15:00:59.682+0500] {dagbag.py:536} INFO - Filling up the DagBag from /home/den/Projects/venv/lib/python3.10/site-packages/airflow/example_dags/example_xcom.py
[2023-11-20T15:00:59.687+0500] {processor.py:839} INFO - DAG(s) dict_keys(['example_xcom']) retrieved from /home/den/Projects/venv/lib/python3.10/site-packages/airflow/example_dags/example_xcom.py
[2023-11-20T15:00:59.699+0500] {logging_mixin.py:154} INFO - [2023-11-20T15:00:59.698+0500] {dag.py:2941} INFO - Sync 1 DAGs
[2023-11-20T15:00:59.710+0500] {logging_mixin.py:154} INFO - [2023-11-20T15:00:59.710+0500] {dag.py:3722} INFO - Setting next_dagrun for example_xcom to 2021-01-01T00:00:00+00:00, run_after=2021-01-01T00:00:00+00:00
[2023-11-20T15:00:59.735+0500] {processor.py:179} INFO - Processing /home/den/Projects/venv/lib/python3.10/site-packages/airflow/example_dags/example_xcom.py took 0.058 seconds
[2023-11-20T15:01:50.275+0500] {processor.py:157} INFO - Started process (PID=8112) to work on /home/den/Projects/venv/lib/python3.10/site-packages/airflow/example_dags/example_xcom.py
[2023-11-20T15:01:50.277+0500] {processor.py:829} INFO - Processing file /home/den/Projects/venv/lib/python3.10/site-packages/airflow/example_dags/example_xcom.py for tasks to queue
[2023-11-20T15:01:50.278+0500] {logging_mixin.py:154} INFO - [2023-11-20T15:01:50.277+0500] {dagbag.py:536} INFO - Filling up the DagBag from /home/den/Projects/venv/lib/python3.10/site-packages/airflow/example_dags/example_xcom.py
[2023-11-20T15:01:50.287+0500] {processor.py:839} INFO - DAG(s) dict_keys(['example_xcom']) retrieved from /home/den/Projects/venv/lib/python3.10/site-packages/airflow/example_dags/example_xcom.py
[2023-11-20T15:01:50.303+0500] {logging_mixin.py:154} INFO - [2023-11-20T15:01:50.303+0500] {dag.py:2941} INFO - Sync 1 DAGs
[2023-11-20T15:01:50.328+0500] {logging_mixin.py:154} INFO - [2023-11-20T15:01:50.327+0500] {dag.py:3722} INFO - Setting next_dagrun for example_xcom to 2021-01-01T00:00:00+00:00, run_after=2021-01-01T00:00:00+00:00
[2023-11-20T15:01:50.358+0500] {processor.py:179} INFO - Processing /home/den/Projects/venv/lib/python3.10/site-packages/airflow/example_dags/example_xcom.py took 0.086 seconds
[2023-11-20T15:03:34.108+0500] {processor.py:157} INFO - Started process (PID=8272) to work on /home/den/Projects/venv/lib/python3.10/site-packages/airflow/example_dags/example_xcom.py
[2023-11-20T15:03:34.110+0500] {processor.py:829} INFO - Processing file /home/den/Projects/venv/lib/python3.10/site-packages/airflow/example_dags/example_xcom.py for tasks to queue
[2023-11-20T15:03:34.112+0500] {logging_mixin.py:154} INFO - [2023-11-20T15:03:34.111+0500] {dagbag.py:536} INFO - Filling up the DagBag from /home/den/Projects/venv/lib/python3.10/site-packages/airflow/example_dags/example_xcom.py
[2023-11-20T15:03:34.120+0500] {processor.py:839} INFO - DAG(s) dict_keys(['example_xcom']) retrieved from /home/den/Projects/venv/lib/python3.10/site-packages/airflow/example_dags/example_xcom.py
[2023-11-20T15:03:34.145+0500] {logging_mixin.py:154} INFO - [2023-11-20T15:03:34.144+0500] {dag.py:2941} INFO - Sync 1 DAGs
[2023-11-20T15:03:34.168+0500] {logging_mixin.py:154} INFO - [2023-11-20T15:03:34.168+0500] {dag.py:3722} INFO - Setting next_dagrun for example_xcom to 2021-01-01T00:00:00+00:00, run_after=2021-01-01T00:00:00+00:00
[2023-11-20T15:03:34.198+0500] {processor.py:179} INFO - Processing /home/den/Projects/venv/lib/python3.10/site-packages/airflow/example_dags/example_xcom.py took 0.099 seconds
[2023-11-20T15:04:31.099+0500] {processor.py:157} INFO - Started process (PID=8374) to work on /home/den/Projects/venv/lib/python3.10/site-packages/airflow/example_dags/example_xcom.py
[2023-11-20T15:04:31.101+0500] {processor.py:829} INFO - Processing file /home/den/Projects/venv/lib/python3.10/site-packages/airflow/example_dags/example_xcom.py for tasks to queue
[2023-11-20T15:04:31.102+0500] {logging_mixin.py:154} INFO - [2023-11-20T15:04:31.101+0500] {dagbag.py:536} INFO - Filling up the DagBag from /home/den/Projects/venv/lib/python3.10/site-packages/airflow/example_dags/example_xcom.py
[2023-11-20T15:04:31.110+0500] {processor.py:839} INFO - DAG(s) dict_keys(['example_xcom']) retrieved from /home/den/Projects/venv/lib/python3.10/site-packages/airflow/example_dags/example_xcom.py
[2023-11-20T15:04:31.140+0500] {logging_mixin.py:154} INFO - [2023-11-20T15:04:31.139+0500] {dag.py:2941} INFO - Sync 1 DAGs
[2023-11-20T15:04:31.186+0500] {logging_mixin.py:154} INFO - [2023-11-20T15:04:31.186+0500] {dag.py:3722} INFO - Setting next_dagrun for example_xcom to 2021-01-01T00:00:00+00:00, run_after=2021-01-01T00:00:00+00:00
[2023-11-20T15:04:31.224+0500] {processor.py:179} INFO - Processing /home/den/Projects/venv/lib/python3.10/site-packages/airflow/example_dags/example_xcom.py took 0.134 seconds
[2023-11-20T15:05:29.378+0500] {processor.py:157} INFO - Started process (PID=8451) to work on /home/den/Projects/venv/lib/python3.10/site-packages/airflow/example_dags/example_xcom.py
[2023-11-20T15:05:29.380+0500] {processor.py:829} INFO - Processing file /home/den/Projects/venv/lib/python3.10/site-packages/airflow/example_dags/example_xcom.py for tasks to queue
[2023-11-20T15:05:29.382+0500] {logging_mixin.py:154} INFO - [2023-11-20T15:05:29.381+0500] {dagbag.py:536} INFO - Filling up the DagBag from /home/den/Projects/venv/lib/python3.10/site-packages/airflow/example_dags/example_xcom.py
[2023-11-20T15:05:29.392+0500] {processor.py:839} INFO - DAG(s) dict_keys(['example_xcom']) retrieved from /home/den/Projects/venv/lib/python3.10/site-packages/airflow/example_dags/example_xcom.py
[2023-11-20T15:05:29.423+0500] {logging_mixin.py:154} INFO - [2023-11-20T15:05:29.423+0500] {dag.py:2941} INFO - Sync 1 DAGs
[2023-11-20T15:05:29.442+0500] {logging_mixin.py:154} INFO - [2023-11-20T15:05:29.442+0500] {dag.py:3722} INFO - Setting next_dagrun for example_xcom to 2021-01-01T00:00:00+00:00, run_after=2021-01-01T00:00:00+00:00
[2023-11-20T15:05:29.467+0500] {processor.py:179} INFO - Processing /home/den/Projects/venv/lib/python3.10/site-packages/airflow/example_dags/example_xcom.py took 0.100 seconds
[2023-11-20T15:06:25.520+0500] {processor.py:157} INFO - Started process (PID=8551) to work on /home/den/Projects/venv/lib/python3.10/site-packages/airflow/example_dags/example_xcom.py
[2023-11-20T15:06:25.522+0500] {processor.py:829} INFO - Processing file /home/den/Projects/venv/lib/python3.10/site-packages/airflow/example_dags/example_xcom.py for tasks to queue
[2023-11-20T15:06:25.524+0500] {logging_mixin.py:154} INFO - [2023-11-20T15:06:25.523+0500] {dagbag.py:536} INFO - Filling up the DagBag from /home/den/Projects/venv/lib/python3.10/site-packages/airflow/example_dags/example_xcom.py
[2023-11-20T15:06:25.531+0500] {processor.py:839} INFO - DAG(s) dict_keys(['example_xcom']) retrieved from /home/den/Projects/venv/lib/python3.10/site-packages/airflow/example_dags/example_xcom.py
[2023-11-20T15:06:25.546+0500] {logging_mixin.py:154} INFO - [2023-11-20T15:06:25.546+0500] {dag.py:2941} INFO - Sync 1 DAGs
[2023-11-20T15:06:25.561+0500] {logging_mixin.py:154} INFO - [2023-11-20T15:06:25.561+0500] {dag.py:3722} INFO - Setting next_dagrun for example_xcom to 2021-01-01T00:00:00+00:00, run_after=2021-01-01T00:00:00+00:00
[2023-11-20T15:06:25.579+0500] {processor.py:179} INFO - Processing /home/den/Projects/venv/lib/python3.10/site-packages/airflow/example_dags/example_xcom.py took 0.062 seconds
[2023-11-20T15:07:25.333+0500] {processor.py:157} INFO - Started process (PID=8642) to work on /home/den/Projects/venv/lib/python3.10/site-packages/airflow/example_dags/example_xcom.py
[2023-11-20T15:07:25.337+0500] {processor.py:829} INFO - Processing file /home/den/Projects/venv/lib/python3.10/site-packages/airflow/example_dags/example_xcom.py for tasks to queue
[2023-11-20T15:07:25.338+0500] {logging_mixin.py:154} INFO - [2023-11-20T15:07:25.337+0500] {dagbag.py:536} INFO - Filling up the DagBag from /home/den/Projects/venv/lib/python3.10/site-packages/airflow/example_dags/example_xcom.py
[2023-11-20T15:07:25.368+0500] {processor.py:839} INFO - DAG(s) dict_keys(['example_xcom']) retrieved from /home/den/Projects/venv/lib/python3.10/site-packages/airflow/example_dags/example_xcom.py
[2023-11-20T15:07:25.389+0500] {logging_mixin.py:154} INFO - [2023-11-20T15:07:25.389+0500] {dag.py:2941} INFO - Sync 1 DAGs
[2023-11-20T15:07:25.413+0500] {logging_mixin.py:154} INFO - [2023-11-20T15:07:25.413+0500] {dag.py:3722} INFO - Setting next_dagrun for example_xcom to 2021-01-01T00:00:00+00:00, run_after=2021-01-01T00:00:00+00:00
[2023-11-20T15:07:25.436+0500] {processor.py:179} INFO - Processing /home/den/Projects/venv/lib/python3.10/site-packages/airflow/example_dags/example_xcom.py took 0.106 seconds
[2023-11-20T15:08:17.664+0500] {processor.py:157} INFO - Started process (PID=8738) to work on /home/den/Projects/venv/lib/python3.10/site-packages/airflow/example_dags/example_xcom.py
[2023-11-20T15:08:17.671+0500] {processor.py:829} INFO - Processing file /home/den/Projects/venv/lib/python3.10/site-packages/airflow/example_dags/example_xcom.py for tasks to queue
[2023-11-20T15:08:17.674+0500] {logging_mixin.py:154} INFO - [2023-11-20T15:08:17.673+0500] {dagbag.py:536} INFO - Filling up the DagBag from /home/den/Projects/venv/lib/python3.10/site-packages/airflow/example_dags/example_xcom.py
[2023-11-20T15:08:17.687+0500] {processor.py:839} INFO - DAG(s) dict_keys(['example_xcom']) retrieved from /home/den/Projects/venv/lib/python3.10/site-packages/airflow/example_dags/example_xcom.py
[2023-11-20T15:08:17.715+0500] {logging_mixin.py:154} INFO - [2023-11-20T15:08:17.714+0500] {dag.py:2941} INFO - Sync 1 DAGs
[2023-11-20T15:08:17.746+0500] {logging_mixin.py:154} INFO - [2023-11-20T15:08:17.745+0500] {dag.py:3722} INFO - Setting next_dagrun for example_xcom to 2021-01-01T00:00:00+00:00, run_after=2021-01-01T00:00:00+00:00
[2023-11-20T15:08:17.828+0500] {processor.py:179} INFO - Processing /home/den/Projects/venv/lib/python3.10/site-packages/airflow/example_dags/example_xcom.py took 0.168 seconds
[2023-11-20T15:09:20.185+0500] {processor.py:157} INFO - Started process (PID=8827) to work on /home/den/Projects/venv/lib/python3.10/site-packages/airflow/example_dags/example_xcom.py
[2023-11-20T15:09:20.190+0500] {processor.py:829} INFO - Processing file /home/den/Projects/venv/lib/python3.10/site-packages/airflow/example_dags/example_xcom.py for tasks to queue
[2023-11-20T15:09:20.194+0500] {logging_mixin.py:154} INFO - [2023-11-20T15:09:20.192+0500] {dagbag.py:536} INFO - Filling up the DagBag from /home/den/Projects/venv/lib/python3.10/site-packages/airflow/example_dags/example_xcom.py
[2023-11-20T15:09:20.244+0500] {processor.py:839} INFO - DAG(s) dict_keys(['example_xcom']) retrieved from /home/den/Projects/venv/lib/python3.10/site-packages/airflow/example_dags/example_xcom.py
[2023-11-20T15:09:20.351+0500] {logging_mixin.py:154} INFO - [2023-11-20T15:09:20.350+0500] {dag.py:2941} INFO - Sync 1 DAGs
[2023-11-20T15:09:20.487+0500] {logging_mixin.py:154} INFO - [2023-11-20T15:09:20.486+0500] {dag.py:3722} INFO - Setting next_dagrun for example_xcom to 2021-01-01T00:00:00+00:00, run_after=2021-01-01T00:00:00+00:00
[2023-11-20T15:09:20.642+0500] {processor.py:179} INFO - Processing /home/den/Projects/venv/lib/python3.10/site-packages/airflow/example_dags/example_xcom.py took 0.486 seconds
[2023-11-20T15:10:21.981+0500] {processor.py:157} INFO - Started process (PID=8933) to work on /home/den/Projects/venv/lib/python3.10/site-packages/airflow/example_dags/example_xcom.py
[2023-11-20T15:10:21.985+0500] {processor.py:829} INFO - Processing file /home/den/Projects/venv/lib/python3.10/site-packages/airflow/example_dags/example_xcom.py for tasks to queue
[2023-11-20T15:10:21.987+0500] {logging_mixin.py:154} INFO - [2023-11-20T15:10:21.987+0500] {dagbag.py:536} INFO - Filling up the DagBag from /home/den/Projects/venv/lib/python3.10/site-packages/airflow/example_dags/example_xcom.py
[2023-11-20T15:10:21.998+0500] {processor.py:839} INFO - DAG(s) dict_keys(['example_xcom']) retrieved from /home/den/Projects/venv/lib/python3.10/site-packages/airflow/example_dags/example_xcom.py
[2023-11-20T15:10:22.021+0500] {logging_mixin.py:154} INFO - [2023-11-20T15:10:22.021+0500] {dag.py:2941} INFO - Sync 1 DAGs
[2023-11-20T15:10:22.050+0500] {logging_mixin.py:154} INFO - [2023-11-20T15:10:22.050+0500] {dag.py:3722} INFO - Setting next_dagrun for example_xcom to 2021-01-01T00:00:00+00:00, run_after=2021-01-01T00:00:00+00:00
[2023-11-20T15:10:22.109+0500] {processor.py:179} INFO - Processing /home/den/Projects/venv/lib/python3.10/site-packages/airflow/example_dags/example_xcom.py took 0.131 seconds
[2023-11-20T15:11:14.911+0500] {processor.py:157} INFO - Started process (PID=8998) to work on /home/den/Projects/venv/lib/python3.10/site-packages/airflow/example_dags/example_xcom.py
[2023-11-20T15:11:14.917+0500] {processor.py:829} INFO - Processing file /home/den/Projects/venv/lib/python3.10/site-packages/airflow/example_dags/example_xcom.py for tasks to queue
[2023-11-20T15:11:14.918+0500] {logging_mixin.py:154} INFO - [2023-11-20T15:11:14.917+0500] {dagbag.py:536} INFO - Filling up the DagBag from /home/den/Projects/venv/lib/python3.10/site-packages/airflow/example_dags/example_xcom.py
[2023-11-20T15:11:14.925+0500] {processor.py:839} INFO - DAG(s) dict_keys(['example_xcom']) retrieved from /home/den/Projects/venv/lib/python3.10/site-packages/airflow/example_dags/example_xcom.py
[2023-11-20T15:11:14.951+0500] {logging_mixin.py:154} INFO - [2023-11-20T15:11:14.950+0500] {dag.py:2941} INFO - Sync 1 DAGs
[2023-11-20T15:11:14.983+0500] {logging_mixin.py:154} INFO - [2023-11-20T15:11:14.983+0500] {dag.py:3722} INFO - Setting next_dagrun for example_xcom to 2021-01-01T00:00:00+00:00, run_after=2021-01-01T00:00:00+00:00
[2023-11-20T15:11:15.013+0500] {processor.py:179} INFO - Processing /home/den/Projects/venv/lib/python3.10/site-packages/airflow/example_dags/example_xcom.py took 0.106 seconds
[2023-11-20T15:12:07.885+0500] {processor.py:157} INFO - Started process (PID=9097) to work on /home/den/Projects/venv/lib/python3.10/site-packages/airflow/example_dags/example_xcom.py
[2023-11-20T15:12:07.887+0500] {processor.py:829} INFO - Processing file /home/den/Projects/venv/lib/python3.10/site-packages/airflow/example_dags/example_xcom.py for tasks to queue
[2023-11-20T15:12:07.889+0500] {logging_mixin.py:154} INFO - [2023-11-20T15:12:07.888+0500] {dagbag.py:536} INFO - Filling up the DagBag from /home/den/Projects/venv/lib/python3.10/site-packages/airflow/example_dags/example_xcom.py
[2023-11-20T15:12:07.907+0500] {processor.py:839} INFO - DAG(s) dict_keys(['example_xcom']) retrieved from /home/den/Projects/venv/lib/python3.10/site-packages/airflow/example_dags/example_xcom.py
[2023-11-20T15:12:07.928+0500] {logging_mixin.py:154} INFO - [2023-11-20T15:12:07.928+0500] {dag.py:2941} INFO - Sync 1 DAGs
[2023-11-20T15:12:07.949+0500] {logging_mixin.py:154} INFO - [2023-11-20T15:12:07.949+0500] {dag.py:3722} INFO - Setting next_dagrun for example_xcom to 2021-01-01T00:00:00+00:00, run_after=2021-01-01T00:00:00+00:00
[2023-11-20T15:12:07.988+0500] {processor.py:179} INFO - Processing /home/den/Projects/venv/lib/python3.10/site-packages/airflow/example_dags/example_xcom.py took 0.107 seconds
[2023-11-20T15:13:00.515+0500] {processor.py:157} INFO - Started process (PID=9168) to work on /home/den/Projects/venv/lib/python3.10/site-packages/airflow/example_dags/example_xcom.py
[2023-11-20T15:13:00.524+0500] {processor.py:829} INFO - Processing file /home/den/Projects/venv/lib/python3.10/site-packages/airflow/example_dags/example_xcom.py for tasks to queue
[2023-11-20T15:13:00.527+0500] {logging_mixin.py:154} INFO - [2023-11-20T15:13:00.526+0500] {dagbag.py:536} INFO - Filling up the DagBag from /home/den/Projects/venv/lib/python3.10/site-packages/airflow/example_dags/example_xcom.py
[2023-11-20T15:13:00.541+0500] {processor.py:839} INFO - DAG(s) dict_keys(['example_xcom']) retrieved from /home/den/Projects/venv/lib/python3.10/site-packages/airflow/example_dags/example_xcom.py
[2023-11-20T15:13:00.583+0500] {logging_mixin.py:154} INFO - [2023-11-20T15:13:00.583+0500] {dag.py:2941} INFO - Sync 1 DAGs
[2023-11-20T15:13:00.619+0500] {logging_mixin.py:154} INFO - [2023-11-20T15:13:00.616+0500] {dag.py:3722} INFO - Setting next_dagrun for example_xcom to 2021-01-01T00:00:00+00:00, run_after=2021-01-01T00:00:00+00:00
[2023-11-20T15:13:00.665+0500] {processor.py:179} INFO - Processing /home/den/Projects/venv/lib/python3.10/site-packages/airflow/example_dags/example_xcom.py took 0.153 seconds
[2023-11-20T15:13:55.351+0500] {processor.py:157} INFO - Started process (PID=9278) to work on /home/den/Projects/venv/lib/python3.10/site-packages/airflow/example_dags/example_xcom.py
[2023-11-20T15:13:55.358+0500] {processor.py:829} INFO - Processing file /home/den/Projects/venv/lib/python3.10/site-packages/airflow/example_dags/example_xcom.py for tasks to queue
[2023-11-20T15:13:55.359+0500] {logging_mixin.py:154} INFO - [2023-11-20T15:13:55.358+0500] {dagbag.py:536} INFO - Filling up the DagBag from /home/den/Projects/venv/lib/python3.10/site-packages/airflow/example_dags/example_xcom.py
[2023-11-20T15:13:55.369+0500] {processor.py:839} INFO - DAG(s) dict_keys(['example_xcom']) retrieved from /home/den/Projects/venv/lib/python3.10/site-packages/airflow/example_dags/example_xcom.py
[2023-11-20T15:13:55.388+0500] {logging_mixin.py:154} INFO - [2023-11-20T15:13:55.387+0500] {dag.py:2941} INFO - Sync 1 DAGs
[2023-11-20T15:13:55.402+0500] {logging_mixin.py:154} INFO - [2023-11-20T15:13:55.401+0500] {dag.py:3722} INFO - Setting next_dagrun for example_xcom to 2021-01-01T00:00:00+00:00, run_after=2021-01-01T00:00:00+00:00
[2023-11-20T15:13:55.434+0500] {processor.py:179} INFO - Processing /home/den/Projects/venv/lib/python3.10/site-packages/airflow/example_dags/example_xcom.py took 0.088 seconds
[2023-11-20T15:14:51.499+0500] {processor.py:157} INFO - Started process (PID=9353) to work on /home/den/Projects/venv/lib/python3.10/site-packages/airflow/example_dags/example_xcom.py
[2023-11-20T15:14:51.503+0500] {processor.py:829} INFO - Processing file /home/den/Projects/venv/lib/python3.10/site-packages/airflow/example_dags/example_xcom.py for tasks to queue
[2023-11-20T15:14:51.505+0500] {logging_mixin.py:154} INFO - [2023-11-20T15:14:51.504+0500] {dagbag.py:536} INFO - Filling up the DagBag from /home/den/Projects/venv/lib/python3.10/site-packages/airflow/example_dags/example_xcom.py
[2023-11-20T15:14:51.519+0500] {processor.py:839} INFO - DAG(s) dict_keys(['example_xcom']) retrieved from /home/den/Projects/venv/lib/python3.10/site-packages/airflow/example_dags/example_xcom.py
[2023-11-20T15:14:51.564+0500] {logging_mixin.py:154} INFO - [2023-11-20T15:14:51.564+0500] {dag.py:2941} INFO - Sync 1 DAGs
[2023-11-20T15:14:51.612+0500] {logging_mixin.py:154} INFO - [2023-11-20T15:14:51.612+0500] {dag.py:3722} INFO - Setting next_dagrun for example_xcom to 2021-01-01T00:00:00+00:00, run_after=2021-01-01T00:00:00+00:00
[2023-11-20T15:14:51.636+0500] {processor.py:179} INFO - Processing /home/den/Projects/venv/lib/python3.10/site-packages/airflow/example_dags/example_xcom.py took 0.141 seconds
[2023-11-20T15:15:41.770+0500] {processor.py:157} INFO - Started process (PID=9424) to work on /home/den/Projects/venv/lib/python3.10/site-packages/airflow/example_dags/example_xcom.py
[2023-11-20T15:15:41.771+0500] {processor.py:829} INFO - Processing file /home/den/Projects/venv/lib/python3.10/site-packages/airflow/example_dags/example_xcom.py for tasks to queue
[2023-11-20T15:15:41.772+0500] {logging_mixin.py:154} INFO - [2023-11-20T15:15:41.771+0500] {dagbag.py:536} INFO - Filling up the DagBag from /home/den/Projects/venv/lib/python3.10/site-packages/airflow/example_dags/example_xcom.py
[2023-11-20T15:15:41.779+0500] {processor.py:839} INFO - DAG(s) dict_keys(['example_xcom']) retrieved from /home/den/Projects/venv/lib/python3.10/site-packages/airflow/example_dags/example_xcom.py
[2023-11-20T15:15:41.794+0500] {logging_mixin.py:154} INFO - [2023-11-20T15:15:41.793+0500] {dag.py:2941} INFO - Sync 1 DAGs
[2023-11-20T15:15:41.806+0500] {logging_mixin.py:154} INFO - [2023-11-20T15:15:41.806+0500] {dag.py:3722} INFO - Setting next_dagrun for example_xcom to 2021-01-01T00:00:00+00:00, run_after=2021-01-01T00:00:00+00:00
[2023-11-20T15:15:41.840+0500] {processor.py:179} INFO - Processing /home/den/Projects/venv/lib/python3.10/site-packages/airflow/example_dags/example_xcom.py took 0.074 seconds
[2023-11-20T15:16:31.704+0500] {processor.py:157} INFO - Started process (PID=9519) to work on /home/den/Projects/venv/lib/python3.10/site-packages/airflow/example_dags/example_xcom.py
[2023-11-20T15:16:31.706+0500] {processor.py:829} INFO - Processing file /home/den/Projects/venv/lib/python3.10/site-packages/airflow/example_dags/example_xcom.py for tasks to queue
[2023-11-20T15:16:31.707+0500] {logging_mixin.py:154} INFO - [2023-11-20T15:16:31.706+0500] {dagbag.py:536} INFO - Filling up the DagBag from /home/den/Projects/venv/lib/python3.10/site-packages/airflow/example_dags/example_xcom.py
[2023-11-20T15:16:31.714+0500] {processor.py:839} INFO - DAG(s) dict_keys(['example_xcom']) retrieved from /home/den/Projects/venv/lib/python3.10/site-packages/airflow/example_dags/example_xcom.py
[2023-11-20T15:16:31.728+0500] {logging_mixin.py:154} INFO - [2023-11-20T15:16:31.728+0500] {dag.py:2941} INFO - Sync 1 DAGs
[2023-11-20T15:16:31.744+0500] {logging_mixin.py:154} INFO - [2023-11-20T15:16:31.744+0500] {dag.py:3722} INFO - Setting next_dagrun for example_xcom to 2021-01-01T00:00:00+00:00, run_after=2021-01-01T00:00:00+00:00
[2023-11-20T15:16:31.762+0500] {processor.py:179} INFO - Processing /home/den/Projects/venv/lib/python3.10/site-packages/airflow/example_dags/example_xcom.py took 0.061 seconds
[2023-11-20T15:17:18.679+0500] {processor.py:157} INFO - Started process (PID=9583) to work on /home/den/Projects/venv/lib/python3.10/site-packages/airflow/example_dags/example_xcom.py
[2023-11-20T15:17:18.681+0500] {processor.py:829} INFO - Processing file /home/den/Projects/venv/lib/python3.10/site-packages/airflow/example_dags/example_xcom.py for tasks to queue
[2023-11-20T15:17:18.682+0500] {logging_mixin.py:154} INFO - [2023-11-20T15:17:18.681+0500] {dagbag.py:536} INFO - Filling up the DagBag from /home/den/Projects/venv/lib/python3.10/site-packages/airflow/example_dags/example_xcom.py
[2023-11-20T15:17:18.689+0500] {processor.py:839} INFO - DAG(s) dict_keys(['example_xcom']) retrieved from /home/den/Projects/venv/lib/python3.10/site-packages/airflow/example_dags/example_xcom.py
[2023-11-20T15:17:18.704+0500] {logging_mixin.py:154} INFO - [2023-11-20T15:17:18.703+0500] {dag.py:2941} INFO - Sync 1 DAGs
[2023-11-20T15:17:18.718+0500] {logging_mixin.py:154} INFO - [2023-11-20T15:17:18.718+0500] {dag.py:3722} INFO - Setting next_dagrun for example_xcom to 2021-01-01T00:00:00+00:00, run_after=2021-01-01T00:00:00+00:00
[2023-11-20T15:17:18.736+0500] {processor.py:179} INFO - Processing /home/den/Projects/venv/lib/python3.10/site-packages/airflow/example_dags/example_xcom.py took 0.060 seconds
[2023-11-20T15:18:02.913+0500] {processor.py:157} INFO - Started process (PID=9674) to work on /home/den/Projects/venv/lib/python3.10/site-packages/airflow/example_dags/example_xcom.py
[2023-11-20T15:18:02.915+0500] {processor.py:829} INFO - Processing file /home/den/Projects/venv/lib/python3.10/site-packages/airflow/example_dags/example_xcom.py for tasks to queue
[2023-11-20T15:18:02.916+0500] {logging_mixin.py:154} INFO - [2023-11-20T15:18:02.915+0500] {dagbag.py:536} INFO - Filling up the DagBag from /home/den/Projects/venv/lib/python3.10/site-packages/airflow/example_dags/example_xcom.py
[2023-11-20T15:18:02.922+0500] {processor.py:839} INFO - DAG(s) dict_keys(['example_xcom']) retrieved from /home/den/Projects/venv/lib/python3.10/site-packages/airflow/example_dags/example_xcom.py
[2023-11-20T15:18:02.935+0500] {logging_mixin.py:154} INFO - [2023-11-20T15:18:02.934+0500] {dag.py:2941} INFO - Sync 1 DAGs
[2023-11-20T15:18:02.947+0500] {logging_mixin.py:154} INFO - [2023-11-20T15:18:02.947+0500] {dag.py:3722} INFO - Setting next_dagrun for example_xcom to 2021-01-01T00:00:00+00:00, run_after=2021-01-01T00:00:00+00:00
[2023-11-20T15:18:02.967+0500] {processor.py:179} INFO - Processing /home/den/Projects/venv/lib/python3.10/site-packages/airflow/example_dags/example_xcom.py took 0.057 seconds
[2023-11-20T15:18:57.360+0500] {processor.py:157} INFO - Started process (PID=9750) to work on /home/den/Projects/venv/lib/python3.10/site-packages/airflow/example_dags/example_xcom.py
[2023-11-20T15:18:57.369+0500] {processor.py:829} INFO - Processing file /home/den/Projects/venv/lib/python3.10/site-packages/airflow/example_dags/example_xcom.py for tasks to queue
[2023-11-20T15:18:57.370+0500] {logging_mixin.py:154} INFO - [2023-11-20T15:18:57.370+0500] {dagbag.py:536} INFO - Filling up the DagBag from /home/den/Projects/venv/lib/python3.10/site-packages/airflow/example_dags/example_xcom.py
[2023-11-20T15:18:57.377+0500] {processor.py:839} INFO - DAG(s) dict_keys(['example_xcom']) retrieved from /home/den/Projects/venv/lib/python3.10/site-packages/airflow/example_dags/example_xcom.py
[2023-11-20T15:18:57.392+0500] {logging_mixin.py:154} INFO - [2023-11-20T15:18:57.392+0500] {dag.py:2941} INFO - Sync 1 DAGs
[2023-11-20T15:18:57.408+0500] {logging_mixin.py:154} INFO - [2023-11-20T15:18:57.408+0500] {dag.py:3722} INFO - Setting next_dagrun for example_xcom to 2021-01-01T00:00:00+00:00, run_after=2021-01-01T00:00:00+00:00
[2023-11-20T15:18:57.427+0500] {processor.py:179} INFO - Processing /home/den/Projects/venv/lib/python3.10/site-packages/airflow/example_dags/example_xcom.py took 0.070 seconds
[2023-11-20T15:19:42.541+0500] {processor.py:157} INFO - Started process (PID=9822) to work on /home/den/Projects/venv/lib/python3.10/site-packages/airflow/example_dags/example_xcom.py
[2023-11-20T15:19:42.542+0500] {processor.py:829} INFO - Processing file /home/den/Projects/venv/lib/python3.10/site-packages/airflow/example_dags/example_xcom.py for tasks to queue
[2023-11-20T15:19:42.545+0500] {logging_mixin.py:154} INFO - [2023-11-20T15:19:42.543+0500] {dagbag.py:536} INFO - Filling up the DagBag from /home/den/Projects/venv/lib/python3.10/site-packages/airflow/example_dags/example_xcom.py
[2023-11-20T15:19:42.552+0500] {processor.py:839} INFO - DAG(s) dict_keys(['example_xcom']) retrieved from /home/den/Projects/venv/lib/python3.10/site-packages/airflow/example_dags/example_xcom.py
[2023-11-20T15:19:42.566+0500] {logging_mixin.py:154} INFO - [2023-11-20T15:19:42.566+0500] {dag.py:2941} INFO - Sync 1 DAGs
[2023-11-20T15:19:42.585+0500] {logging_mixin.py:154} INFO - [2023-11-20T15:19:42.584+0500] {dag.py:3722} INFO - Setting next_dagrun for example_xcom to 2021-01-01T00:00:00+00:00, run_after=2021-01-01T00:00:00+00:00
[2023-11-20T15:19:42.609+0500] {processor.py:179} INFO - Processing /home/den/Projects/venv/lib/python3.10/site-packages/airflow/example_dags/example_xcom.py took 0.072 seconds
[2023-11-20T15:20:42.396+0500] {processor.py:157} INFO - Started process (PID=9977) to work on /home/den/Projects/venv/lib/python3.10/site-packages/airflow/example_dags/example_xcom.py
[2023-11-20T15:20:42.400+0500] {processor.py:829} INFO - Processing file /home/den/Projects/venv/lib/python3.10/site-packages/airflow/example_dags/example_xcom.py for tasks to queue
[2023-11-20T15:20:42.401+0500] {logging_mixin.py:154} INFO - [2023-11-20T15:20:42.401+0500] {dagbag.py:536} INFO - Filling up the DagBag from /home/den/Projects/venv/lib/python3.10/site-packages/airflow/example_dags/example_xcom.py
[2023-11-20T15:20:42.409+0500] {processor.py:839} INFO - DAG(s) dict_keys(['example_xcom']) retrieved from /home/den/Projects/venv/lib/python3.10/site-packages/airflow/example_dags/example_xcom.py
[2023-11-20T15:20:42.435+0500] {logging_mixin.py:154} INFO - [2023-11-20T15:20:42.435+0500] {dag.py:2941} INFO - Sync 1 DAGs
[2023-11-20T15:20:42.462+0500] {logging_mixin.py:154} INFO - [2023-11-20T15:20:42.462+0500] {dag.py:3722} INFO - Setting next_dagrun for example_xcom to 2021-01-01T00:00:00+00:00, run_after=2021-01-01T00:00:00+00:00
[2023-11-20T15:20:42.493+0500] {processor.py:179} INFO - Processing /home/den/Projects/venv/lib/python3.10/site-packages/airflow/example_dags/example_xcom.py took 0.102 seconds
[2023-11-20T15:21:45.533+0500] {processor.py:157} INFO - Started process (PID=10061) to work on /home/den/Projects/venv/lib/python3.10/site-packages/airflow/example_dags/example_xcom.py
[2023-11-20T15:21:45.534+0500] {processor.py:829} INFO - Processing file /home/den/Projects/venv/lib/python3.10/site-packages/airflow/example_dags/example_xcom.py for tasks to queue
[2023-11-20T15:21:45.536+0500] {logging_mixin.py:154} INFO - [2023-11-20T15:21:45.535+0500] {dagbag.py:536} INFO - Filling up the DagBag from /home/den/Projects/venv/lib/python3.10/site-packages/airflow/example_dags/example_xcom.py
[2023-11-20T15:21:45.550+0500] {processor.py:839} INFO - DAG(s) dict_keys(['example_xcom']) retrieved from /home/den/Projects/venv/lib/python3.10/site-packages/airflow/example_dags/example_xcom.py
[2023-11-20T15:21:45.575+0500] {logging_mixin.py:154} INFO - [2023-11-20T15:21:45.575+0500] {dag.py:2941} INFO - Sync 1 DAGs
[2023-11-20T15:21:45.596+0500] {logging_mixin.py:154} INFO - [2023-11-20T15:21:45.596+0500] {dag.py:3722} INFO - Setting next_dagrun for example_xcom to 2021-01-01T00:00:00+00:00, run_after=2021-01-01T00:00:00+00:00
[2023-11-20T15:21:45.643+0500] {processor.py:179} INFO - Processing /home/den/Projects/venv/lib/python3.10/site-packages/airflow/example_dags/example_xcom.py took 0.114 seconds
[2023-11-20T15:22:48.452+0500] {processor.py:157} INFO - Started process (PID=10166) to work on /home/den/Projects/venv/lib/python3.10/site-packages/airflow/example_dags/example_xcom.py
[2023-11-20T15:22:48.465+0500] {processor.py:829} INFO - Processing file /home/den/Projects/venv/lib/python3.10/site-packages/airflow/example_dags/example_xcom.py for tasks to queue
[2023-11-20T15:22:48.466+0500] {logging_mixin.py:154} INFO - [2023-11-20T15:22:48.466+0500] {dagbag.py:536} INFO - Filling up the DagBag from /home/den/Projects/venv/lib/python3.10/site-packages/airflow/example_dags/example_xcom.py
[2023-11-20T15:22:48.483+0500] {processor.py:839} INFO - DAG(s) dict_keys(['example_xcom']) retrieved from /home/den/Projects/venv/lib/python3.10/site-packages/airflow/example_dags/example_xcom.py
[2023-11-20T15:22:48.506+0500] {logging_mixin.py:154} INFO - [2023-11-20T15:22:48.506+0500] {dag.py:2941} INFO - Sync 1 DAGs
[2023-11-20T15:22:48.520+0500] {logging_mixin.py:154} INFO - [2023-11-20T15:22:48.520+0500] {dag.py:3722} INFO - Setting next_dagrun for example_xcom to 2021-01-01T00:00:00+00:00, run_after=2021-01-01T00:00:00+00:00
[2023-11-20T15:22:48.540+0500] {processor.py:179} INFO - Processing /home/den/Projects/venv/lib/python3.10/site-packages/airflow/example_dags/example_xcom.py took 0.092 seconds
