[2023-11-20T14:39:36.257+0500] {processor.py:157} INFO - Started process (PID=5178) to work on /home/den/Projects/venv/lib/python3.10/site-packages/airflow/example_dags/example_complex.py
[2023-11-20T14:39:36.258+0500] {processor.py:829} INFO - Processing file /home/den/Projects/venv/lib/python3.10/site-packages/airflow/example_dags/example_complex.py for tasks to queue
[2023-11-20T14:39:36.259+0500] {logging_mixin.py:154} INFO - [2023-11-20T14:39:36.259+0500] {dagbag.py:536} INFO - Filling up the DagBag from /home/den/Projects/venv/lib/python3.10/site-packages/airflow/example_dags/example_complex.py
[2023-11-20T14:39:36.269+0500] {processor.py:839} INFO - DAG(s) dict_keys(['example_complex']) retrieved from /home/den/Projects/venv/lib/python3.10/site-packages/airflow/example_dags/example_complex.py
[2023-11-20T14:39:36.350+0500] {logging_mixin.py:154} INFO - [2023-11-20T14:39:36.350+0500] {manager.py:499} INFO - Created Permission View: %s
[2023-11-20T14:39:36.359+0500] {logging_mixin.py:154} INFO - [2023-11-20T14:39:36.359+0500] {manager.py:499} INFO - Created Permission View: %s
[2023-11-20T14:39:36.367+0500] {logging_mixin.py:154} INFO - [2023-11-20T14:39:36.367+0500] {manager.py:499} INFO - Created Permission View: %s
[2023-11-20T14:39:36.367+0500] {logging_mixin.py:154} INFO - [2023-11-20T14:39:36.367+0500] {dag.py:2941} INFO - Sync 1 DAGs
[2023-11-20T14:39:36.373+0500] {logging_mixin.py:154} INFO - [2023-11-20T14:39:36.373+0500] {dag.py:2963} INFO - Creating ORM DAG for example_complex
[2023-11-20T14:39:36.373+0500] {logging_mixin.py:154} INFO - [2023-11-20T14:39:36.373+0500] {dag.py:3722} INFO - Setting next_dagrun for example_complex to None, run_after=None
[2023-11-20T14:39:36.391+0500] {processor.py:179} INFO - Processing /home/den/Projects/venv/lib/python3.10/site-packages/airflow/example_dags/example_complex.py took 0.137 seconds
[2023-11-20T14:40:26.309+0500] {processor.py:157} INFO - Started process (PID=5294) to work on /home/den/Projects/venv/lib/python3.10/site-packages/airflow/example_dags/example_complex.py
[2023-11-20T14:40:26.318+0500] {processor.py:829} INFO - Processing file /home/den/Projects/venv/lib/python3.10/site-packages/airflow/example_dags/example_complex.py for tasks to queue
[2023-11-20T14:40:26.318+0500] {logging_mixin.py:154} INFO - [2023-11-20T14:40:26.318+0500] {dagbag.py:536} INFO - Filling up the DagBag from /home/den/Projects/venv/lib/python3.10/site-packages/airflow/example_dags/example_complex.py
[2023-11-20T14:40:26.327+0500] {processor.py:839} INFO - DAG(s) dict_keys(['example_complex']) retrieved from /home/den/Projects/venv/lib/python3.10/site-packages/airflow/example_dags/example_complex.py
[2023-11-20T14:40:26.344+0500] {logging_mixin.py:154} INFO - [2023-11-20T14:40:26.344+0500] {dag.py:2941} INFO - Sync 1 DAGs
[2023-11-20T14:40:26.352+0500] {logging_mixin.py:154} INFO - [2023-11-20T14:40:26.352+0500] {dag.py:3722} INFO - Setting next_dagrun for example_complex to None, run_after=None
[2023-11-20T14:40:26.377+0500] {processor.py:179} INFO - Processing /home/den/Projects/venv/lib/python3.10/site-packages/airflow/example_dags/example_complex.py took 0.071 seconds
[2023-11-20T14:50:01.887+0500] {processor.py:157} INFO - Started process (PID=6496) to work on /home/den/Projects/venv/lib/python3.10/site-packages/airflow/example_dags/example_complex.py
[2023-11-20T14:50:01.907+0500] {processor.py:829} INFO - Processing file /home/den/Projects/venv/lib/python3.10/site-packages/airflow/example_dags/example_complex.py for tasks to queue
[2023-11-20T14:50:01.908+0500] {logging_mixin.py:154} INFO - [2023-11-20T14:50:01.907+0500] {dagbag.py:536} INFO - Filling up the DagBag from /home/den/Projects/venv/lib/python3.10/site-packages/airflow/example_dags/example_complex.py
[2023-11-20T14:50:01.930+0500] {processor.py:839} INFO - DAG(s) dict_keys(['example_complex']) retrieved from /home/den/Projects/venv/lib/python3.10/site-packages/airflow/example_dags/example_complex.py
[2023-11-20T14:50:01.999+0500] {logging_mixin.py:154} INFO - [2023-11-20T14:50:01.999+0500] {dag.py:2941} INFO - Sync 1 DAGs
[2023-11-20T14:50:02.010+0500] {logging_mixin.py:154} INFO - [2023-11-20T14:50:02.010+0500] {dag.py:3722} INFO - Setting next_dagrun for example_complex to None, run_after=None
[2023-11-20T14:50:02.314+0500] {processor.py:179} INFO - Processing /home/den/Projects/venv/lib/python3.10/site-packages/airflow/example_dags/example_complex.py took 0.444 seconds
[2023-11-20T14:50:51.479+0500] {processor.py:157} INFO - Started process (PID=6568) to work on /home/den/Projects/venv/lib/python3.10/site-packages/airflow/example_dags/example_complex.py
[2023-11-20T14:50:51.489+0500] {processor.py:829} INFO - Processing file /home/den/Projects/venv/lib/python3.10/site-packages/airflow/example_dags/example_complex.py for tasks to queue
[2023-11-20T14:50:51.491+0500] {logging_mixin.py:154} INFO - [2023-11-20T14:50:51.490+0500] {dagbag.py:536} INFO - Filling up the DagBag from /home/den/Projects/venv/lib/python3.10/site-packages/airflow/example_dags/example_complex.py
[2023-11-20T14:50:51.508+0500] {processor.py:839} INFO - DAG(s) dict_keys(['example_complex']) retrieved from /home/den/Projects/venv/lib/python3.10/site-packages/airflow/example_dags/example_complex.py
[2023-11-20T14:50:51.550+0500] {logging_mixin.py:154} INFO - [2023-11-20T14:50:51.548+0500] {dag.py:2941} INFO - Sync 1 DAGs
[2023-11-20T14:50:51.570+0500] {logging_mixin.py:154} INFO - [2023-11-20T14:50:51.570+0500] {dag.py:3722} INFO - Setting next_dagrun for example_complex to None, run_after=None
[2023-11-20T14:50:51.615+0500] {processor.py:179} INFO - Processing /home/den/Projects/venv/lib/python3.10/site-packages/airflow/example_dags/example_complex.py took 0.139 seconds
[2023-11-20T14:51:37.108+0500] {processor.py:157} INFO - Started process (PID=6626) to work on /home/den/Projects/venv/lib/python3.10/site-packages/airflow/example_dags/example_complex.py
[2023-11-20T14:51:37.110+0500] {processor.py:829} INFO - Processing file /home/den/Projects/venv/lib/python3.10/site-packages/airflow/example_dags/example_complex.py for tasks to queue
[2023-11-20T14:51:37.111+0500] {logging_mixin.py:154} INFO - [2023-11-20T14:51:37.111+0500] {dagbag.py:536} INFO - Filling up the DagBag from /home/den/Projects/venv/lib/python3.10/site-packages/airflow/example_dags/example_complex.py
[2023-11-20T14:51:37.119+0500] {processor.py:839} INFO - DAG(s) dict_keys(['example_complex']) retrieved from /home/den/Projects/venv/lib/python3.10/site-packages/airflow/example_dags/example_complex.py
[2023-11-20T14:51:37.137+0500] {logging_mixin.py:154} INFO - [2023-11-20T14:51:37.137+0500] {dag.py:2941} INFO - Sync 1 DAGs
[2023-11-20T14:51:37.144+0500] {logging_mixin.py:154} INFO - [2023-11-20T14:51:37.144+0500] {dag.py:3722} INFO - Setting next_dagrun for example_complex to None, run_after=None
[2023-11-20T14:51:37.165+0500] {processor.py:179} INFO - Processing /home/den/Projects/venv/lib/python3.10/site-packages/airflow/example_dags/example_complex.py took 0.062 seconds
[2023-11-20T14:53:20.838+0500] {processor.py:157} INFO - Started process (PID=7378) to work on /home/den/Projects/venv/lib/python3.10/site-packages/airflow/example_dags/example_complex.py
[2023-11-20T14:53:20.848+0500] {processor.py:829} INFO - Processing file /home/den/Projects/venv/lib/python3.10/site-packages/airflow/example_dags/example_complex.py for tasks to queue
[2023-11-20T14:53:20.848+0500] {logging_mixin.py:154} INFO - [2023-11-20T14:53:20.848+0500] {dagbag.py:536} INFO - Filling up the DagBag from /home/den/Projects/venv/lib/python3.10/site-packages/airflow/example_dags/example_complex.py
[2023-11-20T14:53:20.863+0500] {processor.py:839} INFO - DAG(s) dict_keys(['example_complex']) retrieved from /home/den/Projects/venv/lib/python3.10/site-packages/airflow/example_dags/example_complex.py
[2023-11-20T14:53:20.923+0500] {logging_mixin.py:154} INFO - [2023-11-20T14:53:20.922+0500] {dag.py:2941} INFO - Sync 1 DAGs
[2023-11-20T14:53:20.946+0500] {logging_mixin.py:154} INFO - [2023-11-20T14:53:20.946+0500] {dag.py:3722} INFO - Setting next_dagrun for example_complex to None, run_after=None
[2023-11-20T14:53:20.993+0500] {processor.py:179} INFO - Processing /home/den/Projects/venv/lib/python3.10/site-packages/airflow/example_dags/example_complex.py took 0.158 seconds
[2023-11-20T14:54:52.775+0500] {processor.py:157} INFO - Started process (PID=7500) to work on /home/den/Projects/venv/lib/python3.10/site-packages/airflow/example_dags/example_complex.py
[2023-11-20T14:54:52.777+0500] {processor.py:829} INFO - Processing file /home/den/Projects/venv/lib/python3.10/site-packages/airflow/example_dags/example_complex.py for tasks to queue
[2023-11-20T14:54:52.778+0500] {logging_mixin.py:154} INFO - [2023-11-20T14:54:52.778+0500] {dagbag.py:536} INFO - Filling up the DagBag from /home/den/Projects/venv/lib/python3.10/site-packages/airflow/example_dags/example_complex.py
[2023-11-20T14:54:52.787+0500] {processor.py:839} INFO - DAG(s) dict_keys(['example_complex']) retrieved from /home/den/Projects/venv/lib/python3.10/site-packages/airflow/example_dags/example_complex.py
[2023-11-20T14:54:52.811+0500] {logging_mixin.py:154} INFO - [2023-11-20T14:54:52.811+0500] {dag.py:2941} INFO - Sync 1 DAGs
[2023-11-20T14:54:52.820+0500] {logging_mixin.py:154} INFO - [2023-11-20T14:54:52.820+0500] {dag.py:3722} INFO - Setting next_dagrun for example_complex to None, run_after=None
[2023-11-20T14:54:52.853+0500] {processor.py:179} INFO - Processing /home/den/Projects/venv/lib/python3.10/site-packages/airflow/example_dags/example_complex.py took 0.080 seconds
[2023-11-20T14:57:36.360+0500] {processor.py:157} INFO - Started process (PID=7657) to work on /home/den/Projects/venv/lib/python3.10/site-packages/airflow/example_dags/example_complex.py
[2023-11-20T14:57:36.362+0500] {processor.py:829} INFO - Processing file /home/den/Projects/venv/lib/python3.10/site-packages/airflow/example_dags/example_complex.py for tasks to queue
[2023-11-20T14:57:36.363+0500] {logging_mixin.py:154} INFO - [2023-11-20T14:57:36.362+0500] {dagbag.py:536} INFO - Filling up the DagBag from /home/den/Projects/venv/lib/python3.10/site-packages/airflow/example_dags/example_complex.py
[2023-11-20T14:57:36.372+0500] {processor.py:839} INFO - DAG(s) dict_keys(['example_complex']) retrieved from /home/den/Projects/venv/lib/python3.10/site-packages/airflow/example_dags/example_complex.py
[2023-11-20T14:57:36.395+0500] {logging_mixin.py:154} INFO - [2023-11-20T14:57:36.395+0500] {dag.py:2941} INFO - Sync 1 DAGs
[2023-11-20T14:57:36.403+0500] {logging_mixin.py:154} INFO - [2023-11-20T14:57:36.403+0500] {dag.py:3722} INFO - Setting next_dagrun for example_complex to None, run_after=None
[2023-11-20T14:57:36.421+0500] {processor.py:179} INFO - Processing /home/den/Projects/venv/lib/python3.10/site-packages/airflow/example_dags/example_complex.py took 0.063 seconds
[2023-11-20T14:58:21.651+0500] {processor.py:157} INFO - Started process (PID=7762) to work on /home/den/Projects/venv/lib/python3.10/site-packages/airflow/example_dags/example_complex.py
[2023-11-20T14:58:21.653+0500] {processor.py:829} INFO - Processing file /home/den/Projects/venv/lib/python3.10/site-packages/airflow/example_dags/example_complex.py for tasks to queue
[2023-11-20T14:58:21.654+0500] {logging_mixin.py:154} INFO - [2023-11-20T14:58:21.653+0500] {dagbag.py:536} INFO - Filling up the DagBag from /home/den/Projects/venv/lib/python3.10/site-packages/airflow/example_dags/example_complex.py
[2023-11-20T14:58:21.664+0500] {processor.py:839} INFO - DAG(s) dict_keys(['example_complex']) retrieved from /home/den/Projects/venv/lib/python3.10/site-packages/airflow/example_dags/example_complex.py
[2023-11-20T14:58:21.682+0500] {logging_mixin.py:154} INFO - [2023-11-20T14:58:21.682+0500] {dag.py:2941} INFO - Sync 1 DAGs
[2023-11-20T14:58:21.689+0500] {logging_mixin.py:154} INFO - [2023-11-20T14:58:21.689+0500] {dag.py:3722} INFO - Setting next_dagrun for example_complex to None, run_after=None
[2023-11-20T14:58:21.705+0500] {processor.py:179} INFO - Processing /home/den/Projects/venv/lib/python3.10/site-packages/airflow/example_dags/example_complex.py took 0.056 seconds
[2023-11-20T14:59:09.650+0500] {processor.py:157} INFO - Started process (PID=7824) to work on /home/den/Projects/venv/lib/python3.10/site-packages/airflow/example_dags/example_complex.py
[2023-11-20T14:59:09.652+0500] {processor.py:829} INFO - Processing file /home/den/Projects/venv/lib/python3.10/site-packages/airflow/example_dags/example_complex.py for tasks to queue
[2023-11-20T14:59:09.653+0500] {logging_mixin.py:154} INFO - [2023-11-20T14:59:09.652+0500] {dagbag.py:536} INFO - Filling up the DagBag from /home/den/Projects/venv/lib/python3.10/site-packages/airflow/example_dags/example_complex.py
[2023-11-20T14:59:09.660+0500] {processor.py:839} INFO - DAG(s) dict_keys(['example_complex']) retrieved from /home/den/Projects/venv/lib/python3.10/site-packages/airflow/example_dags/example_complex.py
[2023-11-20T14:59:09.676+0500] {logging_mixin.py:154} INFO - [2023-11-20T14:59:09.676+0500] {dag.py:2941} INFO - Sync 1 DAGs
[2023-11-20T14:59:09.683+0500] {logging_mixin.py:154} INFO - [2023-11-20T14:59:09.683+0500] {dag.py:3722} INFO - Setting next_dagrun for example_complex to None, run_after=None
[2023-11-20T14:59:09.700+0500] {processor.py:179} INFO - Processing /home/den/Projects/venv/lib/python3.10/site-packages/airflow/example_dags/example_complex.py took 0.053 seconds
[2023-11-20T14:59:58.008+0500] {processor.py:157} INFO - Started process (PID=7921) to work on /home/den/Projects/venv/lib/python3.10/site-packages/airflow/example_dags/example_complex.py
[2023-11-20T14:59:58.017+0500] {processor.py:829} INFO - Processing file /home/den/Projects/venv/lib/python3.10/site-packages/airflow/example_dags/example_complex.py for tasks to queue
[2023-11-20T14:59:58.018+0500] {logging_mixin.py:154} INFO - [2023-11-20T14:59:58.018+0500] {dagbag.py:536} INFO - Filling up the DagBag from /home/den/Projects/venv/lib/python3.10/site-packages/airflow/example_dags/example_complex.py
[2023-11-20T14:59:58.025+0500] {processor.py:839} INFO - DAG(s) dict_keys(['example_complex']) retrieved from /home/den/Projects/venv/lib/python3.10/site-packages/airflow/example_dags/example_complex.py
[2023-11-20T14:59:58.043+0500] {logging_mixin.py:154} INFO - [2023-11-20T14:59:58.043+0500] {dag.py:2941} INFO - Sync 1 DAGs
[2023-11-20T14:59:58.051+0500] {logging_mixin.py:154} INFO - [2023-11-20T14:59:58.051+0500] {dag.py:3722} INFO - Setting next_dagrun for example_complex to None, run_after=None
[2023-11-20T14:59:58.067+0500] {processor.py:179} INFO - Processing /home/den/Projects/venv/lib/python3.10/site-packages/airflow/example_dags/example_complex.py took 0.061 seconds
[2023-11-20T15:00:50.531+0500] {processor.py:157} INFO - Started process (PID=7992) to work on /home/den/Projects/venv/lib/python3.10/site-packages/airflow/example_dags/example_complex.py
[2023-11-20T15:00:50.532+0500] {processor.py:829} INFO - Processing file /home/den/Projects/venv/lib/python3.10/site-packages/airflow/example_dags/example_complex.py for tasks to queue
[2023-11-20T15:00:50.532+0500] {logging_mixin.py:154} INFO - [2023-11-20T15:00:50.532+0500] {dagbag.py:536} INFO - Filling up the DagBag from /home/den/Projects/venv/lib/python3.10/site-packages/airflow/example_dags/example_complex.py
[2023-11-20T15:00:50.546+0500] {processor.py:839} INFO - DAG(s) dict_keys(['example_complex']) retrieved from /home/den/Projects/venv/lib/python3.10/site-packages/airflow/example_dags/example_complex.py
[2023-11-20T15:00:50.576+0500] {logging_mixin.py:154} INFO - [2023-11-20T15:00:50.576+0500] {dag.py:2941} INFO - Sync 1 DAGs
[2023-11-20T15:00:50.589+0500] {logging_mixin.py:154} INFO - [2023-11-20T15:00:50.589+0500] {dag.py:3722} INFO - Setting next_dagrun for example_complex to None, run_after=None
[2023-11-20T15:00:50.621+0500] {processor.py:179} INFO - Processing /home/den/Projects/venv/lib/python3.10/site-packages/airflow/example_dags/example_complex.py took 0.093 seconds
[2023-11-20T15:01:40.908+0500] {processor.py:157} INFO - Started process (PID=8066) to work on /home/den/Projects/venv/lib/python3.10/site-packages/airflow/example_dags/example_complex.py
[2023-11-20T15:01:40.921+0500] {processor.py:829} INFO - Processing file /home/den/Projects/venv/lib/python3.10/site-packages/airflow/example_dags/example_complex.py for tasks to queue
[2023-11-20T15:01:40.922+0500] {logging_mixin.py:154} INFO - [2023-11-20T15:01:40.921+0500] {dagbag.py:536} INFO - Filling up the DagBag from /home/den/Projects/venv/lib/python3.10/site-packages/airflow/example_dags/example_complex.py
[2023-11-20T15:01:40.933+0500] {processor.py:839} INFO - DAG(s) dict_keys(['example_complex']) retrieved from /home/den/Projects/venv/lib/python3.10/site-packages/airflow/example_dags/example_complex.py
[2023-11-20T15:01:40.952+0500] {logging_mixin.py:154} INFO - [2023-11-20T15:01:40.952+0500] {dag.py:2941} INFO - Sync 1 DAGs
[2023-11-20T15:01:40.961+0500] {logging_mixin.py:154} INFO - [2023-11-20T15:01:40.961+0500] {dag.py:3722} INFO - Setting next_dagrun for example_complex to None, run_after=None
[2023-11-20T15:01:40.977+0500] {processor.py:179} INFO - Processing /home/den/Projects/venv/lib/python3.10/site-packages/airflow/example_dags/example_complex.py took 0.074 seconds
[2023-11-20T15:03:24.899+0500] {processor.py:157} INFO - Started process (PID=8261) to work on /home/den/Projects/venv/lib/python3.10/site-packages/airflow/example_dags/example_complex.py
[2023-11-20T15:03:24.902+0500] {processor.py:829} INFO - Processing file /home/den/Projects/venv/lib/python3.10/site-packages/airflow/example_dags/example_complex.py for tasks to queue
[2023-11-20T15:03:24.903+0500] {logging_mixin.py:154} INFO - [2023-11-20T15:03:24.902+0500] {dagbag.py:536} INFO - Filling up the DagBag from /home/den/Projects/venv/lib/python3.10/site-packages/airflow/example_dags/example_complex.py
[2023-11-20T15:03:24.914+0500] {processor.py:839} INFO - DAG(s) dict_keys(['example_complex']) retrieved from /home/den/Projects/venv/lib/python3.10/site-packages/airflow/example_dags/example_complex.py
[2023-11-20T15:03:24.933+0500] {logging_mixin.py:154} INFO - [2023-11-20T15:03:24.933+0500] {dag.py:2941} INFO - Sync 1 DAGs
[2023-11-20T15:03:24.942+0500] {logging_mixin.py:154} INFO - [2023-11-20T15:03:24.941+0500] {dag.py:3722} INFO - Setting next_dagrun for example_complex to None, run_after=None
[2023-11-20T15:03:24.977+0500] {processor.py:179} INFO - Processing /home/den/Projects/venv/lib/python3.10/site-packages/airflow/example_dags/example_complex.py took 0.082 seconds
[2023-11-20T15:04:13.652+0500] {processor.py:157} INFO - Started process (PID=8347) to work on /home/den/Projects/venv/lib/python3.10/site-packages/airflow/example_dags/example_complex.py
[2023-11-20T15:04:13.663+0500] {processor.py:829} INFO - Processing file /home/den/Projects/venv/lib/python3.10/site-packages/airflow/example_dags/example_complex.py for tasks to queue
[2023-11-20T15:04:13.665+0500] {logging_mixin.py:154} INFO - [2023-11-20T15:04:13.664+0500] {dagbag.py:536} INFO - Filling up the DagBag from /home/den/Projects/venv/lib/python3.10/site-packages/airflow/example_dags/example_complex.py
[2023-11-20T15:04:13.674+0500] {processor.py:839} INFO - DAG(s) dict_keys(['example_complex']) retrieved from /home/den/Projects/venv/lib/python3.10/site-packages/airflow/example_dags/example_complex.py
[2023-11-20T15:04:13.704+0500] {logging_mixin.py:154} INFO - [2023-11-20T15:04:13.704+0500] {dag.py:2941} INFO - Sync 1 DAGs
[2023-11-20T15:04:13.712+0500] {logging_mixin.py:154} INFO - [2023-11-20T15:04:13.712+0500] {dag.py:3722} INFO - Setting next_dagrun for example_complex to None, run_after=None
[2023-11-20T15:04:13.745+0500] {processor.py:179} INFO - Processing /home/den/Projects/venv/lib/python3.10/site-packages/airflow/example_dags/example_complex.py took 0.096 seconds
[2023-11-20T15:05:10.516+0500] {processor.py:157} INFO - Started process (PID=8424) to work on /home/den/Projects/venv/lib/python3.10/site-packages/airflow/example_dags/example_complex.py
[2023-11-20T15:05:10.517+0500] {processor.py:829} INFO - Processing file /home/den/Projects/venv/lib/python3.10/site-packages/airflow/example_dags/example_complex.py for tasks to queue
[2023-11-20T15:05:10.518+0500] {logging_mixin.py:154} INFO - [2023-11-20T15:05:10.518+0500] {dagbag.py:536} INFO - Filling up the DagBag from /home/den/Projects/venv/lib/python3.10/site-packages/airflow/example_dags/example_complex.py
[2023-11-20T15:05:10.529+0500] {processor.py:839} INFO - DAG(s) dict_keys(['example_complex']) retrieved from /home/den/Projects/venv/lib/python3.10/site-packages/airflow/example_dags/example_complex.py
[2023-11-20T15:05:10.560+0500] {logging_mixin.py:154} INFO - [2023-11-20T15:05:10.560+0500] {dag.py:2941} INFO - Sync 1 DAGs
[2023-11-20T15:05:10.574+0500] {logging_mixin.py:154} INFO - [2023-11-20T15:05:10.574+0500] {dag.py:3722} INFO - Setting next_dagrun for example_complex to None, run_after=None
[2023-11-20T15:05:10.611+0500] {processor.py:179} INFO - Processing /home/den/Projects/venv/lib/python3.10/site-packages/airflow/example_dags/example_complex.py took 0.106 seconds
[2023-11-20T15:06:06.939+0500] {processor.py:157} INFO - Started process (PID=8524) to work on /home/den/Projects/venv/lib/python3.10/site-packages/airflow/example_dags/example_complex.py
[2023-11-20T15:06:06.945+0500] {processor.py:829} INFO - Processing file /home/den/Projects/venv/lib/python3.10/site-packages/airflow/example_dags/example_complex.py for tasks to queue
[2023-11-20T15:06:06.946+0500] {logging_mixin.py:154} INFO - [2023-11-20T15:06:06.945+0500] {dagbag.py:536} INFO - Filling up the DagBag from /home/den/Projects/venv/lib/python3.10/site-packages/airflow/example_dags/example_complex.py
[2023-11-20T15:06:06.954+0500] {processor.py:839} INFO - DAG(s) dict_keys(['example_complex']) retrieved from /home/den/Projects/venv/lib/python3.10/site-packages/airflow/example_dags/example_complex.py
[2023-11-20T15:06:06.991+0500] {logging_mixin.py:154} INFO - [2023-11-20T15:06:06.990+0500] {dag.py:2941} INFO - Sync 1 DAGs
[2023-11-20T15:06:07.006+0500] {logging_mixin.py:154} INFO - [2023-11-20T15:06:07.005+0500] {dag.py:3722} INFO - Setting next_dagrun for example_complex to None, run_after=None
[2023-11-20T15:06:07.052+0500] {processor.py:179} INFO - Processing /home/den/Projects/venv/lib/python3.10/site-packages/airflow/example_dags/example_complex.py took 0.118 seconds
[2023-11-20T15:07:04.362+0500] {processor.py:157} INFO - Started process (PID=8605) to work on /home/den/Projects/venv/lib/python3.10/site-packages/airflow/example_dags/example_complex.py
[2023-11-20T15:07:04.365+0500] {processor.py:829} INFO - Processing file /home/den/Projects/venv/lib/python3.10/site-packages/airflow/example_dags/example_complex.py for tasks to queue
[2023-11-20T15:07:04.366+0500] {logging_mixin.py:154} INFO - [2023-11-20T15:07:04.365+0500] {dagbag.py:536} INFO - Filling up the DagBag from /home/den/Projects/venv/lib/python3.10/site-packages/airflow/example_dags/example_complex.py
[2023-11-20T15:07:04.390+0500] {processor.py:839} INFO - DAG(s) dict_keys(['example_complex']) retrieved from /home/den/Projects/venv/lib/python3.10/site-packages/airflow/example_dags/example_complex.py
[2023-11-20T15:07:04.441+0500] {logging_mixin.py:154} INFO - [2023-11-20T15:07:04.441+0500] {dag.py:2941} INFO - Sync 1 DAGs
[2023-11-20T15:07:04.474+0500] {logging_mixin.py:154} INFO - [2023-11-20T15:07:04.474+0500] {dag.py:3722} INFO - Setting next_dagrun for example_complex to None, run_after=None
[2023-11-20T15:07:04.535+0500] {processor.py:179} INFO - Processing /home/den/Projects/venv/lib/python3.10/site-packages/airflow/example_dags/example_complex.py took 0.182 seconds
[2023-11-20T15:08:08.527+0500] {processor.py:157} INFO - Started process (PID=8723) to work on /home/den/Projects/venv/lib/python3.10/site-packages/airflow/example_dags/example_complex.py
[2023-11-20T15:08:08.533+0500] {processor.py:829} INFO - Processing file /home/den/Projects/venv/lib/python3.10/site-packages/airflow/example_dags/example_complex.py for tasks to queue
[2023-11-20T15:08:08.534+0500] {logging_mixin.py:154} INFO - [2023-11-20T15:08:08.534+0500] {dagbag.py:536} INFO - Filling up the DagBag from /home/den/Projects/venv/lib/python3.10/site-packages/airflow/example_dags/example_complex.py
[2023-11-20T15:08:08.577+0500] {processor.py:839} INFO - DAG(s) dict_keys(['example_complex']) retrieved from /home/den/Projects/venv/lib/python3.10/site-packages/airflow/example_dags/example_complex.py
[2023-11-20T15:08:08.707+0500] {logging_mixin.py:154} INFO - [2023-11-20T15:08:08.707+0500] {dag.py:2941} INFO - Sync 1 DAGs
[2023-11-20T15:08:08.771+0500] {logging_mixin.py:154} INFO - [2023-11-20T15:08:08.771+0500] {dag.py:3722} INFO - Setting next_dagrun for example_complex to None, run_after=None
[2023-11-20T15:08:08.839+0500] {processor.py:179} INFO - Processing /home/den/Projects/venv/lib/python3.10/site-packages/airflow/example_dags/example_complex.py took 0.318 seconds
[2023-11-20T15:08:52.828+0500] {processor.py:157} INFO - Started process (PID=8792) to work on /home/den/Projects/venv/lib/python3.10/site-packages/airflow/example_dags/example_complex.py
[2023-11-20T15:08:52.831+0500] {processor.py:829} INFO - Processing file /home/den/Projects/venv/lib/python3.10/site-packages/airflow/example_dags/example_complex.py for tasks to queue
[2023-11-20T15:08:52.832+0500] {logging_mixin.py:154} INFO - [2023-11-20T15:08:52.832+0500] {dagbag.py:536} INFO - Filling up the DagBag from /home/den/Projects/venv/lib/python3.10/site-packages/airflow/example_dags/example_complex.py
[2023-11-20T15:08:52.840+0500] {processor.py:839} INFO - DAG(s) dict_keys(['example_complex']) retrieved from /home/den/Projects/venv/lib/python3.10/site-packages/airflow/example_dags/example_complex.py
[2023-11-20T15:08:52.872+0500] {logging_mixin.py:154} INFO - [2023-11-20T15:08:52.872+0500] {dag.py:2941} INFO - Sync 1 DAGs
[2023-11-20T15:08:52.891+0500] {logging_mixin.py:154} INFO - [2023-11-20T15:08:52.891+0500] {dag.py:3722} INFO - Setting next_dagrun for example_complex to None, run_after=None
[2023-11-20T15:08:52.947+0500] {processor.py:179} INFO - Processing /home/den/Projects/venv/lib/python3.10/site-packages/airflow/example_dags/example_complex.py took 0.122 seconds
[2023-11-20T15:09:51.692+0500] {processor.py:157} INFO - Started process (PID=8895) to work on /home/den/Projects/venv/lib/python3.10/site-packages/airflow/example_dags/example_complex.py
[2023-11-20T15:09:51.695+0500] {processor.py:829} INFO - Processing file /home/den/Projects/venv/lib/python3.10/site-packages/airflow/example_dags/example_complex.py for tasks to queue
[2023-11-20T15:09:51.696+0500] {logging_mixin.py:154} INFO - [2023-11-20T15:09:51.696+0500] {dagbag.py:536} INFO - Filling up the DagBag from /home/den/Projects/venv/lib/python3.10/site-packages/airflow/example_dags/example_complex.py
[2023-11-20T15:09:51.721+0500] {processor.py:839} INFO - DAG(s) dict_keys(['example_complex']) retrieved from /home/den/Projects/venv/lib/python3.10/site-packages/airflow/example_dags/example_complex.py
[2023-11-20T15:09:51.760+0500] {logging_mixin.py:154} INFO - [2023-11-20T15:09:51.759+0500] {dag.py:2941} INFO - Sync 1 DAGs
[2023-11-20T15:09:51.775+0500] {logging_mixin.py:154} INFO - [2023-11-20T15:09:51.774+0500] {dag.py:3722} INFO - Setting next_dagrun for example_complex to None, run_after=None
[2023-11-20T15:09:51.808+0500] {processor.py:179} INFO - Processing /home/den/Projects/venv/lib/python3.10/site-packages/airflow/example_dags/example_complex.py took 0.119 seconds
[2023-11-20T15:10:34.492+0500] {processor.py:157} INFO - Started process (PID=8947) to work on /home/den/Projects/venv/lib/python3.10/site-packages/airflow/example_dags/example_complex.py
[2023-11-20T15:10:34.495+0500] {processor.py:829} INFO - Processing file /home/den/Projects/venv/lib/python3.10/site-packages/airflow/example_dags/example_complex.py for tasks to queue
[2023-11-20T15:10:34.496+0500] {logging_mixin.py:154} INFO - [2023-11-20T15:10:34.496+0500] {dagbag.py:536} INFO - Filling up the DagBag from /home/den/Projects/venv/lib/python3.10/site-packages/airflow/example_dags/example_complex.py
[2023-11-20T15:10:34.507+0500] {processor.py:839} INFO - DAG(s) dict_keys(['example_complex']) retrieved from /home/den/Projects/venv/lib/python3.10/site-packages/airflow/example_dags/example_complex.py
[2023-11-20T15:10:34.542+0500] {logging_mixin.py:154} INFO - [2023-11-20T15:10:34.539+0500] {dag.py:2941} INFO - Sync 1 DAGs
[2023-11-20T15:10:34.560+0500] {logging_mixin.py:154} INFO - [2023-11-20T15:10:34.560+0500] {dag.py:3722} INFO - Setting next_dagrun for example_complex to None, run_after=None
[2023-11-20T15:10:34.603+0500] {processor.py:179} INFO - Processing /home/den/Projects/venv/lib/python3.10/site-packages/airflow/example_dags/example_complex.py took 0.118 seconds
[2023-11-20T15:11:23.433+0500] {processor.py:157} INFO - Started process (PID=9015) to work on /home/den/Projects/venv/lib/python3.10/site-packages/airflow/example_dags/example_complex.py
[2023-11-20T15:11:23.436+0500] {processor.py:829} INFO - Processing file /home/den/Projects/venv/lib/python3.10/site-packages/airflow/example_dags/example_complex.py for tasks to queue
[2023-11-20T15:11:23.438+0500] {logging_mixin.py:154} INFO - [2023-11-20T15:11:23.437+0500] {dagbag.py:536} INFO - Filling up the DagBag from /home/den/Projects/venv/lib/python3.10/site-packages/airflow/example_dags/example_complex.py
[2023-11-20T15:11:23.450+0500] {processor.py:839} INFO - DAG(s) dict_keys(['example_complex']) retrieved from /home/den/Projects/venv/lib/python3.10/site-packages/airflow/example_dags/example_complex.py
[2023-11-20T15:11:23.474+0500] {logging_mixin.py:154} INFO - [2023-11-20T15:11:23.473+0500] {dag.py:2941} INFO - Sync 1 DAGs
[2023-11-20T15:11:23.483+0500] {logging_mixin.py:154} INFO - [2023-11-20T15:11:23.483+0500] {dag.py:3722} INFO - Setting next_dagrun for example_complex to None, run_after=None
[2023-11-20T15:11:23.503+0500] {processor.py:179} INFO - Processing /home/den/Projects/venv/lib/python3.10/site-packages/airflow/example_dags/example_complex.py took 0.073 seconds
[2023-11-20T15:12:18.284+0500] {processor.py:157} INFO - Started process (PID=9108) to work on /home/den/Projects/venv/lib/python3.10/site-packages/airflow/example_dags/example_complex.py
[2023-11-20T15:12:18.288+0500] {processor.py:829} INFO - Processing file /home/den/Projects/venv/lib/python3.10/site-packages/airflow/example_dags/example_complex.py for tasks to queue
[2023-11-20T15:12:18.290+0500] {logging_mixin.py:154} INFO - [2023-11-20T15:12:18.289+0500] {dagbag.py:536} INFO - Filling up the DagBag from /home/den/Projects/venv/lib/python3.10/site-packages/airflow/example_dags/example_complex.py
[2023-11-20T15:12:18.312+0500] {processor.py:839} INFO - DAG(s) dict_keys(['example_complex']) retrieved from /home/den/Projects/venv/lib/python3.10/site-packages/airflow/example_dags/example_complex.py
[2023-11-20T15:12:18.342+0500] {logging_mixin.py:154} INFO - [2023-11-20T15:12:18.341+0500] {dag.py:2941} INFO - Sync 1 DAGs
[2023-11-20T15:12:18.358+0500] {logging_mixin.py:154} INFO - [2023-11-20T15:12:18.358+0500] {dag.py:3722} INFO - Setting next_dagrun for example_complex to None, run_after=None
[2023-11-20T15:12:18.403+0500] {processor.py:179} INFO - Processing /home/den/Projects/venv/lib/python3.10/site-packages/airflow/example_dags/example_complex.py took 0.123 seconds
[2023-11-20T15:13:12.002+0500] {processor.py:157} INFO - Started process (PID=9180) to work on /home/den/Projects/venv/lib/python3.10/site-packages/airflow/example_dags/example_complex.py
[2023-11-20T15:13:12.011+0500] {processor.py:829} INFO - Processing file /home/den/Projects/venv/lib/python3.10/site-packages/airflow/example_dags/example_complex.py for tasks to queue
[2023-11-20T15:13:12.018+0500] {logging_mixin.py:154} INFO - [2023-11-20T15:13:12.017+0500] {dagbag.py:536} INFO - Filling up the DagBag from /home/den/Projects/venv/lib/python3.10/site-packages/airflow/example_dags/example_complex.py
[2023-11-20T15:13:12.033+0500] {processor.py:839} INFO - DAG(s) dict_keys(['example_complex']) retrieved from /home/den/Projects/venv/lib/python3.10/site-packages/airflow/example_dags/example_complex.py
[2023-11-20T15:13:12.059+0500] {logging_mixin.py:154} INFO - [2023-11-20T15:13:12.059+0500] {dag.py:2941} INFO - Sync 1 DAGs
[2023-11-20T15:13:12.077+0500] {logging_mixin.py:154} INFO - [2023-11-20T15:13:12.077+0500] {dag.py:3722} INFO - Setting next_dagrun for example_complex to None, run_after=None
[2023-11-20T15:13:12.116+0500] {processor.py:179} INFO - Processing /home/den/Projects/venv/lib/python3.10/site-packages/airflow/example_dags/example_complex.py took 0.122 seconds
[2023-11-20T15:14:07.407+0500] {processor.py:157} INFO - Started process (PID=9291) to work on /home/den/Projects/venv/lib/python3.10/site-packages/airflow/example_dags/example_complex.py
[2023-11-20T15:14:07.408+0500] {processor.py:829} INFO - Processing file /home/den/Projects/venv/lib/python3.10/site-packages/airflow/example_dags/example_complex.py for tasks to queue
[2023-11-20T15:14:07.409+0500] {logging_mixin.py:154} INFO - [2023-11-20T15:14:07.409+0500] {dagbag.py:536} INFO - Filling up the DagBag from /home/den/Projects/venv/lib/python3.10/site-packages/airflow/example_dags/example_complex.py
[2023-11-20T15:14:07.418+0500] {processor.py:839} INFO - DAG(s) dict_keys(['example_complex']) retrieved from /home/den/Projects/venv/lib/python3.10/site-packages/airflow/example_dags/example_complex.py
[2023-11-20T15:14:07.455+0500] {logging_mixin.py:154} INFO - [2023-11-20T15:14:07.455+0500] {dag.py:2941} INFO - Sync 1 DAGs
[2023-11-20T15:14:07.469+0500] {logging_mixin.py:154} INFO - [2023-11-20T15:14:07.469+0500] {dag.py:3722} INFO - Setting next_dagrun for example_complex to None, run_after=None
[2023-11-20T15:14:07.523+0500] {processor.py:179} INFO - Processing /home/den/Projects/venv/lib/python3.10/site-packages/airflow/example_dags/example_complex.py took 0.120 seconds
[2023-11-20T15:15:04.023+0500] {processor.py:157} INFO - Started process (PID=9373) to work on /home/den/Projects/venv/lib/python3.10/site-packages/airflow/example_dags/example_complex.py
[2023-11-20T15:15:04.025+0500] {processor.py:829} INFO - Processing file /home/den/Projects/venv/lib/python3.10/site-packages/airflow/example_dags/example_complex.py for tasks to queue
[2023-11-20T15:15:04.025+0500] {logging_mixin.py:154} INFO - [2023-11-20T15:15:04.025+0500] {dagbag.py:536} INFO - Filling up the DagBag from /home/den/Projects/venv/lib/python3.10/site-packages/airflow/example_dags/example_complex.py
[2023-11-20T15:15:04.043+0500] {processor.py:839} INFO - DAG(s) dict_keys(['example_complex']) retrieved from /home/den/Projects/venv/lib/python3.10/site-packages/airflow/example_dags/example_complex.py
[2023-11-20T15:15:04.063+0500] {logging_mixin.py:154} INFO - [2023-11-20T15:15:04.063+0500] {dag.py:2941} INFO - Sync 1 DAGs
[2023-11-20T15:15:04.072+0500] {logging_mixin.py:154} INFO - [2023-11-20T15:15:04.072+0500] {dag.py:3722} INFO - Setting next_dagrun for example_complex to None, run_after=None
[2023-11-20T15:15:04.089+0500] {processor.py:179} INFO - Processing /home/den/Projects/venv/lib/python3.10/site-packages/airflow/example_dags/example_complex.py took 0.069 seconds
[2023-11-20T15:15:52.067+0500] {processor.py:157} INFO - Started process (PID=9467) to work on /home/den/Projects/venv/lib/python3.10/site-packages/airflow/example_dags/example_complex.py
[2023-11-20T15:15:52.069+0500] {processor.py:829} INFO - Processing file /home/den/Projects/venv/lib/python3.10/site-packages/airflow/example_dags/example_complex.py for tasks to queue
[2023-11-20T15:15:52.069+0500] {logging_mixin.py:154} INFO - [2023-11-20T15:15:52.069+0500] {dagbag.py:536} INFO - Filling up the DagBag from /home/den/Projects/venv/lib/python3.10/site-packages/airflow/example_dags/example_complex.py
[2023-11-20T15:15:52.078+0500] {processor.py:839} INFO - DAG(s) dict_keys(['example_complex']) retrieved from /home/den/Projects/venv/lib/python3.10/site-packages/airflow/example_dags/example_complex.py
[2023-11-20T15:15:52.095+0500] {logging_mixin.py:154} INFO - [2023-11-20T15:15:52.095+0500] {dag.py:2941} INFO - Sync 1 DAGs
[2023-11-20T15:15:52.103+0500] {logging_mixin.py:154} INFO - [2023-11-20T15:15:52.103+0500] {dag.py:3722} INFO - Setting next_dagrun for example_complex to None, run_after=None
[2023-11-20T15:15:52.123+0500] {processor.py:179} INFO - Processing /home/den/Projects/venv/lib/python3.10/site-packages/airflow/example_dags/example_complex.py took 0.059 seconds
[2023-11-20T15:16:39.572+0500] {processor.py:157} INFO - Started process (PID=9528) to work on /home/den/Projects/venv/lib/python3.10/site-packages/airflow/example_dags/example_complex.py
[2023-11-20T15:16:39.573+0500] {processor.py:829} INFO - Processing file /home/den/Projects/venv/lib/python3.10/site-packages/airflow/example_dags/example_complex.py for tasks to queue
[2023-11-20T15:16:39.574+0500] {logging_mixin.py:154} INFO - [2023-11-20T15:16:39.574+0500] {dagbag.py:536} INFO - Filling up the DagBag from /home/den/Projects/venv/lib/python3.10/site-packages/airflow/example_dags/example_complex.py
[2023-11-20T15:16:39.583+0500] {processor.py:839} INFO - DAG(s) dict_keys(['example_complex']) retrieved from /home/den/Projects/venv/lib/python3.10/site-packages/airflow/example_dags/example_complex.py
[2023-11-20T15:16:39.613+0500] {logging_mixin.py:154} INFO - [2023-11-20T15:16:39.613+0500] {dag.py:2941} INFO - Sync 1 DAGs
[2023-11-20T15:16:39.623+0500] {logging_mixin.py:154} INFO - [2023-11-20T15:16:39.623+0500] {dag.py:3722} INFO - Setting next_dagrun for example_complex to None, run_after=None
[2023-11-20T15:16:39.649+0500] {processor.py:179} INFO - Processing /home/den/Projects/venv/lib/python3.10/site-packages/airflow/example_dags/example_complex.py took 0.080 seconds
[2023-11-20T15:17:26.112+0500] {processor.py:157} INFO - Started process (PID=9599) to work on /home/den/Projects/venv/lib/python3.10/site-packages/airflow/example_dags/example_complex.py
[2023-11-20T15:17:26.113+0500] {processor.py:829} INFO - Processing file /home/den/Projects/venv/lib/python3.10/site-packages/airflow/example_dags/example_complex.py for tasks to queue
[2023-11-20T15:17:26.114+0500] {logging_mixin.py:154} INFO - [2023-11-20T15:17:26.114+0500] {dagbag.py:536} INFO - Filling up the DagBag from /home/den/Projects/venv/lib/python3.10/site-packages/airflow/example_dags/example_complex.py
[2023-11-20T15:17:26.124+0500] {processor.py:839} INFO - DAG(s) dict_keys(['example_complex']) retrieved from /home/den/Projects/venv/lib/python3.10/site-packages/airflow/example_dags/example_complex.py
[2023-11-20T15:17:26.144+0500] {logging_mixin.py:154} INFO - [2023-11-20T15:17:26.144+0500] {dag.py:2941} INFO - Sync 1 DAGs
[2023-11-20T15:17:26.153+0500] {logging_mixin.py:154} INFO - [2023-11-20T15:17:26.153+0500] {dag.py:3722} INFO - Setting next_dagrun for example_complex to None, run_after=None
[2023-11-20T15:17:26.172+0500] {processor.py:179} INFO - Processing /home/den/Projects/venv/lib/python3.10/site-packages/airflow/example_dags/example_complex.py took 0.063 seconds
[2023-11-20T15:18:11.918+0500] {processor.py:157} INFO - Started process (PID=9683) to work on /home/den/Projects/venv/lib/python3.10/site-packages/airflow/example_dags/example_complex.py
[2023-11-20T15:18:11.920+0500] {processor.py:829} INFO - Processing file /home/den/Projects/venv/lib/python3.10/site-packages/airflow/example_dags/example_complex.py for tasks to queue
[2023-11-20T15:18:11.920+0500] {logging_mixin.py:154} INFO - [2023-11-20T15:18:11.920+0500] {dagbag.py:536} INFO - Filling up the DagBag from /home/den/Projects/venv/lib/python3.10/site-packages/airflow/example_dags/example_complex.py
[2023-11-20T15:18:11.929+0500] {processor.py:839} INFO - DAG(s) dict_keys(['example_complex']) retrieved from /home/den/Projects/venv/lib/python3.10/site-packages/airflow/example_dags/example_complex.py
[2023-11-20T15:18:11.948+0500] {logging_mixin.py:154} INFO - [2023-11-20T15:18:11.948+0500] {dag.py:2941} INFO - Sync 1 DAGs
[2023-11-20T15:18:11.958+0500] {logging_mixin.py:154} INFO - [2023-11-20T15:18:11.957+0500] {dag.py:3722} INFO - Setting next_dagrun for example_complex to None, run_after=None
[2023-11-20T15:18:11.975+0500] {processor.py:179} INFO - Processing /home/den/Projects/venv/lib/python3.10/site-packages/airflow/example_dags/example_complex.py took 0.061 seconds
[2023-11-20T15:19:04.781+0500] {processor.py:157} INFO - Started process (PID=9759) to work on /home/den/Projects/venv/lib/python3.10/site-packages/airflow/example_dags/example_complex.py
[2023-11-20T15:19:04.782+0500] {processor.py:829} INFO - Processing file /home/den/Projects/venv/lib/python3.10/site-packages/airflow/example_dags/example_complex.py for tasks to queue
[2023-11-20T15:19:04.783+0500] {logging_mixin.py:154} INFO - [2023-11-20T15:19:04.783+0500] {dagbag.py:536} INFO - Filling up the DagBag from /home/den/Projects/venv/lib/python3.10/site-packages/airflow/example_dags/example_complex.py
[2023-11-20T15:19:04.791+0500] {processor.py:839} INFO - DAG(s) dict_keys(['example_complex']) retrieved from /home/den/Projects/venv/lib/python3.10/site-packages/airflow/example_dags/example_complex.py
[2023-11-20T15:19:04.809+0500] {logging_mixin.py:154} INFO - [2023-11-20T15:19:04.809+0500] {dag.py:2941} INFO - Sync 1 DAGs
[2023-11-20T15:19:04.817+0500] {logging_mixin.py:154} INFO - [2023-11-20T15:19:04.817+0500] {dag.py:3722} INFO - Setting next_dagrun for example_complex to None, run_after=None
[2023-11-20T15:19:04.836+0500] {processor.py:179} INFO - Processing /home/den/Projects/venv/lib/python3.10/site-packages/airflow/example_dags/example_complex.py took 0.059 seconds
[2023-11-20T15:19:50.000+0500] {processor.py:157} INFO - Started process (PID=9861) to work on /home/den/Projects/venv/lib/python3.10/site-packages/airflow/example_dags/example_complex.py
[2023-11-20T15:19:50.013+0500] {processor.py:829} INFO - Processing file /home/den/Projects/venv/lib/python3.10/site-packages/airflow/example_dags/example_complex.py for tasks to queue
[2023-11-20T15:19:50.018+0500] {logging_mixin.py:154} INFO - [2023-11-20T15:19:50.013+0500] {dagbag.py:536} INFO - Filling up the DagBag from /home/den/Projects/venv/lib/python3.10/site-packages/airflow/example_dags/example_complex.py
[2023-11-20T15:19:50.029+0500] {processor.py:839} INFO - DAG(s) dict_keys(['example_complex']) retrieved from /home/den/Projects/venv/lib/python3.10/site-packages/airflow/example_dags/example_complex.py
[2023-11-20T15:19:50.058+0500] {logging_mixin.py:154} INFO - [2023-11-20T15:19:50.058+0500] {dag.py:2941} INFO - Sync 1 DAGs
[2023-11-20T15:19:50.068+0500] {logging_mixin.py:154} INFO - [2023-11-20T15:19:50.068+0500] {dag.py:3722} INFO - Setting next_dagrun for example_complex to None, run_after=None
[2023-11-20T15:19:50.088+0500] {processor.py:179} INFO - Processing /home/den/Projects/venv/lib/python3.10/site-packages/airflow/example_dags/example_complex.py took 0.092 seconds
[2023-11-20T15:20:34.875+0500] {processor.py:157} INFO - Started process (PID=9969) to work on /home/den/Projects/venv/lib/python3.10/site-packages/airflow/example_dags/example_complex.py
[2023-11-20T15:20:34.878+0500] {processor.py:829} INFO - Processing file /home/den/Projects/venv/lib/python3.10/site-packages/airflow/example_dags/example_complex.py for tasks to queue
[2023-11-20T15:20:34.880+0500] {logging_mixin.py:154} INFO - [2023-11-20T15:20:34.879+0500] {dagbag.py:536} INFO - Filling up the DagBag from /home/den/Projects/venv/lib/python3.10/site-packages/airflow/example_dags/example_complex.py
[2023-11-20T15:20:34.893+0500] {processor.py:839} INFO - DAG(s) dict_keys(['example_complex']) retrieved from /home/den/Projects/venv/lib/python3.10/site-packages/airflow/example_dags/example_complex.py
[2023-11-20T15:20:34.926+0500] {logging_mixin.py:154} INFO - [2023-11-20T15:20:34.926+0500] {dag.py:2941} INFO - Sync 1 DAGs
[2023-11-20T15:20:34.941+0500] {logging_mixin.py:154} INFO - [2023-11-20T15:20:34.940+0500] {dag.py:3722} INFO - Setting next_dagrun for example_complex to None, run_after=None
[2023-11-20T15:20:34.985+0500] {processor.py:179} INFO - Processing /home/den/Projects/venv/lib/python3.10/site-packages/airflow/example_dags/example_complex.py took 0.114 seconds
[2023-11-20T15:21:18.535+0500] {processor.py:157} INFO - Started process (PID=10021) to work on /home/den/Projects/venv/lib/python3.10/site-packages/airflow/example_dags/example_complex.py
[2023-11-20T15:21:18.541+0500] {processor.py:829} INFO - Processing file /home/den/Projects/venv/lib/python3.10/site-packages/airflow/example_dags/example_complex.py for tasks to queue
[2023-11-20T15:21:18.542+0500] {logging_mixin.py:154} INFO - [2023-11-20T15:21:18.542+0500] {dagbag.py:536} INFO - Filling up the DagBag from /home/den/Projects/venv/lib/python3.10/site-packages/airflow/example_dags/example_complex.py
[2023-11-20T15:21:18.553+0500] {processor.py:839} INFO - DAG(s) dict_keys(['example_complex']) retrieved from /home/den/Projects/venv/lib/python3.10/site-packages/airflow/example_dags/example_complex.py
[2023-11-20T15:21:18.573+0500] {logging_mixin.py:154} INFO - [2023-11-20T15:21:18.573+0500] {dag.py:2941} INFO - Sync 1 DAGs
[2023-11-20T15:21:18.581+0500] {logging_mixin.py:154} INFO - [2023-11-20T15:21:18.581+0500] {dag.py:3722} INFO - Setting next_dagrun for example_complex to None, run_after=None
[2023-11-20T15:21:18.613+0500] {processor.py:179} INFO - Processing /home/den/Projects/venv/lib/python3.10/site-packages/airflow/example_dags/example_complex.py took 0.083 seconds
[2023-11-20T15:22:21.679+0500] {processor.py:157} INFO - Started process (PID=10134) to work on /home/den/Projects/venv/lib/python3.10/site-packages/airflow/example_dags/example_complex.py
[2023-11-20T15:22:21.680+0500] {processor.py:829} INFO - Processing file /home/den/Projects/venv/lib/python3.10/site-packages/airflow/example_dags/example_complex.py for tasks to queue
[2023-11-20T15:22:21.681+0500] {logging_mixin.py:154} INFO - [2023-11-20T15:22:21.680+0500] {dagbag.py:536} INFO - Filling up the DagBag from /home/den/Projects/venv/lib/python3.10/site-packages/airflow/example_dags/example_complex.py
[2023-11-20T15:22:21.692+0500] {processor.py:839} INFO - DAG(s) dict_keys(['example_complex']) retrieved from /home/den/Projects/venv/lib/python3.10/site-packages/airflow/example_dags/example_complex.py
[2023-11-20T15:22:21.728+0500] {logging_mixin.py:154} INFO - [2023-11-20T15:22:21.728+0500] {dag.py:2941} INFO - Sync 1 DAGs
[2023-11-20T15:22:21.739+0500] {logging_mixin.py:154} INFO - [2023-11-20T15:22:21.739+0500] {dag.py:3722} INFO - Setting next_dagrun for example_complex to None, run_after=None
[2023-11-20T15:22:21.771+0500] {processor.py:179} INFO - Processing /home/den/Projects/venv/lib/python3.10/site-packages/airflow/example_dags/example_complex.py took 0.096 seconds
[2023-11-20T15:23:03.725+0500] {processor.py:157} INFO - Started process (PID=10190) to work on /home/den/Projects/venv/lib/python3.10/site-packages/airflow/example_dags/example_complex.py
[2023-11-20T15:23:03.728+0500] {processor.py:829} INFO - Processing file /home/den/Projects/venv/lib/python3.10/site-packages/airflow/example_dags/example_complex.py for tasks to queue
[2023-11-20T15:23:03.730+0500] {logging_mixin.py:154} INFO - [2023-11-20T15:23:03.729+0500] {dagbag.py:536} INFO - Filling up the DagBag from /home/den/Projects/venv/lib/python3.10/site-packages/airflow/example_dags/example_complex.py
[2023-11-20T15:23:03.742+0500] {processor.py:839} INFO - DAG(s) dict_keys(['example_complex']) retrieved from /home/den/Projects/venv/lib/python3.10/site-packages/airflow/example_dags/example_complex.py
[2023-11-20T15:23:03.767+0500] {logging_mixin.py:154} INFO - [2023-11-20T15:23:03.767+0500] {dag.py:2941} INFO - Sync 1 DAGs
[2023-11-20T15:23:03.776+0500] {logging_mixin.py:154} INFO - [2023-11-20T15:23:03.776+0500] {dag.py:3722} INFO - Setting next_dagrun for example_complex to None, run_after=None
[2023-11-20T15:23:03.811+0500] {processor.py:179} INFO - Processing /home/den/Projects/venv/lib/python3.10/site-packages/airflow/example_dags/example_complex.py took 0.089 seconds
