[2023-11-20T14:39:59.614+0500] {processor.py:157} INFO - Started process (PID=5248) to work on /home/den/Projects/venv/lib/python3.10/site-packages/airflow/example_dags/example_local_kubernetes_executor.py
[2023-11-20T14:39:59.615+0500] {processor.py:829} INFO - Processing file /home/den/Projects/venv/lib/python3.10/site-packages/airflow/example_dags/example_local_kubernetes_executor.py for tasks to queue
[2023-11-20T14:39:59.615+0500] {logging_mixin.py:154} INFO - [2023-11-20T14:39:59.615+0500] {dagbag.py:536} INFO - Filling up the DagBag from /home/den/Projects/venv/lib/python3.10/site-packages/airflow/example_dags/example_local_kubernetes_executor.py
[2023-11-20T14:39:59.623+0500] {logging_mixin.py:154} INFO - [2023-11-20T14:39:59.621+0500] {example_local_kubernetes_executor.py:39} WARNING - Could not import DAGs in example_local_kubernetes_executor.py
Traceback (most recent call last):
  File "/home/den/Projects/venv/lib/python3.10/site-packages/airflow/example_dags/example_local_kubernetes_executor.py", line 37, in <module>
    from kubernetes.client import models as k8s
ModuleNotFoundError: No module named 'kubernetes'
[2023-11-20T14:39:59.623+0500] {logging_mixin.py:154} INFO - [2023-11-20T14:39:59.623+0500] {example_local_kubernetes_executor.py:40} WARNING - Install Kubernetes dependencies with: pip install apache-airflow[cncf.kubernetes]
[2023-11-20T14:39:59.624+0500] {processor.py:841} WARNING - No viable dags retrieved from /home/den/Projects/venv/lib/python3.10/site-packages/airflow/example_dags/example_local_kubernetes_executor.py
[2023-11-20T14:39:59.636+0500] {processor.py:179} INFO - Processing /home/den/Projects/venv/lib/python3.10/site-packages/airflow/example_dags/example_local_kubernetes_executor.py took 0.025 seconds
[2023-11-20T14:50:24.382+0500] {processor.py:157} INFO - Started process (PID=6531) to work on /home/den/Projects/venv/lib/python3.10/site-packages/airflow/example_dags/example_local_kubernetes_executor.py
[2023-11-20T14:50:24.383+0500] {processor.py:829} INFO - Processing file /home/den/Projects/venv/lib/python3.10/site-packages/airflow/example_dags/example_local_kubernetes_executor.py for tasks to queue
[2023-11-20T14:50:24.384+0500] {logging_mixin.py:154} INFO - [2023-11-20T14:50:24.384+0500] {dagbag.py:536} INFO - Filling up the DagBag from /home/den/Projects/venv/lib/python3.10/site-packages/airflow/example_dags/example_local_kubernetes_executor.py
[2023-11-20T14:50:24.388+0500] {logging_mixin.py:154} INFO - [2023-11-20T14:50:24.387+0500] {example_local_kubernetes_executor.py:39} WARNING - Could not import DAGs in example_local_kubernetes_executor.py
Traceback (most recent call last):
  File "/home/den/Projects/venv/lib/python3.10/site-packages/airflow/example_dags/example_local_kubernetes_executor.py", line 37, in <module>
    from kubernetes.client import models as k8s
ModuleNotFoundError: No module named 'kubernetes'
[2023-11-20T14:50:24.388+0500] {logging_mixin.py:154} INFO - [2023-11-20T14:50:24.388+0500] {example_local_kubernetes_executor.py:40} WARNING - Install Kubernetes dependencies with: pip install apache-airflow[cncf.kubernetes]
[2023-11-20T14:50:24.388+0500] {processor.py:841} WARNING - No viable dags retrieved from /home/den/Projects/venv/lib/python3.10/site-packages/airflow/example_dags/example_local_kubernetes_executor.py
[2023-11-20T14:50:24.395+0500] {processor.py:179} INFO - Processing /home/den/Projects/venv/lib/python3.10/site-packages/airflow/example_dags/example_local_kubernetes_executor.py took 0.016 seconds
[2023-11-20T14:51:22.512+0500] {processor.py:157} INFO - Started process (PID=6609) to work on /home/den/Projects/venv/lib/python3.10/site-packages/airflow/example_dags/example_local_kubernetes_executor.py
[2023-11-20T14:51:22.517+0500] {processor.py:829} INFO - Processing file /home/den/Projects/venv/lib/python3.10/site-packages/airflow/example_dags/example_local_kubernetes_executor.py for tasks to queue
[2023-11-20T14:51:22.518+0500] {logging_mixin.py:154} INFO - [2023-11-20T14:51:22.517+0500] {dagbag.py:536} INFO - Filling up the DagBag from /home/den/Projects/venv/lib/python3.10/site-packages/airflow/example_dags/example_local_kubernetes_executor.py
[2023-11-20T14:51:22.522+0500] {logging_mixin.py:154} INFO - [2023-11-20T14:51:22.521+0500] {example_local_kubernetes_executor.py:39} WARNING - Could not import DAGs in example_local_kubernetes_executor.py
Traceback (most recent call last):
  File "/home/den/Projects/venv/lib/python3.10/site-packages/airflow/example_dags/example_local_kubernetes_executor.py", line 37, in <module>
    from kubernetes.client import models as k8s
ModuleNotFoundError: No module named 'kubernetes'
[2023-11-20T14:51:22.523+0500] {logging_mixin.py:154} INFO - [2023-11-20T14:51:22.523+0500] {example_local_kubernetes_executor.py:40} WARNING - Install Kubernetes dependencies with: pip install apache-airflow[cncf.kubernetes]
[2023-11-20T14:51:22.523+0500] {processor.py:841} WARNING - No viable dags retrieved from /home/den/Projects/venv/lib/python3.10/site-packages/airflow/example_dags/example_local_kubernetes_executor.py
[2023-11-20T14:51:22.540+0500] {processor.py:179} INFO - Processing /home/den/Projects/venv/lib/python3.10/site-packages/airflow/example_dags/example_local_kubernetes_executor.py took 0.031 seconds
[2023-11-20T14:52:13.068+0500] {processor.py:157} INFO - Started process (PID=6742) to work on /home/den/Projects/venv/lib/python3.10/site-packages/airflow/example_dags/example_local_kubernetes_executor.py
[2023-11-20T14:52:13.077+0500] {processor.py:829} INFO - Processing file /home/den/Projects/venv/lib/python3.10/site-packages/airflow/example_dags/example_local_kubernetes_executor.py for tasks to queue
[2023-11-20T14:52:13.078+0500] {logging_mixin.py:154} INFO - [2023-11-20T14:52:13.078+0500] {dagbag.py:536} INFO - Filling up the DagBag from /home/den/Projects/venv/lib/python3.10/site-packages/airflow/example_dags/example_local_kubernetes_executor.py
[2023-11-20T14:52:13.084+0500] {logging_mixin.py:154} INFO - [2023-11-20T14:52:13.083+0500] {example_local_kubernetes_executor.py:39} WARNING - Could not import DAGs in example_local_kubernetes_executor.py
Traceback (most recent call last):
  File "/home/den/Projects/venv/lib/python3.10/site-packages/airflow/example_dags/example_local_kubernetes_executor.py", line 37, in <module>
    from kubernetes.client import models as k8s
ModuleNotFoundError: No module named 'kubernetes'
[2023-11-20T14:52:13.084+0500] {logging_mixin.py:154} INFO - [2023-11-20T14:52:13.084+0500] {example_local_kubernetes_executor.py:40} WARNING - Install Kubernetes dependencies with: pip install apache-airflow[cncf.kubernetes]
[2023-11-20T14:52:13.084+0500] {processor.py:841} WARNING - No viable dags retrieved from /home/den/Projects/venv/lib/python3.10/site-packages/airflow/example_dags/example_local_kubernetes_executor.py
[2023-11-20T14:52:13.092+0500] {processor.py:179} INFO - Processing /home/den/Projects/venv/lib/python3.10/site-packages/airflow/example_dags/example_local_kubernetes_executor.py took 0.027 seconds
[2023-11-20T14:57:55.791+0500] {processor.py:157} INFO - Started process (PID=7712) to work on /home/den/Projects/venv/lib/python3.10/site-packages/airflow/example_dags/example_local_kubernetes_executor.py
[2023-11-20T14:57:55.795+0500] {processor.py:829} INFO - Processing file /home/den/Projects/venv/lib/python3.10/site-packages/airflow/example_dags/example_local_kubernetes_executor.py for tasks to queue
[2023-11-20T14:57:55.796+0500] {logging_mixin.py:154} INFO - [2023-11-20T14:57:55.796+0500] {dagbag.py:536} INFO - Filling up the DagBag from /home/den/Projects/venv/lib/python3.10/site-packages/airflow/example_dags/example_local_kubernetes_executor.py
[2023-11-20T14:57:55.804+0500] {logging_mixin.py:154} INFO - [2023-11-20T14:57:55.803+0500] {example_local_kubernetes_executor.py:39} WARNING - Could not import DAGs in example_local_kubernetes_executor.py
Traceback (most recent call last):
  File "/home/den/Projects/venv/lib/python3.10/site-packages/airflow/example_dags/example_local_kubernetes_executor.py", line 37, in <module>
    from kubernetes.client import models as k8s
ModuleNotFoundError: No module named 'kubernetes'
[2023-11-20T14:57:55.804+0500] {logging_mixin.py:154} INFO - [2023-11-20T14:57:55.804+0500] {example_local_kubernetes_executor.py:40} WARNING - Install Kubernetes dependencies with: pip install apache-airflow[cncf.kubernetes]
[2023-11-20T14:57:55.804+0500] {processor.py:841} WARNING - No viable dags retrieved from /home/den/Projects/venv/lib/python3.10/site-packages/airflow/example_dags/example_local_kubernetes_executor.py
[2023-11-20T14:57:55.812+0500] {processor.py:179} INFO - Processing /home/den/Projects/venv/lib/python3.10/site-packages/airflow/example_dags/example_local_kubernetes_executor.py took 0.024 seconds
[2023-11-20T14:58:45.075+0500] {processor.py:157} INFO - Started process (PID=7788) to work on /home/den/Projects/venv/lib/python3.10/site-packages/airflow/example_dags/example_local_kubernetes_executor.py
[2023-11-20T14:58:45.086+0500] {processor.py:829} INFO - Processing file /home/den/Projects/venv/lib/python3.10/site-packages/airflow/example_dags/example_local_kubernetes_executor.py for tasks to queue
[2023-11-20T14:58:45.087+0500] {logging_mixin.py:154} INFO - [2023-11-20T14:58:45.086+0500] {dagbag.py:536} INFO - Filling up the DagBag from /home/den/Projects/venv/lib/python3.10/site-packages/airflow/example_dags/example_local_kubernetes_executor.py
[2023-11-20T14:58:45.091+0500] {logging_mixin.py:154} INFO - [2023-11-20T14:58:45.090+0500] {example_local_kubernetes_executor.py:39} WARNING - Could not import DAGs in example_local_kubernetes_executor.py
Traceback (most recent call last):
  File "/home/den/Projects/venv/lib/python3.10/site-packages/airflow/example_dags/example_local_kubernetes_executor.py", line 37, in <module>
    from kubernetes.client import models as k8s
ModuleNotFoundError: No module named 'kubernetes'
[2023-11-20T14:58:45.091+0500] {logging_mixin.py:154} INFO - [2023-11-20T14:58:45.091+0500] {example_local_kubernetes_executor.py:40} WARNING - Install Kubernetes dependencies with: pip install apache-airflow[cncf.kubernetes]
[2023-11-20T14:58:45.092+0500] {processor.py:841} WARNING - No viable dags retrieved from /home/den/Projects/venv/lib/python3.10/site-packages/airflow/example_dags/example_local_kubernetes_executor.py
[2023-11-20T14:58:45.101+0500] {processor.py:179} INFO - Processing /home/den/Projects/venv/lib/python3.10/site-packages/airflow/example_dags/example_local_kubernetes_executor.py took 0.030 seconds
[2023-11-20T14:59:31.822+0500] {processor.py:157} INFO - Started process (PID=7857) to work on /home/den/Projects/venv/lib/python3.10/site-packages/airflow/example_dags/example_local_kubernetes_executor.py
[2023-11-20T14:59:31.824+0500] {processor.py:829} INFO - Processing file /home/den/Projects/venv/lib/python3.10/site-packages/airflow/example_dags/example_local_kubernetes_executor.py for tasks to queue
[2023-11-20T14:59:31.826+0500] {logging_mixin.py:154} INFO - [2023-11-20T14:59:31.825+0500] {dagbag.py:536} INFO - Filling up the DagBag from /home/den/Projects/venv/lib/python3.10/site-packages/airflow/example_dags/example_local_kubernetes_executor.py
[2023-11-20T14:59:31.828+0500] {logging_mixin.py:154} INFO - [2023-11-20T14:59:31.828+0500] {example_local_kubernetes_executor.py:39} WARNING - Could not import DAGs in example_local_kubernetes_executor.py
Traceback (most recent call last):
  File "/home/den/Projects/venv/lib/python3.10/site-packages/airflow/example_dags/example_local_kubernetes_executor.py", line 37, in <module>
    from kubernetes.client import models as k8s
ModuleNotFoundError: No module named 'kubernetes'
[2023-11-20T14:59:31.828+0500] {logging_mixin.py:154} INFO - [2023-11-20T14:59:31.828+0500] {example_local_kubernetes_executor.py:40} WARNING - Install Kubernetes dependencies with: pip install apache-airflow[cncf.kubernetes]
[2023-11-20T14:59:31.829+0500] {processor.py:841} WARNING - No viable dags retrieved from /home/den/Projects/venv/lib/python3.10/site-packages/airflow/example_dags/example_local_kubernetes_executor.py
[2023-11-20T14:59:31.836+0500] {processor.py:179} INFO - Processing /home/den/Projects/venv/lib/python3.10/site-packages/airflow/example_dags/example_local_kubernetes_executor.py took 0.017 seconds
[2023-11-20T15:00:24.469+0500] {processor.py:157} INFO - Started process (PID=7956) to work on /home/den/Projects/venv/lib/python3.10/site-packages/airflow/example_dags/example_local_kubernetes_executor.py
[2023-11-20T15:00:24.470+0500] {processor.py:829} INFO - Processing file /home/den/Projects/venv/lib/python3.10/site-packages/airflow/example_dags/example_local_kubernetes_executor.py for tasks to queue
[2023-11-20T15:00:24.471+0500] {logging_mixin.py:154} INFO - [2023-11-20T15:00:24.470+0500] {dagbag.py:536} INFO - Filling up the DagBag from /home/den/Projects/venv/lib/python3.10/site-packages/airflow/example_dags/example_local_kubernetes_executor.py
[2023-11-20T15:00:24.473+0500] {logging_mixin.py:154} INFO - [2023-11-20T15:00:24.473+0500] {example_local_kubernetes_executor.py:39} WARNING - Could not import DAGs in example_local_kubernetes_executor.py
Traceback (most recent call last):
  File "/home/den/Projects/venv/lib/python3.10/site-packages/airflow/example_dags/example_local_kubernetes_executor.py", line 37, in <module>
    from kubernetes.client import models as k8s
ModuleNotFoundError: No module named 'kubernetes'
[2023-11-20T15:00:24.474+0500] {logging_mixin.py:154} INFO - [2023-11-20T15:00:24.474+0500] {example_local_kubernetes_executor.py:40} WARNING - Install Kubernetes dependencies with: pip install apache-airflow[cncf.kubernetes]
[2023-11-20T15:00:24.474+0500] {processor.py:841} WARNING - No viable dags retrieved from /home/den/Projects/venv/lib/python3.10/site-packages/airflow/example_dags/example_local_kubernetes_executor.py
[2023-11-20T15:00:24.481+0500] {processor.py:179} INFO - Processing /home/den/Projects/venv/lib/python3.10/site-packages/airflow/example_dags/example_local_kubernetes_executor.py took 0.014 seconds
[2023-11-20T15:01:16.411+0500] {processor.py:157} INFO - Started process (PID=8030) to work on /home/den/Projects/venv/lib/python3.10/site-packages/airflow/example_dags/example_local_kubernetes_executor.py
[2023-11-20T15:01:16.413+0500] {processor.py:829} INFO - Processing file /home/den/Projects/venv/lib/python3.10/site-packages/airflow/example_dags/example_local_kubernetes_executor.py for tasks to queue
[2023-11-20T15:01:16.413+0500] {logging_mixin.py:154} INFO - [2023-11-20T15:01:16.413+0500] {dagbag.py:536} INFO - Filling up the DagBag from /home/den/Projects/venv/lib/python3.10/site-packages/airflow/example_dags/example_local_kubernetes_executor.py
[2023-11-20T15:01:16.418+0500] {logging_mixin.py:154} INFO - [2023-11-20T15:01:16.417+0500] {example_local_kubernetes_executor.py:39} WARNING - Could not import DAGs in example_local_kubernetes_executor.py
Traceback (most recent call last):
  File "/home/den/Projects/venv/lib/python3.10/site-packages/airflow/example_dags/example_local_kubernetes_executor.py", line 37, in <module>
    from kubernetes.client import models as k8s
ModuleNotFoundError: No module named 'kubernetes'
[2023-11-20T15:01:16.418+0500] {logging_mixin.py:154} INFO - [2023-11-20T15:01:16.418+0500] {example_local_kubernetes_executor.py:40} WARNING - Install Kubernetes dependencies with: pip install apache-airflow[cncf.kubernetes]
[2023-11-20T15:01:16.419+0500] {processor.py:841} WARNING - No viable dags retrieved from /home/den/Projects/venv/lib/python3.10/site-packages/airflow/example_dags/example_local_kubernetes_executor.py
[2023-11-20T15:01:16.428+0500] {processor.py:179} INFO - Processing /home/den/Projects/venv/lib/python3.10/site-packages/airflow/example_dags/example_local_kubernetes_executor.py took 0.019 seconds
[2023-11-20T15:02:56.173+0500] {processor.py:157} INFO - Started process (PID=8202) to work on /home/den/Projects/venv/lib/python3.10/site-packages/airflow/example_dags/example_local_kubernetes_executor.py
[2023-11-20T15:02:56.180+0500] {processor.py:829} INFO - Processing file /home/den/Projects/venv/lib/python3.10/site-packages/airflow/example_dags/example_local_kubernetes_executor.py for tasks to queue
[2023-11-20T15:02:56.181+0500] {logging_mixin.py:154} INFO - [2023-11-20T15:02:56.180+0500] {dagbag.py:536} INFO - Filling up the DagBag from /home/den/Projects/venv/lib/python3.10/site-packages/airflow/example_dags/example_local_kubernetes_executor.py
[2023-11-20T15:02:56.239+0500] {logging_mixin.py:154} INFO - [2023-11-20T15:02:56.190+0500] {example_local_kubernetes_executor.py:39} WARNING - Could not import DAGs in example_local_kubernetes_executor.py
Traceback (most recent call last):
  File "/home/den/Projects/venv/lib/python3.10/site-packages/airflow/example_dags/example_local_kubernetes_executor.py", line 37, in <module>
    from kubernetes.client import models as k8s
ModuleNotFoundError: No module named 'kubernetes'
[2023-11-20T15:02:56.239+0500] {logging_mixin.py:154} INFO - [2023-11-20T15:02:56.239+0500] {example_local_kubernetes_executor.py:40} WARNING - Install Kubernetes dependencies with: pip install apache-airflow[cncf.kubernetes]
[2023-11-20T15:02:56.240+0500] {processor.py:841} WARNING - No viable dags retrieved from /home/den/Projects/venv/lib/python3.10/site-packages/airflow/example_dags/example_local_kubernetes_executor.py
[2023-11-20T15:02:56.262+0500] {processor.py:179} INFO - Processing /home/den/Projects/venv/lib/python3.10/site-packages/airflow/example_dags/example_local_kubernetes_executor.py took 0.095 seconds
[2023-11-20T15:03:56.283+0500] {processor.py:157} INFO - Started process (PID=8329) to work on /home/den/Projects/venv/lib/python3.10/site-packages/airflow/example_dags/example_local_kubernetes_executor.py
[2023-11-20T15:03:56.302+0500] {processor.py:829} INFO - Processing file /home/den/Projects/venv/lib/python3.10/site-packages/airflow/example_dags/example_local_kubernetes_executor.py for tasks to queue
[2023-11-20T15:03:56.307+0500] {logging_mixin.py:154} INFO - [2023-11-20T15:03:56.306+0500] {dagbag.py:536} INFO - Filling up the DagBag from /home/den/Projects/venv/lib/python3.10/site-packages/airflow/example_dags/example_local_kubernetes_executor.py
[2023-11-20T15:03:56.313+0500] {logging_mixin.py:154} INFO - [2023-11-20T15:03:56.312+0500] {example_local_kubernetes_executor.py:39} WARNING - Could not import DAGs in example_local_kubernetes_executor.py
Traceback (most recent call last):
  File "/home/den/Projects/venv/lib/python3.10/site-packages/airflow/example_dags/example_local_kubernetes_executor.py", line 37, in <module>
    from kubernetes.client import models as k8s
ModuleNotFoundError: No module named 'kubernetes'
[2023-11-20T15:03:56.314+0500] {logging_mixin.py:154} INFO - [2023-11-20T15:03:56.313+0500] {example_local_kubernetes_executor.py:40} WARNING - Install Kubernetes dependencies with: pip install apache-airflow[cncf.kubernetes]
[2023-11-20T15:03:56.314+0500] {processor.py:841} WARNING - No viable dags retrieved from /home/den/Projects/venv/lib/python3.10/site-packages/airflow/example_dags/example_local_kubernetes_executor.py
[2023-11-20T15:03:56.336+0500] {processor.py:179} INFO - Processing /home/den/Projects/venv/lib/python3.10/site-packages/airflow/example_dags/example_local_kubernetes_executor.py took 0.057 seconds
[2023-11-20T15:04:52.253+0500] {processor.py:157} INFO - Started process (PID=8402) to work on /home/den/Projects/venv/lib/python3.10/site-packages/airflow/example_dags/example_local_kubernetes_executor.py
[2023-11-20T15:04:52.257+0500] {processor.py:829} INFO - Processing file /home/den/Projects/venv/lib/python3.10/site-packages/airflow/example_dags/example_local_kubernetes_executor.py for tasks to queue
[2023-11-20T15:04:52.259+0500] {logging_mixin.py:154} INFO - [2023-11-20T15:04:52.258+0500] {dagbag.py:536} INFO - Filling up the DagBag from /home/den/Projects/venv/lib/python3.10/site-packages/airflow/example_dags/example_local_kubernetes_executor.py
[2023-11-20T15:04:52.264+0500] {logging_mixin.py:154} INFO - [2023-11-20T15:04:52.263+0500] {example_local_kubernetes_executor.py:39} WARNING - Could not import DAGs in example_local_kubernetes_executor.py
Traceback (most recent call last):
  File "/home/den/Projects/venv/lib/python3.10/site-packages/airflow/example_dags/example_local_kubernetes_executor.py", line 37, in <module>
    from kubernetes.client import models as k8s
ModuleNotFoundError: No module named 'kubernetes'
[2023-11-20T15:04:52.264+0500] {logging_mixin.py:154} INFO - [2023-11-20T15:04:52.264+0500] {example_local_kubernetes_executor.py:40} WARNING - Install Kubernetes dependencies with: pip install apache-airflow[cncf.kubernetes]
[2023-11-20T15:04:52.264+0500] {processor.py:841} WARNING - No viable dags retrieved from /home/den/Projects/venv/lib/python3.10/site-packages/airflow/example_dags/example_local_kubernetes_executor.py
[2023-11-20T15:04:52.280+0500] {processor.py:179} INFO - Processing /home/den/Projects/venv/lib/python3.10/site-packages/airflow/example_dags/example_local_kubernetes_executor.py took 0.032 seconds
[2023-11-20T15:05:50.874+0500] {processor.py:157} INFO - Started process (PID=8507) to work on /home/den/Projects/venv/lib/python3.10/site-packages/airflow/example_dags/example_local_kubernetes_executor.py
[2023-11-20T15:05:50.885+0500] {processor.py:829} INFO - Processing file /home/den/Projects/venv/lib/python3.10/site-packages/airflow/example_dags/example_local_kubernetes_executor.py for tasks to queue
[2023-11-20T15:05:50.886+0500] {logging_mixin.py:154} INFO - [2023-11-20T15:05:50.886+0500] {dagbag.py:536} INFO - Filling up the DagBag from /home/den/Projects/venv/lib/python3.10/site-packages/airflow/example_dags/example_local_kubernetes_executor.py
[2023-11-20T15:05:50.889+0500] {logging_mixin.py:154} INFO - [2023-11-20T15:05:50.889+0500] {example_local_kubernetes_executor.py:39} WARNING - Could not import DAGs in example_local_kubernetes_executor.py
Traceback (most recent call last):
  File "/home/den/Projects/venv/lib/python3.10/site-packages/airflow/example_dags/example_local_kubernetes_executor.py", line 37, in <module>
    from kubernetes.client import models as k8s
ModuleNotFoundError: No module named 'kubernetes'
[2023-11-20T15:05:50.889+0500] {logging_mixin.py:154} INFO - [2023-11-20T15:05:50.889+0500] {example_local_kubernetes_executor.py:40} WARNING - Install Kubernetes dependencies with: pip install apache-airflow[cncf.kubernetes]
[2023-11-20T15:05:50.890+0500] {processor.py:841} WARNING - No viable dags retrieved from /home/den/Projects/venv/lib/python3.10/site-packages/airflow/example_dags/example_local_kubernetes_executor.py
[2023-11-20T15:05:50.902+0500] {processor.py:179} INFO - Processing /home/den/Projects/venv/lib/python3.10/site-packages/airflow/example_dags/example_local_kubernetes_executor.py took 0.033 seconds
[2023-11-20T15:06:46.339+0500] {processor.py:157} INFO - Started process (PID=8573) to work on /home/den/Projects/venv/lib/python3.10/site-packages/airflow/example_dags/example_local_kubernetes_executor.py
[2023-11-20T15:06:46.343+0500] {processor.py:829} INFO - Processing file /home/den/Projects/venv/lib/python3.10/site-packages/airflow/example_dags/example_local_kubernetes_executor.py for tasks to queue
[2023-11-20T15:06:46.347+0500] {logging_mixin.py:154} INFO - [2023-11-20T15:06:46.346+0500] {dagbag.py:536} INFO - Filling up the DagBag from /home/den/Projects/venv/lib/python3.10/site-packages/airflow/example_dags/example_local_kubernetes_executor.py
[2023-11-20T15:06:46.353+0500] {logging_mixin.py:154} INFO - [2023-11-20T15:06:46.353+0500] {example_local_kubernetes_executor.py:39} WARNING - Could not import DAGs in example_local_kubernetes_executor.py
Traceback (most recent call last):
  File "/home/den/Projects/venv/lib/python3.10/site-packages/airflow/example_dags/example_local_kubernetes_executor.py", line 37, in <module>
    from kubernetes.client import models as k8s
ModuleNotFoundError: No module named 'kubernetes'
[2023-11-20T15:06:46.353+0500] {logging_mixin.py:154} INFO - [2023-11-20T15:06:46.353+0500] {example_local_kubernetes_executor.py:40} WARNING - Install Kubernetes dependencies with: pip install apache-airflow[cncf.kubernetes]
[2023-11-20T15:06:46.354+0500] {processor.py:841} WARNING - No viable dags retrieved from /home/den/Projects/venv/lib/python3.10/site-packages/airflow/example_dags/example_local_kubernetes_executor.py
[2023-11-20T15:06:46.370+0500] {processor.py:179} INFO - Processing /home/den/Projects/venv/lib/python3.10/site-packages/airflow/example_dags/example_local_kubernetes_executor.py took 0.037 seconds
[2023-11-20T15:07:52.779+0500] {processor.py:157} INFO - Started process (PID=8706) to work on /home/den/Projects/venv/lib/python3.10/site-packages/airflow/example_dags/example_local_kubernetes_executor.py
[2023-11-20T15:07:52.784+0500] {processor.py:829} INFO - Processing file /home/den/Projects/venv/lib/python3.10/site-packages/airflow/example_dags/example_local_kubernetes_executor.py for tasks to queue
[2023-11-20T15:07:52.785+0500] {logging_mixin.py:154} INFO - [2023-11-20T15:07:52.784+0500] {dagbag.py:536} INFO - Filling up the DagBag from /home/den/Projects/venv/lib/python3.10/site-packages/airflow/example_dags/example_local_kubernetes_executor.py
[2023-11-20T15:07:52.802+0500] {logging_mixin.py:154} INFO - [2023-11-20T15:07:52.795+0500] {example_local_kubernetes_executor.py:39} WARNING - Could not import DAGs in example_local_kubernetes_executor.py
Traceback (most recent call last):
  File "/home/den/Projects/venv/lib/python3.10/site-packages/airflow/example_dags/example_local_kubernetes_executor.py", line 37, in <module>
    from kubernetes.client import models as k8s
ModuleNotFoundError: No module named 'kubernetes'
[2023-11-20T15:07:52.802+0500] {logging_mixin.py:154} INFO - [2023-11-20T15:07:52.802+0500] {example_local_kubernetes_executor.py:40} WARNING - Install Kubernetes dependencies with: pip install apache-airflow[cncf.kubernetes]
[2023-11-20T15:07:52.802+0500] {processor.py:841} WARNING - No viable dags retrieved from /home/den/Projects/venv/lib/python3.10/site-packages/airflow/example_dags/example_local_kubernetes_executor.py
[2023-11-20T15:07:52.815+0500] {processor.py:179} INFO - Processing /home/den/Projects/venv/lib/python3.10/site-packages/airflow/example_dags/example_local_kubernetes_executor.py took 0.039 seconds
[2023-11-20T15:08:59.561+0500] {processor.py:157} INFO - Started process (PID=8799) to work on /home/den/Projects/venv/lib/python3.10/site-packages/airflow/example_dags/example_local_kubernetes_executor.py
[2023-11-20T15:08:59.567+0500] {processor.py:829} INFO - Processing file /home/den/Projects/venv/lib/python3.10/site-packages/airflow/example_dags/example_local_kubernetes_executor.py for tasks to queue
[2023-11-20T15:08:59.568+0500] {logging_mixin.py:154} INFO - [2023-11-20T15:08:59.567+0500] {dagbag.py:536} INFO - Filling up the DagBag from /home/den/Projects/venv/lib/python3.10/site-packages/airflow/example_dags/example_local_kubernetes_executor.py
[2023-11-20T15:08:59.572+0500] {logging_mixin.py:154} INFO - [2023-11-20T15:08:59.571+0500] {example_local_kubernetes_executor.py:39} WARNING - Could not import DAGs in example_local_kubernetes_executor.py
Traceback (most recent call last):
  File "/home/den/Projects/venv/lib/python3.10/site-packages/airflow/example_dags/example_local_kubernetes_executor.py", line 37, in <module>
    from kubernetes.client import models as k8s
ModuleNotFoundError: No module named 'kubernetes'
[2023-11-20T15:08:59.572+0500] {logging_mixin.py:154} INFO - [2023-11-20T15:08:59.572+0500] {example_local_kubernetes_executor.py:40} WARNING - Install Kubernetes dependencies with: pip install apache-airflow[cncf.kubernetes]
[2023-11-20T15:08:59.572+0500] {processor.py:841} WARNING - No viable dags retrieved from /home/den/Projects/venv/lib/python3.10/site-packages/airflow/example_dags/example_local_kubernetes_executor.py
[2023-11-20T15:08:59.585+0500] {processor.py:179} INFO - Processing /home/den/Projects/venv/lib/python3.10/site-packages/airflow/example_dags/example_local_kubernetes_executor.py took 0.029 seconds
[2023-11-20T15:09:59.356+0500] {processor.py:157} INFO - Started process (PID=8902) to work on /home/den/Projects/venv/lib/python3.10/site-packages/airflow/example_dags/example_local_kubernetes_executor.py
[2023-11-20T15:09:59.366+0500] {processor.py:829} INFO - Processing file /home/den/Projects/venv/lib/python3.10/site-packages/airflow/example_dags/example_local_kubernetes_executor.py for tasks to queue
[2023-11-20T15:09:59.367+0500] {logging_mixin.py:154} INFO - [2023-11-20T15:09:59.367+0500] {dagbag.py:536} INFO - Filling up the DagBag from /home/den/Projects/venv/lib/python3.10/site-packages/airflow/example_dags/example_local_kubernetes_executor.py
[2023-11-20T15:09:59.373+0500] {logging_mixin.py:154} INFO - [2023-11-20T15:09:59.372+0500] {example_local_kubernetes_executor.py:39} WARNING - Could not import DAGs in example_local_kubernetes_executor.py
Traceback (most recent call last):
  File "/home/den/Projects/venv/lib/python3.10/site-packages/airflow/example_dags/example_local_kubernetes_executor.py", line 37, in <module>
    from kubernetes.client import models as k8s
ModuleNotFoundError: No module named 'kubernetes'
[2023-11-20T15:09:59.374+0500] {logging_mixin.py:154} INFO - [2023-11-20T15:09:59.374+0500] {example_local_kubernetes_executor.py:40} WARNING - Install Kubernetes dependencies with: pip install apache-airflow[cncf.kubernetes]
[2023-11-20T15:09:59.374+0500] {processor.py:841} WARNING - No viable dags retrieved from /home/den/Projects/venv/lib/python3.10/site-packages/airflow/example_dags/example_local_kubernetes_executor.py
[2023-11-20T15:09:59.388+0500] {processor.py:179} INFO - Processing /home/den/Projects/venv/lib/python3.10/site-packages/airflow/example_dags/example_local_kubernetes_executor.py took 0.043 seconds
[2023-11-20T15:10:59.120+0500] {processor.py:157} INFO - Started process (PID=8980) to work on /home/den/Projects/venv/lib/python3.10/site-packages/airflow/example_dags/example_local_kubernetes_executor.py
[2023-11-20T15:10:59.128+0500] {processor.py:829} INFO - Processing file /home/den/Projects/venv/lib/python3.10/site-packages/airflow/example_dags/example_local_kubernetes_executor.py for tasks to queue
[2023-11-20T15:10:59.129+0500] {logging_mixin.py:154} INFO - [2023-11-20T15:10:59.128+0500] {dagbag.py:536} INFO - Filling up the DagBag from /home/den/Projects/venv/lib/python3.10/site-packages/airflow/example_dags/example_local_kubernetes_executor.py
[2023-11-20T15:10:59.132+0500] {logging_mixin.py:154} INFO - [2023-11-20T15:10:59.131+0500] {example_local_kubernetes_executor.py:39} WARNING - Could not import DAGs in example_local_kubernetes_executor.py
Traceback (most recent call last):
  File "/home/den/Projects/venv/lib/python3.10/site-packages/airflow/example_dags/example_local_kubernetes_executor.py", line 37, in <module>
    from kubernetes.client import models as k8s
ModuleNotFoundError: No module named 'kubernetes'
[2023-11-20T15:10:59.132+0500] {logging_mixin.py:154} INFO - [2023-11-20T15:10:59.132+0500] {example_local_kubernetes_executor.py:40} WARNING - Install Kubernetes dependencies with: pip install apache-airflow[cncf.kubernetes]
[2023-11-20T15:10:59.132+0500] {processor.py:841} WARNING - No viable dags retrieved from /home/den/Projects/venv/lib/python3.10/site-packages/airflow/example_dags/example_local_kubernetes_executor.py
[2023-11-20T15:10:59.143+0500] {processor.py:179} INFO - Processing /home/den/Projects/venv/lib/python3.10/site-packages/airflow/example_dags/example_local_kubernetes_executor.py took 0.026 seconds
[2023-11-20T15:11:47.404+0500] {processor.py:157} INFO - Started process (PID=9040) to work on /home/den/Projects/venv/lib/python3.10/site-packages/airflow/example_dags/example_local_kubernetes_executor.py
[2023-11-20T15:11:47.414+0500] {processor.py:829} INFO - Processing file /home/den/Projects/venv/lib/python3.10/site-packages/airflow/example_dags/example_local_kubernetes_executor.py for tasks to queue
[2023-11-20T15:11:47.419+0500] {logging_mixin.py:154} INFO - [2023-11-20T15:11:47.418+0500] {dagbag.py:536} INFO - Filling up the DagBag from /home/den/Projects/venv/lib/python3.10/site-packages/airflow/example_dags/example_local_kubernetes_executor.py
[2023-11-20T15:11:47.426+0500] {logging_mixin.py:154} INFO - [2023-11-20T15:11:47.425+0500] {example_local_kubernetes_executor.py:39} WARNING - Could not import DAGs in example_local_kubernetes_executor.py
Traceback (most recent call last):
  File "/home/den/Projects/venv/lib/python3.10/site-packages/airflow/example_dags/example_local_kubernetes_executor.py", line 37, in <module>
    from kubernetes.client import models as k8s
ModuleNotFoundError: No module named 'kubernetes'
[2023-11-20T15:11:47.426+0500] {logging_mixin.py:154} INFO - [2023-11-20T15:11:47.426+0500] {example_local_kubernetes_executor.py:40} WARNING - Install Kubernetes dependencies with: pip install apache-airflow[cncf.kubernetes]
[2023-11-20T15:11:47.426+0500] {processor.py:841} WARNING - No viable dags retrieved from /home/den/Projects/venv/lib/python3.10/site-packages/airflow/example_dags/example_local_kubernetes_executor.py
[2023-11-20T15:11:47.446+0500] {processor.py:179} INFO - Processing /home/den/Projects/venv/lib/python3.10/site-packages/airflow/example_dags/example_local_kubernetes_executor.py took 0.050 seconds
[2023-11-20T15:12:41.912+0500] {processor.py:157} INFO - Started process (PID=9141) to work on /home/den/Projects/venv/lib/python3.10/site-packages/airflow/example_dags/example_local_kubernetes_executor.py
[2023-11-20T15:12:41.928+0500] {processor.py:829} INFO - Processing file /home/den/Projects/venv/lib/python3.10/site-packages/airflow/example_dags/example_local_kubernetes_executor.py for tasks to queue
[2023-11-20T15:12:41.930+0500] {logging_mixin.py:154} INFO - [2023-11-20T15:12:41.929+0500] {dagbag.py:536} INFO - Filling up the DagBag from /home/den/Projects/venv/lib/python3.10/site-packages/airflow/example_dags/example_local_kubernetes_executor.py
[2023-11-20T15:12:41.937+0500] {logging_mixin.py:154} INFO - [2023-11-20T15:12:41.935+0500] {example_local_kubernetes_executor.py:39} WARNING - Could not import DAGs in example_local_kubernetes_executor.py
Traceback (most recent call last):
  File "/home/den/Projects/venv/lib/python3.10/site-packages/airflow/example_dags/example_local_kubernetes_executor.py", line 37, in <module>
    from kubernetes.client import models as k8s
ModuleNotFoundError: No module named 'kubernetes'
[2023-11-20T15:12:41.937+0500] {logging_mixin.py:154} INFO - [2023-11-20T15:12:41.937+0500] {example_local_kubernetes_executor.py:40} WARNING - Install Kubernetes dependencies with: pip install apache-airflow[cncf.kubernetes]
[2023-11-20T15:12:41.937+0500] {processor.py:841} WARNING - No viable dags retrieved from /home/den/Projects/venv/lib/python3.10/site-packages/airflow/example_dags/example_local_kubernetes_executor.py
[2023-11-20T15:12:41.958+0500] {processor.py:179} INFO - Processing /home/den/Projects/venv/lib/python3.10/site-packages/airflow/example_dags/example_local_kubernetes_executor.py took 0.051 seconds
[2023-11-20T15:13:35.351+0500] {processor.py:157} INFO - Started process (PID=9220) to work on /home/den/Projects/venv/lib/python3.10/site-packages/airflow/example_dags/example_local_kubernetes_executor.py
[2023-11-20T15:13:35.352+0500] {processor.py:829} INFO - Processing file /home/den/Projects/venv/lib/python3.10/site-packages/airflow/example_dags/example_local_kubernetes_executor.py for tasks to queue
[2023-11-20T15:13:35.353+0500] {logging_mixin.py:154} INFO - [2023-11-20T15:13:35.353+0500] {dagbag.py:536} INFO - Filling up the DagBag from /home/den/Projects/venv/lib/python3.10/site-packages/airflow/example_dags/example_local_kubernetes_executor.py
[2023-11-20T15:13:35.365+0500] {logging_mixin.py:154} INFO - [2023-11-20T15:13:35.364+0500] {example_local_kubernetes_executor.py:39} WARNING - Could not import DAGs in example_local_kubernetes_executor.py
Traceback (most recent call last):
  File "/home/den/Projects/venv/lib/python3.10/site-packages/airflow/example_dags/example_local_kubernetes_executor.py", line 37, in <module>
    from kubernetes.client import models as k8s
ModuleNotFoundError: No module named 'kubernetes'
[2023-11-20T15:13:35.366+0500] {logging_mixin.py:154} INFO - [2023-11-20T15:13:35.365+0500] {example_local_kubernetes_executor.py:40} WARNING - Install Kubernetes dependencies with: pip install apache-airflow[cncf.kubernetes]
[2023-11-20T15:13:35.366+0500] {processor.py:841} WARNING - No viable dags retrieved from /home/den/Projects/venv/lib/python3.10/site-packages/airflow/example_dags/example_local_kubernetes_executor.py
[2023-11-20T15:13:35.380+0500] {processor.py:179} INFO - Processing /home/den/Projects/venv/lib/python3.10/site-packages/airflow/example_dags/example_local_kubernetes_executor.py took 0.033 seconds
[2023-11-20T15:14:33.182+0500] {processor.py:157} INFO - Started process (PID=9326) to work on /home/den/Projects/venv/lib/python3.10/site-packages/airflow/example_dags/example_local_kubernetes_executor.py
[2023-11-20T15:14:33.185+0500] {processor.py:829} INFO - Processing file /home/den/Projects/venv/lib/python3.10/site-packages/airflow/example_dags/example_local_kubernetes_executor.py for tasks to queue
[2023-11-20T15:14:33.187+0500] {logging_mixin.py:154} INFO - [2023-11-20T15:14:33.186+0500] {dagbag.py:536} INFO - Filling up the DagBag from /home/den/Projects/venv/lib/python3.10/site-packages/airflow/example_dags/example_local_kubernetes_executor.py
[2023-11-20T15:14:33.200+0500] {logging_mixin.py:154} INFO - [2023-11-20T15:14:33.199+0500] {example_local_kubernetes_executor.py:39} WARNING - Could not import DAGs in example_local_kubernetes_executor.py
Traceback (most recent call last):
  File "/home/den/Projects/venv/lib/python3.10/site-packages/airflow/example_dags/example_local_kubernetes_executor.py", line 37, in <module>
    from kubernetes.client import models as k8s
ModuleNotFoundError: No module named 'kubernetes'
[2023-11-20T15:14:33.200+0500] {logging_mixin.py:154} INFO - [2023-11-20T15:14:33.200+0500] {example_local_kubernetes_executor.py:40} WARNING - Install Kubernetes dependencies with: pip install apache-airflow[cncf.kubernetes]
[2023-11-20T15:14:33.200+0500] {processor.py:841} WARNING - No viable dags retrieved from /home/den/Projects/venv/lib/python3.10/site-packages/airflow/example_dags/example_local_kubernetes_executor.py
[2023-11-20T15:14:33.209+0500] {processor.py:179} INFO - Processing /home/den/Projects/venv/lib/python3.10/site-packages/airflow/example_dags/example_local_kubernetes_executor.py took 0.030 seconds
[2023-11-20T15:15:25.167+0500] {processor.py:157} INFO - Started process (PID=9405) to work on /home/den/Projects/venv/lib/python3.10/site-packages/airflow/example_dags/example_local_kubernetes_executor.py
[2023-11-20T15:15:25.168+0500] {processor.py:829} INFO - Processing file /home/den/Projects/venv/lib/python3.10/site-packages/airflow/example_dags/example_local_kubernetes_executor.py for tasks to queue
[2023-11-20T15:15:25.169+0500] {logging_mixin.py:154} INFO - [2023-11-20T15:15:25.169+0500] {dagbag.py:536} INFO - Filling up the DagBag from /home/den/Projects/venv/lib/python3.10/site-packages/airflow/example_dags/example_local_kubernetes_executor.py
[2023-11-20T15:15:25.172+0500] {logging_mixin.py:154} INFO - [2023-11-20T15:15:25.172+0500] {example_local_kubernetes_executor.py:39} WARNING - Could not import DAGs in example_local_kubernetes_executor.py
Traceback (most recent call last):
  File "/home/den/Projects/venv/lib/python3.10/site-packages/airflow/example_dags/example_local_kubernetes_executor.py", line 37, in <module>
    from kubernetes.client import models as k8s
ModuleNotFoundError: No module named 'kubernetes'
[2023-11-20T15:15:25.172+0500] {logging_mixin.py:154} INFO - [2023-11-20T15:15:25.172+0500] {example_local_kubernetes_executor.py:40} WARNING - Install Kubernetes dependencies with: pip install apache-airflow[cncf.kubernetes]
[2023-11-20T15:15:25.172+0500] {processor.py:841} WARNING - No viable dags retrieved from /home/den/Projects/venv/lib/python3.10/site-packages/airflow/example_dags/example_local_kubernetes_executor.py
[2023-11-20T15:15:25.180+0500] {processor.py:179} INFO - Processing /home/den/Projects/venv/lib/python3.10/site-packages/airflow/example_dags/example_local_kubernetes_executor.py took 0.017 seconds
[2023-11-20T15:16:15.229+0500] {processor.py:157} INFO - Started process (PID=9492) to work on /home/den/Projects/venv/lib/python3.10/site-packages/airflow/example_dags/example_local_kubernetes_executor.py
[2023-11-20T15:16:15.231+0500] {processor.py:829} INFO - Processing file /home/den/Projects/venv/lib/python3.10/site-packages/airflow/example_dags/example_local_kubernetes_executor.py for tasks to queue
[2023-11-20T15:16:15.232+0500] {logging_mixin.py:154} INFO - [2023-11-20T15:16:15.231+0500] {dagbag.py:536} INFO - Filling up the DagBag from /home/den/Projects/venv/lib/python3.10/site-packages/airflow/example_dags/example_local_kubernetes_executor.py
[2023-11-20T15:16:15.235+0500] {logging_mixin.py:154} INFO - [2023-11-20T15:16:15.235+0500] {example_local_kubernetes_executor.py:39} WARNING - Could not import DAGs in example_local_kubernetes_executor.py
Traceback (most recent call last):
  File "/home/den/Projects/venv/lib/python3.10/site-packages/airflow/example_dags/example_local_kubernetes_executor.py", line 37, in <module>
    from kubernetes.client import models as k8s
ModuleNotFoundError: No module named 'kubernetes'
[2023-11-20T15:16:15.236+0500] {logging_mixin.py:154} INFO - [2023-11-20T15:16:15.236+0500] {example_local_kubernetes_executor.py:40} WARNING - Install Kubernetes dependencies with: pip install apache-airflow[cncf.kubernetes]
[2023-11-20T15:16:15.236+0500] {processor.py:841} WARNING - No viable dags retrieved from /home/den/Projects/venv/lib/python3.10/site-packages/airflow/example_dags/example_local_kubernetes_executor.py
[2023-11-20T15:16:15.243+0500] {processor.py:179} INFO - Processing /home/den/Projects/venv/lib/python3.10/site-packages/airflow/example_dags/example_local_kubernetes_executor.py took 0.017 seconds
[2023-11-20T15:17:02.128+0500] {processor.py:157} INFO - Started process (PID=9564) to work on /home/den/Projects/venv/lib/python3.10/site-packages/airflow/example_dags/example_local_kubernetes_executor.py
[2023-11-20T15:17:02.130+0500] {processor.py:829} INFO - Processing file /home/den/Projects/venv/lib/python3.10/site-packages/airflow/example_dags/example_local_kubernetes_executor.py for tasks to queue
[2023-11-20T15:17:02.132+0500] {logging_mixin.py:154} INFO - [2023-11-20T15:17:02.131+0500] {dagbag.py:536} INFO - Filling up the DagBag from /home/den/Projects/venv/lib/python3.10/site-packages/airflow/example_dags/example_local_kubernetes_executor.py
[2023-11-20T15:17:02.135+0500] {logging_mixin.py:154} INFO - [2023-11-20T15:17:02.134+0500] {example_local_kubernetes_executor.py:39} WARNING - Could not import DAGs in example_local_kubernetes_executor.py
Traceback (most recent call last):
  File "/home/den/Projects/venv/lib/python3.10/site-packages/airflow/example_dags/example_local_kubernetes_executor.py", line 37, in <module>
    from kubernetes.client import models as k8s
ModuleNotFoundError: No module named 'kubernetes'
[2023-11-20T15:17:02.135+0500] {logging_mixin.py:154} INFO - [2023-11-20T15:17:02.135+0500] {example_local_kubernetes_executor.py:40} WARNING - Install Kubernetes dependencies with: pip install apache-airflow[cncf.kubernetes]
[2023-11-20T15:17:02.135+0500] {processor.py:841} WARNING - No viable dags retrieved from /home/den/Projects/venv/lib/python3.10/site-packages/airflow/example_dags/example_local_kubernetes_executor.py
[2023-11-20T15:17:02.143+0500] {processor.py:179} INFO - Processing /home/den/Projects/venv/lib/python3.10/site-packages/airflow/example_dags/example_local_kubernetes_executor.py took 0.018 seconds
[2023-11-20T15:17:46.634+0500] {processor.py:157} INFO - Started process (PID=9622) to work on /home/den/Projects/venv/lib/python3.10/site-packages/airflow/example_dags/example_local_kubernetes_executor.py
[2023-11-20T15:17:46.636+0500] {processor.py:829} INFO - Processing file /home/den/Projects/venv/lib/python3.10/site-packages/airflow/example_dags/example_local_kubernetes_executor.py for tasks to queue
[2023-11-20T15:17:46.636+0500] {logging_mixin.py:154} INFO - [2023-11-20T15:17:46.636+0500] {dagbag.py:536} INFO - Filling up the DagBag from /home/den/Projects/venv/lib/python3.10/site-packages/airflow/example_dags/example_local_kubernetes_executor.py
[2023-11-20T15:17:46.639+0500] {logging_mixin.py:154} INFO - [2023-11-20T15:17:46.639+0500] {example_local_kubernetes_executor.py:39} WARNING - Could not import DAGs in example_local_kubernetes_executor.py
Traceback (most recent call last):
  File "/home/den/Projects/venv/lib/python3.10/site-packages/airflow/example_dags/example_local_kubernetes_executor.py", line 37, in <module>
    from kubernetes.client import models as k8s
ModuleNotFoundError: No module named 'kubernetes'
[2023-11-20T15:17:46.639+0500] {logging_mixin.py:154} INFO - [2023-11-20T15:17:46.639+0500] {example_local_kubernetes_executor.py:40} WARNING - Install Kubernetes dependencies with: pip install apache-airflow[cncf.kubernetes]
[2023-11-20T15:17:46.640+0500] {processor.py:841} WARNING - No viable dags retrieved from /home/den/Projects/venv/lib/python3.10/site-packages/airflow/example_dags/example_local_kubernetes_executor.py
[2023-11-20T15:17:46.650+0500] {processor.py:179} INFO - Processing /home/den/Projects/venv/lib/python3.10/site-packages/airflow/example_dags/example_local_kubernetes_executor.py took 0.018 seconds
[2023-11-20T15:18:39.763+0500] {processor.py:157} INFO - Started process (PID=9720) to work on /home/den/Projects/venv/lib/python3.10/site-packages/airflow/example_dags/example_local_kubernetes_executor.py
[2023-11-20T15:18:39.773+0500] {processor.py:829} INFO - Processing file /home/den/Projects/venv/lib/python3.10/site-packages/airflow/example_dags/example_local_kubernetes_executor.py for tasks to queue
[2023-11-20T15:18:39.774+0500] {logging_mixin.py:154} INFO - [2023-11-20T15:18:39.774+0500] {dagbag.py:536} INFO - Filling up the DagBag from /home/den/Projects/venv/lib/python3.10/site-packages/airflow/example_dags/example_local_kubernetes_executor.py
[2023-11-20T15:18:39.778+0500] {logging_mixin.py:154} INFO - [2023-11-20T15:18:39.778+0500] {example_local_kubernetes_executor.py:39} WARNING - Could not import DAGs in example_local_kubernetes_executor.py
Traceback (most recent call last):
  File "/home/den/Projects/venv/lib/python3.10/site-packages/airflow/example_dags/example_local_kubernetes_executor.py", line 37, in <module>
    from kubernetes.client import models as k8s
ModuleNotFoundError: No module named 'kubernetes'
[2023-11-20T15:18:39.778+0500] {logging_mixin.py:154} INFO - [2023-11-20T15:18:39.778+0500] {example_local_kubernetes_executor.py:40} WARNING - Install Kubernetes dependencies with: pip install apache-airflow[cncf.kubernetes]
[2023-11-20T15:18:39.778+0500] {processor.py:841} WARNING - No viable dags retrieved from /home/den/Projects/venv/lib/python3.10/site-packages/airflow/example_dags/example_local_kubernetes_executor.py
[2023-11-20T15:18:39.789+0500] {processor.py:179} INFO - Processing /home/den/Projects/venv/lib/python3.10/site-packages/airflow/example_dags/example_local_kubernetes_executor.py took 0.028 seconds
[2023-11-20T15:19:26.310+0500] {processor.py:157} INFO - Started process (PID=9792) to work on /home/den/Projects/venv/lib/python3.10/site-packages/airflow/example_dags/example_local_kubernetes_executor.py
[2023-11-20T15:19:26.311+0500] {processor.py:829} INFO - Processing file /home/den/Projects/venv/lib/python3.10/site-packages/airflow/example_dags/example_local_kubernetes_executor.py for tasks to queue
[2023-11-20T15:19:26.312+0500] {logging_mixin.py:154} INFO - [2023-11-20T15:19:26.311+0500] {dagbag.py:536} INFO - Filling up the DagBag from /home/den/Projects/venv/lib/python3.10/site-packages/airflow/example_dags/example_local_kubernetes_executor.py
[2023-11-20T15:19:26.315+0500] {logging_mixin.py:154} INFO - [2023-11-20T15:19:26.314+0500] {example_local_kubernetes_executor.py:39} WARNING - Could not import DAGs in example_local_kubernetes_executor.py
Traceback (most recent call last):
  File "/home/den/Projects/venv/lib/python3.10/site-packages/airflow/example_dags/example_local_kubernetes_executor.py", line 37, in <module>
    from kubernetes.client import models as k8s
ModuleNotFoundError: No module named 'kubernetes'
[2023-11-20T15:19:26.315+0500] {logging_mixin.py:154} INFO - [2023-11-20T15:19:26.315+0500] {example_local_kubernetes_executor.py:40} WARNING - Install Kubernetes dependencies with: pip install apache-airflow[cncf.kubernetes]
[2023-11-20T15:19:26.315+0500] {processor.py:841} WARNING - No viable dags retrieved from /home/den/Projects/venv/lib/python3.10/site-packages/airflow/example_dags/example_local_kubernetes_executor.py
[2023-11-20T15:19:26.324+0500] {processor.py:179} INFO - Processing /home/den/Projects/venv/lib/python3.10/site-packages/airflow/example_dags/example_local_kubernetes_executor.py took 0.018 seconds
[2023-11-20T15:20:18.692+0500] {processor.py:157} INFO - Started process (PID=9947) to work on /home/den/Projects/venv/lib/python3.10/site-packages/airflow/example_dags/example_local_kubernetes_executor.py
[2023-11-20T15:20:18.694+0500] {processor.py:829} INFO - Processing file /home/den/Projects/venv/lib/python3.10/site-packages/airflow/example_dags/example_local_kubernetes_executor.py for tasks to queue
[2023-11-20T15:20:18.695+0500] {logging_mixin.py:154} INFO - [2023-11-20T15:20:18.695+0500] {dagbag.py:536} INFO - Filling up the DagBag from /home/den/Projects/venv/lib/python3.10/site-packages/airflow/example_dags/example_local_kubernetes_executor.py
[2023-11-20T15:20:18.702+0500] {logging_mixin.py:154} INFO - [2023-11-20T15:20:18.701+0500] {example_local_kubernetes_executor.py:39} WARNING - Could not import DAGs in example_local_kubernetes_executor.py
Traceback (most recent call last):
  File "/home/den/Projects/venv/lib/python3.10/site-packages/airflow/example_dags/example_local_kubernetes_executor.py", line 37, in <module>
    from kubernetes.client import models as k8s
ModuleNotFoundError: No module named 'kubernetes'
[2023-11-20T15:20:18.702+0500] {logging_mixin.py:154} INFO - [2023-11-20T15:20:18.702+0500] {example_local_kubernetes_executor.py:40} WARNING - Install Kubernetes dependencies with: pip install apache-airflow[cncf.kubernetes]
[2023-11-20T15:20:18.702+0500] {processor.py:841} WARNING - No viable dags retrieved from /home/den/Projects/venv/lib/python3.10/site-packages/airflow/example_dags/example_local_kubernetes_executor.py
[2023-11-20T15:20:18.715+0500] {processor.py:179} INFO - Processing /home/den/Projects/venv/lib/python3.10/site-packages/airflow/example_dags/example_local_kubernetes_executor.py took 0.028 seconds
[2023-11-20T15:21:24.549+0500] {processor.py:157} INFO - Started process (PID=10040) to work on /home/den/Projects/venv/lib/python3.10/site-packages/airflow/example_dags/example_local_kubernetes_executor.py
[2023-11-20T15:21:24.553+0500] {processor.py:829} INFO - Processing file /home/den/Projects/venv/lib/python3.10/site-packages/airflow/example_dags/example_local_kubernetes_executor.py for tasks to queue
[2023-11-20T15:21:24.553+0500] {logging_mixin.py:154} INFO - [2023-11-20T15:21:24.553+0500] {dagbag.py:536} INFO - Filling up the DagBag from /home/den/Projects/venv/lib/python3.10/site-packages/airflow/example_dags/example_local_kubernetes_executor.py
[2023-11-20T15:21:24.557+0500] {logging_mixin.py:154} INFO - [2023-11-20T15:21:24.556+0500] {example_local_kubernetes_executor.py:39} WARNING - Could not import DAGs in example_local_kubernetes_executor.py
Traceback (most recent call last):
  File "/home/den/Projects/venv/lib/python3.10/site-packages/airflow/example_dags/example_local_kubernetes_executor.py", line 37, in <module>
    from kubernetes.client import models as k8s
ModuleNotFoundError: No module named 'kubernetes'
[2023-11-20T15:21:24.557+0500] {logging_mixin.py:154} INFO - [2023-11-20T15:21:24.557+0500] {example_local_kubernetes_executor.py:40} WARNING - Install Kubernetes dependencies with: pip install apache-airflow[cncf.kubernetes]
[2023-11-20T15:21:24.557+0500] {processor.py:841} WARNING - No viable dags retrieved from /home/den/Projects/venv/lib/python3.10/site-packages/airflow/example_dags/example_local_kubernetes_executor.py
[2023-11-20T15:21:24.565+0500] {processor.py:179} INFO - Processing /home/den/Projects/venv/lib/python3.10/site-packages/airflow/example_dags/example_local_kubernetes_executor.py took 0.019 seconds
[2023-11-20T15:22:30.507+0500] {processor.py:157} INFO - Started process (PID=10148) to work on /home/den/Projects/venv/lib/python3.10/site-packages/airflow/example_dags/example_local_kubernetes_executor.py
[2023-11-20T15:22:30.510+0500] {processor.py:829} INFO - Processing file /home/den/Projects/venv/lib/python3.10/site-packages/airflow/example_dags/example_local_kubernetes_executor.py for tasks to queue
[2023-11-20T15:22:30.511+0500] {logging_mixin.py:154} INFO - [2023-11-20T15:22:30.510+0500] {dagbag.py:536} INFO - Filling up the DagBag from /home/den/Projects/venv/lib/python3.10/site-packages/airflow/example_dags/example_local_kubernetes_executor.py
[2023-11-20T15:22:30.538+0500] {logging_mixin.py:154} INFO - [2023-11-20T15:22:30.516+0500] {example_local_kubernetes_executor.py:39} WARNING - Could not import DAGs in example_local_kubernetes_executor.py
Traceback (most recent call last):
  File "/home/den/Projects/venv/lib/python3.10/site-packages/airflow/example_dags/example_local_kubernetes_executor.py", line 37, in <module>
    from kubernetes.client import models as k8s
ModuleNotFoundError: No module named 'kubernetes'
[2023-11-20T15:22:30.538+0500] {logging_mixin.py:154} INFO - [2023-11-20T15:22:30.538+0500] {example_local_kubernetes_executor.py:40} WARNING - Install Kubernetes dependencies with: pip install apache-airflow[cncf.kubernetes]
[2023-11-20T15:22:30.539+0500] {processor.py:841} WARNING - No viable dags retrieved from /home/den/Projects/venv/lib/python3.10/site-packages/airflow/example_dags/example_local_kubernetes_executor.py
[2023-11-20T15:22:30.550+0500] {processor.py:179} INFO - Processing /home/den/Projects/venv/lib/python3.10/site-packages/airflow/example_dags/example_local_kubernetes_executor.py took 0.048 seconds
[2023-11-20T15:23:29.901+0500] {processor.py:157} INFO - Started process (PID=10246) to work on /home/den/Projects/venv/lib/python3.10/site-packages/airflow/example_dags/example_local_kubernetes_executor.py
[2023-11-20T15:23:29.905+0500] {processor.py:829} INFO - Processing file /home/den/Projects/venv/lib/python3.10/site-packages/airflow/example_dags/example_local_kubernetes_executor.py for tasks to queue
[2023-11-20T15:23:29.906+0500] {logging_mixin.py:154} INFO - [2023-11-20T15:23:29.906+0500] {dagbag.py:536} INFO - Filling up the DagBag from /home/den/Projects/venv/lib/python3.10/site-packages/airflow/example_dags/example_local_kubernetes_executor.py
[2023-11-20T15:23:29.910+0500] {logging_mixin.py:154} INFO - [2023-11-20T15:23:29.910+0500] {example_local_kubernetes_executor.py:39} WARNING - Could not import DAGs in example_local_kubernetes_executor.py
Traceback (most recent call last):
  File "/home/den/Projects/venv/lib/python3.10/site-packages/airflow/example_dags/example_local_kubernetes_executor.py", line 37, in <module>
    from kubernetes.client import models as k8s
ModuleNotFoundError: No module named 'kubernetes'
[2023-11-20T15:23:29.912+0500] {logging_mixin.py:154} INFO - [2023-11-20T15:23:29.911+0500] {example_local_kubernetes_executor.py:40} WARNING - Install Kubernetes dependencies with: pip install apache-airflow[cncf.kubernetes]
[2023-11-20T15:23:29.917+0500] {processor.py:841} WARNING - No viable dags retrieved from /home/den/Projects/venv/lib/python3.10/site-packages/airflow/example_dags/example_local_kubernetes_executor.py
[2023-11-20T15:23:29.931+0500] {processor.py:179} INFO - Processing /home/den/Projects/venv/lib/python3.10/site-packages/airflow/example_dags/example_local_kubernetes_executor.py took 0.035 seconds
