[2023-11-20T14:39:24.302+0500] {processor.py:157} INFO - Started process (PID=5093) to work on /home/den/Projects/venv/lib/python3.10/site-packages/airflow/example_dags/example_kubernetes_executor.py
[2023-11-20T14:39:24.303+0500] {processor.py:829} INFO - Processing file /home/den/Projects/venv/lib/python3.10/site-packages/airflow/example_dags/example_kubernetes_executor.py for tasks to queue
[2023-11-20T14:39:24.304+0500] {logging_mixin.py:154} INFO - [2023-11-20T14:39:24.303+0500] {dagbag.py:536} INFO - Filling up the DagBag from /home/den/Projects/venv/lib/python3.10/site-packages/airflow/example_dags/example_kubernetes_executor.py
[2023-11-20T14:39:24.310+0500] {logging_mixin.py:154} INFO - [2023-11-20T14:39:24.310+0500] {example_kubernetes_executor.py:38} WARNING - The example_kubernetes_executor example DAG requires the kubernetes provider. Please install it with: pip install apache-airflow[cncf.kubernetes]
[2023-11-20T14:39:24.310+0500] {processor.py:841} WARNING - No viable dags retrieved from /home/den/Projects/venv/lib/python3.10/site-packages/airflow/example_dags/example_kubernetes_executor.py
[2023-11-20T14:39:24.331+0500] {processor.py:179} INFO - Processing /home/den/Projects/venv/lib/python3.10/site-packages/airflow/example_dags/example_kubernetes_executor.py took 0.031 seconds
[2023-11-20T14:40:17.177+0500] {processor.py:157} INFO - Started process (PID=5276) to work on /home/den/Projects/venv/lib/python3.10/site-packages/airflow/example_dags/example_kubernetes_executor.py
[2023-11-20T14:40:17.179+0500] {processor.py:829} INFO - Processing file /home/den/Projects/venv/lib/python3.10/site-packages/airflow/example_dags/example_kubernetes_executor.py for tasks to queue
[2023-11-20T14:40:17.179+0500] {logging_mixin.py:154} INFO - [2023-11-20T14:40:17.179+0500] {dagbag.py:536} INFO - Filling up the DagBag from /home/den/Projects/venv/lib/python3.10/site-packages/airflow/example_dags/example_kubernetes_executor.py
[2023-11-20T14:40:17.183+0500] {logging_mixin.py:154} INFO - [2023-11-20T14:40:17.182+0500] {example_kubernetes_executor.py:38} WARNING - The example_kubernetes_executor example DAG requires the kubernetes provider. Please install it with: pip install apache-airflow[cncf.kubernetes]
[2023-11-20T14:40:17.183+0500] {processor.py:841} WARNING - No viable dags retrieved from /home/den/Projects/venv/lib/python3.10/site-packages/airflow/example_dags/example_kubernetes_executor.py
[2023-11-20T14:40:17.191+0500] {processor.py:179} INFO - Processing /home/den/Projects/venv/lib/python3.10/site-packages/airflow/example_dags/example_kubernetes_executor.py took 0.016 seconds
[2023-11-20T14:49:51.679+0500] {processor.py:157} INFO - Started process (PID=6413) to work on /home/den/Projects/venv/lib/python3.10/site-packages/airflow/example_dags/example_kubernetes_executor.py
[2023-11-20T14:49:51.681+0500] {processor.py:829} INFO - Processing file /home/den/Projects/venv/lib/python3.10/site-packages/airflow/example_dags/example_kubernetes_executor.py for tasks to queue
[2023-11-20T14:49:51.681+0500] {logging_mixin.py:154} INFO - [2023-11-20T14:49:51.681+0500] {dagbag.py:536} INFO - Filling up the DagBag from /home/den/Projects/venv/lib/python3.10/site-packages/airflow/example_dags/example_kubernetes_executor.py
[2023-11-20T14:49:51.684+0500] {logging_mixin.py:154} INFO - [2023-11-20T14:49:51.684+0500] {example_kubernetes_executor.py:38} WARNING - The example_kubernetes_executor example DAG requires the kubernetes provider. Please install it with: pip install apache-airflow[cncf.kubernetes]
[2023-11-20T14:49:51.684+0500] {processor.py:841} WARNING - No viable dags retrieved from /home/den/Projects/venv/lib/python3.10/site-packages/airflow/example_dags/example_kubernetes_executor.py
[2023-11-20T14:49:51.694+0500] {processor.py:179} INFO - Processing /home/den/Projects/venv/lib/python3.10/site-packages/airflow/example_dags/example_kubernetes_executor.py took 0.017 seconds
[2023-11-20T14:50:42.313+0500] {processor.py:157} INFO - Started process (PID=6550) to work on /home/den/Projects/venv/lib/python3.10/site-packages/airflow/example_dags/example_kubernetes_executor.py
[2023-11-20T14:50:42.314+0500] {processor.py:829} INFO - Processing file /home/den/Projects/venv/lib/python3.10/site-packages/airflow/example_dags/example_kubernetes_executor.py for tasks to queue
[2023-11-20T14:50:42.315+0500] {logging_mixin.py:154} INFO - [2023-11-20T14:50:42.315+0500] {dagbag.py:536} INFO - Filling up the DagBag from /home/den/Projects/venv/lib/python3.10/site-packages/airflow/example_dags/example_kubernetes_executor.py
[2023-11-20T14:50:42.318+0500] {logging_mixin.py:154} INFO - [2023-11-20T14:50:42.318+0500] {example_kubernetes_executor.py:38} WARNING - The example_kubernetes_executor example DAG requires the kubernetes provider. Please install it with: pip install apache-airflow[cncf.kubernetes]
[2023-11-20T14:50:42.318+0500] {processor.py:841} WARNING - No viable dags retrieved from /home/den/Projects/venv/lib/python3.10/site-packages/airflow/example_dags/example_kubernetes_executor.py
[2023-11-20T14:50:42.326+0500] {processor.py:179} INFO - Processing /home/den/Projects/venv/lib/python3.10/site-packages/airflow/example_dags/example_kubernetes_executor.py took 0.015 seconds
[2023-11-20T14:51:28.358+0500] {processor.py:157} INFO - Started process (PID=6616) to work on /home/den/Projects/venv/lib/python3.10/site-packages/airflow/example_dags/example_kubernetes_executor.py
[2023-11-20T14:51:28.360+0500] {processor.py:829} INFO - Processing file /home/den/Projects/venv/lib/python3.10/site-packages/airflow/example_dags/example_kubernetes_executor.py for tasks to queue
[2023-11-20T14:51:28.360+0500] {logging_mixin.py:154} INFO - [2023-11-20T14:51:28.360+0500] {dagbag.py:536} INFO - Filling up the DagBag from /home/den/Projects/venv/lib/python3.10/site-packages/airflow/example_dags/example_kubernetes_executor.py
[2023-11-20T14:51:28.364+0500] {logging_mixin.py:154} INFO - [2023-11-20T14:51:28.363+0500] {example_kubernetes_executor.py:38} WARNING - The example_kubernetes_executor example DAG requires the kubernetes provider. Please install it with: pip install apache-airflow[cncf.kubernetes]
[2023-11-20T14:51:28.364+0500] {processor.py:841} WARNING - No viable dags retrieved from /home/den/Projects/venv/lib/python3.10/site-packages/airflow/example_dags/example_kubernetes_executor.py
[2023-11-20T14:51:28.384+0500] {processor.py:179} INFO - Processing /home/den/Projects/venv/lib/python3.10/site-packages/airflow/example_dags/example_kubernetes_executor.py took 0.030 seconds
[2023-11-20T14:52:22.046+0500] {processor.py:157} INFO - Started process (PID=6762) to work on /home/den/Projects/venv/lib/python3.10/site-packages/airflow/example_dags/example_kubernetes_executor.py
[2023-11-20T14:52:22.047+0500] {processor.py:829} INFO - Processing file /home/den/Projects/venv/lib/python3.10/site-packages/airflow/example_dags/example_kubernetes_executor.py for tasks to queue
[2023-11-20T14:52:22.051+0500] {logging_mixin.py:154} INFO - [2023-11-20T14:52:22.048+0500] {dagbag.py:536} INFO - Filling up the DagBag from /home/den/Projects/venv/lib/python3.10/site-packages/airflow/example_dags/example_kubernetes_executor.py
[2023-11-20T14:52:22.057+0500] {logging_mixin.py:154} INFO - [2023-11-20T14:52:22.057+0500] {example_kubernetes_executor.py:38} WARNING - The example_kubernetes_executor example DAG requires the kubernetes provider. Please install it with: pip install apache-airflow[cncf.kubernetes]
[2023-11-20T14:52:22.057+0500] {processor.py:841} WARNING - No viable dags retrieved from /home/den/Projects/venv/lib/python3.10/site-packages/airflow/example_dags/example_kubernetes_executor.py
[2023-11-20T14:52:22.081+0500] {processor.py:179} INFO - Processing /home/den/Projects/venv/lib/python3.10/site-packages/airflow/example_dags/example_kubernetes_executor.py took 0.041 seconds
[2023-11-20T14:53:07.819+0500] {processor.py:157} INFO - Started process (PID=7205) to work on /home/den/Projects/venv/lib/python3.10/site-packages/airflow/example_dags/example_kubernetes_executor.py
[2023-11-20T14:53:07.822+0500] {processor.py:829} INFO - Processing file /home/den/Projects/venv/lib/python3.10/site-packages/airflow/example_dags/example_kubernetes_executor.py for tasks to queue
[2023-11-20T14:53:07.825+0500] {logging_mixin.py:154} INFO - [2023-11-20T14:53:07.823+0500] {dagbag.py:536} INFO - Filling up the DagBag from /home/den/Projects/venv/lib/python3.10/site-packages/airflow/example_dags/example_kubernetes_executor.py
[2023-11-20T14:53:07.833+0500] {logging_mixin.py:154} INFO - [2023-11-20T14:53:07.833+0500] {example_kubernetes_executor.py:38} WARNING - The example_kubernetes_executor example DAG requires the kubernetes provider. Please install it with: pip install apache-airflow[cncf.kubernetes]
[2023-11-20T14:53:07.834+0500] {processor.py:841} WARNING - No viable dags retrieved from /home/den/Projects/venv/lib/python3.10/site-packages/airflow/example_dags/example_kubernetes_executor.py
[2023-11-20T14:53:07.985+0500] {processor.py:179} INFO - Processing /home/den/Projects/venv/lib/python3.10/site-packages/airflow/example_dags/example_kubernetes_executor.py took 0.175 seconds
[2023-11-20T14:54:43.562+0500] {processor.py:157} INFO - Started process (PID=7482) to work on /home/den/Projects/venv/lib/python3.10/site-packages/airflow/example_dags/example_kubernetes_executor.py
[2023-11-20T14:54:43.566+0500] {processor.py:829} INFO - Processing file /home/den/Projects/venv/lib/python3.10/site-packages/airflow/example_dags/example_kubernetes_executor.py for tasks to queue
[2023-11-20T14:54:43.568+0500] {logging_mixin.py:154} INFO - [2023-11-20T14:54:43.567+0500] {dagbag.py:536} INFO - Filling up the DagBag from /home/den/Projects/venv/lib/python3.10/site-packages/airflow/example_dags/example_kubernetes_executor.py
[2023-11-20T14:54:43.572+0500] {logging_mixin.py:154} INFO - [2023-11-20T14:54:43.571+0500] {example_kubernetes_executor.py:38} WARNING - The example_kubernetes_executor example DAG requires the kubernetes provider. Please install it with: pip install apache-airflow[cncf.kubernetes]
[2023-11-20T14:54:43.572+0500] {processor.py:841} WARNING - No viable dags retrieved from /home/den/Projects/venv/lib/python3.10/site-packages/airflow/example_dags/example_kubernetes_executor.py
[2023-11-20T14:54:43.587+0500] {processor.py:179} INFO - Processing /home/den/Projects/venv/lib/python3.10/site-packages/airflow/example_dags/example_kubernetes_executor.py took 0.027 seconds
[2023-11-20T14:57:26.310+0500] {processor.py:157} INFO - Started process (PID=7646) to work on /home/den/Projects/venv/lib/python3.10/site-packages/airflow/example_dags/example_kubernetes_executor.py
[2023-11-20T14:57:26.316+0500] {processor.py:829} INFO - Processing file /home/den/Projects/venv/lib/python3.10/site-packages/airflow/example_dags/example_kubernetes_executor.py for tasks to queue
[2023-11-20T14:57:26.317+0500] {logging_mixin.py:154} INFO - [2023-11-20T14:57:26.317+0500] {dagbag.py:536} INFO - Filling up the DagBag from /home/den/Projects/venv/lib/python3.10/site-packages/airflow/example_dags/example_kubernetes_executor.py
[2023-11-20T14:57:26.322+0500] {logging_mixin.py:154} INFO - [2023-11-20T14:57:26.322+0500] {example_kubernetes_executor.py:38} WARNING - The example_kubernetes_executor example DAG requires the kubernetes provider. Please install it with: pip install apache-airflow[cncf.kubernetes]
[2023-11-20T14:57:26.322+0500] {processor.py:841} WARNING - No viable dags retrieved from /home/den/Projects/venv/lib/python3.10/site-packages/airflow/example_dags/example_kubernetes_executor.py
[2023-11-20T14:57:26.340+0500] {processor.py:179} INFO - Processing /home/den/Projects/venv/lib/python3.10/site-packages/airflow/example_dags/example_kubernetes_executor.py took 0.033 seconds
[2023-11-20T14:58:11.762+0500] {processor.py:157} INFO - Started process (PID=7744) to work on /home/den/Projects/venv/lib/python3.10/site-packages/airflow/example_dags/example_kubernetes_executor.py
[2023-11-20T14:58:11.764+0500] {processor.py:829} INFO - Processing file /home/den/Projects/venv/lib/python3.10/site-packages/airflow/example_dags/example_kubernetes_executor.py for tasks to queue
[2023-11-20T14:58:11.765+0500] {logging_mixin.py:154} INFO - [2023-11-20T14:58:11.765+0500] {dagbag.py:536} INFO - Filling up the DagBag from /home/den/Projects/venv/lib/python3.10/site-packages/airflow/example_dags/example_kubernetes_executor.py
[2023-11-20T14:58:11.768+0500] {logging_mixin.py:154} INFO - [2023-11-20T14:58:11.768+0500] {example_kubernetes_executor.py:38} WARNING - The example_kubernetes_executor example DAG requires the kubernetes provider. Please install it with: pip install apache-airflow[cncf.kubernetes]
[2023-11-20T14:58:11.768+0500] {processor.py:841} WARNING - No viable dags retrieved from /home/den/Projects/venv/lib/python3.10/site-packages/airflow/example_dags/example_kubernetes_executor.py
[2023-11-20T14:58:11.776+0500] {processor.py:179} INFO - Processing /home/den/Projects/venv/lib/python3.10/site-packages/airflow/example_dags/example_kubernetes_executor.py took 0.018 seconds
[2023-11-20T14:58:58.575+0500] {processor.py:157} INFO - Started process (PID=7812) to work on /home/den/Projects/venv/lib/python3.10/site-packages/airflow/example_dags/example_kubernetes_executor.py
[2023-11-20T14:58:58.584+0500] {processor.py:829} INFO - Processing file /home/den/Projects/venv/lib/python3.10/site-packages/airflow/example_dags/example_kubernetes_executor.py for tasks to queue
[2023-11-20T14:58:58.585+0500] {logging_mixin.py:154} INFO - [2023-11-20T14:58:58.585+0500] {dagbag.py:536} INFO - Filling up the DagBag from /home/den/Projects/venv/lib/python3.10/site-packages/airflow/example_dags/example_kubernetes_executor.py
[2023-11-20T14:58:58.587+0500] {logging_mixin.py:154} INFO - [2023-11-20T14:58:58.587+0500] {example_kubernetes_executor.py:38} WARNING - The example_kubernetes_executor example DAG requires the kubernetes provider. Please install it with: pip install apache-airflow[cncf.kubernetes]
[2023-11-20T14:58:58.587+0500] {processor.py:841} WARNING - No viable dags retrieved from /home/den/Projects/venv/lib/python3.10/site-packages/airflow/example_dags/example_kubernetes_executor.py
[2023-11-20T14:58:58.594+0500] {processor.py:179} INFO - Processing /home/den/Projects/venv/lib/python3.10/site-packages/airflow/example_dags/example_kubernetes_executor.py took 0.022 seconds
[2023-11-20T14:59:43.630+0500] {processor.py:157} INFO - Started process (PID=7870) to work on /home/den/Projects/venv/lib/python3.10/site-packages/airflow/example_dags/example_kubernetes_executor.py
[2023-11-20T14:59:43.631+0500] {processor.py:829} INFO - Processing file /home/den/Projects/venv/lib/python3.10/site-packages/airflow/example_dags/example_kubernetes_executor.py for tasks to queue
[2023-11-20T14:59:43.632+0500] {logging_mixin.py:154} INFO - [2023-11-20T14:59:43.632+0500] {dagbag.py:536} INFO - Filling up the DagBag from /home/den/Projects/venv/lib/python3.10/site-packages/airflow/example_dags/example_kubernetes_executor.py
[2023-11-20T14:59:43.636+0500] {logging_mixin.py:154} INFO - [2023-11-20T14:59:43.636+0500] {example_kubernetes_executor.py:38} WARNING - The example_kubernetes_executor example DAG requires the kubernetes provider. Please install it with: pip install apache-airflow[cncf.kubernetes]
[2023-11-20T14:59:43.636+0500] {processor.py:841} WARNING - No viable dags retrieved from /home/den/Projects/venv/lib/python3.10/site-packages/airflow/example_dags/example_kubernetes_executor.py
[2023-11-20T14:59:43.646+0500] {processor.py:179} INFO - Processing /home/den/Projects/venv/lib/python3.10/site-packages/airflow/example_dags/example_kubernetes_executor.py took 0.018 seconds
[2023-11-20T15:00:35.748+0500] {processor.py:157} INFO - Started process (PID=7969) to work on /home/den/Projects/venv/lib/python3.10/site-packages/airflow/example_dags/example_kubernetes_executor.py
[2023-11-20T15:00:35.750+0500] {processor.py:829} INFO - Processing file /home/den/Projects/venv/lib/python3.10/site-packages/airflow/example_dags/example_kubernetes_executor.py for tasks to queue
[2023-11-20T15:00:35.752+0500] {logging_mixin.py:154} INFO - [2023-11-20T15:00:35.751+0500] {dagbag.py:536} INFO - Filling up the DagBag from /home/den/Projects/venv/lib/python3.10/site-packages/airflow/example_dags/example_kubernetes_executor.py
[2023-11-20T15:00:35.757+0500] {logging_mixin.py:154} INFO - [2023-11-20T15:00:35.757+0500] {example_kubernetes_executor.py:38} WARNING - The example_kubernetes_executor example DAG requires the kubernetes provider. Please install it with: pip install apache-airflow[cncf.kubernetes]
[2023-11-20T15:00:35.757+0500] {processor.py:841} WARNING - No viable dags retrieved from /home/den/Projects/venv/lib/python3.10/site-packages/airflow/example_dags/example_kubernetes_executor.py
[2023-11-20T15:00:35.764+0500] {processor.py:179} INFO - Processing /home/den/Projects/venv/lib/python3.10/site-packages/airflow/example_dags/example_kubernetes_executor.py took 0.019 seconds
[2023-11-20T15:01:26.565+0500] {processor.py:157} INFO - Started process (PID=8042) to work on /home/den/Projects/venv/lib/python3.10/site-packages/airflow/example_dags/example_kubernetes_executor.py
[2023-11-20T15:01:26.572+0500] {processor.py:829} INFO - Processing file /home/den/Projects/venv/lib/python3.10/site-packages/airflow/example_dags/example_kubernetes_executor.py for tasks to queue
[2023-11-20T15:01:26.574+0500] {logging_mixin.py:154} INFO - [2023-11-20T15:01:26.573+0500] {dagbag.py:536} INFO - Filling up the DagBag from /home/den/Projects/venv/lib/python3.10/site-packages/airflow/example_dags/example_kubernetes_executor.py
[2023-11-20T15:01:26.578+0500] {logging_mixin.py:154} INFO - [2023-11-20T15:01:26.577+0500] {example_kubernetes_executor.py:38} WARNING - The example_kubernetes_executor example DAG requires the kubernetes provider. Please install it with: pip install apache-airflow[cncf.kubernetes]
[2023-11-20T15:01:26.578+0500] {processor.py:841} WARNING - No viable dags retrieved from /home/den/Projects/venv/lib/python3.10/site-packages/airflow/example_dags/example_kubernetes_executor.py
[2023-11-20T15:01:26.587+0500] {processor.py:179} INFO - Processing /home/den/Projects/venv/lib/python3.10/site-packages/airflow/example_dags/example_kubernetes_executor.py took 0.027 seconds
[2023-11-20T15:03:14.433+0500] {processor.py:157} INFO - Started process (PID=8230) to work on /home/den/Projects/venv/lib/python3.10/site-packages/airflow/example_dags/example_kubernetes_executor.py
[2023-11-20T15:03:14.436+0500] {processor.py:829} INFO - Processing file /home/den/Projects/venv/lib/python3.10/site-packages/airflow/example_dags/example_kubernetes_executor.py for tasks to queue
[2023-11-20T15:03:14.440+0500] {logging_mixin.py:154} INFO - [2023-11-20T15:03:14.439+0500] {dagbag.py:536} INFO - Filling up the DagBag from /home/den/Projects/venv/lib/python3.10/site-packages/airflow/example_dags/example_kubernetes_executor.py
[2023-11-20T15:03:14.454+0500] {logging_mixin.py:154} INFO - [2023-11-20T15:03:14.453+0500] {example_kubernetes_executor.py:38} WARNING - The example_kubernetes_executor example DAG requires the kubernetes provider. Please install it with: pip install apache-airflow[cncf.kubernetes]
[2023-11-20T15:03:14.454+0500] {processor.py:841} WARNING - No viable dags retrieved from /home/den/Projects/venv/lib/python3.10/site-packages/airflow/example_dags/example_kubernetes_executor.py
[2023-11-20T15:03:14.479+0500] {processor.py:179} INFO - Processing /home/den/Projects/venv/lib/python3.10/site-packages/airflow/example_dags/example_kubernetes_executor.py took 0.050 seconds
[2023-11-20T15:04:03.901+0500] {processor.py:157} INFO - Started process (PID=8337) to work on /home/den/Projects/venv/lib/python3.10/site-packages/airflow/example_dags/example_kubernetes_executor.py
[2023-11-20T15:04:03.919+0500] {processor.py:829} INFO - Processing file /home/den/Projects/venv/lib/python3.10/site-packages/airflow/example_dags/example_kubernetes_executor.py for tasks to queue
[2023-11-20T15:04:03.920+0500] {logging_mixin.py:154} INFO - [2023-11-20T15:04:03.919+0500] {dagbag.py:536} INFO - Filling up the DagBag from /home/den/Projects/venv/lib/python3.10/site-packages/airflow/example_dags/example_kubernetes_executor.py
[2023-11-20T15:04:03.922+0500] {logging_mixin.py:154} INFO - [2023-11-20T15:04:03.922+0500] {example_kubernetes_executor.py:38} WARNING - The example_kubernetes_executor example DAG requires the kubernetes provider. Please install it with: pip install apache-airflow[cncf.kubernetes]
[2023-11-20T15:04:03.923+0500] {processor.py:841} WARNING - No viable dags retrieved from /home/den/Projects/venv/lib/python3.10/site-packages/airflow/example_dags/example_kubernetes_executor.py
[2023-11-20T15:04:03.930+0500] {processor.py:179} INFO - Processing /home/den/Projects/venv/lib/python3.10/site-packages/airflow/example_dags/example_kubernetes_executor.py took 0.032 seconds
[2023-11-20T15:04:41.817+0500] {processor.py:157} INFO - Started process (PID=8384) to work on /home/den/Projects/venv/lib/python3.10/site-packages/airflow/example_dags/example_kubernetes_executor.py
[2023-11-20T15:04:41.822+0500] {processor.py:829} INFO - Processing file /home/den/Projects/venv/lib/python3.10/site-packages/airflow/example_dags/example_kubernetes_executor.py for tasks to queue
[2023-11-20T15:04:41.823+0500] {logging_mixin.py:154} INFO - [2023-11-20T15:04:41.822+0500] {dagbag.py:536} INFO - Filling up the DagBag from /home/den/Projects/venv/lib/python3.10/site-packages/airflow/example_dags/example_kubernetes_executor.py
[2023-11-20T15:04:41.828+0500] {logging_mixin.py:154} INFO - [2023-11-20T15:04:41.828+0500] {example_kubernetes_executor.py:38} WARNING - The example_kubernetes_executor example DAG requires the kubernetes provider. Please install it with: pip install apache-airflow[cncf.kubernetes]
[2023-11-20T15:04:41.829+0500] {processor.py:841} WARNING - No viable dags retrieved from /home/den/Projects/venv/lib/python3.10/site-packages/airflow/example_dags/example_kubernetes_executor.py
[2023-11-20T15:04:41.838+0500] {processor.py:179} INFO - Processing /home/den/Projects/venv/lib/python3.10/site-packages/airflow/example_dags/example_kubernetes_executor.py took 0.025 seconds
[2023-11-20T15:05:21.977+0500] {processor.py:157} INFO - Started process (PID=8443) to work on /home/den/Projects/venv/lib/python3.10/site-packages/airflow/example_dags/example_kubernetes_executor.py
[2023-11-20T15:05:21.983+0500] {processor.py:829} INFO - Processing file /home/den/Projects/venv/lib/python3.10/site-packages/airflow/example_dags/example_kubernetes_executor.py for tasks to queue
[2023-11-20T15:05:21.984+0500] {logging_mixin.py:154} INFO - [2023-11-20T15:05:21.984+0500] {dagbag.py:536} INFO - Filling up the DagBag from /home/den/Projects/venv/lib/python3.10/site-packages/airflow/example_dags/example_kubernetes_executor.py
[2023-11-20T15:05:21.988+0500] {logging_mixin.py:154} INFO - [2023-11-20T15:05:21.988+0500] {example_kubernetes_executor.py:38} WARNING - The example_kubernetes_executor example DAG requires the kubernetes provider. Please install it with: pip install apache-airflow[cncf.kubernetes]
[2023-11-20T15:05:21.988+0500] {processor.py:841} WARNING - No viable dags retrieved from /home/den/Projects/venv/lib/python3.10/site-packages/airflow/example_dags/example_kubernetes_executor.py
[2023-11-20T15:05:21.997+0500] {processor.py:179} INFO - Processing /home/den/Projects/venv/lib/python3.10/site-packages/airflow/example_dags/example_kubernetes_executor.py took 0.023 seconds
[2023-11-20T15:05:59.707+0500] {processor.py:157} INFO - Started process (PID=8517) to work on /home/den/Projects/venv/lib/python3.10/site-packages/airflow/example_dags/example_kubernetes_executor.py
[2023-11-20T15:05:59.710+0500] {processor.py:829} INFO - Processing file /home/den/Projects/venv/lib/python3.10/site-packages/airflow/example_dags/example_kubernetes_executor.py for tasks to queue
[2023-11-20T15:05:59.712+0500] {logging_mixin.py:154} INFO - [2023-11-20T15:05:59.712+0500] {dagbag.py:536} INFO - Filling up the DagBag from /home/den/Projects/venv/lib/python3.10/site-packages/airflow/example_dags/example_kubernetes_executor.py
[2023-11-20T15:05:59.716+0500] {logging_mixin.py:154} INFO - [2023-11-20T15:05:59.715+0500] {example_kubernetes_executor.py:38} WARNING - The example_kubernetes_executor example DAG requires the kubernetes provider. Please install it with: pip install apache-airflow[cncf.kubernetes]
[2023-11-20T15:05:59.716+0500] {processor.py:841} WARNING - No viable dags retrieved from /home/den/Projects/venv/lib/python3.10/site-packages/airflow/example_dags/example_kubernetes_executor.py
[2023-11-20T15:05:59.728+0500] {processor.py:179} INFO - Processing /home/den/Projects/venv/lib/python3.10/site-packages/airflow/example_dags/example_kubernetes_executor.py took 0.025 seconds
[2023-11-20T15:06:37.093+0500] {processor.py:157} INFO - Started process (PID=8564) to work on /home/den/Projects/venv/lib/python3.10/site-packages/airflow/example_dags/example_kubernetes_executor.py
[2023-11-20T15:06:37.098+0500] {processor.py:829} INFO - Processing file /home/den/Projects/venv/lib/python3.10/site-packages/airflow/example_dags/example_kubernetes_executor.py for tasks to queue
[2023-11-20T15:06:37.099+0500] {logging_mixin.py:154} INFO - [2023-11-20T15:06:37.098+0500] {dagbag.py:536} INFO - Filling up the DagBag from /home/den/Projects/venv/lib/python3.10/site-packages/airflow/example_dags/example_kubernetes_executor.py
[2023-11-20T15:06:37.106+0500] {logging_mixin.py:154} INFO - [2023-11-20T15:06:37.106+0500] {example_kubernetes_executor.py:38} WARNING - The example_kubernetes_executor example DAG requires the kubernetes provider. Please install it with: pip install apache-airflow[cncf.kubernetes]
[2023-11-20T15:06:37.107+0500] {processor.py:841} WARNING - No viable dags retrieved from /home/den/Projects/venv/lib/python3.10/site-packages/airflow/example_dags/example_kubernetes_executor.py
[2023-11-20T15:06:37.128+0500] {processor.py:179} INFO - Processing /home/den/Projects/venv/lib/python3.10/site-packages/airflow/example_dags/example_kubernetes_executor.py took 0.042 seconds
[2023-11-20T15:07:15.776+0500] {processor.py:157} INFO - Started process (PID=8616) to work on /home/den/Projects/venv/lib/python3.10/site-packages/airflow/example_dags/example_kubernetes_executor.py
[2023-11-20T15:07:15.786+0500] {processor.py:829} INFO - Processing file /home/den/Projects/venv/lib/python3.10/site-packages/airflow/example_dags/example_kubernetes_executor.py for tasks to queue
[2023-11-20T15:07:15.788+0500] {logging_mixin.py:154} INFO - [2023-11-20T15:07:15.787+0500] {dagbag.py:536} INFO - Filling up the DagBag from /home/den/Projects/venv/lib/python3.10/site-packages/airflow/example_dags/example_kubernetes_executor.py
[2023-11-20T15:07:15.791+0500] {logging_mixin.py:154} INFO - [2023-11-20T15:07:15.790+0500] {example_kubernetes_executor.py:38} WARNING - The example_kubernetes_executor example DAG requires the kubernetes provider. Please install it with: pip install apache-airflow[cncf.kubernetes]
[2023-11-20T15:07:15.791+0500] {processor.py:841} WARNING - No viable dags retrieved from /home/den/Projects/venv/lib/python3.10/site-packages/airflow/example_dags/example_kubernetes_executor.py
[2023-11-20T15:07:15.802+0500] {processor.py:179} INFO - Processing /home/den/Projects/venv/lib/python3.10/site-packages/airflow/example_dags/example_kubernetes_executor.py took 0.031 seconds
[2023-11-20T15:08:02.064+0500] {processor.py:157} INFO - Started process (PID=8716) to work on /home/den/Projects/venv/lib/python3.10/site-packages/airflow/example_dags/example_kubernetes_executor.py
[2023-11-20T15:08:02.067+0500] {processor.py:829} INFO - Processing file /home/den/Projects/venv/lib/python3.10/site-packages/airflow/example_dags/example_kubernetes_executor.py for tasks to queue
[2023-11-20T15:08:02.068+0500] {logging_mixin.py:154} INFO - [2023-11-20T15:08:02.068+0500] {dagbag.py:536} INFO - Filling up the DagBag from /home/den/Projects/venv/lib/python3.10/site-packages/airflow/example_dags/example_kubernetes_executor.py
[2023-11-20T15:08:02.076+0500] {logging_mixin.py:154} INFO - [2023-11-20T15:08:02.076+0500] {example_kubernetes_executor.py:38} WARNING - The example_kubernetes_executor example DAG requires the kubernetes provider. Please install it with: pip install apache-airflow[cncf.kubernetes]
[2023-11-20T15:08:02.077+0500] {processor.py:841} WARNING - No viable dags retrieved from /home/den/Projects/venv/lib/python3.10/site-packages/airflow/example_dags/example_kubernetes_executor.py
[2023-11-20T15:08:02.087+0500] {processor.py:179} INFO - Processing /home/den/Projects/venv/lib/python3.10/site-packages/airflow/example_dags/example_kubernetes_executor.py took 0.027 seconds
[2023-11-20T15:08:46.935+0500] {processor.py:157} INFO - Started process (PID=8779) to work on /home/den/Projects/venv/lib/python3.10/site-packages/airflow/example_dags/example_kubernetes_executor.py
[2023-11-20T15:08:46.947+0500] {processor.py:829} INFO - Processing file /home/den/Projects/venv/lib/python3.10/site-packages/airflow/example_dags/example_kubernetes_executor.py for tasks to queue
[2023-11-20T15:08:46.949+0500] {logging_mixin.py:154} INFO - [2023-11-20T15:08:46.948+0500] {dagbag.py:536} INFO - Filling up the DagBag from /home/den/Projects/venv/lib/python3.10/site-packages/airflow/example_dags/example_kubernetes_executor.py
[2023-11-20T15:08:46.953+0500] {logging_mixin.py:154} INFO - [2023-11-20T15:08:46.953+0500] {example_kubernetes_executor.py:38} WARNING - The example_kubernetes_executor example DAG requires the kubernetes provider. Please install it with: pip install apache-airflow[cncf.kubernetes]
[2023-11-20T15:08:46.953+0500] {processor.py:841} WARNING - No viable dags retrieved from /home/den/Projects/venv/lib/python3.10/site-packages/airflow/example_dags/example_kubernetes_executor.py
[2023-11-20T15:08:46.968+0500] {processor.py:179} INFO - Processing /home/den/Projects/venv/lib/python3.10/site-packages/airflow/example_dags/example_kubernetes_executor.py took 0.037 seconds
[2023-11-20T15:09:28.128+0500] {processor.py:157} INFO - Started process (PID=8839) to work on /home/den/Projects/venv/lib/python3.10/site-packages/airflow/example_dags/example_kubernetes_executor.py
[2023-11-20T15:09:28.134+0500] {processor.py:829} INFO - Processing file /home/den/Projects/venv/lib/python3.10/site-packages/airflow/example_dags/example_kubernetes_executor.py for tasks to queue
[2023-11-20T15:09:28.136+0500] {logging_mixin.py:154} INFO - [2023-11-20T15:09:28.136+0500] {dagbag.py:536} INFO - Filling up the DagBag from /home/den/Projects/venv/lib/python3.10/site-packages/airflow/example_dags/example_kubernetes_executor.py
[2023-11-20T15:09:28.140+0500] {logging_mixin.py:154} INFO - [2023-11-20T15:09:28.140+0500] {example_kubernetes_executor.py:38} WARNING - The example_kubernetes_executor example DAG requires the kubernetes provider. Please install it with: pip install apache-airflow[cncf.kubernetes]
[2023-11-20T15:09:28.140+0500] {processor.py:841} WARNING - No viable dags retrieved from /home/den/Projects/venv/lib/python3.10/site-packages/airflow/example_dags/example_kubernetes_executor.py
[2023-11-20T15:09:28.161+0500] {processor.py:179} INFO - Processing /home/den/Projects/venv/lib/python3.10/site-packages/airflow/example_dags/example_kubernetes_executor.py took 0.037 seconds
[2023-11-20T15:10:08.552+0500] {processor.py:157} INFO - Started process (PID=8912) to work on /home/den/Projects/venv/lib/python3.10/site-packages/airflow/example_dags/example_kubernetes_executor.py
[2023-11-20T15:10:08.554+0500] {processor.py:829} INFO - Processing file /home/den/Projects/venv/lib/python3.10/site-packages/airflow/example_dags/example_kubernetes_executor.py for tasks to queue
[2023-11-20T15:10:08.554+0500] {logging_mixin.py:154} INFO - [2023-11-20T15:10:08.554+0500] {dagbag.py:536} INFO - Filling up the DagBag from /home/den/Projects/venv/lib/python3.10/site-packages/airflow/example_dags/example_kubernetes_executor.py
[2023-11-20T15:10:08.560+0500] {logging_mixin.py:154} INFO - [2023-11-20T15:10:08.560+0500] {example_kubernetes_executor.py:38} WARNING - The example_kubernetes_executor example DAG requires the kubernetes provider. Please install it with: pip install apache-airflow[cncf.kubernetes]
[2023-11-20T15:10:08.560+0500] {processor.py:841} WARNING - No viable dags retrieved from /home/den/Projects/venv/lib/python3.10/site-packages/airflow/example_dags/example_kubernetes_executor.py
[2023-11-20T15:10:08.571+0500] {processor.py:179} INFO - Processing /home/den/Projects/venv/lib/python3.10/site-packages/airflow/example_dags/example_kubernetes_executor.py took 0.025 seconds
[2023-11-20T15:10:49.041+0500] {processor.py:157} INFO - Started process (PID=8965) to work on /home/den/Projects/venv/lib/python3.10/site-packages/airflow/example_dags/example_kubernetes_executor.py
[2023-11-20T15:10:49.042+0500] {processor.py:829} INFO - Processing file /home/den/Projects/venv/lib/python3.10/site-packages/airflow/example_dags/example_kubernetes_executor.py for tasks to queue
[2023-11-20T15:10:49.043+0500] {logging_mixin.py:154} INFO - [2023-11-20T15:10:49.043+0500] {dagbag.py:536} INFO - Filling up the DagBag from /home/den/Projects/venv/lib/python3.10/site-packages/airflow/example_dags/example_kubernetes_executor.py
[2023-11-20T15:10:49.054+0500] {logging_mixin.py:154} INFO - [2023-11-20T15:10:49.054+0500] {example_kubernetes_executor.py:38} WARNING - The example_kubernetes_executor example DAG requires the kubernetes provider. Please install it with: pip install apache-airflow[cncf.kubernetes]
[2023-11-20T15:10:49.054+0500] {processor.py:841} WARNING - No viable dags retrieved from /home/den/Projects/venv/lib/python3.10/site-packages/airflow/example_dags/example_kubernetes_executor.py
[2023-11-20T15:10:49.068+0500] {processor.py:179} INFO - Processing /home/den/Projects/venv/lib/python3.10/site-packages/airflow/example_dags/example_kubernetes_executor.py took 0.031 seconds
[2023-11-20T15:11:38.079+0500] {processor.py:157} INFO - Started process (PID=9031) to work on /home/den/Projects/venv/lib/python3.10/site-packages/airflow/example_dags/example_kubernetes_executor.py
[2023-11-20T15:11:38.083+0500] {processor.py:829} INFO - Processing file /home/den/Projects/venv/lib/python3.10/site-packages/airflow/example_dags/example_kubernetes_executor.py for tasks to queue
[2023-11-20T15:11:38.084+0500] {logging_mixin.py:154} INFO - [2023-11-20T15:11:38.083+0500] {dagbag.py:536} INFO - Filling up the DagBag from /home/den/Projects/venv/lib/python3.10/site-packages/airflow/example_dags/example_kubernetes_executor.py
[2023-11-20T15:11:38.088+0500] {logging_mixin.py:154} INFO - [2023-11-20T15:11:38.088+0500] {example_kubernetes_executor.py:38} WARNING - The example_kubernetes_executor example DAG requires the kubernetes provider. Please install it with: pip install apache-airflow[cncf.kubernetes]
[2023-11-20T15:11:38.088+0500] {processor.py:841} WARNING - No viable dags retrieved from /home/den/Projects/venv/lib/python3.10/site-packages/airflow/example_dags/example_kubernetes_executor.py
[2023-11-20T15:11:38.101+0500] {processor.py:179} INFO - Processing /home/den/Projects/venv/lib/python3.10/site-packages/airflow/example_dags/example_kubernetes_executor.py took 0.027 seconds
[2023-11-20T15:12:15.068+0500] {processor.py:157} INFO - Started process (PID=9104) to work on /home/den/Projects/venv/lib/python3.10/site-packages/airflow/example_dags/example_kubernetes_executor.py
[2023-11-20T15:12:15.074+0500] {processor.py:829} INFO - Processing file /home/den/Projects/venv/lib/python3.10/site-packages/airflow/example_dags/example_kubernetes_executor.py for tasks to queue
[2023-11-20T15:12:15.075+0500] {logging_mixin.py:154} INFO - [2023-11-20T15:12:15.075+0500] {dagbag.py:536} INFO - Filling up the DagBag from /home/den/Projects/venv/lib/python3.10/site-packages/airflow/example_dags/example_kubernetes_executor.py
[2023-11-20T15:12:15.080+0500] {logging_mixin.py:154} INFO - [2023-11-20T15:12:15.080+0500] {example_kubernetes_executor.py:38} WARNING - The example_kubernetes_executor example DAG requires the kubernetes provider. Please install it with: pip install apache-airflow[cncf.kubernetes]
[2023-11-20T15:12:15.080+0500] {processor.py:841} WARNING - No viable dags retrieved from /home/den/Projects/venv/lib/python3.10/site-packages/airflow/example_dags/example_kubernetes_executor.py
[2023-11-20T15:12:15.094+0500] {processor.py:179} INFO - Processing /home/den/Projects/venv/lib/python3.10/site-packages/airflow/example_dags/example_kubernetes_executor.py took 0.032 seconds
[2023-11-20T15:13:07.765+0500] {processor.py:157} INFO - Started process (PID=9176) to work on /home/den/Projects/venv/lib/python3.10/site-packages/airflow/example_dags/example_kubernetes_executor.py
[2023-11-20T15:13:07.772+0500] {processor.py:829} INFO - Processing file /home/den/Projects/venv/lib/python3.10/site-packages/airflow/example_dags/example_kubernetes_executor.py for tasks to queue
[2023-11-20T15:13:07.774+0500] {logging_mixin.py:154} INFO - [2023-11-20T15:13:07.773+0500] {dagbag.py:536} INFO - Filling up the DagBag from /home/den/Projects/venv/lib/python3.10/site-packages/airflow/example_dags/example_kubernetes_executor.py
[2023-11-20T15:13:07.781+0500] {logging_mixin.py:154} INFO - [2023-11-20T15:13:07.781+0500] {example_kubernetes_executor.py:38} WARNING - The example_kubernetes_executor example DAG requires the kubernetes provider. Please install it with: pip install apache-airflow[cncf.kubernetes]
[2023-11-20T15:13:07.781+0500] {processor.py:841} WARNING - No viable dags retrieved from /home/den/Projects/venv/lib/python3.10/site-packages/airflow/example_dags/example_kubernetes_executor.py
[2023-11-20T15:13:07.794+0500] {processor.py:179} INFO - Processing /home/den/Projects/venv/lib/python3.10/site-packages/airflow/example_dags/example_kubernetes_executor.py took 0.032 seconds
[2023-11-20T15:13:44.969+0500] {processor.py:157} INFO - Started process (PID=9230) to work on /home/den/Projects/venv/lib/python3.10/site-packages/airflow/example_dags/example_kubernetes_executor.py
[2023-11-20T15:13:44.975+0500] {processor.py:829} INFO - Processing file /home/den/Projects/venv/lib/python3.10/site-packages/airflow/example_dags/example_kubernetes_executor.py for tasks to queue
[2023-11-20T15:13:44.977+0500] {logging_mixin.py:154} INFO - [2023-11-20T15:13:44.976+0500] {dagbag.py:536} INFO - Filling up the DagBag from /home/den/Projects/venv/lib/python3.10/site-packages/airflow/example_dags/example_kubernetes_executor.py
[2023-11-20T15:13:44.986+0500] {logging_mixin.py:154} INFO - [2023-11-20T15:13:44.985+0500] {example_kubernetes_executor.py:38} WARNING - The example_kubernetes_executor example DAG requires the kubernetes provider. Please install it with: pip install apache-airflow[cncf.kubernetes]
[2023-11-20T15:13:44.986+0500] {processor.py:841} WARNING - No viable dags retrieved from /home/den/Projects/venv/lib/python3.10/site-packages/airflow/example_dags/example_kubernetes_executor.py
[2023-11-20T15:13:45.004+0500] {processor.py:179} INFO - Processing /home/den/Projects/venv/lib/python3.10/site-packages/airflow/example_dags/example_kubernetes_executor.py took 0.038 seconds
[2023-11-20T15:14:22.285+0500] {processor.py:157} INFO - Started process (PID=9315) to work on /home/den/Projects/venv/lib/python3.10/site-packages/airflow/example_dags/example_kubernetes_executor.py
[2023-11-20T15:14:22.288+0500] {processor.py:829} INFO - Processing file /home/den/Projects/venv/lib/python3.10/site-packages/airflow/example_dags/example_kubernetes_executor.py for tasks to queue
[2023-11-20T15:14:22.291+0500] {logging_mixin.py:154} INFO - [2023-11-20T15:14:22.290+0500] {dagbag.py:536} INFO - Filling up the DagBag from /home/den/Projects/venv/lib/python3.10/site-packages/airflow/example_dags/example_kubernetes_executor.py
[2023-11-20T15:14:22.297+0500] {logging_mixin.py:154} INFO - [2023-11-20T15:14:22.297+0500] {example_kubernetes_executor.py:38} WARNING - The example_kubernetes_executor example DAG requires the kubernetes provider. Please install it with: pip install apache-airflow[cncf.kubernetes]
[2023-11-20T15:14:22.297+0500] {processor.py:841} WARNING - No viable dags retrieved from /home/den/Projects/venv/lib/python3.10/site-packages/airflow/example_dags/example_kubernetes_executor.py
[2023-11-20T15:14:22.306+0500] {processor.py:179} INFO - Processing /home/den/Projects/venv/lib/python3.10/site-packages/airflow/example_dags/example_kubernetes_executor.py took 0.025 seconds
[2023-11-20T15:14:59.453+0500] {processor.py:157} INFO - Started process (PID=9365) to work on /home/den/Projects/venv/lib/python3.10/site-packages/airflow/example_dags/example_kubernetes_executor.py
[2023-11-20T15:14:59.454+0500] {processor.py:829} INFO - Processing file /home/den/Projects/venv/lib/python3.10/site-packages/airflow/example_dags/example_kubernetes_executor.py for tasks to queue
[2023-11-20T15:14:59.455+0500] {logging_mixin.py:154} INFO - [2023-11-20T15:14:59.454+0500] {dagbag.py:536} INFO - Filling up the DagBag from /home/den/Projects/venv/lib/python3.10/site-packages/airflow/example_dags/example_kubernetes_executor.py
[2023-11-20T15:14:59.458+0500] {logging_mixin.py:154} INFO - [2023-11-20T15:14:59.457+0500] {example_kubernetes_executor.py:38} WARNING - The example_kubernetes_executor example DAG requires the kubernetes provider. Please install it with: pip install apache-airflow[cncf.kubernetes]
[2023-11-20T15:14:59.458+0500] {processor.py:841} WARNING - No viable dags retrieved from /home/den/Projects/venv/lib/python3.10/site-packages/airflow/example_dags/example_kubernetes_executor.py
[2023-11-20T15:14:59.466+0500] {processor.py:179} INFO - Processing /home/den/Projects/venv/lib/python3.10/site-packages/airflow/example_dags/example_kubernetes_executor.py took 0.018 seconds
[2023-11-20T15:15:48.055+0500] {processor.py:157} INFO - Started process (PID=9430) to work on /home/den/Projects/venv/lib/python3.10/site-packages/airflow/example_dags/example_kubernetes_executor.py
[2023-11-20T15:15:48.057+0500] {processor.py:829} INFO - Processing file /home/den/Projects/venv/lib/python3.10/site-packages/airflow/example_dags/example_kubernetes_executor.py for tasks to queue
[2023-11-20T15:15:48.058+0500] {logging_mixin.py:154} INFO - [2023-11-20T15:15:48.058+0500] {dagbag.py:536} INFO - Filling up the DagBag from /home/den/Projects/venv/lib/python3.10/site-packages/airflow/example_dags/example_kubernetes_executor.py
[2023-11-20T15:15:48.061+0500] {logging_mixin.py:154} INFO - [2023-11-20T15:15:48.061+0500] {example_kubernetes_executor.py:38} WARNING - The example_kubernetes_executor example DAG requires the kubernetes provider. Please install it with: pip install apache-airflow[cncf.kubernetes]
[2023-11-20T15:15:48.062+0500] {processor.py:841} WARNING - No viable dags retrieved from /home/den/Projects/venv/lib/python3.10/site-packages/airflow/example_dags/example_kubernetes_executor.py
[2023-11-20T15:15:48.069+0500] {processor.py:179} INFO - Processing /home/den/Projects/venv/lib/python3.10/site-packages/airflow/example_dags/example_kubernetes_executor.py took 0.019 seconds
[2023-11-20T15:16:36.063+0500] {processor.py:157} INFO - Started process (PID=9524) to work on /home/den/Projects/venv/lib/python3.10/site-packages/airflow/example_dags/example_kubernetes_executor.py
[2023-11-20T15:16:36.065+0500] {processor.py:829} INFO - Processing file /home/den/Projects/venv/lib/python3.10/site-packages/airflow/example_dags/example_kubernetes_executor.py for tasks to queue
[2023-11-20T15:16:36.066+0500] {logging_mixin.py:154} INFO - [2023-11-20T15:16:36.065+0500] {dagbag.py:536} INFO - Filling up the DagBag from /home/den/Projects/venv/lib/python3.10/site-packages/airflow/example_dags/example_kubernetes_executor.py
[2023-11-20T15:16:36.069+0500] {logging_mixin.py:154} INFO - [2023-11-20T15:16:36.069+0500] {example_kubernetes_executor.py:38} WARNING - The example_kubernetes_executor example DAG requires the kubernetes provider. Please install it with: pip install apache-airflow[cncf.kubernetes]
[2023-11-20T15:16:36.069+0500] {processor.py:841} WARNING - No viable dags retrieved from /home/den/Projects/venv/lib/python3.10/site-packages/airflow/example_dags/example_kubernetes_executor.py
[2023-11-20T15:16:36.077+0500] {processor.py:179} INFO - Processing /home/den/Projects/venv/lib/python3.10/site-packages/airflow/example_dags/example_kubernetes_executor.py took 0.017 seconds
[2023-11-20T15:17:21.778+0500] {processor.py:157} INFO - Started process (PID=9595) to work on /home/den/Projects/venv/lib/python3.10/site-packages/airflow/example_dags/example_kubernetes_executor.py
[2023-11-20T15:17:21.779+0500] {processor.py:829} INFO - Processing file /home/den/Projects/venv/lib/python3.10/site-packages/airflow/example_dags/example_kubernetes_executor.py for tasks to queue
[2023-11-20T15:17:21.780+0500] {logging_mixin.py:154} INFO - [2023-11-20T15:17:21.779+0500] {dagbag.py:536} INFO - Filling up the DagBag from /home/den/Projects/venv/lib/python3.10/site-packages/airflow/example_dags/example_kubernetes_executor.py
[2023-11-20T15:17:21.783+0500] {logging_mixin.py:154} INFO - [2023-11-20T15:17:21.782+0500] {example_kubernetes_executor.py:38} WARNING - The example_kubernetes_executor example DAG requires the kubernetes provider. Please install it with: pip install apache-airflow[cncf.kubernetes]
[2023-11-20T15:17:21.783+0500] {processor.py:841} WARNING - No viable dags retrieved from /home/den/Projects/venv/lib/python3.10/site-packages/airflow/example_dags/example_kubernetes_executor.py
[2023-11-20T15:17:21.792+0500] {processor.py:179} INFO - Processing /home/den/Projects/venv/lib/python3.10/site-packages/airflow/example_dags/example_kubernetes_executor.py took 0.018 seconds
[2023-11-20T15:18:08.353+0500] {processor.py:157} INFO - Started process (PID=9679) to work on /home/den/Projects/venv/lib/python3.10/site-packages/airflow/example_dags/example_kubernetes_executor.py
[2023-11-20T15:18:08.355+0500] {processor.py:829} INFO - Processing file /home/den/Projects/venv/lib/python3.10/site-packages/airflow/example_dags/example_kubernetes_executor.py for tasks to queue
[2023-11-20T15:18:08.356+0500] {logging_mixin.py:154} INFO - [2023-11-20T15:18:08.355+0500] {dagbag.py:536} INFO - Filling up the DagBag from /home/den/Projects/venv/lib/python3.10/site-packages/airflow/example_dags/example_kubernetes_executor.py
[2023-11-20T15:18:08.358+0500] {logging_mixin.py:154} INFO - [2023-11-20T15:18:08.358+0500] {example_kubernetes_executor.py:38} WARNING - The example_kubernetes_executor example DAG requires the kubernetes provider. Please install it with: pip install apache-airflow[cncf.kubernetes]
[2023-11-20T15:18:08.359+0500] {processor.py:841} WARNING - No viable dags retrieved from /home/den/Projects/venv/lib/python3.10/site-packages/airflow/example_dags/example_kubernetes_executor.py
[2023-11-20T15:18:08.366+0500] {processor.py:179} INFO - Processing /home/den/Projects/venv/lib/python3.10/site-packages/airflow/example_dags/example_kubernetes_executor.py took 0.017 seconds
[2023-11-20T15:18:47.059+0500] {processor.py:157} INFO - Started process (PID=9728) to work on /home/den/Projects/venv/lib/python3.10/site-packages/airflow/example_dags/example_kubernetes_executor.py
[2023-11-20T15:18:47.060+0500] {processor.py:829} INFO - Processing file /home/den/Projects/venv/lib/python3.10/site-packages/airflow/example_dags/example_kubernetes_executor.py for tasks to queue
[2023-11-20T15:18:47.061+0500] {logging_mixin.py:154} INFO - [2023-11-20T15:18:47.061+0500] {dagbag.py:536} INFO - Filling up the DagBag from /home/den/Projects/venv/lib/python3.10/site-packages/airflow/example_dags/example_kubernetes_executor.py
[2023-11-20T15:18:47.064+0500] {logging_mixin.py:154} INFO - [2023-11-20T15:18:47.064+0500] {example_kubernetes_executor.py:38} WARNING - The example_kubernetes_executor example DAG requires the kubernetes provider. Please install it with: pip install apache-airflow[cncf.kubernetes]
[2023-11-20T15:18:47.064+0500] {processor.py:841} WARNING - No viable dags retrieved from /home/den/Projects/venv/lib/python3.10/site-packages/airflow/example_dags/example_kubernetes_executor.py
[2023-11-20T15:18:47.071+0500] {processor.py:179} INFO - Processing /home/den/Projects/venv/lib/python3.10/site-packages/airflow/example_dags/example_kubernetes_executor.py took 0.016 seconds
[2023-11-20T15:19:31.659+0500] {processor.py:157} INFO - Started process (PID=9798) to work on /home/den/Projects/venv/lib/python3.10/site-packages/airflow/example_dags/example_kubernetes_executor.py
[2023-11-20T15:19:31.660+0500] {processor.py:829} INFO - Processing file /home/den/Projects/venv/lib/python3.10/site-packages/airflow/example_dags/example_kubernetes_executor.py for tasks to queue
[2023-11-20T15:19:31.661+0500] {logging_mixin.py:154} INFO - [2023-11-20T15:19:31.661+0500] {dagbag.py:536} INFO - Filling up the DagBag from /home/den/Projects/venv/lib/python3.10/site-packages/airflow/example_dags/example_kubernetes_executor.py
[2023-11-20T15:19:31.664+0500] {logging_mixin.py:154} INFO - [2023-11-20T15:19:31.664+0500] {example_kubernetes_executor.py:38} WARNING - The example_kubernetes_executor example DAG requires the kubernetes provider. Please install it with: pip install apache-airflow[cncf.kubernetes]
[2023-11-20T15:19:31.664+0500] {processor.py:841} WARNING - No viable dags retrieved from /home/den/Projects/venv/lib/python3.10/site-packages/airflow/example_dags/example_kubernetes_executor.py
[2023-11-20T15:19:31.673+0500] {processor.py:179} INFO - Processing /home/den/Projects/venv/lib/python3.10/site-packages/airflow/example_dags/example_kubernetes_executor.py took 0.017 seconds
[2023-11-20T15:20:10.739+0500] {processor.py:157} INFO - Started process (PID=9938) to work on /home/den/Projects/venv/lib/python3.10/site-packages/airflow/example_dags/example_kubernetes_executor.py
[2023-11-20T15:20:10.745+0500] {processor.py:829} INFO - Processing file /home/den/Projects/venv/lib/python3.10/site-packages/airflow/example_dags/example_kubernetes_executor.py for tasks to queue
[2023-11-20T15:20:10.750+0500] {logging_mixin.py:154} INFO - [2023-11-20T15:20:10.749+0500] {dagbag.py:536} INFO - Filling up the DagBag from /home/den/Projects/venv/lib/python3.10/site-packages/airflow/example_dags/example_kubernetes_executor.py
[2023-11-20T15:20:10.755+0500] {logging_mixin.py:154} INFO - [2023-11-20T15:20:10.755+0500] {example_kubernetes_executor.py:38} WARNING - The example_kubernetes_executor example DAG requires the kubernetes provider. Please install it with: pip install apache-airflow[cncf.kubernetes]
[2023-11-20T15:20:10.756+0500] {processor.py:841} WARNING - No viable dags retrieved from /home/den/Projects/venv/lib/python3.10/site-packages/airflow/example_dags/example_kubernetes_executor.py
[2023-11-20T15:20:10.765+0500] {processor.py:179} INFO - Processing /home/den/Projects/venv/lib/python3.10/site-packages/airflow/example_dags/example_kubernetes_executor.py took 0.030 seconds
[2023-11-20T15:20:51.637+0500] {processor.py:157} INFO - Started process (PID=9986) to work on /home/den/Projects/venv/lib/python3.10/site-packages/airflow/example_dags/example_kubernetes_executor.py
[2023-11-20T15:20:51.640+0500] {processor.py:829} INFO - Processing file /home/den/Projects/venv/lib/python3.10/site-packages/airflow/example_dags/example_kubernetes_executor.py for tasks to queue
[2023-11-20T15:20:51.641+0500] {logging_mixin.py:154} INFO - [2023-11-20T15:20:51.641+0500] {dagbag.py:536} INFO - Filling up the DagBag from /home/den/Projects/venv/lib/python3.10/site-packages/airflow/example_dags/example_kubernetes_executor.py
[2023-11-20T15:20:51.645+0500] {logging_mixin.py:154} INFO - [2023-11-20T15:20:51.645+0500] {example_kubernetes_executor.py:38} WARNING - The example_kubernetes_executor example DAG requires the kubernetes provider. Please install it with: pip install apache-airflow[cncf.kubernetes]
[2023-11-20T15:20:51.645+0500] {processor.py:841} WARNING - No viable dags retrieved from /home/den/Projects/venv/lib/python3.10/site-packages/airflow/example_dags/example_kubernetes_executor.py
[2023-11-20T15:20:51.659+0500] {processor.py:179} INFO - Processing /home/den/Projects/venv/lib/python3.10/site-packages/airflow/example_dags/example_kubernetes_executor.py took 0.030 seconds
[2023-11-20T15:21:34.903+0500] {processor.py:157} INFO - Started process (PID=10051) to work on /home/den/Projects/venv/lib/python3.10/site-packages/airflow/example_dags/example_kubernetes_executor.py
[2023-11-20T15:21:34.906+0500] {processor.py:829} INFO - Processing file /home/den/Projects/venv/lib/python3.10/site-packages/airflow/example_dags/example_kubernetes_executor.py for tasks to queue
[2023-11-20T15:21:34.908+0500] {logging_mixin.py:154} INFO - [2023-11-20T15:21:34.907+0500] {dagbag.py:536} INFO - Filling up the DagBag from /home/den/Projects/venv/lib/python3.10/site-packages/airflow/example_dags/example_kubernetes_executor.py
[2023-11-20T15:21:34.911+0500] {logging_mixin.py:154} INFO - [2023-11-20T15:21:34.911+0500] {example_kubernetes_executor.py:38} WARNING - The example_kubernetes_executor example DAG requires the kubernetes provider. Please install it with: pip install apache-airflow[cncf.kubernetes]
[2023-11-20T15:21:34.911+0500] {processor.py:841} WARNING - No viable dags retrieved from /home/den/Projects/venv/lib/python3.10/site-packages/airflow/example_dags/example_kubernetes_executor.py
[2023-11-20T15:21:34.922+0500] {processor.py:179} INFO - Processing /home/den/Projects/venv/lib/python3.10/site-packages/airflow/example_dags/example_kubernetes_executor.py took 0.025 seconds
[2023-11-20T15:22:18.696+0500] {processor.py:157} INFO - Started process (PID=10128) to work on /home/den/Projects/venv/lib/python3.10/site-packages/airflow/example_dags/example_kubernetes_executor.py
[2023-11-20T15:22:18.701+0500] {processor.py:829} INFO - Processing file /home/den/Projects/venv/lib/python3.10/site-packages/airflow/example_dags/example_kubernetes_executor.py for tasks to queue
[2023-11-20T15:22:18.702+0500] {logging_mixin.py:154} INFO - [2023-11-20T15:22:18.702+0500] {dagbag.py:536} INFO - Filling up the DagBag from /home/den/Projects/venv/lib/python3.10/site-packages/airflow/example_dags/example_kubernetes_executor.py
[2023-11-20T15:22:18.708+0500] {logging_mixin.py:154} INFO - [2023-11-20T15:22:18.708+0500] {example_kubernetes_executor.py:38} WARNING - The example_kubernetes_executor example DAG requires the kubernetes provider. Please install it with: pip install apache-airflow[cncf.kubernetes]
[2023-11-20T15:22:18.708+0500] {processor.py:841} WARNING - No viable dags retrieved from /home/den/Projects/venv/lib/python3.10/site-packages/airflow/example_dags/example_kubernetes_executor.py
[2023-11-20T15:22:18.717+0500] {processor.py:179} INFO - Processing /home/den/Projects/venv/lib/python3.10/site-packages/airflow/example_dags/example_kubernetes_executor.py took 0.024 seconds
[2023-11-20T15:22:59.775+0500] {processor.py:157} INFO - Started process (PID=10186) to work on /home/den/Projects/venv/lib/python3.10/site-packages/airflow/example_dags/example_kubernetes_executor.py
[2023-11-20T15:22:59.777+0500] {processor.py:829} INFO - Processing file /home/den/Projects/venv/lib/python3.10/site-packages/airflow/example_dags/example_kubernetes_executor.py for tasks to queue
[2023-11-20T15:22:59.777+0500] {logging_mixin.py:154} INFO - [2023-11-20T15:22:59.777+0500] {dagbag.py:536} INFO - Filling up the DagBag from /home/den/Projects/venv/lib/python3.10/site-packages/airflow/example_dags/example_kubernetes_executor.py
[2023-11-20T15:22:59.790+0500] {logging_mixin.py:154} INFO - [2023-11-20T15:22:59.789+0500] {example_kubernetes_executor.py:38} WARNING - The example_kubernetes_executor example DAG requires the kubernetes provider. Please install it with: pip install apache-airflow[cncf.kubernetes]
[2023-11-20T15:22:59.790+0500] {processor.py:841} WARNING - No viable dags retrieved from /home/den/Projects/venv/lib/python3.10/site-packages/airflow/example_dags/example_kubernetes_executor.py
[2023-11-20T15:22:59.798+0500] {processor.py:179} INFO - Processing /home/den/Projects/venv/lib/python3.10/site-packages/airflow/example_dags/example_kubernetes_executor.py took 0.027 seconds
[2023-11-20T15:23:40.340+0500] {processor.py:157} INFO - Started process (PID=10266) to work on /home/den/Projects/venv/lib/python3.10/site-packages/airflow/example_dags/example_kubernetes_executor.py
[2023-11-20T15:23:40.364+0500] {processor.py:829} INFO - Processing file /home/den/Projects/venv/lib/python3.10/site-packages/airflow/example_dags/example_kubernetes_executor.py for tasks to queue
[2023-11-20T15:23:40.365+0500] {logging_mixin.py:154} INFO - [2023-11-20T15:23:40.364+0500] {dagbag.py:536} INFO - Filling up the DagBag from /home/den/Projects/venv/lib/python3.10/site-packages/airflow/example_dags/example_kubernetes_executor.py
[2023-11-20T15:23:40.380+0500] {logging_mixin.py:154} INFO - [2023-11-20T15:23:40.380+0500] {example_kubernetes_executor.py:38} WARNING - The example_kubernetes_executor example DAG requires the kubernetes provider. Please install it with: pip install apache-airflow[cncf.kubernetes]
[2023-11-20T15:23:40.381+0500] {processor.py:841} WARNING - No viable dags retrieved from /home/den/Projects/venv/lib/python3.10/site-packages/airflow/example_dags/example_kubernetes_executor.py
[2023-11-20T15:23:40.415+0500] {processor.py:179} INFO - Processing /home/den/Projects/venv/lib/python3.10/site-packages/airflow/example_dags/example_kubernetes_executor.py took 0.079 seconds
