[2023-11-20T14:39:29.728+0500] {processor.py:157} INFO - Started process (PID=5169) to work on /home/den/Projects/venv/lib/python3.10/site-packages/airflow/example_dags/example_task_group.py
[2023-11-20T14:39:29.729+0500] {processor.py:829} INFO - Processing file /home/den/Projects/venv/lib/python3.10/site-packages/airflow/example_dags/example_task_group.py for tasks to queue
[2023-11-20T14:39:29.729+0500] {logging_mixin.py:154} INFO - [2023-11-20T14:39:29.729+0500] {dagbag.py:536} INFO - Filling up the DagBag from /home/den/Projects/venv/lib/python3.10/site-packages/airflow/example_dags/example_task_group.py
[2023-11-20T14:39:29.742+0500] {processor.py:839} INFO - DAG(s) dict_keys(['example_task_group']) retrieved from /home/den/Projects/venv/lib/python3.10/site-packages/airflow/example_dags/example_task_group.py
[2023-11-20T14:39:29.926+0500] {logging_mixin.py:154} INFO - [2023-11-20T14:39:29.925+0500] {manager.py:499} INFO - Created Permission View: %s
[2023-11-20T14:39:29.974+0500] {logging_mixin.py:154} INFO - [2023-11-20T14:39:29.973+0500] {manager.py:499} INFO - Created Permission View: %s
[2023-11-20T14:39:29.999+0500] {logging_mixin.py:154} INFO - [2023-11-20T14:39:29.998+0500] {manager.py:499} INFO - Created Permission View: %s
[2023-11-20T14:39:29.999+0500] {logging_mixin.py:154} INFO - [2023-11-20T14:39:29.999+0500] {dag.py:2941} INFO - Sync 1 DAGs
[2023-11-20T14:39:30.008+0500] {logging_mixin.py:154} INFO - [2023-11-20T14:39:30.008+0500] {dag.py:2963} INFO - Creating ORM DAG for example_task_group
[2023-11-20T14:39:30.013+0500] {logging_mixin.py:154} INFO - [2023-11-20T14:39:30.013+0500] {dag.py:3722} INFO - Setting next_dagrun for example_task_group to 2023-11-19T09:39:30.013533+00:00, run_after=2023-11-20T09:39:30.013533+00:00
[2023-11-20T14:39:30.032+0500] {processor.py:179} INFO - Processing /home/den/Projects/venv/lib/python3.10/site-packages/airflow/example_dags/example_task_group.py took 0.311 seconds
[2023-11-20T14:40:21.165+0500] {processor.py:157} INFO - Started process (PID=5281) to work on /home/den/Projects/venv/lib/python3.10/site-packages/airflow/example_dags/example_task_group.py
[2023-11-20T14:40:21.167+0500] {processor.py:829} INFO - Processing file /home/den/Projects/venv/lib/python3.10/site-packages/airflow/example_dags/example_task_group.py for tasks to queue
[2023-11-20T14:40:21.167+0500] {logging_mixin.py:154} INFO - [2023-11-20T14:40:21.167+0500] {dagbag.py:536} INFO - Filling up the DagBag from /home/den/Projects/venv/lib/python3.10/site-packages/airflow/example_dags/example_task_group.py
[2023-11-20T14:40:21.174+0500] {processor.py:839} INFO - DAG(s) dict_keys(['example_task_group']) retrieved from /home/den/Projects/venv/lib/python3.10/site-packages/airflow/example_dags/example_task_group.py
[2023-11-20T14:40:21.188+0500] {logging_mixin.py:154} INFO - [2023-11-20T14:40:21.188+0500] {dag.py:2941} INFO - Sync 1 DAGs
[2023-11-20T14:40:21.203+0500] {logging_mixin.py:154} INFO - [2023-11-20T14:40:21.203+0500] {dag.py:3722} INFO - Setting next_dagrun for example_task_group to 2023-11-19T09:40:21.202996+00:00, run_after=2023-11-20T09:40:21.202996+00:00
[2023-11-20T14:40:21.219+0500] {processor.py:179} INFO - Processing /home/den/Projects/venv/lib/python3.10/site-packages/airflow/example_dags/example_task_group.py took 0.057 seconds
[2023-11-20T14:49:57.041+0500] {processor.py:157} INFO - Started process (PID=6490) to work on /home/den/Projects/venv/lib/python3.10/site-packages/airflow/example_dags/example_task_group.py
[2023-11-20T14:49:57.042+0500] {processor.py:829} INFO - Processing file /home/den/Projects/venv/lib/python3.10/site-packages/airflow/example_dags/example_task_group.py for tasks to queue
[2023-11-20T14:49:57.043+0500] {logging_mixin.py:154} INFO - [2023-11-20T14:49:57.043+0500] {dagbag.py:536} INFO - Filling up the DagBag from /home/den/Projects/venv/lib/python3.10/site-packages/airflow/example_dags/example_task_group.py
[2023-11-20T14:49:57.051+0500] {processor.py:839} INFO - DAG(s) dict_keys(['example_task_group']) retrieved from /home/den/Projects/venv/lib/python3.10/site-packages/airflow/example_dags/example_task_group.py
[2023-11-20T14:49:57.066+0500] {logging_mixin.py:154} INFO - [2023-11-20T14:49:57.065+0500] {dag.py:2941} INFO - Sync 1 DAGs
[2023-11-20T14:49:57.083+0500] {logging_mixin.py:154} INFO - [2023-11-20T14:49:57.082+0500] {dag.py:3722} INFO - Setting next_dagrun for example_task_group to 2023-11-19T09:49:57.082297+00:00, run_after=2023-11-20T09:49:57.082297+00:00
[2023-11-20T14:49:57.117+0500] {processor.py:179} INFO - Processing /home/den/Projects/venv/lib/python3.10/site-packages/airflow/example_dags/example_task_group.py took 0.079 seconds
[2023-11-20T14:50:47.458+0500] {processor.py:157} INFO - Started process (PID=6563) to work on /home/den/Projects/venv/lib/python3.10/site-packages/airflow/example_dags/example_task_group.py
[2023-11-20T14:50:47.460+0500] {processor.py:829} INFO - Processing file /home/den/Projects/venv/lib/python3.10/site-packages/airflow/example_dags/example_task_group.py for tasks to queue
[2023-11-20T14:50:47.461+0500] {logging_mixin.py:154} INFO - [2023-11-20T14:50:47.460+0500] {dagbag.py:536} INFO - Filling up the DagBag from /home/den/Projects/venv/lib/python3.10/site-packages/airflow/example_dags/example_task_group.py
[2023-11-20T14:50:47.469+0500] {processor.py:839} INFO - DAG(s) dict_keys(['example_task_group']) retrieved from /home/den/Projects/venv/lib/python3.10/site-packages/airflow/example_dags/example_task_group.py
[2023-11-20T14:50:47.482+0500] {logging_mixin.py:154} INFO - [2023-11-20T14:50:47.482+0500] {dag.py:2941} INFO - Sync 1 DAGs
[2023-11-20T14:50:47.495+0500] {logging_mixin.py:154} INFO - [2023-11-20T14:50:47.495+0500] {dag.py:3722} INFO - Setting next_dagrun for example_task_group to 2023-11-19T09:50:47.495479+00:00, run_after=2023-11-20T09:50:47.495479+00:00
[2023-11-20T14:50:47.511+0500] {processor.py:179} INFO - Processing /home/den/Projects/venv/lib/python3.10/site-packages/airflow/example_dags/example_task_group.py took 0.056 seconds
[2023-11-20T14:51:33.849+0500] {processor.py:157} INFO - Started process (PID=6621) to work on /home/den/Projects/venv/lib/python3.10/site-packages/airflow/example_dags/example_task_group.py
[2023-11-20T14:51:33.850+0500] {processor.py:829} INFO - Processing file /home/den/Projects/venv/lib/python3.10/site-packages/airflow/example_dags/example_task_group.py for tasks to queue
[2023-11-20T14:51:33.851+0500] {logging_mixin.py:154} INFO - [2023-11-20T14:51:33.850+0500] {dagbag.py:536} INFO - Filling up the DagBag from /home/den/Projects/venv/lib/python3.10/site-packages/airflow/example_dags/example_task_group.py
[2023-11-20T14:51:33.858+0500] {processor.py:839} INFO - DAG(s) dict_keys(['example_task_group']) retrieved from /home/den/Projects/venv/lib/python3.10/site-packages/airflow/example_dags/example_task_group.py
[2023-11-20T14:51:33.877+0500] {logging_mixin.py:154} INFO - [2023-11-20T14:51:33.877+0500] {dag.py:2941} INFO - Sync 1 DAGs
[2023-11-20T14:51:33.899+0500] {logging_mixin.py:154} INFO - [2023-11-20T14:51:33.899+0500] {dag.py:3722} INFO - Setting next_dagrun for example_task_group to 2023-11-19T09:51:33.898912+00:00, run_after=2023-11-20T09:51:33.898912+00:00
[2023-11-20T14:51:33.948+0500] {processor.py:179} INFO - Processing /home/den/Projects/venv/lib/python3.10/site-packages/airflow/example_dags/example_task_group.py took 0.101 seconds
[2023-11-20T14:52:27.230+0500] {processor.py:157} INFO - Started process (PID=6769) to work on /home/den/Projects/venv/lib/python3.10/site-packages/airflow/example_dags/example_task_group.py
[2023-11-20T14:52:27.237+0500] {processor.py:829} INFO - Processing file /home/den/Projects/venv/lib/python3.10/site-packages/airflow/example_dags/example_task_group.py for tasks to queue
[2023-11-20T14:52:27.242+0500] {logging_mixin.py:154} INFO - [2023-11-20T14:52:27.240+0500] {dagbag.py:536} INFO - Filling up the DagBag from /home/den/Projects/venv/lib/python3.10/site-packages/airflow/example_dags/example_task_group.py
[2023-11-20T14:52:27.271+0500] {processor.py:839} INFO - DAG(s) dict_keys(['example_task_group']) retrieved from /home/den/Projects/venv/lib/python3.10/site-packages/airflow/example_dags/example_task_group.py
[2023-11-20T14:52:27.299+0500] {logging_mixin.py:154} INFO - [2023-11-20T14:52:27.299+0500] {dag.py:2941} INFO - Sync 1 DAGs
[2023-11-20T14:52:27.320+0500] {logging_mixin.py:154} INFO - [2023-11-20T14:52:27.320+0500] {dag.py:3722} INFO - Setting next_dagrun for example_task_group to 2023-11-19T09:52:27.320125+00:00, run_after=2023-11-20T09:52:27.320125+00:00
[2023-11-20T14:52:27.370+0500] {processor.py:179} INFO - Processing /home/den/Projects/venv/lib/python3.10/site-packages/airflow/example_dags/example_task_group.py took 0.153 seconds
[2023-11-20T14:53:14.430+0500] {processor.py:157} INFO - Started process (PID=7367) to work on /home/den/Projects/venv/lib/python3.10/site-packages/airflow/example_dags/example_task_group.py
[2023-11-20T14:53:14.432+0500] {processor.py:829} INFO - Processing file /home/den/Projects/venv/lib/python3.10/site-packages/airflow/example_dags/example_task_group.py for tasks to queue
[2023-11-20T14:53:14.434+0500] {logging_mixin.py:154} INFO - [2023-11-20T14:53:14.434+0500] {dagbag.py:536} INFO - Filling up the DagBag from /home/den/Projects/venv/lib/python3.10/site-packages/airflow/example_dags/example_task_group.py
[2023-11-20T14:53:14.453+0500] {processor.py:839} INFO - DAG(s) dict_keys(['example_task_group']) retrieved from /home/den/Projects/venv/lib/python3.10/site-packages/airflow/example_dags/example_task_group.py
[2023-11-20T14:53:14.508+0500] {logging_mixin.py:154} INFO - [2023-11-20T14:53:14.507+0500] {dag.py:2941} INFO - Sync 1 DAGs
[2023-11-20T14:53:14.549+0500] {logging_mixin.py:154} INFO - [2023-11-20T14:53:14.548+0500] {dag.py:3722} INFO - Setting next_dagrun for example_task_group to 2023-11-19T09:53:14.546800+00:00, run_after=2023-11-20T09:53:14.546800+00:00
[2023-11-20T14:53:14.585+0500] {processor.py:179} INFO - Processing /home/den/Projects/venv/lib/python3.10/site-packages/airflow/example_dags/example_task_group.py took 0.159 seconds
[2023-11-20T14:54:48.535+0500] {processor.py:157} INFO - Started process (PID=7495) to work on /home/den/Projects/venv/lib/python3.10/site-packages/airflow/example_dags/example_task_group.py
[2023-11-20T14:54:48.536+0500] {processor.py:829} INFO - Processing file /home/den/Projects/venv/lib/python3.10/site-packages/airflow/example_dags/example_task_group.py for tasks to queue
[2023-11-20T14:54:48.537+0500] {logging_mixin.py:154} INFO - [2023-11-20T14:54:48.537+0500] {dagbag.py:536} INFO - Filling up the DagBag from /home/den/Projects/venv/lib/python3.10/site-packages/airflow/example_dags/example_task_group.py
[2023-11-20T14:54:48.549+0500] {processor.py:839} INFO - DAG(s) dict_keys(['example_task_group']) retrieved from /home/den/Projects/venv/lib/python3.10/site-packages/airflow/example_dags/example_task_group.py
[2023-11-20T14:54:48.566+0500] {logging_mixin.py:154} INFO - [2023-11-20T14:54:48.566+0500] {dag.py:2941} INFO - Sync 1 DAGs
[2023-11-20T14:54:48.585+0500] {logging_mixin.py:154} INFO - [2023-11-20T14:54:48.585+0500] {dag.py:3722} INFO - Setting next_dagrun for example_task_group to 2023-11-19T09:54:48.585121+00:00, run_after=2023-11-20T09:54:48.585121+00:00
[2023-11-20T14:54:48.608+0500] {processor.py:179} INFO - Processing /home/den/Projects/venv/lib/python3.10/site-packages/airflow/example_dags/example_task_group.py took 0.077 seconds
[2023-11-20T14:57:31.142+0500] {processor.py:157} INFO - Started process (PID=7652) to work on /home/den/Projects/venv/lib/python3.10/site-packages/airflow/example_dags/example_task_group.py
[2023-11-20T14:57:31.143+0500] {processor.py:829} INFO - Processing file /home/den/Projects/venv/lib/python3.10/site-packages/airflow/example_dags/example_task_group.py for tasks to queue
[2023-11-20T14:57:31.144+0500] {logging_mixin.py:154} INFO - [2023-11-20T14:57:31.144+0500] {dagbag.py:536} INFO - Filling up the DagBag from /home/den/Projects/venv/lib/python3.10/site-packages/airflow/example_dags/example_task_group.py
[2023-11-20T14:57:31.152+0500] {processor.py:839} INFO - DAG(s) dict_keys(['example_task_group']) retrieved from /home/den/Projects/venv/lib/python3.10/site-packages/airflow/example_dags/example_task_group.py
[2023-11-20T14:57:31.166+0500] {logging_mixin.py:154} INFO - [2023-11-20T14:57:31.166+0500] {dag.py:2941} INFO - Sync 1 DAGs
[2023-11-20T14:57:31.179+0500] {logging_mixin.py:154} INFO - [2023-11-20T14:57:31.179+0500] {dag.py:3722} INFO - Setting next_dagrun for example_task_group to 2023-11-19T09:57:31.179085+00:00, run_after=2023-11-20T09:57:31.179085+00:00
[2023-11-20T14:57:31.196+0500] {processor.py:179} INFO - Processing /home/den/Projects/venv/lib/python3.10/site-packages/airflow/example_dags/example_task_group.py took 0.057 seconds
[2023-11-20T14:58:16.426+0500] {processor.py:157} INFO - Started process (PID=7757) to work on /home/den/Projects/venv/lib/python3.10/site-packages/airflow/example_dags/example_task_group.py
[2023-11-20T14:58:16.428+0500] {processor.py:829} INFO - Processing file /home/den/Projects/venv/lib/python3.10/site-packages/airflow/example_dags/example_task_group.py for tasks to queue
[2023-11-20T14:58:16.428+0500] {logging_mixin.py:154} INFO - [2023-11-20T14:58:16.428+0500] {dagbag.py:536} INFO - Filling up the DagBag from /home/den/Projects/venv/lib/python3.10/site-packages/airflow/example_dags/example_task_group.py
[2023-11-20T14:58:16.435+0500] {processor.py:839} INFO - DAG(s) dict_keys(['example_task_group']) retrieved from /home/den/Projects/venv/lib/python3.10/site-packages/airflow/example_dags/example_task_group.py
[2023-11-20T14:58:16.447+0500] {logging_mixin.py:154} INFO - [2023-11-20T14:58:16.447+0500] {dag.py:2941} INFO - Sync 1 DAGs
[2023-11-20T14:58:16.460+0500] {logging_mixin.py:154} INFO - [2023-11-20T14:58:16.460+0500] {dag.py:3722} INFO - Setting next_dagrun for example_task_group to 2023-11-19T09:58:16.460057+00:00, run_after=2023-11-20T09:58:16.460057+00:00
[2023-11-20T14:58:16.476+0500] {processor.py:179} INFO - Processing /home/den/Projects/venv/lib/python3.10/site-packages/airflow/example_dags/example_task_group.py took 0.054 seconds
[2023-11-20T14:59:02.952+0500] {processor.py:157} INFO - Started process (PID=7817) to work on /home/den/Projects/venv/lib/python3.10/site-packages/airflow/example_dags/example_task_group.py
[2023-11-20T14:59:02.954+0500] {processor.py:829} INFO - Processing file /home/den/Projects/venv/lib/python3.10/site-packages/airflow/example_dags/example_task_group.py for tasks to queue
[2023-11-20T14:59:02.955+0500] {logging_mixin.py:154} INFO - [2023-11-20T14:59:02.954+0500] {dagbag.py:536} INFO - Filling up the DagBag from /home/den/Projects/venv/lib/python3.10/site-packages/airflow/example_dags/example_task_group.py
[2023-11-20T14:59:02.961+0500] {processor.py:839} INFO - DAG(s) dict_keys(['example_task_group']) retrieved from /home/den/Projects/venv/lib/python3.10/site-packages/airflow/example_dags/example_task_group.py
[2023-11-20T14:59:02.982+0500] {logging_mixin.py:154} INFO - [2023-11-20T14:59:02.982+0500] {dag.py:2941} INFO - Sync 1 DAGs
[2023-11-20T14:59:03.006+0500] {logging_mixin.py:154} INFO - [2023-11-20T14:59:03.006+0500] {dag.py:3722} INFO - Setting next_dagrun for example_task_group to 2023-11-19T09:59:03.006549+00:00, run_after=2023-11-20T09:59:03.006549+00:00
[2023-11-20T14:59:03.032+0500] {processor.py:179} INFO - Processing /home/den/Projects/venv/lib/python3.10/site-packages/airflow/example_dags/example_task_group.py took 0.084 seconds
[2023-11-20T14:59:49.451+0500] {processor.py:157} INFO - Started process (PID=7910) to work on /home/den/Projects/venv/lib/python3.10/site-packages/airflow/example_dags/example_task_group.py
[2023-11-20T14:59:49.452+0500] {processor.py:829} INFO - Processing file /home/den/Projects/venv/lib/python3.10/site-packages/airflow/example_dags/example_task_group.py for tasks to queue
[2023-11-20T14:59:49.453+0500] {logging_mixin.py:154} INFO - [2023-11-20T14:59:49.453+0500] {dagbag.py:536} INFO - Filling up the DagBag from /home/den/Projects/venv/lib/python3.10/site-packages/airflow/example_dags/example_task_group.py
[2023-11-20T14:59:49.458+0500] {processor.py:839} INFO - DAG(s) dict_keys(['example_task_group']) retrieved from /home/den/Projects/venv/lib/python3.10/site-packages/airflow/example_dags/example_task_group.py
[2023-11-20T14:59:49.470+0500] {logging_mixin.py:154} INFO - [2023-11-20T14:59:49.470+0500] {dag.py:2941} INFO - Sync 1 DAGs
[2023-11-20T14:59:49.482+0500] {logging_mixin.py:154} INFO - [2023-11-20T14:59:49.482+0500] {dag.py:3722} INFO - Setting next_dagrun for example_task_group to 2023-11-19T09:59:49.482069+00:00, run_after=2023-11-20T09:59:49.482069+00:00
[2023-11-20T14:59:49.500+0500] {processor.py:179} INFO - Processing /home/den/Projects/venv/lib/python3.10/site-packages/airflow/example_dags/example_task_group.py took 0.052 seconds
[2023-11-20T15:00:41.474+0500] {processor.py:157} INFO - Started process (PID=7974) to work on /home/den/Projects/venv/lib/python3.10/site-packages/airflow/example_dags/example_task_group.py
[2023-11-20T15:00:41.475+0500] {processor.py:829} INFO - Processing file /home/den/Projects/venv/lib/python3.10/site-packages/airflow/example_dags/example_task_group.py for tasks to queue
[2023-11-20T15:00:41.476+0500] {logging_mixin.py:154} INFO - [2023-11-20T15:00:41.476+0500] {dagbag.py:536} INFO - Filling up the DagBag from /home/den/Projects/venv/lib/python3.10/site-packages/airflow/example_dags/example_task_group.py
[2023-11-20T15:00:41.484+0500] {processor.py:839} INFO - DAG(s) dict_keys(['example_task_group']) retrieved from /home/den/Projects/venv/lib/python3.10/site-packages/airflow/example_dags/example_task_group.py
[2023-11-20T15:00:41.496+0500] {logging_mixin.py:154} INFO - [2023-11-20T15:00:41.495+0500] {dag.py:2941} INFO - Sync 1 DAGs
[2023-11-20T15:00:41.510+0500] {logging_mixin.py:154} INFO - [2023-11-20T15:00:41.510+0500] {dag.py:3722} INFO - Setting next_dagrun for example_task_group to 2023-11-19T10:00:41.510145+00:00, run_after=2023-11-20T10:00:41.510145+00:00
[2023-11-20T15:00:41.534+0500] {processor.py:179} INFO - Processing /home/den/Projects/venv/lib/python3.10/site-packages/airflow/example_dags/example_task_group.py took 0.063 seconds
[2023-11-20T15:01:31.748+0500] {processor.py:157} INFO - Started process (PID=8048) to work on /home/den/Projects/venv/lib/python3.10/site-packages/airflow/example_dags/example_task_group.py
[2023-11-20T15:01:31.758+0500] {processor.py:829} INFO - Processing file /home/den/Projects/venv/lib/python3.10/site-packages/airflow/example_dags/example_task_group.py for tasks to queue
[2023-11-20T15:01:31.760+0500] {logging_mixin.py:154} INFO - [2023-11-20T15:01:31.759+0500] {dagbag.py:536} INFO - Filling up the DagBag from /home/den/Projects/venv/lib/python3.10/site-packages/airflow/example_dags/example_task_group.py
[2023-11-20T15:01:31.782+0500] {processor.py:839} INFO - DAG(s) dict_keys(['example_task_group']) retrieved from /home/den/Projects/venv/lib/python3.10/site-packages/airflow/example_dags/example_task_group.py
[2023-11-20T15:01:31.811+0500] {logging_mixin.py:154} INFO - [2023-11-20T15:01:31.811+0500] {dag.py:2941} INFO - Sync 1 DAGs
[2023-11-20T15:01:31.858+0500] {logging_mixin.py:154} INFO - [2023-11-20T15:01:31.858+0500] {dag.py:3722} INFO - Setting next_dagrun for example_task_group to 2023-11-19T10:01:31.857971+00:00, run_after=2023-11-20T10:01:31.857971+00:00
[2023-11-20T15:01:31.883+0500] {processor.py:179} INFO - Processing /home/den/Projects/venv/lib/python3.10/site-packages/airflow/example_dags/example_task_group.py took 0.139 seconds
[2023-11-20T15:03:19.609+0500] {processor.py:157} INFO - Started process (PID=8256) to work on /home/den/Projects/venv/lib/python3.10/site-packages/airflow/example_dags/example_task_group.py
[2023-11-20T15:03:19.620+0500] {processor.py:829} INFO - Processing file /home/den/Projects/venv/lib/python3.10/site-packages/airflow/example_dags/example_task_group.py for tasks to queue
[2023-11-20T15:03:19.622+0500] {logging_mixin.py:154} INFO - [2023-11-20T15:03:19.622+0500] {dagbag.py:536} INFO - Filling up the DagBag from /home/den/Projects/venv/lib/python3.10/site-packages/airflow/example_dags/example_task_group.py
[2023-11-20T15:03:19.631+0500] {processor.py:839} INFO - DAG(s) dict_keys(['example_task_group']) retrieved from /home/den/Projects/venv/lib/python3.10/site-packages/airflow/example_dags/example_task_group.py
[2023-11-20T15:03:19.653+0500] {logging_mixin.py:154} INFO - [2023-11-20T15:03:19.652+0500] {dag.py:2941} INFO - Sync 1 DAGs
[2023-11-20T15:03:19.676+0500] {logging_mixin.py:154} INFO - [2023-11-20T15:03:19.676+0500] {dag.py:3722} INFO - Setting next_dagrun for example_task_group to 2023-11-19T10:03:19.676512+00:00, run_after=2023-11-20T10:03:19.676512+00:00
[2023-11-20T15:03:19.709+0500] {processor.py:179} INFO - Processing /home/den/Projects/venv/lib/python3.10/site-packages/airflow/example_dags/example_task_group.py took 0.104 seconds
[2023-11-20T15:04:09.163+0500] {processor.py:157} INFO - Started process (PID=8342) to work on /home/den/Projects/venv/lib/python3.10/site-packages/airflow/example_dags/example_task_group.py
[2023-11-20T15:04:09.164+0500] {processor.py:829} INFO - Processing file /home/den/Projects/venv/lib/python3.10/site-packages/airflow/example_dags/example_task_group.py for tasks to queue
[2023-11-20T15:04:09.165+0500] {logging_mixin.py:154} INFO - [2023-11-20T15:04:09.165+0500] {dagbag.py:536} INFO - Filling up the DagBag from /home/den/Projects/venv/lib/python3.10/site-packages/airflow/example_dags/example_task_group.py
[2023-11-20T15:04:09.180+0500] {processor.py:839} INFO - DAG(s) dict_keys(['example_task_group']) retrieved from /home/den/Projects/venv/lib/python3.10/site-packages/airflow/example_dags/example_task_group.py
[2023-11-20T15:04:09.202+0500] {logging_mixin.py:154} INFO - [2023-11-20T15:04:09.202+0500] {dag.py:2941} INFO - Sync 1 DAGs
[2023-11-20T15:04:09.226+0500] {logging_mixin.py:154} INFO - [2023-11-20T15:04:09.226+0500] {dag.py:3722} INFO - Setting next_dagrun for example_task_group to 2023-11-19T10:04:09.226066+00:00, run_after=2023-11-20T10:04:09.226066+00:00
[2023-11-20T15:04:09.268+0500] {processor.py:179} INFO - Processing /home/den/Projects/venv/lib/python3.10/site-packages/airflow/example_dags/example_task_group.py took 0.108 seconds
[2023-11-20T15:05:05.253+0500] {processor.py:157} INFO - Started process (PID=8419) to work on /home/den/Projects/venv/lib/python3.10/site-packages/airflow/example_dags/example_task_group.py
[2023-11-20T15:05:05.257+0500] {processor.py:829} INFO - Processing file /home/den/Projects/venv/lib/python3.10/site-packages/airflow/example_dags/example_task_group.py for tasks to queue
[2023-11-20T15:05:05.259+0500] {logging_mixin.py:154} INFO - [2023-11-20T15:05:05.258+0500] {dagbag.py:536} INFO - Filling up the DagBag from /home/den/Projects/venv/lib/python3.10/site-packages/airflow/example_dags/example_task_group.py
[2023-11-20T15:05:05.272+0500] {processor.py:839} INFO - DAG(s) dict_keys(['example_task_group']) retrieved from /home/den/Projects/venv/lib/python3.10/site-packages/airflow/example_dags/example_task_group.py
[2023-11-20T15:05:05.300+0500] {logging_mixin.py:154} INFO - [2023-11-20T15:05:05.299+0500] {dag.py:2941} INFO - Sync 1 DAGs
[2023-11-20T15:05:05.329+0500] {logging_mixin.py:154} INFO - [2023-11-20T15:05:05.329+0500] {dag.py:3722} INFO - Setting next_dagrun for example_task_group to 2023-11-19T10:05:05.328935+00:00, run_after=2023-11-20T10:05:05.328935+00:00
[2023-11-20T15:05:05.378+0500] {processor.py:179} INFO - Processing /home/den/Projects/venv/lib/python3.10/site-packages/airflow/example_dags/example_task_group.py took 0.138 seconds
[2023-11-20T15:06:01.224+0500] {processor.py:157} INFO - Started process (PID=8519) to work on /home/den/Projects/venv/lib/python3.10/site-packages/airflow/example_dags/example_task_group.py
[2023-11-20T15:06:01.228+0500] {processor.py:829} INFO - Processing file /home/den/Projects/venv/lib/python3.10/site-packages/airflow/example_dags/example_task_group.py for tasks to queue
[2023-11-20T15:06:01.229+0500] {logging_mixin.py:154} INFO - [2023-11-20T15:06:01.228+0500] {dagbag.py:536} INFO - Filling up the DagBag from /home/den/Projects/venv/lib/python3.10/site-packages/airflow/example_dags/example_task_group.py
[2023-11-20T15:06:01.245+0500] {processor.py:839} INFO - DAG(s) dict_keys(['example_task_group']) retrieved from /home/den/Projects/venv/lib/python3.10/site-packages/airflow/example_dags/example_task_group.py
[2023-11-20T15:06:01.259+0500] {logging_mixin.py:154} INFO - [2023-11-20T15:06:01.259+0500] {dag.py:2941} INFO - Sync 1 DAGs
[2023-11-20T15:06:01.274+0500] {logging_mixin.py:154} INFO - [2023-11-20T15:06:01.274+0500] {dag.py:3722} INFO - Setting next_dagrun for example_task_group to 2023-11-19T10:06:01.274010+00:00, run_after=2023-11-20T10:06:01.274010+00:00
[2023-11-20T15:06:01.303+0500] {processor.py:179} INFO - Processing /home/den/Projects/venv/lib/python3.10/site-packages/airflow/example_dags/example_task_group.py took 0.082 seconds
[2023-11-20T15:06:58.297+0500] {processor.py:157} INFO - Started process (PID=8600) to work on /home/den/Projects/venv/lib/python3.10/site-packages/airflow/example_dags/example_task_group.py
[2023-11-20T15:06:58.301+0500] {processor.py:829} INFO - Processing file /home/den/Projects/venv/lib/python3.10/site-packages/airflow/example_dags/example_task_group.py for tasks to queue
[2023-11-20T15:06:58.302+0500] {logging_mixin.py:154} INFO - [2023-11-20T15:06:58.301+0500] {dagbag.py:536} INFO - Filling up the DagBag from /home/den/Projects/venv/lib/python3.10/site-packages/airflow/example_dags/example_task_group.py
[2023-11-20T15:06:58.309+0500] {processor.py:839} INFO - DAG(s) dict_keys(['example_task_group']) retrieved from /home/den/Projects/venv/lib/python3.10/site-packages/airflow/example_dags/example_task_group.py
[2023-11-20T15:06:58.334+0500] {logging_mixin.py:154} INFO - [2023-11-20T15:06:58.333+0500] {dag.py:2941} INFO - Sync 1 DAGs
[2023-11-20T15:06:58.362+0500] {logging_mixin.py:154} INFO - [2023-11-20T15:06:58.362+0500] {dag.py:3722} INFO - Setting next_dagrun for example_task_group to 2023-11-19T10:06:58.361976+00:00, run_after=2023-11-20T10:06:58.361976+00:00
[2023-11-20T15:06:58.391+0500] {processor.py:179} INFO - Processing /home/den/Projects/venv/lib/python3.10/site-packages/airflow/example_dags/example_task_group.py took 0.099 seconds
[2023-11-20T15:07:41.066+0500] {processor.py:157} INFO - Started process (PID=8660) to work on /home/den/Projects/venv/lib/python3.10/site-packages/airflow/example_dags/example_task_group.py
[2023-11-20T15:07:41.070+0500] {processor.py:829} INFO - Processing file /home/den/Projects/venv/lib/python3.10/site-packages/airflow/example_dags/example_task_group.py for tasks to queue
[2023-11-20T15:07:41.071+0500] {logging_mixin.py:154} INFO - [2023-11-20T15:07:41.070+0500] {dagbag.py:536} INFO - Filling up the DagBag from /home/den/Projects/venv/lib/python3.10/site-packages/airflow/example_dags/example_task_group.py
[2023-11-20T15:07:41.082+0500] {processor.py:839} INFO - DAG(s) dict_keys(['example_task_group']) retrieved from /home/den/Projects/venv/lib/python3.10/site-packages/airflow/example_dags/example_task_group.py
[2023-11-20T15:07:41.110+0500] {logging_mixin.py:154} INFO - [2023-11-20T15:07:41.110+0500] {dag.py:2941} INFO - Sync 1 DAGs
[2023-11-20T15:07:41.136+0500] {logging_mixin.py:154} INFO - [2023-11-20T15:07:41.136+0500] {dag.py:3722} INFO - Setting next_dagrun for example_task_group to 2023-11-19T10:07:41.135796+00:00, run_after=2023-11-20T10:07:41.135796+00:00
[2023-11-20T15:07:41.180+0500] {processor.py:179} INFO - Processing /home/den/Projects/venv/lib/python3.10/site-packages/airflow/example_dags/example_task_group.py took 0.117 seconds
[2023-11-20T15:08:29.324+0500] {processor.py:157} INFO - Started process (PID=8757) to work on /home/den/Projects/venv/lib/python3.10/site-packages/airflow/example_dags/example_task_group.py
[2023-11-20T15:08:29.332+0500] {processor.py:829} INFO - Processing file /home/den/Projects/venv/lib/python3.10/site-packages/airflow/example_dags/example_task_group.py for tasks to queue
[2023-11-20T15:08:29.333+0500] {logging_mixin.py:154} INFO - [2023-11-20T15:08:29.332+0500] {dagbag.py:536} INFO - Filling up the DagBag from /home/den/Projects/venv/lib/python3.10/site-packages/airflow/example_dags/example_task_group.py
[2023-11-20T15:08:29.341+0500] {processor.py:839} INFO - DAG(s) dict_keys(['example_task_group']) retrieved from /home/den/Projects/venv/lib/python3.10/site-packages/airflow/example_dags/example_task_group.py
[2023-11-20T15:08:29.377+0500] {logging_mixin.py:154} INFO - [2023-11-20T15:08:29.376+0500] {dag.py:2941} INFO - Sync 1 DAGs
[2023-11-20T15:08:29.398+0500] {logging_mixin.py:154} INFO - [2023-11-20T15:08:29.398+0500] {dag.py:3722} INFO - Setting next_dagrun for example_task_group to 2023-11-19T10:08:29.398378+00:00, run_after=2023-11-20T10:08:29.398378+00:00
[2023-11-20T15:08:29.455+0500] {processor.py:179} INFO - Processing /home/den/Projects/venv/lib/python3.10/site-packages/airflow/example_dags/example_task_group.py took 0.138 seconds
[2023-11-20T15:09:10.798+0500] {processor.py:157} INFO - Started process (PID=8812) to work on /home/den/Projects/venv/lib/python3.10/site-packages/airflow/example_dags/example_task_group.py
[2023-11-20T15:09:10.808+0500] {processor.py:829} INFO - Processing file /home/den/Projects/venv/lib/python3.10/site-packages/airflow/example_dags/example_task_group.py for tasks to queue
[2023-11-20T15:09:10.809+0500] {logging_mixin.py:154} INFO - [2023-11-20T15:09:10.808+0500] {dagbag.py:536} INFO - Filling up the DagBag from /home/den/Projects/venv/lib/python3.10/site-packages/airflow/example_dags/example_task_group.py
[2023-11-20T15:09:10.816+0500] {processor.py:839} INFO - DAG(s) dict_keys(['example_task_group']) retrieved from /home/den/Projects/venv/lib/python3.10/site-packages/airflow/example_dags/example_task_group.py
[2023-11-20T15:09:10.828+0500] {logging_mixin.py:154} INFO - [2023-11-20T15:09:10.828+0500] {dag.py:2941} INFO - Sync 1 DAGs
[2023-11-20T15:09:10.842+0500] {logging_mixin.py:154} INFO - [2023-11-20T15:09:10.842+0500] {dag.py:3722} INFO - Setting next_dagrun for example_task_group to 2023-11-19T10:09:10.842341+00:00, run_after=2023-11-20T10:09:10.842341+00:00
[2023-11-20T15:09:10.875+0500] {processor.py:179} INFO - Processing /home/den/Projects/venv/lib/python3.10/site-packages/airflow/example_dags/example_task_group.py took 0.080 seconds
[2023-11-20T15:09:50.248+0500] {processor.py:157} INFO - Started process (PID=8893) to work on /home/den/Projects/venv/lib/python3.10/site-packages/airflow/example_dags/example_task_group.py
[2023-11-20T15:09:50.254+0500] {processor.py:829} INFO - Processing file /home/den/Projects/venv/lib/python3.10/site-packages/airflow/example_dags/example_task_group.py for tasks to queue
[2023-11-20T15:09:50.255+0500] {logging_mixin.py:154} INFO - [2023-11-20T15:09:50.254+0500] {dagbag.py:536} INFO - Filling up the DagBag from /home/den/Projects/venv/lib/python3.10/site-packages/airflow/example_dags/example_task_group.py
[2023-11-20T15:09:50.263+0500] {processor.py:839} INFO - DAG(s) dict_keys(['example_task_group']) retrieved from /home/den/Projects/venv/lib/python3.10/site-packages/airflow/example_dags/example_task_group.py
[2023-11-20T15:09:50.290+0500] {logging_mixin.py:154} INFO - [2023-11-20T15:09:50.289+0500] {dag.py:2941} INFO - Sync 1 DAGs
[2023-11-20T15:09:50.315+0500] {logging_mixin.py:154} INFO - [2023-11-20T15:09:50.315+0500] {dag.py:3722} INFO - Setting next_dagrun for example_task_group to 2023-11-19T10:09:50.314779+00:00, run_after=2023-11-20T10:09:50.314779+00:00
[2023-11-20T15:09:50.363+0500] {processor.py:179} INFO - Processing /home/den/Projects/venv/lib/python3.10/site-packages/airflow/example_dags/example_task_group.py took 0.123 seconds
[2023-11-20T15:10:32.242+0500] {processor.py:157} INFO - Started process (PID=8945) to work on /home/den/Projects/venv/lib/python3.10/site-packages/airflow/example_dags/example_task_group.py
[2023-11-20T15:10:32.245+0500] {processor.py:829} INFO - Processing file /home/den/Projects/venv/lib/python3.10/site-packages/airflow/example_dags/example_task_group.py for tasks to queue
[2023-11-20T15:10:32.247+0500] {logging_mixin.py:154} INFO - [2023-11-20T15:10:32.247+0500] {dagbag.py:536} INFO - Filling up the DagBag from /home/den/Projects/venv/lib/python3.10/site-packages/airflow/example_dags/example_task_group.py
[2023-11-20T15:10:32.258+0500] {processor.py:839} INFO - DAG(s) dict_keys(['example_task_group']) retrieved from /home/den/Projects/venv/lib/python3.10/site-packages/airflow/example_dags/example_task_group.py
[2023-11-20T15:10:32.278+0500] {logging_mixin.py:154} INFO - [2023-11-20T15:10:32.278+0500] {dag.py:2941} INFO - Sync 1 DAGs
[2023-11-20T15:10:32.292+0500] {logging_mixin.py:154} INFO - [2023-11-20T15:10:32.292+0500] {dag.py:3722} INFO - Setting next_dagrun for example_task_group to 2023-11-19T10:10:32.292192+00:00, run_after=2023-11-20T10:10:32.292192+00:00
[2023-11-20T15:10:32.314+0500] {processor.py:179} INFO - Processing /home/den/Projects/venv/lib/python3.10/site-packages/airflow/example_dags/example_task_group.py took 0.079 seconds
[2023-11-20T15:11:21.215+0500] {processor.py:157} INFO - Started process (PID=9013) to work on /home/den/Projects/venv/lib/python3.10/site-packages/airflow/example_dags/example_task_group.py
[2023-11-20T15:11:21.216+0500] {processor.py:829} INFO - Processing file /home/den/Projects/venv/lib/python3.10/site-packages/airflow/example_dags/example_task_group.py for tasks to queue
[2023-11-20T15:11:21.217+0500] {logging_mixin.py:154} INFO - [2023-11-20T15:11:21.217+0500] {dagbag.py:536} INFO - Filling up the DagBag from /home/den/Projects/venv/lib/python3.10/site-packages/airflow/example_dags/example_task_group.py
[2023-11-20T15:11:21.227+0500] {processor.py:839} INFO - DAG(s) dict_keys(['example_task_group']) retrieved from /home/den/Projects/venv/lib/python3.10/site-packages/airflow/example_dags/example_task_group.py
[2023-11-20T15:11:21.252+0500] {logging_mixin.py:154} INFO - [2023-11-20T15:11:21.252+0500] {dag.py:2941} INFO - Sync 1 DAGs
[2023-11-20T15:11:21.285+0500] {logging_mixin.py:154} INFO - [2023-11-20T15:11:21.285+0500] {dag.py:3722} INFO - Setting next_dagrun for example_task_group to 2023-11-19T10:11:21.284975+00:00, run_after=2023-11-20T10:11:21.284975+00:00
[2023-11-20T15:11:21.321+0500] {processor.py:179} INFO - Processing /home/den/Projects/venv/lib/python3.10/site-packages/airflow/example_dags/example_task_group.py took 0.110 seconds
[2023-11-20T15:12:16.549+0500] {processor.py:157} INFO - Started process (PID=9106) to work on /home/den/Projects/venv/lib/python3.10/site-packages/airflow/example_dags/example_task_group.py
[2023-11-20T15:12:16.553+0500] {processor.py:829} INFO - Processing file /home/den/Projects/venv/lib/python3.10/site-packages/airflow/example_dags/example_task_group.py for tasks to queue
[2023-11-20T15:12:16.554+0500] {logging_mixin.py:154} INFO - [2023-11-20T15:12:16.553+0500] {dagbag.py:536} INFO - Filling up the DagBag from /home/den/Projects/venv/lib/python3.10/site-packages/airflow/example_dags/example_task_group.py
[2023-11-20T15:12:16.563+0500] {processor.py:839} INFO - DAG(s) dict_keys(['example_task_group']) retrieved from /home/den/Projects/venv/lib/python3.10/site-packages/airflow/example_dags/example_task_group.py
[2023-11-20T15:12:16.580+0500] {logging_mixin.py:154} INFO - [2023-11-20T15:12:16.579+0500] {dag.py:2941} INFO - Sync 1 DAGs
[2023-11-20T15:12:16.594+0500] {logging_mixin.py:154} INFO - [2023-11-20T15:12:16.593+0500] {dag.py:3722} INFO - Setting next_dagrun for example_task_group to 2023-11-19T10:12:16.593753+00:00, run_after=2023-11-20T10:12:16.593753+00:00
[2023-11-20T15:12:16.613+0500] {processor.py:179} INFO - Processing /home/den/Projects/venv/lib/python3.10/site-packages/airflow/example_dags/example_task_group.py took 0.068 seconds
[2023-11-20T15:13:09.679+0500] {processor.py:157} INFO - Started process (PID=9178) to work on /home/den/Projects/venv/lib/python3.10/site-packages/airflow/example_dags/example_task_group.py
[2023-11-20T15:13:09.684+0500] {processor.py:829} INFO - Processing file /home/den/Projects/venv/lib/python3.10/site-packages/airflow/example_dags/example_task_group.py for tasks to queue
[2023-11-20T15:13:09.687+0500] {logging_mixin.py:154} INFO - [2023-11-20T15:13:09.687+0500] {dagbag.py:536} INFO - Filling up the DagBag from /home/den/Projects/venv/lib/python3.10/site-packages/airflow/example_dags/example_task_group.py
[2023-11-20T15:13:09.698+0500] {processor.py:839} INFO - DAG(s) dict_keys(['example_task_group']) retrieved from /home/den/Projects/venv/lib/python3.10/site-packages/airflow/example_dags/example_task_group.py
[2023-11-20T15:13:09.716+0500] {logging_mixin.py:154} INFO - [2023-11-20T15:13:09.715+0500] {dag.py:2941} INFO - Sync 1 DAGs
[2023-11-20T15:13:09.730+0500] {logging_mixin.py:154} INFO - [2023-11-20T15:13:09.729+0500] {dag.py:3722} INFO - Setting next_dagrun for example_task_group to 2023-11-19T10:13:09.729763+00:00, run_after=2023-11-20T10:13:09.729763+00:00
[2023-11-20T15:13:09.763+0500] {processor.py:179} INFO - Processing /home/den/Projects/venv/lib/python3.10/site-packages/airflow/example_dags/example_task_group.py took 0.089 seconds
[2023-11-20T15:14:05.872+0500] {processor.py:157} INFO - Started process (PID=9289) to work on /home/den/Projects/venv/lib/python3.10/site-packages/airflow/example_dags/example_task_group.py
[2023-11-20T15:14:05.874+0500] {processor.py:829} INFO - Processing file /home/den/Projects/venv/lib/python3.10/site-packages/airflow/example_dags/example_task_group.py for tasks to queue
[2023-11-20T15:14:05.875+0500] {logging_mixin.py:154} INFO - [2023-11-20T15:14:05.875+0500] {dagbag.py:536} INFO - Filling up the DagBag from /home/den/Projects/venv/lib/python3.10/site-packages/airflow/example_dags/example_task_group.py
[2023-11-20T15:14:05.886+0500] {processor.py:839} INFO - DAG(s) dict_keys(['example_task_group']) retrieved from /home/den/Projects/venv/lib/python3.10/site-packages/airflow/example_dags/example_task_group.py
[2023-11-20T15:14:05.909+0500] {logging_mixin.py:154} INFO - [2023-11-20T15:14:05.909+0500] {dag.py:2941} INFO - Sync 1 DAGs
[2023-11-20T15:14:05.930+0500] {logging_mixin.py:154} INFO - [2023-11-20T15:14:05.929+0500] {dag.py:3722} INFO - Setting next_dagrun for example_task_group to 2023-11-19T10:14:05.929650+00:00, run_after=2023-11-20T10:14:05.929650+00:00
[2023-11-20T15:14:05.969+0500] {processor.py:179} INFO - Processing /home/den/Projects/venv/lib/python3.10/site-packages/airflow/example_dags/example_task_group.py took 0.100 seconds
[2023-11-20T15:15:01.743+0500] {processor.py:157} INFO - Started process (PID=9371) to work on /home/den/Projects/venv/lib/python3.10/site-packages/airflow/example_dags/example_task_group.py
[2023-11-20T15:15:01.744+0500] {processor.py:829} INFO - Processing file /home/den/Projects/venv/lib/python3.10/site-packages/airflow/example_dags/example_task_group.py for tasks to queue
[2023-11-20T15:15:01.745+0500] {logging_mixin.py:154} INFO - [2023-11-20T15:15:01.745+0500] {dagbag.py:536} INFO - Filling up the DagBag from /home/den/Projects/venv/lib/python3.10/site-packages/airflow/example_dags/example_task_group.py
[2023-11-20T15:15:01.752+0500] {processor.py:839} INFO - DAG(s) dict_keys(['example_task_group']) retrieved from /home/den/Projects/venv/lib/python3.10/site-packages/airflow/example_dags/example_task_group.py
[2023-11-20T15:15:01.768+0500] {logging_mixin.py:154} INFO - [2023-11-20T15:15:01.768+0500] {dag.py:2941} INFO - Sync 1 DAGs
[2023-11-20T15:15:01.785+0500] {logging_mixin.py:154} INFO - [2023-11-20T15:15:01.785+0500] {dag.py:3722} INFO - Setting next_dagrun for example_task_group to 2023-11-19T10:15:01.785158+00:00, run_after=2023-11-20T10:15:01.785158+00:00
[2023-11-20T15:15:01.805+0500] {processor.py:179} INFO - Processing /home/den/Projects/venv/lib/python3.10/site-packages/airflow/example_dags/example_task_group.py took 0.066 seconds
[2023-11-20T15:15:50.014+0500] {processor.py:157} INFO - Started process (PID=9450) to work on /home/den/Projects/venv/lib/python3.10/site-packages/airflow/example_dags/example_task_group.py
[2023-11-20T15:15:50.016+0500] {processor.py:829} INFO - Processing file /home/den/Projects/venv/lib/python3.10/site-packages/airflow/example_dags/example_task_group.py for tasks to queue
[2023-11-20T15:15:50.017+0500] {logging_mixin.py:154} INFO - [2023-11-20T15:15:50.016+0500] {dagbag.py:536} INFO - Filling up the DagBag from /home/den/Projects/venv/lib/python3.10/site-packages/airflow/example_dags/example_task_group.py
[2023-11-20T15:15:50.024+0500] {processor.py:839} INFO - DAG(s) dict_keys(['example_task_group']) retrieved from /home/den/Projects/venv/lib/python3.10/site-packages/airflow/example_dags/example_task_group.py
[2023-11-20T15:15:50.037+0500] {logging_mixin.py:154} INFO - [2023-11-20T15:15:50.036+0500] {dag.py:2941} INFO - Sync 1 DAGs
[2023-11-20T15:15:50.050+0500] {logging_mixin.py:154} INFO - [2023-11-20T15:15:50.050+0500] {dag.py:3722} INFO - Setting next_dagrun for example_task_group to 2023-11-19T10:15:50.049954+00:00, run_after=2023-11-20T10:15:50.049954+00:00
[2023-11-20T15:15:50.068+0500] {processor.py:179} INFO - Processing /home/den/Projects/venv/lib/python3.10/site-packages/airflow/example_dags/example_task_group.py took 0.057 seconds
[2023-11-20T15:16:37.497+0500] {processor.py:157} INFO - Started process (PID=9526) to work on /home/den/Projects/venv/lib/python3.10/site-packages/airflow/example_dags/example_task_group.py
[2023-11-20T15:16:37.506+0500] {processor.py:829} INFO - Processing file /home/den/Projects/venv/lib/python3.10/site-packages/airflow/example_dags/example_task_group.py for tasks to queue
[2023-11-20T15:16:37.507+0500] {logging_mixin.py:154} INFO - [2023-11-20T15:16:37.507+0500] {dagbag.py:536} INFO - Filling up the DagBag from /home/den/Projects/venv/lib/python3.10/site-packages/airflow/example_dags/example_task_group.py
[2023-11-20T15:16:37.516+0500] {processor.py:839} INFO - DAG(s) dict_keys(['example_task_group']) retrieved from /home/den/Projects/venv/lib/python3.10/site-packages/airflow/example_dags/example_task_group.py
[2023-11-20T15:16:37.528+0500] {logging_mixin.py:154} INFO - [2023-11-20T15:16:37.528+0500] {dag.py:2941} INFO - Sync 1 DAGs
[2023-11-20T15:16:37.541+0500] {logging_mixin.py:154} INFO - [2023-11-20T15:16:37.541+0500] {dag.py:3722} INFO - Setting next_dagrun for example_task_group to 2023-11-19T10:16:37.540922+00:00, run_after=2023-11-20T10:16:37.540922+00:00
[2023-11-20T15:16:37.561+0500] {processor.py:179} INFO - Processing /home/den/Projects/venv/lib/python3.10/site-packages/airflow/example_dags/example_task_group.py took 0.067 seconds
[2023-11-20T15:17:23.828+0500] {processor.py:157} INFO - Started process (PID=9597) to work on /home/den/Projects/venv/lib/python3.10/site-packages/airflow/example_dags/example_task_group.py
[2023-11-20T15:17:23.829+0500] {processor.py:829} INFO - Processing file /home/den/Projects/venv/lib/python3.10/site-packages/airflow/example_dags/example_task_group.py for tasks to queue
[2023-11-20T15:17:23.830+0500] {logging_mixin.py:154} INFO - [2023-11-20T15:17:23.829+0500] {dagbag.py:536} INFO - Filling up the DagBag from /home/den/Projects/venv/lib/python3.10/site-packages/airflow/example_dags/example_task_group.py
[2023-11-20T15:17:23.837+0500] {processor.py:839} INFO - DAG(s) dict_keys(['example_task_group']) retrieved from /home/den/Projects/venv/lib/python3.10/site-packages/airflow/example_dags/example_task_group.py
[2023-11-20T15:17:23.851+0500] {logging_mixin.py:154} INFO - [2023-11-20T15:17:23.851+0500] {dag.py:2941} INFO - Sync 1 DAGs
[2023-11-20T15:17:23.868+0500] {logging_mixin.py:154} INFO - [2023-11-20T15:17:23.868+0500] {dag.py:3722} INFO - Setting next_dagrun for example_task_group to 2023-11-19T10:17:23.867854+00:00, run_after=2023-11-20T10:17:23.867854+00:00
[2023-11-20T15:17:23.894+0500] {processor.py:179} INFO - Processing /home/den/Projects/venv/lib/python3.10/site-packages/airflow/example_dags/example_task_group.py took 0.070 seconds
[2023-11-20T15:18:10.110+0500] {processor.py:157} INFO - Started process (PID=9681) to work on /home/den/Projects/venv/lib/python3.10/site-packages/airflow/example_dags/example_task_group.py
[2023-11-20T15:18:10.112+0500] {processor.py:829} INFO - Processing file /home/den/Projects/venv/lib/python3.10/site-packages/airflow/example_dags/example_task_group.py for tasks to queue
[2023-11-20T15:18:10.112+0500] {logging_mixin.py:154} INFO - [2023-11-20T15:18:10.112+0500] {dagbag.py:536} INFO - Filling up the DagBag from /home/den/Projects/venv/lib/python3.10/site-packages/airflow/example_dags/example_task_group.py
[2023-11-20T15:18:10.119+0500] {processor.py:839} INFO - DAG(s) dict_keys(['example_task_group']) retrieved from /home/den/Projects/venv/lib/python3.10/site-packages/airflow/example_dags/example_task_group.py
[2023-11-20T15:18:10.135+0500] {logging_mixin.py:154} INFO - [2023-11-20T15:18:10.135+0500] {dag.py:2941} INFO - Sync 1 DAGs
[2023-11-20T15:18:10.148+0500] {logging_mixin.py:154} INFO - [2023-11-20T15:18:10.148+0500] {dag.py:3722} INFO - Setting next_dagrun for example_task_group to 2023-11-19T10:18:10.148555+00:00, run_after=2023-11-20T10:18:10.148555+00:00
[2023-11-20T15:18:10.180+0500] {processor.py:179} INFO - Processing /home/den/Projects/venv/lib/python3.10/site-packages/airflow/example_dags/example_task_group.py took 0.073 seconds
[2023-11-20T15:18:50.476+0500] {processor.py:157} INFO - Started process (PID=9733) to work on /home/den/Projects/venv/lib/python3.10/site-packages/airflow/example_dags/example_task_group.py
[2023-11-20T15:18:50.485+0500] {processor.py:829} INFO - Processing file /home/den/Projects/venv/lib/python3.10/site-packages/airflow/example_dags/example_task_group.py for tasks to queue
[2023-11-20T15:18:50.486+0500] {logging_mixin.py:154} INFO - [2023-11-20T15:18:50.486+0500] {dagbag.py:536} INFO - Filling up the DagBag from /home/den/Projects/venv/lib/python3.10/site-packages/airflow/example_dags/example_task_group.py
[2023-11-20T15:18:50.493+0500] {processor.py:839} INFO - DAG(s) dict_keys(['example_task_group']) retrieved from /home/den/Projects/venv/lib/python3.10/site-packages/airflow/example_dags/example_task_group.py
[2023-11-20T15:18:50.507+0500] {logging_mixin.py:154} INFO - [2023-11-20T15:18:50.507+0500] {dag.py:2941} INFO - Sync 1 DAGs
[2023-11-20T15:18:50.524+0500] {logging_mixin.py:154} INFO - [2023-11-20T15:18:50.524+0500] {dag.py:3722} INFO - Setting next_dagrun for example_task_group to 2023-11-19T10:18:50.524250+00:00, run_after=2023-11-20T10:18:50.524250+00:00
[2023-11-20T15:18:50.543+0500] {processor.py:179} INFO - Processing /home/den/Projects/venv/lib/python3.10/site-packages/airflow/example_dags/example_task_group.py took 0.071 seconds
[2023-11-20T15:19:34.536+0500] {processor.py:157} INFO - Started process (PID=9801) to work on /home/den/Projects/venv/lib/python3.10/site-packages/airflow/example_dags/example_task_group.py
[2023-11-20T15:19:34.537+0500] {processor.py:829} INFO - Processing file /home/den/Projects/venv/lib/python3.10/site-packages/airflow/example_dags/example_task_group.py for tasks to queue
[2023-11-20T15:19:34.538+0500] {logging_mixin.py:154} INFO - [2023-11-20T15:19:34.538+0500] {dagbag.py:536} INFO - Filling up the DagBag from /home/den/Projects/venv/lib/python3.10/site-packages/airflow/example_dags/example_task_group.py
[2023-11-20T15:19:34.545+0500] {processor.py:839} INFO - DAG(s) dict_keys(['example_task_group']) retrieved from /home/den/Projects/venv/lib/python3.10/site-packages/airflow/example_dags/example_task_group.py
[2023-11-20T15:19:34.559+0500] {logging_mixin.py:154} INFO - [2023-11-20T15:19:34.559+0500] {dag.py:2941} INFO - Sync 1 DAGs
[2023-11-20T15:19:34.574+0500] {logging_mixin.py:154} INFO - [2023-11-20T15:19:34.574+0500] {dag.py:3722} INFO - Setting next_dagrun for example_task_group to 2023-11-19T10:19:34.574101+00:00, run_after=2023-11-20T10:19:34.574101+00:00
[2023-11-20T15:19:34.599+0500] {processor.py:179} INFO - Processing /home/den/Projects/venv/lib/python3.10/site-packages/airflow/example_dags/example_task_group.py took 0.067 seconds
[2023-11-20T15:20:32.131+0500] {processor.py:157} INFO - Started process (PID=9966) to work on /home/den/Projects/venv/lib/python3.10/site-packages/airflow/example_dags/example_task_group.py
[2023-11-20T15:20:32.134+0500] {processor.py:829} INFO - Processing file /home/den/Projects/venv/lib/python3.10/site-packages/airflow/example_dags/example_task_group.py for tasks to queue
[2023-11-20T15:20:32.135+0500] {logging_mixin.py:154} INFO - [2023-11-20T15:20:32.135+0500] {dagbag.py:536} INFO - Filling up the DagBag from /home/den/Projects/venv/lib/python3.10/site-packages/airflow/example_dags/example_task_group.py
[2023-11-20T15:20:32.152+0500] {processor.py:839} INFO - DAG(s) dict_keys(['example_task_group']) retrieved from /home/den/Projects/venv/lib/python3.10/site-packages/airflow/example_dags/example_task_group.py
[2023-11-20T15:20:32.174+0500] {logging_mixin.py:154} INFO - [2023-11-20T15:20:32.174+0500] {dag.py:2941} INFO - Sync 1 DAGs
[2023-11-20T15:20:32.194+0500] {logging_mixin.py:154} INFO - [2023-11-20T15:20:32.194+0500] {dag.py:3722} INFO - Setting next_dagrun for example_task_group to 2023-11-19T10:20:32.194312+00:00, run_after=2023-11-20T10:20:32.194312+00:00
[2023-11-20T15:20:32.235+0500] {processor.py:179} INFO - Processing /home/den/Projects/venv/lib/python3.10/site-packages/airflow/example_dags/example_task_group.py took 0.108 seconds
[2023-11-20T15:21:14.198+0500] {processor.py:157} INFO - Started process (PID=10016) to work on /home/den/Projects/venv/lib/python3.10/site-packages/airflow/example_dags/example_task_group.py
[2023-11-20T15:21:14.203+0500] {processor.py:829} INFO - Processing file /home/den/Projects/venv/lib/python3.10/site-packages/airflow/example_dags/example_task_group.py for tasks to queue
[2023-11-20T15:21:14.204+0500] {logging_mixin.py:154} INFO - [2023-11-20T15:21:14.203+0500] {dagbag.py:536} INFO - Filling up the DagBag from /home/den/Projects/venv/lib/python3.10/site-packages/airflow/example_dags/example_task_group.py
[2023-11-20T15:21:14.221+0500] {processor.py:839} INFO - DAG(s) dict_keys(['example_task_group']) retrieved from /home/den/Projects/venv/lib/python3.10/site-packages/airflow/example_dags/example_task_group.py
[2023-11-20T15:21:14.243+0500] {logging_mixin.py:154} INFO - [2023-11-20T15:21:14.243+0500] {dag.py:2941} INFO - Sync 1 DAGs
[2023-11-20T15:21:14.269+0500] {logging_mixin.py:154} INFO - [2023-11-20T15:21:14.269+0500] {dag.py:3722} INFO - Setting next_dagrun for example_task_group to 2023-11-19T10:21:14.269418+00:00, run_after=2023-11-20T10:21:14.269418+00:00
[2023-11-20T15:21:14.295+0500] {processor.py:179} INFO - Processing /home/den/Projects/venv/lib/python3.10/site-packages/airflow/example_dags/example_task_group.py took 0.101 seconds
[2023-11-20T15:21:57.452+0500] {processor.py:157} INFO - Started process (PID=10107) to work on /home/den/Projects/venv/lib/python3.10/site-packages/airflow/example_dags/example_task_group.py
[2023-11-20T15:21:57.462+0500] {processor.py:829} INFO - Processing file /home/den/Projects/venv/lib/python3.10/site-packages/airflow/example_dags/example_task_group.py for tasks to queue
[2023-11-20T15:21:57.463+0500] {logging_mixin.py:154} INFO - [2023-11-20T15:21:57.463+0500] {dagbag.py:536} INFO - Filling up the DagBag from /home/den/Projects/venv/lib/python3.10/site-packages/airflow/example_dags/example_task_group.py
[2023-11-20T15:21:57.475+0500] {processor.py:839} INFO - DAG(s) dict_keys(['example_task_group']) retrieved from /home/den/Projects/venv/lib/python3.10/site-packages/airflow/example_dags/example_task_group.py
[2023-11-20T15:21:57.493+0500] {logging_mixin.py:154} INFO - [2023-11-20T15:21:57.493+0500] {dag.py:2941} INFO - Sync 1 DAGs
[2023-11-20T15:21:57.541+0500] {logging_mixin.py:154} INFO - [2023-11-20T15:21:57.541+0500] {dag.py:3722} INFO - Setting next_dagrun for example_task_group to 2023-11-19T10:21:57.541184+00:00, run_after=2023-11-20T10:21:57.541184+00:00
[2023-11-20T15:21:57.569+0500] {processor.py:179} INFO - Processing /home/den/Projects/venv/lib/python3.10/site-packages/airflow/example_dags/example_task_group.py took 0.129 seconds
[2023-11-20T15:22:40.691+0500] {processor.py:157} INFO - Started process (PID=10158) to work on /home/den/Projects/venv/lib/python3.10/site-packages/airflow/example_dags/example_task_group.py
[2023-11-20T15:22:40.702+0500] {processor.py:829} INFO - Processing file /home/den/Projects/venv/lib/python3.10/site-packages/airflow/example_dags/example_task_group.py for tasks to queue
[2023-11-20T15:22:40.703+0500] {logging_mixin.py:154} INFO - [2023-11-20T15:22:40.703+0500] {dagbag.py:536} INFO - Filling up the DagBag from /home/den/Projects/venv/lib/python3.10/site-packages/airflow/example_dags/example_task_group.py
[2023-11-20T15:22:40.717+0500] {processor.py:839} INFO - DAG(s) dict_keys(['example_task_group']) retrieved from /home/den/Projects/venv/lib/python3.10/site-packages/airflow/example_dags/example_task_group.py
[2023-11-20T15:22:40.748+0500] {logging_mixin.py:154} INFO - [2023-11-20T15:22:40.747+0500] {dag.py:2941} INFO - Sync 1 DAGs
[2023-11-20T15:22:40.775+0500] {logging_mixin.py:154} INFO - [2023-11-20T15:22:40.775+0500] {dag.py:3722} INFO - Setting next_dagrun for example_task_group to 2023-11-19T10:22:40.774725+00:00, run_after=2023-11-20T10:22:40.774725+00:00
[2023-11-20T15:22:40.811+0500] {processor.py:179} INFO - Processing /home/den/Projects/venv/lib/python3.10/site-packages/airflow/example_dags/example_task_group.py took 0.124 seconds
[2023-11-20T15:23:20.810+0500] {processor.py:157} INFO - Started process (PID=10225) to work on /home/den/Projects/venv/lib/python3.10/site-packages/airflow/example_dags/example_task_group.py
[2023-11-20T15:23:20.819+0500] {processor.py:829} INFO - Processing file /home/den/Projects/venv/lib/python3.10/site-packages/airflow/example_dags/example_task_group.py for tasks to queue
[2023-11-20T15:23:20.821+0500] {logging_mixin.py:154} INFO - [2023-11-20T15:23:20.820+0500] {dagbag.py:536} INFO - Filling up the DagBag from /home/den/Projects/venv/lib/python3.10/site-packages/airflow/example_dags/example_task_group.py
[2023-11-20T15:23:20.853+0500] {processor.py:839} INFO - DAG(s) dict_keys(['example_task_group']) retrieved from /home/den/Projects/venv/lib/python3.10/site-packages/airflow/example_dags/example_task_group.py
[2023-11-20T15:23:20.895+0500] {logging_mixin.py:154} INFO - [2023-11-20T15:23:20.891+0500] {dag.py:2941} INFO - Sync 1 DAGs
[2023-11-20T15:23:20.994+0500] {logging_mixin.py:154} INFO - [2023-11-20T15:23:20.994+0500] {dag.py:3722} INFO - Setting next_dagrun for example_task_group to 2023-11-19T10:23:20.993947+00:00, run_after=2023-11-20T10:23:20.993947+00:00
[2023-11-20T15:23:21.093+0500] {processor.py:179} INFO - Processing /home/den/Projects/venv/lib/python3.10/site-packages/airflow/example_dags/example_task_group.py took 0.325 seconds
