[2023-11-20T14:39:51.001+0500] {processor.py:157} INFO - Started process (PID=5238) to work on /home/den/Projects/venv/lib/python3.10/site-packages/airflow/example_dags/example_subdag_operator.py
[2023-11-20T14:39:51.003+0500] {processor.py:829} INFO - Processing file /home/den/Projects/venv/lib/python3.10/site-packages/airflow/example_dags/example_subdag_operator.py for tasks to queue
[2023-11-20T14:39:51.004+0500] {logging_mixin.py:154} INFO - [2023-11-20T14:39:51.003+0500] {dagbag.py:536} INFO - Filling up the DagBag from /home/den/Projects/venv/lib/python3.10/site-packages/airflow/example_dags/example_subdag_operator.py
[2023-11-20T14:39:51.050+0500] {processor.py:839} INFO - DAG(s) dict_keys(['example_subdag_operator.section-1', 'example_subdag_operator.section-2', 'example_subdag_operator']) retrieved from /home/den/Projects/venv/lib/python3.10/site-packages/airflow/example_dags/example_subdag_operator.py
[2023-11-20T14:39:51.185+0500] {logging_mixin.py:154} INFO - [2023-11-20T14:39:51.185+0500] {manager.py:499} INFO - Created Permission View: %s
[2023-11-20T14:39:51.197+0500] {logging_mixin.py:154} INFO - [2023-11-20T14:39:51.196+0500] {manager.py:499} INFO - Created Permission View: %s
[2023-11-20T14:39:51.206+0500] {logging_mixin.py:154} INFO - [2023-11-20T14:39:51.206+0500] {manager.py:499} INFO - Created Permission View: %s
[2023-11-20T14:39:51.206+0500] {logging_mixin.py:154} INFO - [2023-11-20T14:39:51.206+0500] {dag.py:2941} INFO - Sync 3 DAGs
[2023-11-20T14:39:51.213+0500] {logging_mixin.py:154} INFO - [2023-11-20T14:39:51.213+0500] {dag.py:2963} INFO - Creating ORM DAG for example_subdag_operator.section-2
[2023-11-20T14:39:51.213+0500] {logging_mixin.py:154} INFO - [2023-11-20T14:39:51.213+0500] {dag.py:2963} INFO - Creating ORM DAG for example_subdag_operator
[2023-11-20T14:39:51.214+0500] {logging_mixin.py:154} INFO - [2023-11-20T14:39:51.214+0500] {dag.py:2963} INFO - Creating ORM DAG for example_subdag_operator.section-1
[2023-11-20T14:39:51.220+0500] {logging_mixin.py:154} INFO - [2023-11-20T14:39:51.220+0500] {dag.py:3722} INFO - Setting next_dagrun for example_subdag_operator to 2022-01-01T00:00:00+00:00, run_after=2022-01-01T00:00:00+00:00
[2023-11-20T14:39:51.221+0500] {logging_mixin.py:154} INFO - [2023-11-20T14:39:51.221+0500] {dag.py:3722} INFO - Setting next_dagrun for example_subdag_operator.section-1 to None, run_after=None
[2023-11-20T14:39:51.221+0500] {logging_mixin.py:154} INFO - [2023-11-20T14:39:51.221+0500] {dag.py:3722} INFO - Setting next_dagrun for example_subdag_operator.section-2 to None, run_after=None
[2023-11-20T14:39:51.240+0500] {logging_mixin.py:154} INFO - [2023-11-20T14:39:51.239+0500] {dag.py:2941} INFO - Sync 2 DAGs
[2023-11-20T14:39:51.261+0500] {logging_mixin.py:154} INFO - [2023-11-20T14:39:51.261+0500] {dag.py:3722} INFO - Setting next_dagrun for example_subdag_operator.section-1 to None, run_after=None
[2023-11-20T14:39:51.263+0500] {logging_mixin.py:154} INFO - [2023-11-20T14:39:51.263+0500] {dag.py:3722} INFO - Setting next_dagrun for example_subdag_operator.section-2 to None, run_after=None
[2023-11-20T14:39:51.286+0500] {processor.py:179} INFO - Processing /home/den/Projects/venv/lib/python3.10/site-packages/airflow/example_dags/example_subdag_operator.py took 0.293 seconds
[2023-11-20T14:40:39.015+0500] {processor.py:157} INFO - Started process (PID=5319) to work on /home/den/Projects/venv/lib/python3.10/site-packages/airflow/example_dags/example_subdag_operator.py
[2023-11-20T14:40:39.024+0500] {processor.py:829} INFO - Processing file /home/den/Projects/venv/lib/python3.10/site-packages/airflow/example_dags/example_subdag_operator.py for tasks to queue
[2023-11-20T14:40:39.025+0500] {logging_mixin.py:154} INFO - [2023-11-20T14:40:39.025+0500] {dagbag.py:536} INFO - Filling up the DagBag from /home/den/Projects/venv/lib/python3.10/site-packages/airflow/example_dags/example_subdag_operator.py
[2023-11-20T14:40:39.040+0500] {processor.py:839} INFO - DAG(s) dict_keys(['example_subdag_operator.section-1', 'example_subdag_operator.section-2', 'example_subdag_operator']) retrieved from /home/den/Projects/venv/lib/python3.10/site-packages/airflow/example_dags/example_subdag_operator.py
[2023-11-20T14:40:39.050+0500] {logging_mixin.py:154} INFO - [2023-11-20T14:40:39.050+0500] {dag.py:2941} INFO - Sync 3 DAGs
[2023-11-20T14:40:39.062+0500] {logging_mixin.py:154} INFO - [2023-11-20T14:40:39.061+0500] {dag.py:3722} INFO - Setting next_dagrun for example_subdag_operator to 2022-01-01T00:00:00+00:00, run_after=2022-01-01T00:00:00+00:00
[2023-11-20T14:40:39.064+0500] {logging_mixin.py:154} INFO - [2023-11-20T14:40:39.064+0500] {dag.py:3722} INFO - Setting next_dagrun for example_subdag_operator.section-1 to None, run_after=None
[2023-11-20T14:40:39.064+0500] {logging_mixin.py:154} INFO - [2023-11-20T14:40:39.064+0500] {dag.py:3722} INFO - Setting next_dagrun for example_subdag_operator.section-2 to None, run_after=None
[2023-11-20T14:40:39.068+0500] {logging_mixin.py:154} INFO - [2023-11-20T14:40:39.068+0500] {dag.py:2941} INFO - Sync 2 DAGs
[2023-11-20T14:40:39.071+0500] {logging_mixin.py:154} INFO - [2023-11-20T14:40:39.071+0500] {dag.py:3722} INFO - Setting next_dagrun for example_subdag_operator.section-1 to None, run_after=None
[2023-11-20T14:40:39.071+0500] {logging_mixin.py:154} INFO - [2023-11-20T14:40:39.071+0500] {dag.py:3722} INFO - Setting next_dagrun for example_subdag_operator.section-2 to None, run_after=None
[2023-11-20T14:40:39.083+0500] {processor.py:179} INFO - Processing /home/den/Projects/venv/lib/python3.10/site-packages/airflow/example_dags/example_subdag_operator.py took 0.071 seconds
[2023-11-20T14:50:16.389+0500] {processor.py:157} INFO - Started process (PID=6523) to work on /home/den/Projects/venv/lib/python3.10/site-packages/airflow/example_dags/example_subdag_operator.py
[2023-11-20T14:50:16.391+0500] {processor.py:829} INFO - Processing file /home/den/Projects/venv/lib/python3.10/site-packages/airflow/example_dags/example_subdag_operator.py for tasks to queue
[2023-11-20T14:50:16.392+0500] {logging_mixin.py:154} INFO - [2023-11-20T14:50:16.392+0500] {dagbag.py:536} INFO - Filling up the DagBag from /home/den/Projects/venv/lib/python3.10/site-packages/airflow/example_dags/example_subdag_operator.py
[2023-11-20T14:50:16.436+0500] {processor.py:839} INFO - DAG(s) dict_keys(['example_subdag_operator.section-1', 'example_subdag_operator.section-2', 'example_subdag_operator']) retrieved from /home/den/Projects/venv/lib/python3.10/site-packages/airflow/example_dags/example_subdag_operator.py
[2023-11-20T14:50:16.462+0500] {logging_mixin.py:154} INFO - [2023-11-20T14:50:16.462+0500] {dag.py:2941} INFO - Sync 3 DAGs
[2023-11-20T14:50:16.496+0500] {logging_mixin.py:154} INFO - [2023-11-20T14:50:16.496+0500] {dag.py:3722} INFO - Setting next_dagrun for example_subdag_operator to 2022-01-01T00:00:00+00:00, run_after=2022-01-01T00:00:00+00:00
[2023-11-20T14:50:16.498+0500] {logging_mixin.py:154} INFO - [2023-11-20T14:50:16.498+0500] {dag.py:3722} INFO - Setting next_dagrun for example_subdag_operator.section-1 to None, run_after=None
[2023-11-20T14:50:16.499+0500] {logging_mixin.py:154} INFO - [2023-11-20T14:50:16.499+0500] {dag.py:3722} INFO - Setting next_dagrun for example_subdag_operator.section-2 to None, run_after=None
[2023-11-20T14:50:16.512+0500] {logging_mixin.py:154} INFO - [2023-11-20T14:50:16.511+0500] {dag.py:2941} INFO - Sync 2 DAGs
[2023-11-20T14:50:16.517+0500] {logging_mixin.py:154} INFO - [2023-11-20T14:50:16.516+0500] {dag.py:3722} INFO - Setting next_dagrun for example_subdag_operator.section-1 to None, run_after=None
[2023-11-20T14:50:16.517+0500] {logging_mixin.py:154} INFO - [2023-11-20T14:50:16.517+0500] {dag.py:3722} INFO - Setting next_dagrun for example_subdag_operator.section-2 to None, run_after=None
[2023-11-20T14:50:16.548+0500] {processor.py:179} INFO - Processing /home/den/Projects/venv/lib/python3.10/site-packages/airflow/example_dags/example_subdag_operator.py took 0.163 seconds
[2023-11-20T14:51:04.628+0500] {processor.py:157} INFO - Started process (PID=6582) to work on /home/den/Projects/venv/lib/python3.10/site-packages/airflow/example_dags/example_subdag_operator.py
[2023-11-20T14:51:04.631+0500] {processor.py:829} INFO - Processing file /home/den/Projects/venv/lib/python3.10/site-packages/airflow/example_dags/example_subdag_operator.py for tasks to queue
[2023-11-20T14:51:04.632+0500] {logging_mixin.py:154} INFO - [2023-11-20T14:51:04.632+0500] {dagbag.py:536} INFO - Filling up the DagBag from /home/den/Projects/venv/lib/python3.10/site-packages/airflow/example_dags/example_subdag_operator.py
[2023-11-20T14:51:04.649+0500] {processor.py:839} INFO - DAG(s) dict_keys(['example_subdag_operator.section-1', 'example_subdag_operator.section-2', 'example_subdag_operator']) retrieved from /home/den/Projects/venv/lib/python3.10/site-packages/airflow/example_dags/example_subdag_operator.py
[2023-11-20T14:51:04.659+0500] {logging_mixin.py:154} INFO - [2023-11-20T14:51:04.659+0500] {dag.py:2941} INFO - Sync 3 DAGs
[2023-11-20T14:51:04.671+0500] {logging_mixin.py:154} INFO - [2023-11-20T14:51:04.671+0500] {dag.py:3722} INFO - Setting next_dagrun for example_subdag_operator to 2022-01-01T00:00:00+00:00, run_after=2022-01-01T00:00:00+00:00
[2023-11-20T14:51:04.673+0500] {logging_mixin.py:154} INFO - [2023-11-20T14:51:04.673+0500] {dag.py:3722} INFO - Setting next_dagrun for example_subdag_operator.section-1 to None, run_after=None
[2023-11-20T14:51:04.673+0500] {logging_mixin.py:154} INFO - [2023-11-20T14:51:04.673+0500] {dag.py:3722} INFO - Setting next_dagrun for example_subdag_operator.section-2 to None, run_after=None
[2023-11-20T14:51:04.687+0500] {logging_mixin.py:154} INFO - [2023-11-20T14:51:04.686+0500] {dag.py:2941} INFO - Sync 2 DAGs
[2023-11-20T14:51:04.692+0500] {logging_mixin.py:154} INFO - [2023-11-20T14:51:04.692+0500] {dag.py:3722} INFO - Setting next_dagrun for example_subdag_operator.section-1 to None, run_after=None
[2023-11-20T14:51:04.693+0500] {logging_mixin.py:154} INFO - [2023-11-20T14:51:04.693+0500] {dag.py:3722} INFO - Setting next_dagrun for example_subdag_operator.section-2 to None, run_after=None
[2023-11-20T14:51:04.714+0500] {processor.py:179} INFO - Processing /home/den/Projects/venv/lib/python3.10/site-packages/airflow/example_dags/example_subdag_operator.py took 0.091 seconds
[2023-11-20T14:51:54.437+0500] {processor.py:157} INFO - Started process (PID=6687) to work on /home/den/Projects/venv/lib/python3.10/site-packages/airflow/example_dags/example_subdag_operator.py
[2023-11-20T14:51:54.440+0500] {processor.py:829} INFO - Processing file /home/den/Projects/venv/lib/python3.10/site-packages/airflow/example_dags/example_subdag_operator.py for tasks to queue
[2023-11-20T14:51:54.441+0500] {logging_mixin.py:154} INFO - [2023-11-20T14:51:54.441+0500] {dagbag.py:536} INFO - Filling up the DagBag from /home/den/Projects/venv/lib/python3.10/site-packages/airflow/example_dags/example_subdag_operator.py
[2023-11-20T14:51:54.512+0500] {processor.py:839} INFO - DAG(s) dict_keys(['example_subdag_operator.section-1', 'example_subdag_operator.section-2', 'example_subdag_operator']) retrieved from /home/den/Projects/venv/lib/python3.10/site-packages/airflow/example_dags/example_subdag_operator.py
[2023-11-20T14:51:54.524+0500] {logging_mixin.py:154} INFO - [2023-11-20T14:51:54.523+0500] {dag.py:2941} INFO - Sync 3 DAGs
[2023-11-20T14:51:54.537+0500] {logging_mixin.py:154} INFO - [2023-11-20T14:51:54.537+0500] {dag.py:3722} INFO - Setting next_dagrun for example_subdag_operator to 2022-01-01T00:00:00+00:00, run_after=2022-01-01T00:00:00+00:00
[2023-11-20T14:51:54.539+0500] {logging_mixin.py:154} INFO - [2023-11-20T14:51:54.539+0500] {dag.py:3722} INFO - Setting next_dagrun for example_subdag_operator.section-1 to None, run_after=None
[2023-11-20T14:51:54.540+0500] {logging_mixin.py:154} INFO - [2023-11-20T14:51:54.540+0500] {dag.py:3722} INFO - Setting next_dagrun for example_subdag_operator.section-2 to None, run_after=None
[2023-11-20T14:51:54.555+0500] {logging_mixin.py:154} INFO - [2023-11-20T14:51:54.555+0500] {dag.py:2941} INFO - Sync 2 DAGs
[2023-11-20T14:51:54.558+0500] {logging_mixin.py:154} INFO - [2023-11-20T14:51:54.558+0500] {dag.py:3722} INFO - Setting next_dagrun for example_subdag_operator.section-1 to None, run_after=None
[2023-11-20T14:51:54.558+0500] {logging_mixin.py:154} INFO - [2023-11-20T14:51:54.558+0500] {dag.py:3722} INFO - Setting next_dagrun for example_subdag_operator.section-2 to None, run_after=None
[2023-11-20T14:51:54.589+0500] {processor.py:179} INFO - Processing /home/den/Projects/venv/lib/python3.10/site-packages/airflow/example_dags/example_subdag_operator.py took 0.154 seconds
[2023-11-20T14:57:48.256+0500] {processor.py:157} INFO - Started process (PID=7704) to work on /home/den/Projects/venv/lib/python3.10/site-packages/airflow/example_dags/example_subdag_operator.py
[2023-11-20T14:57:48.258+0500] {processor.py:829} INFO - Processing file /home/den/Projects/venv/lib/python3.10/site-packages/airflow/example_dags/example_subdag_operator.py for tasks to queue
[2023-11-20T14:57:48.259+0500] {logging_mixin.py:154} INFO - [2023-11-20T14:57:48.258+0500] {dagbag.py:536} INFO - Filling up the DagBag from /home/den/Projects/venv/lib/python3.10/site-packages/airflow/example_dags/example_subdag_operator.py
[2023-11-20T14:57:48.275+0500] {processor.py:839} INFO - DAG(s) dict_keys(['example_subdag_operator.section-1', 'example_subdag_operator.section-2', 'example_subdag_operator']) retrieved from /home/den/Projects/venv/lib/python3.10/site-packages/airflow/example_dags/example_subdag_operator.py
[2023-11-20T14:57:48.289+0500] {logging_mixin.py:154} INFO - [2023-11-20T14:57:48.289+0500] {dag.py:2941} INFO - Sync 3 DAGs
[2023-11-20T14:57:48.300+0500] {logging_mixin.py:154} INFO - [2023-11-20T14:57:48.300+0500] {dag.py:3722} INFO - Setting next_dagrun for example_subdag_operator to 2022-01-01T00:00:00+00:00, run_after=2022-01-01T00:00:00+00:00
[2023-11-20T14:57:48.302+0500] {logging_mixin.py:154} INFO - [2023-11-20T14:57:48.302+0500] {dag.py:3722} INFO - Setting next_dagrun for example_subdag_operator.section-1 to None, run_after=None
[2023-11-20T14:57:48.302+0500] {logging_mixin.py:154} INFO - [2023-11-20T14:57:48.302+0500] {dag.py:3722} INFO - Setting next_dagrun for example_subdag_operator.section-2 to None, run_after=None
[2023-11-20T14:57:48.306+0500] {logging_mixin.py:154} INFO - [2023-11-20T14:57:48.306+0500] {dag.py:2941} INFO - Sync 2 DAGs
[2023-11-20T14:57:48.308+0500] {logging_mixin.py:154} INFO - [2023-11-20T14:57:48.308+0500] {dag.py:3722} INFO - Setting next_dagrun for example_subdag_operator.section-1 to None, run_after=None
[2023-11-20T14:57:48.308+0500] {logging_mixin.py:154} INFO - [2023-11-20T14:57:48.308+0500] {dag.py:3722} INFO - Setting next_dagrun for example_subdag_operator.section-2 to None, run_after=None
[2023-11-20T14:57:48.319+0500] {processor.py:179} INFO - Processing /home/den/Projects/venv/lib/python3.10/site-packages/airflow/example_dags/example_subdag_operator.py took 0.065 seconds
[2023-11-20T14:58:37.118+0500] {processor.py:157} INFO - Started process (PID=7778) to work on /home/den/Projects/venv/lib/python3.10/site-packages/airflow/example_dags/example_subdag_operator.py
[2023-11-20T14:58:37.120+0500] {processor.py:829} INFO - Processing file /home/den/Projects/venv/lib/python3.10/site-packages/airflow/example_dags/example_subdag_operator.py for tasks to queue
[2023-11-20T14:58:37.120+0500] {logging_mixin.py:154} INFO - [2023-11-20T14:58:37.120+0500] {dagbag.py:536} INFO - Filling up the DagBag from /home/den/Projects/venv/lib/python3.10/site-packages/airflow/example_dags/example_subdag_operator.py
[2023-11-20T14:58:37.139+0500] {processor.py:839} INFO - DAG(s) dict_keys(['example_subdag_operator.section-1', 'example_subdag_operator.section-2', 'example_subdag_operator']) retrieved from /home/den/Projects/venv/lib/python3.10/site-packages/airflow/example_dags/example_subdag_operator.py
[2023-11-20T14:58:37.152+0500] {logging_mixin.py:154} INFO - [2023-11-20T14:58:37.152+0500] {dag.py:2941} INFO - Sync 3 DAGs
[2023-11-20T14:58:37.164+0500] {logging_mixin.py:154} INFO - [2023-11-20T14:58:37.164+0500] {dag.py:3722} INFO - Setting next_dagrun for example_subdag_operator to 2022-01-01T00:00:00+00:00, run_after=2022-01-01T00:00:00+00:00
[2023-11-20T14:58:37.166+0500] {logging_mixin.py:154} INFO - [2023-11-20T14:58:37.166+0500] {dag.py:3722} INFO - Setting next_dagrun for example_subdag_operator.section-1 to None, run_after=None
[2023-11-20T14:58:37.166+0500] {logging_mixin.py:154} INFO - [2023-11-20T14:58:37.166+0500] {dag.py:3722} INFO - Setting next_dagrun for example_subdag_operator.section-2 to None, run_after=None
[2023-11-20T14:58:37.170+0500] {logging_mixin.py:154} INFO - [2023-11-20T14:58:37.170+0500] {dag.py:2941} INFO - Sync 2 DAGs
[2023-11-20T14:58:37.172+0500] {logging_mixin.py:154} INFO - [2023-11-20T14:58:37.172+0500] {dag.py:3722} INFO - Setting next_dagrun for example_subdag_operator.section-1 to None, run_after=None
[2023-11-20T14:58:37.172+0500] {logging_mixin.py:154} INFO - [2023-11-20T14:58:37.172+0500] {dag.py:3722} INFO - Setting next_dagrun for example_subdag_operator.section-2 to None, run_after=None
[2023-11-20T14:58:37.185+0500] {processor.py:179} INFO - Processing /home/den/Projects/venv/lib/python3.10/site-packages/airflow/example_dags/example_subdag_operator.py took 0.070 seconds
[2023-11-20T14:59:23.248+0500] {processor.py:157} INFO - Started process (PID=7848) to work on /home/den/Projects/venv/lib/python3.10/site-packages/airflow/example_dags/example_subdag_operator.py
[2023-11-20T14:59:23.249+0500] {processor.py:829} INFO - Processing file /home/den/Projects/venv/lib/python3.10/site-packages/airflow/example_dags/example_subdag_operator.py for tasks to queue
[2023-11-20T14:59:23.250+0500] {logging_mixin.py:154} INFO - [2023-11-20T14:59:23.250+0500] {dagbag.py:536} INFO - Filling up the DagBag from /home/den/Projects/venv/lib/python3.10/site-packages/airflow/example_dags/example_subdag_operator.py
[2023-11-20T14:59:23.268+0500] {processor.py:839} INFO - DAG(s) dict_keys(['example_subdag_operator.section-1', 'example_subdag_operator.section-2', 'example_subdag_operator']) retrieved from /home/den/Projects/venv/lib/python3.10/site-packages/airflow/example_dags/example_subdag_operator.py
[2023-11-20T14:59:23.279+0500] {logging_mixin.py:154} INFO - [2023-11-20T14:59:23.279+0500] {dag.py:2941} INFO - Sync 3 DAGs
[2023-11-20T14:59:23.291+0500] {logging_mixin.py:154} INFO - [2023-11-20T14:59:23.291+0500] {dag.py:3722} INFO - Setting next_dagrun for example_subdag_operator to 2022-01-01T00:00:00+00:00, run_after=2022-01-01T00:00:00+00:00
[2023-11-20T14:59:23.292+0500] {logging_mixin.py:154} INFO - [2023-11-20T14:59:23.292+0500] {dag.py:3722} INFO - Setting next_dagrun for example_subdag_operator.section-1 to None, run_after=None
[2023-11-20T14:59:23.293+0500] {logging_mixin.py:154} INFO - [2023-11-20T14:59:23.293+0500] {dag.py:3722} INFO - Setting next_dagrun for example_subdag_operator.section-2 to None, run_after=None
[2023-11-20T14:59:23.297+0500] {logging_mixin.py:154} INFO - [2023-11-20T14:59:23.296+0500] {dag.py:2941} INFO - Sync 2 DAGs
[2023-11-20T14:59:23.299+0500] {logging_mixin.py:154} INFO - [2023-11-20T14:59:23.299+0500] {dag.py:3722} INFO - Setting next_dagrun for example_subdag_operator.section-1 to None, run_after=None
[2023-11-20T14:59:23.299+0500] {logging_mixin.py:154} INFO - [2023-11-20T14:59:23.299+0500] {dag.py:3722} INFO - Setting next_dagrun for example_subdag_operator.section-2 to None, run_after=None
[2023-11-20T14:59:23.311+0500] {processor.py:179} INFO - Processing /home/den/Projects/venv/lib/python3.10/site-packages/airflow/example_dags/example_subdag_operator.py took 0.065 seconds
[2023-11-20T15:00:16.620+0500] {processor.py:157} INFO - Started process (PID=7948) to work on /home/den/Projects/venv/lib/python3.10/site-packages/airflow/example_dags/example_subdag_operator.py
[2023-11-20T15:00:16.622+0500] {processor.py:829} INFO - Processing file /home/den/Projects/venv/lib/python3.10/site-packages/airflow/example_dags/example_subdag_operator.py for tasks to queue
[2023-11-20T15:00:16.623+0500] {logging_mixin.py:154} INFO - [2023-11-20T15:00:16.623+0500] {dagbag.py:536} INFO - Filling up the DagBag from /home/den/Projects/venv/lib/python3.10/site-packages/airflow/example_dags/example_subdag_operator.py
[2023-11-20T15:00:16.641+0500] {processor.py:839} INFO - DAG(s) dict_keys(['example_subdag_operator.section-1', 'example_subdag_operator.section-2', 'example_subdag_operator']) retrieved from /home/den/Projects/venv/lib/python3.10/site-packages/airflow/example_dags/example_subdag_operator.py
[2023-11-20T15:00:16.650+0500] {logging_mixin.py:154} INFO - [2023-11-20T15:00:16.649+0500] {dag.py:2941} INFO - Sync 3 DAGs
[2023-11-20T15:00:16.661+0500] {logging_mixin.py:154} INFO - [2023-11-20T15:00:16.661+0500] {dag.py:3722} INFO - Setting next_dagrun for example_subdag_operator to 2022-01-01T00:00:00+00:00, run_after=2022-01-01T00:00:00+00:00
[2023-11-20T15:00:16.663+0500] {logging_mixin.py:154} INFO - [2023-11-20T15:00:16.662+0500] {dag.py:3722} INFO - Setting next_dagrun for example_subdag_operator.section-1 to None, run_after=None
[2023-11-20T15:00:16.663+0500] {logging_mixin.py:154} INFO - [2023-11-20T15:00:16.663+0500] {dag.py:3722} INFO - Setting next_dagrun for example_subdag_operator.section-2 to None, run_after=None
[2023-11-20T15:00:16.667+0500] {logging_mixin.py:154} INFO - [2023-11-20T15:00:16.667+0500] {dag.py:2941} INFO - Sync 2 DAGs
[2023-11-20T15:00:16.669+0500] {logging_mixin.py:154} INFO - [2023-11-20T15:00:16.669+0500] {dag.py:3722} INFO - Setting next_dagrun for example_subdag_operator.section-1 to None, run_after=None
[2023-11-20T15:00:16.670+0500] {logging_mixin.py:154} INFO - [2023-11-20T15:00:16.670+0500] {dag.py:3722} INFO - Setting next_dagrun for example_subdag_operator.section-2 to None, run_after=None
[2023-11-20T15:00:16.694+0500] {processor.py:179} INFO - Processing /home/den/Projects/venv/lib/python3.10/site-packages/airflow/example_dags/example_subdag_operator.py took 0.077 seconds
[2023-11-20T15:01:10.009+0500] {processor.py:157} INFO - Started process (PID=8016) to work on /home/den/Projects/venv/lib/python3.10/site-packages/airflow/example_dags/example_subdag_operator.py
[2023-11-20T15:01:10.012+0500] {processor.py:829} INFO - Processing file /home/den/Projects/venv/lib/python3.10/site-packages/airflow/example_dags/example_subdag_operator.py for tasks to queue
[2023-11-20T15:01:10.013+0500] {logging_mixin.py:154} INFO - [2023-11-20T15:01:10.013+0500] {dagbag.py:536} INFO - Filling up the DagBag from /home/den/Projects/venv/lib/python3.10/site-packages/airflow/example_dags/example_subdag_operator.py
[2023-11-20T15:01:10.033+0500] {processor.py:839} INFO - DAG(s) dict_keys(['example_subdag_operator.section-1', 'example_subdag_operator.section-2', 'example_subdag_operator']) retrieved from /home/den/Projects/venv/lib/python3.10/site-packages/airflow/example_dags/example_subdag_operator.py
[2023-11-20T15:01:10.043+0500] {logging_mixin.py:154} INFO - [2023-11-20T15:01:10.043+0500] {dag.py:2941} INFO - Sync 3 DAGs
[2023-11-20T15:01:10.056+0500] {logging_mixin.py:154} INFO - [2023-11-20T15:01:10.056+0500] {dag.py:3722} INFO - Setting next_dagrun for example_subdag_operator to 2022-01-01T00:00:00+00:00, run_after=2022-01-01T00:00:00+00:00
[2023-11-20T15:01:10.058+0500] {logging_mixin.py:154} INFO - [2023-11-20T15:01:10.058+0500] {dag.py:3722} INFO - Setting next_dagrun for example_subdag_operator.section-1 to None, run_after=None
[2023-11-20T15:01:10.058+0500] {logging_mixin.py:154} INFO - [2023-11-20T15:01:10.058+0500] {dag.py:3722} INFO - Setting next_dagrun for example_subdag_operator.section-2 to None, run_after=None
[2023-11-20T15:01:10.062+0500] {logging_mixin.py:154} INFO - [2023-11-20T15:01:10.062+0500] {dag.py:2941} INFO - Sync 2 DAGs
[2023-11-20T15:01:10.065+0500] {logging_mixin.py:154} INFO - [2023-11-20T15:01:10.064+0500] {dag.py:3722} INFO - Setting next_dagrun for example_subdag_operator.section-1 to None, run_after=None
[2023-11-20T15:01:10.065+0500] {logging_mixin.py:154} INFO - [2023-11-20T15:01:10.065+0500] {dag.py:3722} INFO - Setting next_dagrun for example_subdag_operator.section-2 to None, run_after=None
[2023-11-20T15:01:10.076+0500] {processor.py:179} INFO - Processing /home/den/Projects/venv/lib/python3.10/site-packages/airflow/example_dags/example_subdag_operator.py took 0.074 seconds
[2023-11-20T15:02:24.595+0500] {processor.py:157} INFO - Started process (PID=8159) to work on /home/den/Projects/venv/lib/python3.10/site-packages/airflow/example_dags/example_subdag_operator.py
[2023-11-20T15:02:24.599+0500] {processor.py:829} INFO - Processing file /home/den/Projects/venv/lib/python3.10/site-packages/airflow/example_dags/example_subdag_operator.py for tasks to queue
[2023-11-20T15:02:24.601+0500] {logging_mixin.py:154} INFO - [2023-11-20T15:02:24.600+0500] {dagbag.py:536} INFO - Filling up the DagBag from /home/den/Projects/venv/lib/python3.10/site-packages/airflow/example_dags/example_subdag_operator.py
[2023-11-20T15:02:24.727+0500] {processor.py:839} INFO - DAG(s) dict_keys(['example_subdag_operator.section-1', 'example_subdag_operator.section-2', 'example_subdag_operator']) retrieved from /home/den/Projects/venv/lib/python3.10/site-packages/airflow/example_dags/example_subdag_operator.py
[2023-11-20T15:02:24.807+0500] {logging_mixin.py:154} INFO - [2023-11-20T15:02:24.807+0500] {dag.py:2941} INFO - Sync 3 DAGs
[2023-11-20T15:02:24.862+0500] {logging_mixin.py:154} INFO - [2023-11-20T15:02:24.861+0500] {dag.py:3722} INFO - Setting next_dagrun for example_subdag_operator to 2022-01-01T00:00:00+00:00, run_after=2022-01-01T00:00:00+00:00
[2023-11-20T15:02:24.868+0500] {logging_mixin.py:154} INFO - [2023-11-20T15:02:24.868+0500] {dag.py:3722} INFO - Setting next_dagrun for example_subdag_operator.section-1 to None, run_after=None
[2023-11-20T15:02:24.869+0500] {logging_mixin.py:154} INFO - [2023-11-20T15:02:24.869+0500] {dag.py:3722} INFO - Setting next_dagrun for example_subdag_operator.section-2 to None, run_after=None
[2023-11-20T15:02:24.884+0500] {logging_mixin.py:154} INFO - [2023-11-20T15:02:24.884+0500] {dag.py:2941} INFO - Sync 2 DAGs
[2023-11-20T15:02:24.889+0500] {logging_mixin.py:154} INFO - [2023-11-20T15:02:24.888+0500] {dag.py:3722} INFO - Setting next_dagrun for example_subdag_operator.section-1 to None, run_after=None
[2023-11-20T15:02:24.889+0500] {logging_mixin.py:154} INFO - [2023-11-20T15:02:24.889+0500] {dag.py:3722} INFO - Setting next_dagrun for example_subdag_operator.section-2 to None, run_after=None
[2023-11-20T15:02:24.920+0500] {processor.py:179} INFO - Processing /home/den/Projects/venv/lib/python3.10/site-packages/airflow/example_dags/example_subdag_operator.py took 0.337 seconds
[2023-11-20T15:03:38.992+0500] {processor.py:157} INFO - Started process (PID=8276) to work on /home/den/Projects/venv/lib/python3.10/site-packages/airflow/example_dags/example_subdag_operator.py
[2023-11-20T15:03:39.004+0500] {processor.py:829} INFO - Processing file /home/den/Projects/venv/lib/python3.10/site-packages/airflow/example_dags/example_subdag_operator.py for tasks to queue
[2023-11-20T15:03:39.005+0500] {logging_mixin.py:154} INFO - [2023-11-20T15:03:39.005+0500] {dagbag.py:536} INFO - Filling up the DagBag from /home/den/Projects/venv/lib/python3.10/site-packages/airflow/example_dags/example_subdag_operator.py
[2023-11-20T15:03:39.029+0500] {processor.py:839} INFO - DAG(s) dict_keys(['example_subdag_operator.section-1', 'example_subdag_operator.section-2', 'example_subdag_operator']) retrieved from /home/den/Projects/venv/lib/python3.10/site-packages/airflow/example_dags/example_subdag_operator.py
[2023-11-20T15:03:39.054+0500] {logging_mixin.py:154} INFO - [2023-11-20T15:03:39.053+0500] {dag.py:2941} INFO - Sync 3 DAGs
[2023-11-20T15:03:39.087+0500] {logging_mixin.py:154} INFO - [2023-11-20T15:03:39.086+0500] {dag.py:3722} INFO - Setting next_dagrun for example_subdag_operator to 2022-01-01T00:00:00+00:00, run_after=2022-01-01T00:00:00+00:00
[2023-11-20T15:03:39.099+0500] {logging_mixin.py:154} INFO - [2023-11-20T15:03:39.099+0500] {dag.py:3722} INFO - Setting next_dagrun for example_subdag_operator.section-1 to None, run_after=None
[2023-11-20T15:03:39.102+0500] {logging_mixin.py:154} INFO - [2023-11-20T15:03:39.101+0500] {dag.py:3722} INFO - Setting next_dagrun for example_subdag_operator.section-2 to None, run_after=None
[2023-11-20T15:03:39.112+0500] {logging_mixin.py:154} INFO - [2023-11-20T15:03:39.112+0500] {dag.py:2941} INFO - Sync 2 DAGs
[2023-11-20T15:03:39.115+0500] {logging_mixin.py:154} INFO - [2023-11-20T15:03:39.115+0500] {dag.py:3722} INFO - Setting next_dagrun for example_subdag_operator.section-1 to None, run_after=None
[2023-11-20T15:03:39.116+0500] {logging_mixin.py:154} INFO - [2023-11-20T15:03:39.116+0500] {dag.py:3722} INFO - Setting next_dagrun for example_subdag_operator.section-2 to None, run_after=None
[2023-11-20T15:03:39.133+0500] {processor.py:179} INFO - Processing /home/den/Projects/venv/lib/python3.10/site-packages/airflow/example_dags/example_subdag_operator.py took 0.144 seconds
[2023-11-20T15:04:35.203+0500] {processor.py:157} INFO - Started process (PID=8378) to work on /home/den/Projects/venv/lib/python3.10/site-packages/airflow/example_dags/example_subdag_operator.py
[2023-11-20T15:04:35.205+0500] {processor.py:829} INFO - Processing file /home/den/Projects/venv/lib/python3.10/site-packages/airflow/example_dags/example_subdag_operator.py for tasks to queue
[2023-11-20T15:04:35.205+0500] {logging_mixin.py:154} INFO - [2023-11-20T15:04:35.205+0500] {dagbag.py:536} INFO - Filling up the DagBag from /home/den/Projects/venv/lib/python3.10/site-packages/airflow/example_dags/example_subdag_operator.py
[2023-11-20T15:04:35.231+0500] {processor.py:839} INFO - DAG(s) dict_keys(['example_subdag_operator.section-1', 'example_subdag_operator.section-2', 'example_subdag_operator']) retrieved from /home/den/Projects/venv/lib/python3.10/site-packages/airflow/example_dags/example_subdag_operator.py
[2023-11-20T15:04:35.243+0500] {logging_mixin.py:154} INFO - [2023-11-20T15:04:35.243+0500] {dag.py:2941} INFO - Sync 3 DAGs
[2023-11-20T15:04:35.256+0500] {logging_mixin.py:154} INFO - [2023-11-20T15:04:35.256+0500] {dag.py:3722} INFO - Setting next_dagrun for example_subdag_operator to 2022-01-01T00:00:00+00:00, run_after=2022-01-01T00:00:00+00:00
[2023-11-20T15:04:35.258+0500] {logging_mixin.py:154} INFO - [2023-11-20T15:04:35.258+0500] {dag.py:3722} INFO - Setting next_dagrun for example_subdag_operator.section-1 to None, run_after=None
[2023-11-20T15:04:35.259+0500] {logging_mixin.py:154} INFO - [2023-11-20T15:04:35.259+0500] {dag.py:3722} INFO - Setting next_dagrun for example_subdag_operator.section-2 to None, run_after=None
[2023-11-20T15:04:35.263+0500] {logging_mixin.py:154} INFO - [2023-11-20T15:04:35.263+0500] {dag.py:2941} INFO - Sync 2 DAGs
[2023-11-20T15:04:35.265+0500] {logging_mixin.py:154} INFO - [2023-11-20T15:04:35.265+0500] {dag.py:3722} INFO - Setting next_dagrun for example_subdag_operator.section-1 to None, run_after=None
[2023-11-20T15:04:35.266+0500] {logging_mixin.py:154} INFO - [2023-11-20T15:04:35.265+0500] {dag.py:3722} INFO - Setting next_dagrun for example_subdag_operator.section-2 to None, run_after=None
[2023-11-20T15:04:35.300+0500] {processor.py:179} INFO - Processing /home/den/Projects/venv/lib/python3.10/site-packages/airflow/example_dags/example_subdag_operator.py took 0.102 seconds
[2023-11-20T15:05:33.564+0500] {processor.py:157} INFO - Started process (PID=8455) to work on /home/den/Projects/venv/lib/python3.10/site-packages/airflow/example_dags/example_subdag_operator.py
[2023-11-20T15:05:33.568+0500] {processor.py:829} INFO - Processing file /home/den/Projects/venv/lib/python3.10/site-packages/airflow/example_dags/example_subdag_operator.py for tasks to queue
[2023-11-20T15:05:33.571+0500] {logging_mixin.py:154} INFO - [2023-11-20T15:05:33.570+0500] {dagbag.py:536} INFO - Filling up the DagBag from /home/den/Projects/venv/lib/python3.10/site-packages/airflow/example_dags/example_subdag_operator.py
[2023-11-20T15:05:33.604+0500] {processor.py:839} INFO - DAG(s) dict_keys(['example_subdag_operator.section-1', 'example_subdag_operator.section-2', 'example_subdag_operator']) retrieved from /home/den/Projects/venv/lib/python3.10/site-packages/airflow/example_dags/example_subdag_operator.py
[2023-11-20T15:05:33.616+0500] {logging_mixin.py:154} INFO - [2023-11-20T15:05:33.616+0500] {dag.py:2941} INFO - Sync 3 DAGs
[2023-11-20T15:05:33.650+0500] {logging_mixin.py:154} INFO - [2023-11-20T15:05:33.650+0500] {dag.py:3722} INFO - Setting next_dagrun for example_subdag_operator to 2022-01-01T00:00:00+00:00, run_after=2022-01-01T00:00:00+00:00
[2023-11-20T15:05:33.653+0500] {logging_mixin.py:154} INFO - [2023-11-20T15:05:33.653+0500] {dag.py:3722} INFO - Setting next_dagrun for example_subdag_operator.section-1 to None, run_after=None
[2023-11-20T15:05:33.654+0500] {logging_mixin.py:154} INFO - [2023-11-20T15:05:33.654+0500] {dag.py:3722} INFO - Setting next_dagrun for example_subdag_operator.section-2 to None, run_after=None
[2023-11-20T15:05:33.662+0500] {logging_mixin.py:154} INFO - [2023-11-20T15:05:33.662+0500] {dag.py:2941} INFO - Sync 2 DAGs
[2023-11-20T15:05:33.670+0500] {logging_mixin.py:154} INFO - [2023-11-20T15:05:33.670+0500] {dag.py:3722} INFO - Setting next_dagrun for example_subdag_operator.section-1 to None, run_after=None
[2023-11-20T15:05:33.670+0500] {logging_mixin.py:154} INFO - [2023-11-20T15:05:33.670+0500] {dag.py:3722} INFO - Setting next_dagrun for example_subdag_operator.section-2 to None, run_after=None
[2023-11-20T15:05:33.698+0500] {processor.py:179} INFO - Processing /home/den/Projects/venv/lib/python3.10/site-packages/airflow/example_dags/example_subdag_operator.py took 0.137 seconds
[2023-11-20T15:06:28.596+0500] {processor.py:157} INFO - Started process (PID=8556) to work on /home/den/Projects/venv/lib/python3.10/site-packages/airflow/example_dags/example_subdag_operator.py
[2023-11-20T15:06:28.605+0500] {processor.py:829} INFO - Processing file /home/den/Projects/venv/lib/python3.10/site-packages/airflow/example_dags/example_subdag_operator.py for tasks to queue
[2023-11-20T15:06:28.608+0500] {logging_mixin.py:154} INFO - [2023-11-20T15:06:28.606+0500] {dagbag.py:536} INFO - Filling up the DagBag from /home/den/Projects/venv/lib/python3.10/site-packages/airflow/example_dags/example_subdag_operator.py
[2023-11-20T15:06:28.629+0500] {processor.py:839} INFO - DAG(s) dict_keys(['example_subdag_operator.section-1', 'example_subdag_operator.section-2', 'example_subdag_operator']) retrieved from /home/den/Projects/venv/lib/python3.10/site-packages/airflow/example_dags/example_subdag_operator.py
[2023-11-20T15:06:28.641+0500] {logging_mixin.py:154} INFO - [2023-11-20T15:06:28.641+0500] {dag.py:2941} INFO - Sync 3 DAGs
[2023-11-20T15:06:28.665+0500] {logging_mixin.py:154} INFO - [2023-11-20T15:06:28.665+0500] {dag.py:3722} INFO - Setting next_dagrun for example_subdag_operator to 2022-01-01T00:00:00+00:00, run_after=2022-01-01T00:00:00+00:00
[2023-11-20T15:06:28.668+0500] {logging_mixin.py:154} INFO - [2023-11-20T15:06:28.668+0500] {dag.py:3722} INFO - Setting next_dagrun for example_subdag_operator.section-1 to None, run_after=None
[2023-11-20T15:06:28.669+0500] {logging_mixin.py:154} INFO - [2023-11-20T15:06:28.669+0500] {dag.py:3722} INFO - Setting next_dagrun for example_subdag_operator.section-2 to None, run_after=None
[2023-11-20T15:06:28.673+0500] {logging_mixin.py:154} INFO - [2023-11-20T15:06:28.673+0500] {dag.py:2941} INFO - Sync 2 DAGs
[2023-11-20T15:06:28.679+0500] {logging_mixin.py:154} INFO - [2023-11-20T15:06:28.678+0500] {dag.py:3722} INFO - Setting next_dagrun for example_subdag_operator.section-1 to None, run_after=None
[2023-11-20T15:06:28.679+0500] {logging_mixin.py:154} INFO - [2023-11-20T15:06:28.679+0500] {dag.py:3722} INFO - Setting next_dagrun for example_subdag_operator.section-2 to None, run_after=None
[2023-11-20T15:06:28.716+0500] {processor.py:179} INFO - Processing /home/den/Projects/venv/lib/python3.10/site-packages/airflow/example_dags/example_subdag_operator.py took 0.123 seconds
[2023-11-20T15:07:29.562+0500] {processor.py:157} INFO - Started process (PID=8647) to work on /home/den/Projects/venv/lib/python3.10/site-packages/airflow/example_dags/example_subdag_operator.py
[2023-11-20T15:07:29.566+0500] {processor.py:829} INFO - Processing file /home/den/Projects/venv/lib/python3.10/site-packages/airflow/example_dags/example_subdag_operator.py for tasks to queue
[2023-11-20T15:07:29.567+0500] {logging_mixin.py:154} INFO - [2023-11-20T15:07:29.567+0500] {dagbag.py:536} INFO - Filling up the DagBag from /home/den/Projects/venv/lib/python3.10/site-packages/airflow/example_dags/example_subdag_operator.py
[2023-11-20T15:07:29.596+0500] {processor.py:839} INFO - DAG(s) dict_keys(['example_subdag_operator.section-1', 'example_subdag_operator.section-2', 'example_subdag_operator']) retrieved from /home/den/Projects/venv/lib/python3.10/site-packages/airflow/example_dags/example_subdag_operator.py
[2023-11-20T15:07:29.610+0500] {logging_mixin.py:154} INFO - [2023-11-20T15:07:29.610+0500] {dag.py:2941} INFO - Sync 3 DAGs
[2023-11-20T15:07:29.624+0500] {logging_mixin.py:154} INFO - [2023-11-20T15:07:29.624+0500] {dag.py:3722} INFO - Setting next_dagrun for example_subdag_operator to 2022-01-01T00:00:00+00:00, run_after=2022-01-01T00:00:00+00:00
[2023-11-20T15:07:29.626+0500] {logging_mixin.py:154} INFO - [2023-11-20T15:07:29.626+0500] {dag.py:3722} INFO - Setting next_dagrun for example_subdag_operator.section-1 to None, run_after=None
[2023-11-20T15:07:29.626+0500] {logging_mixin.py:154} INFO - [2023-11-20T15:07:29.626+0500] {dag.py:3722} INFO - Setting next_dagrun for example_subdag_operator.section-2 to None, run_after=None
[2023-11-20T15:07:29.632+0500] {logging_mixin.py:154} INFO - [2023-11-20T15:07:29.632+0500] {dag.py:2941} INFO - Sync 2 DAGs
[2023-11-20T15:07:29.636+0500] {logging_mixin.py:154} INFO - [2023-11-20T15:07:29.636+0500] {dag.py:3722} INFO - Setting next_dagrun for example_subdag_operator.section-1 to None, run_after=None
[2023-11-20T15:07:29.636+0500] {logging_mixin.py:154} INFO - [2023-11-20T15:07:29.636+0500] {dag.py:3722} INFO - Setting next_dagrun for example_subdag_operator.section-2 to None, run_after=None
[2023-11-20T15:07:29.654+0500] {processor.py:179} INFO - Processing /home/den/Projects/venv/lib/python3.10/site-packages/airflow/example_dags/example_subdag_operator.py took 0.097 seconds
[2023-11-20T15:08:35.949+0500] {processor.py:157} INFO - Started process (PID=8765) to work on /home/den/Projects/venv/lib/python3.10/site-packages/airflow/example_dags/example_subdag_operator.py
[2023-11-20T15:08:35.960+0500] {processor.py:829} INFO - Processing file /home/den/Projects/venv/lib/python3.10/site-packages/airflow/example_dags/example_subdag_operator.py for tasks to queue
[2023-11-20T15:08:35.961+0500] {logging_mixin.py:154} INFO - [2023-11-20T15:08:35.961+0500] {dagbag.py:536} INFO - Filling up the DagBag from /home/den/Projects/venv/lib/python3.10/site-packages/airflow/example_dags/example_subdag_operator.py
[2023-11-20T15:08:35.987+0500] {processor.py:839} INFO - DAG(s) dict_keys(['example_subdag_operator.section-1', 'example_subdag_operator.section-2', 'example_subdag_operator']) retrieved from /home/den/Projects/venv/lib/python3.10/site-packages/airflow/example_dags/example_subdag_operator.py
[2023-11-20T15:08:36.009+0500] {logging_mixin.py:154} INFO - [2023-11-20T15:08:36.009+0500] {dag.py:2941} INFO - Sync 3 DAGs
[2023-11-20T15:08:36.041+0500] {logging_mixin.py:154} INFO - [2023-11-20T15:08:36.041+0500] {dag.py:3722} INFO - Setting next_dagrun for example_subdag_operator to 2022-01-01T00:00:00+00:00, run_after=2022-01-01T00:00:00+00:00
[2023-11-20T15:08:36.044+0500] {logging_mixin.py:154} INFO - [2023-11-20T15:08:36.044+0500] {dag.py:3722} INFO - Setting next_dagrun for example_subdag_operator.section-1 to None, run_after=None
[2023-11-20T15:08:36.045+0500] {logging_mixin.py:154} INFO - [2023-11-20T15:08:36.045+0500] {dag.py:3722} INFO - Setting next_dagrun for example_subdag_operator.section-2 to None, run_after=None
[2023-11-20T15:08:36.056+0500] {logging_mixin.py:154} INFO - [2023-11-20T15:08:36.055+0500] {dag.py:2941} INFO - Sync 2 DAGs
[2023-11-20T15:08:36.062+0500] {logging_mixin.py:154} INFO - [2023-11-20T15:08:36.061+0500] {dag.py:3722} INFO - Setting next_dagrun for example_subdag_operator.section-1 to None, run_after=None
[2023-11-20T15:08:36.062+0500] {logging_mixin.py:154} INFO - [2023-11-20T15:08:36.062+0500] {dag.py:3722} INFO - Setting next_dagrun for example_subdag_operator.section-2 to None, run_after=None
[2023-11-20T15:08:36.093+0500] {processor.py:179} INFO - Processing /home/den/Projects/venv/lib/python3.10/site-packages/airflow/example_dags/example_subdag_operator.py took 0.151 seconds
[2023-11-20T15:09:35.010+0500] {processor.py:157} INFO - Started process (PID=8846) to work on /home/den/Projects/venv/lib/python3.10/site-packages/airflow/example_dags/example_subdag_operator.py
[2023-11-20T15:09:35.019+0500] {processor.py:829} INFO - Processing file /home/den/Projects/venv/lib/python3.10/site-packages/airflow/example_dags/example_subdag_operator.py for tasks to queue
[2023-11-20T15:09:35.020+0500] {logging_mixin.py:154} INFO - [2023-11-20T15:09:35.019+0500] {dagbag.py:536} INFO - Filling up the DagBag from /home/den/Projects/venv/lib/python3.10/site-packages/airflow/example_dags/example_subdag_operator.py
[2023-11-20T15:09:35.063+0500] {processor.py:839} INFO - DAG(s) dict_keys(['example_subdag_operator.section-1', 'example_subdag_operator.section-2', 'example_subdag_operator']) retrieved from /home/den/Projects/venv/lib/python3.10/site-packages/airflow/example_dags/example_subdag_operator.py
[2023-11-20T15:09:35.090+0500] {logging_mixin.py:154} INFO - [2023-11-20T15:09:35.089+0500] {dag.py:2941} INFO - Sync 3 DAGs
[2023-11-20T15:09:35.116+0500] {logging_mixin.py:154} INFO - [2023-11-20T15:09:35.116+0500] {dag.py:3722} INFO - Setting next_dagrun for example_subdag_operator to 2022-01-01T00:00:00+00:00, run_after=2022-01-01T00:00:00+00:00
[2023-11-20T15:09:35.119+0500] {logging_mixin.py:154} INFO - [2023-11-20T15:09:35.119+0500] {dag.py:3722} INFO - Setting next_dagrun for example_subdag_operator.section-1 to None, run_after=None
[2023-11-20T15:09:35.119+0500] {logging_mixin.py:154} INFO - [2023-11-20T15:09:35.119+0500] {dag.py:3722} INFO - Setting next_dagrun for example_subdag_operator.section-2 to None, run_after=None
[2023-11-20T15:09:35.134+0500] {logging_mixin.py:154} INFO - [2023-11-20T15:09:35.134+0500] {dag.py:2941} INFO - Sync 2 DAGs
[2023-11-20T15:09:35.137+0500] {logging_mixin.py:154} INFO - [2023-11-20T15:09:35.137+0500] {dag.py:3722} INFO - Setting next_dagrun for example_subdag_operator.section-1 to None, run_after=None
[2023-11-20T15:09:35.138+0500] {logging_mixin.py:154} INFO - [2023-11-20T15:09:35.138+0500] {dag.py:3722} INFO - Setting next_dagrun for example_subdag_operator.section-2 to None, run_after=None
[2023-11-20T15:09:35.158+0500] {processor.py:179} INFO - Processing /home/den/Projects/venv/lib/python3.10/site-packages/airflow/example_dags/example_subdag_operator.py took 0.152 seconds
[2023-11-20T15:10:38.485+0500] {processor.py:157} INFO - Started process (PID=8951) to work on /home/den/Projects/venv/lib/python3.10/site-packages/airflow/example_dags/example_subdag_operator.py
[2023-11-20T15:10:38.489+0500] {processor.py:829} INFO - Processing file /home/den/Projects/venv/lib/python3.10/site-packages/airflow/example_dags/example_subdag_operator.py for tasks to queue
[2023-11-20T15:10:38.496+0500] {logging_mixin.py:154} INFO - [2023-11-20T15:10:38.495+0500] {dagbag.py:536} INFO - Filling up the DagBag from /home/den/Projects/venv/lib/python3.10/site-packages/airflow/example_dags/example_subdag_operator.py
[2023-11-20T15:10:38.525+0500] {processor.py:839} INFO - DAG(s) dict_keys(['example_subdag_operator.section-1', 'example_subdag_operator.section-2', 'example_subdag_operator']) retrieved from /home/den/Projects/venv/lib/python3.10/site-packages/airflow/example_dags/example_subdag_operator.py
[2023-11-20T15:10:38.545+0500] {logging_mixin.py:154} INFO - [2023-11-20T15:10:38.545+0500] {dag.py:2941} INFO - Sync 3 DAGs
[2023-11-20T15:10:38.569+0500] {logging_mixin.py:154} INFO - [2023-11-20T15:10:38.568+0500] {dag.py:3722} INFO - Setting next_dagrun for example_subdag_operator to 2022-01-01T00:00:00+00:00, run_after=2022-01-01T00:00:00+00:00
[2023-11-20T15:10:38.579+0500] {logging_mixin.py:154} INFO - [2023-11-20T15:10:38.578+0500] {dag.py:3722} INFO - Setting next_dagrun for example_subdag_operator.section-1 to None, run_after=None
[2023-11-20T15:10:38.586+0500] {logging_mixin.py:154} INFO - [2023-11-20T15:10:38.585+0500] {dag.py:3722} INFO - Setting next_dagrun for example_subdag_operator.section-2 to None, run_after=None
[2023-11-20T15:10:38.596+0500] {logging_mixin.py:154} INFO - [2023-11-20T15:10:38.595+0500] {dag.py:2941} INFO - Sync 2 DAGs
[2023-11-20T15:10:38.599+0500] {logging_mixin.py:154} INFO - [2023-11-20T15:10:38.599+0500] {dag.py:3722} INFO - Setting next_dagrun for example_subdag_operator.section-1 to None, run_after=None
[2023-11-20T15:10:38.599+0500] {logging_mixin.py:154} INFO - [2023-11-20T15:10:38.599+0500] {dag.py:3722} INFO - Setting next_dagrun for example_subdag_operator.section-2 to None, run_after=None
[2023-11-20T15:10:38.627+0500] {processor.py:179} INFO - Processing /home/den/Projects/venv/lib/python3.10/site-packages/airflow/example_dags/example_subdag_operator.py took 0.145 seconds
[2023-11-20T15:11:27.786+0500] {processor.py:157} INFO - Started process (PID=9020) to work on /home/den/Projects/venv/lib/python3.10/site-packages/airflow/example_dags/example_subdag_operator.py
[2023-11-20T15:11:27.798+0500] {processor.py:829} INFO - Processing file /home/den/Projects/venv/lib/python3.10/site-packages/airflow/example_dags/example_subdag_operator.py for tasks to queue
[2023-11-20T15:11:27.800+0500] {logging_mixin.py:154} INFO - [2023-11-20T15:11:27.799+0500] {dagbag.py:536} INFO - Filling up the DagBag from /home/den/Projects/venv/lib/python3.10/site-packages/airflow/example_dags/example_subdag_operator.py
[2023-11-20T15:11:27.820+0500] {processor.py:839} INFO - DAG(s) dict_keys(['example_subdag_operator.section-1', 'example_subdag_operator.section-2', 'example_subdag_operator']) retrieved from /home/den/Projects/venv/lib/python3.10/site-packages/airflow/example_dags/example_subdag_operator.py
[2023-11-20T15:11:27.831+0500] {logging_mixin.py:154} INFO - [2023-11-20T15:11:27.831+0500] {dag.py:2941} INFO - Sync 3 DAGs
[2023-11-20T15:11:27.844+0500] {logging_mixin.py:154} INFO - [2023-11-20T15:11:27.844+0500] {dag.py:3722} INFO - Setting next_dagrun for example_subdag_operator to 2022-01-01T00:00:00+00:00, run_after=2022-01-01T00:00:00+00:00
[2023-11-20T15:11:27.846+0500] {logging_mixin.py:154} INFO - [2023-11-20T15:11:27.846+0500] {dag.py:3722} INFO - Setting next_dagrun for example_subdag_operator.section-1 to None, run_after=None
[2023-11-20T15:11:27.847+0500] {logging_mixin.py:154} INFO - [2023-11-20T15:11:27.847+0500] {dag.py:3722} INFO - Setting next_dagrun for example_subdag_operator.section-2 to None, run_after=None
[2023-11-20T15:11:27.852+0500] {logging_mixin.py:154} INFO - [2023-11-20T15:11:27.852+0500] {dag.py:2941} INFO - Sync 2 DAGs
[2023-11-20T15:11:27.856+0500] {logging_mixin.py:154} INFO - [2023-11-20T15:11:27.856+0500] {dag.py:3722} INFO - Setting next_dagrun for example_subdag_operator.section-1 to None, run_after=None
[2023-11-20T15:11:27.856+0500] {logging_mixin.py:154} INFO - [2023-11-20T15:11:27.856+0500] {dag.py:3722} INFO - Setting next_dagrun for example_subdag_operator.section-2 to None, run_after=None
[2023-11-20T15:11:27.883+0500] {processor.py:179} INFO - Processing /home/den/Projects/venv/lib/python3.10/site-packages/airflow/example_dags/example_subdag_operator.py took 0.105 seconds
[2023-11-20T15:12:22.276+0500] {processor.py:157} INFO - Started process (PID=9120) to work on /home/den/Projects/venv/lib/python3.10/site-packages/airflow/example_dags/example_subdag_operator.py
[2023-11-20T15:12:22.279+0500] {processor.py:829} INFO - Processing file /home/den/Projects/venv/lib/python3.10/site-packages/airflow/example_dags/example_subdag_operator.py for tasks to queue
[2023-11-20T15:12:22.281+0500] {logging_mixin.py:154} INFO - [2023-11-20T15:12:22.280+0500] {dagbag.py:536} INFO - Filling up the DagBag from /home/den/Projects/venv/lib/python3.10/site-packages/airflow/example_dags/example_subdag_operator.py
[2023-11-20T15:12:22.309+0500] {processor.py:839} INFO - DAG(s) dict_keys(['example_subdag_operator.section-1', 'example_subdag_operator.section-2', 'example_subdag_operator']) retrieved from /home/den/Projects/venv/lib/python3.10/site-packages/airflow/example_dags/example_subdag_operator.py
[2023-11-20T15:12:22.322+0500] {logging_mixin.py:154} INFO - [2023-11-20T15:12:22.322+0500] {dag.py:2941} INFO - Sync 3 DAGs
[2023-11-20T15:12:22.339+0500] {logging_mixin.py:154} INFO - [2023-11-20T15:12:22.339+0500] {dag.py:3722} INFO - Setting next_dagrun for example_subdag_operator to 2022-01-01T00:00:00+00:00, run_after=2022-01-01T00:00:00+00:00
[2023-11-20T15:12:22.341+0500] {logging_mixin.py:154} INFO - [2023-11-20T15:12:22.341+0500] {dag.py:3722} INFO - Setting next_dagrun for example_subdag_operator.section-1 to None, run_after=None
[2023-11-20T15:12:22.341+0500] {logging_mixin.py:154} INFO - [2023-11-20T15:12:22.341+0500] {dag.py:3722} INFO - Setting next_dagrun for example_subdag_operator.section-2 to None, run_after=None
[2023-11-20T15:12:22.346+0500] {logging_mixin.py:154} INFO - [2023-11-20T15:12:22.345+0500] {dag.py:2941} INFO - Sync 2 DAGs
[2023-11-20T15:12:22.349+0500] {logging_mixin.py:154} INFO - [2023-11-20T15:12:22.348+0500] {dag.py:3722} INFO - Setting next_dagrun for example_subdag_operator.section-1 to None, run_after=None
[2023-11-20T15:12:22.349+0500] {logging_mixin.py:154} INFO - [2023-11-20T15:12:22.349+0500] {dag.py:3722} INFO - Setting next_dagrun for example_subdag_operator.section-2 to None, run_after=None
[2023-11-20T15:12:22.376+0500] {processor.py:179} INFO - Processing /home/den/Projects/venv/lib/python3.10/site-packages/airflow/example_dags/example_subdag_operator.py took 0.104 seconds
[2023-11-20T15:13:15.634+0500] {processor.py:157} INFO - Started process (PID=9191) to work on /home/den/Projects/venv/lib/python3.10/site-packages/airflow/example_dags/example_subdag_operator.py
[2023-11-20T15:13:15.637+0500] {processor.py:829} INFO - Processing file /home/den/Projects/venv/lib/python3.10/site-packages/airflow/example_dags/example_subdag_operator.py for tasks to queue
[2023-11-20T15:13:15.645+0500] {logging_mixin.py:154} INFO - [2023-11-20T15:13:15.644+0500] {dagbag.py:536} INFO - Filling up the DagBag from /home/den/Projects/venv/lib/python3.10/site-packages/airflow/example_dags/example_subdag_operator.py
[2023-11-20T15:13:15.684+0500] {processor.py:839} INFO - DAG(s) dict_keys(['example_subdag_operator.section-1', 'example_subdag_operator.section-2', 'example_subdag_operator']) retrieved from /home/den/Projects/venv/lib/python3.10/site-packages/airflow/example_dags/example_subdag_operator.py
[2023-11-20T15:13:15.714+0500] {logging_mixin.py:154} INFO - [2023-11-20T15:13:15.714+0500] {dag.py:2941} INFO - Sync 3 DAGs
[2023-11-20T15:13:15.752+0500] {logging_mixin.py:154} INFO - [2023-11-20T15:13:15.752+0500] {dag.py:3722} INFO - Setting next_dagrun for example_subdag_operator to 2022-01-01T00:00:00+00:00, run_after=2022-01-01T00:00:00+00:00
[2023-11-20T15:13:15.755+0500] {logging_mixin.py:154} INFO - [2023-11-20T15:13:15.755+0500] {dag.py:3722} INFO - Setting next_dagrun for example_subdag_operator.section-1 to None, run_after=None
[2023-11-20T15:13:15.756+0500] {logging_mixin.py:154} INFO - [2023-11-20T15:13:15.755+0500] {dag.py:3722} INFO - Setting next_dagrun for example_subdag_operator.section-2 to None, run_after=None
[2023-11-20T15:13:15.761+0500] {logging_mixin.py:154} INFO - [2023-11-20T15:13:15.761+0500] {dag.py:2941} INFO - Sync 2 DAGs
[2023-11-20T15:13:15.768+0500] {logging_mixin.py:154} INFO - [2023-11-20T15:13:15.768+0500] {dag.py:3722} INFO - Setting next_dagrun for example_subdag_operator.section-1 to None, run_after=None
[2023-11-20T15:13:15.768+0500] {logging_mixin.py:154} INFO - [2023-11-20T15:13:15.768+0500] {dag.py:3722} INFO - Setting next_dagrun for example_subdag_operator.section-2 to None, run_after=None
[2023-11-20T15:13:15.787+0500] {processor.py:179} INFO - Processing /home/den/Projects/venv/lib/python3.10/site-packages/airflow/example_dags/example_subdag_operator.py took 0.157 seconds
[2023-11-20T15:14:12.340+0500] {processor.py:157} INFO - Started process (PID=9295) to work on /home/den/Projects/venv/lib/python3.10/site-packages/airflow/example_dags/example_subdag_operator.py
[2023-11-20T15:14:12.342+0500] {processor.py:829} INFO - Processing file /home/den/Projects/venv/lib/python3.10/site-packages/airflow/example_dags/example_subdag_operator.py for tasks to queue
[2023-11-20T15:14:12.343+0500] {logging_mixin.py:154} INFO - [2023-11-20T15:14:12.343+0500] {dagbag.py:536} INFO - Filling up the DagBag from /home/den/Projects/venv/lib/python3.10/site-packages/airflow/example_dags/example_subdag_operator.py
[2023-11-20T15:14:12.368+0500] {processor.py:839} INFO - DAG(s) dict_keys(['example_subdag_operator.section-1', 'example_subdag_operator.section-2', 'example_subdag_operator']) retrieved from /home/den/Projects/venv/lib/python3.10/site-packages/airflow/example_dags/example_subdag_operator.py
[2023-11-20T15:14:12.402+0500] {logging_mixin.py:154} INFO - [2023-11-20T15:14:12.401+0500] {dag.py:2941} INFO - Sync 3 DAGs
[2023-11-20T15:14:12.429+0500] {logging_mixin.py:154} INFO - [2023-11-20T15:14:12.428+0500] {dag.py:3722} INFO - Setting next_dagrun for example_subdag_operator to 2022-01-01T00:00:00+00:00, run_after=2022-01-01T00:00:00+00:00
[2023-11-20T15:14:12.431+0500] {logging_mixin.py:154} INFO - [2023-11-20T15:14:12.431+0500] {dag.py:3722} INFO - Setting next_dagrun for example_subdag_operator.section-1 to None, run_after=None
[2023-11-20T15:14:12.432+0500] {logging_mixin.py:154} INFO - [2023-11-20T15:14:12.432+0500] {dag.py:3722} INFO - Setting next_dagrun for example_subdag_operator.section-2 to None, run_after=None
[2023-11-20T15:14:12.443+0500] {logging_mixin.py:154} INFO - [2023-11-20T15:14:12.443+0500] {dag.py:2941} INFO - Sync 2 DAGs
[2023-11-20T15:14:12.448+0500] {logging_mixin.py:154} INFO - [2023-11-20T15:14:12.448+0500] {dag.py:3722} INFO - Setting next_dagrun for example_subdag_operator.section-1 to None, run_after=None
[2023-11-20T15:14:12.449+0500] {logging_mixin.py:154} INFO - [2023-11-20T15:14:12.449+0500] {dag.py:3722} INFO - Setting next_dagrun for example_subdag_operator.section-2 to None, run_after=None
[2023-11-20T15:14:12.471+0500] {processor.py:179} INFO - Processing /home/den/Projects/venv/lib/python3.10/site-packages/airflow/example_dags/example_subdag_operator.py took 0.138 seconds
[2023-11-20T15:15:07.780+0500] {processor.py:157} INFO - Started process (PID=9378) to work on /home/den/Projects/venv/lib/python3.10/site-packages/airflow/example_dags/example_subdag_operator.py
[2023-11-20T15:15:07.790+0500] {processor.py:829} INFO - Processing file /home/den/Projects/venv/lib/python3.10/site-packages/airflow/example_dags/example_subdag_operator.py for tasks to queue
[2023-11-20T15:15:07.791+0500] {logging_mixin.py:154} INFO - [2023-11-20T15:15:07.790+0500] {dagbag.py:536} INFO - Filling up the DagBag from /home/den/Projects/venv/lib/python3.10/site-packages/airflow/example_dags/example_subdag_operator.py
[2023-11-20T15:15:07.811+0500] {processor.py:839} INFO - DAG(s) dict_keys(['example_subdag_operator.section-1', 'example_subdag_operator.section-2', 'example_subdag_operator']) retrieved from /home/den/Projects/venv/lib/python3.10/site-packages/airflow/example_dags/example_subdag_operator.py
[2023-11-20T15:15:07.822+0500] {logging_mixin.py:154} INFO - [2023-11-20T15:15:07.822+0500] {dag.py:2941} INFO - Sync 3 DAGs
[2023-11-20T15:15:07.835+0500] {logging_mixin.py:154} INFO - [2023-11-20T15:15:07.835+0500] {dag.py:3722} INFO - Setting next_dagrun for example_subdag_operator to 2022-01-01T00:00:00+00:00, run_after=2022-01-01T00:00:00+00:00
[2023-11-20T15:15:07.837+0500] {logging_mixin.py:154} INFO - [2023-11-20T15:15:07.837+0500] {dag.py:3722} INFO - Setting next_dagrun for example_subdag_operator.section-1 to None, run_after=None
[2023-11-20T15:15:07.838+0500] {logging_mixin.py:154} INFO - [2023-11-20T15:15:07.838+0500] {dag.py:3722} INFO - Setting next_dagrun for example_subdag_operator.section-2 to None, run_after=None
[2023-11-20T15:15:07.847+0500] {logging_mixin.py:154} INFO - [2023-11-20T15:15:07.847+0500] {dag.py:2941} INFO - Sync 2 DAGs
[2023-11-20T15:15:07.850+0500] {logging_mixin.py:154} INFO - [2023-11-20T15:15:07.850+0500] {dag.py:3722} INFO - Setting next_dagrun for example_subdag_operator.section-1 to None, run_after=None
[2023-11-20T15:15:07.850+0500] {logging_mixin.py:154} INFO - [2023-11-20T15:15:07.850+0500] {dag.py:3722} INFO - Setting next_dagrun for example_subdag_operator.section-2 to None, run_after=None
[2023-11-20T15:15:07.863+0500] {processor.py:179} INFO - Processing /home/den/Projects/venv/lib/python3.10/site-packages/airflow/example_dags/example_subdag_operator.py took 0.086 seconds
[2023-11-20T15:15:56.066+0500] {processor.py:157} INFO - Started process (PID=9471) to work on /home/den/Projects/venv/lib/python3.10/site-packages/airflow/example_dags/example_subdag_operator.py
[2023-11-20T15:15:56.067+0500] {processor.py:829} INFO - Processing file /home/den/Projects/venv/lib/python3.10/site-packages/airflow/example_dags/example_subdag_operator.py for tasks to queue
[2023-11-20T15:15:56.068+0500] {logging_mixin.py:154} INFO - [2023-11-20T15:15:56.068+0500] {dagbag.py:536} INFO - Filling up the DagBag from /home/den/Projects/venv/lib/python3.10/site-packages/airflow/example_dags/example_subdag_operator.py
[2023-11-20T15:15:56.086+0500] {processor.py:839} INFO - DAG(s) dict_keys(['example_subdag_operator.section-1', 'example_subdag_operator.section-2', 'example_subdag_operator']) retrieved from /home/den/Projects/venv/lib/python3.10/site-packages/airflow/example_dags/example_subdag_operator.py
[2023-11-20T15:15:56.099+0500] {logging_mixin.py:154} INFO - [2023-11-20T15:15:56.099+0500] {dag.py:2941} INFO - Sync 3 DAGs
[2023-11-20T15:15:56.113+0500] {logging_mixin.py:154} INFO - [2023-11-20T15:15:56.112+0500] {dag.py:3722} INFO - Setting next_dagrun for example_subdag_operator to 2022-01-01T00:00:00+00:00, run_after=2022-01-01T00:00:00+00:00
[2023-11-20T15:15:56.115+0500] {logging_mixin.py:154} INFO - [2023-11-20T15:15:56.115+0500] {dag.py:3722} INFO - Setting next_dagrun for example_subdag_operator.section-1 to None, run_after=None
[2023-11-20T15:15:56.116+0500] {logging_mixin.py:154} INFO - [2023-11-20T15:15:56.116+0500] {dag.py:3722} INFO - Setting next_dagrun for example_subdag_operator.section-2 to None, run_after=None
[2023-11-20T15:15:56.120+0500] {logging_mixin.py:154} INFO - [2023-11-20T15:15:56.120+0500] {dag.py:2941} INFO - Sync 2 DAGs
[2023-11-20T15:15:56.122+0500] {logging_mixin.py:154} INFO - [2023-11-20T15:15:56.122+0500] {dag.py:3722} INFO - Setting next_dagrun for example_subdag_operator.section-1 to None, run_after=None
[2023-11-20T15:15:56.122+0500] {logging_mixin.py:154} INFO - [2023-11-20T15:15:56.122+0500] {dag.py:3722} INFO - Setting next_dagrun for example_subdag_operator.section-2 to None, run_after=None
[2023-11-20T15:15:56.142+0500] {processor.py:179} INFO - Processing /home/den/Projects/venv/lib/python3.10/site-packages/airflow/example_dags/example_subdag_operator.py took 0.080 seconds
[2023-11-20T15:16:43.793+0500] {processor.py:157} INFO - Started process (PID=9532) to work on /home/den/Projects/venv/lib/python3.10/site-packages/airflow/example_dags/example_subdag_operator.py
[2023-11-20T15:16:43.795+0500] {processor.py:829} INFO - Processing file /home/den/Projects/venv/lib/python3.10/site-packages/airflow/example_dags/example_subdag_operator.py for tasks to queue
[2023-11-20T15:16:43.796+0500] {logging_mixin.py:154} INFO - [2023-11-20T15:16:43.796+0500] {dagbag.py:536} INFO - Filling up the DagBag from /home/den/Projects/venv/lib/python3.10/site-packages/airflow/example_dags/example_subdag_operator.py
[2023-11-20T15:16:43.812+0500] {processor.py:839} INFO - DAG(s) dict_keys(['example_subdag_operator.section-1', 'example_subdag_operator.section-2', 'example_subdag_operator']) retrieved from /home/den/Projects/venv/lib/python3.10/site-packages/airflow/example_dags/example_subdag_operator.py
[2023-11-20T15:16:43.823+0500] {logging_mixin.py:154} INFO - [2023-11-20T15:16:43.823+0500] {dag.py:2941} INFO - Sync 3 DAGs
[2023-11-20T15:16:43.835+0500] {logging_mixin.py:154} INFO - [2023-11-20T15:16:43.835+0500] {dag.py:3722} INFO - Setting next_dagrun for example_subdag_operator to 2022-01-01T00:00:00+00:00, run_after=2022-01-01T00:00:00+00:00
[2023-11-20T15:16:43.837+0500] {logging_mixin.py:154} INFO - [2023-11-20T15:16:43.837+0500] {dag.py:3722} INFO - Setting next_dagrun for example_subdag_operator.section-1 to None, run_after=None
[2023-11-20T15:16:43.837+0500] {logging_mixin.py:154} INFO - [2023-11-20T15:16:43.837+0500] {dag.py:3722} INFO - Setting next_dagrun for example_subdag_operator.section-2 to None, run_after=None
[2023-11-20T15:16:43.845+0500] {logging_mixin.py:154} INFO - [2023-11-20T15:16:43.844+0500] {dag.py:2941} INFO - Sync 2 DAGs
[2023-11-20T15:16:43.847+0500] {logging_mixin.py:154} INFO - [2023-11-20T15:16:43.847+0500] {dag.py:3722} INFO - Setting next_dagrun for example_subdag_operator.section-1 to None, run_after=None
[2023-11-20T15:16:43.848+0500] {logging_mixin.py:154} INFO - [2023-11-20T15:16:43.848+0500] {dag.py:3722} INFO - Setting next_dagrun for example_subdag_operator.section-2 to None, run_after=None
[2023-11-20T15:16:43.863+0500] {processor.py:179} INFO - Processing /home/den/Projects/venv/lib/python3.10/site-packages/airflow/example_dags/example_subdag_operator.py took 0.074 seconds
[2023-11-20T15:17:30.124+0500] {processor.py:157} INFO - Started process (PID=9604) to work on /home/den/Projects/venv/lib/python3.10/site-packages/airflow/example_dags/example_subdag_operator.py
[2023-11-20T15:17:30.125+0500] {processor.py:829} INFO - Processing file /home/den/Projects/venv/lib/python3.10/site-packages/airflow/example_dags/example_subdag_operator.py for tasks to queue
[2023-11-20T15:17:30.126+0500] {logging_mixin.py:154} INFO - [2023-11-20T15:17:30.126+0500] {dagbag.py:536} INFO - Filling up the DagBag from /home/den/Projects/venv/lib/python3.10/site-packages/airflow/example_dags/example_subdag_operator.py
[2023-11-20T15:17:30.144+0500] {processor.py:839} INFO - DAG(s) dict_keys(['example_subdag_operator.section-1', 'example_subdag_operator.section-2', 'example_subdag_operator']) retrieved from /home/den/Projects/venv/lib/python3.10/site-packages/airflow/example_dags/example_subdag_operator.py
[2023-11-20T15:17:30.155+0500] {logging_mixin.py:154} INFO - [2023-11-20T15:17:30.155+0500] {dag.py:2941} INFO - Sync 3 DAGs
[2023-11-20T15:17:30.168+0500] {logging_mixin.py:154} INFO - [2023-11-20T15:17:30.168+0500] {dag.py:3722} INFO - Setting next_dagrun for example_subdag_operator to 2022-01-01T00:00:00+00:00, run_after=2022-01-01T00:00:00+00:00
[2023-11-20T15:17:30.170+0500] {logging_mixin.py:154} INFO - [2023-11-20T15:17:30.170+0500] {dag.py:3722} INFO - Setting next_dagrun for example_subdag_operator.section-1 to None, run_after=None
[2023-11-20T15:17:30.171+0500] {logging_mixin.py:154} INFO - [2023-11-20T15:17:30.170+0500] {dag.py:3722} INFO - Setting next_dagrun for example_subdag_operator.section-2 to None, run_after=None
[2023-11-20T15:17:30.175+0500] {logging_mixin.py:154} INFO - [2023-11-20T15:17:30.174+0500] {dag.py:2941} INFO - Sync 2 DAGs
[2023-11-20T15:17:30.177+0500] {logging_mixin.py:154} INFO - [2023-11-20T15:17:30.177+0500] {dag.py:3722} INFO - Setting next_dagrun for example_subdag_operator.section-1 to None, run_after=None
[2023-11-20T15:17:30.177+0500] {logging_mixin.py:154} INFO - [2023-11-20T15:17:30.177+0500] {dag.py:3722} INFO - Setting next_dagrun for example_subdag_operator.section-2 to None, run_after=None
[2023-11-20T15:17:30.191+0500] {processor.py:179} INFO - Processing /home/den/Projects/venv/lib/python3.10/site-packages/airflow/example_dags/example_subdag_operator.py took 0.070 seconds
[2023-11-20T15:18:17.555+0500] {processor.py:157} INFO - Started process (PID=9689) to work on /home/den/Projects/venv/lib/python3.10/site-packages/airflow/example_dags/example_subdag_operator.py
[2023-11-20T15:18:17.557+0500] {processor.py:829} INFO - Processing file /home/den/Projects/venv/lib/python3.10/site-packages/airflow/example_dags/example_subdag_operator.py for tasks to queue
[2023-11-20T15:18:17.557+0500] {logging_mixin.py:154} INFO - [2023-11-20T15:18:17.557+0500] {dagbag.py:536} INFO - Filling up the DagBag from /home/den/Projects/venv/lib/python3.10/site-packages/airflow/example_dags/example_subdag_operator.py
[2023-11-20T15:18:17.576+0500] {processor.py:839} INFO - DAG(s) dict_keys(['example_subdag_operator.section-1', 'example_subdag_operator.section-2', 'example_subdag_operator']) retrieved from /home/den/Projects/venv/lib/python3.10/site-packages/airflow/example_dags/example_subdag_operator.py
[2023-11-20T15:18:17.587+0500] {logging_mixin.py:154} INFO - [2023-11-20T15:18:17.587+0500] {dag.py:2941} INFO - Sync 3 DAGs
[2023-11-20T15:18:17.601+0500] {logging_mixin.py:154} INFO - [2023-11-20T15:18:17.600+0500] {dag.py:3722} INFO - Setting next_dagrun for example_subdag_operator to 2022-01-01T00:00:00+00:00, run_after=2022-01-01T00:00:00+00:00
[2023-11-20T15:18:17.604+0500] {logging_mixin.py:154} INFO - [2023-11-20T15:18:17.603+0500] {dag.py:3722} INFO - Setting next_dagrun for example_subdag_operator.section-1 to None, run_after=None
[2023-11-20T15:18:17.604+0500] {logging_mixin.py:154} INFO - [2023-11-20T15:18:17.604+0500] {dag.py:3722} INFO - Setting next_dagrun for example_subdag_operator.section-2 to None, run_after=None
[2023-11-20T15:18:17.608+0500] {logging_mixin.py:154} INFO - [2023-11-20T15:18:17.608+0500] {dag.py:2941} INFO - Sync 2 DAGs
[2023-11-20T15:18:17.611+0500] {logging_mixin.py:154} INFO - [2023-11-20T15:18:17.610+0500] {dag.py:3722} INFO - Setting next_dagrun for example_subdag_operator.section-1 to None, run_after=None
[2023-11-20T15:18:17.611+0500] {logging_mixin.py:154} INFO - [2023-11-20T15:18:17.611+0500] {dag.py:3722} INFO - Setting next_dagrun for example_subdag_operator.section-2 to None, run_after=None
[2023-11-20T15:18:17.630+0500] {processor.py:179} INFO - Processing /home/den/Projects/venv/lib/python3.10/site-packages/airflow/example_dags/example_subdag_operator.py took 0.079 seconds
[2023-11-20T15:19:10.032+0500] {processor.py:157} INFO - Started process (PID=9764) to work on /home/den/Projects/venv/lib/python3.10/site-packages/airflow/example_dags/example_subdag_operator.py
[2023-11-20T15:19:10.042+0500] {processor.py:829} INFO - Processing file /home/den/Projects/venv/lib/python3.10/site-packages/airflow/example_dags/example_subdag_operator.py for tasks to queue
[2023-11-20T15:19:10.043+0500] {logging_mixin.py:154} INFO - [2023-11-20T15:19:10.043+0500] {dagbag.py:536} INFO - Filling up the DagBag from /home/den/Projects/venv/lib/python3.10/site-packages/airflow/example_dags/example_subdag_operator.py
[2023-11-20T15:19:10.059+0500] {processor.py:839} INFO - DAG(s) dict_keys(['example_subdag_operator.section-1', 'example_subdag_operator.section-2', 'example_subdag_operator']) retrieved from /home/den/Projects/venv/lib/python3.10/site-packages/airflow/example_dags/example_subdag_operator.py
[2023-11-20T15:19:10.069+0500] {logging_mixin.py:154} INFO - [2023-11-20T15:19:10.069+0500] {dag.py:2941} INFO - Sync 3 DAGs
[2023-11-20T15:19:10.081+0500] {logging_mixin.py:154} INFO - [2023-11-20T15:19:10.081+0500] {dag.py:3722} INFO - Setting next_dagrun for example_subdag_operator to 2022-01-01T00:00:00+00:00, run_after=2022-01-01T00:00:00+00:00
[2023-11-20T15:19:10.083+0500] {logging_mixin.py:154} INFO - [2023-11-20T15:19:10.083+0500] {dag.py:3722} INFO - Setting next_dagrun for example_subdag_operator.section-1 to None, run_after=None
[2023-11-20T15:19:10.084+0500] {logging_mixin.py:154} INFO - [2023-11-20T15:19:10.084+0500] {dag.py:3722} INFO - Setting next_dagrun for example_subdag_operator.section-2 to None, run_after=None
[2023-11-20T15:19:10.087+0500] {logging_mixin.py:154} INFO - [2023-11-20T15:19:10.087+0500] {dag.py:2941} INFO - Sync 2 DAGs
[2023-11-20T15:19:10.092+0500] {logging_mixin.py:154} INFO - [2023-11-20T15:19:10.092+0500] {dag.py:3722} INFO - Setting next_dagrun for example_subdag_operator.section-1 to None, run_after=None
[2023-11-20T15:19:10.092+0500] {logging_mixin.py:154} INFO - [2023-11-20T15:19:10.092+0500] {dag.py:3722} INFO - Setting next_dagrun for example_subdag_operator.section-2 to None, run_after=None
[2023-11-20T15:19:10.106+0500] {processor.py:179} INFO - Processing /home/den/Projects/venv/lib/python3.10/site-packages/airflow/example_dags/example_subdag_operator.py took 0.077 seconds
[2023-11-20T15:19:55.470+0500] {processor.py:157} INFO - Started process (PID=9919) to work on /home/den/Projects/venv/lib/python3.10/site-packages/airflow/example_dags/example_subdag_operator.py
[2023-11-20T15:19:55.472+0500] {processor.py:829} INFO - Processing file /home/den/Projects/venv/lib/python3.10/site-packages/airflow/example_dags/example_subdag_operator.py for tasks to queue
[2023-11-20T15:19:55.473+0500] {logging_mixin.py:154} INFO - [2023-11-20T15:19:55.473+0500] {dagbag.py:536} INFO - Filling up the DagBag from /home/den/Projects/venv/lib/python3.10/site-packages/airflow/example_dags/example_subdag_operator.py
[2023-11-20T15:19:55.502+0500] {processor.py:839} INFO - DAG(s) dict_keys(['example_subdag_operator.section-1', 'example_subdag_operator.section-2', 'example_subdag_operator']) retrieved from /home/den/Projects/venv/lib/python3.10/site-packages/airflow/example_dags/example_subdag_operator.py
[2023-11-20T15:19:55.525+0500] {logging_mixin.py:154} INFO - [2023-11-20T15:19:55.524+0500] {dag.py:2941} INFO - Sync 3 DAGs
[2023-11-20T15:19:55.570+0500] {logging_mixin.py:154} INFO - [2023-11-20T15:19:55.570+0500] {dag.py:3722} INFO - Setting next_dagrun for example_subdag_operator to 2022-01-01T00:00:00+00:00, run_after=2022-01-01T00:00:00+00:00
[2023-11-20T15:19:55.589+0500] {logging_mixin.py:154} INFO - [2023-11-20T15:19:55.589+0500] {dag.py:3722} INFO - Setting next_dagrun for example_subdag_operator.section-1 to None, run_after=None
[2023-11-20T15:19:55.590+0500] {logging_mixin.py:154} INFO - [2023-11-20T15:19:55.590+0500] {dag.py:3722} INFO - Setting next_dagrun for example_subdag_operator.section-2 to None, run_after=None
[2023-11-20T15:19:55.600+0500] {logging_mixin.py:154} INFO - [2023-11-20T15:19:55.600+0500] {dag.py:2941} INFO - Sync 2 DAGs
[2023-11-20T15:19:55.617+0500] {logging_mixin.py:154} INFO - [2023-11-20T15:19:55.617+0500] {dag.py:3722} INFO - Setting next_dagrun for example_subdag_operator.section-1 to None, run_after=None
[2023-11-20T15:19:55.617+0500] {logging_mixin.py:154} INFO - [2023-11-20T15:19:55.617+0500] {dag.py:3722} INFO - Setting next_dagrun for example_subdag_operator.section-2 to None, run_after=None
[2023-11-20T15:19:55.640+0500] {processor.py:179} INFO - Processing /home/den/Projects/venv/lib/python3.10/site-packages/airflow/example_dags/example_subdag_operator.py took 0.180 seconds
[2023-11-20T15:20:58.844+0500] {processor.py:157} INFO - Started process (PID=10002) to work on /home/den/Projects/venv/lib/python3.10/site-packages/airflow/example_dags/example_subdag_operator.py
[2023-11-20T15:20:58.850+0500] {processor.py:829} INFO - Processing file /home/den/Projects/venv/lib/python3.10/site-packages/airflow/example_dags/example_subdag_operator.py for tasks to queue
[2023-11-20T15:20:58.854+0500] {logging_mixin.py:154} INFO - [2023-11-20T15:20:58.853+0500] {dagbag.py:536} INFO - Filling up the DagBag from /home/den/Projects/venv/lib/python3.10/site-packages/airflow/example_dags/example_subdag_operator.py
[2023-11-20T15:20:58.893+0500] {processor.py:839} INFO - DAG(s) dict_keys(['example_subdag_operator.section-1', 'example_subdag_operator.section-2', 'example_subdag_operator']) retrieved from /home/den/Projects/venv/lib/python3.10/site-packages/airflow/example_dags/example_subdag_operator.py
[2023-11-20T15:20:58.916+0500] {logging_mixin.py:154} INFO - [2023-11-20T15:20:58.915+0500] {dag.py:2941} INFO - Sync 3 DAGs
[2023-11-20T15:20:58.943+0500] {logging_mixin.py:154} INFO - [2023-11-20T15:20:58.942+0500] {dag.py:3722} INFO - Setting next_dagrun for example_subdag_operator to 2022-01-01T00:00:00+00:00, run_after=2022-01-01T00:00:00+00:00
[2023-11-20T15:20:58.945+0500] {logging_mixin.py:154} INFO - [2023-11-20T15:20:58.945+0500] {dag.py:3722} INFO - Setting next_dagrun for example_subdag_operator.section-1 to None, run_after=None
[2023-11-20T15:20:58.947+0500] {logging_mixin.py:154} INFO - [2023-11-20T15:20:58.947+0500] {dag.py:3722} INFO - Setting next_dagrun for example_subdag_operator.section-2 to None, run_after=None
[2023-11-20T15:20:58.959+0500] {logging_mixin.py:154} INFO - [2023-11-20T15:20:58.958+0500] {dag.py:2941} INFO - Sync 2 DAGs
[2023-11-20T15:20:58.963+0500] {logging_mixin.py:154} INFO - [2023-11-20T15:20:58.963+0500] {dag.py:3722} INFO - Setting next_dagrun for example_subdag_operator.section-1 to None, run_after=None
[2023-11-20T15:20:58.964+0500] {logging_mixin.py:154} INFO - [2023-11-20T15:20:58.963+0500] {dag.py:3722} INFO - Setting next_dagrun for example_subdag_operator.section-2 to None, run_after=None
[2023-11-20T15:20:58.991+0500] {processor.py:179} INFO - Processing /home/den/Projects/venv/lib/python3.10/site-packages/airflow/example_dags/example_subdag_operator.py took 0.153 seconds
[2023-11-20T15:22:04.987+0500] {processor.py:157} INFO - Started process (PID=10114) to work on /home/den/Projects/venv/lib/python3.10/site-packages/airflow/example_dags/example_subdag_operator.py
[2023-11-20T15:22:04.989+0500] {processor.py:829} INFO - Processing file /home/den/Projects/venv/lib/python3.10/site-packages/airflow/example_dags/example_subdag_operator.py for tasks to queue
[2023-11-20T15:22:04.990+0500] {logging_mixin.py:154} INFO - [2023-11-20T15:22:04.989+0500] {dagbag.py:536} INFO - Filling up the DagBag from /home/den/Projects/venv/lib/python3.10/site-packages/airflow/example_dags/example_subdag_operator.py
[2023-11-20T15:22:05.050+0500] {processor.py:839} INFO - DAG(s) dict_keys(['example_subdag_operator.section-1', 'example_subdag_operator.section-2', 'example_subdag_operator']) retrieved from /home/den/Projects/venv/lib/python3.10/site-packages/airflow/example_dags/example_subdag_operator.py
[2023-11-20T15:22:05.085+0500] {logging_mixin.py:154} INFO - [2023-11-20T15:22:05.085+0500] {dag.py:2941} INFO - Sync 3 DAGs
[2023-11-20T15:22:05.113+0500] {logging_mixin.py:154} INFO - [2023-11-20T15:22:05.113+0500] {dag.py:3722} INFO - Setting next_dagrun for example_subdag_operator to 2022-01-01T00:00:00+00:00, run_after=2022-01-01T00:00:00+00:00
[2023-11-20T15:22:05.115+0500] {logging_mixin.py:154} INFO - [2023-11-20T15:22:05.115+0500] {dag.py:3722} INFO - Setting next_dagrun for example_subdag_operator.section-1 to None, run_after=None
[2023-11-20T15:22:05.116+0500] {logging_mixin.py:154} INFO - [2023-11-20T15:22:05.116+0500] {dag.py:3722} INFO - Setting next_dagrun for example_subdag_operator.section-2 to None, run_after=None
[2023-11-20T15:22:05.124+0500] {logging_mixin.py:154} INFO - [2023-11-20T15:22:05.124+0500] {dag.py:2941} INFO - Sync 2 DAGs
[2023-11-20T15:22:05.132+0500] {logging_mixin.py:154} INFO - [2023-11-20T15:22:05.132+0500] {dag.py:3722} INFO - Setting next_dagrun for example_subdag_operator.section-1 to None, run_after=None
[2023-11-20T15:22:05.132+0500] {logging_mixin.py:154} INFO - [2023-11-20T15:22:05.132+0500] {dag.py:3722} INFO - Setting next_dagrun for example_subdag_operator.section-2 to None, run_after=None
[2023-11-20T15:22:05.159+0500] {processor.py:179} INFO - Processing /home/den/Projects/venv/lib/python3.10/site-packages/airflow/example_dags/example_subdag_operator.py took 0.183 seconds
[2023-11-20T15:23:06.057+0500] {processor.py:157} INFO - Started process (PID=10192) to work on /home/den/Projects/venv/lib/python3.10/site-packages/airflow/example_dags/example_subdag_operator.py
[2023-11-20T15:23:06.060+0500] {processor.py:829} INFO - Processing file /home/den/Projects/venv/lib/python3.10/site-packages/airflow/example_dags/example_subdag_operator.py for tasks to queue
[2023-11-20T15:23:06.061+0500] {logging_mixin.py:154} INFO - [2023-11-20T15:23:06.060+0500] {dagbag.py:536} INFO - Filling up the DagBag from /home/den/Projects/venv/lib/python3.10/site-packages/airflow/example_dags/example_subdag_operator.py
[2023-11-20T15:23:06.113+0500] {processor.py:839} INFO - DAG(s) dict_keys(['example_subdag_operator.section-1', 'example_subdag_operator.section-2', 'example_subdag_operator']) retrieved from /home/den/Projects/venv/lib/python3.10/site-packages/airflow/example_dags/example_subdag_operator.py
[2023-11-20T15:23:06.138+0500] {logging_mixin.py:154} INFO - [2023-11-20T15:23:06.137+0500] {dag.py:2941} INFO - Sync 3 DAGs
[2023-11-20T15:23:06.177+0500] {logging_mixin.py:154} INFO - [2023-11-20T15:23:06.177+0500] {dag.py:3722} INFO - Setting next_dagrun for example_subdag_operator to 2022-01-01T00:00:00+00:00, run_after=2022-01-01T00:00:00+00:00
[2023-11-20T15:23:06.181+0500] {logging_mixin.py:154} INFO - [2023-11-20T15:23:06.180+0500] {dag.py:3722} INFO - Setting next_dagrun for example_subdag_operator.section-1 to None, run_after=None
[2023-11-20T15:23:06.181+0500] {logging_mixin.py:154} INFO - [2023-11-20T15:23:06.181+0500] {dag.py:3722} INFO - Setting next_dagrun for example_subdag_operator.section-2 to None, run_after=None
[2023-11-20T15:23:06.189+0500] {logging_mixin.py:154} INFO - [2023-11-20T15:23:06.189+0500] {dag.py:2941} INFO - Sync 2 DAGs
[2023-11-20T15:23:06.193+0500] {logging_mixin.py:154} INFO - [2023-11-20T15:23:06.193+0500] {dag.py:3722} INFO - Setting next_dagrun for example_subdag_operator.section-1 to None, run_after=None
[2023-11-20T15:23:06.194+0500] {logging_mixin.py:154} INFO - [2023-11-20T15:23:06.194+0500] {dag.py:3722} INFO - Setting next_dagrun for example_subdag_operator.section-2 to None, run_after=None
[2023-11-20T15:23:06.223+0500] {processor.py:179} INFO - Processing /home/den/Projects/venv/lib/python3.10/site-packages/airflow/example_dags/example_subdag_operator.py took 0.177 seconds
