[2023-11-20T14:39:15.993+0500] {processor.py:157} INFO - Started process (PID=4672) to work on /home/den/Projects/venv/lib/python3.10/site-packages/airflow/example_dags/example_branch_labels.py
[2023-11-20T14:39:15.994+0500] {processor.py:829} INFO - Processing file /home/den/Projects/venv/lib/python3.10/site-packages/airflow/example_dags/example_branch_labels.py for tasks to queue
[2023-11-20T14:39:15.994+0500] {logging_mixin.py:154} INFO - [2023-11-20T14:39:15.994+0500] {dagbag.py:536} INFO - Filling up the DagBag from /home/den/Projects/venv/lib/python3.10/site-packages/airflow/example_dags/example_branch_labels.py
[2023-11-20T14:39:16.002+0500] {processor.py:839} INFO - DAG(s) dict_keys(['example_branch_labels']) retrieved from /home/den/Projects/venv/lib/python3.10/site-packages/airflow/example_dags/example_branch_labels.py
[2023-11-20T14:39:16.110+0500] {logging_mixin.py:154} INFO - [2023-11-20T14:39:16.110+0500] {manager.py:499} INFO - Created Permission View: %s
[2023-11-20T14:39:16.122+0500] {logging_mixin.py:154} INFO - [2023-11-20T14:39:16.122+0500] {manager.py:499} INFO - Created Permission View: %s
[2023-11-20T14:39:16.133+0500] {logging_mixin.py:154} INFO - [2023-11-20T14:39:16.132+0500] {manager.py:499} INFO - Created Permission View: %s
[2023-11-20T14:39:16.133+0500] {logging_mixin.py:154} INFO - [2023-11-20T14:39:16.133+0500] {dag.py:2941} INFO - Sync 1 DAGs
[2023-11-20T14:39:16.139+0500] {logging_mixin.py:154} INFO - [2023-11-20T14:39:16.139+0500] {dag.py:2963} INFO - Creating ORM DAG for example_branch_labels
[2023-11-20T14:39:16.147+0500] {logging_mixin.py:154} INFO - [2023-11-20T14:39:16.147+0500] {dag.py:3722} INFO - Setting next_dagrun for example_branch_labels to 2023-11-19T00:00:00+00:00, run_after=2023-11-20T00:00:00+00:00
[2023-11-20T14:39:16.165+0500] {processor.py:179} INFO - Processing /home/den/Projects/venv/lib/python3.10/site-packages/airflow/example_dags/example_branch_labels.py took 0.174 seconds
[2023-11-20T14:40:10.879+0500] {processor.py:157} INFO - Started process (PID=5264) to work on /home/den/Projects/venv/lib/python3.10/site-packages/airflow/example_dags/example_branch_labels.py
[2023-11-20T14:40:10.881+0500] {processor.py:829} INFO - Processing file /home/den/Projects/venv/lib/python3.10/site-packages/airflow/example_dags/example_branch_labels.py for tasks to queue
[2023-11-20T14:40:10.881+0500] {logging_mixin.py:154} INFO - [2023-11-20T14:40:10.881+0500] {dagbag.py:536} INFO - Filling up the DagBag from /home/den/Projects/venv/lib/python3.10/site-packages/airflow/example_dags/example_branch_labels.py
[2023-11-20T14:40:10.889+0500] {processor.py:839} INFO - DAG(s) dict_keys(['example_branch_labels']) retrieved from /home/den/Projects/venv/lib/python3.10/site-packages/airflow/example_dags/example_branch_labels.py
[2023-11-20T14:40:10.909+0500] {logging_mixin.py:154} INFO - [2023-11-20T14:40:10.909+0500] {dag.py:2941} INFO - Sync 1 DAGs
[2023-11-20T14:40:10.924+0500] {logging_mixin.py:154} INFO - [2023-11-20T14:40:10.923+0500] {dag.py:3722} INFO - Setting next_dagrun for example_branch_labels to 2023-11-19T00:00:00+00:00, run_after=2023-11-20T00:00:00+00:00
[2023-11-20T14:40:10.941+0500] {processor.py:179} INFO - Processing /home/den/Projects/venv/lib/python3.10/site-packages/airflow/example_dags/example_branch_labels.py took 0.065 seconds
[2023-11-20T14:40:48.133+0500] {processor.py:157} INFO - Started process (PID=5344) to work on /home/den/Projects/venv/lib/python3.10/site-packages/airflow/example_dags/example_branch_labels.py
[2023-11-20T14:40:48.134+0500] {processor.py:829} INFO - Processing file /home/den/Projects/venv/lib/python3.10/site-packages/airflow/example_dags/example_branch_labels.py for tasks to queue
[2023-11-20T14:40:48.134+0500] {logging_mixin.py:154} INFO - [2023-11-20T14:40:48.134+0500] {dagbag.py:536} INFO - Filling up the DagBag from /home/den/Projects/venv/lib/python3.10/site-packages/airflow/example_dags/example_branch_labels.py
[2023-11-20T14:40:48.140+0500] {processor.py:839} INFO - DAG(s) dict_keys(['example_branch_labels']) retrieved from /home/den/Projects/venv/lib/python3.10/site-packages/airflow/example_dags/example_branch_labels.py
[2023-11-20T14:40:48.153+0500] {logging_mixin.py:154} INFO - [2023-11-20T14:40:48.153+0500] {dag.py:2941} INFO - Sync 1 DAGs
[2023-11-20T14:40:48.166+0500] {logging_mixin.py:154} INFO - [2023-11-20T14:40:48.166+0500] {dag.py:3722} INFO - Setting next_dagrun for example_branch_labels to 2023-11-19T00:00:00+00:00, run_after=2023-11-20T00:00:00+00:00
[2023-11-20T14:40:48.182+0500] {processor.py:179} INFO - Processing /home/den/Projects/venv/lib/python3.10/site-packages/airflow/example_dags/example_branch_labels.py took 0.052 seconds
[2023-11-20T14:49:45.434+0500] {processor.py:157} INFO - Started process (PID=6362) to work on /home/den/Projects/venv/lib/python3.10/site-packages/airflow/example_dags/example_branch_labels.py
[2023-11-20T14:49:45.443+0500] {processor.py:829} INFO - Processing file /home/den/Projects/venv/lib/python3.10/site-packages/airflow/example_dags/example_branch_labels.py for tasks to queue
[2023-11-20T14:49:45.444+0500] {logging_mixin.py:154} INFO - [2023-11-20T14:49:45.443+0500] {dagbag.py:536} INFO - Filling up the DagBag from /home/den/Projects/venv/lib/python3.10/site-packages/airflow/example_dags/example_branch_labels.py
[2023-11-20T14:49:45.451+0500] {processor.py:839} INFO - DAG(s) dict_keys(['example_branch_labels']) retrieved from /home/den/Projects/venv/lib/python3.10/site-packages/airflow/example_dags/example_branch_labels.py
[2023-11-20T14:49:45.465+0500] {logging_mixin.py:154} INFO - [2023-11-20T14:49:45.465+0500] {dag.py:2941} INFO - Sync 1 DAGs
[2023-11-20T14:49:45.477+0500] {logging_mixin.py:154} INFO - [2023-11-20T14:49:45.477+0500] {dag.py:3722} INFO - Setting next_dagrun for example_branch_labels to 2023-11-19T00:00:00+00:00, run_after=2023-11-20T00:00:00+00:00
[2023-11-20T14:49:45.500+0500] {processor.py:179} INFO - Processing /home/den/Projects/venv/lib/python3.10/site-packages/airflow/example_dags/example_branch_labels.py took 0.069 seconds
[2023-11-20T14:50:35.862+0500] {processor.py:157} INFO - Started process (PID=6544) to work on /home/den/Projects/venv/lib/python3.10/site-packages/airflow/example_dags/example_branch_labels.py
[2023-11-20T14:50:35.863+0500] {processor.py:829} INFO - Processing file /home/den/Projects/venv/lib/python3.10/site-packages/airflow/example_dags/example_branch_labels.py for tasks to queue
[2023-11-20T14:50:35.864+0500] {logging_mixin.py:154} INFO - [2023-11-20T14:50:35.864+0500] {dagbag.py:536} INFO - Filling up the DagBag from /home/den/Projects/venv/lib/python3.10/site-packages/airflow/example_dags/example_branch_labels.py
[2023-11-20T14:50:35.872+0500] {processor.py:839} INFO - DAG(s) dict_keys(['example_branch_labels']) retrieved from /home/den/Projects/venv/lib/python3.10/site-packages/airflow/example_dags/example_branch_labels.py
[2023-11-20T14:50:35.883+0500] {logging_mixin.py:154} INFO - [2023-11-20T14:50:35.883+0500] {dag.py:2941} INFO - Sync 1 DAGs
[2023-11-20T14:50:35.896+0500] {logging_mixin.py:154} INFO - [2023-11-20T14:50:35.895+0500] {dag.py:3722} INFO - Setting next_dagrun for example_branch_labels to 2023-11-19T00:00:00+00:00, run_after=2023-11-20T00:00:00+00:00
[2023-11-20T14:50:35.932+0500] {processor.py:179} INFO - Processing /home/den/Projects/venv/lib/python3.10/site-packages/airflow/example_dags/example_branch_labels.py took 0.073 seconds
[2023-11-20T14:51:14.408+0500] {processor.py:157} INFO - Started process (PID=6601) to work on /home/den/Projects/venv/lib/python3.10/site-packages/airflow/example_dags/example_branch_labels.py
[2023-11-20T14:51:14.409+0500] {processor.py:829} INFO - Processing file /home/den/Projects/venv/lib/python3.10/site-packages/airflow/example_dags/example_branch_labels.py for tasks to queue
[2023-11-20T14:51:14.410+0500] {logging_mixin.py:154} INFO - [2023-11-20T14:51:14.410+0500] {dagbag.py:536} INFO - Filling up the DagBag from /home/den/Projects/venv/lib/python3.10/site-packages/airflow/example_dags/example_branch_labels.py
[2023-11-20T14:51:14.417+0500] {processor.py:839} INFO - DAG(s) dict_keys(['example_branch_labels']) retrieved from /home/den/Projects/venv/lib/python3.10/site-packages/airflow/example_dags/example_branch_labels.py
[2023-11-20T14:51:14.429+0500] {logging_mixin.py:154} INFO - [2023-11-20T14:51:14.429+0500] {dag.py:2941} INFO - Sync 1 DAGs
[2023-11-20T14:51:14.442+0500] {logging_mixin.py:154} INFO - [2023-11-20T14:51:14.442+0500] {dag.py:3722} INFO - Setting next_dagrun for example_branch_labels to 2023-11-19T00:00:00+00:00, run_after=2023-11-20T00:00:00+00:00
[2023-11-20T14:51:14.468+0500] {processor.py:179} INFO - Processing /home/den/Projects/venv/lib/python3.10/site-packages/airflow/example_dags/example_branch_labels.py took 0.063 seconds
[2023-11-20T14:52:01.088+0500] {processor.py:157} INFO - Started process (PID=6716) to work on /home/den/Projects/venv/lib/python3.10/site-packages/airflow/example_dags/example_branch_labels.py
[2023-11-20T14:52:01.101+0500] {processor.py:829} INFO - Processing file /home/den/Projects/venv/lib/python3.10/site-packages/airflow/example_dags/example_branch_labels.py for tasks to queue
[2023-11-20T14:52:01.102+0500] {logging_mixin.py:154} INFO - [2023-11-20T14:52:01.101+0500] {dagbag.py:536} INFO - Filling up the DagBag from /home/den/Projects/venv/lib/python3.10/site-packages/airflow/example_dags/example_branch_labels.py
[2023-11-20T14:52:01.112+0500] {processor.py:839} INFO - DAG(s) dict_keys(['example_branch_labels']) retrieved from /home/den/Projects/venv/lib/python3.10/site-packages/airflow/example_dags/example_branch_labels.py
[2023-11-20T14:52:01.136+0500] {logging_mixin.py:154} INFO - [2023-11-20T14:52:01.136+0500] {dag.py:2941} INFO - Sync 1 DAGs
[2023-11-20T14:52:01.186+0500] {logging_mixin.py:154} INFO - [2023-11-20T14:52:01.186+0500] {dag.py:3722} INFO - Setting next_dagrun for example_branch_labels to 2023-11-19T00:00:00+00:00, run_after=2023-11-20T00:00:00+00:00
[2023-11-20T14:52:01.211+0500] {processor.py:179} INFO - Processing /home/den/Projects/venv/lib/python3.10/site-packages/airflow/example_dags/example_branch_labels.py took 0.126 seconds
[2023-11-20T14:53:01.322+0500] {processor.py:157} INFO - Started process (PID=6928) to work on /home/den/Projects/venv/lib/python3.10/site-packages/airflow/example_dags/example_branch_labels.py
[2023-11-20T14:53:01.325+0500] {processor.py:829} INFO - Processing file /home/den/Projects/venv/lib/python3.10/site-packages/airflow/example_dags/example_branch_labels.py for tasks to queue
[2023-11-20T14:53:01.325+0500] {logging_mixin.py:154} INFO - [2023-11-20T14:53:01.325+0500] {dagbag.py:536} INFO - Filling up the DagBag from /home/den/Projects/venv/lib/python3.10/site-packages/airflow/example_dags/example_branch_labels.py
[2023-11-20T14:53:01.339+0500] {processor.py:839} INFO - DAG(s) dict_keys(['example_branch_labels']) retrieved from /home/den/Projects/venv/lib/python3.10/site-packages/airflow/example_dags/example_branch_labels.py
[2023-11-20T14:53:01.366+0500] {logging_mixin.py:154} INFO - [2023-11-20T14:53:01.365+0500] {dag.py:2941} INFO - Sync 1 DAGs
[2023-11-20T14:53:01.407+0500] {logging_mixin.py:154} INFO - [2023-11-20T14:53:01.407+0500] {dag.py:3722} INFO - Setting next_dagrun for example_branch_labels to 2023-11-19T00:00:00+00:00, run_after=2023-11-20T00:00:00+00:00
[2023-11-20T14:53:01.486+0500] {processor.py:179} INFO - Processing /home/den/Projects/venv/lib/python3.10/site-packages/airflow/example_dags/example_branch_labels.py took 0.177 seconds
[2023-11-20T14:54:37.726+0500] {processor.py:157} INFO - Started process (PID=7474) to work on /home/den/Projects/venv/lib/python3.10/site-packages/airflow/example_dags/example_branch_labels.py
[2023-11-20T14:54:37.730+0500] {processor.py:829} INFO - Processing file /home/den/Projects/venv/lib/python3.10/site-packages/airflow/example_dags/example_branch_labels.py for tasks to queue
[2023-11-20T14:54:37.732+0500] {logging_mixin.py:154} INFO - [2023-11-20T14:54:37.730+0500] {dagbag.py:536} INFO - Filling up the DagBag from /home/den/Projects/venv/lib/python3.10/site-packages/airflow/example_dags/example_branch_labels.py
[2023-11-20T14:54:37.748+0500] {processor.py:839} INFO - DAG(s) dict_keys(['example_branch_labels']) retrieved from /home/den/Projects/venv/lib/python3.10/site-packages/airflow/example_dags/example_branch_labels.py
[2023-11-20T14:54:37.790+0500] {logging_mixin.py:154} INFO - [2023-11-20T14:54:37.789+0500] {dag.py:2941} INFO - Sync 1 DAGs
[2023-11-20T14:54:37.820+0500] {logging_mixin.py:154} INFO - [2023-11-20T14:54:37.820+0500] {dag.py:3722} INFO - Setting next_dagrun for example_branch_labels to 2023-11-19T00:00:00+00:00, run_after=2023-11-20T00:00:00+00:00
[2023-11-20T14:54:37.855+0500] {processor.py:179} INFO - Processing /home/den/Projects/venv/lib/python3.10/site-packages/airflow/example_dags/example_branch_labels.py took 0.138 seconds
[2023-11-20T14:57:20.435+0500] {processor.py:157} INFO - Started process (PID=7637) to work on /home/den/Projects/venv/lib/python3.10/site-packages/airflow/example_dags/example_branch_labels.py
[2023-11-20T14:57:20.437+0500] {processor.py:829} INFO - Processing file /home/den/Projects/venv/lib/python3.10/site-packages/airflow/example_dags/example_branch_labels.py for tasks to queue
[2023-11-20T14:57:20.440+0500] {logging_mixin.py:154} INFO - [2023-11-20T14:57:20.438+0500] {dagbag.py:536} INFO - Filling up the DagBag from /home/den/Projects/venv/lib/python3.10/site-packages/airflow/example_dags/example_branch_labels.py
[2023-11-20T14:57:20.463+0500] {processor.py:839} INFO - DAG(s) dict_keys(['example_branch_labels']) retrieved from /home/den/Projects/venv/lib/python3.10/site-packages/airflow/example_dags/example_branch_labels.py
[2023-11-20T14:57:20.518+0500] {logging_mixin.py:154} INFO - [2023-11-20T14:57:20.518+0500] {dag.py:2941} INFO - Sync 1 DAGs
[2023-11-20T14:57:20.538+0500] {logging_mixin.py:154} INFO - [2023-11-20T14:57:20.537+0500] {dag.py:3722} INFO - Setting next_dagrun for example_branch_labels to 2023-11-19T00:00:00+00:00, run_after=2023-11-20T00:00:00+00:00
[2023-11-20T14:57:20.583+0500] {processor.py:179} INFO - Processing /home/den/Projects/venv/lib/python3.10/site-packages/airflow/example_dags/example_branch_labels.py took 0.151 seconds
[2023-11-20T14:58:06.226+0500] {processor.py:157} INFO - Started process (PID=7726) to work on /home/den/Projects/venv/lib/python3.10/site-packages/airflow/example_dags/example_branch_labels.py
[2023-11-20T14:58:06.228+0500] {processor.py:829} INFO - Processing file /home/den/Projects/venv/lib/python3.10/site-packages/airflow/example_dags/example_branch_labels.py for tasks to queue
[2023-11-20T14:58:06.229+0500] {logging_mixin.py:154} INFO - [2023-11-20T14:58:06.228+0500] {dagbag.py:536} INFO - Filling up the DagBag from /home/den/Projects/venv/lib/python3.10/site-packages/airflow/example_dags/example_branch_labels.py
[2023-11-20T14:58:06.237+0500] {processor.py:839} INFO - DAG(s) dict_keys(['example_branch_labels']) retrieved from /home/den/Projects/venv/lib/python3.10/site-packages/airflow/example_dags/example_branch_labels.py
[2023-11-20T14:58:06.249+0500] {logging_mixin.py:154} INFO - [2023-11-20T14:58:06.249+0500] {dag.py:2941} INFO - Sync 1 DAGs
[2023-11-20T14:58:06.265+0500] {logging_mixin.py:154} INFO - [2023-11-20T14:58:06.265+0500] {dag.py:3722} INFO - Setting next_dagrun for example_branch_labels to 2023-11-19T00:00:00+00:00, run_after=2023-11-20T00:00:00+00:00
[2023-11-20T14:58:06.298+0500] {processor.py:179} INFO - Processing /home/den/Projects/venv/lib/python3.10/site-packages/airflow/example_dags/example_branch_labels.py took 0.074 seconds
[2023-11-20T14:58:52.810+0500] {processor.py:157} INFO - Started process (PID=7805) to work on /home/den/Projects/venv/lib/python3.10/site-packages/airflow/example_dags/example_branch_labels.py
[2023-11-20T14:58:52.812+0500] {processor.py:829} INFO - Processing file /home/den/Projects/venv/lib/python3.10/site-packages/airflow/example_dags/example_branch_labels.py for tasks to queue
[2023-11-20T14:58:52.813+0500] {logging_mixin.py:154} INFO - [2023-11-20T14:58:52.812+0500] {dagbag.py:536} INFO - Filling up the DagBag from /home/den/Projects/venv/lib/python3.10/site-packages/airflow/example_dags/example_branch_labels.py
[2023-11-20T14:58:52.818+0500] {processor.py:839} INFO - DAG(s) dict_keys(['example_branch_labels']) retrieved from /home/den/Projects/venv/lib/python3.10/site-packages/airflow/example_dags/example_branch_labels.py
[2023-11-20T14:58:52.831+0500] {logging_mixin.py:154} INFO - [2023-11-20T14:58:52.831+0500] {dag.py:2941} INFO - Sync 1 DAGs
[2023-11-20T14:58:52.845+0500] {logging_mixin.py:154} INFO - [2023-11-20T14:58:52.845+0500] {dag.py:3722} INFO - Setting next_dagrun for example_branch_labels to 2023-11-19T00:00:00+00:00, run_after=2023-11-20T00:00:00+00:00
[2023-11-20T14:58:52.862+0500] {processor.py:179} INFO - Processing /home/den/Projects/venv/lib/python3.10/site-packages/airflow/example_dags/example_branch_labels.py took 0.054 seconds
[2023-11-20T14:59:38.053+0500] {processor.py:157} INFO - Started process (PID=7864) to work on /home/den/Projects/venv/lib/python3.10/site-packages/airflow/example_dags/example_branch_labels.py
[2023-11-20T14:59:38.056+0500] {processor.py:829} INFO - Processing file /home/den/Projects/venv/lib/python3.10/site-packages/airflow/example_dags/example_branch_labels.py for tasks to queue
[2023-11-20T14:59:38.057+0500] {logging_mixin.py:154} INFO - [2023-11-20T14:59:38.057+0500] {dagbag.py:536} INFO - Filling up the DagBag from /home/den/Projects/venv/lib/python3.10/site-packages/airflow/example_dags/example_branch_labels.py
[2023-11-20T14:59:38.064+0500] {processor.py:839} INFO - DAG(s) dict_keys(['example_branch_labels']) retrieved from /home/den/Projects/venv/lib/python3.10/site-packages/airflow/example_dags/example_branch_labels.py
[2023-11-20T14:59:38.091+0500] {logging_mixin.py:154} INFO - [2023-11-20T14:59:38.090+0500] {dag.py:2941} INFO - Sync 1 DAGs
[2023-11-20T14:59:38.110+0500] {logging_mixin.py:154} INFO - [2023-11-20T14:59:38.109+0500] {dag.py:3722} INFO - Setting next_dagrun for example_branch_labels to 2023-11-19T00:00:00+00:00, run_after=2023-11-20T00:00:00+00:00
[2023-11-20T14:59:38.148+0500] {processor.py:179} INFO - Processing /home/den/Projects/venv/lib/python3.10/site-packages/airflow/example_dags/example_branch_labels.py took 0.102 seconds
[2023-11-20T15:00:13.147+0500] {processor.py:157} INFO - Started process (PID=7937) to work on /home/den/Projects/venv/lib/python3.10/site-packages/airflow/example_dags/example_branch_labels.py
[2023-11-20T15:00:13.147+0500] {processor.py:829} INFO - Processing file /home/den/Projects/venv/lib/python3.10/site-packages/airflow/example_dags/example_branch_labels.py for tasks to queue
[2023-11-20T15:00:13.148+0500] {logging_mixin.py:154} INFO - [2023-11-20T15:00:13.148+0500] {dagbag.py:536} INFO - Filling up the DagBag from /home/den/Projects/venv/lib/python3.10/site-packages/airflow/example_dags/example_branch_labels.py
[2023-11-20T15:00:13.153+0500] {processor.py:839} INFO - DAG(s) dict_keys(['example_branch_labels']) retrieved from /home/den/Projects/venv/lib/python3.10/site-packages/airflow/example_dags/example_branch_labels.py
[2023-11-20T15:00:13.165+0500] {logging_mixin.py:154} INFO - [2023-11-20T15:00:13.165+0500] {dag.py:2941} INFO - Sync 1 DAGs
[2023-11-20T15:00:13.178+0500] {logging_mixin.py:154} INFO - [2023-11-20T15:00:13.178+0500] {dag.py:3722} INFO - Setting next_dagrun for example_branch_labels to 2023-11-19T00:00:00+00:00, run_after=2023-11-20T00:00:00+00:00
[2023-11-20T15:00:13.194+0500] {processor.py:179} INFO - Processing /home/den/Projects/venv/lib/python3.10/site-packages/airflow/example_dags/example_branch_labels.py took 0.050 seconds
[2023-11-20T15:00:47.136+0500] {processor.py:157} INFO - Started process (PID=7989) to work on /home/den/Projects/venv/lib/python3.10/site-packages/airflow/example_dags/example_branch_labels.py
[2023-11-20T15:00:47.137+0500] {processor.py:829} INFO - Processing file /home/den/Projects/venv/lib/python3.10/site-packages/airflow/example_dags/example_branch_labels.py for tasks to queue
[2023-11-20T15:00:47.138+0500] {logging_mixin.py:154} INFO - [2023-11-20T15:00:47.137+0500] {dagbag.py:536} INFO - Filling up the DagBag from /home/den/Projects/venv/lib/python3.10/site-packages/airflow/example_dags/example_branch_labels.py
[2023-11-20T15:00:47.143+0500] {processor.py:839} INFO - DAG(s) dict_keys(['example_branch_labels']) retrieved from /home/den/Projects/venv/lib/python3.10/site-packages/airflow/example_dags/example_branch_labels.py
[2023-11-20T15:00:47.155+0500] {logging_mixin.py:154} INFO - [2023-11-20T15:00:47.155+0500] {dag.py:2941} INFO - Sync 1 DAGs
[2023-11-20T15:00:47.168+0500] {logging_mixin.py:154} INFO - [2023-11-20T15:00:47.168+0500] {dag.py:3722} INFO - Setting next_dagrun for example_branch_labels to 2023-11-19T00:00:00+00:00, run_after=2023-11-20T00:00:00+00:00
[2023-11-20T15:00:47.185+0500] {processor.py:179} INFO - Processing /home/den/Projects/venv/lib/python3.10/site-packages/airflow/example_dags/example_branch_labels.py took 0.052 seconds
[2023-11-20T15:01:22.605+0500] {processor.py:157} INFO - Started process (PID=8038) to work on /home/den/Projects/venv/lib/python3.10/site-packages/airflow/example_dags/example_branch_labels.py
[2023-11-20T15:01:22.606+0500] {processor.py:829} INFO - Processing file /home/den/Projects/venv/lib/python3.10/site-packages/airflow/example_dags/example_branch_labels.py for tasks to queue
[2023-11-20T15:01:22.607+0500] {logging_mixin.py:154} INFO - [2023-11-20T15:01:22.607+0500] {dagbag.py:536} INFO - Filling up the DagBag from /home/den/Projects/venv/lib/python3.10/site-packages/airflow/example_dags/example_branch_labels.py
[2023-11-20T15:01:22.613+0500] {processor.py:839} INFO - DAG(s) dict_keys(['example_branch_labels']) retrieved from /home/den/Projects/venv/lib/python3.10/site-packages/airflow/example_dags/example_branch_labels.py
[2023-11-20T15:01:22.625+0500] {logging_mixin.py:154} INFO - [2023-11-20T15:01:22.625+0500] {dag.py:2941} INFO - Sync 1 DAGs
[2023-11-20T15:01:22.638+0500] {logging_mixin.py:154} INFO - [2023-11-20T15:01:22.638+0500] {dag.py:3722} INFO - Setting next_dagrun for example_branch_labels to 2023-11-19T00:00:00+00:00, run_after=2023-11-20T00:00:00+00:00
[2023-11-20T15:01:22.654+0500] {processor.py:179} INFO - Processing /home/den/Projects/venv/lib/python3.10/site-packages/airflow/example_dags/example_branch_labels.py took 0.052 seconds
[2023-11-20T15:01:57.562+0500] {processor.py:157} INFO - Started process (PID=8121) to work on /home/den/Projects/venv/lib/python3.10/site-packages/airflow/example_dags/example_branch_labels.py
[2023-11-20T15:01:57.564+0500] {processor.py:829} INFO - Processing file /home/den/Projects/venv/lib/python3.10/site-packages/airflow/example_dags/example_branch_labels.py for tasks to queue
[2023-11-20T15:01:57.565+0500] {logging_mixin.py:154} INFO - [2023-11-20T15:01:57.565+0500] {dagbag.py:536} INFO - Filling up the DagBag from /home/den/Projects/venv/lib/python3.10/site-packages/airflow/example_dags/example_branch_labels.py
[2023-11-20T15:01:57.578+0500] {processor.py:839} INFO - DAG(s) dict_keys(['example_branch_labels']) retrieved from /home/den/Projects/venv/lib/python3.10/site-packages/airflow/example_dags/example_branch_labels.py
[2023-11-20T15:01:57.664+0500] {logging_mixin.py:154} INFO - [2023-11-20T15:01:57.663+0500] {dag.py:2941} INFO - Sync 1 DAGs
[2023-11-20T15:01:57.736+0500] {logging_mixin.py:154} INFO - [2023-11-20T15:01:57.736+0500] {dag.py:3722} INFO - Setting next_dagrun for example_branch_labels to 2023-11-19T00:00:00+00:00, run_after=2023-11-20T00:00:00+00:00
[2023-11-20T15:01:57.829+0500] {processor.py:179} INFO - Processing /home/den/Projects/venv/lib/python3.10/site-packages/airflow/example_dags/example_branch_labels.py took 0.277 seconds
[2023-11-20T15:03:08.808+0500] {processor.py:157} INFO - Started process (PID=8214) to work on /home/den/Projects/venv/lib/python3.10/site-packages/airflow/example_dags/example_branch_labels.py
[2023-11-20T15:03:08.819+0500] {processor.py:829} INFO - Processing file /home/den/Projects/venv/lib/python3.10/site-packages/airflow/example_dags/example_branch_labels.py for tasks to queue
[2023-11-20T15:03:08.821+0500] {logging_mixin.py:154} INFO - [2023-11-20T15:03:08.820+0500] {dagbag.py:536} INFO - Filling up the DagBag from /home/den/Projects/venv/lib/python3.10/site-packages/airflow/example_dags/example_branch_labels.py
[2023-11-20T15:03:08.836+0500] {processor.py:839} INFO - DAG(s) dict_keys(['example_branch_labels']) retrieved from /home/den/Projects/venv/lib/python3.10/site-packages/airflow/example_dags/example_branch_labels.py
[2023-11-20T15:03:08.863+0500] {logging_mixin.py:154} INFO - [2023-11-20T15:03:08.862+0500] {dag.py:2941} INFO - Sync 1 DAGs
[2023-11-20T15:03:08.894+0500] {logging_mixin.py:154} INFO - [2023-11-20T15:03:08.893+0500] {dag.py:3722} INFO - Setting next_dagrun for example_branch_labels to 2023-11-19T00:00:00+00:00, run_after=2023-11-20T00:00:00+00:00
[2023-11-20T15:03:08.930+0500] {processor.py:179} INFO - Processing /home/den/Projects/venv/lib/python3.10/site-packages/airflow/example_dags/example_branch_labels.py took 0.126 seconds
[2023-11-20T15:03:47.014+0500] {processor.py:157} INFO - Started process (PID=8300) to work on /home/den/Projects/venv/lib/python3.10/site-packages/airflow/example_dags/example_branch_labels.py
[2023-11-20T15:03:47.016+0500] {processor.py:829} INFO - Processing file /home/den/Projects/venv/lib/python3.10/site-packages/airflow/example_dags/example_branch_labels.py for tasks to queue
[2023-11-20T15:03:47.018+0500] {logging_mixin.py:154} INFO - [2023-11-20T15:03:47.017+0500] {dagbag.py:536} INFO - Filling up the DagBag from /home/den/Projects/venv/lib/python3.10/site-packages/airflow/example_dags/example_branch_labels.py
[2023-11-20T15:03:47.026+0500] {processor.py:839} INFO - DAG(s) dict_keys(['example_branch_labels']) retrieved from /home/den/Projects/venv/lib/python3.10/site-packages/airflow/example_dags/example_branch_labels.py
[2023-11-20T15:03:47.059+0500] {logging_mixin.py:154} INFO - [2023-11-20T15:03:47.059+0500] {dag.py:2941} INFO - Sync 1 DAGs
[2023-11-20T15:03:47.086+0500] {logging_mixin.py:154} INFO - [2023-11-20T15:03:47.086+0500] {dag.py:3722} INFO - Setting next_dagrun for example_branch_labels to 2023-11-19T00:00:00+00:00, run_after=2023-11-20T00:00:00+00:00
[2023-11-20T15:03:47.126+0500] {processor.py:179} INFO - Processing /home/den/Projects/venv/lib/python3.10/site-packages/airflow/example_dags/example_branch_labels.py took 0.117 seconds
[2023-11-20T15:04:25.080+0500] {processor.py:157} INFO - Started process (PID=8368) to work on /home/den/Projects/venv/lib/python3.10/site-packages/airflow/example_dags/example_branch_labels.py
[2023-11-20T15:04:25.083+0500] {processor.py:829} INFO - Processing file /home/den/Projects/venv/lib/python3.10/site-packages/airflow/example_dags/example_branch_labels.py for tasks to queue
[2023-11-20T15:04:25.084+0500] {logging_mixin.py:154} INFO - [2023-11-20T15:04:25.083+0500] {dagbag.py:536} INFO - Filling up the DagBag from /home/den/Projects/venv/lib/python3.10/site-packages/airflow/example_dags/example_branch_labels.py
[2023-11-20T15:04:25.100+0500] {processor.py:839} INFO - DAG(s) dict_keys(['example_branch_labels']) retrieved from /home/den/Projects/venv/lib/python3.10/site-packages/airflow/example_dags/example_branch_labels.py
[2023-11-20T15:04:25.116+0500] {logging_mixin.py:154} INFO - [2023-11-20T15:04:25.116+0500] {dag.py:2941} INFO - Sync 1 DAGs
[2023-11-20T15:04:25.131+0500] {logging_mixin.py:154} INFO - [2023-11-20T15:04:25.131+0500] {dag.py:3722} INFO - Setting next_dagrun for example_branch_labels to 2023-11-19T00:00:00+00:00, run_after=2023-11-20T00:00:00+00:00
[2023-11-20T15:04:25.167+0500] {processor.py:179} INFO - Processing /home/den/Projects/venv/lib/python3.10/site-packages/airflow/example_dags/example_branch_labels.py took 0.092 seconds
[2023-11-20T15:05:15.409+0500] {processor.py:157} INFO - Started process (PID=8429) to work on /home/den/Projects/venv/lib/python3.10/site-packages/airflow/example_dags/example_branch_labels.py
[2023-11-20T15:05:15.414+0500] {processor.py:829} INFO - Processing file /home/den/Projects/venv/lib/python3.10/site-packages/airflow/example_dags/example_branch_labels.py for tasks to queue
[2023-11-20T15:05:15.416+0500] {logging_mixin.py:154} INFO - [2023-11-20T15:05:15.416+0500] {dagbag.py:536} INFO - Filling up the DagBag from /home/den/Projects/venv/lib/python3.10/site-packages/airflow/example_dags/example_branch_labels.py
[2023-11-20T15:05:15.425+0500] {processor.py:839} INFO - DAG(s) dict_keys(['example_branch_labels']) retrieved from /home/den/Projects/venv/lib/python3.10/site-packages/airflow/example_dags/example_branch_labels.py
[2023-11-20T15:05:15.450+0500] {logging_mixin.py:154} INFO - [2023-11-20T15:05:15.450+0500] {dag.py:2941} INFO - Sync 1 DAGs
[2023-11-20T15:05:15.475+0500] {logging_mixin.py:154} INFO - [2023-11-20T15:05:15.474+0500] {dag.py:3722} INFO - Setting next_dagrun for example_branch_labels to 2023-11-19T00:00:00+00:00, run_after=2023-11-20T00:00:00+00:00
[2023-11-20T15:05:15.499+0500] {processor.py:179} INFO - Processing /home/den/Projects/venv/lib/python3.10/site-packages/airflow/example_dags/example_branch_labels.py took 0.102 seconds
[2023-11-20T15:05:54.444+0500] {processor.py:157} INFO - Started process (PID=8510) to work on /home/den/Projects/venv/lib/python3.10/site-packages/airflow/example_dags/example_branch_labels.py
[2023-11-20T15:05:54.449+0500] {processor.py:829} INFO - Processing file /home/den/Projects/venv/lib/python3.10/site-packages/airflow/example_dags/example_branch_labels.py for tasks to queue
[2023-11-20T15:05:54.450+0500] {logging_mixin.py:154} INFO - [2023-11-20T15:05:54.449+0500] {dagbag.py:536} INFO - Filling up the DagBag from /home/den/Projects/venv/lib/python3.10/site-packages/airflow/example_dags/example_branch_labels.py
[2023-11-20T15:05:54.460+0500] {processor.py:839} INFO - DAG(s) dict_keys(['example_branch_labels']) retrieved from /home/den/Projects/venv/lib/python3.10/site-packages/airflow/example_dags/example_branch_labels.py
[2023-11-20T15:05:54.478+0500] {logging_mixin.py:154} INFO - [2023-11-20T15:05:54.477+0500] {dag.py:2941} INFO - Sync 1 DAGs
[2023-11-20T15:05:54.492+0500] {logging_mixin.py:154} INFO - [2023-11-20T15:05:54.492+0500] {dag.py:3722} INFO - Setting next_dagrun for example_branch_labels to 2023-11-19T00:00:00+00:00, run_after=2023-11-20T00:00:00+00:00
[2023-11-20T15:05:54.527+0500] {processor.py:179} INFO - Processing /home/den/Projects/venv/lib/python3.10/site-packages/airflow/example_dags/example_branch_labels.py took 0.087 seconds
[2023-11-20T15:06:30.001+0500] {processor.py:157} INFO - Started process (PID=8558) to work on /home/den/Projects/venv/lib/python3.10/site-packages/airflow/example_dags/example_branch_labels.py
[2023-11-20T15:06:30.003+0500] {processor.py:829} INFO - Processing file /home/den/Projects/venv/lib/python3.10/site-packages/airflow/example_dags/example_branch_labels.py for tasks to queue
[2023-11-20T15:06:30.004+0500] {logging_mixin.py:154} INFO - [2023-11-20T15:06:30.004+0500] {dagbag.py:536} INFO - Filling up the DagBag from /home/den/Projects/venv/lib/python3.10/site-packages/airflow/example_dags/example_branch_labels.py
[2023-11-20T15:06:30.022+0500] {processor.py:839} INFO - DAG(s) dict_keys(['example_branch_labels']) retrieved from /home/den/Projects/venv/lib/python3.10/site-packages/airflow/example_dags/example_branch_labels.py
[2023-11-20T15:06:30.039+0500] {logging_mixin.py:154} INFO - [2023-11-20T15:06:30.038+0500] {dag.py:2941} INFO - Sync 1 DAGs
[2023-11-20T15:06:30.057+0500] {logging_mixin.py:154} INFO - [2023-11-20T15:06:30.057+0500] {dag.py:3722} INFO - Setting next_dagrun for example_branch_labels to 2023-11-19T00:00:00+00:00, run_after=2023-11-20T00:00:00+00:00
[2023-11-20T15:06:30.086+0500] {processor.py:179} INFO - Processing /home/den/Projects/venv/lib/python3.10/site-packages/airflow/example_dags/example_branch_labels.py took 0.088 seconds
[2023-11-20T15:07:09.640+0500] {processor.py:157} INFO - Started process (PID=8610) to work on /home/den/Projects/venv/lib/python3.10/site-packages/airflow/example_dags/example_branch_labels.py
[2023-11-20T15:07:09.650+0500] {processor.py:829} INFO - Processing file /home/den/Projects/venv/lib/python3.10/site-packages/airflow/example_dags/example_branch_labels.py for tasks to queue
[2023-11-20T15:07:09.651+0500] {logging_mixin.py:154} INFO - [2023-11-20T15:07:09.650+0500] {dagbag.py:536} INFO - Filling up the DagBag from /home/den/Projects/venv/lib/python3.10/site-packages/airflow/example_dags/example_branch_labels.py
[2023-11-20T15:07:09.667+0500] {processor.py:839} INFO - DAG(s) dict_keys(['example_branch_labels']) retrieved from /home/den/Projects/venv/lib/python3.10/site-packages/airflow/example_dags/example_branch_labels.py
[2023-11-20T15:07:09.690+0500] {logging_mixin.py:154} INFO - [2023-11-20T15:07:09.689+0500] {dag.py:2941} INFO - Sync 1 DAGs
[2023-11-20T15:07:09.726+0500] {logging_mixin.py:154} INFO - [2023-11-20T15:07:09.726+0500] {dag.py:3722} INFO - Setting next_dagrun for example_branch_labels to 2023-11-19T00:00:00+00:00, run_after=2023-11-20T00:00:00+00:00
[2023-11-20T15:07:09.771+0500] {processor.py:179} INFO - Processing /home/den/Projects/venv/lib/python3.10/site-packages/airflow/example_dags/example_branch_labels.py took 0.136 seconds
[2023-11-20T15:07:56.369+0500] {processor.py:157} INFO - Started process (PID=8709) to work on /home/den/Projects/venv/lib/python3.10/site-packages/airflow/example_dags/example_branch_labels.py
[2023-11-20T15:07:56.378+0500] {processor.py:829} INFO - Processing file /home/den/Projects/venv/lib/python3.10/site-packages/airflow/example_dags/example_branch_labels.py for tasks to queue
[2023-11-20T15:07:56.379+0500] {logging_mixin.py:154} INFO - [2023-11-20T15:07:56.379+0500] {dagbag.py:536} INFO - Filling up the DagBag from /home/den/Projects/venv/lib/python3.10/site-packages/airflow/example_dags/example_branch_labels.py
[2023-11-20T15:07:56.394+0500] {processor.py:839} INFO - DAG(s) dict_keys(['example_branch_labels']) retrieved from /home/den/Projects/venv/lib/python3.10/site-packages/airflow/example_dags/example_branch_labels.py
[2023-11-20T15:07:56.433+0500] {logging_mixin.py:154} INFO - [2023-11-20T15:07:56.433+0500] {dag.py:2941} INFO - Sync 1 DAGs
[2023-11-20T15:07:56.468+0500] {logging_mixin.py:154} INFO - [2023-11-20T15:07:56.468+0500] {dag.py:3722} INFO - Setting next_dagrun for example_branch_labels to 2023-11-19T00:00:00+00:00, run_after=2023-11-20T00:00:00+00:00
[2023-11-20T15:07:56.498+0500] {processor.py:179} INFO - Processing /home/den/Projects/venv/lib/python3.10/site-packages/airflow/example_dags/example_branch_labels.py took 0.132 seconds
[2023-11-20T15:08:41.292+0500] {processor.py:157} INFO - Started process (PID=8771) to work on /home/den/Projects/venv/lib/python3.10/site-packages/airflow/example_dags/example_branch_labels.py
[2023-11-20T15:08:41.301+0500] {processor.py:829} INFO - Processing file /home/den/Projects/venv/lib/python3.10/site-packages/airflow/example_dags/example_branch_labels.py for tasks to queue
[2023-11-20T15:08:41.302+0500] {logging_mixin.py:154} INFO - [2023-11-20T15:08:41.301+0500] {dagbag.py:536} INFO - Filling up the DagBag from /home/den/Projects/venv/lib/python3.10/site-packages/airflow/example_dags/example_branch_labels.py
[2023-11-20T15:08:41.309+0500] {processor.py:839} INFO - DAG(s) dict_keys(['example_branch_labels']) retrieved from /home/den/Projects/venv/lib/python3.10/site-packages/airflow/example_dags/example_branch_labels.py
[2023-11-20T15:08:41.324+0500] {logging_mixin.py:154} INFO - [2023-11-20T15:08:41.324+0500] {dag.py:2941} INFO - Sync 1 DAGs
[2023-11-20T15:08:41.340+0500] {logging_mixin.py:154} INFO - [2023-11-20T15:08:41.339+0500] {dag.py:3722} INFO - Setting next_dagrun for example_branch_labels to 2023-11-19T00:00:00+00:00, run_after=2023-11-20T00:00:00+00:00
[2023-11-20T15:08:41.357+0500] {processor.py:179} INFO - Processing /home/den/Projects/venv/lib/python3.10/site-packages/airflow/example_dags/example_branch_labels.py took 0.068 seconds
[2023-11-20T15:09:21.030+0500] {processor.py:157} INFO - Started process (PID=8832) to work on /home/den/Projects/venv/lib/python3.10/site-packages/airflow/example_dags/example_branch_labels.py
[2023-11-20T15:09:21.039+0500] {processor.py:829} INFO - Processing file /home/den/Projects/venv/lib/python3.10/site-packages/airflow/example_dags/example_branch_labels.py for tasks to queue
[2023-11-20T15:09:21.040+0500] {logging_mixin.py:154} INFO - [2023-11-20T15:09:21.040+0500] {dagbag.py:536} INFO - Filling up the DagBag from /home/den/Projects/venv/lib/python3.10/site-packages/airflow/example_dags/example_branch_labels.py
[2023-11-20T15:09:21.067+0500] {processor.py:839} INFO - DAG(s) dict_keys(['example_branch_labels']) retrieved from /home/den/Projects/venv/lib/python3.10/site-packages/airflow/example_dags/example_branch_labels.py
[2023-11-20T15:09:21.087+0500] {logging_mixin.py:154} INFO - [2023-11-20T15:09:21.087+0500] {dag.py:2941} INFO - Sync 1 DAGs
[2023-11-20T15:09:21.250+0500] {logging_mixin.py:154} INFO - [2023-11-20T15:09:21.250+0500] {dag.py:3722} INFO - Setting next_dagrun for example_branch_labels to 2023-11-19T00:00:00+00:00, run_after=2023-11-20T00:00:00+00:00
[2023-11-20T15:09:21.282+0500] {processor.py:179} INFO - Processing /home/den/Projects/venv/lib/python3.10/site-packages/airflow/example_dags/example_branch_labels.py took 0.278 seconds
[2023-11-20T15:10:02.093+0500] {processor.py:157} INFO - Started process (PID=8906) to work on /home/den/Projects/venv/lib/python3.10/site-packages/airflow/example_dags/example_branch_labels.py
[2023-11-20T15:10:02.097+0500] {processor.py:829} INFO - Processing file /home/den/Projects/venv/lib/python3.10/site-packages/airflow/example_dags/example_branch_labels.py for tasks to queue
[2023-11-20T15:10:02.098+0500] {logging_mixin.py:154} INFO - [2023-11-20T15:10:02.098+0500] {dagbag.py:536} INFO - Filling up the DagBag from /home/den/Projects/venv/lib/python3.10/site-packages/airflow/example_dags/example_branch_labels.py
[2023-11-20T15:10:02.109+0500] {processor.py:839} INFO - DAG(s) dict_keys(['example_branch_labels']) retrieved from /home/den/Projects/venv/lib/python3.10/site-packages/airflow/example_dags/example_branch_labels.py
[2023-11-20T15:10:02.135+0500] {logging_mixin.py:154} INFO - [2023-11-20T15:10:02.135+0500] {dag.py:2941} INFO - Sync 1 DAGs
[2023-11-20T15:10:02.160+0500] {logging_mixin.py:154} INFO - [2023-11-20T15:10:02.160+0500] {dag.py:3722} INFO - Setting next_dagrun for example_branch_labels to 2023-11-19T00:00:00+00:00, run_after=2023-11-20T00:00:00+00:00
[2023-11-20T15:10:02.204+0500] {processor.py:179} INFO - Processing /home/den/Projects/venv/lib/python3.10/site-packages/airflow/example_dags/example_branch_labels.py took 0.120 seconds
[2023-11-20T15:10:43.555+0500] {processor.py:157} INFO - Started process (PID=8956) to work on /home/den/Projects/venv/lib/python3.10/site-packages/airflow/example_dags/example_branch_labels.py
[2023-11-20T15:10:43.559+0500] {processor.py:829} INFO - Processing file /home/den/Projects/venv/lib/python3.10/site-packages/airflow/example_dags/example_branch_labels.py for tasks to queue
[2023-11-20T15:10:43.560+0500] {logging_mixin.py:154} INFO - [2023-11-20T15:10:43.559+0500] {dagbag.py:536} INFO - Filling up the DagBag from /home/den/Projects/venv/lib/python3.10/site-packages/airflow/example_dags/example_branch_labels.py
[2023-11-20T15:10:43.571+0500] {processor.py:839} INFO - DAG(s) dict_keys(['example_branch_labels']) retrieved from /home/den/Projects/venv/lib/python3.10/site-packages/airflow/example_dags/example_branch_labels.py
[2023-11-20T15:10:43.589+0500] {logging_mixin.py:154} INFO - [2023-11-20T15:10:43.589+0500] {dag.py:2941} INFO - Sync 1 DAGs
[2023-11-20T15:10:43.603+0500] {logging_mixin.py:154} INFO - [2023-11-20T15:10:43.603+0500] {dag.py:3722} INFO - Setting next_dagrun for example_branch_labels to 2023-11-19T00:00:00+00:00, run_after=2023-11-20T00:00:00+00:00
[2023-11-20T15:10:43.640+0500] {processor.py:179} INFO - Processing /home/den/Projects/venv/lib/python3.10/site-packages/airflow/example_dags/example_branch_labels.py took 0.087 seconds
[2023-11-20T15:11:16.870+0500] {processor.py:157} INFO - Started process (PID=9001) to work on /home/den/Projects/venv/lib/python3.10/site-packages/airflow/example_dags/example_branch_labels.py
[2023-11-20T15:11:16.872+0500] {processor.py:829} INFO - Processing file /home/den/Projects/venv/lib/python3.10/site-packages/airflow/example_dags/example_branch_labels.py for tasks to queue
[2023-11-20T15:11:16.873+0500] {logging_mixin.py:154} INFO - [2023-11-20T15:11:16.872+0500] {dagbag.py:536} INFO - Filling up the DagBag from /home/den/Projects/venv/lib/python3.10/site-packages/airflow/example_dags/example_branch_labels.py
[2023-11-20T15:11:16.892+0500] {processor.py:839} INFO - DAG(s) dict_keys(['example_branch_labels']) retrieved from /home/den/Projects/venv/lib/python3.10/site-packages/airflow/example_dags/example_branch_labels.py
[2023-11-20T15:11:16.921+0500] {logging_mixin.py:154} INFO - [2023-11-20T15:11:16.921+0500] {dag.py:2941} INFO - Sync 1 DAGs
[2023-11-20T15:11:16.961+0500] {logging_mixin.py:154} INFO - [2023-11-20T15:11:16.961+0500] {dag.py:3722} INFO - Setting next_dagrun for example_branch_labels to 2023-11-19T00:00:00+00:00, run_after=2023-11-20T00:00:00+00:00
[2023-11-20T15:11:16.997+0500] {processor.py:179} INFO - Processing /home/den/Projects/venv/lib/python3.10/site-packages/airflow/example_dags/example_branch_labels.py took 0.133 seconds
[2023-11-20T15:11:55.171+0500] {processor.py:157} INFO - Started process (PID=9084) to work on /home/den/Projects/venv/lib/python3.10/site-packages/airflow/example_dags/example_branch_labels.py
[2023-11-20T15:11:55.172+0500] {processor.py:829} INFO - Processing file /home/den/Projects/venv/lib/python3.10/site-packages/airflow/example_dags/example_branch_labels.py for tasks to queue
[2023-11-20T15:11:55.173+0500] {logging_mixin.py:154} INFO - [2023-11-20T15:11:55.172+0500] {dagbag.py:536} INFO - Filling up the DagBag from /home/den/Projects/venv/lib/python3.10/site-packages/airflow/example_dags/example_branch_labels.py
[2023-11-20T15:11:55.191+0500] {processor.py:839} INFO - DAG(s) dict_keys(['example_branch_labels']) retrieved from /home/den/Projects/venv/lib/python3.10/site-packages/airflow/example_dags/example_branch_labels.py
[2023-11-20T15:11:55.211+0500] {logging_mixin.py:154} INFO - [2023-11-20T15:11:55.211+0500] {dag.py:2941} INFO - Sync 1 DAGs
[2023-11-20T15:11:55.240+0500] {logging_mixin.py:154} INFO - [2023-11-20T15:11:55.240+0500] {dag.py:3722} INFO - Setting next_dagrun for example_branch_labels to 2023-11-19T00:00:00+00:00, run_after=2023-11-20T00:00:00+00:00
[2023-11-20T15:11:55.292+0500] {processor.py:179} INFO - Processing /home/den/Projects/venv/lib/python3.10/site-packages/airflow/example_dags/example_branch_labels.py took 0.124 seconds
[2023-11-20T15:12:33.044+0500] {processor.py:157} INFO - Started process (PID=9132) to work on /home/den/Projects/venv/lib/python3.10/site-packages/airflow/example_dags/example_branch_labels.py
[2023-11-20T15:12:33.049+0500] {processor.py:829} INFO - Processing file /home/den/Projects/venv/lib/python3.10/site-packages/airflow/example_dags/example_branch_labels.py for tasks to queue
[2023-11-20T15:12:33.051+0500] {logging_mixin.py:154} INFO - [2023-11-20T15:12:33.050+0500] {dagbag.py:536} INFO - Filling up the DagBag from /home/den/Projects/venv/lib/python3.10/site-packages/airflow/example_dags/example_branch_labels.py
[2023-11-20T15:12:33.064+0500] {processor.py:839} INFO - DAG(s) dict_keys(['example_branch_labels']) retrieved from /home/den/Projects/venv/lib/python3.10/site-packages/airflow/example_dags/example_branch_labels.py
[2023-11-20T15:12:33.087+0500] {logging_mixin.py:154} INFO - [2023-11-20T15:12:33.087+0500] {dag.py:2941} INFO - Sync 1 DAGs
[2023-11-20T15:12:33.109+0500] {logging_mixin.py:154} INFO - [2023-11-20T15:12:33.109+0500] {dag.py:3722} INFO - Setting next_dagrun for example_branch_labels to 2023-11-19T00:00:00+00:00, run_after=2023-11-20T00:00:00+00:00
[2023-11-20T15:12:33.144+0500] {processor.py:179} INFO - Processing /home/den/Projects/venv/lib/python3.10/site-packages/airflow/example_dags/example_branch_labels.py took 0.110 seconds
[2023-11-20T15:13:22.520+0500] {processor.py:157} INFO - Started process (PID=9206) to work on /home/den/Projects/venv/lib/python3.10/site-packages/airflow/example_dags/example_branch_labels.py
[2023-11-20T15:13:22.524+0500] {processor.py:829} INFO - Processing file /home/den/Projects/venv/lib/python3.10/site-packages/airflow/example_dags/example_branch_labels.py for tasks to queue
[2023-11-20T15:13:22.524+0500] {logging_mixin.py:154} INFO - [2023-11-20T15:13:22.524+0500] {dagbag.py:536} INFO - Filling up the DagBag from /home/den/Projects/venv/lib/python3.10/site-packages/airflow/example_dags/example_branch_labels.py
[2023-11-20T15:13:22.535+0500] {processor.py:839} INFO - DAG(s) dict_keys(['example_branch_labels']) retrieved from /home/den/Projects/venv/lib/python3.10/site-packages/airflow/example_dags/example_branch_labels.py
[2023-11-20T15:13:22.558+0500] {logging_mixin.py:154} INFO - [2023-11-20T15:13:22.558+0500] {dag.py:2941} INFO - Sync 1 DAGs
[2023-11-20T15:13:22.575+0500] {logging_mixin.py:154} INFO - [2023-11-20T15:13:22.575+0500] {dag.py:3722} INFO - Setting next_dagrun for example_branch_labels to 2023-11-19T00:00:00+00:00, run_after=2023-11-20T00:00:00+00:00
[2023-11-20T15:13:22.605+0500] {processor.py:179} INFO - Processing /home/den/Projects/venv/lib/python3.10/site-packages/airflow/example_dags/example_branch_labels.py took 0.088 seconds
[2023-11-20T15:13:59.295+0500] {processor.py:157} INFO - Started process (PID=9283) to work on /home/den/Projects/venv/lib/python3.10/site-packages/airflow/example_dags/example_branch_labels.py
[2023-11-20T15:13:59.297+0500] {processor.py:829} INFO - Processing file /home/den/Projects/venv/lib/python3.10/site-packages/airflow/example_dags/example_branch_labels.py for tasks to queue
[2023-11-20T15:13:59.298+0500] {logging_mixin.py:154} INFO - [2023-11-20T15:13:59.298+0500] {dagbag.py:536} INFO - Filling up the DagBag from /home/den/Projects/venv/lib/python3.10/site-packages/airflow/example_dags/example_branch_labels.py
[2023-11-20T15:13:59.306+0500] {processor.py:839} INFO - DAG(s) dict_keys(['example_branch_labels']) retrieved from /home/den/Projects/venv/lib/python3.10/site-packages/airflow/example_dags/example_branch_labels.py
[2023-11-20T15:13:59.329+0500] {logging_mixin.py:154} INFO - [2023-11-20T15:13:59.329+0500] {dag.py:2941} INFO - Sync 1 DAGs
[2023-11-20T15:13:59.348+0500] {logging_mixin.py:154} INFO - [2023-11-20T15:13:59.348+0500] {dag.py:3722} INFO - Setting next_dagrun for example_branch_labels to 2023-11-19T00:00:00+00:00, run_after=2023-11-20T00:00:00+00:00
[2023-11-20T15:13:59.368+0500] {processor.py:179} INFO - Processing /home/den/Projects/venv/lib/python3.10/site-packages/airflow/example_dags/example_branch_labels.py took 0.097 seconds
[2023-11-20T15:14:37.454+0500] {processor.py:157} INFO - Started process (PID=9332) to work on /home/den/Projects/venv/lib/python3.10/site-packages/airflow/example_dags/example_branch_labels.py
[2023-11-20T15:14:37.458+0500] {processor.py:829} INFO - Processing file /home/den/Projects/venv/lib/python3.10/site-packages/airflow/example_dags/example_branch_labels.py for tasks to queue
[2023-11-20T15:14:37.459+0500] {logging_mixin.py:154} INFO - [2023-11-20T15:14:37.459+0500] {dagbag.py:536} INFO - Filling up the DagBag from /home/den/Projects/venv/lib/python3.10/site-packages/airflow/example_dags/example_branch_labels.py
[2023-11-20T15:14:37.473+0500] {processor.py:839} INFO - DAG(s) dict_keys(['example_branch_labels']) retrieved from /home/den/Projects/venv/lib/python3.10/site-packages/airflow/example_dags/example_branch_labels.py
[2023-11-20T15:14:37.496+0500] {logging_mixin.py:154} INFO - [2023-11-20T15:14:37.496+0500] {dag.py:2941} INFO - Sync 1 DAGs
[2023-11-20T15:14:37.523+0500] {logging_mixin.py:154} INFO - [2023-11-20T15:14:37.523+0500] {dag.py:3722} INFO - Setting next_dagrun for example_branch_labels to 2023-11-19T00:00:00+00:00, run_after=2023-11-20T00:00:00+00:00
[2023-11-20T15:14:37.558+0500] {processor.py:179} INFO - Processing /home/den/Projects/venv/lib/python3.10/site-packages/airflow/example_dags/example_branch_labels.py took 0.107 seconds
[2023-11-20T15:15:13.736+0500] {processor.py:157} INFO - Started process (PID=9385) to work on /home/den/Projects/venv/lib/python3.10/site-packages/airflow/example_dags/example_branch_labels.py
[2023-11-20T15:15:13.737+0500] {processor.py:829} INFO - Processing file /home/den/Projects/venv/lib/python3.10/site-packages/airflow/example_dags/example_branch_labels.py for tasks to queue
[2023-11-20T15:15:13.738+0500] {logging_mixin.py:154} INFO - [2023-11-20T15:15:13.738+0500] {dagbag.py:536} INFO - Filling up the DagBag from /home/den/Projects/venv/lib/python3.10/site-packages/airflow/example_dags/example_branch_labels.py
[2023-11-20T15:15:13.747+0500] {processor.py:839} INFO - DAG(s) dict_keys(['example_branch_labels']) retrieved from /home/den/Projects/venv/lib/python3.10/site-packages/airflow/example_dags/example_branch_labels.py
[2023-11-20T15:15:13.761+0500] {logging_mixin.py:154} INFO - [2023-11-20T15:15:13.761+0500] {dag.py:2941} INFO - Sync 1 DAGs
[2023-11-20T15:15:13.776+0500] {logging_mixin.py:154} INFO - [2023-11-20T15:15:13.776+0500] {dag.py:3722} INFO - Setting next_dagrun for example_branch_labels to 2023-11-19T00:00:00+00:00, run_after=2023-11-20T00:00:00+00:00
[2023-11-20T15:15:13.794+0500] {processor.py:179} INFO - Processing /home/den/Projects/venv/lib/python3.10/site-packages/airflow/example_dags/example_branch_labels.py took 0.061 seconds
[2023-11-20T15:15:45.769+0500] {processor.py:157} INFO - Started process (PID=9428) to work on /home/den/Projects/venv/lib/python3.10/site-packages/airflow/example_dags/example_branch_labels.py
[2023-11-20T15:15:45.770+0500] {processor.py:829} INFO - Processing file /home/den/Projects/venv/lib/python3.10/site-packages/airflow/example_dags/example_branch_labels.py for tasks to queue
[2023-11-20T15:15:45.771+0500] {logging_mixin.py:154} INFO - [2023-11-20T15:15:45.771+0500] {dagbag.py:536} INFO - Filling up the DagBag from /home/den/Projects/venv/lib/python3.10/site-packages/airflow/example_dags/example_branch_labels.py
[2023-11-20T15:15:45.779+0500] {processor.py:839} INFO - DAG(s) dict_keys(['example_branch_labels']) retrieved from /home/den/Projects/venv/lib/python3.10/site-packages/airflow/example_dags/example_branch_labels.py
[2023-11-20T15:15:45.793+0500] {logging_mixin.py:154} INFO - [2023-11-20T15:15:45.793+0500] {dag.py:2941} INFO - Sync 1 DAGs
[2023-11-20T15:15:45.809+0500] {logging_mixin.py:154} INFO - [2023-11-20T15:15:45.809+0500] {dag.py:3722} INFO - Setting next_dagrun for example_branch_labels to 2023-11-19T00:00:00+00:00, run_after=2023-11-20T00:00:00+00:00
[2023-11-20T15:15:45.829+0500] {processor.py:179} INFO - Processing /home/den/Projects/venv/lib/python3.10/site-packages/airflow/example_dags/example_branch_labels.py took 0.063 seconds
[2023-11-20T15:16:20.435+0500] {processor.py:157} INFO - Started process (PID=9507) to work on /home/den/Projects/venv/lib/python3.10/site-packages/airflow/example_dags/example_branch_labels.py
[2023-11-20T15:16:20.437+0500] {processor.py:829} INFO - Processing file /home/den/Projects/venv/lib/python3.10/site-packages/airflow/example_dags/example_branch_labels.py for tasks to queue
[2023-11-20T15:16:20.437+0500] {logging_mixin.py:154} INFO - [2023-11-20T15:16:20.437+0500] {dagbag.py:536} INFO - Filling up the DagBag from /home/den/Projects/venv/lib/python3.10/site-packages/airflow/example_dags/example_branch_labels.py
[2023-11-20T15:16:20.444+0500] {processor.py:839} INFO - DAG(s) dict_keys(['example_branch_labels']) retrieved from /home/den/Projects/venv/lib/python3.10/site-packages/airflow/example_dags/example_branch_labels.py
[2023-11-20T15:16:20.460+0500] {logging_mixin.py:154} INFO - [2023-11-20T15:16:20.460+0500] {dag.py:2941} INFO - Sync 1 DAGs
[2023-11-20T15:16:20.475+0500] {logging_mixin.py:154} INFO - [2023-11-20T15:16:20.475+0500] {dag.py:3722} INFO - Setting next_dagrun for example_branch_labels to 2023-11-19T00:00:00+00:00, run_after=2023-11-20T00:00:00+00:00
[2023-11-20T15:16:20.504+0500] {processor.py:179} INFO - Processing /home/den/Projects/venv/lib/python3.10/site-packages/airflow/example_dags/example_branch_labels.py took 0.072 seconds
[2023-11-20T15:17:09.531+0500] {processor.py:157} INFO - Started process (PID=9572) to work on /home/den/Projects/venv/lib/python3.10/site-packages/airflow/example_dags/example_branch_labels.py
[2023-11-20T15:17:09.533+0500] {processor.py:829} INFO - Processing file /home/den/Projects/venv/lib/python3.10/site-packages/airflow/example_dags/example_branch_labels.py for tasks to queue
[2023-11-20T15:17:09.533+0500] {logging_mixin.py:154} INFO - [2023-11-20T15:17:09.533+0500] {dagbag.py:536} INFO - Filling up the DagBag from /home/den/Projects/venv/lib/python3.10/site-packages/airflow/example_dags/example_branch_labels.py
[2023-11-20T15:17:09.541+0500] {processor.py:839} INFO - DAG(s) dict_keys(['example_branch_labels']) retrieved from /home/den/Projects/venv/lib/python3.10/site-packages/airflow/example_dags/example_branch_labels.py
[2023-11-20T15:17:09.557+0500] {logging_mixin.py:154} INFO - [2023-11-20T15:17:09.557+0500] {dag.py:2941} INFO - Sync 1 DAGs
[2023-11-20T15:17:09.573+0500] {logging_mixin.py:154} INFO - [2023-11-20T15:17:09.573+0500] {dag.py:3722} INFO - Setting next_dagrun for example_branch_labels to 2023-11-19T00:00:00+00:00, run_after=2023-11-20T00:00:00+00:00
[2023-11-20T15:17:09.596+0500] {processor.py:179} INFO - Processing /home/den/Projects/venv/lib/python3.10/site-packages/airflow/example_dags/example_branch_labels.py took 0.068 seconds
[2023-11-20T15:17:52.071+0500] {processor.py:157} INFO - Started process (PID=9662) to work on /home/den/Projects/venv/lib/python3.10/site-packages/airflow/example_dags/example_branch_labels.py
[2023-11-20T15:17:52.073+0500] {processor.py:829} INFO - Processing file /home/den/Projects/venv/lib/python3.10/site-packages/airflow/example_dags/example_branch_labels.py for tasks to queue
[2023-11-20T15:17:52.074+0500] {logging_mixin.py:154} INFO - [2023-11-20T15:17:52.073+0500] {dagbag.py:536} INFO - Filling up the DagBag from /home/den/Projects/venv/lib/python3.10/site-packages/airflow/example_dags/example_branch_labels.py
[2023-11-20T15:17:52.081+0500] {processor.py:839} INFO - DAG(s) dict_keys(['example_branch_labels']) retrieved from /home/den/Projects/venv/lib/python3.10/site-packages/airflow/example_dags/example_branch_labels.py
[2023-11-20T15:17:52.094+0500] {logging_mixin.py:154} INFO - [2023-11-20T15:17:52.094+0500] {dag.py:2941} INFO - Sync 1 DAGs
[2023-11-20T15:17:52.108+0500] {logging_mixin.py:154} INFO - [2023-11-20T15:17:52.107+0500] {dag.py:3722} INFO - Setting next_dagrun for example_branch_labels to 2023-11-19T00:00:00+00:00, run_after=2023-11-20T00:00:00+00:00
[2023-11-20T15:17:52.130+0500] {processor.py:179} INFO - Processing /home/den/Projects/venv/lib/python3.10/site-packages/airflow/example_dags/example_branch_labels.py took 0.062 seconds
[2023-11-20T15:18:44.603+0500] {processor.py:157} INFO - Started process (PID=9725) to work on /home/den/Projects/venv/lib/python3.10/site-packages/airflow/example_dags/example_branch_labels.py
[2023-11-20T15:18:44.612+0500] {processor.py:829} INFO - Processing file /home/den/Projects/venv/lib/python3.10/site-packages/airflow/example_dags/example_branch_labels.py for tasks to queue
[2023-11-20T15:18:44.613+0500] {logging_mixin.py:154} INFO - [2023-11-20T15:18:44.613+0500] {dagbag.py:536} INFO - Filling up the DagBag from /home/den/Projects/venv/lib/python3.10/site-packages/airflow/example_dags/example_branch_labels.py
[2023-11-20T15:18:44.620+0500] {processor.py:839} INFO - DAG(s) dict_keys(['example_branch_labels']) retrieved from /home/den/Projects/venv/lib/python3.10/site-packages/airflow/example_dags/example_branch_labels.py
[2023-11-20T15:18:44.635+0500] {logging_mixin.py:154} INFO - [2023-11-20T15:18:44.635+0500] {dag.py:2941} INFO - Sync 1 DAGs
[2023-11-20T15:18:44.649+0500] {logging_mixin.py:154} INFO - [2023-11-20T15:18:44.649+0500] {dag.py:3722} INFO - Setting next_dagrun for example_branch_labels to 2023-11-19T00:00:00+00:00, run_after=2023-11-20T00:00:00+00:00
[2023-11-20T15:18:44.667+0500] {processor.py:179} INFO - Processing /home/den/Projects/venv/lib/python3.10/site-packages/airflow/example_dags/example_branch_labels.py took 0.067 seconds
[2023-11-20T15:19:28.249+0500] {processor.py:157} INFO - Started process (PID=9795) to work on /home/den/Projects/venv/lib/python3.10/site-packages/airflow/example_dags/example_branch_labels.py
[2023-11-20T15:19:28.250+0500] {processor.py:829} INFO - Processing file /home/den/Projects/venv/lib/python3.10/site-packages/airflow/example_dags/example_branch_labels.py for tasks to queue
[2023-11-20T15:19:28.251+0500] {logging_mixin.py:154} INFO - [2023-11-20T15:19:28.251+0500] {dagbag.py:536} INFO - Filling up the DagBag from /home/den/Projects/venv/lib/python3.10/site-packages/airflow/example_dags/example_branch_labels.py
[2023-11-20T15:19:28.259+0500] {processor.py:839} INFO - DAG(s) dict_keys(['example_branch_labels']) retrieved from /home/den/Projects/venv/lib/python3.10/site-packages/airflow/example_dags/example_branch_labels.py
[2023-11-20T15:19:28.276+0500] {logging_mixin.py:154} INFO - [2023-11-20T15:19:28.276+0500] {dag.py:2941} INFO - Sync 1 DAGs
[2023-11-20T15:19:28.293+0500] {logging_mixin.py:154} INFO - [2023-11-20T15:19:28.293+0500] {dag.py:3722} INFO - Setting next_dagrun for example_branch_labels to 2023-11-19T00:00:00+00:00, run_after=2023-11-20T00:00:00+00:00
[2023-11-20T15:19:28.311+0500] {processor.py:179} INFO - Processing /home/den/Projects/venv/lib/python3.10/site-packages/airflow/example_dags/example_branch_labels.py took 0.065 seconds
[2023-11-20T15:20:05.484+0500] {processor.py:157} INFO - Started process (PID=9931) to work on /home/den/Projects/venv/lib/python3.10/site-packages/airflow/example_dags/example_branch_labels.py
[2023-11-20T15:20:05.487+0500] {processor.py:829} INFO - Processing file /home/den/Projects/venv/lib/python3.10/site-packages/airflow/example_dags/example_branch_labels.py for tasks to queue
[2023-11-20T15:20:05.488+0500] {logging_mixin.py:154} INFO - [2023-11-20T15:20:05.488+0500] {dagbag.py:536} INFO - Filling up the DagBag from /home/den/Projects/venv/lib/python3.10/site-packages/airflow/example_dags/example_branch_labels.py
[2023-11-20T15:20:05.502+0500] {processor.py:839} INFO - DAG(s) dict_keys(['example_branch_labels']) retrieved from /home/den/Projects/venv/lib/python3.10/site-packages/airflow/example_dags/example_branch_labels.py
[2023-11-20T15:20:05.532+0500] {logging_mixin.py:154} INFO - [2023-11-20T15:20:05.532+0500] {dag.py:2941} INFO - Sync 1 DAGs
[2023-11-20T15:20:05.556+0500] {logging_mixin.py:154} INFO - [2023-11-20T15:20:05.556+0500] {dag.py:3722} INFO - Setting next_dagrun for example_branch_labels to 2023-11-19T00:00:00+00:00, run_after=2023-11-20T00:00:00+00:00
[2023-11-20T15:20:05.582+0500] {processor.py:179} INFO - Processing /home/den/Projects/venv/lib/python3.10/site-packages/airflow/example_dags/example_branch_labels.py took 0.102 seconds
[2023-11-20T15:20:46.488+0500] {processor.py:157} INFO - Started process (PID=9981) to work on /home/den/Projects/venv/lib/python3.10/site-packages/airflow/example_dags/example_branch_labels.py
[2023-11-20T15:20:46.491+0500] {processor.py:829} INFO - Processing file /home/den/Projects/venv/lib/python3.10/site-packages/airflow/example_dags/example_branch_labels.py for tasks to queue
[2023-11-20T15:20:46.492+0500] {logging_mixin.py:154} INFO - [2023-11-20T15:20:46.492+0500] {dagbag.py:536} INFO - Filling up the DagBag from /home/den/Projects/venv/lib/python3.10/site-packages/airflow/example_dags/example_branch_labels.py
[2023-11-20T15:20:46.502+0500] {processor.py:839} INFO - DAG(s) dict_keys(['example_branch_labels']) retrieved from /home/den/Projects/venv/lib/python3.10/site-packages/airflow/example_dags/example_branch_labels.py
[2023-11-20T15:20:46.531+0500] {logging_mixin.py:154} INFO - [2023-11-20T15:20:46.530+0500] {dag.py:2941} INFO - Sync 1 DAGs
[2023-11-20T15:20:46.559+0500] {logging_mixin.py:154} INFO - [2023-11-20T15:20:46.559+0500] {dag.py:3722} INFO - Setting next_dagrun for example_branch_labels to 2023-11-19T00:00:00+00:00, run_after=2023-11-20T00:00:00+00:00
[2023-11-20T15:20:46.585+0500] {processor.py:179} INFO - Processing /home/den/Projects/venv/lib/python3.10/site-packages/airflow/example_dags/example_branch_labels.py took 0.105 seconds
[2023-11-20T15:21:29.598+0500] {processor.py:157} INFO - Started process (PID=10046) to work on /home/den/Projects/venv/lib/python3.10/site-packages/airflow/example_dags/example_branch_labels.py
[2023-11-20T15:21:29.602+0500] {processor.py:829} INFO - Processing file /home/den/Projects/venv/lib/python3.10/site-packages/airflow/example_dags/example_branch_labels.py for tasks to queue
[2023-11-20T15:21:29.603+0500] {logging_mixin.py:154} INFO - [2023-11-20T15:21:29.603+0500] {dagbag.py:536} INFO - Filling up the DagBag from /home/den/Projects/venv/lib/python3.10/site-packages/airflow/example_dags/example_branch_labels.py
[2023-11-20T15:21:29.611+0500] {processor.py:839} INFO - DAG(s) dict_keys(['example_branch_labels']) retrieved from /home/den/Projects/venv/lib/python3.10/site-packages/airflow/example_dags/example_branch_labels.py
[2023-11-20T15:21:29.628+0500] {logging_mixin.py:154} INFO - [2023-11-20T15:21:29.628+0500] {dag.py:2941} INFO - Sync 1 DAGs
[2023-11-20T15:21:29.650+0500] {logging_mixin.py:154} INFO - [2023-11-20T15:21:29.650+0500] {dag.py:3722} INFO - Setting next_dagrun for example_branch_labels to 2023-11-19T00:00:00+00:00, run_after=2023-11-20T00:00:00+00:00
[2023-11-20T15:21:29.680+0500] {processor.py:179} INFO - Processing /home/den/Projects/venv/lib/python3.10/site-packages/airflow/example_dags/example_branch_labels.py took 0.087 seconds
[2023-11-20T15:22:14.567+0500] {processor.py:157} INFO - Started process (PID=10123) to work on /home/den/Projects/venv/lib/python3.10/site-packages/airflow/example_dags/example_branch_labels.py
[2023-11-20T15:22:14.569+0500] {processor.py:829} INFO - Processing file /home/den/Projects/venv/lib/python3.10/site-packages/airflow/example_dags/example_branch_labels.py for tasks to queue
[2023-11-20T15:22:14.569+0500] {logging_mixin.py:154} INFO - [2023-11-20T15:22:14.569+0500] {dagbag.py:536} INFO - Filling up the DagBag from /home/den/Projects/venv/lib/python3.10/site-packages/airflow/example_dags/example_branch_labels.py
[2023-11-20T15:22:14.595+0500] {processor.py:839} INFO - DAG(s) dict_keys(['example_branch_labels']) retrieved from /home/den/Projects/venv/lib/python3.10/site-packages/airflow/example_dags/example_branch_labels.py
[2023-11-20T15:22:14.614+0500] {logging_mixin.py:154} INFO - [2023-11-20T15:22:14.613+0500] {dag.py:2941} INFO - Sync 1 DAGs
[2023-11-20T15:22:14.629+0500] {logging_mixin.py:154} INFO - [2023-11-20T15:22:14.629+0500] {dag.py:3722} INFO - Setting next_dagrun for example_branch_labels to 2023-11-19T00:00:00+00:00, run_after=2023-11-20T00:00:00+00:00
[2023-11-20T15:22:14.651+0500] {processor.py:179} INFO - Processing /home/den/Projects/venv/lib/python3.10/site-packages/airflow/example_dags/example_branch_labels.py took 0.087 seconds
[2023-11-20T15:22:55.463+0500] {processor.py:157} INFO - Started process (PID=10180) to work on /home/den/Projects/venv/lib/python3.10/site-packages/airflow/example_dags/example_branch_labels.py
[2023-11-20T15:22:55.471+0500] {processor.py:829} INFO - Processing file /home/den/Projects/venv/lib/python3.10/site-packages/airflow/example_dags/example_branch_labels.py for tasks to queue
[2023-11-20T15:22:55.474+0500] {logging_mixin.py:154} INFO - [2023-11-20T15:22:55.473+0500] {dagbag.py:536} INFO - Filling up the DagBag from /home/den/Projects/venv/lib/python3.10/site-packages/airflow/example_dags/example_branch_labels.py
[2023-11-20T15:22:55.491+0500] {processor.py:839} INFO - DAG(s) dict_keys(['example_branch_labels']) retrieved from /home/den/Projects/venv/lib/python3.10/site-packages/airflow/example_dags/example_branch_labels.py
[2023-11-20T15:22:55.520+0500] {logging_mixin.py:154} INFO - [2023-11-20T15:22:55.520+0500] {dag.py:2941} INFO - Sync 1 DAGs
[2023-11-20T15:22:55.558+0500] {logging_mixin.py:154} INFO - [2023-11-20T15:22:55.558+0500] {dag.py:3722} INFO - Setting next_dagrun for example_branch_labels to 2023-11-19T00:00:00+00:00, run_after=2023-11-20T00:00:00+00:00
[2023-11-20T15:22:55.591+0500] {processor.py:179} INFO - Processing /home/den/Projects/venv/lib/python3.10/site-packages/airflow/example_dags/example_branch_labels.py took 0.132 seconds
[2023-11-20T15:23:35.070+0500] {processor.py:157} INFO - Started process (PID=10251) to work on /home/den/Projects/venv/lib/python3.10/site-packages/airflow/example_dags/example_branch_labels.py
[2023-11-20T15:23:35.074+0500] {processor.py:829} INFO - Processing file /home/den/Projects/venv/lib/python3.10/site-packages/airflow/example_dags/example_branch_labels.py for tasks to queue
[2023-11-20T15:23:35.075+0500] {logging_mixin.py:154} INFO - [2023-11-20T15:23:35.074+0500] {dagbag.py:536} INFO - Filling up the DagBag from /home/den/Projects/venv/lib/python3.10/site-packages/airflow/example_dags/example_branch_labels.py
[2023-11-20T15:23:35.096+0500] {processor.py:839} INFO - DAG(s) dict_keys(['example_branch_labels']) retrieved from /home/den/Projects/venv/lib/python3.10/site-packages/airflow/example_dags/example_branch_labels.py
[2023-11-20T15:23:35.120+0500] {logging_mixin.py:154} INFO - [2023-11-20T15:23:35.120+0500] {dag.py:2941} INFO - Sync 1 DAGs
[2023-11-20T15:23:35.141+0500] {logging_mixin.py:154} INFO - [2023-11-20T15:23:35.141+0500] {dag.py:3722} INFO - Setting next_dagrun for example_branch_labels to 2023-11-19T00:00:00+00:00, run_after=2023-11-20T00:00:00+00:00
[2023-11-20T15:23:35.180+0500] {processor.py:179} INFO - Processing /home/den/Projects/venv/lib/python3.10/site-packages/airflow/example_dags/example_branch_labels.py took 0.114 seconds
