[2023-11-20T14:39:13.485+0500] {processor.py:157} INFO - Started process (PID=4584) to work on /home/den/Projects/venv/lib/python3.10/site-packages/airflow/example_dags/example_short_circuit_operator.py
[2023-11-20T14:39:13.486+0500] {processor.py:829} INFO - Processing file /home/den/Projects/venv/lib/python3.10/site-packages/airflow/example_dags/example_short_circuit_operator.py for tasks to queue
[2023-11-20T14:39:13.487+0500] {logging_mixin.py:154} INFO - [2023-11-20T14:39:13.486+0500] {dagbag.py:536} INFO - Filling up the DagBag from /home/den/Projects/venv/lib/python3.10/site-packages/airflow/example_dags/example_short_circuit_operator.py
[2023-11-20T14:39:13.498+0500] {processor.py:839} INFO - DAG(s) dict_keys(['example_short_circuit_operator']) retrieved from /home/den/Projects/venv/lib/python3.10/site-packages/airflow/example_dags/example_short_circuit_operator.py
[2023-11-20T14:39:13.584+0500] {logging_mixin.py:154} INFO - [2023-11-20T14:39:13.584+0500] {manager.py:499} INFO - Created Permission View: %s
[2023-11-20T14:39:13.595+0500] {logging_mixin.py:154} INFO - [2023-11-20T14:39:13.594+0500] {manager.py:499} INFO - Created Permission View: %s
[2023-11-20T14:39:13.604+0500] {logging_mixin.py:154} INFO - [2023-11-20T14:39:13.604+0500] {manager.py:499} INFO - Created Permission View: %s
[2023-11-20T14:39:13.604+0500] {logging_mixin.py:154} INFO - [2023-11-20T14:39:13.604+0500] {dag.py:2941} INFO - Sync 1 DAGs
[2023-11-20T14:39:13.612+0500] {logging_mixin.py:154} INFO - [2023-11-20T14:39:13.612+0500] {dag.py:2963} INFO - Creating ORM DAG for example_short_circuit_operator
[2023-11-20T14:39:13.617+0500] {logging_mixin.py:154} INFO - [2023-11-20T14:39:13.617+0500] {dag.py:3722} INFO - Setting next_dagrun for example_short_circuit_operator to 2023-11-19T09:39:13.617600+00:00, run_after=2023-11-20T09:39:13.617600+00:00
[2023-11-20T14:39:13.635+0500] {processor.py:179} INFO - Processing /home/den/Projects/venv/lib/python3.10/site-packages/airflow/example_dags/example_short_circuit_operator.py took 0.152 seconds
[2023-11-20T14:40:08.601+0500] {processor.py:157} INFO - Started process (PID=5259) to work on /home/den/Projects/venv/lib/python3.10/site-packages/airflow/example_dags/example_short_circuit_operator.py
[2023-11-20T14:40:08.603+0500] {processor.py:829} INFO - Processing file /home/den/Projects/venv/lib/python3.10/site-packages/airflow/example_dags/example_short_circuit_operator.py for tasks to queue
[2023-11-20T14:40:08.604+0500] {logging_mixin.py:154} INFO - [2023-11-20T14:40:08.603+0500] {dagbag.py:536} INFO - Filling up the DagBag from /home/den/Projects/venv/lib/python3.10/site-packages/airflow/example_dags/example_short_circuit_operator.py
[2023-11-20T14:40:08.611+0500] {processor.py:839} INFO - DAG(s) dict_keys(['example_short_circuit_operator']) retrieved from /home/den/Projects/venv/lib/python3.10/site-packages/airflow/example_dags/example_short_circuit_operator.py
[2023-11-20T14:40:08.625+0500] {logging_mixin.py:154} INFO - [2023-11-20T14:40:08.625+0500] {dag.py:2941} INFO - Sync 1 DAGs
[2023-11-20T14:40:08.639+0500] {logging_mixin.py:154} INFO - [2023-11-20T14:40:08.639+0500] {dag.py:3722} INFO - Setting next_dagrun for example_short_circuit_operator to 2023-11-19T09:40:08.639103+00:00, run_after=2023-11-20T09:40:08.639103+00:00
[2023-11-20T14:40:08.657+0500] {processor.py:179} INFO - Processing /home/den/Projects/venv/lib/python3.10/site-packages/airflow/example_dags/example_short_circuit_operator.py took 0.058 seconds
[2023-11-20T14:40:46.612+0500] {processor.py:157} INFO - Started process (PID=5342) to work on /home/den/Projects/venv/lib/python3.10/site-packages/airflow/example_dags/example_short_circuit_operator.py
[2023-11-20T14:40:46.613+0500] {processor.py:829} INFO - Processing file /home/den/Projects/venv/lib/python3.10/site-packages/airflow/example_dags/example_short_circuit_operator.py for tasks to queue
[2023-11-20T14:40:46.614+0500] {logging_mixin.py:154} INFO - [2023-11-20T14:40:46.614+0500] {dagbag.py:536} INFO - Filling up the DagBag from /home/den/Projects/venv/lib/python3.10/site-packages/airflow/example_dags/example_short_circuit_operator.py
[2023-11-20T14:40:46.622+0500] {processor.py:839} INFO - DAG(s) dict_keys(['example_short_circuit_operator']) retrieved from /home/den/Projects/venv/lib/python3.10/site-packages/airflow/example_dags/example_short_circuit_operator.py
[2023-11-20T14:40:46.637+0500] {logging_mixin.py:154} INFO - [2023-11-20T14:40:46.636+0500] {dag.py:2941} INFO - Sync 1 DAGs
[2023-11-20T14:40:46.652+0500] {logging_mixin.py:154} INFO - [2023-11-20T14:40:46.652+0500] {dag.py:3722} INFO - Setting next_dagrun for example_short_circuit_operator to 2023-11-19T09:40:46.652392+00:00, run_after=2023-11-20T09:40:46.652392+00:00
[2023-11-20T14:40:46.671+0500] {processor.py:179} INFO - Processing /home/den/Projects/venv/lib/python3.10/site-packages/airflow/example_dags/example_short_circuit_operator.py took 0.062 seconds
[2023-11-20T14:49:43.115+0500] {processor.py:157} INFO - Started process (PID=6351) to work on /home/den/Projects/venv/lib/python3.10/site-packages/airflow/example_dags/example_short_circuit_operator.py
[2023-11-20T14:49:43.117+0500] {processor.py:829} INFO - Processing file /home/den/Projects/venv/lib/python3.10/site-packages/airflow/example_dags/example_short_circuit_operator.py for tasks to queue
[2023-11-20T14:49:43.118+0500] {logging_mixin.py:154} INFO - [2023-11-20T14:49:43.117+0500] {dagbag.py:536} INFO - Filling up the DagBag from /home/den/Projects/venv/lib/python3.10/site-packages/airflow/example_dags/example_short_circuit_operator.py
[2023-11-20T14:49:43.132+0500] {processor.py:839} INFO - DAG(s) dict_keys(['example_short_circuit_operator']) retrieved from /home/den/Projects/venv/lib/python3.10/site-packages/airflow/example_dags/example_short_circuit_operator.py
[2023-11-20T14:49:43.150+0500] {logging_mixin.py:154} INFO - [2023-11-20T14:49:43.150+0500] {dag.py:2941} INFO - Sync 1 DAGs
[2023-11-20T14:49:43.162+0500] {logging_mixin.py:154} INFO - [2023-11-20T14:49:43.162+0500] {dag.py:3722} INFO - Setting next_dagrun for example_short_circuit_operator to 2023-11-19T09:49:43.162603+00:00, run_after=2023-11-20T09:49:43.162603+00:00
[2023-11-20T14:49:43.180+0500] {processor.py:179} INFO - Processing /home/den/Projects/venv/lib/python3.10/site-packages/airflow/example_dags/example_short_circuit_operator.py took 0.067 seconds
[2023-11-20T14:50:33.565+0500] {processor.py:157} INFO - Started process (PID=6541) to work on /home/den/Projects/venv/lib/python3.10/site-packages/airflow/example_dags/example_short_circuit_operator.py
[2023-11-20T14:50:33.569+0500] {processor.py:829} INFO - Processing file /home/den/Projects/venv/lib/python3.10/site-packages/airflow/example_dags/example_short_circuit_operator.py for tasks to queue
[2023-11-20T14:50:33.570+0500] {logging_mixin.py:154} INFO - [2023-11-20T14:50:33.570+0500] {dagbag.py:536} INFO - Filling up the DagBag from /home/den/Projects/venv/lib/python3.10/site-packages/airflow/example_dags/example_short_circuit_operator.py
[2023-11-20T14:50:33.579+0500] {processor.py:839} INFO - DAG(s) dict_keys(['example_short_circuit_operator']) retrieved from /home/den/Projects/venv/lib/python3.10/site-packages/airflow/example_dags/example_short_circuit_operator.py
[2023-11-20T14:50:33.600+0500] {logging_mixin.py:154} INFO - [2023-11-20T14:50:33.599+0500] {dag.py:2941} INFO - Sync 1 DAGs
[2023-11-20T14:50:33.617+0500] {logging_mixin.py:154} INFO - [2023-11-20T14:50:33.616+0500] {dag.py:3722} INFO - Setting next_dagrun for example_short_circuit_operator to 2023-11-19T09:50:33.616660+00:00, run_after=2023-11-20T09:50:33.616660+00:00
[2023-11-20T14:50:33.641+0500] {processor.py:179} INFO - Processing /home/den/Projects/venv/lib/python3.10/site-packages/airflow/example_dags/example_short_circuit_operator.py took 0.082 seconds
[2023-11-20T14:51:12.094+0500] {processor.py:157} INFO - Started process (PID=6591) to work on /home/den/Projects/venv/lib/python3.10/site-packages/airflow/example_dags/example_short_circuit_operator.py
[2023-11-20T14:51:12.096+0500] {processor.py:829} INFO - Processing file /home/den/Projects/venv/lib/python3.10/site-packages/airflow/example_dags/example_short_circuit_operator.py for tasks to queue
[2023-11-20T14:51:12.096+0500] {logging_mixin.py:154} INFO - [2023-11-20T14:51:12.096+0500] {dagbag.py:536} INFO - Filling up the DagBag from /home/den/Projects/venv/lib/python3.10/site-packages/airflow/example_dags/example_short_circuit_operator.py
[2023-11-20T14:51:12.102+0500] {processor.py:839} INFO - DAG(s) dict_keys(['example_short_circuit_operator']) retrieved from /home/den/Projects/venv/lib/python3.10/site-packages/airflow/example_dags/example_short_circuit_operator.py
[2023-11-20T14:51:12.116+0500] {logging_mixin.py:154} INFO - [2023-11-20T14:51:12.115+0500] {dag.py:2941} INFO - Sync 1 DAGs
[2023-11-20T14:51:12.128+0500] {logging_mixin.py:154} INFO - [2023-11-20T14:51:12.128+0500] {dag.py:3722} INFO - Setting next_dagrun for example_short_circuit_operator to 2023-11-19T09:51:12.128272+00:00, run_after=2023-11-20T09:51:12.128272+00:00
[2023-11-20T14:51:12.146+0500] {processor.py:179} INFO - Processing /home/den/Projects/venv/lib/python3.10/site-packages/airflow/example_dags/example_short_circuit_operator.py took 0.054 seconds
[2023-11-20T14:51:58.496+0500] {processor.py:157} INFO - Started process (PID=6705) to work on /home/den/Projects/venv/lib/python3.10/site-packages/airflow/example_dags/example_short_circuit_operator.py
[2023-11-20T14:51:58.505+0500] {processor.py:829} INFO - Processing file /home/den/Projects/venv/lib/python3.10/site-packages/airflow/example_dags/example_short_circuit_operator.py for tasks to queue
[2023-11-20T14:51:58.506+0500] {logging_mixin.py:154} INFO - [2023-11-20T14:51:58.505+0500] {dagbag.py:536} INFO - Filling up the DagBag from /home/den/Projects/venv/lib/python3.10/site-packages/airflow/example_dags/example_short_circuit_operator.py
[2023-11-20T14:51:58.570+0500] {processor.py:839} INFO - DAG(s) dict_keys(['example_short_circuit_operator']) retrieved from /home/den/Projects/venv/lib/python3.10/site-packages/airflow/example_dags/example_short_circuit_operator.py
[2023-11-20T14:51:58.643+0500] {logging_mixin.py:154} INFO - [2023-11-20T14:51:58.642+0500] {dag.py:2941} INFO - Sync 1 DAGs
[2023-11-20T14:51:58.665+0500] {logging_mixin.py:154} INFO - [2023-11-20T14:51:58.665+0500] {dag.py:3722} INFO - Setting next_dagrun for example_short_circuit_operator to 2023-11-19T09:51:58.665575+00:00, run_after=2023-11-20T09:51:58.665575+00:00
[2023-11-20T14:51:58.698+0500] {processor.py:179} INFO - Processing /home/den/Projects/venv/lib/python3.10/site-packages/airflow/example_dags/example_short_circuit_operator.py took 0.218 seconds
[2023-11-20T14:52:58.911+0500] {processor.py:157} INFO - Started process (PID=6831) to work on /home/den/Projects/venv/lib/python3.10/site-packages/airflow/example_dags/example_short_circuit_operator.py
[2023-11-20T14:52:58.912+0500] {processor.py:829} INFO - Processing file /home/den/Projects/venv/lib/python3.10/site-packages/airflow/example_dags/example_short_circuit_operator.py for tasks to queue
[2023-11-20T14:52:58.913+0500] {logging_mixin.py:154} INFO - [2023-11-20T14:52:58.912+0500] {dagbag.py:536} INFO - Filling up the DagBag from /home/den/Projects/venv/lib/python3.10/site-packages/airflow/example_dags/example_short_circuit_operator.py
[2023-11-20T14:52:58.925+0500] {processor.py:839} INFO - DAG(s) dict_keys(['example_short_circuit_operator']) retrieved from /home/den/Projects/venv/lib/python3.10/site-packages/airflow/example_dags/example_short_circuit_operator.py
[2023-11-20T14:52:58.955+0500] {logging_mixin.py:154} INFO - [2023-11-20T14:52:58.955+0500] {dag.py:2941} INFO - Sync 1 DAGs
[2023-11-20T14:52:58.969+0500] {logging_mixin.py:154} INFO - [2023-11-20T14:52:58.968+0500] {dag.py:3722} INFO - Setting next_dagrun for example_short_circuit_operator to 2023-11-19T09:52:58.968605+00:00, run_after=2023-11-20T09:52:58.968605+00:00
[2023-11-20T14:52:58.992+0500] {processor.py:179} INFO - Processing /home/den/Projects/venv/lib/python3.10/site-packages/airflow/example_dags/example_short_circuit_operator.py took 0.084 seconds
[2023-11-20T14:54:34.825+0500] {processor.py:157} INFO - Started process (PID=7468) to work on /home/den/Projects/venv/lib/python3.10/site-packages/airflow/example_dags/example_short_circuit_operator.py
[2023-11-20T14:54:34.827+0500] {processor.py:829} INFO - Processing file /home/den/Projects/venv/lib/python3.10/site-packages/airflow/example_dags/example_short_circuit_operator.py for tasks to queue
[2023-11-20T14:54:34.828+0500] {logging_mixin.py:154} INFO - [2023-11-20T14:54:34.828+0500] {dagbag.py:536} INFO - Filling up the DagBag from /home/den/Projects/venv/lib/python3.10/site-packages/airflow/example_dags/example_short_circuit_operator.py
[2023-11-20T14:54:34.952+0500] {processor.py:839} INFO - DAG(s) dict_keys(['example_short_circuit_operator']) retrieved from /home/den/Projects/venv/lib/python3.10/site-packages/airflow/example_dags/example_short_circuit_operator.py
[2023-11-20T14:54:35.086+0500] {logging_mixin.py:154} INFO - [2023-11-20T14:54:35.086+0500] {dag.py:2941} INFO - Sync 1 DAGs
[2023-11-20T14:54:35.196+0500] {logging_mixin.py:154} INFO - [2023-11-20T14:54:35.196+0500] {dag.py:3722} INFO - Setting next_dagrun for example_short_circuit_operator to 2023-11-19T09:54:35.196116+00:00, run_after=2023-11-20T09:54:35.196116+00:00
[2023-11-20T14:54:35.288+0500] {processor.py:179} INFO - Processing /home/den/Projects/venv/lib/python3.10/site-packages/airflow/example_dags/example_short_circuit_operator.py took 0.479 seconds
[2023-11-20T14:57:17.538+0500] {processor.py:157} INFO - Started process (PID=7634) to work on /home/den/Projects/venv/lib/python3.10/site-packages/airflow/example_dags/example_short_circuit_operator.py
[2023-11-20T14:57:17.546+0500] {processor.py:829} INFO - Processing file /home/den/Projects/venv/lib/python3.10/site-packages/airflow/example_dags/example_short_circuit_operator.py for tasks to queue
[2023-11-20T14:57:17.555+0500] {logging_mixin.py:154} INFO - [2023-11-20T14:57:17.546+0500] {dagbag.py:536} INFO - Filling up the DagBag from /home/den/Projects/venv/lib/python3.10/site-packages/airflow/example_dags/example_short_circuit_operator.py
[2023-11-20T14:57:17.621+0500] {processor.py:839} INFO - DAG(s) dict_keys(['example_short_circuit_operator']) retrieved from /home/den/Projects/venv/lib/python3.10/site-packages/airflow/example_dags/example_short_circuit_operator.py
[2023-11-20T14:57:17.677+0500] {logging_mixin.py:154} INFO - [2023-11-20T14:57:17.677+0500] {dag.py:2941} INFO - Sync 1 DAGs
[2023-11-20T14:57:17.730+0500] {logging_mixin.py:154} INFO - [2023-11-20T14:57:17.730+0500] {dag.py:3722} INFO - Setting next_dagrun for example_short_circuit_operator to 2023-11-19T09:57:17.730122+00:00, run_after=2023-11-20T09:57:17.730122+00:00
[2023-11-20T14:57:17.840+0500] {processor.py:179} INFO - Processing /home/den/Projects/venv/lib/python3.10/site-packages/airflow/example_dags/example_short_circuit_operator.py took 0.306 seconds
[2023-11-20T14:58:03.822+0500] {processor.py:157} INFO - Started process (PID=7722) to work on /home/den/Projects/venv/lib/python3.10/site-packages/airflow/example_dags/example_short_circuit_operator.py
[2023-11-20T14:58:03.825+0500] {processor.py:829} INFO - Processing file /home/den/Projects/venv/lib/python3.10/site-packages/airflow/example_dags/example_short_circuit_operator.py for tasks to queue
[2023-11-20T14:58:03.826+0500] {logging_mixin.py:154} INFO - [2023-11-20T14:58:03.825+0500] {dagbag.py:536} INFO - Filling up the DagBag from /home/den/Projects/venv/lib/python3.10/site-packages/airflow/example_dags/example_short_circuit_operator.py
[2023-11-20T14:58:03.844+0500] {processor.py:839} INFO - DAG(s) dict_keys(['example_short_circuit_operator']) retrieved from /home/den/Projects/venv/lib/python3.10/site-packages/airflow/example_dags/example_short_circuit_operator.py
[2023-11-20T14:58:03.873+0500] {logging_mixin.py:154} INFO - [2023-11-20T14:58:03.873+0500] {dag.py:2941} INFO - Sync 1 DAGs
[2023-11-20T14:58:03.890+0500] {logging_mixin.py:154} INFO - [2023-11-20T14:58:03.890+0500] {dag.py:3722} INFO - Setting next_dagrun for example_short_circuit_operator to 2023-11-19T09:58:03.890569+00:00, run_after=2023-11-20T09:58:03.890569+00:00
[2023-11-20T14:58:03.909+0500] {processor.py:179} INFO - Processing /home/den/Projects/venv/lib/python3.10/site-packages/airflow/example_dags/example_short_circuit_operator.py took 0.091 seconds
[2023-11-20T14:58:51.373+0500] {processor.py:157} INFO - Started process (PID=7803) to work on /home/den/Projects/venv/lib/python3.10/site-packages/airflow/example_dags/example_short_circuit_operator.py
[2023-11-20T14:58:51.383+0500] {processor.py:829} INFO - Processing file /home/den/Projects/venv/lib/python3.10/site-packages/airflow/example_dags/example_short_circuit_operator.py for tasks to queue
[2023-11-20T14:58:51.384+0500] {logging_mixin.py:154} INFO - [2023-11-20T14:58:51.384+0500] {dagbag.py:536} INFO - Filling up the DagBag from /home/den/Projects/venv/lib/python3.10/site-packages/airflow/example_dags/example_short_circuit_operator.py
[2023-11-20T14:58:51.401+0500] {processor.py:839} INFO - DAG(s) dict_keys(['example_short_circuit_operator']) retrieved from /home/den/Projects/venv/lib/python3.10/site-packages/airflow/example_dags/example_short_circuit_operator.py
[2023-11-20T14:58:51.427+0500] {logging_mixin.py:154} INFO - [2023-11-20T14:58:51.426+0500] {dag.py:2941} INFO - Sync 1 DAGs
[2023-11-20T14:58:51.448+0500] {logging_mixin.py:154} INFO - [2023-11-20T14:58:51.448+0500] {dag.py:3722} INFO - Setting next_dagrun for example_short_circuit_operator to 2023-11-19T09:58:51.447870+00:00, run_after=2023-11-20T09:58:51.447870+00:00
[2023-11-20T14:58:51.465+0500] {processor.py:179} INFO - Processing /home/den/Projects/venv/lib/python3.10/site-packages/airflow/example_dags/example_short_circuit_operator.py took 0.096 seconds
[2023-11-20T14:59:35.765+0500] {processor.py:157} INFO - Started process (PID=7861) to work on /home/den/Projects/venv/lib/python3.10/site-packages/airflow/example_dags/example_short_circuit_operator.py
[2023-11-20T14:59:35.766+0500] {processor.py:829} INFO - Processing file /home/den/Projects/venv/lib/python3.10/site-packages/airflow/example_dags/example_short_circuit_operator.py for tasks to queue
[2023-11-20T14:59:35.767+0500] {logging_mixin.py:154} INFO - [2023-11-20T14:59:35.766+0500] {dagbag.py:536} INFO - Filling up the DagBag from /home/den/Projects/venv/lib/python3.10/site-packages/airflow/example_dags/example_short_circuit_operator.py
[2023-11-20T14:59:35.772+0500] {processor.py:839} INFO - DAG(s) dict_keys(['example_short_circuit_operator']) retrieved from /home/den/Projects/venv/lib/python3.10/site-packages/airflow/example_dags/example_short_circuit_operator.py
[2023-11-20T14:59:35.785+0500] {logging_mixin.py:154} INFO - [2023-11-20T14:59:35.785+0500] {dag.py:2941} INFO - Sync 1 DAGs
[2023-11-20T14:59:35.798+0500] {logging_mixin.py:154} INFO - [2023-11-20T14:59:35.798+0500] {dag.py:3722} INFO - Setting next_dagrun for example_short_circuit_operator to 2023-11-19T09:59:35.797891+00:00, run_after=2023-11-20T09:59:35.797891+00:00
[2023-11-20T14:59:35.814+0500] {processor.py:179} INFO - Processing /home/den/Projects/venv/lib/python3.10/site-packages/airflow/example_dags/example_short_circuit_operator.py took 0.052 seconds
[2023-11-20T15:00:11.578+0500] {processor.py:157} INFO - Started process (PID=7935) to work on /home/den/Projects/venv/lib/python3.10/site-packages/airflow/example_dags/example_short_circuit_operator.py
[2023-11-20T15:00:11.579+0500] {processor.py:829} INFO - Processing file /home/den/Projects/venv/lib/python3.10/site-packages/airflow/example_dags/example_short_circuit_operator.py for tasks to queue
[2023-11-20T15:00:11.580+0500] {logging_mixin.py:154} INFO - [2023-11-20T15:00:11.580+0500] {dagbag.py:536} INFO - Filling up the DagBag from /home/den/Projects/venv/lib/python3.10/site-packages/airflow/example_dags/example_short_circuit_operator.py
[2023-11-20T15:00:11.586+0500] {processor.py:839} INFO - DAG(s) dict_keys(['example_short_circuit_operator']) retrieved from /home/den/Projects/venv/lib/python3.10/site-packages/airflow/example_dags/example_short_circuit_operator.py
[2023-11-20T15:00:11.598+0500] {logging_mixin.py:154} INFO - [2023-11-20T15:00:11.598+0500] {dag.py:2941} INFO - Sync 1 DAGs
[2023-11-20T15:00:11.612+0500] {logging_mixin.py:154} INFO - [2023-11-20T15:00:11.611+0500] {dag.py:3722} INFO - Setting next_dagrun for example_short_circuit_operator to 2023-11-19T10:00:11.611234+00:00, run_after=2023-11-20T10:00:11.611234+00:00
[2023-11-20T15:00:11.633+0500] {processor.py:179} INFO - Processing /home/den/Projects/venv/lib/python3.10/site-packages/airflow/example_dags/example_short_circuit_operator.py took 0.058 seconds
[2023-11-20T15:00:44.750+0500] {processor.py:157} INFO - Started process (PID=7979) to work on /home/den/Projects/venv/lib/python3.10/site-packages/airflow/example_dags/example_short_circuit_operator.py
[2023-11-20T15:00:44.759+0500] {processor.py:829} INFO - Processing file /home/den/Projects/venv/lib/python3.10/site-packages/airflow/example_dags/example_short_circuit_operator.py for tasks to queue
[2023-11-20T15:00:44.760+0500] {logging_mixin.py:154} INFO - [2023-11-20T15:00:44.759+0500] {dagbag.py:536} INFO - Filling up the DagBag from /home/den/Projects/venv/lib/python3.10/site-packages/airflow/example_dags/example_short_circuit_operator.py
[2023-11-20T15:00:44.777+0500] {processor.py:839} INFO - DAG(s) dict_keys(['example_short_circuit_operator']) retrieved from /home/den/Projects/venv/lib/python3.10/site-packages/airflow/example_dags/example_short_circuit_operator.py
[2023-11-20T15:00:44.804+0500] {logging_mixin.py:154} INFO - [2023-11-20T15:00:44.804+0500] {dag.py:2941} INFO - Sync 1 DAGs
[2023-11-20T15:00:44.825+0500] {logging_mixin.py:154} INFO - [2023-11-20T15:00:44.825+0500] {dag.py:3722} INFO - Setting next_dagrun for example_short_circuit_operator to 2023-11-19T10:00:44.824791+00:00, run_after=2023-11-20T10:00:44.824791+00:00
[2023-11-20T15:00:44.862+0500] {processor.py:179} INFO - Processing /home/den/Projects/venv/lib/python3.10/site-packages/airflow/example_dags/example_short_circuit_operator.py took 0.116 seconds
[2023-11-20T15:01:20.318+0500] {processor.py:157} INFO - Started process (PID=8036) to work on /home/den/Projects/venv/lib/python3.10/site-packages/airflow/example_dags/example_short_circuit_operator.py
[2023-11-20T15:01:20.321+0500] {processor.py:829} INFO - Processing file /home/den/Projects/venv/lib/python3.10/site-packages/airflow/example_dags/example_short_circuit_operator.py for tasks to queue
[2023-11-20T15:01:20.321+0500] {logging_mixin.py:154} INFO - [2023-11-20T15:01:20.321+0500] {dagbag.py:536} INFO - Filling up the DagBag from /home/den/Projects/venv/lib/python3.10/site-packages/airflow/example_dags/example_short_circuit_operator.py
[2023-11-20T15:01:20.330+0500] {processor.py:839} INFO - DAG(s) dict_keys(['example_short_circuit_operator']) retrieved from /home/den/Projects/venv/lib/python3.10/site-packages/airflow/example_dags/example_short_circuit_operator.py
[2023-11-20T15:01:20.345+0500] {logging_mixin.py:154} INFO - [2023-11-20T15:01:20.345+0500] {dag.py:2941} INFO - Sync 1 DAGs
[2023-11-20T15:01:20.357+0500] {logging_mixin.py:154} INFO - [2023-11-20T15:01:20.357+0500] {dag.py:3722} INFO - Setting next_dagrun for example_short_circuit_operator to 2023-11-19T10:01:20.357417+00:00, run_after=2023-11-20T10:01:20.357417+00:00
[2023-11-20T15:01:20.398+0500] {processor.py:179} INFO - Processing /home/den/Projects/venv/lib/python3.10/site-packages/airflow/example_dags/example_short_circuit_operator.py took 0.084 seconds
[2023-11-20T15:01:55.441+0500] {processor.py:157} INFO - Started process (PID=8118) to work on /home/den/Projects/venv/lib/python3.10/site-packages/airflow/example_dags/example_short_circuit_operator.py
[2023-11-20T15:01:55.448+0500] {processor.py:829} INFO - Processing file /home/den/Projects/venv/lib/python3.10/site-packages/airflow/example_dags/example_short_circuit_operator.py for tasks to queue
[2023-11-20T15:01:55.450+0500] {logging_mixin.py:154} INFO - [2023-11-20T15:01:55.449+0500] {dagbag.py:536} INFO - Filling up the DagBag from /home/den/Projects/venv/lib/python3.10/site-packages/airflow/example_dags/example_short_circuit_operator.py
[2023-11-20T15:01:55.467+0500] {processor.py:839} INFO - DAG(s) dict_keys(['example_short_circuit_operator']) retrieved from /home/den/Projects/venv/lib/python3.10/site-packages/airflow/example_dags/example_short_circuit_operator.py
[2023-11-20T15:01:55.498+0500] {logging_mixin.py:154} INFO - [2023-11-20T15:01:55.498+0500] {dag.py:2941} INFO - Sync 1 DAGs
[2023-11-20T15:01:55.512+0500] {logging_mixin.py:154} INFO - [2023-11-20T15:01:55.512+0500] {dag.py:3722} INFO - Setting next_dagrun for example_short_circuit_operator to 2023-11-19T10:01:55.511877+00:00, run_after=2023-11-20T10:01:55.511877+00:00
[2023-11-20T15:01:55.561+0500] {processor.py:179} INFO - Processing /home/den/Projects/venv/lib/python3.10/site-packages/airflow/example_dags/example_short_circuit_operator.py took 0.125 seconds
[2023-11-20T15:03:06.305+0500] {processor.py:157} INFO - Started process (PID=8212) to work on /home/den/Projects/venv/lib/python3.10/site-packages/airflow/example_dags/example_short_circuit_operator.py
[2023-11-20T15:03:06.317+0500] {processor.py:829} INFO - Processing file /home/den/Projects/venv/lib/python3.10/site-packages/airflow/example_dags/example_short_circuit_operator.py for tasks to queue
[2023-11-20T15:03:06.322+0500] {logging_mixin.py:154} INFO - [2023-11-20T15:03:06.318+0500] {dagbag.py:536} INFO - Filling up the DagBag from /home/den/Projects/venv/lib/python3.10/site-packages/airflow/example_dags/example_short_circuit_operator.py
[2023-11-20T15:03:06.333+0500] {processor.py:839} INFO - DAG(s) dict_keys(['example_short_circuit_operator']) retrieved from /home/den/Projects/venv/lib/python3.10/site-packages/airflow/example_dags/example_short_circuit_operator.py
[2023-11-20T15:03:06.360+0500] {logging_mixin.py:154} INFO - [2023-11-20T15:03:06.359+0500] {dag.py:2941} INFO - Sync 1 DAGs
[2023-11-20T15:03:06.397+0500] {logging_mixin.py:154} INFO - [2023-11-20T15:03:06.397+0500] {dag.py:3722} INFO - Setting next_dagrun for example_short_circuit_operator to 2023-11-19T10:03:06.397423+00:00, run_after=2023-11-20T10:03:06.397423+00:00
[2023-11-20T15:03:06.446+0500] {processor.py:179} INFO - Processing /home/den/Projects/venv/lib/python3.10/site-packages/airflow/example_dags/example_short_circuit_operator.py took 0.146 seconds
[2023-11-20T15:03:45.426+0500] {processor.py:157} INFO - Started process (PID=8285) to work on /home/den/Projects/venv/lib/python3.10/site-packages/airflow/example_dags/example_short_circuit_operator.py
[2023-11-20T15:03:45.427+0500] {processor.py:829} INFO - Processing file /home/den/Projects/venv/lib/python3.10/site-packages/airflow/example_dags/example_short_circuit_operator.py for tasks to queue
[2023-11-20T15:03:45.428+0500] {logging_mixin.py:154} INFO - [2023-11-20T15:03:45.428+0500] {dagbag.py:536} INFO - Filling up the DagBag from /home/den/Projects/venv/lib/python3.10/site-packages/airflow/example_dags/example_short_circuit_operator.py
[2023-11-20T15:03:45.438+0500] {processor.py:839} INFO - DAG(s) dict_keys(['example_short_circuit_operator']) retrieved from /home/den/Projects/venv/lib/python3.10/site-packages/airflow/example_dags/example_short_circuit_operator.py
[2023-11-20T15:03:45.460+0500] {logging_mixin.py:154} INFO - [2023-11-20T15:03:45.459+0500] {dag.py:2941} INFO - Sync 1 DAGs
[2023-11-20T15:03:45.480+0500] {logging_mixin.py:154} INFO - [2023-11-20T15:03:45.480+0500] {dag.py:3722} INFO - Setting next_dagrun for example_short_circuit_operator to 2023-11-19T10:03:45.480403+00:00, run_after=2023-11-20T10:03:45.480403+00:00
[2023-11-20T15:03:45.513+0500] {processor.py:179} INFO - Processing /home/den/Projects/venv/lib/python3.10/site-packages/airflow/example_dags/example_short_circuit_operator.py took 0.092 seconds
[2023-11-20T15:04:23.632+0500] {processor.py:157} INFO - Started process (PID=8366) to work on /home/den/Projects/venv/lib/python3.10/site-packages/airflow/example_dags/example_short_circuit_operator.py
[2023-11-20T15:04:23.634+0500] {processor.py:829} INFO - Processing file /home/den/Projects/venv/lib/python3.10/site-packages/airflow/example_dags/example_short_circuit_operator.py for tasks to queue
[2023-11-20T15:04:23.636+0500] {logging_mixin.py:154} INFO - [2023-11-20T15:04:23.635+0500] {dagbag.py:536} INFO - Filling up the DagBag from /home/den/Projects/venv/lib/python3.10/site-packages/airflow/example_dags/example_short_circuit_operator.py
[2023-11-20T15:04:23.648+0500] {processor.py:839} INFO - DAG(s) dict_keys(['example_short_circuit_operator']) retrieved from /home/den/Projects/venv/lib/python3.10/site-packages/airflow/example_dags/example_short_circuit_operator.py
[2023-11-20T15:04:23.663+0500] {logging_mixin.py:154} INFO - [2023-11-20T15:04:23.663+0500] {dag.py:2941} INFO - Sync 1 DAGs
[2023-11-20T15:04:23.677+0500] {logging_mixin.py:154} INFO - [2023-11-20T15:04:23.677+0500] {dag.py:3722} INFO - Setting next_dagrun for example_short_circuit_operator to 2023-11-19T10:04:23.676891+00:00, run_after=2023-11-20T10:04:23.676891+00:00
[2023-11-20T15:04:23.701+0500] {processor.py:179} INFO - Processing /home/den/Projects/venv/lib/python3.10/site-packages/airflow/example_dags/example_short_circuit_operator.py took 0.072 seconds
[2023-11-20T15:05:00.211+0500] {processor.py:157} INFO - Started process (PID=8412) to work on /home/den/Projects/venv/lib/python3.10/site-packages/airflow/example_dags/example_short_circuit_operator.py
[2023-11-20T15:05:00.212+0500] {processor.py:829} INFO - Processing file /home/den/Projects/venv/lib/python3.10/site-packages/airflow/example_dags/example_short_circuit_operator.py for tasks to queue
[2023-11-20T15:05:00.214+0500] {logging_mixin.py:154} INFO - [2023-11-20T15:05:00.213+0500] {dagbag.py:536} INFO - Filling up the DagBag from /home/den/Projects/venv/lib/python3.10/site-packages/airflow/example_dags/example_short_circuit_operator.py
[2023-11-20T15:05:00.231+0500] {processor.py:839} INFO - DAG(s) dict_keys(['example_short_circuit_operator']) retrieved from /home/den/Projects/venv/lib/python3.10/site-packages/airflow/example_dags/example_short_circuit_operator.py
[2023-11-20T15:05:00.259+0500] {logging_mixin.py:154} INFO - [2023-11-20T15:05:00.259+0500] {dag.py:2941} INFO - Sync 1 DAGs
[2023-11-20T15:05:00.281+0500] {logging_mixin.py:154} INFO - [2023-11-20T15:05:00.281+0500] {dag.py:3722} INFO - Setting next_dagrun for example_short_circuit_operator to 2023-11-19T10:05:00.280757+00:00, run_after=2023-11-20T10:05:00.280757+00:00
[2023-11-20T15:05:00.310+0500] {processor.py:179} INFO - Processing /home/den/Projects/venv/lib/python3.10/site-packages/airflow/example_dags/example_short_circuit_operator.py took 0.105 seconds
[2023-11-20T15:05:40.342+0500] {processor.py:157} INFO - Started process (PID=8464) to work on /home/den/Projects/venv/lib/python3.10/site-packages/airflow/example_dags/example_short_circuit_operator.py
[2023-11-20T15:05:40.347+0500] {processor.py:829} INFO - Processing file /home/den/Projects/venv/lib/python3.10/site-packages/airflow/example_dags/example_short_circuit_operator.py for tasks to queue
[2023-11-20T15:05:40.348+0500] {logging_mixin.py:154} INFO - [2023-11-20T15:05:40.348+0500] {dagbag.py:536} INFO - Filling up the DagBag from /home/den/Projects/venv/lib/python3.10/site-packages/airflow/example_dags/example_short_circuit_operator.py
[2023-11-20T15:05:40.361+0500] {processor.py:839} INFO - DAG(s) dict_keys(['example_short_circuit_operator']) retrieved from /home/den/Projects/venv/lib/python3.10/site-packages/airflow/example_dags/example_short_circuit_operator.py
[2023-11-20T15:05:40.392+0500] {logging_mixin.py:154} INFO - [2023-11-20T15:05:40.392+0500] {dag.py:2941} INFO - Sync 1 DAGs
[2023-11-20T15:05:40.419+0500] {logging_mixin.py:154} INFO - [2023-11-20T15:05:40.419+0500] {dag.py:3722} INFO - Setting next_dagrun for example_short_circuit_operator to 2023-11-19T10:05:40.419237+00:00, run_after=2023-11-20T10:05:40.419237+00:00
[2023-11-20T15:05:40.449+0500] {processor.py:179} INFO - Processing /home/den/Projects/venv/lib/python3.10/site-packages/airflow/example_dags/example_short_circuit_operator.py took 0.111 seconds
[2023-11-20T15:06:17.199+0500] {processor.py:157} INFO - Started process (PID=8536) to work on /home/den/Projects/venv/lib/python3.10/site-packages/airflow/example_dags/example_short_circuit_operator.py
[2023-11-20T15:06:17.205+0500] {processor.py:829} INFO - Processing file /home/den/Projects/venv/lib/python3.10/site-packages/airflow/example_dags/example_short_circuit_operator.py for tasks to queue
[2023-11-20T15:06:17.206+0500] {logging_mixin.py:154} INFO - [2023-11-20T15:06:17.206+0500] {dagbag.py:536} INFO - Filling up the DagBag from /home/den/Projects/venv/lib/python3.10/site-packages/airflow/example_dags/example_short_circuit_operator.py
[2023-11-20T15:06:17.217+0500] {processor.py:839} INFO - DAG(s) dict_keys(['example_short_circuit_operator']) retrieved from /home/den/Projects/venv/lib/python3.10/site-packages/airflow/example_dags/example_short_circuit_operator.py
[2023-11-20T15:06:17.240+0500] {logging_mixin.py:154} INFO - [2023-11-20T15:06:17.240+0500] {dag.py:2941} INFO - Sync 1 DAGs
[2023-11-20T15:06:17.258+0500] {logging_mixin.py:154} INFO - [2023-11-20T15:06:17.258+0500] {dag.py:3722} INFO - Setting next_dagrun for example_short_circuit_operator to 2023-11-19T10:06:17.258431+00:00, run_after=2023-11-20T10:06:17.258431+00:00
[2023-11-20T15:06:17.298+0500] {processor.py:179} INFO - Processing /home/den/Projects/venv/lib/python3.10/site-packages/airflow/example_dags/example_short_circuit_operator.py took 0.106 seconds
[2023-11-20T15:06:55.460+0500] {processor.py:157} INFO - Started process (PID=8596) to work on /home/den/Projects/venv/lib/python3.10/site-packages/airflow/example_dags/example_short_circuit_operator.py
[2023-11-20T15:06:55.473+0500] {processor.py:829} INFO - Processing file /home/den/Projects/venv/lib/python3.10/site-packages/airflow/example_dags/example_short_circuit_operator.py for tasks to queue
[2023-11-20T15:06:55.475+0500] {logging_mixin.py:154} INFO - [2023-11-20T15:06:55.474+0500] {dagbag.py:536} INFO - Filling up the DagBag from /home/den/Projects/venv/lib/python3.10/site-packages/airflow/example_dags/example_short_circuit_operator.py
[2023-11-20T15:06:55.492+0500] {processor.py:839} INFO - DAG(s) dict_keys(['example_short_circuit_operator']) retrieved from /home/den/Projects/venv/lib/python3.10/site-packages/airflow/example_dags/example_short_circuit_operator.py
[2023-11-20T15:06:55.531+0500] {logging_mixin.py:154} INFO - [2023-11-20T15:06:55.530+0500] {dag.py:2941} INFO - Sync 1 DAGs
[2023-11-20T15:06:55.556+0500] {logging_mixin.py:154} INFO - [2023-11-20T15:06:55.556+0500] {dag.py:3722} INFO - Setting next_dagrun for example_short_circuit_operator to 2023-11-19T10:06:55.555818+00:00, run_after=2023-11-20T10:06:55.555818+00:00
[2023-11-20T15:06:55.604+0500] {processor.py:179} INFO - Processing /home/den/Projects/venv/lib/python3.10/site-packages/airflow/example_dags/example_short_circuit_operator.py took 0.153 seconds
[2023-11-20T15:07:38.219+0500] {processor.py:157} INFO - Started process (PID=8657) to work on /home/den/Projects/venv/lib/python3.10/site-packages/airflow/example_dags/example_short_circuit_operator.py
[2023-11-20T15:07:38.229+0500] {processor.py:829} INFO - Processing file /home/den/Projects/venv/lib/python3.10/site-packages/airflow/example_dags/example_short_circuit_operator.py for tasks to queue
[2023-11-20T15:07:38.230+0500] {logging_mixin.py:154} INFO - [2023-11-20T15:07:38.230+0500] {dagbag.py:536} INFO - Filling up the DagBag from /home/den/Projects/venv/lib/python3.10/site-packages/airflow/example_dags/example_short_circuit_operator.py
[2023-11-20T15:07:38.247+0500] {processor.py:839} INFO - DAG(s) dict_keys(['example_short_circuit_operator']) retrieved from /home/den/Projects/venv/lib/python3.10/site-packages/airflow/example_dags/example_short_circuit_operator.py
[2023-11-20T15:07:38.271+0500] {logging_mixin.py:154} INFO - [2023-11-20T15:07:38.271+0500] {dag.py:2941} INFO - Sync 1 DAGs
[2023-11-20T15:07:38.329+0500] {logging_mixin.py:154} INFO - [2023-11-20T15:07:38.329+0500] {dag.py:3722} INFO - Setting next_dagrun for example_short_circuit_operator to 2023-11-19T10:07:38.328345+00:00, run_after=2023-11-20T10:07:38.328345+00:00
[2023-11-20T15:07:38.370+0500] {processor.py:179} INFO - Processing /home/den/Projects/venv/lib/python3.10/site-packages/airflow/example_dags/example_short_circuit_operator.py took 0.155 seconds
[2023-11-20T15:08:25.235+0500] {processor.py:157} INFO - Started process (PID=8753) to work on /home/den/Projects/venv/lib/python3.10/site-packages/airflow/example_dags/example_short_circuit_operator.py
[2023-11-20T15:08:25.238+0500] {processor.py:829} INFO - Processing file /home/den/Projects/venv/lib/python3.10/site-packages/airflow/example_dags/example_short_circuit_operator.py for tasks to queue
[2023-11-20T15:08:25.239+0500] {logging_mixin.py:154} INFO - [2023-11-20T15:08:25.239+0500] {dagbag.py:536} INFO - Filling up the DagBag from /home/den/Projects/venv/lib/python3.10/site-packages/airflow/example_dags/example_short_circuit_operator.py
[2023-11-20T15:08:25.268+0500] {processor.py:839} INFO - DAG(s) dict_keys(['example_short_circuit_operator']) retrieved from /home/den/Projects/venv/lib/python3.10/site-packages/airflow/example_dags/example_short_circuit_operator.py
[2023-11-20T15:08:25.309+0500] {logging_mixin.py:154} INFO - [2023-11-20T15:08:25.309+0500] {dag.py:2941} INFO - Sync 1 DAGs
[2023-11-20T15:08:25.352+0500] {logging_mixin.py:154} INFO - [2023-11-20T15:08:25.352+0500] {dag.py:3722} INFO - Setting next_dagrun for example_short_circuit_operator to 2023-11-19T10:08:25.352413+00:00, run_after=2023-11-20T10:08:25.352413+00:00
[2023-11-20T15:08:25.382+0500] {processor.py:179} INFO - Processing /home/den/Projects/venv/lib/python3.10/site-packages/airflow/example_dags/example_short_circuit_operator.py took 0.151 seconds
[2023-11-20T15:09:08.371+0500] {processor.py:157} INFO - Started process (PID=8809) to work on /home/den/Projects/venv/lib/python3.10/site-packages/airflow/example_dags/example_short_circuit_operator.py
[2023-11-20T15:09:08.375+0500] {processor.py:829} INFO - Processing file /home/den/Projects/venv/lib/python3.10/site-packages/airflow/example_dags/example_short_circuit_operator.py for tasks to queue
[2023-11-20T15:09:08.378+0500] {logging_mixin.py:154} INFO - [2023-11-20T15:09:08.378+0500] {dagbag.py:536} INFO - Filling up the DagBag from /home/den/Projects/venv/lib/python3.10/site-packages/airflow/example_dags/example_short_circuit_operator.py
[2023-11-20T15:09:08.393+0500] {processor.py:839} INFO - DAG(s) dict_keys(['example_short_circuit_operator']) retrieved from /home/den/Projects/venv/lib/python3.10/site-packages/airflow/example_dags/example_short_circuit_operator.py
[2023-11-20T15:09:08.435+0500] {logging_mixin.py:154} INFO - [2023-11-20T15:09:08.434+0500] {dag.py:2941} INFO - Sync 1 DAGs
[2023-11-20T15:09:08.463+0500] {logging_mixin.py:154} INFO - [2023-11-20T15:09:08.463+0500] {dag.py:3722} INFO - Setting next_dagrun for example_short_circuit_operator to 2023-11-19T10:09:08.462869+00:00, run_after=2023-11-20T10:09:08.462869+00:00
[2023-11-20T15:09:08.493+0500] {processor.py:179} INFO - Processing /home/den/Projects/venv/lib/python3.10/site-packages/airflow/example_dags/example_short_circuit_operator.py took 0.125 seconds
[2023-11-20T15:09:46.429+0500] {processor.py:157} INFO - Started process (PID=8857) to work on /home/den/Projects/venv/lib/python3.10/site-packages/airflow/example_dags/example_short_circuit_operator.py
[2023-11-20T15:09:46.430+0500] {processor.py:829} INFO - Processing file /home/den/Projects/venv/lib/python3.10/site-packages/airflow/example_dags/example_short_circuit_operator.py for tasks to queue
[2023-11-20T15:09:46.431+0500] {logging_mixin.py:154} INFO - [2023-11-20T15:09:46.431+0500] {dagbag.py:536} INFO - Filling up the DagBag from /home/den/Projects/venv/lib/python3.10/site-packages/airflow/example_dags/example_short_circuit_operator.py
[2023-11-20T15:09:46.443+0500] {processor.py:839} INFO - DAG(s) dict_keys(['example_short_circuit_operator']) retrieved from /home/den/Projects/venv/lib/python3.10/site-packages/airflow/example_dags/example_short_circuit_operator.py
[2023-11-20T15:09:46.465+0500] {logging_mixin.py:154} INFO - [2023-11-20T15:09:46.464+0500] {dag.py:2941} INFO - Sync 1 DAGs
[2023-11-20T15:09:46.492+0500] {logging_mixin.py:154} INFO - [2023-11-20T15:09:46.491+0500] {dag.py:3722} INFO - Setting next_dagrun for example_short_circuit_operator to 2023-11-19T10:09:46.491732+00:00, run_after=2023-11-20T10:09:46.491732+00:00
[2023-11-20T15:09:46.528+0500] {processor.py:179} INFO - Processing /home/den/Projects/venv/lib/python3.10/site-packages/airflow/example_dags/example_short_circuit_operator.py took 0.107 seconds
[2023-11-20T15:10:30.363+0500] {processor.py:157} INFO - Started process (PID=8942) to work on /home/den/Projects/venv/lib/python3.10/site-packages/airflow/example_dags/example_short_circuit_operator.py
[2023-11-20T15:10:30.368+0500] {processor.py:829} INFO - Processing file /home/den/Projects/venv/lib/python3.10/site-packages/airflow/example_dags/example_short_circuit_operator.py for tasks to queue
[2023-11-20T15:10:30.371+0500] {logging_mixin.py:154} INFO - [2023-11-20T15:10:30.370+0500] {dagbag.py:536} INFO - Filling up the DagBag from /home/den/Projects/venv/lib/python3.10/site-packages/airflow/example_dags/example_short_circuit_operator.py
[2023-11-20T15:10:30.378+0500] {processor.py:839} INFO - DAG(s) dict_keys(['example_short_circuit_operator']) retrieved from /home/den/Projects/venv/lib/python3.10/site-packages/airflow/example_dags/example_short_circuit_operator.py
[2023-11-20T15:10:30.410+0500] {logging_mixin.py:154} INFO - [2023-11-20T15:10:30.409+0500] {dag.py:2941} INFO - Sync 1 DAGs
[2023-11-20T15:10:30.437+0500] {logging_mixin.py:154} INFO - [2023-11-20T15:10:30.436+0500] {dag.py:3722} INFO - Setting next_dagrun for example_short_circuit_operator to 2023-11-19T10:10:30.436426+00:00, run_after=2023-11-20T10:10:30.436426+00:00
[2023-11-20T15:10:30.487+0500] {processor.py:179} INFO - Processing /home/den/Projects/venv/lib/python3.10/site-packages/airflow/example_dags/example_short_circuit_operator.py took 0.128 seconds
[2023-11-20T15:11:05.742+0500] {processor.py:157} INFO - Started process (PID=8989) to work on /home/den/Projects/venv/lib/python3.10/site-packages/airflow/example_dags/example_short_circuit_operator.py
[2023-11-20T15:11:05.745+0500] {processor.py:829} INFO - Processing file /home/den/Projects/venv/lib/python3.10/site-packages/airflow/example_dags/example_short_circuit_operator.py for tasks to queue
[2023-11-20T15:11:05.751+0500] {logging_mixin.py:154} INFO - [2023-11-20T15:11:05.749+0500] {dagbag.py:536} INFO - Filling up the DagBag from /home/den/Projects/venv/lib/python3.10/site-packages/airflow/example_dags/example_short_circuit_operator.py
[2023-11-20T15:11:05.761+0500] {processor.py:839} INFO - DAG(s) dict_keys(['example_short_circuit_operator']) retrieved from /home/den/Projects/venv/lib/python3.10/site-packages/airflow/example_dags/example_short_circuit_operator.py
[2023-11-20T15:11:05.787+0500] {logging_mixin.py:154} INFO - [2023-11-20T15:11:05.787+0500] {dag.py:2941} INFO - Sync 1 DAGs
[2023-11-20T15:11:05.810+0500] {logging_mixin.py:154} INFO - [2023-11-20T15:11:05.809+0500] {dag.py:3722} INFO - Setting next_dagrun for example_short_circuit_operator to 2023-11-19T10:11:05.809642+00:00, run_after=2023-11-20T10:11:05.809642+00:00
[2023-11-20T15:11:05.845+0500] {processor.py:179} INFO - Processing /home/den/Projects/venv/lib/python3.10/site-packages/airflow/example_dags/example_short_circuit_operator.py took 0.114 seconds
[2023-11-20T15:11:53.716+0500] {processor.py:157} INFO - Started process (PID=9081) to work on /home/den/Projects/venv/lib/python3.10/site-packages/airflow/example_dags/example_short_circuit_operator.py
[2023-11-20T15:11:53.722+0500] {processor.py:829} INFO - Processing file /home/den/Projects/venv/lib/python3.10/site-packages/airflow/example_dags/example_short_circuit_operator.py for tasks to queue
[2023-11-20T15:11:53.724+0500] {logging_mixin.py:154} INFO - [2023-11-20T15:11:53.723+0500] {dagbag.py:536} INFO - Filling up the DagBag from /home/den/Projects/venv/lib/python3.10/site-packages/airflow/example_dags/example_short_circuit_operator.py
[2023-11-20T15:11:53.736+0500] {processor.py:839} INFO - DAG(s) dict_keys(['example_short_circuit_operator']) retrieved from /home/den/Projects/venv/lib/python3.10/site-packages/airflow/example_dags/example_short_circuit_operator.py
[2023-11-20T15:11:53.750+0500] {logging_mixin.py:154} INFO - [2023-11-20T15:11:53.750+0500] {dag.py:2941} INFO - Sync 1 DAGs
[2023-11-20T15:11:53.763+0500] {logging_mixin.py:154} INFO - [2023-11-20T15:11:53.763+0500] {dag.py:3722} INFO - Setting next_dagrun for example_short_circuit_operator to 2023-11-19T10:11:53.763304+00:00, run_after=2023-11-20T10:11:53.763304+00:00
[2023-11-20T15:11:53.807+0500] {processor.py:179} INFO - Processing /home/den/Projects/venv/lib/python3.10/site-packages/airflow/example_dags/example_short_circuit_operator.py took 0.097 seconds
[2023-11-20T15:12:31.352+0500] {processor.py:157} INFO - Started process (PID=9130) to work on /home/den/Projects/venv/lib/python3.10/site-packages/airflow/example_dags/example_short_circuit_operator.py
[2023-11-20T15:12:31.357+0500] {processor.py:829} INFO - Processing file /home/den/Projects/venv/lib/python3.10/site-packages/airflow/example_dags/example_short_circuit_operator.py for tasks to queue
[2023-11-20T15:12:31.358+0500] {logging_mixin.py:154} INFO - [2023-11-20T15:12:31.358+0500] {dagbag.py:536} INFO - Filling up the DagBag from /home/den/Projects/venv/lib/python3.10/site-packages/airflow/example_dags/example_short_circuit_operator.py
[2023-11-20T15:12:31.370+0500] {processor.py:839} INFO - DAG(s) dict_keys(['example_short_circuit_operator']) retrieved from /home/den/Projects/venv/lib/python3.10/site-packages/airflow/example_dags/example_short_circuit_operator.py
[2023-11-20T15:12:31.390+0500] {logging_mixin.py:154} INFO - [2023-11-20T15:12:31.389+0500] {dag.py:2941} INFO - Sync 1 DAGs
[2023-11-20T15:12:31.404+0500] {logging_mixin.py:154} INFO - [2023-11-20T15:12:31.404+0500] {dag.py:3722} INFO - Setting next_dagrun for example_short_circuit_operator to 2023-11-19T10:12:31.403995+00:00, run_after=2023-11-20T10:12:31.403995+00:00
[2023-11-20T15:12:31.442+0500] {processor.py:179} INFO - Processing /home/den/Projects/venv/lib/python3.10/site-packages/airflow/example_dags/example_short_circuit_operator.py took 0.094 seconds
[2023-11-20T15:13:05.371+0500] {processor.py:157} INFO - Started process (PID=9174) to work on /home/den/Projects/venv/lib/python3.10/site-packages/airflow/example_dags/example_short_circuit_operator.py
[2023-11-20T15:13:05.372+0500] {processor.py:829} INFO - Processing file /home/den/Projects/venv/lib/python3.10/site-packages/airflow/example_dags/example_short_circuit_operator.py for tasks to queue
[2023-11-20T15:13:05.373+0500] {logging_mixin.py:154} INFO - [2023-11-20T15:13:05.373+0500] {dagbag.py:536} INFO - Filling up the DagBag from /home/den/Projects/venv/lib/python3.10/site-packages/airflow/example_dags/example_short_circuit_operator.py
[2023-11-20T15:13:05.388+0500] {processor.py:839} INFO - DAG(s) dict_keys(['example_short_circuit_operator']) retrieved from /home/den/Projects/venv/lib/python3.10/site-packages/airflow/example_dags/example_short_circuit_operator.py
[2023-11-20T15:13:05.414+0500] {logging_mixin.py:154} INFO - [2023-11-20T15:13:05.413+0500] {dag.py:2941} INFO - Sync 1 DAGs
[2023-11-20T15:13:05.441+0500] {logging_mixin.py:154} INFO - [2023-11-20T15:13:05.441+0500] {dag.py:3722} INFO - Setting next_dagrun for example_short_circuit_operator to 2023-11-19T10:13:05.440797+00:00, run_after=2023-11-20T10:13:05.440797+00:00
[2023-11-20T15:13:05.491+0500] {processor.py:179} INFO - Processing /home/den/Projects/venv/lib/python3.10/site-packages/airflow/example_dags/example_short_circuit_operator.py took 0.124 seconds
[2023-11-20T15:13:41.175+0500] {processor.py:157} INFO - Started process (PID=9227) to work on /home/den/Projects/venv/lib/python3.10/site-packages/airflow/example_dags/example_short_circuit_operator.py
[2023-11-20T15:13:41.180+0500] {processor.py:829} INFO - Processing file /home/den/Projects/venv/lib/python3.10/site-packages/airflow/example_dags/example_short_circuit_operator.py for tasks to queue
[2023-11-20T15:13:41.182+0500] {logging_mixin.py:154} INFO - [2023-11-20T15:13:41.181+0500] {dagbag.py:536} INFO - Filling up the DagBag from /home/den/Projects/venv/lib/python3.10/site-packages/airflow/example_dags/example_short_circuit_operator.py
[2023-11-20T15:13:41.197+0500] {processor.py:839} INFO - DAG(s) dict_keys(['example_short_circuit_operator']) retrieved from /home/den/Projects/venv/lib/python3.10/site-packages/airflow/example_dags/example_short_circuit_operator.py
[2023-11-20T15:13:41.221+0500] {logging_mixin.py:154} INFO - [2023-11-20T15:13:41.221+0500] {dag.py:2941} INFO - Sync 1 DAGs
[2023-11-20T15:13:41.242+0500] {logging_mixin.py:154} INFO - [2023-11-20T15:13:41.242+0500] {dag.py:3722} INFO - Setting next_dagrun for example_short_circuit_operator to 2023-11-19T10:13:41.242350+00:00, run_after=2023-11-20T10:13:41.242350+00:00
[2023-11-20T15:13:41.274+0500] {processor.py:179} INFO - Processing /home/den/Projects/venv/lib/python3.10/site-packages/airflow/example_dags/example_short_circuit_operator.py took 0.102 seconds
[2023-11-20T15:14:18.998+0500] {processor.py:157} INFO - Started process (PID=9304) to work on /home/den/Projects/venv/lib/python3.10/site-packages/airflow/example_dags/example_short_circuit_operator.py
[2023-11-20T15:14:19.001+0500] {processor.py:829} INFO - Processing file /home/den/Projects/venv/lib/python3.10/site-packages/airflow/example_dags/example_short_circuit_operator.py for tasks to queue
[2023-11-20T15:14:19.002+0500] {logging_mixin.py:154} INFO - [2023-11-20T15:14:19.001+0500] {dagbag.py:536} INFO - Filling up the DagBag from /home/den/Projects/venv/lib/python3.10/site-packages/airflow/example_dags/example_short_circuit_operator.py
[2023-11-20T15:14:19.011+0500] {processor.py:839} INFO - DAG(s) dict_keys(['example_short_circuit_operator']) retrieved from /home/den/Projects/venv/lib/python3.10/site-packages/airflow/example_dags/example_short_circuit_operator.py
[2023-11-20T15:14:19.035+0500] {logging_mixin.py:154} INFO - [2023-11-20T15:14:19.034+0500] {dag.py:2941} INFO - Sync 1 DAGs
[2023-11-20T15:14:19.054+0500] {logging_mixin.py:154} INFO - [2023-11-20T15:14:19.054+0500] {dag.py:3722} INFO - Setting next_dagrun for example_short_circuit_operator to 2023-11-19T10:14:19.053789+00:00, run_after=2023-11-20T10:14:19.053789+00:00
[2023-11-20T15:14:19.085+0500] {processor.py:179} INFO - Processing /home/den/Projects/venv/lib/python3.10/site-packages/airflow/example_dags/example_short_circuit_operator.py took 0.096 seconds
[2023-11-20T15:14:57.732+0500] {processor.py:157} INFO - Started process (PID=9362) to work on /home/den/Projects/venv/lib/python3.10/site-packages/airflow/example_dags/example_short_circuit_operator.py
[2023-11-20T15:14:57.733+0500] {processor.py:829} INFO - Processing file /home/den/Projects/venv/lib/python3.10/site-packages/airflow/example_dags/example_short_circuit_operator.py for tasks to queue
[2023-11-20T15:14:57.734+0500] {logging_mixin.py:154} INFO - [2023-11-20T15:14:57.734+0500] {dagbag.py:536} INFO - Filling up the DagBag from /home/den/Projects/venv/lib/python3.10/site-packages/airflow/example_dags/example_short_circuit_operator.py
[2023-11-20T15:14:57.750+0500] {processor.py:839} INFO - DAG(s) dict_keys(['example_short_circuit_operator']) retrieved from /home/den/Projects/venv/lib/python3.10/site-packages/airflow/example_dags/example_short_circuit_operator.py
[2023-11-20T15:14:57.768+0500] {logging_mixin.py:154} INFO - [2023-11-20T15:14:57.767+0500] {dag.py:2941} INFO - Sync 1 DAGs
[2023-11-20T15:14:57.805+0500] {logging_mixin.py:154} INFO - [2023-11-20T15:14:57.804+0500] {dag.py:3722} INFO - Setting next_dagrun for example_short_circuit_operator to 2023-11-19T10:14:57.802933+00:00, run_after=2023-11-20T10:14:57.802933+00:00
[2023-11-20T15:14:57.825+0500] {processor.py:179} INFO - Processing /home/den/Projects/venv/lib/python3.10/site-packages/airflow/example_dags/example_short_circuit_operator.py took 0.097 seconds
[2023-11-20T15:15:31.477+0500] {processor.py:157} INFO - Started process (PID=9413) to work on /home/den/Projects/venv/lib/python3.10/site-packages/airflow/example_dags/example_short_circuit_operator.py
[2023-11-20T15:15:31.479+0500] {processor.py:829} INFO - Processing file /home/den/Projects/venv/lib/python3.10/site-packages/airflow/example_dags/example_short_circuit_operator.py for tasks to queue
[2023-11-20T15:15:31.480+0500] {logging_mixin.py:154} INFO - [2023-11-20T15:15:31.480+0500] {dagbag.py:536} INFO - Filling up the DagBag from /home/den/Projects/venv/lib/python3.10/site-packages/airflow/example_dags/example_short_circuit_operator.py
[2023-11-20T15:15:31.489+0500] {processor.py:839} INFO - DAG(s) dict_keys(['example_short_circuit_operator']) retrieved from /home/den/Projects/venv/lib/python3.10/site-packages/airflow/example_dags/example_short_circuit_operator.py
[2023-11-20T15:15:31.504+0500] {logging_mixin.py:154} INFO - [2023-11-20T15:15:31.504+0500] {dag.py:2941} INFO - Sync 1 DAGs
[2023-11-20T15:15:31.520+0500] {logging_mixin.py:154} INFO - [2023-11-20T15:15:31.520+0500] {dag.py:3722} INFO - Setting next_dagrun for example_short_circuit_operator to 2023-11-19T10:15:31.519855+00:00, run_after=2023-11-20T10:15:31.519855+00:00
[2023-11-20T15:15:31.539+0500] {processor.py:179} INFO - Processing /home/den/Projects/venv/lib/python3.10/site-packages/airflow/example_dags/example_short_circuit_operator.py took 0.065 seconds
[2023-11-20T15:16:18.854+0500] {processor.py:157} INFO - Started process (PID=9497) to work on /home/den/Projects/venv/lib/python3.10/site-packages/airflow/example_dags/example_short_circuit_operator.py
[2023-11-20T15:16:18.855+0500] {processor.py:829} INFO - Processing file /home/den/Projects/venv/lib/python3.10/site-packages/airflow/example_dags/example_short_circuit_operator.py for tasks to queue
[2023-11-20T15:16:18.856+0500] {logging_mixin.py:154} INFO - [2023-11-20T15:16:18.855+0500] {dagbag.py:536} INFO - Filling up the DagBag from /home/den/Projects/venv/lib/python3.10/site-packages/airflow/example_dags/example_short_circuit_operator.py
[2023-11-20T15:16:18.863+0500] {processor.py:839} INFO - DAG(s) dict_keys(['example_short_circuit_operator']) retrieved from /home/den/Projects/venv/lib/python3.10/site-packages/airflow/example_dags/example_short_circuit_operator.py
[2023-11-20T15:16:18.878+0500] {logging_mixin.py:154} INFO - [2023-11-20T15:16:18.878+0500] {dag.py:2941} INFO - Sync 1 DAGs
[2023-11-20T15:16:18.894+0500] {logging_mixin.py:154} INFO - [2023-11-20T15:16:18.893+0500] {dag.py:3722} INFO - Setting next_dagrun for example_short_circuit_operator to 2023-11-19T10:16:18.893657+00:00, run_after=2023-11-20T10:16:18.893657+00:00
[2023-11-20T15:16:18.921+0500] {processor.py:179} INFO - Processing /home/den/Projects/venv/lib/python3.10/site-packages/airflow/example_dags/example_short_circuit_operator.py took 0.071 seconds
[2023-11-20T15:17:07.779+0500] {processor.py:157} INFO - Started process (PID=9570) to work on /home/den/Projects/venv/lib/python3.10/site-packages/airflow/example_dags/example_short_circuit_operator.py
[2023-11-20T15:17:07.780+0500] {processor.py:829} INFO - Processing file /home/den/Projects/venv/lib/python3.10/site-packages/airflow/example_dags/example_short_circuit_operator.py for tasks to queue
[2023-11-20T15:17:07.781+0500] {logging_mixin.py:154} INFO - [2023-11-20T15:17:07.780+0500] {dagbag.py:536} INFO - Filling up the DagBag from /home/den/Projects/venv/lib/python3.10/site-packages/airflow/example_dags/example_short_circuit_operator.py
[2023-11-20T15:17:07.788+0500] {processor.py:839} INFO - DAG(s) dict_keys(['example_short_circuit_operator']) retrieved from /home/den/Projects/venv/lib/python3.10/site-packages/airflow/example_dags/example_short_circuit_operator.py
[2023-11-20T15:17:07.803+0500] {logging_mixin.py:154} INFO - [2023-11-20T15:17:07.803+0500] {dag.py:2941} INFO - Sync 1 DAGs
[2023-11-20T15:17:07.819+0500] {logging_mixin.py:154} INFO - [2023-11-20T15:17:07.818+0500] {dag.py:3722} INFO - Setting next_dagrun for example_short_circuit_operator to 2023-11-19T10:17:07.818451+00:00, run_after=2023-11-20T10:17:07.818451+00:00
[2023-11-20T15:17:07.843+0500] {processor.py:179} INFO - Processing /home/den/Projects/venv/lib/python3.10/site-packages/airflow/example_dags/example_short_circuit_operator.py took 0.069 seconds
[2023-11-20T15:17:50.494+0500] {processor.py:157} INFO - Started process (PID=9650) to work on /home/den/Projects/venv/lib/python3.10/site-packages/airflow/example_dags/example_short_circuit_operator.py
[2023-11-20T15:17:50.496+0500] {processor.py:829} INFO - Processing file /home/den/Projects/venv/lib/python3.10/site-packages/airflow/example_dags/example_short_circuit_operator.py for tasks to queue
[2023-11-20T15:17:50.496+0500] {logging_mixin.py:154} INFO - [2023-11-20T15:17:50.496+0500] {dagbag.py:536} INFO - Filling up the DagBag from /home/den/Projects/venv/lib/python3.10/site-packages/airflow/example_dags/example_short_circuit_operator.py
[2023-11-20T15:17:50.504+0500] {processor.py:839} INFO - DAG(s) dict_keys(['example_short_circuit_operator']) retrieved from /home/den/Projects/venv/lib/python3.10/site-packages/airflow/example_dags/example_short_circuit_operator.py
[2023-11-20T15:17:50.517+0500] {logging_mixin.py:154} INFO - [2023-11-20T15:17:50.517+0500] {dag.py:2941} INFO - Sync 1 DAGs
[2023-11-20T15:17:50.530+0500] {logging_mixin.py:154} INFO - [2023-11-20T15:17:50.530+0500] {dag.py:3722} INFO - Setting next_dagrun for example_short_circuit_operator to 2023-11-19T10:17:50.529832+00:00, run_after=2023-11-20T10:17:50.529832+00:00
[2023-11-20T15:17:50.549+0500] {processor.py:179} INFO - Processing /home/den/Projects/venv/lib/python3.10/site-packages/airflow/example_dags/example_short_circuit_operator.py took 0.058 seconds
[2023-11-20T15:18:26.574+0500] {processor.py:157} INFO - Started process (PID=9706) to work on /home/den/Projects/venv/lib/python3.10/site-packages/airflow/example_dags/example_short_circuit_operator.py
[2023-11-20T15:18:26.584+0500] {processor.py:829} INFO - Processing file /home/den/Projects/venv/lib/python3.10/site-packages/airflow/example_dags/example_short_circuit_operator.py for tasks to queue
[2023-11-20T15:18:26.585+0500] {logging_mixin.py:154} INFO - [2023-11-20T15:18:26.584+0500] {dagbag.py:536} INFO - Filling up the DagBag from /home/den/Projects/venv/lib/python3.10/site-packages/airflow/example_dags/example_short_circuit_operator.py
[2023-11-20T15:18:26.602+0500] {processor.py:839} INFO - DAG(s) dict_keys(['example_short_circuit_operator']) retrieved from /home/den/Projects/venv/lib/python3.10/site-packages/airflow/example_dags/example_short_circuit_operator.py
[2023-11-20T15:18:26.627+0500] {logging_mixin.py:154} INFO - [2023-11-20T15:18:26.626+0500] {dag.py:2941} INFO - Sync 1 DAGs
[2023-11-20T15:18:26.653+0500] {logging_mixin.py:154} INFO - [2023-11-20T15:18:26.653+0500] {dag.py:3722} INFO - Setting next_dagrun for example_short_circuit_operator to 2023-11-19T10:18:26.652312+00:00, run_after=2023-11-20T10:18:26.652312+00:00
[2023-11-20T15:18:26.674+0500] {processor.py:179} INFO - Processing /home/den/Projects/venv/lib/python3.10/site-packages/airflow/example_dags/example_short_circuit_operator.py took 0.102 seconds
[2023-11-20T15:19:01.358+0500] {processor.py:157} INFO - Started process (PID=9756) to work on /home/den/Projects/venv/lib/python3.10/site-packages/airflow/example_dags/example_short_circuit_operator.py
[2023-11-20T15:19:01.359+0500] {processor.py:829} INFO - Processing file /home/den/Projects/venv/lib/python3.10/site-packages/airflow/example_dags/example_short_circuit_operator.py for tasks to queue
[2023-11-20T15:19:01.360+0500] {logging_mixin.py:154} INFO - [2023-11-20T15:19:01.359+0500] {dagbag.py:536} INFO - Filling up the DagBag from /home/den/Projects/venv/lib/python3.10/site-packages/airflow/example_dags/example_short_circuit_operator.py
[2023-11-20T15:19:01.369+0500] {processor.py:839} INFO - DAG(s) dict_keys(['example_short_circuit_operator']) retrieved from /home/den/Projects/venv/lib/python3.10/site-packages/airflow/example_dags/example_short_circuit_operator.py
[2023-11-20T15:19:01.389+0500] {logging_mixin.py:154} INFO - [2023-11-20T15:19:01.388+0500] {dag.py:2941} INFO - Sync 1 DAGs
[2023-11-20T15:19:01.404+0500] {logging_mixin.py:154} INFO - [2023-11-20T15:19:01.404+0500] {dag.py:3722} INFO - Setting next_dagrun for example_short_circuit_operator to 2023-11-19T10:19:01.404099+00:00, run_after=2023-11-20T10:19:01.404099+00:00
[2023-11-20T15:19:01.423+0500] {processor.py:179} INFO - Processing /home/den/Projects/venv/lib/python3.10/site-packages/airflow/example_dags/example_short_circuit_operator.py took 0.069 seconds
[2023-11-20T15:19:46.373+0500] {processor.py:157} INFO - Started process (PID=9826) to work on /home/den/Projects/venv/lib/python3.10/site-packages/airflow/example_dags/example_short_circuit_operator.py
[2023-11-20T15:19:46.375+0500] {processor.py:829} INFO - Processing file /home/den/Projects/venv/lib/python3.10/site-packages/airflow/example_dags/example_short_circuit_operator.py for tasks to queue
[2023-11-20T15:19:46.376+0500] {logging_mixin.py:154} INFO - [2023-11-20T15:19:46.375+0500] {dagbag.py:536} INFO - Filling up the DagBag from /home/den/Projects/venv/lib/python3.10/site-packages/airflow/example_dags/example_short_circuit_operator.py
[2023-11-20T15:19:46.405+0500] {processor.py:839} INFO - DAG(s) dict_keys(['example_short_circuit_operator']) retrieved from /home/den/Projects/venv/lib/python3.10/site-packages/airflow/example_dags/example_short_circuit_operator.py
[2023-11-20T15:19:46.441+0500] {logging_mixin.py:154} INFO - [2023-11-20T15:19:46.440+0500] {dag.py:2941} INFO - Sync 1 DAGs
[2023-11-20T15:19:46.468+0500] {logging_mixin.py:154} INFO - [2023-11-20T15:19:46.468+0500] {dag.py:3722} INFO - Setting next_dagrun for example_short_circuit_operator to 2023-11-19T10:19:46.466963+00:00, run_after=2023-11-20T10:19:46.466963+00:00
[2023-11-20T15:19:46.490+0500] {processor.py:179} INFO - Processing /home/den/Projects/venv/lib/python3.10/site-packages/airflow/example_dags/example_short_circuit_operator.py took 0.120 seconds
[2023-11-20T15:20:25.894+0500] {processor.py:157} INFO - Started process (PID=9960) to work on /home/den/Projects/venv/lib/python3.10/site-packages/airflow/example_dags/example_short_circuit_operator.py
[2023-11-20T15:20:25.908+0500] {processor.py:829} INFO - Processing file /home/den/Projects/venv/lib/python3.10/site-packages/airflow/example_dags/example_short_circuit_operator.py for tasks to queue
[2023-11-20T15:20:25.909+0500] {logging_mixin.py:154} INFO - [2023-11-20T15:20:25.909+0500] {dagbag.py:536} INFO - Filling up the DagBag from /home/den/Projects/venv/lib/python3.10/site-packages/airflow/example_dags/example_short_circuit_operator.py
[2023-11-20T15:20:25.925+0500] {processor.py:839} INFO - DAG(s) dict_keys(['example_short_circuit_operator']) retrieved from /home/den/Projects/venv/lib/python3.10/site-packages/airflow/example_dags/example_short_circuit_operator.py
[2023-11-20T15:20:25.984+0500] {logging_mixin.py:154} INFO - [2023-11-20T15:20:25.983+0500] {dag.py:2941} INFO - Sync 1 DAGs
[2023-11-20T15:20:26.077+0500] {logging_mixin.py:154} INFO - [2023-11-20T15:20:26.076+0500] {dag.py:3722} INFO - Setting next_dagrun for example_short_circuit_operator to 2023-11-19T10:20:26.075845+00:00, run_after=2023-11-20T10:20:26.075845+00:00
[2023-11-20T15:20:26.141+0500] {processor.py:179} INFO - Processing /home/den/Projects/venv/lib/python3.10/site-packages/airflow/example_dags/example_short_circuit_operator.py took 0.250 seconds
[2023-11-20T15:21:08.958+0500] {processor.py:157} INFO - Started process (PID=10011) to work on /home/den/Projects/venv/lib/python3.10/site-packages/airflow/example_dags/example_short_circuit_operator.py
[2023-11-20T15:21:08.971+0500] {processor.py:829} INFO - Processing file /home/den/Projects/venv/lib/python3.10/site-packages/airflow/example_dags/example_short_circuit_operator.py for tasks to queue
[2023-11-20T15:21:08.972+0500] {logging_mixin.py:154} INFO - [2023-11-20T15:21:08.971+0500] {dagbag.py:536} INFO - Filling up the DagBag from /home/den/Projects/venv/lib/python3.10/site-packages/airflow/example_dags/example_short_circuit_operator.py
[2023-11-20T15:21:08.979+0500] {processor.py:839} INFO - DAG(s) dict_keys(['example_short_circuit_operator']) retrieved from /home/den/Projects/venv/lib/python3.10/site-packages/airflow/example_dags/example_short_circuit_operator.py
[2023-11-20T15:21:08.996+0500] {logging_mixin.py:154} INFO - [2023-11-20T15:21:08.996+0500] {dag.py:2941} INFO - Sync 1 DAGs
[2023-11-20T15:21:09.036+0500] {logging_mixin.py:154} INFO - [2023-11-20T15:21:09.036+0500] {dag.py:3722} INFO - Setting next_dagrun for example_short_circuit_operator to 2023-11-19T10:21:09.034128+00:00, run_after=2023-11-20T10:21:09.034128+00:00
[2023-11-20T15:21:09.086+0500] {processor.py:179} INFO - Processing /home/den/Projects/venv/lib/python3.10/site-packages/airflow/example_dags/example_short_circuit_operator.py took 0.132 seconds
[2023-11-20T15:21:51.887+0500] {processor.py:157} INFO - Started process (PID=10082) to work on /home/den/Projects/venv/lib/python3.10/site-packages/airflow/example_dags/example_short_circuit_operator.py
[2023-11-20T15:21:51.898+0500] {processor.py:829} INFO - Processing file /home/den/Projects/venv/lib/python3.10/site-packages/airflow/example_dags/example_short_circuit_operator.py for tasks to queue
[2023-11-20T15:21:51.900+0500] {logging_mixin.py:154} INFO - [2023-11-20T15:21:51.899+0500] {dagbag.py:536} INFO - Filling up the DagBag from /home/den/Projects/venv/lib/python3.10/site-packages/airflow/example_dags/example_short_circuit_operator.py
[2023-11-20T15:21:51.928+0500] {processor.py:839} INFO - DAG(s) dict_keys(['example_short_circuit_operator']) retrieved from /home/den/Projects/venv/lib/python3.10/site-packages/airflow/example_dags/example_short_circuit_operator.py
[2023-11-20T15:21:51.967+0500] {logging_mixin.py:154} INFO - [2023-11-20T15:21:51.966+0500] {dag.py:2941} INFO - Sync 1 DAGs
[2023-11-20T15:21:52.028+0500] {logging_mixin.py:154} INFO - [2023-11-20T15:21:52.027+0500] {dag.py:3722} INFO - Setting next_dagrun for example_short_circuit_operator to 2023-11-19T10:21:52.025159+00:00, run_after=2023-11-20T10:21:52.025159+00:00
[2023-11-20T15:21:52.108+0500] {processor.py:179} INFO - Processing /home/den/Projects/venv/lib/python3.10/site-packages/airflow/example_dags/example_short_circuit_operator.py took 0.227 seconds
[2023-11-20T15:22:35.788+0500] {processor.py:157} INFO - Started process (PID=10153) to work on /home/den/Projects/venv/lib/python3.10/site-packages/airflow/example_dags/example_short_circuit_operator.py
[2023-11-20T15:22:35.790+0500] {processor.py:829} INFO - Processing file /home/den/Projects/venv/lib/python3.10/site-packages/airflow/example_dags/example_short_circuit_operator.py for tasks to queue
[2023-11-20T15:22:35.791+0500] {logging_mixin.py:154} INFO - [2023-11-20T15:22:35.791+0500] {dagbag.py:536} INFO - Filling up the DagBag from /home/den/Projects/venv/lib/python3.10/site-packages/airflow/example_dags/example_short_circuit_operator.py
[2023-11-20T15:22:35.809+0500] {processor.py:839} INFO - DAG(s) dict_keys(['example_short_circuit_operator']) retrieved from /home/den/Projects/venv/lib/python3.10/site-packages/airflow/example_dags/example_short_circuit_operator.py
[2023-11-20T15:22:35.860+0500] {logging_mixin.py:154} INFO - [2023-11-20T15:22:35.860+0500] {dag.py:2941} INFO - Sync 1 DAGs
[2023-11-20T15:22:35.922+0500] {logging_mixin.py:154} INFO - [2023-11-20T15:22:35.922+0500] {dag.py:3722} INFO - Setting next_dagrun for example_short_circuit_operator to 2023-11-19T10:22:35.922127+00:00, run_after=2023-11-20T10:22:35.922127+00:00
[2023-11-20T15:22:35.980+0500] {processor.py:179} INFO - Processing /home/den/Projects/venv/lib/python3.10/site-packages/airflow/example_dags/example_short_circuit_operator.py took 0.198 seconds
[2023-11-20T15:23:16.722+0500] {processor.py:157} INFO - Started process (PID=10217) to work on /home/den/Projects/venv/lib/python3.10/site-packages/airflow/example_dags/example_short_circuit_operator.py
[2023-11-20T15:23:16.731+0500] {processor.py:829} INFO - Processing file /home/den/Projects/venv/lib/python3.10/site-packages/airflow/example_dags/example_short_circuit_operator.py for tasks to queue
[2023-11-20T15:23:16.732+0500] {logging_mixin.py:154} INFO - [2023-11-20T15:23:16.731+0500] {dagbag.py:536} INFO - Filling up the DagBag from /home/den/Projects/venv/lib/python3.10/site-packages/airflow/example_dags/example_short_circuit_operator.py
[2023-11-20T15:23:16.833+0500] {processor.py:839} INFO - DAG(s) dict_keys(['example_short_circuit_operator']) retrieved from /home/den/Projects/venv/lib/python3.10/site-packages/airflow/example_dags/example_short_circuit_operator.py
[2023-11-20T15:23:16.903+0500] {logging_mixin.py:154} INFO - [2023-11-20T15:23:16.903+0500] {dag.py:2941} INFO - Sync 1 DAGs
[2023-11-20T15:23:16.968+0500] {logging_mixin.py:154} INFO - [2023-11-20T15:23:16.967+0500] {dag.py:3722} INFO - Setting next_dagrun for example_short_circuit_operator to 2023-11-19T10:23:16.964920+00:00, run_after=2023-11-20T10:23:16.964920+00:00
[2023-11-20T15:23:17.016+0500] {processor.py:179} INFO - Processing /home/den/Projects/venv/lib/python3.10/site-packages/airflow/example_dags/example_short_circuit_operator.py took 0.298 seconds
