[2023-11-20T14:39:27.608+0500] {processor.py:157} INFO - Started process (PID=5162) to work on /home/den/Projects/venv/lib/python3.10/site-packages/airflow/example_dags/example_xcomargs.py
[2023-11-20T14:39:27.609+0500] {processor.py:829} INFO - Processing file /home/den/Projects/venv/lib/python3.10/site-packages/airflow/example_dags/example_xcomargs.py for tasks to queue
[2023-11-20T14:39:27.609+0500] {logging_mixin.py:154} INFO - [2023-11-20T14:39:27.609+0500] {dagbag.py:536} INFO - Filling up the DagBag from /home/den/Projects/venv/lib/python3.10/site-packages/airflow/example_dags/example_xcomargs.py
[2023-11-20T14:39:27.623+0500] {processor.py:839} INFO - DAG(s) dict_keys(['example_xcom_args', 'example_xcom_args_with_operators']) retrieved from /home/den/Projects/venv/lib/python3.10/site-packages/airflow/example_dags/example_xcomargs.py
[2023-11-20T14:39:27.705+0500] {logging_mixin.py:154} INFO - [2023-11-20T14:39:27.705+0500] {manager.py:499} INFO - Created Permission View: %s
[2023-11-20T14:39:27.716+0500] {logging_mixin.py:154} INFO - [2023-11-20T14:39:27.716+0500] {manager.py:499} INFO - Created Permission View: %s
[2023-11-20T14:39:27.725+0500] {logging_mixin.py:154} INFO - [2023-11-20T14:39:27.725+0500] {manager.py:499} INFO - Created Permission View: %s
[2023-11-20T14:39:27.744+0500] {logging_mixin.py:154} INFO - [2023-11-20T14:39:27.744+0500] {manager.py:499} INFO - Created Permission View: %s
[2023-11-20T14:39:27.752+0500] {logging_mixin.py:154} INFO - [2023-11-20T14:39:27.752+0500] {manager.py:499} INFO - Created Permission View: %s
[2023-11-20T14:39:27.762+0500] {logging_mixin.py:154} INFO - [2023-11-20T14:39:27.762+0500] {manager.py:499} INFO - Created Permission View: %s
[2023-11-20T14:39:27.763+0500] {logging_mixin.py:154} INFO - [2023-11-20T14:39:27.763+0500] {dag.py:2941} INFO - Sync 2 DAGs
[2023-11-20T14:39:27.771+0500] {logging_mixin.py:154} INFO - [2023-11-20T14:39:27.771+0500] {dag.py:2963} INFO - Creating ORM DAG for example_xcom_args_with_operators
[2023-11-20T14:39:27.772+0500] {logging_mixin.py:154} INFO - [2023-11-20T14:39:27.772+0500] {dag.py:2963} INFO - Creating ORM DAG for example_xcom_args
[2023-11-20T14:39:27.772+0500] {logging_mixin.py:154} INFO - [2023-11-20T14:39:27.772+0500] {dag.py:3722} INFO - Setting next_dagrun for example_xcom_args to None, run_after=None
[2023-11-20T14:39:27.772+0500] {logging_mixin.py:154} INFO - [2023-11-20T14:39:27.772+0500] {dag.py:3722} INFO - Setting next_dagrun for example_xcom_args_with_operators to None, run_after=None
[2023-11-20T14:39:27.794+0500] {processor.py:179} INFO - Processing /home/den/Projects/venv/lib/python3.10/site-packages/airflow/example_dags/example_xcomargs.py took 0.189 seconds
[2023-11-20T14:40:19.881+0500] {processor.py:157} INFO - Started process (PID=5279) to work on /home/den/Projects/venv/lib/python3.10/site-packages/airflow/example_dags/example_xcomargs.py
[2023-11-20T14:40:19.884+0500] {processor.py:829} INFO - Processing file /home/den/Projects/venv/lib/python3.10/site-packages/airflow/example_dags/example_xcomargs.py for tasks to queue
[2023-11-20T14:40:19.884+0500] {logging_mixin.py:154} INFO - [2023-11-20T14:40:19.884+0500] {dagbag.py:536} INFO - Filling up the DagBag from /home/den/Projects/venv/lib/python3.10/site-packages/airflow/example_dags/example_xcomargs.py
[2023-11-20T14:40:19.893+0500] {processor.py:839} INFO - DAG(s) dict_keys(['example_xcom_args', 'example_xcom_args_with_operators']) retrieved from /home/den/Projects/venv/lib/python3.10/site-packages/airflow/example_dags/example_xcomargs.py
[2023-11-20T14:40:19.914+0500] {logging_mixin.py:154} INFO - [2023-11-20T14:40:19.913+0500] {dag.py:2941} INFO - Sync 2 DAGs
[2023-11-20T14:40:19.927+0500] {logging_mixin.py:154} INFO - [2023-11-20T14:40:19.926+0500] {dag.py:3722} INFO - Setting next_dagrun for example_xcom_args to None, run_after=None
[2023-11-20T14:40:19.929+0500] {logging_mixin.py:154} INFO - [2023-11-20T14:40:19.929+0500] {dag.py:3722} INFO - Setting next_dagrun for example_xcom_args_with_operators to None, run_after=None
[2023-11-20T14:40:19.948+0500] {processor.py:179} INFO - Processing /home/den/Projects/venv/lib/python3.10/site-packages/airflow/example_dags/example_xcomargs.py took 0.069 seconds
[2023-11-20T14:49:54.498+0500] {processor.py:157} INFO - Started process (PID=6467) to work on /home/den/Projects/venv/lib/python3.10/site-packages/airflow/example_dags/example_xcomargs.py
[2023-11-20T14:49:54.505+0500] {processor.py:829} INFO - Processing file /home/den/Projects/venv/lib/python3.10/site-packages/airflow/example_dags/example_xcomargs.py for tasks to queue
[2023-11-20T14:49:54.507+0500] {logging_mixin.py:154} INFO - [2023-11-20T14:49:54.506+0500] {dagbag.py:536} INFO - Filling up the DagBag from /home/den/Projects/venv/lib/python3.10/site-packages/airflow/example_dags/example_xcomargs.py
[2023-11-20T14:49:54.550+0500] {processor.py:839} INFO - DAG(s) dict_keys(['example_xcom_args', 'example_xcom_args_with_operators']) retrieved from /home/den/Projects/venv/lib/python3.10/site-packages/airflow/example_dags/example_xcomargs.py
[2023-11-20T14:49:54.604+0500] {logging_mixin.py:154} INFO - [2023-11-20T14:49:54.604+0500] {dag.py:2941} INFO - Sync 2 DAGs
[2023-11-20T14:49:54.612+0500] {logging_mixin.py:154} INFO - [2023-11-20T14:49:54.612+0500] {dag.py:3722} INFO - Setting next_dagrun for example_xcom_args to None, run_after=None
[2023-11-20T14:49:54.614+0500] {logging_mixin.py:154} INFO - [2023-11-20T14:49:54.614+0500] {dag.py:3722} INFO - Setting next_dagrun for example_xcom_args_with_operators to None, run_after=None
[2023-11-20T14:49:54.764+0500] {processor.py:179} INFO - Processing /home/den/Projects/venv/lib/python3.10/site-packages/airflow/example_dags/example_xcomargs.py took 0.269 seconds
[2023-11-20T14:50:45.175+0500] {processor.py:157} INFO - Started process (PID=6561) to work on /home/den/Projects/venv/lib/python3.10/site-packages/airflow/example_dags/example_xcomargs.py
[2023-11-20T14:50:45.180+0500] {processor.py:829} INFO - Processing file /home/den/Projects/venv/lib/python3.10/site-packages/airflow/example_dags/example_xcomargs.py for tasks to queue
[2023-11-20T14:50:45.181+0500] {logging_mixin.py:154} INFO - [2023-11-20T14:50:45.181+0500] {dagbag.py:536} INFO - Filling up the DagBag from /home/den/Projects/venv/lib/python3.10/site-packages/airflow/example_dags/example_xcomargs.py
[2023-11-20T14:50:45.189+0500] {processor.py:839} INFO - DAG(s) dict_keys(['example_xcom_args', 'example_xcom_args_with_operators']) retrieved from /home/den/Projects/venv/lib/python3.10/site-packages/airflow/example_dags/example_xcomargs.py
[2023-11-20T14:50:45.210+0500] {logging_mixin.py:154} INFO - [2023-11-20T14:50:45.210+0500] {dag.py:2941} INFO - Sync 2 DAGs
[2023-11-20T14:50:45.224+0500] {logging_mixin.py:154} INFO - [2023-11-20T14:50:45.224+0500] {dag.py:3722} INFO - Setting next_dagrun for example_xcom_args to None, run_after=None
[2023-11-20T14:50:45.226+0500] {logging_mixin.py:154} INFO - [2023-11-20T14:50:45.226+0500] {dag.py:3722} INFO - Setting next_dagrun for example_xcom_args_with_operators to None, run_after=None
[2023-11-20T14:50:45.249+0500] {processor.py:179} INFO - Processing /home/den/Projects/venv/lib/python3.10/site-packages/airflow/example_dags/example_xcomargs.py took 0.083 seconds
[2023-11-20T14:51:31.576+0500] {processor.py:157} INFO - Started process (PID=6619) to work on /home/den/Projects/venv/lib/python3.10/site-packages/airflow/example_dags/example_xcomargs.py
[2023-11-20T14:51:31.577+0500] {processor.py:829} INFO - Processing file /home/den/Projects/venv/lib/python3.10/site-packages/airflow/example_dags/example_xcomargs.py for tasks to queue
[2023-11-20T14:51:31.578+0500] {logging_mixin.py:154} INFO - [2023-11-20T14:51:31.578+0500] {dagbag.py:536} INFO - Filling up the DagBag from /home/den/Projects/venv/lib/python3.10/site-packages/airflow/example_dags/example_xcomargs.py
[2023-11-20T14:51:31.585+0500] {processor.py:839} INFO - DAG(s) dict_keys(['example_xcom_args_with_operators', 'example_xcom_args']) retrieved from /home/den/Projects/venv/lib/python3.10/site-packages/airflow/example_dags/example_xcomargs.py
[2023-11-20T14:51:31.599+0500] {logging_mixin.py:154} INFO - [2023-11-20T14:51:31.599+0500] {dag.py:2941} INFO - Sync 2 DAGs
[2023-11-20T14:51:31.608+0500] {logging_mixin.py:154} INFO - [2023-11-20T14:51:31.608+0500] {dag.py:3722} INFO - Setting next_dagrun for example_xcom_args to None, run_after=None
[2023-11-20T14:51:31.610+0500] {logging_mixin.py:154} INFO - [2023-11-20T14:51:31.610+0500] {dag.py:3722} INFO - Setting next_dagrun for example_xcom_args_with_operators to None, run_after=None
[2023-11-20T14:51:31.625+0500] {processor.py:179} INFO - Processing /home/den/Projects/venv/lib/python3.10/site-packages/airflow/example_dags/example_xcomargs.py took 0.052 seconds
[2023-11-20T14:52:24.968+0500] {processor.py:157} INFO - Started process (PID=6765) to work on /home/den/Projects/venv/lib/python3.10/site-packages/airflow/example_dags/example_xcomargs.py
[2023-11-20T14:52:24.976+0500] {processor.py:829} INFO - Processing file /home/den/Projects/venv/lib/python3.10/site-packages/airflow/example_dags/example_xcomargs.py for tasks to queue
[2023-11-20T14:52:24.978+0500] {logging_mixin.py:154} INFO - [2023-11-20T14:52:24.977+0500] {dagbag.py:536} INFO - Filling up the DagBag from /home/den/Projects/venv/lib/python3.10/site-packages/airflow/example_dags/example_xcomargs.py
[2023-11-20T14:52:25.011+0500] {processor.py:839} INFO - DAG(s) dict_keys(['example_xcom_args_with_operators', 'example_xcom_args']) retrieved from /home/den/Projects/venv/lib/python3.10/site-packages/airflow/example_dags/example_xcomargs.py
[2023-11-20T14:52:25.056+0500] {logging_mixin.py:154} INFO - [2023-11-20T14:52:25.055+0500] {dag.py:2941} INFO - Sync 2 DAGs
[2023-11-20T14:52:25.099+0500] {logging_mixin.py:154} INFO - [2023-11-20T14:52:25.099+0500] {dag.py:3722} INFO - Setting next_dagrun for example_xcom_args to None, run_after=None
[2023-11-20T14:52:25.142+0500] {logging_mixin.py:154} INFO - [2023-11-20T14:52:25.142+0500] {dag.py:3722} INFO - Setting next_dagrun for example_xcom_args_with_operators to None, run_after=None
[2023-11-20T14:52:25.177+0500] {processor.py:179} INFO - Processing /home/den/Projects/venv/lib/python3.10/site-packages/airflow/example_dags/example_xcomargs.py took 0.217 seconds
[2023-11-20T14:53:11.805+0500] {processor.py:157} INFO - Started process (PID=7348) to work on /home/den/Projects/venv/lib/python3.10/site-packages/airflow/example_dags/example_xcomargs.py
[2023-11-20T14:53:11.813+0500] {processor.py:829} INFO - Processing file /home/den/Projects/venv/lib/python3.10/site-packages/airflow/example_dags/example_xcomargs.py for tasks to queue
[2023-11-20T14:53:11.813+0500] {logging_mixin.py:154} INFO - [2023-11-20T14:53:11.813+0500] {dagbag.py:536} INFO - Filling up the DagBag from /home/den/Projects/venv/lib/python3.10/site-packages/airflow/example_dags/example_xcomargs.py
[2023-11-20T14:53:11.835+0500] {processor.py:839} INFO - DAG(s) dict_keys(['example_xcom_args', 'example_xcom_args_with_operators']) retrieved from /home/den/Projects/venv/lib/python3.10/site-packages/airflow/example_dags/example_xcomargs.py
[2023-11-20T14:53:11.906+0500] {logging_mixin.py:154} INFO - [2023-11-20T14:53:11.906+0500] {dag.py:2941} INFO - Sync 2 DAGs
[2023-11-20T14:53:11.968+0500] {logging_mixin.py:154} INFO - [2023-11-20T14:53:11.968+0500] {dag.py:3722} INFO - Setting next_dagrun for example_xcom_args to None, run_after=None
[2023-11-20T14:53:11.972+0500] {logging_mixin.py:154} INFO - [2023-11-20T14:53:11.972+0500] {dag.py:3722} INFO - Setting next_dagrun for example_xcom_args_with_operators to None, run_after=None
[2023-11-20T14:53:12.005+0500] {processor.py:179} INFO - Processing /home/den/Projects/venv/lib/python3.10/site-packages/airflow/example_dags/example_xcomargs.py took 0.205 seconds
[2023-11-20T14:54:46.254+0500] {processor.py:157} INFO - Started process (PID=7493) to work on /home/den/Projects/venv/lib/python3.10/site-packages/airflow/example_dags/example_xcomargs.py
[2023-11-20T14:54:46.256+0500] {processor.py:829} INFO - Processing file /home/den/Projects/venv/lib/python3.10/site-packages/airflow/example_dags/example_xcomargs.py for tasks to queue
[2023-11-20T14:54:46.257+0500] {logging_mixin.py:154} INFO - [2023-11-20T14:54:46.256+0500] {dagbag.py:536} INFO - Filling up the DagBag from /home/den/Projects/venv/lib/python3.10/site-packages/airflow/example_dags/example_xcomargs.py
[2023-11-20T14:54:46.265+0500] {processor.py:839} INFO - DAG(s) dict_keys(['example_xcom_args_with_operators', 'example_xcom_args']) retrieved from /home/den/Projects/venv/lib/python3.10/site-packages/airflow/example_dags/example_xcomargs.py
[2023-11-20T14:54:46.281+0500] {logging_mixin.py:154} INFO - [2023-11-20T14:54:46.281+0500] {dag.py:2941} INFO - Sync 2 DAGs
[2023-11-20T14:54:46.290+0500] {logging_mixin.py:154} INFO - [2023-11-20T14:54:46.290+0500] {dag.py:3722} INFO - Setting next_dagrun for example_xcom_args to None, run_after=None
[2023-11-20T14:54:46.292+0500] {logging_mixin.py:154} INFO - [2023-11-20T14:54:46.292+0500] {dag.py:3722} INFO - Setting next_dagrun for example_xcom_args_with_operators to None, run_after=None
[2023-11-20T14:54:46.309+0500] {processor.py:179} INFO - Processing /home/den/Projects/venv/lib/python3.10/site-packages/airflow/example_dags/example_xcomargs.py took 0.058 seconds
[2023-11-20T14:57:28.866+0500] {processor.py:157} INFO - Started process (PID=7650) to work on /home/den/Projects/venv/lib/python3.10/site-packages/airflow/example_dags/example_xcomargs.py
[2023-11-20T14:57:28.867+0500] {processor.py:829} INFO - Processing file /home/den/Projects/venv/lib/python3.10/site-packages/airflow/example_dags/example_xcomargs.py for tasks to queue
[2023-11-20T14:57:28.868+0500] {logging_mixin.py:154} INFO - [2023-11-20T14:57:28.868+0500] {dagbag.py:536} INFO - Filling up the DagBag from /home/den/Projects/venv/lib/python3.10/site-packages/airflow/example_dags/example_xcomargs.py
[2023-11-20T14:57:28.876+0500] {processor.py:839} INFO - DAG(s) dict_keys(['example_xcom_args_with_operators', 'example_xcom_args']) retrieved from /home/den/Projects/venv/lib/python3.10/site-packages/airflow/example_dags/example_xcomargs.py
[2023-11-20T14:57:28.892+0500] {logging_mixin.py:154} INFO - [2023-11-20T14:57:28.892+0500] {dag.py:2941} INFO - Sync 2 DAGs
[2023-11-20T14:57:28.900+0500] {logging_mixin.py:154} INFO - [2023-11-20T14:57:28.899+0500] {dag.py:3722} INFO - Setting next_dagrun for example_xcom_args to None, run_after=None
[2023-11-20T14:57:28.901+0500] {logging_mixin.py:154} INFO - [2023-11-20T14:57:28.901+0500] {dag.py:3722} INFO - Setting next_dagrun for example_xcom_args_with_operators to None, run_after=None
[2023-11-20T14:57:28.917+0500] {processor.py:179} INFO - Processing /home/den/Projects/venv/lib/python3.10/site-packages/airflow/example_dags/example_xcomargs.py took 0.054 seconds
[2023-11-20T14:58:14.134+0500] {processor.py:157} INFO - Started process (PID=7747) to work on /home/den/Projects/venv/lib/python3.10/site-packages/airflow/example_dags/example_xcomargs.py
[2023-11-20T14:58:14.136+0500] {processor.py:829} INFO - Processing file /home/den/Projects/venv/lib/python3.10/site-packages/airflow/example_dags/example_xcomargs.py for tasks to queue
[2023-11-20T14:58:14.138+0500] {logging_mixin.py:154} INFO - [2023-11-20T14:58:14.137+0500] {dagbag.py:536} INFO - Filling up the DagBag from /home/den/Projects/venv/lib/python3.10/site-packages/airflow/example_dags/example_xcomargs.py
[2023-11-20T14:58:14.147+0500] {processor.py:839} INFO - DAG(s) dict_keys(['example_xcom_args', 'example_xcom_args_with_operators']) retrieved from /home/den/Projects/venv/lib/python3.10/site-packages/airflow/example_dags/example_xcomargs.py
[2023-11-20T14:58:14.174+0500] {logging_mixin.py:154} INFO - [2023-11-20T14:58:14.174+0500] {dag.py:2941} INFO - Sync 2 DAGs
[2023-11-20T14:58:14.185+0500] {logging_mixin.py:154} INFO - [2023-11-20T14:58:14.185+0500] {dag.py:3722} INFO - Setting next_dagrun for example_xcom_args to None, run_after=None
[2023-11-20T14:58:14.192+0500] {logging_mixin.py:154} INFO - [2023-11-20T14:58:14.191+0500] {dag.py:3722} INFO - Setting next_dagrun for example_xcom_args_with_operators to None, run_after=None
[2023-11-20T14:58:14.218+0500] {processor.py:179} INFO - Processing /home/den/Projects/venv/lib/python3.10/site-packages/airflow/example_dags/example_xcomargs.py took 0.087 seconds
[2023-11-20T14:59:01.643+0500] {processor.py:157} INFO - Started process (PID=7815) to work on /home/den/Projects/venv/lib/python3.10/site-packages/airflow/example_dags/example_xcomargs.py
[2023-11-20T14:59:01.649+0500] {processor.py:829} INFO - Processing file /home/den/Projects/venv/lib/python3.10/site-packages/airflow/example_dags/example_xcomargs.py for tasks to queue
[2023-11-20T14:59:01.649+0500] {logging_mixin.py:154} INFO - [2023-11-20T14:59:01.649+0500] {dagbag.py:536} INFO - Filling up the DagBag from /home/den/Projects/venv/lib/python3.10/site-packages/airflow/example_dags/example_xcomargs.py
[2023-11-20T14:59:01.658+0500] {processor.py:839} INFO - DAG(s) dict_keys(['example_xcom_args_with_operators', 'example_xcom_args']) retrieved from /home/den/Projects/venv/lib/python3.10/site-packages/airflow/example_dags/example_xcomargs.py
[2023-11-20T14:59:01.673+0500] {logging_mixin.py:154} INFO - [2023-11-20T14:59:01.672+0500] {dag.py:2941} INFO - Sync 2 DAGs
[2023-11-20T14:59:01.680+0500] {logging_mixin.py:154} INFO - [2023-11-20T14:59:01.680+0500] {dag.py:3722} INFO - Setting next_dagrun for example_xcom_args to None, run_after=None
[2023-11-20T14:59:01.682+0500] {logging_mixin.py:154} INFO - [2023-11-20T14:59:01.682+0500] {dag.py:3722} INFO - Setting next_dagrun for example_xcom_args_with_operators to None, run_after=None
[2023-11-20T14:59:01.720+0500] {processor.py:179} INFO - Processing /home/den/Projects/venv/lib/python3.10/site-packages/airflow/example_dags/example_xcomargs.py took 0.079 seconds
[2023-11-20T14:59:47.174+0500] {processor.py:157} INFO - Started process (PID=7908) to work on /home/den/Projects/venv/lib/python3.10/site-packages/airflow/example_dags/example_xcomargs.py
[2023-11-20T14:59:47.175+0500] {processor.py:829} INFO - Processing file /home/den/Projects/venv/lib/python3.10/site-packages/airflow/example_dags/example_xcomargs.py for tasks to queue
[2023-11-20T14:59:47.176+0500] {logging_mixin.py:154} INFO - [2023-11-20T14:59:47.176+0500] {dagbag.py:536} INFO - Filling up the DagBag from /home/den/Projects/venv/lib/python3.10/site-packages/airflow/example_dags/example_xcomargs.py
[2023-11-20T14:59:47.182+0500] {processor.py:839} INFO - DAG(s) dict_keys(['example_xcom_args', 'example_xcom_args_with_operators']) retrieved from /home/den/Projects/venv/lib/python3.10/site-packages/airflow/example_dags/example_xcomargs.py
[2023-11-20T14:59:47.194+0500] {logging_mixin.py:154} INFO - [2023-11-20T14:59:47.194+0500] {dag.py:2941} INFO - Sync 2 DAGs
[2023-11-20T14:59:47.201+0500] {logging_mixin.py:154} INFO - [2023-11-20T14:59:47.201+0500] {dag.py:3722} INFO - Setting next_dagrun for example_xcom_args to None, run_after=None
[2023-11-20T14:59:47.204+0500] {logging_mixin.py:154} INFO - [2023-11-20T14:59:47.204+0500] {dag.py:3722} INFO - Setting next_dagrun for example_xcom_args_with_operators to None, run_after=None
[2023-11-20T14:59:47.220+0500] {processor.py:179} INFO - Processing /home/den/Projects/venv/lib/python3.10/site-packages/airflow/example_dags/example_xcomargs.py took 0.048 seconds
[2023-11-20T15:00:39.100+0500] {processor.py:157} INFO - Started process (PID=7972) to work on /home/den/Projects/venv/lib/python3.10/site-packages/airflow/example_dags/example_xcomargs.py
[2023-11-20T15:00:39.106+0500] {processor.py:829} INFO - Processing file /home/den/Projects/venv/lib/python3.10/site-packages/airflow/example_dags/example_xcomargs.py for tasks to queue
[2023-11-20T15:00:39.107+0500] {logging_mixin.py:154} INFO - [2023-11-20T15:00:39.107+0500] {dagbag.py:536} INFO - Filling up the DagBag from /home/den/Projects/venv/lib/python3.10/site-packages/airflow/example_dags/example_xcomargs.py
[2023-11-20T15:00:39.115+0500] {processor.py:839} INFO - DAG(s) dict_keys(['example_xcom_args', 'example_xcom_args_with_operators']) retrieved from /home/den/Projects/venv/lib/python3.10/site-packages/airflow/example_dags/example_xcomargs.py
[2023-11-20T15:00:39.150+0500] {logging_mixin.py:154} INFO - [2023-11-20T15:00:39.150+0500] {dag.py:2941} INFO - Sync 2 DAGs
[2023-11-20T15:00:39.170+0500] {logging_mixin.py:154} INFO - [2023-11-20T15:00:39.170+0500] {dag.py:3722} INFO - Setting next_dagrun for example_xcom_args to None, run_after=None
[2023-11-20T15:00:39.175+0500] {logging_mixin.py:154} INFO - [2023-11-20T15:00:39.175+0500] {dag.py:3722} INFO - Setting next_dagrun for example_xcom_args_with_operators to None, run_after=None
[2023-11-20T15:00:39.214+0500] {processor.py:179} INFO - Processing /home/den/Projects/venv/lib/python3.10/site-packages/airflow/example_dags/example_xcomargs.py took 0.123 seconds
[2023-11-20T15:01:29.462+0500] {processor.py:157} INFO - Started process (PID=8046) to work on /home/den/Projects/venv/lib/python3.10/site-packages/airflow/example_dags/example_xcomargs.py
[2023-11-20T15:01:29.471+0500] {processor.py:829} INFO - Processing file /home/den/Projects/venv/lib/python3.10/site-packages/airflow/example_dags/example_xcomargs.py for tasks to queue
[2023-11-20T15:01:29.472+0500] {logging_mixin.py:154} INFO - [2023-11-20T15:01:29.472+0500] {dagbag.py:536} INFO - Filling up the DagBag from /home/den/Projects/venv/lib/python3.10/site-packages/airflow/example_dags/example_xcomargs.py
[2023-11-20T15:01:29.477+0500] {processor.py:839} INFO - DAG(s) dict_keys(['example_xcom_args_with_operators', 'example_xcom_args']) retrieved from /home/den/Projects/venv/lib/python3.10/site-packages/airflow/example_dags/example_xcomargs.py
[2023-11-20T15:01:29.490+0500] {logging_mixin.py:154} INFO - [2023-11-20T15:01:29.490+0500] {dag.py:2941} INFO - Sync 2 DAGs
[2023-11-20T15:01:29.498+0500] {logging_mixin.py:154} INFO - [2023-11-20T15:01:29.498+0500] {dag.py:3722} INFO - Setting next_dagrun for example_xcom_args to None, run_after=None
[2023-11-20T15:01:29.500+0500] {logging_mixin.py:154} INFO - [2023-11-20T15:01:29.500+0500] {dag.py:3722} INFO - Setting next_dagrun for example_xcom_args_with_operators to None, run_after=None
[2023-11-20T15:01:29.515+0500] {processor.py:179} INFO - Processing /home/den/Projects/venv/lib/python3.10/site-packages/airflow/example_dags/example_xcomargs.py took 0.056 seconds
[2023-11-20T15:03:17.438+0500] {processor.py:157} INFO - Started process (PID=8246) to work on /home/den/Projects/venv/lib/python3.10/site-packages/airflow/example_dags/example_xcomargs.py
[2023-11-20T15:03:17.449+0500] {processor.py:829} INFO - Processing file /home/den/Projects/venv/lib/python3.10/site-packages/airflow/example_dags/example_xcomargs.py for tasks to queue
[2023-11-20T15:03:17.450+0500] {logging_mixin.py:154} INFO - [2023-11-20T15:03:17.449+0500] {dagbag.py:536} INFO - Filling up the DagBag from /home/den/Projects/venv/lib/python3.10/site-packages/airflow/example_dags/example_xcomargs.py
[2023-11-20T15:03:17.469+0500] {processor.py:839} INFO - DAG(s) dict_keys(['example_xcom_args', 'example_xcom_args_with_operators']) retrieved from /home/den/Projects/venv/lib/python3.10/site-packages/airflow/example_dags/example_xcomargs.py
[2023-11-20T15:03:17.504+0500] {logging_mixin.py:154} INFO - [2023-11-20T15:03:17.504+0500] {dag.py:2941} INFO - Sync 2 DAGs
[2023-11-20T15:03:17.517+0500] {logging_mixin.py:154} INFO - [2023-11-20T15:03:17.517+0500] {dag.py:3722} INFO - Setting next_dagrun for example_xcom_args to None, run_after=None
[2023-11-20T15:03:17.523+0500] {logging_mixin.py:154} INFO - [2023-11-20T15:03:17.523+0500] {dag.py:3722} INFO - Setting next_dagrun for example_xcom_args_with_operators to None, run_after=None
[2023-11-20T15:03:17.552+0500] {processor.py:179} INFO - Processing /home/den/Projects/venv/lib/python3.10/site-packages/airflow/example_dags/example_xcomargs.py took 0.117 seconds
[2023-11-20T15:04:06.743+0500] {processor.py:157} INFO - Started process (PID=8340) to work on /home/den/Projects/venv/lib/python3.10/site-packages/airflow/example_dags/example_xcomargs.py
[2023-11-20T15:04:06.744+0500] {processor.py:829} INFO - Processing file /home/den/Projects/venv/lib/python3.10/site-packages/airflow/example_dags/example_xcomargs.py for tasks to queue
[2023-11-20T15:04:06.745+0500] {logging_mixin.py:154} INFO - [2023-11-20T15:04:06.745+0500] {dagbag.py:536} INFO - Filling up the DagBag from /home/den/Projects/venv/lib/python3.10/site-packages/airflow/example_dags/example_xcomargs.py
[2023-11-20T15:04:06.763+0500] {processor.py:839} INFO - DAG(s) dict_keys(['example_xcom_args_with_operators', 'example_xcom_args']) retrieved from /home/den/Projects/venv/lib/python3.10/site-packages/airflow/example_dags/example_xcomargs.py
[2023-11-20T15:04:06.801+0500] {logging_mixin.py:154} INFO - [2023-11-20T15:04:06.800+0500] {dag.py:2941} INFO - Sync 2 DAGs
[2023-11-20T15:04:06.816+0500] {logging_mixin.py:154} INFO - [2023-11-20T15:04:06.815+0500] {dag.py:3722} INFO - Setting next_dagrun for example_xcom_args to None, run_after=None
[2023-11-20T15:04:06.821+0500] {logging_mixin.py:154} INFO - [2023-11-20T15:04:06.821+0500] {dag.py:3722} INFO - Setting next_dagrun for example_xcom_args_with_operators to None, run_after=None
[2023-11-20T15:04:06.852+0500] {processor.py:179} INFO - Processing /home/den/Projects/venv/lib/python3.10/site-packages/airflow/example_dags/example_xcomargs.py took 0.114 seconds
[2023-11-20T15:05:02.699+0500] {processor.py:157} INFO - Started process (PID=8417) to work on /home/den/Projects/venv/lib/python3.10/site-packages/airflow/example_dags/example_xcomargs.py
[2023-11-20T15:05:02.701+0500] {processor.py:829} INFO - Processing file /home/den/Projects/venv/lib/python3.10/site-packages/airflow/example_dags/example_xcomargs.py for tasks to queue
[2023-11-20T15:05:02.704+0500] {logging_mixin.py:154} INFO - [2023-11-20T15:05:02.702+0500] {dagbag.py:536} INFO - Filling up the DagBag from /home/den/Projects/venv/lib/python3.10/site-packages/airflow/example_dags/example_xcomargs.py
[2023-11-20T15:05:02.721+0500] {processor.py:839} INFO - DAG(s) dict_keys(['example_xcom_args', 'example_xcom_args_with_operators']) retrieved from /home/den/Projects/venv/lib/python3.10/site-packages/airflow/example_dags/example_xcomargs.py
[2023-11-20T15:05:02.748+0500] {logging_mixin.py:154} INFO - [2023-11-20T15:05:02.747+0500] {dag.py:2941} INFO - Sync 2 DAGs
[2023-11-20T15:05:02.756+0500] {logging_mixin.py:154} INFO - [2023-11-20T15:05:02.756+0500] {dag.py:3722} INFO - Setting next_dagrun for example_xcom_args to None, run_after=None
[2023-11-20T15:05:02.765+0500] {logging_mixin.py:154} INFO - [2023-11-20T15:05:02.765+0500] {dag.py:3722} INFO - Setting next_dagrun for example_xcom_args_with_operators to None, run_after=None
[2023-11-20T15:05:02.809+0500] {processor.py:179} INFO - Processing /home/den/Projects/venv/lib/python3.10/site-packages/airflow/example_dags/example_xcomargs.py took 0.112 seconds
[2023-11-20T15:05:42.767+0500] {processor.py:157} INFO - Started process (PID=8466) to work on /home/den/Projects/venv/lib/python3.10/site-packages/airflow/example_dags/example_xcomargs.py
[2023-11-20T15:05:42.770+0500] {processor.py:829} INFO - Processing file /home/den/Projects/venv/lib/python3.10/site-packages/airflow/example_dags/example_xcomargs.py for tasks to queue
[2023-11-20T15:05:42.772+0500] {logging_mixin.py:154} INFO - [2023-11-20T15:05:42.771+0500] {dagbag.py:536} INFO - Filling up the DagBag from /home/den/Projects/venv/lib/python3.10/site-packages/airflow/example_dags/example_xcomargs.py
[2023-11-20T15:05:42.781+0500] {processor.py:839} INFO - DAG(s) dict_keys(['example_xcom_args', 'example_xcom_args_with_operators']) retrieved from /home/den/Projects/venv/lib/python3.10/site-packages/airflow/example_dags/example_xcomargs.py
[2023-11-20T15:05:42.812+0500] {logging_mixin.py:154} INFO - [2023-11-20T15:05:42.812+0500] {dag.py:2941} INFO - Sync 2 DAGs
[2023-11-20T15:05:42.822+0500] {logging_mixin.py:154} INFO - [2023-11-20T15:05:42.822+0500] {dag.py:3722} INFO - Setting next_dagrun for example_xcom_args to None, run_after=None
[2023-11-20T15:05:42.824+0500] {logging_mixin.py:154} INFO - [2023-11-20T15:05:42.824+0500] {dag.py:3722} INFO - Setting next_dagrun for example_xcom_args_with_operators to None, run_after=None
[2023-11-20T15:05:42.856+0500] {processor.py:179} INFO - Processing /home/den/Projects/venv/lib/python3.10/site-packages/airflow/example_dags/example_xcomargs.py took 0.096 seconds
[2023-11-20T15:06:37.450+0500] {processor.py:157} INFO - Started process (PID=8565) to work on /home/den/Projects/venv/lib/python3.10/site-packages/airflow/example_dags/example_xcomargs.py
[2023-11-20T15:06:37.471+0500] {processor.py:829} INFO - Processing file /home/den/Projects/venv/lib/python3.10/site-packages/airflow/example_dags/example_xcomargs.py for tasks to queue
[2023-11-20T15:06:37.472+0500] {logging_mixin.py:154} INFO - [2023-11-20T15:06:37.472+0500] {dagbag.py:536} INFO - Filling up the DagBag from /home/den/Projects/venv/lib/python3.10/site-packages/airflow/example_dags/example_xcomargs.py
[2023-11-20T15:06:37.482+0500] {processor.py:839} INFO - DAG(s) dict_keys(['example_xcom_args_with_operators', 'example_xcom_args']) retrieved from /home/den/Projects/venv/lib/python3.10/site-packages/airflow/example_dags/example_xcomargs.py
[2023-11-20T15:06:37.507+0500] {logging_mixin.py:154} INFO - [2023-11-20T15:06:37.507+0500] {dag.py:2941} INFO - Sync 2 DAGs
[2023-11-20T15:06:37.515+0500] {logging_mixin.py:154} INFO - [2023-11-20T15:06:37.515+0500] {dag.py:3722} INFO - Setting next_dagrun for example_xcom_args to None, run_after=None
[2023-11-20T15:06:37.517+0500] {logging_mixin.py:154} INFO - [2023-11-20T15:06:37.517+0500] {dag.py:3722} INFO - Setting next_dagrun for example_xcom_args_with_operators to None, run_after=None
[2023-11-20T15:06:37.559+0500] {processor.py:179} INFO - Processing /home/den/Projects/venv/lib/python3.10/site-packages/airflow/example_dags/example_xcomargs.py took 0.112 seconds
[2023-11-20T15:07:18.215+0500] {processor.py:157} INFO - Started process (PID=8623) to work on /home/den/Projects/venv/lib/python3.10/site-packages/airflow/example_dags/example_xcomargs.py
[2023-11-20T15:07:18.218+0500] {processor.py:829} INFO - Processing file /home/den/Projects/venv/lib/python3.10/site-packages/airflow/example_dags/example_xcomargs.py for tasks to queue
[2023-11-20T15:07:18.220+0500] {logging_mixin.py:154} INFO - [2023-11-20T15:07:18.219+0500] {dagbag.py:536} INFO - Filling up the DagBag from /home/den/Projects/venv/lib/python3.10/site-packages/airflow/example_dags/example_xcomargs.py
[2023-11-20T15:07:18.237+0500] {processor.py:839} INFO - DAG(s) dict_keys(['example_xcom_args', 'example_xcom_args_with_operators']) retrieved from /home/den/Projects/venv/lib/python3.10/site-packages/airflow/example_dags/example_xcomargs.py
[2023-11-20T15:07:18.267+0500] {logging_mixin.py:154} INFO - [2023-11-20T15:07:18.267+0500] {dag.py:2941} INFO - Sync 2 DAGs
[2023-11-20T15:07:18.283+0500] {logging_mixin.py:154} INFO - [2023-11-20T15:07:18.283+0500] {dag.py:3722} INFO - Setting next_dagrun for example_xcom_args to None, run_after=None
[2023-11-20T15:07:18.298+0500] {logging_mixin.py:154} INFO - [2023-11-20T15:07:18.298+0500] {dag.py:3722} INFO - Setting next_dagrun for example_xcom_args_with_operators to None, run_after=None
[2023-11-20T15:07:18.340+0500] {processor.py:179} INFO - Processing /home/den/Projects/venv/lib/python3.10/site-packages/airflow/example_dags/example_xcomargs.py took 0.129 seconds
[2023-11-20T15:08:04.468+0500] {processor.py:157} INFO - Started process (PID=8718) to work on /home/den/Projects/venv/lib/python3.10/site-packages/airflow/example_dags/example_xcomargs.py
[2023-11-20T15:08:04.472+0500] {processor.py:829} INFO - Processing file /home/den/Projects/venv/lib/python3.10/site-packages/airflow/example_dags/example_xcomargs.py for tasks to queue
[2023-11-20T15:08:04.473+0500] {logging_mixin.py:154} INFO - [2023-11-20T15:08:04.472+0500] {dagbag.py:536} INFO - Filling up the DagBag from /home/den/Projects/venv/lib/python3.10/site-packages/airflow/example_dags/example_xcomargs.py
[2023-11-20T15:08:04.497+0500] {processor.py:839} INFO - DAG(s) dict_keys(['example_xcom_args', 'example_xcom_args_with_operators']) retrieved from /home/den/Projects/venv/lib/python3.10/site-packages/airflow/example_dags/example_xcomargs.py
[2023-11-20T15:08:04.530+0500] {logging_mixin.py:154} INFO - [2023-11-20T15:08:04.530+0500] {dag.py:2941} INFO - Sync 2 DAGs
[2023-11-20T15:08:04.560+0500] {logging_mixin.py:154} INFO - [2023-11-20T15:08:04.559+0500] {dag.py:3722} INFO - Setting next_dagrun for example_xcom_args to None, run_after=None
[2023-11-20T15:08:04.566+0500] {logging_mixin.py:154} INFO - [2023-11-20T15:08:04.566+0500] {dag.py:3722} INFO - Setting next_dagrun for example_xcom_args_with_operators to None, run_after=None
[2023-11-20T15:08:04.596+0500] {processor.py:179} INFO - Processing /home/den/Projects/venv/lib/python3.10/site-packages/airflow/example_dags/example_xcomargs.py took 0.132 seconds
[2023-11-20T15:08:49.232+0500] {processor.py:157} INFO - Started process (PID=8781) to work on /home/den/Projects/venv/lib/python3.10/site-packages/airflow/example_dags/example_xcomargs.py
[2023-11-20T15:08:49.251+0500] {processor.py:829} INFO - Processing file /home/den/Projects/venv/lib/python3.10/site-packages/airflow/example_dags/example_xcomargs.py for tasks to queue
[2023-11-20T15:08:49.253+0500] {logging_mixin.py:154} INFO - [2023-11-20T15:08:49.252+0500] {dagbag.py:536} INFO - Filling up the DagBag from /home/den/Projects/venv/lib/python3.10/site-packages/airflow/example_dags/example_xcomargs.py
[2023-11-20T15:08:49.265+0500] {processor.py:839} INFO - DAG(s) dict_keys(['example_xcom_args', 'example_xcom_args_with_operators']) retrieved from /home/den/Projects/venv/lib/python3.10/site-packages/airflow/example_dags/example_xcomargs.py
[2023-11-20T15:08:49.296+0500] {logging_mixin.py:154} INFO - [2023-11-20T15:08:49.296+0500] {dag.py:2941} INFO - Sync 2 DAGs
[2023-11-20T15:08:49.314+0500] {logging_mixin.py:154} INFO - [2023-11-20T15:08:49.314+0500] {dag.py:3722} INFO - Setting next_dagrun for example_xcom_args to None, run_after=None
[2023-11-20T15:08:49.317+0500] {logging_mixin.py:154} INFO - [2023-11-20T15:08:49.317+0500] {dag.py:3722} INFO - Setting next_dagrun for example_xcom_args_with_operators to None, run_after=None
[2023-11-20T15:08:49.361+0500] {processor.py:179} INFO - Processing /home/den/Projects/venv/lib/python3.10/site-packages/airflow/example_dags/example_xcomargs.py took 0.134 seconds
[2023-11-20T15:09:30.531+0500] {processor.py:157} INFO - Started process (PID=8841) to work on /home/den/Projects/venv/lib/python3.10/site-packages/airflow/example_dags/example_xcomargs.py
[2023-11-20T15:09:30.540+0500] {processor.py:829} INFO - Processing file /home/den/Projects/venv/lib/python3.10/site-packages/airflow/example_dags/example_xcomargs.py for tasks to queue
[2023-11-20T15:09:30.541+0500] {logging_mixin.py:154} INFO - [2023-11-20T15:09:30.540+0500] {dagbag.py:536} INFO - Filling up the DagBag from /home/den/Projects/venv/lib/python3.10/site-packages/airflow/example_dags/example_xcomargs.py
[2023-11-20T15:09:30.548+0500] {processor.py:839} INFO - DAG(s) dict_keys(['example_xcom_args_with_operators', 'example_xcom_args']) retrieved from /home/den/Projects/venv/lib/python3.10/site-packages/airflow/example_dags/example_xcomargs.py
[2023-11-20T15:09:30.563+0500] {logging_mixin.py:154} INFO - [2023-11-20T15:09:30.563+0500] {dag.py:2941} INFO - Sync 2 DAGs
[2023-11-20T15:09:30.571+0500] {logging_mixin.py:154} INFO - [2023-11-20T15:09:30.571+0500] {dag.py:3722} INFO - Setting next_dagrun for example_xcom_args to None, run_after=None
[2023-11-20T15:09:30.574+0500] {logging_mixin.py:154} INFO - [2023-11-20T15:09:30.574+0500] {dag.py:3722} INFO - Setting next_dagrun for example_xcom_args_with_operators to None, run_after=None
[2023-11-20T15:09:30.591+0500] {processor.py:179} INFO - Processing /home/den/Projects/venv/lib/python3.10/site-packages/airflow/example_dags/example_xcomargs.py took 0.064 seconds
[2023-11-20T15:10:10.854+0500] {processor.py:157} INFO - Started process (PID=8914) to work on /home/den/Projects/venv/lib/python3.10/site-packages/airflow/example_dags/example_xcomargs.py
[2023-11-20T15:10:10.862+0500] {processor.py:829} INFO - Processing file /home/den/Projects/venv/lib/python3.10/site-packages/airflow/example_dags/example_xcomargs.py for tasks to queue
[2023-11-20T15:10:10.863+0500] {logging_mixin.py:154} INFO - [2023-11-20T15:10:10.863+0500] {dagbag.py:536} INFO - Filling up the DagBag from /home/den/Projects/venv/lib/python3.10/site-packages/airflow/example_dags/example_xcomargs.py
[2023-11-20T15:10:10.877+0500] {processor.py:839} INFO - DAG(s) dict_keys(['example_xcom_args', 'example_xcom_args_with_operators']) retrieved from /home/den/Projects/venv/lib/python3.10/site-packages/airflow/example_dags/example_xcomargs.py
[2023-11-20T15:10:10.900+0500] {logging_mixin.py:154} INFO - [2023-11-20T15:10:10.900+0500] {dag.py:2941} INFO - Sync 2 DAGs
[2023-11-20T15:10:10.913+0500] {logging_mixin.py:154} INFO - [2023-11-20T15:10:10.913+0500] {dag.py:3722} INFO - Setting next_dagrun for example_xcom_args to None, run_after=None
[2023-11-20T15:10:10.916+0500] {logging_mixin.py:154} INFO - [2023-11-20T15:10:10.916+0500] {dag.py:3722} INFO - Setting next_dagrun for example_xcom_args_with_operators to None, run_after=None
[2023-11-20T15:10:10.956+0500] {processor.py:179} INFO - Processing /home/den/Projects/venv/lib/python3.10/site-packages/airflow/example_dags/example_xcomargs.py took 0.106 seconds
[2023-11-20T15:10:51.454+0500] {processor.py:157} INFO - Started process (PID=8972) to work on /home/den/Projects/venv/lib/python3.10/site-packages/airflow/example_dags/example_xcomargs.py
[2023-11-20T15:10:51.461+0500] {processor.py:829} INFO - Processing file /home/den/Projects/venv/lib/python3.10/site-packages/airflow/example_dags/example_xcomargs.py for tasks to queue
[2023-11-20T15:10:51.463+0500] {logging_mixin.py:154} INFO - [2023-11-20T15:10:51.463+0500] {dagbag.py:536} INFO - Filling up the DagBag from /home/den/Projects/venv/lib/python3.10/site-packages/airflow/example_dags/example_xcomargs.py
[2023-11-20T15:10:51.472+0500] {processor.py:839} INFO - DAG(s) dict_keys(['example_xcom_args', 'example_xcom_args_with_operators']) retrieved from /home/den/Projects/venv/lib/python3.10/site-packages/airflow/example_dags/example_xcomargs.py
[2023-11-20T15:10:51.506+0500] {logging_mixin.py:154} INFO - [2023-11-20T15:10:51.506+0500] {dag.py:2941} INFO - Sync 2 DAGs
[2023-11-20T15:10:51.521+0500] {logging_mixin.py:154} INFO - [2023-11-20T15:10:51.521+0500] {dag.py:3722} INFO - Setting next_dagrun for example_xcom_args to None, run_after=None
[2023-11-20T15:10:51.530+0500] {logging_mixin.py:154} INFO - [2023-11-20T15:10:51.530+0500] {dag.py:3722} INFO - Setting next_dagrun for example_xcom_args_with_operators to None, run_after=None
[2023-11-20T15:10:51.562+0500] {processor.py:179} INFO - Processing /home/den/Projects/venv/lib/python3.10/site-packages/airflow/example_dags/example_xcomargs.py took 0.110 seconds
[2023-11-20T15:11:40.498+0500] {processor.py:157} INFO - Started process (PID=9033) to work on /home/den/Projects/venv/lib/python3.10/site-packages/airflow/example_dags/example_xcomargs.py
[2023-11-20T15:11:40.500+0500] {processor.py:829} INFO - Processing file /home/den/Projects/venv/lib/python3.10/site-packages/airflow/example_dags/example_xcomargs.py for tasks to queue
[2023-11-20T15:11:40.501+0500] {logging_mixin.py:154} INFO - [2023-11-20T15:11:40.500+0500] {dagbag.py:536} INFO - Filling up the DagBag from /home/den/Projects/venv/lib/python3.10/site-packages/airflow/example_dags/example_xcomargs.py
[2023-11-20T15:11:40.509+0500] {processor.py:839} INFO - DAG(s) dict_keys(['example_xcom_args', 'example_xcom_args_with_operators']) retrieved from /home/den/Projects/venv/lib/python3.10/site-packages/airflow/example_dags/example_xcomargs.py
[2023-11-20T15:11:40.539+0500] {logging_mixin.py:154} INFO - [2023-11-20T15:11:40.539+0500] {dag.py:2941} INFO - Sync 2 DAGs
[2023-11-20T15:11:40.560+0500] {logging_mixin.py:154} INFO - [2023-11-20T15:11:40.560+0500] {dag.py:3722} INFO - Setting next_dagrun for example_xcom_args to None, run_after=None
[2023-11-20T15:11:40.564+0500] {logging_mixin.py:154} INFO - [2023-11-20T15:11:40.564+0500] {dag.py:3722} INFO - Setting next_dagrun for example_xcom_args_with_operators to None, run_after=None
[2023-11-20T15:11:40.596+0500] {processor.py:179} INFO - Processing /home/den/Projects/venv/lib/python3.10/site-packages/airflow/example_dags/example_xcomargs.py took 0.103 seconds
[2023-11-20T15:12:34.683+0500] {processor.py:157} INFO - Started process (PID=9134) to work on /home/den/Projects/venv/lib/python3.10/site-packages/airflow/example_dags/example_xcomargs.py
[2023-11-20T15:12:34.684+0500] {processor.py:829} INFO - Processing file /home/den/Projects/venv/lib/python3.10/site-packages/airflow/example_dags/example_xcomargs.py for tasks to queue
[2023-11-20T15:12:34.685+0500] {logging_mixin.py:154} INFO - [2023-11-20T15:12:34.685+0500] {dagbag.py:536} INFO - Filling up the DagBag from /home/den/Projects/venv/lib/python3.10/site-packages/airflow/example_dags/example_xcomargs.py
[2023-11-20T15:12:34.693+0500] {processor.py:839} INFO - DAG(s) dict_keys(['example_xcom_args_with_operators', 'example_xcom_args']) retrieved from /home/den/Projects/venv/lib/python3.10/site-packages/airflow/example_dags/example_xcomargs.py
[2023-11-20T15:12:34.719+0500] {logging_mixin.py:154} INFO - [2023-11-20T15:12:34.718+0500] {dag.py:2941} INFO - Sync 2 DAGs
[2023-11-20T15:12:34.730+0500] {logging_mixin.py:154} INFO - [2023-11-20T15:12:34.730+0500] {dag.py:3722} INFO - Setting next_dagrun for example_xcom_args to None, run_after=None
[2023-11-20T15:12:34.732+0500] {logging_mixin.py:154} INFO - [2023-11-20T15:12:34.732+0500] {dag.py:3722} INFO - Setting next_dagrun for example_xcom_args_with_operators to None, run_after=None
[2023-11-20T15:12:34.764+0500] {processor.py:179} INFO - Processing /home/den/Projects/venv/lib/python3.10/site-packages/airflow/example_dags/example_xcomargs.py took 0.085 seconds
[2023-11-20T15:13:27.174+0500] {processor.py:157} INFO - Started process (PID=9212) to work on /home/den/Projects/venv/lib/python3.10/site-packages/airflow/example_dags/example_xcomargs.py
[2023-11-20T15:13:27.179+0500] {processor.py:829} INFO - Processing file /home/den/Projects/venv/lib/python3.10/site-packages/airflow/example_dags/example_xcomargs.py for tasks to queue
[2023-11-20T15:13:27.180+0500] {logging_mixin.py:154} INFO - [2023-11-20T15:13:27.180+0500] {dagbag.py:536} INFO - Filling up the DagBag from /home/den/Projects/venv/lib/python3.10/site-packages/airflow/example_dags/example_xcomargs.py
[2023-11-20T15:13:27.192+0500] {processor.py:839} INFO - DAG(s) dict_keys(['example_xcom_args', 'example_xcom_args_with_operators']) retrieved from /home/den/Projects/venv/lib/python3.10/site-packages/airflow/example_dags/example_xcomargs.py
[2023-11-20T15:13:27.221+0500] {logging_mixin.py:154} INFO - [2023-11-20T15:13:27.220+0500] {dag.py:2941} INFO - Sync 2 DAGs
[2023-11-20T15:13:27.233+0500] {logging_mixin.py:154} INFO - [2023-11-20T15:13:27.233+0500] {dag.py:3722} INFO - Setting next_dagrun for example_xcom_args to None, run_after=None
[2023-11-20T15:13:27.237+0500] {logging_mixin.py:154} INFO - [2023-11-20T15:13:27.237+0500] {dag.py:3722} INFO - Setting next_dagrun for example_xcom_args_with_operators to None, run_after=None
[2023-11-20T15:13:27.271+0500] {processor.py:179} INFO - Processing /home/den/Projects/venv/lib/python3.10/site-packages/airflow/example_dags/example_xcomargs.py took 0.102 seconds
[2023-11-20T15:14:24.262+0500] {processor.py:157} INFO - Started process (PID=9317) to work on /home/den/Projects/venv/lib/python3.10/site-packages/airflow/example_dags/example_xcomargs.py
[2023-11-20T15:14:24.266+0500] {processor.py:829} INFO - Processing file /home/den/Projects/venv/lib/python3.10/site-packages/airflow/example_dags/example_xcomargs.py for tasks to queue
[2023-11-20T15:14:24.267+0500] {logging_mixin.py:154} INFO - [2023-11-20T15:14:24.267+0500] {dagbag.py:536} INFO - Filling up the DagBag from /home/den/Projects/venv/lib/python3.10/site-packages/airflow/example_dags/example_xcomargs.py
[2023-11-20T15:14:24.281+0500] {processor.py:839} INFO - DAG(s) dict_keys(['example_xcom_args', 'example_xcom_args_with_operators']) retrieved from /home/den/Projects/venv/lib/python3.10/site-packages/airflow/example_dags/example_xcomargs.py
[2023-11-20T15:14:24.307+0500] {logging_mixin.py:154} INFO - [2023-11-20T15:14:24.307+0500] {dag.py:2941} INFO - Sync 2 DAGs
[2023-11-20T15:14:24.317+0500] {logging_mixin.py:154} INFO - [2023-11-20T15:14:24.317+0500] {dag.py:3722} INFO - Setting next_dagrun for example_xcom_args to None, run_after=None
[2023-11-20T15:14:24.320+0500] {logging_mixin.py:154} INFO - [2023-11-20T15:14:24.320+0500] {dag.py:3722} INFO - Setting next_dagrun for example_xcom_args_with_operators to None, run_after=None
[2023-11-20T15:14:24.352+0500] {processor.py:179} INFO - Processing /home/den/Projects/venv/lib/python3.10/site-packages/airflow/example_dags/example_xcomargs.py took 0.094 seconds
[2023-11-20T15:15:17.571+0500] {processor.py:157} INFO - Started process (PID=9389) to work on /home/den/Projects/venv/lib/python3.10/site-packages/airflow/example_dags/example_xcomargs.py
[2023-11-20T15:15:17.572+0500] {processor.py:829} INFO - Processing file /home/den/Projects/venv/lib/python3.10/site-packages/airflow/example_dags/example_xcomargs.py for tasks to queue
[2023-11-20T15:15:17.573+0500] {logging_mixin.py:154} INFO - [2023-11-20T15:15:17.573+0500] {dagbag.py:536} INFO - Filling up the DagBag from /home/den/Projects/venv/lib/python3.10/site-packages/airflow/example_dags/example_xcomargs.py
[2023-11-20T15:15:17.583+0500] {processor.py:839} INFO - DAG(s) dict_keys(['example_xcom_args', 'example_xcom_args_with_operators']) retrieved from /home/den/Projects/venv/lib/python3.10/site-packages/airflow/example_dags/example_xcomargs.py
[2023-11-20T15:15:17.596+0500] {logging_mixin.py:154} INFO - [2023-11-20T15:15:17.596+0500] {dag.py:2941} INFO - Sync 2 DAGs
[2023-11-20T15:15:17.604+0500] {logging_mixin.py:154} INFO - [2023-11-20T15:15:17.604+0500] {dag.py:3722} INFO - Setting next_dagrun for example_xcom_args to None, run_after=None
[2023-11-20T15:15:17.606+0500] {logging_mixin.py:154} INFO - [2023-11-20T15:15:17.606+0500] {dag.py:3722} INFO - Setting next_dagrun for example_xcom_args_with_operators to None, run_after=None
[2023-11-20T15:15:17.632+0500] {processor.py:179} INFO - Processing /home/den/Projects/venv/lib/python3.10/site-packages/airflow/example_dags/example_xcomargs.py took 0.064 seconds
[2023-11-20T15:16:07.708+0500] {processor.py:157} INFO - Started process (PID=9484) to work on /home/den/Projects/venv/lib/python3.10/site-packages/airflow/example_dags/example_xcomargs.py
[2023-11-20T15:16:07.709+0500] {processor.py:829} INFO - Processing file /home/den/Projects/venv/lib/python3.10/site-packages/airflow/example_dags/example_xcomargs.py for tasks to queue
[2023-11-20T15:16:07.710+0500] {logging_mixin.py:154} INFO - [2023-11-20T15:16:07.709+0500] {dagbag.py:536} INFO - Filling up the DagBag from /home/den/Projects/venv/lib/python3.10/site-packages/airflow/example_dags/example_xcomargs.py
[2023-11-20T15:16:07.717+0500] {processor.py:839} INFO - DAG(s) dict_keys(['example_xcom_args', 'example_xcom_args_with_operators']) retrieved from /home/den/Projects/venv/lib/python3.10/site-packages/airflow/example_dags/example_xcomargs.py
[2023-11-20T15:16:07.730+0500] {logging_mixin.py:154} INFO - [2023-11-20T15:16:07.730+0500] {dag.py:2941} INFO - Sync 2 DAGs
[2023-11-20T15:16:07.738+0500] {logging_mixin.py:154} INFO - [2023-11-20T15:16:07.737+0500] {dag.py:3722} INFO - Setting next_dagrun for example_xcom_args to None, run_after=None
[2023-11-20T15:16:07.739+0500] {logging_mixin.py:154} INFO - [2023-11-20T15:16:07.739+0500] {dag.py:3722} INFO - Setting next_dagrun for example_xcom_args_with_operators to None, run_after=None
[2023-11-20T15:16:07.763+0500] {processor.py:179} INFO - Processing /home/den/Projects/venv/lib/python3.10/site-packages/airflow/example_dags/example_xcomargs.py took 0.059 seconds
[2023-11-20T15:16:54.087+0500] {processor.py:157} INFO - Started process (PID=9551) to work on /home/den/Projects/venv/lib/python3.10/site-packages/airflow/example_dags/example_xcomargs.py
[2023-11-20T15:16:54.089+0500] {processor.py:829} INFO - Processing file /home/den/Projects/venv/lib/python3.10/site-packages/airflow/example_dags/example_xcomargs.py for tasks to queue
[2023-11-20T15:16:54.090+0500] {logging_mixin.py:154} INFO - [2023-11-20T15:16:54.089+0500] {dagbag.py:536} INFO - Filling up the DagBag from /home/den/Projects/venv/lib/python3.10/site-packages/airflow/example_dags/example_xcomargs.py
[2023-11-20T15:16:54.097+0500] {processor.py:839} INFO - DAG(s) dict_keys(['example_xcom_args', 'example_xcom_args_with_operators']) retrieved from /home/den/Projects/venv/lib/python3.10/site-packages/airflow/example_dags/example_xcomargs.py
[2023-11-20T15:16:54.114+0500] {logging_mixin.py:154} INFO - [2023-11-20T15:16:54.113+0500] {dag.py:2941} INFO - Sync 2 DAGs
[2023-11-20T15:16:54.122+0500] {logging_mixin.py:154} INFO - [2023-11-20T15:16:54.122+0500] {dag.py:3722} INFO - Setting next_dagrun for example_xcom_args to None, run_after=None
[2023-11-20T15:16:54.124+0500] {logging_mixin.py:154} INFO - [2023-11-20T15:16:54.124+0500] {dag.py:3722} INFO - Setting next_dagrun for example_xcom_args_with_operators to None, run_after=None
[2023-11-20T15:16:54.148+0500] {processor.py:179} INFO - Processing /home/den/Projects/venv/lib/python3.10/site-packages/airflow/example_dags/example_xcomargs.py took 0.064 seconds
[2023-11-20T15:17:38.065+0500] {processor.py:157} INFO - Started process (PID=9614) to work on /home/den/Projects/venv/lib/python3.10/site-packages/airflow/example_dags/example_xcomargs.py
[2023-11-20T15:17:38.067+0500] {processor.py:829} INFO - Processing file /home/den/Projects/venv/lib/python3.10/site-packages/airflow/example_dags/example_xcomargs.py for tasks to queue
[2023-11-20T15:17:38.069+0500] {logging_mixin.py:154} INFO - [2023-11-20T15:17:38.068+0500] {dagbag.py:536} INFO - Filling up the DagBag from /home/den/Projects/venv/lib/python3.10/site-packages/airflow/example_dags/example_xcomargs.py
[2023-11-20T15:17:38.078+0500] {processor.py:839} INFO - DAG(s) dict_keys(['example_xcom_args_with_operators', 'example_xcom_args']) retrieved from /home/den/Projects/venv/lib/python3.10/site-packages/airflow/example_dags/example_xcomargs.py
[2023-11-20T15:17:38.095+0500] {logging_mixin.py:154} INFO - [2023-11-20T15:17:38.095+0500] {dag.py:2941} INFO - Sync 2 DAGs
[2023-11-20T15:17:38.104+0500] {logging_mixin.py:154} INFO - [2023-11-20T15:17:38.104+0500] {dag.py:3722} INFO - Setting next_dagrun for example_xcom_args to None, run_after=None
[2023-11-20T15:17:38.106+0500] {logging_mixin.py:154} INFO - [2023-11-20T15:17:38.105+0500] {dag.py:3722} INFO - Setting next_dagrun for example_xcom_args_with_operators to None, run_after=None
[2023-11-20T15:17:38.121+0500] {processor.py:179} INFO - Processing /home/den/Projects/venv/lib/python3.10/site-packages/airflow/example_dags/example_xcomargs.py took 0.059 seconds
[2023-11-20T15:18:31.051+0500] {processor.py:157} INFO - Started process (PID=9712) to work on /home/den/Projects/venv/lib/python3.10/site-packages/airflow/example_dags/example_xcomargs.py
[2023-11-20T15:18:31.054+0500] {processor.py:829} INFO - Processing file /home/den/Projects/venv/lib/python3.10/site-packages/airflow/example_dags/example_xcomargs.py for tasks to queue
[2023-11-20T15:18:31.055+0500] {logging_mixin.py:154} INFO - [2023-11-20T15:18:31.055+0500] {dagbag.py:536} INFO - Filling up the DagBag from /home/den/Projects/venv/lib/python3.10/site-packages/airflow/example_dags/example_xcomargs.py
[2023-11-20T15:18:31.063+0500] {processor.py:839} INFO - DAG(s) dict_keys(['example_xcom_args_with_operators', 'example_xcom_args']) retrieved from /home/den/Projects/venv/lib/python3.10/site-packages/airflow/example_dags/example_xcomargs.py
[2023-11-20T15:18:31.078+0500] {logging_mixin.py:154} INFO - [2023-11-20T15:18:31.078+0500] {dag.py:2941} INFO - Sync 2 DAGs
[2023-11-20T15:18:31.087+0500] {logging_mixin.py:154} INFO - [2023-11-20T15:18:31.087+0500] {dag.py:3722} INFO - Setting next_dagrun for example_xcom_args to None, run_after=None
[2023-11-20T15:18:31.090+0500] {logging_mixin.py:154} INFO - [2023-11-20T15:18:31.090+0500] {dag.py:3722} INFO - Setting next_dagrun for example_xcom_args_with_operators to None, run_after=None
[2023-11-20T15:18:31.114+0500] {processor.py:179} INFO - Processing /home/den/Projects/venv/lib/python3.10/site-packages/airflow/example_dags/example_xcomargs.py took 0.066 seconds
[2023-11-20T15:19:18.130+0500] {processor.py:157} INFO - Started process (PID=9774) to work on /home/den/Projects/venv/lib/python3.10/site-packages/airflow/example_dags/example_xcomargs.py
[2023-11-20T15:19:18.132+0500] {processor.py:829} INFO - Processing file /home/den/Projects/venv/lib/python3.10/site-packages/airflow/example_dags/example_xcomargs.py for tasks to queue
[2023-11-20T15:19:18.133+0500] {logging_mixin.py:154} INFO - [2023-11-20T15:19:18.133+0500] {dagbag.py:536} INFO - Filling up the DagBag from /home/den/Projects/venv/lib/python3.10/site-packages/airflow/example_dags/example_xcomargs.py
[2023-11-20T15:19:18.140+0500] {processor.py:839} INFO - DAG(s) dict_keys(['example_xcom_args', 'example_xcom_args_with_operators']) retrieved from /home/den/Projects/venv/lib/python3.10/site-packages/airflow/example_dags/example_xcomargs.py
[2023-11-20T15:19:18.158+0500] {logging_mixin.py:154} INFO - [2023-11-20T15:19:18.158+0500] {dag.py:2941} INFO - Sync 2 DAGs
[2023-11-20T15:19:18.167+0500] {logging_mixin.py:154} INFO - [2023-11-20T15:19:18.167+0500] {dag.py:3722} INFO - Setting next_dagrun for example_xcom_args to None, run_after=None
[2023-11-20T15:19:18.169+0500] {logging_mixin.py:154} INFO - [2023-11-20T15:19:18.169+0500] {dag.py:3722} INFO - Setting next_dagrun for example_xcom_args_with_operators to None, run_after=None
[2023-11-20T15:19:18.194+0500] {processor.py:179} INFO - Processing /home/den/Projects/venv/lib/python3.10/site-packages/airflow/example_dags/example_xcomargs.py took 0.066 seconds
[2023-11-20T15:20:11.891+0500] {processor.py:157} INFO - Started process (PID=9939) to work on /home/den/Projects/venv/lib/python3.10/site-packages/airflow/example_dags/example_xcomargs.py
[2023-11-20T15:20:11.897+0500] {processor.py:829} INFO - Processing file /home/den/Projects/venv/lib/python3.10/site-packages/airflow/example_dags/example_xcomargs.py for tasks to queue
[2023-11-20T15:20:11.901+0500] {logging_mixin.py:154} INFO - [2023-11-20T15:20:11.898+0500] {dagbag.py:536} INFO - Filling up the DagBag from /home/den/Projects/venv/lib/python3.10/site-packages/airflow/example_dags/example_xcomargs.py
[2023-11-20T15:20:11.913+0500] {processor.py:839} INFO - DAG(s) dict_keys(['example_xcom_args_with_operators', 'example_xcom_args']) retrieved from /home/den/Projects/venv/lib/python3.10/site-packages/airflow/example_dags/example_xcomargs.py
[2023-11-20T15:20:11.948+0500] {logging_mixin.py:154} INFO - [2023-11-20T15:20:11.948+0500] {dag.py:2941} INFO - Sync 2 DAGs
[2023-11-20T15:20:11.966+0500] {logging_mixin.py:154} INFO - [2023-11-20T15:20:11.966+0500] {dag.py:3722} INFO - Setting next_dagrun for example_xcom_args to None, run_after=None
[2023-11-20T15:20:11.969+0500] {logging_mixin.py:154} INFO - [2023-11-20T15:20:11.968+0500] {dag.py:3722} INFO - Setting next_dagrun for example_xcom_args_with_operators to None, run_after=None
[2023-11-20T15:20:12.005+0500] {processor.py:179} INFO - Processing /home/den/Projects/venv/lib/python3.10/site-packages/airflow/example_dags/example_xcomargs.py took 0.117 seconds
[2023-11-20T15:20:52.791+0500] {processor.py:157} INFO - Started process (PID=9995) to work on /home/den/Projects/venv/lib/python3.10/site-packages/airflow/example_dags/example_xcomargs.py
[2023-11-20T15:20:52.796+0500] {processor.py:829} INFO - Processing file /home/den/Projects/venv/lib/python3.10/site-packages/airflow/example_dags/example_xcomargs.py for tasks to queue
[2023-11-20T15:20:52.798+0500] {logging_mixin.py:154} INFO - [2023-11-20T15:20:52.797+0500] {dagbag.py:536} INFO - Filling up the DagBag from /home/den/Projects/venv/lib/python3.10/site-packages/airflow/example_dags/example_xcomargs.py
[2023-11-20T15:20:52.809+0500] {processor.py:839} INFO - DAG(s) dict_keys(['example_xcom_args', 'example_xcom_args_with_operators']) retrieved from /home/den/Projects/venv/lib/python3.10/site-packages/airflow/example_dags/example_xcomargs.py
[2023-11-20T15:20:52.838+0500] {logging_mixin.py:154} INFO - [2023-11-20T15:20:52.837+0500] {dag.py:2941} INFO - Sync 2 DAGs
[2023-11-20T15:20:52.849+0500] {logging_mixin.py:154} INFO - [2023-11-20T15:20:52.848+0500] {dag.py:3722} INFO - Setting next_dagrun for example_xcom_args to None, run_after=None
[2023-11-20T15:20:52.855+0500] {logging_mixin.py:154} INFO - [2023-11-20T15:20:52.854+0500] {dag.py:3722} INFO - Setting next_dagrun for example_xcom_args_with_operators to None, run_after=None
[2023-11-20T15:20:52.889+0500] {processor.py:179} INFO - Processing /home/den/Projects/venv/lib/python3.10/site-packages/airflow/example_dags/example_xcomargs.py took 0.103 seconds
[2023-11-20T15:21:36.052+0500] {processor.py:157} INFO - Started process (PID=10052) to work on /home/den/Projects/venv/lib/python3.10/site-packages/airflow/example_dags/example_xcomargs.py
[2023-11-20T15:21:36.061+0500] {processor.py:829} INFO - Processing file /home/den/Projects/venv/lib/python3.10/site-packages/airflow/example_dags/example_xcomargs.py for tasks to queue
[2023-11-20T15:21:36.063+0500] {logging_mixin.py:154} INFO - [2023-11-20T15:21:36.062+0500] {dagbag.py:536} INFO - Filling up the DagBag from /home/den/Projects/venv/lib/python3.10/site-packages/airflow/example_dags/example_xcomargs.py
[2023-11-20T15:21:36.073+0500] {processor.py:839} INFO - DAG(s) dict_keys(['example_xcom_args_with_operators', 'example_xcom_args']) retrieved from /home/den/Projects/venv/lib/python3.10/site-packages/airflow/example_dags/example_xcomargs.py
[2023-11-20T15:21:36.113+0500] {logging_mixin.py:154} INFO - [2023-11-20T15:21:36.113+0500] {dag.py:2941} INFO - Sync 2 DAGs
[2023-11-20T15:21:36.142+0500] {logging_mixin.py:154} INFO - [2023-11-20T15:21:36.141+0500] {dag.py:3722} INFO - Setting next_dagrun for example_xcom_args to None, run_after=None
[2023-11-20T15:21:36.145+0500] {logging_mixin.py:154} INFO - [2023-11-20T15:21:36.145+0500] {dag.py:3722} INFO - Setting next_dagrun for example_xcom_args_with_operators to None, run_after=None
[2023-11-20T15:21:36.202+0500] {processor.py:179} INFO - Processing /home/den/Projects/venv/lib/python3.10/site-packages/airflow/example_dags/example_xcomargs.py took 0.152 seconds
[2023-11-20T15:22:19.843+0500] {processor.py:157} INFO - Started process (PID=10129) to work on /home/den/Projects/venv/lib/python3.10/site-packages/airflow/example_dags/example_xcomargs.py
[2023-11-20T15:22:19.847+0500] {processor.py:829} INFO - Processing file /home/den/Projects/venv/lib/python3.10/site-packages/airflow/example_dags/example_xcomargs.py for tasks to queue
[2023-11-20T15:22:19.848+0500] {logging_mixin.py:154} INFO - [2023-11-20T15:22:19.848+0500] {dagbag.py:536} INFO - Filling up the DagBag from /home/den/Projects/venv/lib/python3.10/site-packages/airflow/example_dags/example_xcomargs.py
[2023-11-20T15:22:19.860+0500] {processor.py:839} INFO - DAG(s) dict_keys(['example_xcom_args_with_operators', 'example_xcom_args']) retrieved from /home/den/Projects/venv/lib/python3.10/site-packages/airflow/example_dags/example_xcomargs.py
[2023-11-20T15:22:19.896+0500] {logging_mixin.py:154} INFO - [2023-11-20T15:22:19.896+0500] {dag.py:2941} INFO - Sync 2 DAGs
[2023-11-20T15:22:19.916+0500] {logging_mixin.py:154} INFO - [2023-11-20T15:22:19.915+0500] {dag.py:3722} INFO - Setting next_dagrun for example_xcom_args to None, run_after=None
[2023-11-20T15:22:19.920+0500] {logging_mixin.py:154} INFO - [2023-11-20T15:22:19.920+0500] {dag.py:3722} INFO - Setting next_dagrun for example_xcom_args_with_operators to None, run_after=None
[2023-11-20T15:22:19.938+0500] {processor.py:179} INFO - Processing /home/den/Projects/venv/lib/python3.10/site-packages/airflow/example_dags/example_xcomargs.py took 0.099 seconds
[2023-11-20T15:23:00.922+0500] {processor.py:157} INFO - Started process (PID=10187) to work on /home/den/Projects/venv/lib/python3.10/site-packages/airflow/example_dags/example_xcomargs.py
[2023-11-20T15:23:00.924+0500] {processor.py:829} INFO - Processing file /home/den/Projects/venv/lib/python3.10/site-packages/airflow/example_dags/example_xcomargs.py for tasks to queue
[2023-11-20T15:23:00.925+0500] {logging_mixin.py:154} INFO - [2023-11-20T15:23:00.924+0500] {dagbag.py:536} INFO - Filling up the DagBag from /home/den/Projects/venv/lib/python3.10/site-packages/airflow/example_dags/example_xcomargs.py
[2023-11-20T15:23:00.937+0500] {processor.py:839} INFO - DAG(s) dict_keys(['example_xcom_args_with_operators', 'example_xcom_args']) retrieved from /home/den/Projects/venv/lib/python3.10/site-packages/airflow/example_dags/example_xcomargs.py
[2023-11-20T15:23:00.976+0500] {logging_mixin.py:154} INFO - [2023-11-20T15:23:00.975+0500] {dag.py:2941} INFO - Sync 2 DAGs
[2023-11-20T15:23:00.995+0500] {logging_mixin.py:154} INFO - [2023-11-20T15:23:00.995+0500] {dag.py:3722} INFO - Setting next_dagrun for example_xcom_args to None, run_after=None
[2023-11-20T15:23:00.998+0500] {logging_mixin.py:154} INFO - [2023-11-20T15:23:00.998+0500] {dag.py:3722} INFO - Setting next_dagrun for example_xcom_args_with_operators to None, run_after=None
[2023-11-20T15:23:01.021+0500] {processor.py:179} INFO - Processing /home/den/Projects/venv/lib/python3.10/site-packages/airflow/example_dags/example_xcomargs.py took 0.106 seconds
[2023-11-20T15:23:41.527+0500] {processor.py:157} INFO - Started process (PID=10269) to work on /home/den/Projects/venv/lib/python3.10/site-packages/airflow/example_dags/example_xcomargs.py
[2023-11-20T15:23:41.530+0500] {processor.py:829} INFO - Processing file /home/den/Projects/venv/lib/python3.10/site-packages/airflow/example_dags/example_xcomargs.py for tasks to queue
[2023-11-20T15:23:41.534+0500] {logging_mixin.py:154} INFO - [2023-11-20T15:23:41.533+0500] {dagbag.py:536} INFO - Filling up the DagBag from /home/den/Projects/venv/lib/python3.10/site-packages/airflow/example_dags/example_xcomargs.py
[2023-11-20T15:23:41.545+0500] {processor.py:839} INFO - DAG(s) dict_keys(['example_xcom_args', 'example_xcom_args_with_operators']) retrieved from /home/den/Projects/venv/lib/python3.10/site-packages/airflow/example_dags/example_xcomargs.py
[2023-11-20T15:23:41.578+0500] {logging_mixin.py:154} INFO - [2023-11-20T15:23:41.577+0500] {dag.py:2941} INFO - Sync 2 DAGs
[2023-11-20T15:23:41.591+0500] {logging_mixin.py:154} INFO - [2023-11-20T15:23:41.591+0500] {dag.py:3722} INFO - Setting next_dagrun for example_xcom_args to None, run_after=None
[2023-11-20T15:23:41.597+0500] {logging_mixin.py:154} INFO - [2023-11-20T15:23:41.597+0500] {dag.py:3722} INFO - Setting next_dagrun for example_xcom_args_with_operators to None, run_after=None
[2023-11-20T15:23:41.636+0500] {processor.py:179} INFO - Processing /home/den/Projects/venv/lib/python3.10/site-packages/airflow/example_dags/example_xcomargs.py took 0.121 seconds
