[2023-11-20T14:39:39.016+0500] {processor.py:157} INFO - Started process (PID=5182) to work on /home/den/Projects/venv/lib/python3.10/site-packages/airflow/example_dags/example_dynamic_task_mapping_with_no_taskflow_operators.py
[2023-11-20T14:39:39.017+0500] {processor.py:829} INFO - Processing file /home/den/Projects/venv/lib/python3.10/site-packages/airflow/example_dags/example_dynamic_task_mapping_with_no_taskflow_operators.py for tasks to queue
[2023-11-20T14:39:39.018+0500] {logging_mixin.py:154} INFO - [2023-11-20T14:39:39.017+0500] {dagbag.py:536} INFO - Filling up the DagBag from /home/den/Projects/venv/lib/python3.10/site-packages/airflow/example_dags/example_dynamic_task_mapping_with_no_taskflow_operators.py
[2023-11-20T14:39:39.032+0500] {processor.py:839} INFO - DAG(s) dict_keys(['example_dynamic_task_mapping_with_no_taskflow_operators']) retrieved from /home/den/Projects/venv/lib/python3.10/site-packages/airflow/example_dags/example_dynamic_task_mapping_with_no_taskflow_operators.py
[2023-11-20T14:39:39.139+0500] {logging_mixin.py:154} INFO - [2023-11-20T14:39:39.139+0500] {manager.py:499} INFO - Created Permission View: %s
[2023-11-20T14:39:39.159+0500] {logging_mixin.py:154} INFO - [2023-11-20T14:39:39.158+0500] {manager.py:499} INFO - Created Permission View: %s
[2023-11-20T14:39:39.183+0500] {logging_mixin.py:154} INFO - [2023-11-20T14:39:39.183+0500] {manager.py:499} INFO - Created Permission View: %s
[2023-11-20T14:39:39.184+0500] {logging_mixin.py:154} INFO - [2023-11-20T14:39:39.184+0500] {dag.py:2941} INFO - Sync 1 DAGs
[2023-11-20T14:39:39.195+0500] {logging_mixin.py:154} INFO - [2023-11-20T14:39:39.195+0500] {dag.py:2963} INFO - Creating ORM DAG for example_dynamic_task_mapping_with_no_taskflow_operators
[2023-11-20T14:39:39.205+0500] {logging_mixin.py:154} INFO - [2023-11-20T14:39:39.204+0500] {dag.py:3722} INFO - Setting next_dagrun for example_dynamic_task_mapping_with_no_taskflow_operators to 2023-11-19T09:39:39.204764+00:00, run_after=2023-11-20T09:39:39.204764+00:00
[2023-11-20T14:39:39.232+0500] {processor.py:179} INFO - Processing /home/den/Projects/venv/lib/python3.10/site-packages/airflow/example_dags/example_dynamic_task_mapping_with_no_taskflow_operators.py took 0.218 seconds
[2023-11-20T14:40:30.025+0500] {processor.py:157} INFO - Started process (PID=5299) to work on /home/den/Projects/venv/lib/python3.10/site-packages/airflow/example_dags/example_dynamic_task_mapping_with_no_taskflow_operators.py
[2023-11-20T14:40:30.027+0500] {processor.py:829} INFO - Processing file /home/den/Projects/venv/lib/python3.10/site-packages/airflow/example_dags/example_dynamic_task_mapping_with_no_taskflow_operators.py for tasks to queue
[2023-11-20T14:40:30.028+0500] {logging_mixin.py:154} INFO - [2023-11-20T14:40:30.028+0500] {dagbag.py:536} INFO - Filling up the DagBag from /home/den/Projects/venv/lib/python3.10/site-packages/airflow/example_dags/example_dynamic_task_mapping_with_no_taskflow_operators.py
[2023-11-20T14:40:30.034+0500] {processor.py:839} INFO - DAG(s) dict_keys(['example_dynamic_task_mapping_with_no_taskflow_operators']) retrieved from /home/den/Projects/venv/lib/python3.10/site-packages/airflow/example_dags/example_dynamic_task_mapping_with_no_taskflow_operators.py
[2023-11-20T14:40:30.045+0500] {logging_mixin.py:154} INFO - [2023-11-20T14:40:30.045+0500] {dag.py:2941} INFO - Sync 1 DAGs
[2023-11-20T14:40:30.056+0500] {logging_mixin.py:154} INFO - [2023-11-20T14:40:30.056+0500] {dag.py:3722} INFO - Setting next_dagrun for example_dynamic_task_mapping_with_no_taskflow_operators to 2023-11-19T09:40:30.056406+00:00, run_after=2023-11-20T09:40:30.056406+00:00
[2023-11-20T14:40:30.073+0500] {processor.py:179} INFO - Processing /home/den/Projects/venv/lib/python3.10/site-packages/airflow/example_dags/example_dynamic_task_mapping_with_no_taskflow_operators.py took 0.051 seconds
[2023-11-20T14:50:07.173+0500] {processor.py:157} INFO - Started process (PID=6506) to work on /home/den/Projects/venv/lib/python3.10/site-packages/airflow/example_dags/example_dynamic_task_mapping_with_no_taskflow_operators.py
[2023-11-20T14:50:07.175+0500] {processor.py:829} INFO - Processing file /home/den/Projects/venv/lib/python3.10/site-packages/airflow/example_dags/example_dynamic_task_mapping_with_no_taskflow_operators.py for tasks to queue
[2023-11-20T14:50:07.176+0500] {logging_mixin.py:154} INFO - [2023-11-20T14:50:07.175+0500] {dagbag.py:536} INFO - Filling up the DagBag from /home/den/Projects/venv/lib/python3.10/site-packages/airflow/example_dags/example_dynamic_task_mapping_with_no_taskflow_operators.py
[2023-11-20T14:50:07.183+0500] {processor.py:839} INFO - DAG(s) dict_keys(['example_dynamic_task_mapping_with_no_taskflow_operators']) retrieved from /home/den/Projects/venv/lib/python3.10/site-packages/airflow/example_dags/example_dynamic_task_mapping_with_no_taskflow_operators.py
[2023-11-20T14:50:07.195+0500] {logging_mixin.py:154} INFO - [2023-11-20T14:50:07.195+0500] {dag.py:2941} INFO - Sync 1 DAGs
[2023-11-20T14:50:07.207+0500] {logging_mixin.py:154} INFO - [2023-11-20T14:50:07.207+0500] {dag.py:3722} INFO - Setting next_dagrun for example_dynamic_task_mapping_with_no_taskflow_operators to 2023-11-19T09:50:07.207213+00:00, run_after=2023-11-20T09:50:07.207213+00:00
[2023-11-20T14:50:07.225+0500] {processor.py:179} INFO - Processing /home/den/Projects/venv/lib/python3.10/site-packages/airflow/example_dags/example_dynamic_task_mapping_with_no_taskflow_operators.py took 0.054 seconds
[2023-11-20T14:50:55.476+0500] {processor.py:157} INFO - Started process (PID=6572) to work on /home/den/Projects/venv/lib/python3.10/site-packages/airflow/example_dags/example_dynamic_task_mapping_with_no_taskflow_operators.py
[2023-11-20T14:50:55.478+0500] {processor.py:829} INFO - Processing file /home/den/Projects/venv/lib/python3.10/site-packages/airflow/example_dags/example_dynamic_task_mapping_with_no_taskflow_operators.py for tasks to queue
[2023-11-20T14:50:55.479+0500] {logging_mixin.py:154} INFO - [2023-11-20T14:50:55.479+0500] {dagbag.py:536} INFO - Filling up the DagBag from /home/den/Projects/venv/lib/python3.10/site-packages/airflow/example_dags/example_dynamic_task_mapping_with_no_taskflow_operators.py
[2023-11-20T14:50:55.484+0500] {processor.py:839} INFO - DAG(s) dict_keys(['example_dynamic_task_mapping_with_no_taskflow_operators']) retrieved from /home/den/Projects/venv/lib/python3.10/site-packages/airflow/example_dags/example_dynamic_task_mapping_with_no_taskflow_operators.py
[2023-11-20T14:50:55.494+0500] {logging_mixin.py:154} INFO - [2023-11-20T14:50:55.494+0500] {dag.py:2941} INFO - Sync 1 DAGs
[2023-11-20T14:50:55.506+0500] {logging_mixin.py:154} INFO - [2023-11-20T14:50:55.506+0500] {dag.py:3722} INFO - Setting next_dagrun for example_dynamic_task_mapping_with_no_taskflow_operators to 2023-11-19T09:50:55.505865+00:00, run_after=2023-11-20T09:50:55.505865+00:00
[2023-11-20T14:50:55.524+0500] {processor.py:179} INFO - Processing /home/den/Projects/venv/lib/python3.10/site-packages/airflow/example_dags/example_dynamic_task_mapping_with_no_taskflow_operators.py took 0.051 seconds
[2023-11-20T14:51:45.532+0500] {processor.py:157} INFO - Started process (PID=6668) to work on /home/den/Projects/venv/lib/python3.10/site-packages/airflow/example_dags/example_dynamic_task_mapping_with_no_taskflow_operators.py
[2023-11-20T14:51:45.542+0500] {processor.py:829} INFO - Processing file /home/den/Projects/venv/lib/python3.10/site-packages/airflow/example_dags/example_dynamic_task_mapping_with_no_taskflow_operators.py for tasks to queue
[2023-11-20T14:51:45.543+0500] {logging_mixin.py:154} INFO - [2023-11-20T14:51:45.542+0500] {dagbag.py:536} INFO - Filling up the DagBag from /home/den/Projects/venv/lib/python3.10/site-packages/airflow/example_dags/example_dynamic_task_mapping_with_no_taskflow_operators.py
[2023-11-20T14:51:45.549+0500] {processor.py:839} INFO - DAG(s) dict_keys(['example_dynamic_task_mapping_with_no_taskflow_operators']) retrieved from /home/den/Projects/venv/lib/python3.10/site-packages/airflow/example_dags/example_dynamic_task_mapping_with_no_taskflow_operators.py
[2023-11-20T14:51:45.566+0500] {logging_mixin.py:154} INFO - [2023-11-20T14:51:45.566+0500] {dag.py:2941} INFO - Sync 1 DAGs
[2023-11-20T14:51:45.589+0500] {logging_mixin.py:154} INFO - [2023-11-20T14:51:45.589+0500] {dag.py:3722} INFO - Setting next_dagrun for example_dynamic_task_mapping_with_no_taskflow_operators to 2023-11-19T09:51:45.588720+00:00, run_after=2023-11-20T09:51:45.588720+00:00
[2023-11-20T14:51:45.626+0500] {processor.py:179} INFO - Processing /home/den/Projects/venv/lib/python3.10/site-packages/airflow/example_dags/example_dynamic_task_mapping_with_no_taskflow_operators.py took 0.099 seconds
[2023-11-20T14:53:23.565+0500] {processor.py:157} INFO - Started process (PID=7383) to work on /home/den/Projects/venv/lib/python3.10/site-packages/airflow/example_dags/example_dynamic_task_mapping_with_no_taskflow_operators.py
[2023-11-20T14:53:23.566+0500] {processor.py:829} INFO - Processing file /home/den/Projects/venv/lib/python3.10/site-packages/airflow/example_dags/example_dynamic_task_mapping_with_no_taskflow_operators.py for tasks to queue
[2023-11-20T14:53:23.567+0500] {logging_mixin.py:154} INFO - [2023-11-20T14:53:23.567+0500] {dagbag.py:536} INFO - Filling up the DagBag from /home/den/Projects/venv/lib/python3.10/site-packages/airflow/example_dags/example_dynamic_task_mapping_with_no_taskflow_operators.py
[2023-11-20T14:53:23.578+0500] {processor.py:839} INFO - DAG(s) dict_keys(['example_dynamic_task_mapping_with_no_taskflow_operators']) retrieved from /home/den/Projects/venv/lib/python3.10/site-packages/airflow/example_dags/example_dynamic_task_mapping_with_no_taskflow_operators.py
[2023-11-20T14:53:23.591+0500] {logging_mixin.py:154} INFO - [2023-11-20T14:53:23.591+0500] {dag.py:2941} INFO - Sync 1 DAGs
[2023-11-20T14:53:23.605+0500] {logging_mixin.py:154} INFO - [2023-11-20T14:53:23.604+0500] {dag.py:3722} INFO - Setting next_dagrun for example_dynamic_task_mapping_with_no_taskflow_operators to 2023-11-19T09:53:23.604713+00:00, run_after=2023-11-20T09:53:23.604713+00:00
[2023-11-20T14:53:23.626+0500] {processor.py:179} INFO - Processing /home/den/Projects/venv/lib/python3.10/site-packages/airflow/example_dags/example_dynamic_task_mapping_with_no_taskflow_operators.py took 0.063 seconds
[2023-11-20T14:54:56.771+0500] {processor.py:157} INFO - Started process (PID=7505) to work on /home/den/Projects/venv/lib/python3.10/site-packages/airflow/example_dags/example_dynamic_task_mapping_with_no_taskflow_operators.py
[2023-11-20T14:54:56.774+0500] {processor.py:829} INFO - Processing file /home/den/Projects/venv/lib/python3.10/site-packages/airflow/example_dags/example_dynamic_task_mapping_with_no_taskflow_operators.py for tasks to queue
[2023-11-20T14:54:56.776+0500] {logging_mixin.py:154} INFO - [2023-11-20T14:54:56.775+0500] {dagbag.py:536} INFO - Filling up the DagBag from /home/den/Projects/venv/lib/python3.10/site-packages/airflow/example_dags/example_dynamic_task_mapping_with_no_taskflow_operators.py
[2023-11-20T14:54:56.785+0500] {processor.py:839} INFO - DAG(s) dict_keys(['example_dynamic_task_mapping_with_no_taskflow_operators']) retrieved from /home/den/Projects/venv/lib/python3.10/site-packages/airflow/example_dags/example_dynamic_task_mapping_with_no_taskflow_operators.py
[2023-11-20T14:54:56.800+0500] {logging_mixin.py:154} INFO - [2023-11-20T14:54:56.800+0500] {dag.py:2941} INFO - Sync 1 DAGs
[2023-11-20T14:54:56.817+0500] {logging_mixin.py:154} INFO - [2023-11-20T14:54:56.817+0500] {dag.py:3722} INFO - Setting next_dagrun for example_dynamic_task_mapping_with_no_taskflow_operators to 2023-11-19T09:54:56.817239+00:00, run_after=2023-11-20T09:54:56.817239+00:00
[2023-11-20T14:54:56.845+0500] {processor.py:179} INFO - Processing /home/den/Projects/venv/lib/python3.10/site-packages/airflow/example_dags/example_dynamic_task_mapping_with_no_taskflow_operators.py took 0.079 seconds
[2023-11-20T14:57:40.353+0500] {processor.py:157} INFO - Started process (PID=7661) to work on /home/den/Projects/venv/lib/python3.10/site-packages/airflow/example_dags/example_dynamic_task_mapping_with_no_taskflow_operators.py
[2023-11-20T14:57:40.355+0500] {processor.py:829} INFO - Processing file /home/den/Projects/venv/lib/python3.10/site-packages/airflow/example_dags/example_dynamic_task_mapping_with_no_taskflow_operators.py for tasks to queue
[2023-11-20T14:57:40.356+0500] {logging_mixin.py:154} INFO - [2023-11-20T14:57:40.355+0500] {dagbag.py:536} INFO - Filling up the DagBag from /home/den/Projects/venv/lib/python3.10/site-packages/airflow/example_dags/example_dynamic_task_mapping_with_no_taskflow_operators.py
[2023-11-20T14:57:40.363+0500] {processor.py:839} INFO - DAG(s) dict_keys(['example_dynamic_task_mapping_with_no_taskflow_operators']) retrieved from /home/den/Projects/venv/lib/python3.10/site-packages/airflow/example_dags/example_dynamic_task_mapping_with_no_taskflow_operators.py
[2023-11-20T14:57:40.375+0500] {logging_mixin.py:154} INFO - [2023-11-20T14:57:40.375+0500] {dag.py:2941} INFO - Sync 1 DAGs
[2023-11-20T14:57:40.388+0500] {logging_mixin.py:154} INFO - [2023-11-20T14:57:40.388+0500] {dag.py:3722} INFO - Setting next_dagrun for example_dynamic_task_mapping_with_no_taskflow_operators to 2023-11-19T09:57:40.388595+00:00, run_after=2023-11-20T09:57:40.388595+00:00
[2023-11-20T14:57:40.404+0500] {processor.py:179} INFO - Processing /home/den/Projects/venv/lib/python3.10/site-packages/airflow/example_dags/example_dynamic_task_mapping_with_no_taskflow_operators.py took 0.053 seconds
[2023-11-20T14:58:25.576+0500] {processor.py:157} INFO - Started process (PID=7766) to work on /home/den/Projects/venv/lib/python3.10/site-packages/airflow/example_dags/example_dynamic_task_mapping_with_no_taskflow_operators.py
[2023-11-20T14:58:25.586+0500] {processor.py:829} INFO - Processing file /home/den/Projects/venv/lib/python3.10/site-packages/airflow/example_dags/example_dynamic_task_mapping_with_no_taskflow_operators.py for tasks to queue
[2023-11-20T14:58:25.593+0500] {logging_mixin.py:154} INFO - [2023-11-20T14:58:25.586+0500] {dagbag.py:536} INFO - Filling up the DagBag from /home/den/Projects/venv/lib/python3.10/site-packages/airflow/example_dags/example_dynamic_task_mapping_with_no_taskflow_operators.py
[2023-11-20T14:58:25.602+0500] {processor.py:839} INFO - DAG(s) dict_keys(['example_dynamic_task_mapping_with_no_taskflow_operators']) retrieved from /home/den/Projects/venv/lib/python3.10/site-packages/airflow/example_dags/example_dynamic_task_mapping_with_no_taskflow_operators.py
[2023-11-20T14:58:25.619+0500] {logging_mixin.py:154} INFO - [2023-11-20T14:58:25.619+0500] {dag.py:2941} INFO - Sync 1 DAGs
[2023-11-20T14:58:25.645+0500] {logging_mixin.py:154} INFO - [2023-11-20T14:58:25.644+0500] {dag.py:3722} INFO - Setting next_dagrun for example_dynamic_task_mapping_with_no_taskflow_operators to 2023-11-19T09:58:25.644584+00:00, run_after=2023-11-20T09:58:25.644584+00:00
[2023-11-20T14:58:25.678+0500] {processor.py:179} INFO - Processing /home/den/Projects/venv/lib/python3.10/site-packages/airflow/example_dags/example_dynamic_task_mapping_with_no_taskflow_operators.py took 0.106 seconds
[2023-11-20T14:59:12.574+0500] {processor.py:157} INFO - Started process (PID=7828) to work on /home/den/Projects/venv/lib/python3.10/site-packages/airflow/example_dags/example_dynamic_task_mapping_with_no_taskflow_operators.py
[2023-11-20T14:59:12.575+0500] {processor.py:829} INFO - Processing file /home/den/Projects/venv/lib/python3.10/site-packages/airflow/example_dags/example_dynamic_task_mapping_with_no_taskflow_operators.py for tasks to queue
[2023-11-20T14:59:12.575+0500] {logging_mixin.py:154} INFO - [2023-11-20T14:59:12.575+0500] {dagbag.py:536} INFO - Filling up the DagBag from /home/den/Projects/venv/lib/python3.10/site-packages/airflow/example_dags/example_dynamic_task_mapping_with_no_taskflow_operators.py
[2023-11-20T14:59:12.581+0500] {processor.py:839} INFO - DAG(s) dict_keys(['example_dynamic_task_mapping_with_no_taskflow_operators']) retrieved from /home/den/Projects/venv/lib/python3.10/site-packages/airflow/example_dags/example_dynamic_task_mapping_with_no_taskflow_operators.py
[2023-11-20T14:59:12.591+0500] {logging_mixin.py:154} INFO - [2023-11-20T14:59:12.591+0500] {dag.py:2941} INFO - Sync 1 DAGs
[2023-11-20T14:59:12.604+0500] {logging_mixin.py:154} INFO - [2023-11-20T14:59:12.604+0500] {dag.py:3722} INFO - Setting next_dagrun for example_dynamic_task_mapping_with_no_taskflow_operators to 2023-11-19T09:59:12.604092+00:00, run_after=2023-11-20T09:59:12.604092+00:00
[2023-11-20T14:59:12.620+0500] {processor.py:179} INFO - Processing /home/den/Projects/venv/lib/python3.10/site-packages/airflow/example_dags/example_dynamic_task_mapping_with_no_taskflow_operators.py took 0.049 seconds
[2023-11-20T15:00:01.581+0500] {processor.py:157} INFO - Started process (PID=7926) to work on /home/den/Projects/venv/lib/python3.10/site-packages/airflow/example_dags/example_dynamic_task_mapping_with_no_taskflow_operators.py
[2023-11-20T15:00:01.586+0500] {processor.py:829} INFO - Processing file /home/den/Projects/venv/lib/python3.10/site-packages/airflow/example_dags/example_dynamic_task_mapping_with_no_taskflow_operators.py for tasks to queue
[2023-11-20T15:00:01.588+0500] {logging_mixin.py:154} INFO - [2023-11-20T15:00:01.587+0500] {dagbag.py:536} INFO - Filling up the DagBag from /home/den/Projects/venv/lib/python3.10/site-packages/airflow/example_dags/example_dynamic_task_mapping_with_no_taskflow_operators.py
[2023-11-20T15:00:01.597+0500] {processor.py:839} INFO - DAG(s) dict_keys(['example_dynamic_task_mapping_with_no_taskflow_operators']) retrieved from /home/den/Projects/venv/lib/python3.10/site-packages/airflow/example_dags/example_dynamic_task_mapping_with_no_taskflow_operators.py
[2023-11-20T15:00:01.613+0500] {logging_mixin.py:154} INFO - [2023-11-20T15:00:01.613+0500] {dag.py:2941} INFO - Sync 1 DAGs
[2023-11-20T15:00:01.642+0500] {logging_mixin.py:154} INFO - [2023-11-20T15:00:01.642+0500] {dag.py:3722} INFO - Setting next_dagrun for example_dynamic_task_mapping_with_no_taskflow_operators to 2023-11-19T10:00:01.642408+00:00, run_after=2023-11-20T10:00:01.642408+00:00
[2023-11-20T15:00:01.687+0500] {processor.py:179} INFO - Processing /home/den/Projects/venv/lib/python3.10/site-packages/airflow/example_dags/example_dynamic_task_mapping_with_no_taskflow_operators.py took 0.109 seconds
[2023-11-20T15:00:54.532+0500] {processor.py:157} INFO - Started process (PID=7996) to work on /home/den/Projects/venv/lib/python3.10/site-packages/airflow/example_dags/example_dynamic_task_mapping_with_no_taskflow_operators.py
[2023-11-20T15:00:54.534+0500] {processor.py:829} INFO - Processing file /home/den/Projects/venv/lib/python3.10/site-packages/airflow/example_dags/example_dynamic_task_mapping_with_no_taskflow_operators.py for tasks to queue
[2023-11-20T15:00:54.534+0500] {logging_mixin.py:154} INFO - [2023-11-20T15:00:54.534+0500] {dagbag.py:536} INFO - Filling up the DagBag from /home/den/Projects/venv/lib/python3.10/site-packages/airflow/example_dags/example_dynamic_task_mapping_with_no_taskflow_operators.py
[2023-11-20T15:00:54.540+0500] {processor.py:839} INFO - DAG(s) dict_keys(['example_dynamic_task_mapping_with_no_taskflow_operators']) retrieved from /home/den/Projects/venv/lib/python3.10/site-packages/airflow/example_dags/example_dynamic_task_mapping_with_no_taskflow_operators.py
[2023-11-20T15:00:54.551+0500] {logging_mixin.py:154} INFO - [2023-11-20T15:00:54.551+0500] {dag.py:2941} INFO - Sync 1 DAGs
[2023-11-20T15:00:54.563+0500] {logging_mixin.py:154} INFO - [2023-11-20T15:00:54.562+0500] {dag.py:3722} INFO - Setting next_dagrun for example_dynamic_task_mapping_with_no_taskflow_operators to 2023-11-19T10:00:54.562757+00:00, run_after=2023-11-20T10:00:54.562757+00:00
[2023-11-20T15:00:54.580+0500] {processor.py:179} INFO - Processing /home/den/Projects/venv/lib/python3.10/site-packages/airflow/example_dags/example_dynamic_task_mapping_with_no_taskflow_operators.py took 0.051 seconds
[2023-11-20T15:01:44.908+0500] {processor.py:157} INFO - Started process (PID=8070) to work on /home/den/Projects/venv/lib/python3.10/site-packages/airflow/example_dags/example_dynamic_task_mapping_with_no_taskflow_operators.py
[2023-11-20T15:01:44.910+0500] {processor.py:829} INFO - Processing file /home/den/Projects/venv/lib/python3.10/site-packages/airflow/example_dags/example_dynamic_task_mapping_with_no_taskflow_operators.py for tasks to queue
[2023-11-20T15:01:44.912+0500] {logging_mixin.py:154} INFO - [2023-11-20T15:01:44.912+0500] {dagbag.py:536} INFO - Filling up the DagBag from /home/den/Projects/venv/lib/python3.10/site-packages/airflow/example_dags/example_dynamic_task_mapping_with_no_taskflow_operators.py
[2023-11-20T15:01:44.922+0500] {processor.py:839} INFO - DAG(s) dict_keys(['example_dynamic_task_mapping_with_no_taskflow_operators']) retrieved from /home/den/Projects/venv/lib/python3.10/site-packages/airflow/example_dags/example_dynamic_task_mapping_with_no_taskflow_operators.py
[2023-11-20T15:01:44.938+0500] {logging_mixin.py:154} INFO - [2023-11-20T15:01:44.938+0500] {dag.py:2941} INFO - Sync 1 DAGs
[2023-11-20T15:01:44.968+0500] {logging_mixin.py:154} INFO - [2023-11-20T15:01:44.966+0500] {dag.py:3722} INFO - Setting next_dagrun for example_dynamic_task_mapping_with_no_taskflow_operators to 2023-11-19T10:01:44.966281+00:00, run_after=2023-11-20T10:01:44.966281+00:00
[2023-11-20T15:01:45.021+0500] {processor.py:179} INFO - Processing /home/den/Projects/venv/lib/python3.10/site-packages/airflow/example_dags/example_dynamic_task_mapping_with_no_taskflow_operators.py took 0.116 seconds
[2023-11-20T15:03:29.097+0500] {processor.py:157} INFO - Started process (PID=8267) to work on /home/den/Projects/venv/lib/python3.10/site-packages/airflow/example_dags/example_dynamic_task_mapping_with_no_taskflow_operators.py
[2023-11-20T15:03:29.107+0500] {processor.py:829} INFO - Processing file /home/den/Projects/venv/lib/python3.10/site-packages/airflow/example_dags/example_dynamic_task_mapping_with_no_taskflow_operators.py for tasks to queue
[2023-11-20T15:03:29.109+0500] {logging_mixin.py:154} INFO - [2023-11-20T15:03:29.108+0500] {dagbag.py:536} INFO - Filling up the DagBag from /home/den/Projects/venv/lib/python3.10/site-packages/airflow/example_dags/example_dynamic_task_mapping_with_no_taskflow_operators.py
[2023-11-20T15:03:29.117+0500] {processor.py:839} INFO - DAG(s) dict_keys(['example_dynamic_task_mapping_with_no_taskflow_operators']) retrieved from /home/den/Projects/venv/lib/python3.10/site-packages/airflow/example_dags/example_dynamic_task_mapping_with_no_taskflow_operators.py
[2023-11-20T15:03:29.129+0500] {logging_mixin.py:154} INFO - [2023-11-20T15:03:29.129+0500] {dag.py:2941} INFO - Sync 1 DAGs
[2023-11-20T15:03:29.144+0500] {logging_mixin.py:154} INFO - [2023-11-20T15:03:29.143+0500] {dag.py:3722} INFO - Setting next_dagrun for example_dynamic_task_mapping_with_no_taskflow_operators to 2023-11-19T10:03:29.143752+00:00, run_after=2023-11-20T10:03:29.143752+00:00
[2023-11-20T15:03:29.184+0500] {processor.py:179} INFO - Processing /home/den/Projects/venv/lib/python3.10/site-packages/airflow/example_dags/example_dynamic_task_mapping_with_no_taskflow_operators.py took 0.091 seconds
[2023-11-20T15:04:17.284+0500] {processor.py:157} INFO - Started process (PID=8359) to work on /home/den/Projects/venv/lib/python3.10/site-packages/airflow/example_dags/example_dynamic_task_mapping_with_no_taskflow_operators.py
[2023-11-20T15:04:17.291+0500] {processor.py:829} INFO - Processing file /home/den/Projects/venv/lib/python3.10/site-packages/airflow/example_dags/example_dynamic_task_mapping_with_no_taskflow_operators.py for tasks to queue
[2023-11-20T15:04:17.294+0500] {logging_mixin.py:154} INFO - [2023-11-20T15:04:17.292+0500] {dagbag.py:536} INFO - Filling up the DagBag from /home/den/Projects/venv/lib/python3.10/site-packages/airflow/example_dags/example_dynamic_task_mapping_with_no_taskflow_operators.py
[2023-11-20T15:04:17.307+0500] {processor.py:839} INFO - DAG(s) dict_keys(['example_dynamic_task_mapping_with_no_taskflow_operators']) retrieved from /home/den/Projects/venv/lib/python3.10/site-packages/airflow/example_dags/example_dynamic_task_mapping_with_no_taskflow_operators.py
[2023-11-20T15:04:17.321+0500] {logging_mixin.py:154} INFO - [2023-11-20T15:04:17.321+0500] {dag.py:2941} INFO - Sync 1 DAGs
[2023-11-20T15:04:17.335+0500] {logging_mixin.py:154} INFO - [2023-11-20T15:04:17.335+0500] {dag.py:3722} INFO - Setting next_dagrun for example_dynamic_task_mapping_with_no_taskflow_operators to 2023-11-19T10:04:17.335242+00:00, run_after=2023-11-20T10:04:17.335242+00:00
[2023-11-20T15:04:17.355+0500] {processor.py:179} INFO - Processing /home/den/Projects/venv/lib/python3.10/site-packages/airflow/example_dags/example_dynamic_task_mapping_with_no_taskflow_operators.py took 0.080 seconds
[2023-11-20T15:05:14.515+0500] {processor.py:157} INFO - Started process (PID=8428) to work on /home/den/Projects/venv/lib/python3.10/site-packages/airflow/example_dags/example_dynamic_task_mapping_with_no_taskflow_operators.py
[2023-11-20T15:05:14.517+0500] {processor.py:829} INFO - Processing file /home/den/Projects/venv/lib/python3.10/site-packages/airflow/example_dags/example_dynamic_task_mapping_with_no_taskflow_operators.py for tasks to queue
[2023-11-20T15:05:14.518+0500] {logging_mixin.py:154} INFO - [2023-11-20T15:05:14.518+0500] {dagbag.py:536} INFO - Filling up the DagBag from /home/den/Projects/venv/lib/python3.10/site-packages/airflow/example_dags/example_dynamic_task_mapping_with_no_taskflow_operators.py
[2023-11-20T15:05:14.526+0500] {processor.py:839} INFO - DAG(s) dict_keys(['example_dynamic_task_mapping_with_no_taskflow_operators']) retrieved from /home/den/Projects/venv/lib/python3.10/site-packages/airflow/example_dags/example_dynamic_task_mapping_with_no_taskflow_operators.py
[2023-11-20T15:05:14.547+0500] {logging_mixin.py:154} INFO - [2023-11-20T15:05:14.547+0500] {dag.py:2941} INFO - Sync 1 DAGs
[2023-11-20T15:05:14.587+0500] {logging_mixin.py:154} INFO - [2023-11-20T15:05:14.587+0500] {dag.py:3722} INFO - Setting next_dagrun for example_dynamic_task_mapping_with_no_taskflow_operators to 2023-11-19T10:05:14.587127+00:00, run_after=2023-11-20T10:05:14.587127+00:00
[2023-11-20T15:05:14.622+0500] {processor.py:179} INFO - Processing /home/den/Projects/venv/lib/python3.10/site-packages/airflow/example_dags/example_dynamic_task_mapping_with_no_taskflow_operators.py took 0.113 seconds
[2023-11-20T15:06:11.443+0500] {processor.py:157} INFO - Started process (PID=8528) to work on /home/den/Projects/venv/lib/python3.10/site-packages/airflow/example_dags/example_dynamic_task_mapping_with_no_taskflow_operators.py
[2023-11-20T15:06:11.446+0500] {processor.py:829} INFO - Processing file /home/den/Projects/venv/lib/python3.10/site-packages/airflow/example_dags/example_dynamic_task_mapping_with_no_taskflow_operators.py for tasks to queue
[2023-11-20T15:06:11.451+0500] {logging_mixin.py:154} INFO - [2023-11-20T15:06:11.451+0500] {dagbag.py:536} INFO - Filling up the DagBag from /home/den/Projects/venv/lib/python3.10/site-packages/airflow/example_dags/example_dynamic_task_mapping_with_no_taskflow_operators.py
[2023-11-20T15:06:11.462+0500] {processor.py:839} INFO - DAG(s) dict_keys(['example_dynamic_task_mapping_with_no_taskflow_operators']) retrieved from /home/den/Projects/venv/lib/python3.10/site-packages/airflow/example_dags/example_dynamic_task_mapping_with_no_taskflow_operators.py
[2023-11-20T15:06:11.475+0500] {logging_mixin.py:154} INFO - [2023-11-20T15:06:11.475+0500] {dag.py:2941} INFO - Sync 1 DAGs
[2023-11-20T15:06:11.495+0500] {logging_mixin.py:154} INFO - [2023-11-20T15:06:11.495+0500] {dag.py:3722} INFO - Setting next_dagrun for example_dynamic_task_mapping_with_no_taskflow_operators to 2023-11-19T10:06:11.495280+00:00, run_after=2023-11-20T10:06:11.495280+00:00
[2023-11-20T15:06:11.545+0500] {processor.py:179} INFO - Processing /home/den/Projects/venv/lib/python3.10/site-packages/airflow/example_dags/example_dynamic_task_mapping_with_no_taskflow_operators.py took 0.106 seconds
[2023-11-20T15:07:09.272+0500] {processor.py:157} INFO - Started process (PID=8609) to work on /home/den/Projects/venv/lib/python3.10/site-packages/airflow/example_dags/example_dynamic_task_mapping_with_no_taskflow_operators.py
[2023-11-20T15:07:09.282+0500] {processor.py:829} INFO - Processing file /home/den/Projects/venv/lib/python3.10/site-packages/airflow/example_dags/example_dynamic_task_mapping_with_no_taskflow_operators.py for tasks to queue
[2023-11-20T15:07:09.283+0500] {logging_mixin.py:154} INFO - [2023-11-20T15:07:09.283+0500] {dagbag.py:536} INFO - Filling up the DagBag from /home/den/Projects/venv/lib/python3.10/site-packages/airflow/example_dags/example_dynamic_task_mapping_with_no_taskflow_operators.py
[2023-11-20T15:07:09.297+0500] {processor.py:839} INFO - DAG(s) dict_keys(['example_dynamic_task_mapping_with_no_taskflow_operators']) retrieved from /home/den/Projects/venv/lib/python3.10/site-packages/airflow/example_dags/example_dynamic_task_mapping_with_no_taskflow_operators.py
[2023-11-20T15:07:09.325+0500] {logging_mixin.py:154} INFO - [2023-11-20T15:07:09.325+0500] {dag.py:2941} INFO - Sync 1 DAGs
[2023-11-20T15:07:09.359+0500] {logging_mixin.py:154} INFO - [2023-11-20T15:07:09.359+0500] {dag.py:3722} INFO - Setting next_dagrun for example_dynamic_task_mapping_with_no_taskflow_operators to 2023-11-19T10:07:09.355604+00:00, run_after=2023-11-20T10:07:09.355604+00:00
[2023-11-20T15:07:09.393+0500] {processor.py:179} INFO - Processing /home/den/Projects/venv/lib/python3.10/site-packages/airflow/example_dags/example_dynamic_task_mapping_with_no_taskflow_operators.py took 0.126 seconds
[2023-11-20T15:08:12.514+0500] {processor.py:157} INFO - Started process (PID=8732) to work on /home/den/Projects/venv/lib/python3.10/site-packages/airflow/example_dags/example_dynamic_task_mapping_with_no_taskflow_operators.py
[2023-11-20T15:08:12.516+0500] {processor.py:829} INFO - Processing file /home/den/Projects/venv/lib/python3.10/site-packages/airflow/example_dags/example_dynamic_task_mapping_with_no_taskflow_operators.py for tasks to queue
[2023-11-20T15:08:12.517+0500] {logging_mixin.py:154} INFO - [2023-11-20T15:08:12.516+0500] {dagbag.py:536} INFO - Filling up the DagBag from /home/den/Projects/venv/lib/python3.10/site-packages/airflow/example_dags/example_dynamic_task_mapping_with_no_taskflow_operators.py
[2023-11-20T15:08:12.534+0500] {processor.py:839} INFO - DAG(s) dict_keys(['example_dynamic_task_mapping_with_no_taskflow_operators']) retrieved from /home/den/Projects/venv/lib/python3.10/site-packages/airflow/example_dags/example_dynamic_task_mapping_with_no_taskflow_operators.py
[2023-11-20T15:08:12.554+0500] {logging_mixin.py:154} INFO - [2023-11-20T15:08:12.554+0500] {dag.py:2941} INFO - Sync 1 DAGs
[2023-11-20T15:08:12.569+0500] {logging_mixin.py:154} INFO - [2023-11-20T15:08:12.569+0500] {dag.py:3722} INFO - Setting next_dagrun for example_dynamic_task_mapping_with_no_taskflow_operators to 2023-11-19T10:08:12.569535+00:00, run_after=2023-11-20T10:08:12.569535+00:00
[2023-11-20T15:08:12.600+0500] {processor.py:179} INFO - Processing /home/den/Projects/venv/lib/python3.10/site-packages/airflow/example_dags/example_dynamic_task_mapping_with_no_taskflow_operators.py took 0.094 seconds
[2023-11-20T15:09:15.178+0500] {processor.py:157} INFO - Started process (PID=8817) to work on /home/den/Projects/venv/lib/python3.10/site-packages/airflow/example_dags/example_dynamic_task_mapping_with_no_taskflow_operators.py
[2023-11-20T15:09:15.188+0500] {processor.py:829} INFO - Processing file /home/den/Projects/venv/lib/python3.10/site-packages/airflow/example_dags/example_dynamic_task_mapping_with_no_taskflow_operators.py for tasks to queue
[2023-11-20T15:09:15.190+0500] {logging_mixin.py:154} INFO - [2023-11-20T15:09:15.189+0500] {dagbag.py:536} INFO - Filling up the DagBag from /home/den/Projects/venv/lib/python3.10/site-packages/airflow/example_dags/example_dynamic_task_mapping_with_no_taskflow_operators.py
[2023-11-20T15:09:15.206+0500] {processor.py:839} INFO - DAG(s) dict_keys(['example_dynamic_task_mapping_with_no_taskflow_operators']) retrieved from /home/den/Projects/venv/lib/python3.10/site-packages/airflow/example_dags/example_dynamic_task_mapping_with_no_taskflow_operators.py
[2023-11-20T15:09:15.225+0500] {logging_mixin.py:154} INFO - [2023-11-20T15:09:15.225+0500] {dag.py:2941} INFO - Sync 1 DAGs
[2023-11-20T15:09:15.251+0500] {logging_mixin.py:154} INFO - [2023-11-20T15:09:15.250+0500] {dag.py:3722} INFO - Setting next_dagrun for example_dynamic_task_mapping_with_no_taskflow_operators to 2023-11-19T10:09:15.250629+00:00, run_after=2023-11-20T10:09:15.250629+00:00
[2023-11-20T15:09:15.288+0500] {processor.py:179} INFO - Processing /home/den/Projects/venv/lib/python3.10/site-packages/airflow/example_dags/example_dynamic_task_mapping_with_no_taskflow_operators.py took 0.115 seconds
[2023-11-20T15:10:16.619+0500] {processor.py:157} INFO - Started process (PID=8920) to work on /home/den/Projects/venv/lib/python3.10/site-packages/airflow/example_dags/example_dynamic_task_mapping_with_no_taskflow_operators.py
[2023-11-20T15:10:16.621+0500] {processor.py:829} INFO - Processing file /home/den/Projects/venv/lib/python3.10/site-packages/airflow/example_dags/example_dynamic_task_mapping_with_no_taskflow_operators.py for tasks to queue
[2023-11-20T15:10:16.623+0500] {logging_mixin.py:154} INFO - [2023-11-20T15:10:16.622+0500] {dagbag.py:536} INFO - Filling up the DagBag from /home/den/Projects/venv/lib/python3.10/site-packages/airflow/example_dags/example_dynamic_task_mapping_with_no_taskflow_operators.py
[2023-11-20T15:10:16.631+0500] {processor.py:839} INFO - DAG(s) dict_keys(['example_dynamic_task_mapping_with_no_taskflow_operators']) retrieved from /home/den/Projects/venv/lib/python3.10/site-packages/airflow/example_dags/example_dynamic_task_mapping_with_no_taskflow_operators.py
[2023-11-20T15:10:16.654+0500] {logging_mixin.py:154} INFO - [2023-11-20T15:10:16.654+0500] {dag.py:2941} INFO - Sync 1 DAGs
[2023-11-20T15:10:16.684+0500] {logging_mixin.py:154} INFO - [2023-11-20T15:10:16.683+0500] {dag.py:3722} INFO - Setting next_dagrun for example_dynamic_task_mapping_with_no_taskflow_operators to 2023-11-19T10:10:16.683244+00:00, run_after=2023-11-20T10:10:16.683244+00:00
[2023-11-20T15:10:16.716+0500] {processor.py:179} INFO - Processing /home/den/Projects/venv/lib/python3.10/site-packages/airflow/example_dags/example_dynamic_task_mapping_with_no_taskflow_operators.py took 0.103 seconds
[2023-11-20T15:11:09.732+0500] {processor.py:157} INFO - Started process (PID=8993) to work on /home/den/Projects/venv/lib/python3.10/site-packages/airflow/example_dags/example_dynamic_task_mapping_with_no_taskflow_operators.py
[2023-11-20T15:11:09.736+0500] {processor.py:829} INFO - Processing file /home/den/Projects/venv/lib/python3.10/site-packages/airflow/example_dags/example_dynamic_task_mapping_with_no_taskflow_operators.py for tasks to queue
[2023-11-20T15:11:09.739+0500] {logging_mixin.py:154} INFO - [2023-11-20T15:11:09.738+0500] {dagbag.py:536} INFO - Filling up the DagBag from /home/den/Projects/venv/lib/python3.10/site-packages/airflow/example_dags/example_dynamic_task_mapping_with_no_taskflow_operators.py
[2023-11-20T15:11:09.749+0500] {processor.py:839} INFO - DAG(s) dict_keys(['example_dynamic_task_mapping_with_no_taskflow_operators']) retrieved from /home/den/Projects/venv/lib/python3.10/site-packages/airflow/example_dags/example_dynamic_task_mapping_with_no_taskflow_operators.py
[2023-11-20T15:11:09.770+0500] {logging_mixin.py:154} INFO - [2023-11-20T15:11:09.770+0500] {dag.py:2941} INFO - Sync 1 DAGs
[2023-11-20T15:11:09.794+0500] {logging_mixin.py:154} INFO - [2023-11-20T15:11:09.794+0500] {dag.py:3722} INFO - Setting next_dagrun for example_dynamic_task_mapping_with_no_taskflow_operators to 2023-11-19T10:11:09.793783+00:00, run_after=2023-11-20T10:11:09.793783+00:00
[2023-11-20T15:11:09.831+0500] {processor.py:179} INFO - Processing /home/den/Projects/venv/lib/python3.10/site-packages/airflow/example_dags/example_dynamic_task_mapping_with_no_taskflow_operators.py took 0.102 seconds
[2023-11-20T15:12:02.848+0500] {processor.py:157} INFO - Started process (PID=9092) to work on /home/den/Projects/venv/lib/python3.10/site-packages/airflow/example_dags/example_dynamic_task_mapping_with_no_taskflow_operators.py
[2023-11-20T15:12:02.851+0500] {processor.py:829} INFO - Processing file /home/den/Projects/venv/lib/python3.10/site-packages/airflow/example_dags/example_dynamic_task_mapping_with_no_taskflow_operators.py for tasks to queue
[2023-11-20T15:12:02.852+0500] {logging_mixin.py:154} INFO - [2023-11-20T15:12:02.851+0500] {dagbag.py:536} INFO - Filling up the DagBag from /home/den/Projects/venv/lib/python3.10/site-packages/airflow/example_dags/example_dynamic_task_mapping_with_no_taskflow_operators.py
[2023-11-20T15:12:02.865+0500] {processor.py:839} INFO - DAG(s) dict_keys(['example_dynamic_task_mapping_with_no_taskflow_operators']) retrieved from /home/den/Projects/venv/lib/python3.10/site-packages/airflow/example_dags/example_dynamic_task_mapping_with_no_taskflow_operators.py
[2023-11-20T15:12:02.889+0500] {logging_mixin.py:154} INFO - [2023-11-20T15:12:02.889+0500] {dag.py:2941} INFO - Sync 1 DAGs
[2023-11-20T15:12:02.921+0500] {logging_mixin.py:154} INFO - [2023-11-20T15:12:02.920+0500] {dag.py:3722} INFO - Setting next_dagrun for example_dynamic_task_mapping_with_no_taskflow_operators to 2023-11-19T10:12:02.920576+00:00, run_after=2023-11-20T10:12:02.920576+00:00
[2023-11-20T15:12:02.960+0500] {processor.py:179} INFO - Processing /home/den/Projects/venv/lib/python3.10/site-packages/airflow/example_dags/example_dynamic_task_mapping_with_no_taskflow_operators.py took 0.115 seconds
[2023-11-20T15:12:55.110+0500] {processor.py:157} INFO - Started process (PID=9162) to work on /home/den/Projects/venv/lib/python3.10/site-packages/airflow/example_dags/example_dynamic_task_mapping_with_no_taskflow_operators.py
[2023-11-20T15:12:55.122+0500] {processor.py:829} INFO - Processing file /home/den/Projects/venv/lib/python3.10/site-packages/airflow/example_dags/example_dynamic_task_mapping_with_no_taskflow_operators.py for tasks to queue
[2023-11-20T15:12:55.123+0500] {logging_mixin.py:154} INFO - [2023-11-20T15:12:55.122+0500] {dagbag.py:536} INFO - Filling up the DagBag from /home/den/Projects/venv/lib/python3.10/site-packages/airflow/example_dags/example_dynamic_task_mapping_with_no_taskflow_operators.py
[2023-11-20T15:12:55.133+0500] {processor.py:839} INFO - DAG(s) dict_keys(['example_dynamic_task_mapping_with_no_taskflow_operators']) retrieved from /home/den/Projects/venv/lib/python3.10/site-packages/airflow/example_dags/example_dynamic_task_mapping_with_no_taskflow_operators.py
[2023-11-20T15:12:55.150+0500] {logging_mixin.py:154} INFO - [2023-11-20T15:12:55.150+0500] {dag.py:2941} INFO - Sync 1 DAGs
[2023-11-20T15:12:55.164+0500] {logging_mixin.py:154} INFO - [2023-11-20T15:12:55.164+0500] {dag.py:3722} INFO - Setting next_dagrun for example_dynamic_task_mapping_with_no_taskflow_operators to 2023-11-19T10:12:55.164344+00:00, run_after=2023-11-20T10:12:55.164344+00:00
[2023-11-20T15:12:55.199+0500] {processor.py:179} INFO - Processing /home/den/Projects/venv/lib/python3.10/site-packages/airflow/example_dags/example_dynamic_task_mapping_with_no_taskflow_operators.py took 0.101 seconds
[2023-11-20T15:13:49.358+0500] {processor.py:157} INFO - Started process (PID=9252) to work on /home/den/Projects/venv/lib/python3.10/site-packages/airflow/example_dags/example_dynamic_task_mapping_with_no_taskflow_operators.py
[2023-11-20T15:13:49.360+0500] {processor.py:829} INFO - Processing file /home/den/Projects/venv/lib/python3.10/site-packages/airflow/example_dags/example_dynamic_task_mapping_with_no_taskflow_operators.py for tasks to queue
[2023-11-20T15:13:49.361+0500] {logging_mixin.py:154} INFO - [2023-11-20T15:13:49.360+0500] {dagbag.py:536} INFO - Filling up the DagBag from /home/den/Projects/venv/lib/python3.10/site-packages/airflow/example_dags/example_dynamic_task_mapping_with_no_taskflow_operators.py
[2023-11-20T15:13:49.381+0500] {processor.py:839} INFO - DAG(s) dict_keys(['example_dynamic_task_mapping_with_no_taskflow_operators']) retrieved from /home/den/Projects/venv/lib/python3.10/site-packages/airflow/example_dags/example_dynamic_task_mapping_with_no_taskflow_operators.py
[2023-11-20T15:13:49.403+0500] {logging_mixin.py:154} INFO - [2023-11-20T15:13:49.402+0500] {dag.py:2941} INFO - Sync 1 DAGs
[2023-11-20T15:13:49.428+0500] {logging_mixin.py:154} INFO - [2023-11-20T15:13:49.428+0500] {dag.py:3722} INFO - Setting next_dagrun for example_dynamic_task_mapping_with_no_taskflow_operators to 2023-11-19T10:13:49.428279+00:00, run_after=2023-11-20T10:13:49.428279+00:00
[2023-11-20T15:13:49.466+0500] {processor.py:179} INFO - Processing /home/den/Projects/venv/lib/python3.10/site-packages/airflow/example_dags/example_dynamic_task_mapping_with_no_taskflow_operators.py took 0.112 seconds
[2023-11-20T15:14:46.300+0500] {processor.py:157} INFO - Started process (PID=9340) to work on /home/den/Projects/venv/lib/python3.10/site-packages/airflow/example_dags/example_dynamic_task_mapping_with_no_taskflow_operators.py
[2023-11-20T15:14:46.307+0500] {processor.py:829} INFO - Processing file /home/den/Projects/venv/lib/python3.10/site-packages/airflow/example_dags/example_dynamic_task_mapping_with_no_taskflow_operators.py for tasks to queue
[2023-11-20T15:14:46.309+0500] {logging_mixin.py:154} INFO - [2023-11-20T15:14:46.308+0500] {dagbag.py:536} INFO - Filling up the DagBag from /home/den/Projects/venv/lib/python3.10/site-packages/airflow/example_dags/example_dynamic_task_mapping_with_no_taskflow_operators.py
[2023-11-20T15:14:46.320+0500] {processor.py:839} INFO - DAG(s) dict_keys(['example_dynamic_task_mapping_with_no_taskflow_operators']) retrieved from /home/den/Projects/venv/lib/python3.10/site-packages/airflow/example_dags/example_dynamic_task_mapping_with_no_taskflow_operators.py
[2023-11-20T15:14:46.339+0500] {logging_mixin.py:154} INFO - [2023-11-20T15:14:46.339+0500] {dag.py:2941} INFO - Sync 1 DAGs
[2023-11-20T15:14:46.354+0500] {logging_mixin.py:154} INFO - [2023-11-20T15:14:46.354+0500] {dag.py:3722} INFO - Setting next_dagrun for example_dynamic_task_mapping_with_no_taskflow_operators to 2023-11-19T10:14:46.354053+00:00, run_after=2023-11-20T10:14:46.354053+00:00
[2023-11-20T15:14:46.372+0500] {processor.py:179} INFO - Processing /home/den/Projects/venv/lib/python3.10/site-packages/airflow/example_dags/example_dynamic_task_mapping_with_no_taskflow_operators.py took 0.076 seconds
[2023-11-20T15:15:36.929+0500] {processor.py:157} INFO - Started process (PID=9419) to work on /home/den/Projects/venv/lib/python3.10/site-packages/airflow/example_dags/example_dynamic_task_mapping_with_no_taskflow_operators.py
[2023-11-20T15:15:36.931+0500] {processor.py:829} INFO - Processing file /home/den/Projects/venv/lib/python3.10/site-packages/airflow/example_dags/example_dynamic_task_mapping_with_no_taskflow_operators.py for tasks to queue
[2023-11-20T15:15:36.931+0500] {logging_mixin.py:154} INFO - [2023-11-20T15:15:36.931+0500] {dagbag.py:536} INFO - Filling up the DagBag from /home/den/Projects/venv/lib/python3.10/site-packages/airflow/example_dags/example_dynamic_task_mapping_with_no_taskflow_operators.py
[2023-11-20T15:15:36.939+0500] {processor.py:839} INFO - DAG(s) dict_keys(['example_dynamic_task_mapping_with_no_taskflow_operators']) retrieved from /home/den/Projects/venv/lib/python3.10/site-packages/airflow/example_dags/example_dynamic_task_mapping_with_no_taskflow_operators.py
[2023-11-20T15:15:36.952+0500] {logging_mixin.py:154} INFO - [2023-11-20T15:15:36.952+0500] {dag.py:2941} INFO - Sync 1 DAGs
[2023-11-20T15:15:36.966+0500] {logging_mixin.py:154} INFO - [2023-11-20T15:15:36.966+0500] {dag.py:3722} INFO - Setting next_dagrun for example_dynamic_task_mapping_with_no_taskflow_operators to 2023-11-19T10:15:36.966152+00:00, run_after=2023-11-20T10:15:36.966152+00:00
[2023-11-20T15:15:36.984+0500] {processor.py:179} INFO - Processing /home/den/Projects/venv/lib/python3.10/site-packages/airflow/example_dags/example_dynamic_task_mapping_with_no_taskflow_operators.py took 0.058 seconds
[2023-11-20T15:16:26.674+0500] {processor.py:157} INFO - Started process (PID=9513) to work on /home/den/Projects/venv/lib/python3.10/site-packages/airflow/example_dags/example_dynamic_task_mapping_with_no_taskflow_operators.py
[2023-11-20T15:16:26.677+0500] {processor.py:829} INFO - Processing file /home/den/Projects/venv/lib/python3.10/site-packages/airflow/example_dags/example_dynamic_task_mapping_with_no_taskflow_operators.py for tasks to queue
[2023-11-20T15:16:26.677+0500] {logging_mixin.py:154} INFO - [2023-11-20T15:16:26.677+0500] {dagbag.py:536} INFO - Filling up the DagBag from /home/den/Projects/venv/lib/python3.10/site-packages/airflow/example_dags/example_dynamic_task_mapping_with_no_taskflow_operators.py
[2023-11-20T15:16:26.685+0500] {processor.py:839} INFO - DAG(s) dict_keys(['example_dynamic_task_mapping_with_no_taskflow_operators']) retrieved from /home/den/Projects/venv/lib/python3.10/site-packages/airflow/example_dags/example_dynamic_task_mapping_with_no_taskflow_operators.py
[2023-11-20T15:16:26.699+0500] {logging_mixin.py:154} INFO - [2023-11-20T15:16:26.699+0500] {dag.py:2941} INFO - Sync 1 DAGs
[2023-11-20T15:16:26.712+0500] {logging_mixin.py:154} INFO - [2023-11-20T15:16:26.711+0500] {dag.py:3722} INFO - Setting next_dagrun for example_dynamic_task_mapping_with_no_taskflow_operators to 2023-11-19T10:16:26.711686+00:00, run_after=2023-11-20T10:16:26.711686+00:00
[2023-11-20T15:16:26.738+0500] {processor.py:179} INFO - Processing /home/den/Projects/venv/lib/python3.10/site-packages/airflow/example_dags/example_dynamic_task_mapping_with_no_taskflow_operators.py took 0.067 seconds
[2023-11-20T15:17:14.679+0500] {processor.py:157} INFO - Started process (PID=9578) to work on /home/den/Projects/venv/lib/python3.10/site-packages/airflow/example_dags/example_dynamic_task_mapping_with_no_taskflow_operators.py
[2023-11-20T15:17:14.681+0500] {processor.py:829} INFO - Processing file /home/den/Projects/venv/lib/python3.10/site-packages/airflow/example_dags/example_dynamic_task_mapping_with_no_taskflow_operators.py for tasks to queue
[2023-11-20T15:17:14.681+0500] {logging_mixin.py:154} INFO - [2023-11-20T15:17:14.681+0500] {dagbag.py:536} INFO - Filling up the DagBag from /home/den/Projects/venv/lib/python3.10/site-packages/airflow/example_dags/example_dynamic_task_mapping_with_no_taskflow_operators.py
[2023-11-20T15:17:14.688+0500] {processor.py:839} INFO - DAG(s) dict_keys(['example_dynamic_task_mapping_with_no_taskflow_operators']) retrieved from /home/den/Projects/venv/lib/python3.10/site-packages/airflow/example_dags/example_dynamic_task_mapping_with_no_taskflow_operators.py
[2023-11-20T15:17:14.703+0500] {logging_mixin.py:154} INFO - [2023-11-20T15:17:14.703+0500] {dag.py:2941} INFO - Sync 1 DAGs
[2023-11-20T15:17:14.718+0500] {logging_mixin.py:154} INFO - [2023-11-20T15:17:14.718+0500] {dag.py:3722} INFO - Setting next_dagrun for example_dynamic_task_mapping_with_no_taskflow_operators to 2023-11-19T10:17:14.718494+00:00, run_after=2023-11-20T10:17:14.718494+00:00
[2023-11-20T15:17:14.744+0500] {processor.py:179} INFO - Processing /home/den/Projects/venv/lib/python3.10/site-packages/airflow/example_dags/example_dynamic_task_mapping_with_no_taskflow_operators.py took 0.068 seconds
[2023-11-20T15:17:58.073+0500] {processor.py:157} INFO - Started process (PID=9669) to work on /home/den/Projects/venv/lib/python3.10/site-packages/airflow/example_dags/example_dynamic_task_mapping_with_no_taskflow_operators.py
[2023-11-20T15:17:58.074+0500] {processor.py:829} INFO - Processing file /home/den/Projects/venv/lib/python3.10/site-packages/airflow/example_dags/example_dynamic_task_mapping_with_no_taskflow_operators.py for tasks to queue
[2023-11-20T15:17:58.075+0500] {logging_mixin.py:154} INFO - [2023-11-20T15:17:58.075+0500] {dagbag.py:536} INFO - Filling up the DagBag from /home/den/Projects/venv/lib/python3.10/site-packages/airflow/example_dags/example_dynamic_task_mapping_with_no_taskflow_operators.py
[2023-11-20T15:17:58.085+0500] {processor.py:839} INFO - DAG(s) dict_keys(['example_dynamic_task_mapping_with_no_taskflow_operators']) retrieved from /home/den/Projects/venv/lib/python3.10/site-packages/airflow/example_dags/example_dynamic_task_mapping_with_no_taskflow_operators.py
[2023-11-20T15:17:58.098+0500] {logging_mixin.py:154} INFO - [2023-11-20T15:17:58.098+0500] {dag.py:2941} INFO - Sync 1 DAGs
[2023-11-20T15:17:58.113+0500] {logging_mixin.py:154} INFO - [2023-11-20T15:17:58.113+0500] {dag.py:3722} INFO - Setting next_dagrun for example_dynamic_task_mapping_with_no_taskflow_operators to 2023-11-19T10:17:58.113269+00:00, run_after=2023-11-20T10:17:58.113269+00:00
[2023-11-20T15:17:58.132+0500] {processor.py:179} INFO - Processing /home/den/Projects/venv/lib/python3.10/site-packages/airflow/example_dags/example_dynamic_task_mapping_with_no_taskflow_operators.py took 0.062 seconds
[2023-11-20T15:18:53.604+0500] {processor.py:157} INFO - Started process (PID=9745) to work on /home/den/Projects/venv/lib/python3.10/site-packages/airflow/example_dags/example_dynamic_task_mapping_with_no_taskflow_operators.py
[2023-11-20T15:18:53.613+0500] {processor.py:829} INFO - Processing file /home/den/Projects/venv/lib/python3.10/site-packages/airflow/example_dags/example_dynamic_task_mapping_with_no_taskflow_operators.py for tasks to queue
[2023-11-20T15:18:53.614+0500] {logging_mixin.py:154} INFO - [2023-11-20T15:18:53.614+0500] {dagbag.py:536} INFO - Filling up the DagBag from /home/den/Projects/venv/lib/python3.10/site-packages/airflow/example_dags/example_dynamic_task_mapping_with_no_taskflow_operators.py
[2023-11-20T15:18:53.621+0500] {processor.py:839} INFO - DAG(s) dict_keys(['example_dynamic_task_mapping_with_no_taskflow_operators']) retrieved from /home/den/Projects/venv/lib/python3.10/site-packages/airflow/example_dags/example_dynamic_task_mapping_with_no_taskflow_operators.py
[2023-11-20T15:18:53.636+0500] {logging_mixin.py:154} INFO - [2023-11-20T15:18:53.636+0500] {dag.py:2941} INFO - Sync 1 DAGs
[2023-11-20T15:18:53.650+0500] {logging_mixin.py:154} INFO - [2023-11-20T15:18:53.650+0500] {dag.py:3722} INFO - Setting next_dagrun for example_dynamic_task_mapping_with_no_taskflow_operators to 2023-11-19T10:18:53.650482+00:00, run_after=2023-11-20T10:18:53.650482+00:00
[2023-11-20T15:18:53.667+0500] {processor.py:179} INFO - Processing /home/den/Projects/venv/lib/python3.10/site-packages/airflow/example_dags/example_dynamic_task_mapping_with_no_taskflow_operators.py took 0.066 seconds
[2023-11-20T15:19:38.541+0500] {processor.py:157} INFO - Started process (PID=9805) to work on /home/den/Projects/venv/lib/python3.10/site-packages/airflow/example_dags/example_dynamic_task_mapping_with_no_taskflow_operators.py
[2023-11-20T15:19:38.543+0500] {processor.py:829} INFO - Processing file /home/den/Projects/venv/lib/python3.10/site-packages/airflow/example_dags/example_dynamic_task_mapping_with_no_taskflow_operators.py for tasks to queue
[2023-11-20T15:19:38.544+0500] {logging_mixin.py:154} INFO - [2023-11-20T15:19:38.544+0500] {dagbag.py:536} INFO - Filling up the DagBag from /home/den/Projects/venv/lib/python3.10/site-packages/airflow/example_dags/example_dynamic_task_mapping_with_no_taskflow_operators.py
[2023-11-20T15:19:38.553+0500] {processor.py:839} INFO - DAG(s) dict_keys(['example_dynamic_task_mapping_with_no_taskflow_operators']) retrieved from /home/den/Projects/venv/lib/python3.10/site-packages/airflow/example_dags/example_dynamic_task_mapping_with_no_taskflow_operators.py
[2023-11-20T15:19:38.566+0500] {logging_mixin.py:154} INFO - [2023-11-20T15:19:38.566+0500] {dag.py:2941} INFO - Sync 1 DAGs
[2023-11-20T15:19:38.581+0500] {logging_mixin.py:154} INFO - [2023-11-20T15:19:38.580+0500] {dag.py:3722} INFO - Setting next_dagrun for example_dynamic_task_mapping_with_no_taskflow_operators to 2023-11-19T10:19:38.580601+00:00, run_after=2023-11-20T10:19:38.580601+00:00
[2023-11-20T15:19:38.599+0500] {processor.py:179} INFO - Processing /home/den/Projects/venv/lib/python3.10/site-packages/airflow/example_dags/example_dynamic_task_mapping_with_no_taskflow_operators.py took 0.062 seconds
[2023-11-20T15:20:37.414+0500] {processor.py:157} INFO - Started process (PID=9972) to work on /home/den/Projects/venv/lib/python3.10/site-packages/airflow/example_dags/example_dynamic_task_mapping_with_no_taskflow_operators.py
[2023-11-20T15:20:37.421+0500] {processor.py:829} INFO - Processing file /home/den/Projects/venv/lib/python3.10/site-packages/airflow/example_dags/example_dynamic_task_mapping_with_no_taskflow_operators.py for tasks to queue
[2023-11-20T15:20:37.423+0500] {logging_mixin.py:154} INFO - [2023-11-20T15:20:37.422+0500] {dagbag.py:536} INFO - Filling up the DagBag from /home/den/Projects/venv/lib/python3.10/site-packages/airflow/example_dags/example_dynamic_task_mapping_with_no_taskflow_operators.py
[2023-11-20T15:20:37.434+0500] {processor.py:839} INFO - DAG(s) dict_keys(['example_dynamic_task_mapping_with_no_taskflow_operators']) retrieved from /home/den/Projects/venv/lib/python3.10/site-packages/airflow/example_dags/example_dynamic_task_mapping_with_no_taskflow_operators.py
[2023-11-20T15:20:37.460+0500] {logging_mixin.py:154} INFO - [2023-11-20T15:20:37.459+0500] {dag.py:2941} INFO - Sync 1 DAGs
[2023-11-20T15:20:37.485+0500] {logging_mixin.py:154} INFO - [2023-11-20T15:20:37.485+0500] {dag.py:3722} INFO - Setting next_dagrun for example_dynamic_task_mapping_with_no_taskflow_operators to 2023-11-19T10:20:37.485231+00:00, run_after=2023-11-20T10:20:37.485231+00:00
[2023-11-20T15:20:37.510+0500] {processor.py:179} INFO - Processing /home/den/Projects/venv/lib/python3.10/site-packages/airflow/example_dags/example_dynamic_task_mapping_with_no_taskflow_operators.py took 0.099 seconds
[2023-11-20T15:21:40.294+0500] {processor.py:157} INFO - Started process (PID=10056) to work on /home/den/Projects/venv/lib/python3.10/site-packages/airflow/example_dags/example_dynamic_task_mapping_with_no_taskflow_operators.py
[2023-11-20T15:21:40.297+0500] {processor.py:829} INFO - Processing file /home/den/Projects/venv/lib/python3.10/site-packages/airflow/example_dags/example_dynamic_task_mapping_with_no_taskflow_operators.py for tasks to queue
[2023-11-20T15:21:40.299+0500] {logging_mixin.py:154} INFO - [2023-11-20T15:21:40.298+0500] {dagbag.py:536} INFO - Filling up the DagBag from /home/den/Projects/venv/lib/python3.10/site-packages/airflow/example_dags/example_dynamic_task_mapping_with_no_taskflow_operators.py
[2023-11-20T15:21:40.307+0500] {processor.py:839} INFO - DAG(s) dict_keys(['example_dynamic_task_mapping_with_no_taskflow_operators']) retrieved from /home/den/Projects/venv/lib/python3.10/site-packages/airflow/example_dags/example_dynamic_task_mapping_with_no_taskflow_operators.py
[2023-11-20T15:21:40.330+0500] {logging_mixin.py:154} INFO - [2023-11-20T15:21:40.330+0500] {dag.py:2941} INFO - Sync 1 DAGs
[2023-11-20T15:21:40.355+0500] {logging_mixin.py:154} INFO - [2023-11-20T15:21:40.354+0500] {dag.py:3722} INFO - Setting next_dagrun for example_dynamic_task_mapping_with_no_taskflow_operators to 2023-11-19T10:21:40.354549+00:00, run_after=2023-11-20T10:21:40.354549+00:00
[2023-11-20T15:21:40.396+0500] {processor.py:179} INFO - Processing /home/den/Projects/venv/lib/python3.10/site-packages/airflow/example_dags/example_dynamic_task_mapping_with_no_taskflow_operators.py took 0.107 seconds
[2023-11-20T15:22:25.684+0500] {processor.py:157} INFO - Started process (PID=10143) to work on /home/den/Projects/venv/lib/python3.10/site-packages/airflow/example_dags/example_dynamic_task_mapping_with_no_taskflow_operators.py
[2023-11-20T15:22:25.686+0500] {processor.py:829} INFO - Processing file /home/den/Projects/venv/lib/python3.10/site-packages/airflow/example_dags/example_dynamic_task_mapping_with_no_taskflow_operators.py for tasks to queue
[2023-11-20T15:22:25.687+0500] {logging_mixin.py:154} INFO - [2023-11-20T15:22:25.687+0500] {dagbag.py:536} INFO - Filling up the DagBag from /home/den/Projects/venv/lib/python3.10/site-packages/airflow/example_dags/example_dynamic_task_mapping_with_no_taskflow_operators.py
[2023-11-20T15:22:25.725+0500] {processor.py:839} INFO - DAG(s) dict_keys(['example_dynamic_task_mapping_with_no_taskflow_operators']) retrieved from /home/den/Projects/venv/lib/python3.10/site-packages/airflow/example_dags/example_dynamic_task_mapping_with_no_taskflow_operators.py
[2023-11-20T15:22:25.748+0500] {logging_mixin.py:154} INFO - [2023-11-20T15:22:25.748+0500] {dag.py:2941} INFO - Sync 1 DAGs
[2023-11-20T15:22:25.772+0500] {logging_mixin.py:154} INFO - [2023-11-20T15:22:25.772+0500] {dag.py:3722} INFO - Setting next_dagrun for example_dynamic_task_mapping_with_no_taskflow_operators to 2023-11-19T10:22:25.771993+00:00, run_after=2023-11-20T10:22:25.771993+00:00
[2023-11-20T15:22:25.809+0500] {processor.py:179} INFO - Processing /home/den/Projects/venv/lib/python3.10/site-packages/airflow/example_dags/example_dynamic_task_mapping_with_no_taskflow_operators.py took 0.137 seconds
[2023-11-20T15:23:27.173+0500] {processor.py:157} INFO - Started process (PID=10241) to work on /home/den/Projects/venv/lib/python3.10/site-packages/airflow/example_dags/example_dynamic_task_mapping_with_no_taskflow_operators.py
[2023-11-20T15:23:27.175+0500] {processor.py:829} INFO - Processing file /home/den/Projects/venv/lib/python3.10/site-packages/airflow/example_dags/example_dynamic_task_mapping_with_no_taskflow_operators.py for tasks to queue
[2023-11-20T15:23:27.176+0500] {logging_mixin.py:154} INFO - [2023-11-20T15:23:27.175+0500] {dagbag.py:536} INFO - Filling up the DagBag from /home/den/Projects/venv/lib/python3.10/site-packages/airflow/example_dags/example_dynamic_task_mapping_with_no_taskflow_operators.py
[2023-11-20T15:23:27.193+0500] {processor.py:839} INFO - DAG(s) dict_keys(['example_dynamic_task_mapping_with_no_taskflow_operators']) retrieved from /home/den/Projects/venv/lib/python3.10/site-packages/airflow/example_dags/example_dynamic_task_mapping_with_no_taskflow_operators.py
[2023-11-20T15:23:27.212+0500] {logging_mixin.py:154} INFO - [2023-11-20T15:23:27.211+0500] {dag.py:2941} INFO - Sync 1 DAGs
[2023-11-20T15:23:27.238+0500] {logging_mixin.py:154} INFO - [2023-11-20T15:23:27.237+0500] {dag.py:3722} INFO - Setting next_dagrun for example_dynamic_task_mapping_with_no_taskflow_operators to 2023-11-19T10:23:27.237724+00:00, run_after=2023-11-20T10:23:27.237724+00:00
[2023-11-20T15:23:27.297+0500] {processor.py:179} INFO - Processing /home/den/Projects/venv/lib/python3.10/site-packages/airflow/example_dags/example_dynamic_task_mapping_with_no_taskflow_operators.py took 0.130 seconds
