[2023-11-20T14:39:47.036+0500] {processor.py:157} INFO - Started process (PID=5225) to work on /home/den/Projects/venv/lib/python3.10/site-packages/airflow/example_dags/example_short_circuit_decorator.py
[2023-11-20T14:39:47.036+0500] {processor.py:829} INFO - Processing file /home/den/Projects/venv/lib/python3.10/site-packages/airflow/example_dags/example_short_circuit_decorator.py for tasks to queue
[2023-11-20T14:39:47.037+0500] {logging_mixin.py:154} INFO - [2023-11-20T14:39:47.037+0500] {dagbag.py:536} INFO - Filling up the DagBag from /home/den/Projects/venv/lib/python3.10/site-packages/airflow/example_dags/example_short_circuit_decorator.py
[2023-11-20T14:39:47.047+0500] {processor.py:839} INFO - DAG(s) dict_keys(['example_short_circuit_decorator']) retrieved from /home/den/Projects/venv/lib/python3.10/site-packages/airflow/example_dags/example_short_circuit_decorator.py
[2023-11-20T14:39:47.125+0500] {logging_mixin.py:154} INFO - [2023-11-20T14:39:47.125+0500] {manager.py:499} INFO - Created Permission View: %s
[2023-11-20T14:39:47.135+0500] {logging_mixin.py:154} INFO - [2023-11-20T14:39:47.134+0500] {manager.py:499} INFO - Created Permission View: %s
[2023-11-20T14:39:47.142+0500] {logging_mixin.py:154} INFO - [2023-11-20T14:39:47.142+0500] {manager.py:499} INFO - Created Permission View: %s
[2023-11-20T14:39:47.142+0500] {logging_mixin.py:154} INFO - [2023-11-20T14:39:47.142+0500] {dag.py:2941} INFO - Sync 1 DAGs
[2023-11-20T14:39:47.148+0500] {logging_mixin.py:154} INFO - [2023-11-20T14:39:47.148+0500] {dag.py:2963} INFO - Creating ORM DAG for example_short_circuit_decorator
[2023-11-20T14:39:47.154+0500] {logging_mixin.py:154} INFO - [2023-11-20T14:39:47.154+0500] {dag.py:3722} INFO - Setting next_dagrun for example_short_circuit_decorator to 2023-11-19T09:39:47.154022+00:00, run_after=2023-11-20T09:39:47.154022+00:00
[2023-11-20T14:39:47.171+0500] {processor.py:179} INFO - Processing /home/den/Projects/venv/lib/python3.10/site-packages/airflow/example_dags/example_short_circuit_decorator.py took 0.138 seconds
[2023-11-20T14:40:36.015+0500] {processor.py:157} INFO - Started process (PID=5316) to work on /home/den/Projects/venv/lib/python3.10/site-packages/airflow/example_dags/example_short_circuit_decorator.py
[2023-11-20T14:40:36.025+0500] {processor.py:829} INFO - Processing file /home/den/Projects/venv/lib/python3.10/site-packages/airflow/example_dags/example_short_circuit_decorator.py for tasks to queue
[2023-11-20T14:40:36.025+0500] {logging_mixin.py:154} INFO - [2023-11-20T14:40:36.025+0500] {dagbag.py:536} INFO - Filling up the DagBag from /home/den/Projects/venv/lib/python3.10/site-packages/airflow/example_dags/example_short_circuit_decorator.py
[2023-11-20T14:40:36.034+0500] {processor.py:839} INFO - DAG(s) dict_keys(['example_short_circuit_decorator']) retrieved from /home/den/Projects/venv/lib/python3.10/site-packages/airflow/example_dags/example_short_circuit_decorator.py
[2023-11-20T14:40:36.046+0500] {logging_mixin.py:154} INFO - [2023-11-20T14:40:36.046+0500] {dag.py:2941} INFO - Sync 1 DAGs
[2023-11-20T14:40:36.059+0500] {logging_mixin.py:154} INFO - [2023-11-20T14:40:36.059+0500] {dag.py:3722} INFO - Setting next_dagrun for example_short_circuit_decorator to 2023-11-19T09:40:36.059601+00:00, run_after=2023-11-20T09:40:36.059601+00:00
[2023-11-20T14:40:36.088+0500] {processor.py:179} INFO - Processing /home/den/Projects/venv/lib/python3.10/site-packages/airflow/example_dags/example_short_circuit_decorator.py took 0.076 seconds
[2023-11-20T14:50:12.658+0500] {processor.py:157} INFO - Started process (PID=6515) to work on /home/den/Projects/venv/lib/python3.10/site-packages/airflow/example_dags/example_short_circuit_decorator.py
[2023-11-20T14:50:12.662+0500] {processor.py:829} INFO - Processing file /home/den/Projects/venv/lib/python3.10/site-packages/airflow/example_dags/example_short_circuit_decorator.py for tasks to queue
[2023-11-20T14:50:12.664+0500] {logging_mixin.py:154} INFO - [2023-11-20T14:50:12.663+0500] {dagbag.py:536} INFO - Filling up the DagBag from /home/den/Projects/venv/lib/python3.10/site-packages/airflow/example_dags/example_short_circuit_decorator.py
[2023-11-20T14:50:12.673+0500] {processor.py:839} INFO - DAG(s) dict_keys(['example_short_circuit_decorator']) retrieved from /home/den/Projects/venv/lib/python3.10/site-packages/airflow/example_dags/example_short_circuit_decorator.py
[2023-11-20T14:50:12.700+0500] {logging_mixin.py:154} INFO - [2023-11-20T14:50:12.700+0500] {dag.py:2941} INFO - Sync 1 DAGs
[2023-11-20T14:50:12.720+0500] {logging_mixin.py:154} INFO - [2023-11-20T14:50:12.719+0500] {dag.py:3722} INFO - Setting next_dagrun for example_short_circuit_decorator to 2023-11-19T09:50:12.719616+00:00, run_after=2023-11-20T09:50:12.719616+00:00
[2023-11-20T14:50:12.753+0500] {processor.py:179} INFO - Processing /home/den/Projects/venv/lib/python3.10/site-packages/airflow/example_dags/example_short_circuit_decorator.py took 0.099 seconds
[2023-11-20T14:51:01.767+0500] {processor.py:157} INFO - Started process (PID=6579) to work on /home/den/Projects/venv/lib/python3.10/site-packages/airflow/example_dags/example_short_circuit_decorator.py
[2023-11-20T14:51:01.769+0500] {processor.py:829} INFO - Processing file /home/den/Projects/venv/lib/python3.10/site-packages/airflow/example_dags/example_short_circuit_decorator.py for tasks to queue
[2023-11-20T14:51:01.770+0500] {logging_mixin.py:154} INFO - [2023-11-20T14:51:01.769+0500] {dagbag.py:536} INFO - Filling up the DagBag from /home/den/Projects/venv/lib/python3.10/site-packages/airflow/example_dags/example_short_circuit_decorator.py
[2023-11-20T14:51:01.783+0500] {processor.py:839} INFO - DAG(s) dict_keys(['example_short_circuit_decorator']) retrieved from /home/den/Projects/venv/lib/python3.10/site-packages/airflow/example_dags/example_short_circuit_decorator.py
[2023-11-20T14:51:01.808+0500] {logging_mixin.py:154} INFO - [2023-11-20T14:51:01.807+0500] {dag.py:2941} INFO - Sync 1 DAGs
[2023-11-20T14:51:01.823+0500] {logging_mixin.py:154} INFO - [2023-11-20T14:51:01.823+0500] {dag.py:3722} INFO - Setting next_dagrun for example_short_circuit_decorator to 2023-11-19T09:51:01.823321+00:00, run_after=2023-11-20T09:51:01.823321+00:00
[2023-11-20T14:51:01.843+0500] {processor.py:179} INFO - Processing /home/den/Projects/venv/lib/python3.10/site-packages/airflow/example_dags/example_short_circuit_decorator.py took 0.078 seconds
[2023-11-20T14:51:50.930+0500] {processor.py:157} INFO - Started process (PID=6674) to work on /home/den/Projects/venv/lib/python3.10/site-packages/airflow/example_dags/example_short_circuit_decorator.py
[2023-11-20T14:51:50.937+0500] {processor.py:829} INFO - Processing file /home/den/Projects/venv/lib/python3.10/site-packages/airflow/example_dags/example_short_circuit_decorator.py for tasks to queue
[2023-11-20T14:51:50.938+0500] {logging_mixin.py:154} INFO - [2023-11-20T14:51:50.938+0500] {dagbag.py:536} INFO - Filling up the DagBag from /home/den/Projects/venv/lib/python3.10/site-packages/airflow/example_dags/example_short_circuit_decorator.py
[2023-11-20T14:51:50.948+0500] {processor.py:839} INFO - DAG(s) dict_keys(['example_short_circuit_decorator']) retrieved from /home/den/Projects/venv/lib/python3.10/site-packages/airflow/example_dags/example_short_circuit_decorator.py
[2023-11-20T14:51:50.977+0500] {logging_mixin.py:154} INFO - [2023-11-20T14:51:50.977+0500] {dag.py:2941} INFO - Sync 1 DAGs
[2023-11-20T14:51:50.994+0500] {logging_mixin.py:154} INFO - [2023-11-20T14:51:50.993+0500] {dag.py:3722} INFO - Setting next_dagrun for example_short_circuit_decorator to 2023-11-19T09:51:50.993726+00:00, run_after=2023-11-20T09:51:50.993726+00:00
[2023-11-20T14:51:51.034+0500] {processor.py:179} INFO - Processing /home/den/Projects/venv/lib/python3.10/site-packages/airflow/example_dags/example_short_circuit_decorator.py took 0.106 seconds
[2023-11-20T14:55:01.833+0500] {processor.py:157} INFO - Started process (PID=7512) to work on /home/den/Projects/venv/lib/python3.10/site-packages/airflow/example_dags/example_short_circuit_decorator.py
[2023-11-20T14:55:01.834+0500] {processor.py:829} INFO - Processing file /home/den/Projects/venv/lib/python3.10/site-packages/airflow/example_dags/example_short_circuit_decorator.py for tasks to queue
[2023-11-20T14:55:01.837+0500] {logging_mixin.py:154} INFO - [2023-11-20T14:55:01.835+0500] {dagbag.py:536} INFO - Filling up the DagBag from /home/den/Projects/venv/lib/python3.10/site-packages/airflow/example_dags/example_short_circuit_decorator.py
[2023-11-20T14:55:01.846+0500] {processor.py:839} INFO - DAG(s) dict_keys(['example_short_circuit_decorator']) retrieved from /home/den/Projects/venv/lib/python3.10/site-packages/airflow/example_dags/example_short_circuit_decorator.py
[2023-11-20T14:55:01.884+0500] {logging_mixin.py:154} INFO - [2023-11-20T14:55:01.884+0500] {dag.py:2941} INFO - Sync 1 DAGs
[2023-11-20T14:55:01.956+0500] {logging_mixin.py:154} INFO - [2023-11-20T14:55:01.947+0500] {dag.py:3722} INFO - Setting next_dagrun for example_short_circuit_decorator to 2023-11-19T09:55:01.947737+00:00, run_after=2023-11-20T09:55:01.947737+00:00
[2023-11-20T14:55:01.992+0500] {processor.py:179} INFO - Processing /home/den/Projects/venv/lib/python3.10/site-packages/airflow/example_dags/example_short_circuit_decorator.py took 0.163 seconds
[2023-11-20T14:57:45.429+0500] {processor.py:157} INFO - Started process (PID=7696) to work on /home/den/Projects/venv/lib/python3.10/site-packages/airflow/example_dags/example_short_circuit_decorator.py
[2023-11-20T14:57:45.432+0500] {processor.py:829} INFO - Processing file /home/den/Projects/venv/lib/python3.10/site-packages/airflow/example_dags/example_short_circuit_decorator.py for tasks to queue
[2023-11-20T14:57:45.432+0500] {logging_mixin.py:154} INFO - [2023-11-20T14:57:45.432+0500] {dagbag.py:536} INFO - Filling up the DagBag from /home/den/Projects/venv/lib/python3.10/site-packages/airflow/example_dags/example_short_circuit_decorator.py
[2023-11-20T14:57:45.442+0500] {processor.py:839} INFO - DAG(s) dict_keys(['example_short_circuit_decorator']) retrieved from /home/den/Projects/venv/lib/python3.10/site-packages/airflow/example_dags/example_short_circuit_decorator.py
[2023-11-20T14:57:45.455+0500] {logging_mixin.py:154} INFO - [2023-11-20T14:57:45.455+0500] {dag.py:2941} INFO - Sync 1 DAGs
[2023-11-20T14:57:45.468+0500] {logging_mixin.py:154} INFO - [2023-11-20T14:57:45.468+0500] {dag.py:3722} INFO - Setting next_dagrun for example_short_circuit_decorator to 2023-11-19T09:57:45.467860+00:00, run_after=2023-11-20T09:57:45.467860+00:00
[2023-11-20T14:57:45.484+0500] {processor.py:179} INFO - Processing /home/den/Projects/venv/lib/python3.10/site-packages/airflow/example_dags/example_short_circuit_decorator.py took 0.057 seconds
[2023-11-20T14:58:33.575+0500] {processor.py:157} INFO - Started process (PID=7775) to work on /home/den/Projects/venv/lib/python3.10/site-packages/airflow/example_dags/example_short_circuit_decorator.py
[2023-11-20T14:58:33.577+0500] {processor.py:829} INFO - Processing file /home/den/Projects/venv/lib/python3.10/site-packages/airflow/example_dags/example_short_circuit_decorator.py for tasks to queue
[2023-11-20T14:58:33.578+0500] {logging_mixin.py:154} INFO - [2023-11-20T14:58:33.577+0500] {dagbag.py:536} INFO - Filling up the DagBag from /home/den/Projects/venv/lib/python3.10/site-packages/airflow/example_dags/example_short_circuit_decorator.py
[2023-11-20T14:58:33.586+0500] {processor.py:839} INFO - DAG(s) dict_keys(['example_short_circuit_decorator']) retrieved from /home/den/Projects/venv/lib/python3.10/site-packages/airflow/example_dags/example_short_circuit_decorator.py
[2023-11-20T14:58:33.599+0500] {logging_mixin.py:154} INFO - [2023-11-20T14:58:33.599+0500] {dag.py:2941} INFO - Sync 1 DAGs
[2023-11-20T14:58:33.611+0500] {logging_mixin.py:154} INFO - [2023-11-20T14:58:33.611+0500] {dag.py:3722} INFO - Setting next_dagrun for example_short_circuit_decorator to 2023-11-19T09:58:33.611317+00:00, run_after=2023-11-20T09:58:33.611317+00:00
[2023-11-20T14:58:33.628+0500] {processor.py:179} INFO - Processing /home/den/Projects/venv/lib/python3.10/site-packages/airflow/example_dags/example_short_circuit_decorator.py took 0.056 seconds
[2023-11-20T14:59:18.234+0500] {processor.py:157} INFO - Started process (PID=7842) to work on /home/den/Projects/venv/lib/python3.10/site-packages/airflow/example_dags/example_short_circuit_decorator.py
[2023-11-20T14:59:18.235+0500] {processor.py:829} INFO - Processing file /home/den/Projects/venv/lib/python3.10/site-packages/airflow/example_dags/example_short_circuit_decorator.py for tasks to queue
[2023-11-20T14:59:18.236+0500] {logging_mixin.py:154} INFO - [2023-11-20T14:59:18.236+0500] {dagbag.py:536} INFO - Filling up the DagBag from /home/den/Projects/venv/lib/python3.10/site-packages/airflow/example_dags/example_short_circuit_decorator.py
[2023-11-20T14:59:18.243+0500] {processor.py:839} INFO - DAG(s) dict_keys(['example_short_circuit_decorator']) retrieved from /home/den/Projects/venv/lib/python3.10/site-packages/airflow/example_dags/example_short_circuit_decorator.py
[2023-11-20T14:59:18.256+0500] {logging_mixin.py:154} INFO - [2023-11-20T14:59:18.256+0500] {dag.py:2941} INFO - Sync 1 DAGs
[2023-11-20T14:59:18.269+0500] {logging_mixin.py:154} INFO - [2023-11-20T14:59:18.269+0500] {dag.py:3722} INFO - Setting next_dagrun for example_short_circuit_decorator to 2023-11-19T09:59:18.268993+00:00, run_after=2023-11-20T09:59:18.268993+00:00
[2023-11-20T14:59:18.286+0500] {processor.py:179} INFO - Processing /home/den/Projects/venv/lib/python3.10/site-packages/airflow/example_dags/example_short_circuit_decorator.py took 0.054 seconds
[2023-11-20T15:00:08.045+0500] {processor.py:157} INFO - Started process (PID=7932) to work on /home/den/Projects/venv/lib/python3.10/site-packages/airflow/example_dags/example_short_circuit_decorator.py
[2023-11-20T15:00:08.047+0500] {processor.py:829} INFO - Processing file /home/den/Projects/venv/lib/python3.10/site-packages/airflow/example_dags/example_short_circuit_decorator.py for tasks to queue
[2023-11-20T15:00:08.048+0500] {logging_mixin.py:154} INFO - [2023-11-20T15:00:08.047+0500] {dagbag.py:536} INFO - Filling up the DagBag from /home/den/Projects/venv/lib/python3.10/site-packages/airflow/example_dags/example_short_circuit_decorator.py
[2023-11-20T15:00:08.065+0500] {processor.py:839} INFO - DAG(s) dict_keys(['example_short_circuit_decorator']) retrieved from /home/den/Projects/venv/lib/python3.10/site-packages/airflow/example_dags/example_short_circuit_decorator.py
[2023-11-20T15:00:08.080+0500] {logging_mixin.py:154} INFO - [2023-11-20T15:00:08.079+0500] {dag.py:2941} INFO - Sync 1 DAGs
[2023-11-20T15:00:08.092+0500] {logging_mixin.py:154} INFO - [2023-11-20T15:00:08.092+0500] {dag.py:3722} INFO - Setting next_dagrun for example_short_circuit_decorator to 2023-11-19T10:00:08.092578+00:00, run_after=2023-11-20T10:00:08.092578+00:00
[2023-11-20T15:00:08.131+0500] {processor.py:179} INFO - Processing /home/den/Projects/venv/lib/python3.10/site-packages/airflow/example_dags/example_short_circuit_decorator.py took 0.090 seconds
[2023-11-20T15:01:00.853+0500] {processor.py:157} INFO - Started process (PID=8003) to work on /home/den/Projects/venv/lib/python3.10/site-packages/airflow/example_dags/example_short_circuit_decorator.py
[2023-11-20T15:01:00.854+0500] {processor.py:829} INFO - Processing file /home/den/Projects/venv/lib/python3.10/site-packages/airflow/example_dags/example_short_circuit_decorator.py for tasks to queue
[2023-11-20T15:01:00.855+0500] {logging_mixin.py:154} INFO - [2023-11-20T15:01:00.855+0500] {dagbag.py:536} INFO - Filling up the DagBag from /home/den/Projects/venv/lib/python3.10/site-packages/airflow/example_dags/example_short_circuit_decorator.py
[2023-11-20T15:01:00.862+0500] {processor.py:839} INFO - DAG(s) dict_keys(['example_short_circuit_decorator']) retrieved from /home/den/Projects/venv/lib/python3.10/site-packages/airflow/example_dags/example_short_circuit_decorator.py
[2023-11-20T15:01:00.874+0500] {logging_mixin.py:154} INFO - [2023-11-20T15:01:00.874+0500] {dag.py:2941} INFO - Sync 1 DAGs
[2023-11-20T15:01:00.888+0500] {logging_mixin.py:154} INFO - [2023-11-20T15:01:00.888+0500] {dag.py:3722} INFO - Setting next_dagrun for example_short_circuit_decorator to 2023-11-19T10:01:00.888261+00:00, run_after=2023-11-20T10:01:00.888261+00:00
[2023-11-20T15:01:00.904+0500] {processor.py:179} INFO - Processing /home/den/Projects/venv/lib/python3.10/site-packages/airflow/example_dags/example_short_circuit_decorator.py took 0.054 seconds
[2023-11-20T15:01:51.445+0500] {processor.py:157} INFO - Started process (PID=8113) to work on /home/den/Projects/venv/lib/python3.10/site-packages/airflow/example_dags/example_short_circuit_decorator.py
[2023-11-20T15:01:51.446+0500] {processor.py:829} INFO - Processing file /home/den/Projects/venv/lib/python3.10/site-packages/airflow/example_dags/example_short_circuit_decorator.py for tasks to queue
[2023-11-20T15:01:51.452+0500] {logging_mixin.py:154} INFO - [2023-11-20T15:01:51.452+0500] {dagbag.py:536} INFO - Filling up the DagBag from /home/den/Projects/venv/lib/python3.10/site-packages/airflow/example_dags/example_short_circuit_decorator.py
[2023-11-20T15:01:51.466+0500] {processor.py:839} INFO - DAG(s) dict_keys(['example_short_circuit_decorator']) retrieved from /home/den/Projects/venv/lib/python3.10/site-packages/airflow/example_dags/example_short_circuit_decorator.py
[2023-11-20T15:01:51.493+0500] {logging_mixin.py:154} INFO - [2023-11-20T15:01:51.493+0500] {dag.py:2941} INFO - Sync 1 DAGs
[2023-11-20T15:01:51.516+0500] {logging_mixin.py:154} INFO - [2023-11-20T15:01:51.516+0500] {dag.py:3722} INFO - Setting next_dagrun for example_short_circuit_decorator to 2023-11-19T10:01:51.516192+00:00, run_after=2023-11-20T10:01:51.516192+00:00
[2023-11-20T15:01:51.553+0500] {processor.py:179} INFO - Processing /home/den/Projects/venv/lib/python3.10/site-packages/airflow/example_dags/example_short_circuit_decorator.py took 0.111 seconds
[2023-11-20T15:03:35.272+0500] {processor.py:157} INFO - Started process (PID=8273) to work on /home/den/Projects/venv/lib/python3.10/site-packages/airflow/example_dags/example_short_circuit_decorator.py
[2023-11-20T15:03:35.283+0500] {processor.py:829} INFO - Processing file /home/den/Projects/venv/lib/python3.10/site-packages/airflow/example_dags/example_short_circuit_decorator.py for tasks to queue
[2023-11-20T15:03:35.284+0500] {logging_mixin.py:154} INFO - [2023-11-20T15:03:35.284+0500] {dagbag.py:536} INFO - Filling up the DagBag from /home/den/Projects/venv/lib/python3.10/site-packages/airflow/example_dags/example_short_circuit_decorator.py
[2023-11-20T15:03:35.301+0500] {processor.py:839} INFO - DAG(s) dict_keys(['example_short_circuit_decorator']) retrieved from /home/den/Projects/venv/lib/python3.10/site-packages/airflow/example_dags/example_short_circuit_decorator.py
[2023-11-20T15:03:35.328+0500] {logging_mixin.py:154} INFO - [2023-11-20T15:03:35.328+0500] {dag.py:2941} INFO - Sync 1 DAGs
[2023-11-20T15:03:35.342+0500] {logging_mixin.py:154} INFO - [2023-11-20T15:03:35.342+0500] {dag.py:3722} INFO - Setting next_dagrun for example_short_circuit_decorator to 2023-11-19T10:03:35.341992+00:00, run_after=2023-11-20T10:03:35.341992+00:00
[2023-11-20T15:03:35.380+0500] {processor.py:179} INFO - Processing /home/den/Projects/venv/lib/python3.10/site-packages/airflow/example_dags/example_short_circuit_decorator.py took 0.111 seconds
[2023-11-20T15:04:32.343+0500] {processor.py:157} INFO - Started process (PID=8375) to work on /home/den/Projects/venv/lib/python3.10/site-packages/airflow/example_dags/example_short_circuit_decorator.py
[2023-11-20T15:04:32.347+0500] {processor.py:829} INFO - Processing file /home/den/Projects/venv/lib/python3.10/site-packages/airflow/example_dags/example_short_circuit_decorator.py for tasks to queue
[2023-11-20T15:04:32.348+0500] {logging_mixin.py:154} INFO - [2023-11-20T15:04:32.347+0500] {dagbag.py:536} INFO - Filling up the DagBag from /home/den/Projects/venv/lib/python3.10/site-packages/airflow/example_dags/example_short_circuit_decorator.py
[2023-11-20T15:04:32.360+0500] {processor.py:839} INFO - DAG(s) dict_keys(['example_short_circuit_decorator']) retrieved from /home/den/Projects/venv/lib/python3.10/site-packages/airflow/example_dags/example_short_circuit_decorator.py
[2023-11-20T15:04:32.378+0500] {logging_mixin.py:154} INFO - [2023-11-20T15:04:32.378+0500] {dag.py:2941} INFO - Sync 1 DAGs
[2023-11-20T15:04:32.391+0500] {logging_mixin.py:154} INFO - [2023-11-20T15:04:32.391+0500] {dag.py:3722} INFO - Setting next_dagrun for example_short_circuit_decorator to 2023-11-19T10:04:32.391430+00:00, run_after=2023-11-20T10:04:32.391430+00:00
[2023-11-20T15:04:32.412+0500] {processor.py:179} INFO - Processing /home/den/Projects/venv/lib/python3.10/site-packages/airflow/example_dags/example_short_circuit_decorator.py took 0.072 seconds
[2023-11-20T15:05:29.997+0500] {processor.py:157} INFO - Started process (PID=8452) to work on /home/den/Projects/venv/lib/python3.10/site-packages/airflow/example_dags/example_short_circuit_decorator.py
[2023-11-20T15:05:30.001+0500] {processor.py:829} INFO - Processing file /home/den/Projects/venv/lib/python3.10/site-packages/airflow/example_dags/example_short_circuit_decorator.py for tasks to queue
[2023-11-20T15:05:30.003+0500] {logging_mixin.py:154} INFO - [2023-11-20T15:05:30.002+0500] {dagbag.py:536} INFO - Filling up the DagBag from /home/den/Projects/venv/lib/python3.10/site-packages/airflow/example_dags/example_short_circuit_decorator.py
[2023-11-20T15:05:30.017+0500] {processor.py:839} INFO - DAG(s) dict_keys(['example_short_circuit_decorator']) retrieved from /home/den/Projects/venv/lib/python3.10/site-packages/airflow/example_dags/example_short_circuit_decorator.py
[2023-11-20T15:05:30.037+0500] {logging_mixin.py:154} INFO - [2023-11-20T15:05:30.036+0500] {dag.py:2941} INFO - Sync 1 DAGs
[2023-11-20T15:05:30.057+0500] {logging_mixin.py:154} INFO - [2023-11-20T15:05:30.057+0500] {dag.py:3722} INFO - Setting next_dagrun for example_short_circuit_decorator to 2023-11-19T10:05:30.057298+00:00, run_after=2023-11-20T10:05:30.057298+00:00
[2023-11-20T15:05:30.089+0500] {processor.py:179} INFO - Processing /home/den/Projects/venv/lib/python3.10/site-packages/airflow/example_dags/example_short_circuit_decorator.py took 0.095 seconds
[2023-11-20T15:06:26.667+0500] {processor.py:157} INFO - Started process (PID=8552) to work on /home/den/Projects/venv/lib/python3.10/site-packages/airflow/example_dags/example_short_circuit_decorator.py
[2023-11-20T15:06:26.670+0500] {processor.py:829} INFO - Processing file /home/den/Projects/venv/lib/python3.10/site-packages/airflow/example_dags/example_short_circuit_decorator.py for tasks to queue
[2023-11-20T15:06:26.672+0500] {logging_mixin.py:154} INFO - [2023-11-20T15:06:26.671+0500] {dagbag.py:536} INFO - Filling up the DagBag from /home/den/Projects/venv/lib/python3.10/site-packages/airflow/example_dags/example_short_circuit_decorator.py
[2023-11-20T15:06:26.694+0500] {processor.py:839} INFO - DAG(s) dict_keys(['example_short_circuit_decorator']) retrieved from /home/den/Projects/venv/lib/python3.10/site-packages/airflow/example_dags/example_short_circuit_decorator.py
[2023-11-20T15:06:26.715+0500] {logging_mixin.py:154} INFO - [2023-11-20T15:06:26.714+0500] {dag.py:2941} INFO - Sync 1 DAGs
[2023-11-20T15:06:26.729+0500] {logging_mixin.py:154} INFO - [2023-11-20T15:06:26.728+0500] {dag.py:3722} INFO - Setting next_dagrun for example_short_circuit_decorator to 2023-11-19T10:06:26.728713+00:00, run_after=2023-11-20T10:06:26.728713+00:00
[2023-11-20T15:06:26.758+0500] {processor.py:179} INFO - Processing /home/den/Projects/venv/lib/python3.10/site-packages/airflow/example_dags/example_short_circuit_decorator.py took 0.096 seconds
[2023-11-20T15:07:26.612+0500] {processor.py:157} INFO - Started process (PID=8643) to work on /home/den/Projects/venv/lib/python3.10/site-packages/airflow/example_dags/example_short_circuit_decorator.py
[2023-11-20T15:07:26.623+0500] {processor.py:829} INFO - Processing file /home/den/Projects/venv/lib/python3.10/site-packages/airflow/example_dags/example_short_circuit_decorator.py for tasks to queue
[2023-11-20T15:07:26.626+0500] {logging_mixin.py:154} INFO - [2023-11-20T15:07:26.625+0500] {dagbag.py:536} INFO - Filling up the DagBag from /home/den/Projects/venv/lib/python3.10/site-packages/airflow/example_dags/example_short_circuit_decorator.py
[2023-11-20T15:07:26.642+0500] {processor.py:839} INFO - DAG(s) dict_keys(['example_short_circuit_decorator']) retrieved from /home/den/Projects/venv/lib/python3.10/site-packages/airflow/example_dags/example_short_circuit_decorator.py
[2023-11-20T15:07:26.665+0500] {logging_mixin.py:154} INFO - [2023-11-20T15:07:26.665+0500] {dag.py:2941} INFO - Sync 1 DAGs
[2023-11-20T15:07:26.693+0500] {logging_mixin.py:154} INFO - [2023-11-20T15:07:26.693+0500] {dag.py:3722} INFO - Setting next_dagrun for example_short_circuit_decorator to 2023-11-19T10:07:26.693090+00:00, run_after=2023-11-20T10:07:26.693090+00:00
[2023-11-20T15:07:26.728+0500] {processor.py:179} INFO - Processing /home/den/Projects/venv/lib/python3.10/site-packages/airflow/example_dags/example_short_circuit_decorator.py took 0.120 seconds
[2023-11-20T15:08:32.893+0500] {processor.py:157} INFO - Started process (PID=8761) to work on /home/den/Projects/venv/lib/python3.10/site-packages/airflow/example_dags/example_short_circuit_decorator.py
[2023-11-20T15:08:32.897+0500] {processor.py:829} INFO - Processing file /home/den/Projects/venv/lib/python3.10/site-packages/airflow/example_dags/example_short_circuit_decorator.py for tasks to queue
[2023-11-20T15:08:32.898+0500] {logging_mixin.py:154} INFO - [2023-11-20T15:08:32.897+0500] {dagbag.py:536} INFO - Filling up the DagBag from /home/den/Projects/venv/lib/python3.10/site-packages/airflow/example_dags/example_short_circuit_decorator.py
[2023-11-20T15:08:32.912+0500] {processor.py:839} INFO - DAG(s) dict_keys(['example_short_circuit_decorator']) retrieved from /home/den/Projects/venv/lib/python3.10/site-packages/airflow/example_dags/example_short_circuit_decorator.py
[2023-11-20T15:08:32.932+0500] {logging_mixin.py:154} INFO - [2023-11-20T15:08:32.932+0500] {dag.py:2941} INFO - Sync 1 DAGs
[2023-11-20T15:08:32.947+0500] {logging_mixin.py:154} INFO - [2023-11-20T15:08:32.947+0500] {dag.py:3722} INFO - Setting next_dagrun for example_short_circuit_decorator to 2023-11-19T10:08:32.947441+00:00, run_after=2023-11-20T10:08:32.947441+00:00
[2023-11-20T15:08:32.971+0500] {processor.py:179} INFO - Processing /home/den/Projects/venv/lib/python3.10/site-packages/airflow/example_dags/example_short_circuit_decorator.py took 0.082 seconds
[2023-11-20T15:09:31.357+0500] {processor.py:157} INFO - Started process (PID=8843) to work on /home/den/Projects/venv/lib/python3.10/site-packages/airflow/example_dags/example_short_circuit_decorator.py
[2023-11-20T15:09:31.359+0500] {processor.py:829} INFO - Processing file /home/den/Projects/venv/lib/python3.10/site-packages/airflow/example_dags/example_short_circuit_decorator.py for tasks to queue
[2023-11-20T15:09:31.360+0500] {logging_mixin.py:154} INFO - [2023-11-20T15:09:31.360+0500] {dagbag.py:536} INFO - Filling up the DagBag from /home/den/Projects/venv/lib/python3.10/site-packages/airflow/example_dags/example_short_circuit_decorator.py
[2023-11-20T15:09:31.383+0500] {processor.py:839} INFO - DAG(s) dict_keys(['example_short_circuit_decorator']) retrieved from /home/den/Projects/venv/lib/python3.10/site-packages/airflow/example_dags/example_short_circuit_decorator.py
[2023-11-20T15:09:31.406+0500] {logging_mixin.py:154} INFO - [2023-11-20T15:09:31.406+0500] {dag.py:2941} INFO - Sync 1 DAGs
[2023-11-20T15:09:31.440+0500] {logging_mixin.py:154} INFO - [2023-11-20T15:09:31.440+0500] {dag.py:3722} INFO - Setting next_dagrun for example_short_circuit_decorator to 2023-11-19T10:09:31.440385+00:00, run_after=2023-11-20T10:09:31.440385+00:00
[2023-11-20T15:09:31.471+0500] {processor.py:179} INFO - Processing /home/den/Projects/venv/lib/python3.10/site-packages/airflow/example_dags/example_short_circuit_decorator.py took 0.118 seconds
[2023-11-20T15:10:22.890+0500] {processor.py:157} INFO - Started process (PID=8934) to work on /home/den/Projects/venv/lib/python3.10/site-packages/airflow/example_dags/example_short_circuit_decorator.py
[2023-11-20T15:10:22.895+0500] {processor.py:829} INFO - Processing file /home/den/Projects/venv/lib/python3.10/site-packages/airflow/example_dags/example_short_circuit_decorator.py for tasks to queue
[2023-11-20T15:10:22.896+0500] {logging_mixin.py:154} INFO - [2023-11-20T15:10:22.895+0500] {dagbag.py:536} INFO - Filling up the DagBag from /home/den/Projects/venv/lib/python3.10/site-packages/airflow/example_dags/example_short_circuit_decorator.py
[2023-11-20T15:10:22.909+0500] {processor.py:839} INFO - DAG(s) dict_keys(['example_short_circuit_decorator']) retrieved from /home/den/Projects/venv/lib/python3.10/site-packages/airflow/example_dags/example_short_circuit_decorator.py
[2023-11-20T15:10:22.931+0500] {logging_mixin.py:154} INFO - [2023-11-20T15:10:22.930+0500] {dag.py:2941} INFO - Sync 1 DAGs
[2023-11-20T15:10:22.946+0500] {logging_mixin.py:154} INFO - [2023-11-20T15:10:22.946+0500] {dag.py:3722} INFO - Setting next_dagrun for example_short_circuit_decorator to 2023-11-19T10:10:22.946509+00:00, run_after=2023-11-20T10:10:22.946509+00:00
[2023-11-20T15:10:22.969+0500] {processor.py:179} INFO - Processing /home/den/Projects/venv/lib/python3.10/site-packages/airflow/example_dags/example_short_circuit_decorator.py took 0.083 seconds
[2023-11-20T15:11:16.202+0500] {processor.py:157} INFO - Started process (PID=8999) to work on /home/den/Projects/venv/lib/python3.10/site-packages/airflow/example_dags/example_short_circuit_decorator.py
[2023-11-20T15:11:16.213+0500] {processor.py:829} INFO - Processing file /home/den/Projects/venv/lib/python3.10/site-packages/airflow/example_dags/example_short_circuit_decorator.py for tasks to queue
[2023-11-20T15:11:16.214+0500] {logging_mixin.py:154} INFO - [2023-11-20T15:11:16.214+0500] {dagbag.py:536} INFO - Filling up the DagBag from /home/den/Projects/venv/lib/python3.10/site-packages/airflow/example_dags/example_short_circuit_decorator.py
[2023-11-20T15:11:16.224+0500] {processor.py:839} INFO - DAG(s) dict_keys(['example_short_circuit_decorator']) retrieved from /home/den/Projects/venv/lib/python3.10/site-packages/airflow/example_dags/example_short_circuit_decorator.py
[2023-11-20T15:11:16.242+0500] {logging_mixin.py:154} INFO - [2023-11-20T15:11:16.241+0500] {dag.py:2941} INFO - Sync 1 DAGs
[2023-11-20T15:11:16.259+0500] {logging_mixin.py:154} INFO - [2023-11-20T15:11:16.259+0500] {dag.py:3722} INFO - Setting next_dagrun for example_short_circuit_decorator to 2023-11-19T10:11:16.259248+00:00, run_after=2023-11-20T10:11:16.259248+00:00
[2023-11-20T15:11:16.280+0500] {processor.py:179} INFO - Processing /home/den/Projects/venv/lib/python3.10/site-packages/airflow/example_dags/example_short_circuit_decorator.py took 0.082 seconds
[2023-11-20T15:12:09.144+0500] {processor.py:157} INFO - Started process (PID=9098) to work on /home/den/Projects/venv/lib/python3.10/site-packages/airflow/example_dags/example_short_circuit_decorator.py
[2023-11-20T15:12:09.150+0500] {processor.py:829} INFO - Processing file /home/den/Projects/venv/lib/python3.10/site-packages/airflow/example_dags/example_short_circuit_decorator.py for tasks to queue
[2023-11-20T15:12:09.151+0500] {logging_mixin.py:154} INFO - [2023-11-20T15:12:09.151+0500] {dagbag.py:536} INFO - Filling up the DagBag from /home/den/Projects/venv/lib/python3.10/site-packages/airflow/example_dags/example_short_circuit_decorator.py
[2023-11-20T15:12:09.162+0500] {processor.py:839} INFO - DAG(s) dict_keys(['example_short_circuit_decorator']) retrieved from /home/den/Projects/venv/lib/python3.10/site-packages/airflow/example_dags/example_short_circuit_decorator.py
[2023-11-20T15:12:09.177+0500] {logging_mixin.py:154} INFO - [2023-11-20T15:12:09.177+0500] {dag.py:2941} INFO - Sync 1 DAGs
[2023-11-20T15:12:09.191+0500] {logging_mixin.py:154} INFO - [2023-11-20T15:12:09.191+0500] {dag.py:3722} INFO - Setting next_dagrun for example_short_circuit_decorator to 2023-11-19T10:12:09.191365+00:00, run_after=2023-11-20T10:12:09.191365+00:00
[2023-11-20T15:12:09.217+0500] {processor.py:179} INFO - Processing /home/den/Projects/venv/lib/python3.10/site-packages/airflow/example_dags/example_short_circuit_decorator.py took 0.077 seconds
[2023-11-20T15:13:01.778+0500] {processor.py:157} INFO - Started process (PID=9169) to work on /home/den/Projects/venv/lib/python3.10/site-packages/airflow/example_dags/example_short_circuit_decorator.py
[2023-11-20T15:13:01.780+0500] {processor.py:829} INFO - Processing file /home/den/Projects/venv/lib/python3.10/site-packages/airflow/example_dags/example_short_circuit_decorator.py for tasks to queue
[2023-11-20T15:13:01.781+0500] {logging_mixin.py:154} INFO - [2023-11-20T15:13:01.781+0500] {dagbag.py:536} INFO - Filling up the DagBag from /home/den/Projects/venv/lib/python3.10/site-packages/airflow/example_dags/example_short_circuit_decorator.py
[2023-11-20T15:13:01.794+0500] {processor.py:839} INFO - DAG(s) dict_keys(['example_short_circuit_decorator']) retrieved from /home/den/Projects/venv/lib/python3.10/site-packages/airflow/example_dags/example_short_circuit_decorator.py
[2023-11-20T15:13:01.813+0500] {logging_mixin.py:154} INFO - [2023-11-20T15:13:01.812+0500] {dag.py:2941} INFO - Sync 1 DAGs
[2023-11-20T15:13:01.829+0500] {logging_mixin.py:154} INFO - [2023-11-20T15:13:01.829+0500] {dag.py:3722} INFO - Setting next_dagrun for example_short_circuit_decorator to 2023-11-19T10:13:01.829348+00:00, run_after=2023-11-20T10:13:01.829348+00:00
[2023-11-20T15:13:01.863+0500] {processor.py:179} INFO - Processing /home/den/Projects/venv/lib/python3.10/site-packages/airflow/example_dags/example_short_circuit_decorator.py took 0.088 seconds
[2023-11-20T15:13:56.386+0500] {processor.py:157} INFO - Started process (PID=9279) to work on /home/den/Projects/venv/lib/python3.10/site-packages/airflow/example_dags/example_short_circuit_decorator.py
[2023-11-20T15:13:56.388+0500] {processor.py:829} INFO - Processing file /home/den/Projects/venv/lib/python3.10/site-packages/airflow/example_dags/example_short_circuit_decorator.py for tasks to queue
[2023-11-20T15:13:56.391+0500] {logging_mixin.py:154} INFO - [2023-11-20T15:13:56.391+0500] {dagbag.py:536} INFO - Filling up the DagBag from /home/den/Projects/venv/lib/python3.10/site-packages/airflow/example_dags/example_short_circuit_decorator.py
[2023-11-20T15:13:56.407+0500] {processor.py:839} INFO - DAG(s) dict_keys(['example_short_circuit_decorator']) retrieved from /home/den/Projects/venv/lib/python3.10/site-packages/airflow/example_dags/example_short_circuit_decorator.py
[2023-11-20T15:13:56.428+0500] {logging_mixin.py:154} INFO - [2023-11-20T15:13:56.428+0500] {dag.py:2941} INFO - Sync 1 DAGs
[2023-11-20T15:13:56.471+0500] {logging_mixin.py:154} INFO - [2023-11-20T15:13:56.471+0500] {dag.py:3722} INFO - Setting next_dagrun for example_short_circuit_decorator to 2023-11-19T10:13:56.471052+00:00, run_after=2023-11-20T10:13:56.471052+00:00
[2023-11-20T15:13:56.507+0500] {processor.py:179} INFO - Processing /home/den/Projects/venv/lib/python3.10/site-packages/airflow/example_dags/example_short_circuit_decorator.py took 0.126 seconds
[2023-11-20T15:14:52.767+0500] {processor.py:157} INFO - Started process (PID=9356) to work on /home/den/Projects/venv/lib/python3.10/site-packages/airflow/example_dags/example_short_circuit_decorator.py
[2023-11-20T15:14:52.770+0500] {processor.py:829} INFO - Processing file /home/den/Projects/venv/lib/python3.10/site-packages/airflow/example_dags/example_short_circuit_decorator.py for tasks to queue
[2023-11-20T15:14:52.771+0500] {logging_mixin.py:154} INFO - [2023-11-20T15:14:52.771+0500] {dagbag.py:536} INFO - Filling up the DagBag from /home/den/Projects/venv/lib/python3.10/site-packages/airflow/example_dags/example_short_circuit_decorator.py
[2023-11-20T15:14:52.798+0500] {processor.py:839} INFO - DAG(s) dict_keys(['example_short_circuit_decorator']) retrieved from /home/den/Projects/venv/lib/python3.10/site-packages/airflow/example_dags/example_short_circuit_decorator.py
[2023-11-20T15:14:52.840+0500] {logging_mixin.py:154} INFO - [2023-11-20T15:14:52.840+0500] {dag.py:2941} INFO - Sync 1 DAGs
[2023-11-20T15:14:52.885+0500] {logging_mixin.py:154} INFO - [2023-11-20T15:14:52.884+0500] {dag.py:3722} INFO - Setting next_dagrun for example_short_circuit_decorator to 2023-11-19T10:14:52.884678+00:00, run_after=2023-11-20T10:14:52.884678+00:00
[2023-11-20T15:14:52.917+0500] {processor.py:179} INFO - Processing /home/den/Projects/venv/lib/python3.10/site-packages/airflow/example_dags/example_short_circuit_decorator.py took 0.154 seconds
[2023-11-20T15:15:42.906+0500] {processor.py:157} INFO - Started process (PID=9425) to work on /home/den/Projects/venv/lib/python3.10/site-packages/airflow/example_dags/example_short_circuit_decorator.py
[2023-11-20T15:15:42.908+0500] {processor.py:829} INFO - Processing file /home/den/Projects/venv/lib/python3.10/site-packages/airflow/example_dags/example_short_circuit_decorator.py for tasks to queue
[2023-11-20T15:15:42.909+0500] {logging_mixin.py:154} INFO - [2023-11-20T15:15:42.908+0500] {dagbag.py:536} INFO - Filling up the DagBag from /home/den/Projects/venv/lib/python3.10/site-packages/airflow/example_dags/example_short_circuit_decorator.py
[2023-11-20T15:15:42.919+0500] {processor.py:839} INFO - DAG(s) dict_keys(['example_short_circuit_decorator']) retrieved from /home/den/Projects/venv/lib/python3.10/site-packages/airflow/example_dags/example_short_circuit_decorator.py
[2023-11-20T15:15:42.932+0500] {logging_mixin.py:154} INFO - [2023-11-20T15:15:42.932+0500] {dag.py:2941} INFO - Sync 1 DAGs
[2023-11-20T15:15:42.948+0500] {logging_mixin.py:154} INFO - [2023-11-20T15:15:42.948+0500] {dag.py:3722} INFO - Setting next_dagrun for example_short_circuit_decorator to 2023-11-19T10:15:42.948562+00:00, run_after=2023-11-20T10:15:42.948562+00:00
[2023-11-20T15:15:42.966+0500] {processor.py:179} INFO - Processing /home/den/Projects/venv/lib/python3.10/site-packages/airflow/example_dags/example_short_circuit_decorator.py took 0.063 seconds
[2023-11-20T15:16:32.416+0500] {processor.py:157} INFO - Started process (PID=9520) to work on /home/den/Projects/venv/lib/python3.10/site-packages/airflow/example_dags/example_short_circuit_decorator.py
[2023-11-20T15:16:32.417+0500] {processor.py:829} INFO - Processing file /home/den/Projects/venv/lib/python3.10/site-packages/airflow/example_dags/example_short_circuit_decorator.py for tasks to queue
[2023-11-20T15:16:32.418+0500] {logging_mixin.py:154} INFO - [2023-11-20T15:16:32.417+0500] {dagbag.py:536} INFO - Filling up the DagBag from /home/den/Projects/venv/lib/python3.10/site-packages/airflow/example_dags/example_short_circuit_decorator.py
[2023-11-20T15:16:32.427+0500] {processor.py:839} INFO - DAG(s) dict_keys(['example_short_circuit_decorator']) retrieved from /home/den/Projects/venv/lib/python3.10/site-packages/airflow/example_dags/example_short_circuit_decorator.py
[2023-11-20T15:16:32.445+0500] {logging_mixin.py:154} INFO - [2023-11-20T15:16:32.445+0500] {dag.py:2941} INFO - Sync 1 DAGs
[2023-11-20T15:16:32.461+0500] {logging_mixin.py:154} INFO - [2023-11-20T15:16:32.461+0500] {dag.py:3722} INFO - Setting next_dagrun for example_short_circuit_decorator to 2023-11-19T10:16:32.460808+00:00, run_after=2023-11-20T10:16:32.460808+00:00
[2023-11-20T15:16:32.487+0500] {processor.py:179} INFO - Processing /home/den/Projects/venv/lib/python3.10/site-packages/airflow/example_dags/example_short_circuit_decorator.py took 0.074 seconds
[2023-11-20T15:17:19.826+0500] {processor.py:157} INFO - Started process (PID=9584) to work on /home/den/Projects/venv/lib/python3.10/site-packages/airflow/example_dags/example_short_circuit_decorator.py
[2023-11-20T15:17:19.829+0500] {processor.py:829} INFO - Processing file /home/den/Projects/venv/lib/python3.10/site-packages/airflow/example_dags/example_short_circuit_decorator.py for tasks to queue
[2023-11-20T15:17:19.830+0500] {logging_mixin.py:154} INFO - [2023-11-20T15:17:19.829+0500] {dagbag.py:536} INFO - Filling up the DagBag from /home/den/Projects/venv/lib/python3.10/site-packages/airflow/example_dags/example_short_circuit_decorator.py
[2023-11-20T15:17:19.839+0500] {processor.py:839} INFO - DAG(s) dict_keys(['example_short_circuit_decorator']) retrieved from /home/den/Projects/venv/lib/python3.10/site-packages/airflow/example_dags/example_short_circuit_decorator.py
[2023-11-20T15:17:19.855+0500] {logging_mixin.py:154} INFO - [2023-11-20T15:17:19.855+0500] {dag.py:2941} INFO - Sync 1 DAGs
[2023-11-20T15:17:19.871+0500] {logging_mixin.py:154} INFO - [2023-11-20T15:17:19.870+0500] {dag.py:3722} INFO - Setting next_dagrun for example_short_circuit_decorator to 2023-11-19T10:17:19.870757+00:00, run_after=2023-11-20T10:17:19.870757+00:00
[2023-11-20T15:17:19.898+0500] {processor.py:179} INFO - Processing /home/den/Projects/venv/lib/python3.10/site-packages/airflow/example_dags/example_short_circuit_decorator.py took 0.076 seconds
[2023-11-20T15:18:14.196+0500] {processor.py:157} INFO - Started process (PID=9686) to work on /home/den/Projects/venv/lib/python3.10/site-packages/airflow/example_dags/example_short_circuit_decorator.py
[2023-11-20T15:18:14.197+0500] {processor.py:829} INFO - Processing file /home/den/Projects/venv/lib/python3.10/site-packages/airflow/example_dags/example_short_circuit_decorator.py for tasks to queue
[2023-11-20T15:18:14.198+0500] {logging_mixin.py:154} INFO - [2023-11-20T15:18:14.198+0500] {dagbag.py:536} INFO - Filling up the DagBag from /home/den/Projects/venv/lib/python3.10/site-packages/airflow/example_dags/example_short_circuit_decorator.py
[2023-11-20T15:18:14.207+0500] {processor.py:839} INFO - DAG(s) dict_keys(['example_short_circuit_decorator']) retrieved from /home/den/Projects/venv/lib/python3.10/site-packages/airflow/example_dags/example_short_circuit_decorator.py
[2023-11-20T15:18:14.222+0500] {logging_mixin.py:154} INFO - [2023-11-20T15:18:14.222+0500] {dag.py:2941} INFO - Sync 1 DAGs
[2023-11-20T15:18:14.239+0500] {logging_mixin.py:154} INFO - [2023-11-20T15:18:14.239+0500] {dag.py:3722} INFO - Setting next_dagrun for example_short_circuit_decorator to 2023-11-19T10:18:14.239232+00:00, run_after=2023-11-20T10:18:14.239232+00:00
[2023-11-20T15:18:14.265+0500] {processor.py:179} INFO - Processing /home/den/Projects/venv/lib/python3.10/site-packages/airflow/example_dags/example_short_circuit_decorator.py took 0.072 seconds
[2023-11-20T15:19:06.502+0500] {processor.py:157} INFO - Started process (PID=9761) to work on /home/den/Projects/venv/lib/python3.10/site-packages/airflow/example_dags/example_short_circuit_decorator.py
[2023-11-20T15:19:06.504+0500] {processor.py:829} INFO - Processing file /home/den/Projects/venv/lib/python3.10/site-packages/airflow/example_dags/example_short_circuit_decorator.py for tasks to queue
[2023-11-20T15:19:06.505+0500] {logging_mixin.py:154} INFO - [2023-11-20T15:19:06.505+0500] {dagbag.py:536} INFO - Filling up the DagBag from /home/den/Projects/venv/lib/python3.10/site-packages/airflow/example_dags/example_short_circuit_decorator.py
[2023-11-20T15:19:06.515+0500] {processor.py:839} INFO - DAG(s) dict_keys(['example_short_circuit_decorator']) retrieved from /home/den/Projects/venv/lib/python3.10/site-packages/airflow/example_dags/example_short_circuit_decorator.py
[2023-11-20T15:19:06.529+0500] {logging_mixin.py:154} INFO - [2023-11-20T15:19:06.529+0500] {dag.py:2941} INFO - Sync 1 DAGs
[2023-11-20T15:19:06.544+0500] {logging_mixin.py:154} INFO - [2023-11-20T15:19:06.544+0500] {dag.py:3722} INFO - Setting next_dagrun for example_short_circuit_decorator to 2023-11-19T10:19:06.544455+00:00, run_after=2023-11-20T10:19:06.544455+00:00
[2023-11-20T15:19:06.562+0500] {processor.py:179} INFO - Processing /home/den/Projects/venv/lib/python3.10/site-packages/airflow/example_dags/example_short_circuit_decorator.py took 0.063 seconds
[2023-11-20T15:19:51.968+0500] {processor.py:157} INFO - Started process (PID=9907) to work on /home/den/Projects/venv/lib/python3.10/site-packages/airflow/example_dags/example_short_circuit_decorator.py
[2023-11-20T15:19:51.969+0500] {processor.py:829} INFO - Processing file /home/den/Projects/venv/lib/python3.10/site-packages/airflow/example_dags/example_short_circuit_decorator.py for tasks to queue
[2023-11-20T15:19:51.971+0500] {logging_mixin.py:154} INFO - [2023-11-20T15:19:51.970+0500] {dagbag.py:536} INFO - Filling up the DagBag from /home/den/Projects/venv/lib/python3.10/site-packages/airflow/example_dags/example_short_circuit_decorator.py
[2023-11-20T15:19:51.986+0500] {processor.py:839} INFO - DAG(s) dict_keys(['example_short_circuit_decorator']) retrieved from /home/den/Projects/venv/lib/python3.10/site-packages/airflow/example_dags/example_short_circuit_decorator.py
[2023-11-20T15:19:52.026+0500] {logging_mixin.py:154} INFO - [2023-11-20T15:19:52.026+0500] {dag.py:2941} INFO - Sync 1 DAGs
[2023-11-20T15:19:52.066+0500] {logging_mixin.py:154} INFO - [2023-11-20T15:19:52.066+0500] {dag.py:3722} INFO - Setting next_dagrun for example_short_circuit_decorator to 2023-11-19T10:19:52.066320+00:00, run_after=2023-11-20T10:19:52.066320+00:00
[2023-11-20T15:19:52.091+0500] {processor.py:179} INFO - Processing /home/den/Projects/venv/lib/python3.10/site-packages/airflow/example_dags/example_short_circuit_decorator.py took 0.127 seconds
[2023-11-20T15:20:55.632+0500] {processor.py:157} INFO - Started process (PID=9998) to work on /home/den/Projects/venv/lib/python3.10/site-packages/airflow/example_dags/example_short_circuit_decorator.py
[2023-11-20T15:20:55.642+0500] {processor.py:829} INFO - Processing file /home/den/Projects/venv/lib/python3.10/site-packages/airflow/example_dags/example_short_circuit_decorator.py for tasks to queue
[2023-11-20T15:20:55.643+0500] {logging_mixin.py:154} INFO - [2023-11-20T15:20:55.642+0500] {dagbag.py:536} INFO - Filling up the DagBag from /home/den/Projects/venv/lib/python3.10/site-packages/airflow/example_dags/example_short_circuit_decorator.py
[2023-11-20T15:20:55.654+0500] {processor.py:839} INFO - DAG(s) dict_keys(['example_short_circuit_decorator']) retrieved from /home/den/Projects/venv/lib/python3.10/site-packages/airflow/example_dags/example_short_circuit_decorator.py
[2023-11-20T15:20:55.684+0500] {logging_mixin.py:154} INFO - [2023-11-20T15:20:55.683+0500] {dag.py:2941} INFO - Sync 1 DAGs
[2023-11-20T15:20:55.699+0500] {logging_mixin.py:154} INFO - [2023-11-20T15:20:55.699+0500] {dag.py:3722} INFO - Setting next_dagrun for example_short_circuit_decorator to 2023-11-19T10:20:55.699429+00:00, run_after=2023-11-20T10:20:55.699429+00:00
[2023-11-20T15:20:55.738+0500] {processor.py:179} INFO - Processing /home/den/Projects/venv/lib/python3.10/site-packages/airflow/example_dags/example_short_circuit_decorator.py took 0.109 seconds
[2023-11-20T15:21:46.783+0500] {processor.py:157} INFO - Started process (PID=10062) to work on /home/den/Projects/venv/lib/python3.10/site-packages/airflow/example_dags/example_short_circuit_decorator.py
[2023-11-20T15:21:46.790+0500] {processor.py:829} INFO - Processing file /home/den/Projects/venv/lib/python3.10/site-packages/airflow/example_dags/example_short_circuit_decorator.py for tasks to queue
[2023-11-20T15:21:46.791+0500] {logging_mixin.py:154} INFO - [2023-11-20T15:21:46.791+0500] {dagbag.py:536} INFO - Filling up the DagBag from /home/den/Projects/venv/lib/python3.10/site-packages/airflow/example_dags/example_short_circuit_decorator.py
[2023-11-20T15:21:46.803+0500] {processor.py:839} INFO - DAG(s) dict_keys(['example_short_circuit_decorator']) retrieved from /home/den/Projects/venv/lib/python3.10/site-packages/airflow/example_dags/example_short_circuit_decorator.py
[2023-11-20T15:21:46.822+0500] {logging_mixin.py:154} INFO - [2023-11-20T15:21:46.822+0500] {dag.py:2941} INFO - Sync 1 DAGs
[2023-11-20T15:21:46.855+0500] {logging_mixin.py:154} INFO - [2023-11-20T15:21:46.854+0500] {dag.py:3722} INFO - Setting next_dagrun for example_short_circuit_decorator to 2023-11-19T10:21:46.853596+00:00, run_after=2023-11-20T10:21:46.853596+00:00
[2023-11-20T15:21:46.908+0500] {processor.py:179} INFO - Processing /home/den/Projects/venv/lib/python3.10/site-packages/airflow/example_dags/example_short_circuit_decorator.py took 0.128 seconds
[2023-11-20T15:22:49.608+0500] {processor.py:157} INFO - Started process (PID=10167) to work on /home/den/Projects/venv/lib/python3.10/site-packages/airflow/example_dags/example_short_circuit_decorator.py
[2023-11-20T15:22:49.618+0500] {processor.py:829} INFO - Processing file /home/den/Projects/venv/lib/python3.10/site-packages/airflow/example_dags/example_short_circuit_decorator.py for tasks to queue
[2023-11-20T15:22:49.619+0500] {logging_mixin.py:154} INFO - [2023-11-20T15:22:49.619+0500] {dagbag.py:536} INFO - Filling up the DagBag from /home/den/Projects/venv/lib/python3.10/site-packages/airflow/example_dags/example_short_circuit_decorator.py
[2023-11-20T15:22:49.631+0500] {processor.py:839} INFO - DAG(s) dict_keys(['example_short_circuit_decorator']) retrieved from /home/den/Projects/venv/lib/python3.10/site-packages/airflow/example_dags/example_short_circuit_decorator.py
[2023-11-20T15:22:49.647+0500] {logging_mixin.py:154} INFO - [2023-11-20T15:22:49.647+0500] {dag.py:2941} INFO - Sync 1 DAGs
[2023-11-20T15:22:49.661+0500] {logging_mixin.py:154} INFO - [2023-11-20T15:22:49.661+0500] {dag.py:3722} INFO - Setting next_dagrun for example_short_circuit_decorator to 2023-11-19T10:22:49.660810+00:00, run_after=2023-11-20T10:22:49.660810+00:00
[2023-11-20T15:22:49.681+0500] {processor.py:179} INFO - Processing /home/den/Projects/venv/lib/python3.10/site-packages/airflow/example_dags/example_short_circuit_decorator.py took 0.078 seconds
