[2023-11-20T14:39:38.282+0500] {processor.py:157} INFO - Started process (PID=5181) to work on /home/den/Projects/venv/lib/python3.10/site-packages/airflow/example_dags/example_nested_branch_dag.py
[2023-11-20T14:39:38.283+0500] {processor.py:829} INFO - Processing file /home/den/Projects/venv/lib/python3.10/site-packages/airflow/example_dags/example_nested_branch_dag.py for tasks to queue
[2023-11-20T14:39:38.283+0500] {logging_mixin.py:154} INFO - [2023-11-20T14:39:38.283+0500] {dagbag.py:536} INFO - Filling up the DagBag from /home/den/Projects/venv/lib/python3.10/site-packages/airflow/example_dags/example_nested_branch_dag.py
[2023-11-20T14:39:38.298+0500] {processor.py:839} INFO - DAG(s) dict_keys(['example_nested_branch_dag']) retrieved from /home/den/Projects/venv/lib/python3.10/site-packages/airflow/example_dags/example_nested_branch_dag.py
[2023-11-20T14:39:38.377+0500] {logging_mixin.py:154} INFO - [2023-11-20T14:39:38.377+0500] {manager.py:499} INFO - Created Permission View: %s
[2023-11-20T14:39:38.388+0500] {logging_mixin.py:154} INFO - [2023-11-20T14:39:38.387+0500] {manager.py:499} INFO - Created Permission View: %s
[2023-11-20T14:39:38.396+0500] {logging_mixin.py:154} INFO - [2023-11-20T14:39:38.396+0500] {manager.py:499} INFO - Created Permission View: %s
[2023-11-20T14:39:38.396+0500] {logging_mixin.py:154} INFO - [2023-11-20T14:39:38.396+0500] {dag.py:2941} INFO - Sync 1 DAGs
[2023-11-20T14:39:38.403+0500] {logging_mixin.py:154} INFO - [2023-11-20T14:39:38.403+0500] {dag.py:2963} INFO - Creating ORM DAG for example_nested_branch_dag
[2023-11-20T14:39:38.409+0500] {logging_mixin.py:154} INFO - [2023-11-20T14:39:38.409+0500] {dag.py:3722} INFO - Setting next_dagrun for example_nested_branch_dag to 2023-11-19T00:00:00+00:00, run_after=2023-11-20T00:00:00+00:00
[2023-11-20T14:39:38.427+0500] {processor.py:179} INFO - Processing /home/den/Projects/venv/lib/python3.10/site-packages/airflow/example_dags/example_nested_branch_dag.py took 0.147 seconds
[2023-11-20T14:40:28.880+0500] {processor.py:157} INFO - Started process (PID=5298) to work on /home/den/Projects/venv/lib/python3.10/site-packages/airflow/example_dags/example_nested_branch_dag.py
[2023-11-20T14:40:28.883+0500] {processor.py:829} INFO - Processing file /home/den/Projects/venv/lib/python3.10/site-packages/airflow/example_dags/example_nested_branch_dag.py for tasks to queue
[2023-11-20T14:40:28.884+0500] {logging_mixin.py:154} INFO - [2023-11-20T14:40:28.884+0500] {dagbag.py:536} INFO - Filling up the DagBag from /home/den/Projects/venv/lib/python3.10/site-packages/airflow/example_dags/example_nested_branch_dag.py
[2023-11-20T14:40:28.898+0500] {processor.py:839} INFO - DAG(s) dict_keys(['example_nested_branch_dag']) retrieved from /home/den/Projects/venv/lib/python3.10/site-packages/airflow/example_dags/example_nested_branch_dag.py
[2023-11-20T14:40:28.936+0500] {logging_mixin.py:154} INFO - [2023-11-20T14:40:28.935+0500] {dag.py:2941} INFO - Sync 1 DAGs
[2023-11-20T14:40:28.962+0500] {logging_mixin.py:154} INFO - [2023-11-20T14:40:28.962+0500] {dag.py:3722} INFO - Setting next_dagrun for example_nested_branch_dag to 2023-11-19T00:00:00+00:00, run_after=2023-11-20T00:00:00+00:00
[2023-11-20T14:40:28.979+0500] {processor.py:179} INFO - Processing /home/den/Projects/venv/lib/python3.10/site-packages/airflow/example_dags/example_nested_branch_dag.py took 0.101 seconds
[2023-11-20T14:50:05.947+0500] {processor.py:157} INFO - Started process (PID=6505) to work on /home/den/Projects/venv/lib/python3.10/site-packages/airflow/example_dags/example_nested_branch_dag.py
[2023-11-20T14:50:05.951+0500] {processor.py:829} INFO - Processing file /home/den/Projects/venv/lib/python3.10/site-packages/airflow/example_dags/example_nested_branch_dag.py for tasks to queue
[2023-11-20T14:50:05.952+0500] {logging_mixin.py:154} INFO - [2023-11-20T14:50:05.951+0500] {dagbag.py:536} INFO - Filling up the DagBag from /home/den/Projects/venv/lib/python3.10/site-packages/airflow/example_dags/example_nested_branch_dag.py
[2023-11-20T14:50:05.973+0500] {processor.py:839} INFO - DAG(s) dict_keys(['example_nested_branch_dag']) retrieved from /home/den/Projects/venv/lib/python3.10/site-packages/airflow/example_dags/example_nested_branch_dag.py
[2023-11-20T14:50:05.998+0500] {logging_mixin.py:154} INFO - [2023-11-20T14:50:05.998+0500] {dag.py:2941} INFO - Sync 1 DAGs
[2023-11-20T14:50:06.019+0500] {logging_mixin.py:154} INFO - [2023-11-20T14:50:06.019+0500] {dag.py:3722} INFO - Setting next_dagrun for example_nested_branch_dag to 2023-11-19T00:00:00+00:00, run_after=2023-11-20T00:00:00+00:00
[2023-11-20T14:50:06.044+0500] {processor.py:179} INFO - Processing /home/den/Projects/venv/lib/python3.10/site-packages/airflow/example_dags/example_nested_branch_dag.py took 0.115 seconds
[2023-11-20T14:50:54.331+0500] {processor.py:157} INFO - Started process (PID=6571) to work on /home/den/Projects/venv/lib/python3.10/site-packages/airflow/example_dags/example_nested_branch_dag.py
[2023-11-20T14:50:54.333+0500] {processor.py:829} INFO - Processing file /home/den/Projects/venv/lib/python3.10/site-packages/airflow/example_dags/example_nested_branch_dag.py for tasks to queue
[2023-11-20T14:50:54.334+0500] {logging_mixin.py:154} INFO - [2023-11-20T14:50:54.334+0500] {dagbag.py:536} INFO - Filling up the DagBag from /home/den/Projects/venv/lib/python3.10/site-packages/airflow/example_dags/example_nested_branch_dag.py
[2023-11-20T14:50:54.341+0500] {processor.py:839} INFO - DAG(s) dict_keys(['example_nested_branch_dag']) retrieved from /home/den/Projects/venv/lib/python3.10/site-packages/airflow/example_dags/example_nested_branch_dag.py
[2023-11-20T14:50:54.353+0500] {logging_mixin.py:154} INFO - [2023-11-20T14:50:54.353+0500] {dag.py:2941} INFO - Sync 1 DAGs
[2023-11-20T14:50:54.366+0500] {logging_mixin.py:154} INFO - [2023-11-20T14:50:54.366+0500] {dag.py:3722} INFO - Setting next_dagrun for example_nested_branch_dag to 2023-11-19T00:00:00+00:00, run_after=2023-11-20T00:00:00+00:00
[2023-11-20T14:50:54.382+0500] {processor.py:179} INFO - Processing /home/den/Projects/venv/lib/python3.10/site-packages/airflow/example_dags/example_nested_branch_dag.py took 0.054 seconds
[2023-11-20T14:51:39.656+0500] {processor.py:157} INFO - Started process (PID=6629) to work on /home/den/Projects/venv/lib/python3.10/site-packages/airflow/example_dags/example_nested_branch_dag.py
[2023-11-20T14:51:39.663+0500] {processor.py:829} INFO - Processing file /home/den/Projects/venv/lib/python3.10/site-packages/airflow/example_dags/example_nested_branch_dag.py for tasks to queue
[2023-11-20T14:51:39.665+0500] {logging_mixin.py:154} INFO - [2023-11-20T14:51:39.664+0500] {dagbag.py:536} INFO - Filling up the DagBag from /home/den/Projects/venv/lib/python3.10/site-packages/airflow/example_dags/example_nested_branch_dag.py
[2023-11-20T14:51:39.676+0500] {processor.py:839} INFO - DAG(s) dict_keys(['example_nested_branch_dag']) retrieved from /home/den/Projects/venv/lib/python3.10/site-packages/airflow/example_dags/example_nested_branch_dag.py
[2023-11-20T14:51:39.695+0500] {logging_mixin.py:154} INFO - [2023-11-20T14:51:39.694+0500] {dag.py:2941} INFO - Sync 1 DAGs
[2023-11-20T14:51:39.708+0500] {logging_mixin.py:154} INFO - [2023-11-20T14:51:39.708+0500] {dag.py:3722} INFO - Setting next_dagrun for example_nested_branch_dag to 2023-11-19T00:00:00+00:00, run_after=2023-11-20T00:00:00+00:00
[2023-11-20T14:51:39.743+0500] {processor.py:179} INFO - Processing /home/den/Projects/venv/lib/python3.10/site-packages/airflow/example_dags/example_nested_branch_dag.py took 0.090 seconds
[2023-11-20T14:53:23.426+0500] {processor.py:157} INFO - Started process (PID=7382) to work on /home/den/Projects/venv/lib/python3.10/site-packages/airflow/example_dags/example_nested_branch_dag.py
[2023-11-20T14:53:23.428+0500] {processor.py:829} INFO - Processing file /home/den/Projects/venv/lib/python3.10/site-packages/airflow/example_dags/example_nested_branch_dag.py for tasks to queue
[2023-11-20T14:53:23.428+0500] {logging_mixin.py:154} INFO - [2023-11-20T14:53:23.428+0500] {dagbag.py:536} INFO - Filling up the DagBag from /home/den/Projects/venv/lib/python3.10/site-packages/airflow/example_dags/example_nested_branch_dag.py
[2023-11-20T14:53:23.442+0500] {processor.py:839} INFO - DAG(s) dict_keys(['example_nested_branch_dag']) retrieved from /home/den/Projects/venv/lib/python3.10/site-packages/airflow/example_dags/example_nested_branch_dag.py
[2023-11-20T14:53:23.458+0500] {logging_mixin.py:154} INFO - [2023-11-20T14:53:23.458+0500] {dag.py:2941} INFO - Sync 1 DAGs
[2023-11-20T14:53:23.473+0500] {logging_mixin.py:154} INFO - [2023-11-20T14:53:23.473+0500] {dag.py:3722} INFO - Setting next_dagrun for example_nested_branch_dag to 2023-11-19T00:00:00+00:00, run_after=2023-11-20T00:00:00+00:00
[2023-11-20T14:53:23.494+0500] {processor.py:179} INFO - Processing /home/den/Projects/venv/lib/python3.10/site-packages/airflow/example_dags/example_nested_branch_dag.py took 0.071 seconds
[2023-11-20T14:54:55.527+0500] {processor.py:157} INFO - Started process (PID=7504) to work on /home/den/Projects/venv/lib/python3.10/site-packages/airflow/example_dags/example_nested_branch_dag.py
[2023-11-20T14:54:55.531+0500] {processor.py:829} INFO - Processing file /home/den/Projects/venv/lib/python3.10/site-packages/airflow/example_dags/example_nested_branch_dag.py for tasks to queue
[2023-11-20T14:54:55.532+0500] {logging_mixin.py:154} INFO - [2023-11-20T14:54:55.531+0500] {dagbag.py:536} INFO - Filling up the DagBag from /home/den/Projects/venv/lib/python3.10/site-packages/airflow/example_dags/example_nested_branch_dag.py
[2023-11-20T14:54:55.546+0500] {processor.py:839} INFO - DAG(s) dict_keys(['example_nested_branch_dag']) retrieved from /home/den/Projects/venv/lib/python3.10/site-packages/airflow/example_dags/example_nested_branch_dag.py
[2023-11-20T14:54:55.571+0500] {logging_mixin.py:154} INFO - [2023-11-20T14:54:55.570+0500] {dag.py:2941} INFO - Sync 1 DAGs
[2023-11-20T14:54:55.610+0500] {logging_mixin.py:154} INFO - [2023-11-20T14:54:55.610+0500] {dag.py:3722} INFO - Setting next_dagrun for example_nested_branch_dag to 2023-11-19T00:00:00+00:00, run_after=2023-11-20T00:00:00+00:00
[2023-11-20T14:54:55.641+0500] {processor.py:179} INFO - Processing /home/den/Projects/venv/lib/python3.10/site-packages/airflow/example_dags/example_nested_branch_dag.py took 0.117 seconds
[2023-11-20T14:57:39.112+0500] {processor.py:157} INFO - Started process (PID=7660) to work on /home/den/Projects/venv/lib/python3.10/site-packages/airflow/example_dags/example_nested_branch_dag.py
[2023-11-20T14:57:39.113+0500] {processor.py:829} INFO - Processing file /home/den/Projects/venv/lib/python3.10/site-packages/airflow/example_dags/example_nested_branch_dag.py for tasks to queue
[2023-11-20T14:57:39.115+0500] {logging_mixin.py:154} INFO - [2023-11-20T14:57:39.114+0500] {dagbag.py:536} INFO - Filling up the DagBag from /home/den/Projects/venv/lib/python3.10/site-packages/airflow/example_dags/example_nested_branch_dag.py
[2023-11-20T14:57:39.130+0500] {processor.py:839} INFO - DAG(s) dict_keys(['example_nested_branch_dag']) retrieved from /home/den/Projects/venv/lib/python3.10/site-packages/airflow/example_dags/example_nested_branch_dag.py
[2023-11-20T14:57:39.156+0500] {logging_mixin.py:154} INFO - [2023-11-20T14:57:39.156+0500] {dag.py:2941} INFO - Sync 1 DAGs
[2023-11-20T14:57:39.177+0500] {logging_mixin.py:154} INFO - [2023-11-20T14:57:39.177+0500] {dag.py:3722} INFO - Setting next_dagrun for example_nested_branch_dag to 2023-11-19T00:00:00+00:00, run_after=2023-11-20T00:00:00+00:00
[2023-11-20T14:57:39.229+0500] {processor.py:179} INFO - Processing /home/den/Projects/venv/lib/python3.10/site-packages/airflow/example_dags/example_nested_branch_dag.py took 0.120 seconds
[2023-11-20T14:58:24.433+0500] {processor.py:157} INFO - Started process (PID=7765) to work on /home/den/Projects/venv/lib/python3.10/site-packages/airflow/example_dags/example_nested_branch_dag.py
[2023-11-20T14:58:24.434+0500] {processor.py:829} INFO - Processing file /home/den/Projects/venv/lib/python3.10/site-packages/airflow/example_dags/example_nested_branch_dag.py for tasks to queue
[2023-11-20T14:58:24.435+0500] {logging_mixin.py:154} INFO - [2023-11-20T14:58:24.435+0500] {dagbag.py:536} INFO - Filling up the DagBag from /home/den/Projects/venv/lib/python3.10/site-packages/airflow/example_dags/example_nested_branch_dag.py
[2023-11-20T14:58:24.443+0500] {processor.py:839} INFO - DAG(s) dict_keys(['example_nested_branch_dag']) retrieved from /home/den/Projects/venv/lib/python3.10/site-packages/airflow/example_dags/example_nested_branch_dag.py
[2023-11-20T14:58:24.455+0500] {logging_mixin.py:154} INFO - [2023-11-20T14:58:24.454+0500] {dag.py:2941} INFO - Sync 1 DAGs
[2023-11-20T14:58:24.467+0500] {logging_mixin.py:154} INFO - [2023-11-20T14:58:24.467+0500] {dag.py:3722} INFO - Setting next_dagrun for example_nested_branch_dag to 2023-11-19T00:00:00+00:00, run_after=2023-11-20T00:00:00+00:00
[2023-11-20T14:58:24.484+0500] {processor.py:179} INFO - Processing /home/den/Projects/venv/lib/python3.10/site-packages/airflow/example_dags/example_nested_branch_dag.py took 0.054 seconds
[2023-11-20T14:59:11.544+0500] {processor.py:157} INFO - Started process (PID=7827) to work on /home/den/Projects/venv/lib/python3.10/site-packages/airflow/example_dags/example_nested_branch_dag.py
[2023-11-20T14:59:11.546+0500] {processor.py:829} INFO - Processing file /home/den/Projects/venv/lib/python3.10/site-packages/airflow/example_dags/example_nested_branch_dag.py for tasks to queue
[2023-11-20T14:59:11.546+0500] {logging_mixin.py:154} INFO - [2023-11-20T14:59:11.546+0500] {dagbag.py:536} INFO - Filling up the DagBag from /home/den/Projects/venv/lib/python3.10/site-packages/airflow/example_dags/example_nested_branch_dag.py
[2023-11-20T14:59:11.554+0500] {processor.py:839} INFO - DAG(s) dict_keys(['example_nested_branch_dag']) retrieved from /home/den/Projects/venv/lib/python3.10/site-packages/airflow/example_dags/example_nested_branch_dag.py
[2023-11-20T14:59:11.566+0500] {logging_mixin.py:154} INFO - [2023-11-20T14:59:11.566+0500] {dag.py:2941} INFO - Sync 1 DAGs
[2023-11-20T14:59:11.579+0500] {logging_mixin.py:154} INFO - [2023-11-20T14:59:11.579+0500] {dag.py:3722} INFO - Setting next_dagrun for example_nested_branch_dag to 2023-11-19T00:00:00+00:00, run_after=2023-11-20T00:00:00+00:00
[2023-11-20T14:59:11.595+0500] {processor.py:179} INFO - Processing /home/den/Projects/venv/lib/python3.10/site-packages/airflow/example_dags/example_nested_branch_dag.py took 0.054 seconds
[2023-11-20T15:00:01.421+0500] {processor.py:157} INFO - Started process (PID=7925) to work on /home/den/Projects/venv/lib/python3.10/site-packages/airflow/example_dags/example_nested_branch_dag.py
[2023-11-20T15:00:01.422+0500] {processor.py:829} INFO - Processing file /home/den/Projects/venv/lib/python3.10/site-packages/airflow/example_dags/example_nested_branch_dag.py for tasks to queue
[2023-11-20T15:00:01.423+0500] {logging_mixin.py:154} INFO - [2023-11-20T15:00:01.423+0500] {dagbag.py:536} INFO - Filling up the DagBag from /home/den/Projects/venv/lib/python3.10/site-packages/airflow/example_dags/example_nested_branch_dag.py
[2023-11-20T15:00:01.431+0500] {processor.py:839} INFO - DAG(s) dict_keys(['example_nested_branch_dag']) retrieved from /home/den/Projects/venv/lib/python3.10/site-packages/airflow/example_dags/example_nested_branch_dag.py
[2023-11-20T15:00:01.444+0500] {logging_mixin.py:154} INFO - [2023-11-20T15:00:01.444+0500] {dag.py:2941} INFO - Sync 1 DAGs
[2023-11-20T15:00:01.457+0500] {logging_mixin.py:154} INFO - [2023-11-20T15:00:01.457+0500] {dag.py:3722} INFO - Setting next_dagrun for example_nested_branch_dag to 2023-11-19T00:00:00+00:00, run_after=2023-11-20T00:00:00+00:00
[2023-11-20T15:00:01.483+0500] {processor.py:179} INFO - Processing /home/den/Projects/venv/lib/python3.10/site-packages/airflow/example_dags/example_nested_branch_dag.py took 0.065 seconds
[2023-11-20T15:00:53.386+0500] {processor.py:157} INFO - Started process (PID=7995) to work on /home/den/Projects/venv/lib/python3.10/site-packages/airflow/example_dags/example_nested_branch_dag.py
[2023-11-20T15:00:53.388+0500] {processor.py:829} INFO - Processing file /home/den/Projects/venv/lib/python3.10/site-packages/airflow/example_dags/example_nested_branch_dag.py for tasks to queue
[2023-11-20T15:00:53.388+0500] {logging_mixin.py:154} INFO - [2023-11-20T15:00:53.388+0500] {dagbag.py:536} INFO - Filling up the DagBag from /home/den/Projects/venv/lib/python3.10/site-packages/airflow/example_dags/example_nested_branch_dag.py
[2023-11-20T15:00:53.396+0500] {processor.py:839} INFO - DAG(s) dict_keys(['example_nested_branch_dag']) retrieved from /home/den/Projects/venv/lib/python3.10/site-packages/airflow/example_dags/example_nested_branch_dag.py
[2023-11-20T15:00:53.408+0500] {logging_mixin.py:154} INFO - [2023-11-20T15:00:53.408+0500] {dag.py:2941} INFO - Sync 1 DAGs
[2023-11-20T15:00:53.421+0500] {logging_mixin.py:154} INFO - [2023-11-20T15:00:53.421+0500] {dag.py:3722} INFO - Setting next_dagrun for example_nested_branch_dag to 2023-11-19T00:00:00+00:00, run_after=2023-11-20T00:00:00+00:00
[2023-11-20T15:00:53.436+0500] {processor.py:179} INFO - Processing /home/den/Projects/venv/lib/python3.10/site-packages/airflow/example_dags/example_nested_branch_dag.py took 0.053 seconds
[2023-11-20T15:01:43.989+0500] {processor.py:157} INFO - Started process (PID=8069) to work on /home/den/Projects/venv/lib/python3.10/site-packages/airflow/example_dags/example_nested_branch_dag.py
[2023-11-20T15:01:43.991+0500] {processor.py:829} INFO - Processing file /home/den/Projects/venv/lib/python3.10/site-packages/airflow/example_dags/example_nested_branch_dag.py for tasks to queue
[2023-11-20T15:01:43.994+0500] {logging_mixin.py:154} INFO - [2023-11-20T15:01:43.993+0500] {dagbag.py:536} INFO - Filling up the DagBag from /home/den/Projects/venv/lib/python3.10/site-packages/airflow/example_dags/example_nested_branch_dag.py
[2023-11-20T15:01:44.009+0500] {processor.py:839} INFO - DAG(s) dict_keys(['example_nested_branch_dag']) retrieved from /home/den/Projects/venv/lib/python3.10/site-packages/airflow/example_dags/example_nested_branch_dag.py
[2023-11-20T15:01:44.027+0500] {logging_mixin.py:154} INFO - [2023-11-20T15:01:44.027+0500] {dag.py:2941} INFO - Sync 1 DAGs
[2023-11-20T15:01:44.057+0500] {logging_mixin.py:154} INFO - [2023-11-20T15:01:44.057+0500] {dag.py:3722} INFO - Setting next_dagrun for example_nested_branch_dag to 2023-11-19T00:00:00+00:00, run_after=2023-11-20T00:00:00+00:00
[2023-11-20T15:01:44.083+0500] {processor.py:179} INFO - Processing /home/den/Projects/venv/lib/python3.10/site-packages/airflow/example_dags/example_nested_branch_dag.py took 0.097 seconds
[2023-11-20T15:03:27.855+0500] {processor.py:157} INFO - Started process (PID=8266) to work on /home/den/Projects/venv/lib/python3.10/site-packages/airflow/example_dags/example_nested_branch_dag.py
[2023-11-20T15:03:27.862+0500] {processor.py:829} INFO - Processing file /home/den/Projects/venv/lib/python3.10/site-packages/airflow/example_dags/example_nested_branch_dag.py for tasks to queue
[2023-11-20T15:03:27.864+0500] {logging_mixin.py:154} INFO - [2023-11-20T15:03:27.863+0500] {dagbag.py:536} INFO - Filling up the DagBag from /home/den/Projects/venv/lib/python3.10/site-packages/airflow/example_dags/example_nested_branch_dag.py
[2023-11-20T15:03:27.884+0500] {processor.py:839} INFO - DAG(s) dict_keys(['example_nested_branch_dag']) retrieved from /home/den/Projects/venv/lib/python3.10/site-packages/airflow/example_dags/example_nested_branch_dag.py
[2023-11-20T15:03:27.908+0500] {logging_mixin.py:154} INFO - [2023-11-20T15:03:27.908+0500] {dag.py:2941} INFO - Sync 1 DAGs
[2023-11-20T15:03:27.937+0500] {logging_mixin.py:154} INFO - [2023-11-20T15:03:27.937+0500] {dag.py:3722} INFO - Setting next_dagrun for example_nested_branch_dag to 2023-11-19T00:00:00+00:00, run_after=2023-11-20T00:00:00+00:00
[2023-11-20T15:03:27.973+0500] {processor.py:179} INFO - Processing /home/den/Projects/venv/lib/python3.10/site-packages/airflow/example_dags/example_nested_branch_dag.py took 0.122 seconds
[2023-11-20T15:04:16.409+0500] {processor.py:157} INFO - Started process (PID=8350) to work on /home/den/Projects/venv/lib/python3.10/site-packages/airflow/example_dags/example_nested_branch_dag.py
[2023-11-20T15:04:16.410+0500] {processor.py:829} INFO - Processing file /home/den/Projects/venv/lib/python3.10/site-packages/airflow/example_dags/example_nested_branch_dag.py for tasks to queue
[2023-11-20T15:04:16.411+0500] {logging_mixin.py:154} INFO - [2023-11-20T15:04:16.411+0500] {dagbag.py:536} INFO - Filling up the DagBag from /home/den/Projects/venv/lib/python3.10/site-packages/airflow/example_dags/example_nested_branch_dag.py
[2023-11-20T15:04:16.426+0500] {processor.py:839} INFO - DAG(s) dict_keys(['example_nested_branch_dag']) retrieved from /home/den/Projects/venv/lib/python3.10/site-packages/airflow/example_dags/example_nested_branch_dag.py
[2023-11-20T15:04:16.451+0500] {logging_mixin.py:154} INFO - [2023-11-20T15:04:16.451+0500] {dag.py:2941} INFO - Sync 1 DAGs
[2023-11-20T15:04:16.478+0500] {logging_mixin.py:154} INFO - [2023-11-20T15:04:16.478+0500] {dag.py:3722} INFO - Setting next_dagrun for example_nested_branch_dag to 2023-11-19T00:00:00+00:00, run_after=2023-11-20T00:00:00+00:00
[2023-11-20T15:04:16.514+0500] {processor.py:179} INFO - Processing /home/den/Projects/venv/lib/python3.10/site-packages/airflow/example_dags/example_nested_branch_dag.py took 0.108 seconds
[2023-11-20T15:05:14.223+0500] {processor.py:157} INFO - Started process (PID=8427) to work on /home/den/Projects/venv/lib/python3.10/site-packages/airflow/example_dags/example_nested_branch_dag.py
[2023-11-20T15:05:14.226+0500] {processor.py:829} INFO - Processing file /home/den/Projects/venv/lib/python3.10/site-packages/airflow/example_dags/example_nested_branch_dag.py for tasks to queue
[2023-11-20T15:05:14.226+0500] {logging_mixin.py:154} INFO - [2023-11-20T15:05:14.226+0500] {dagbag.py:536} INFO - Filling up the DagBag from /home/den/Projects/venv/lib/python3.10/site-packages/airflow/example_dags/example_nested_branch_dag.py
[2023-11-20T15:05:14.242+0500] {processor.py:839} INFO - DAG(s) dict_keys(['example_nested_branch_dag']) retrieved from /home/den/Projects/venv/lib/python3.10/site-packages/airflow/example_dags/example_nested_branch_dag.py
[2023-11-20T15:05:14.267+0500] {logging_mixin.py:154} INFO - [2023-11-20T15:05:14.266+0500] {dag.py:2941} INFO - Sync 1 DAGs
[2023-11-20T15:05:14.295+0500] {logging_mixin.py:154} INFO - [2023-11-20T15:05:14.295+0500] {dag.py:3722} INFO - Setting next_dagrun for example_nested_branch_dag to 2023-11-19T00:00:00+00:00, run_after=2023-11-20T00:00:00+00:00
[2023-11-20T15:05:14.332+0500] {processor.py:179} INFO - Processing /home/den/Projects/venv/lib/python3.10/site-packages/airflow/example_dags/example_nested_branch_dag.py took 0.113 seconds
[2023-11-20T15:06:10.598+0500] {processor.py:157} INFO - Started process (PID=8527) to work on /home/den/Projects/venv/lib/python3.10/site-packages/airflow/example_dags/example_nested_branch_dag.py
[2023-11-20T15:06:10.600+0500] {processor.py:829} INFO - Processing file /home/den/Projects/venv/lib/python3.10/site-packages/airflow/example_dags/example_nested_branch_dag.py for tasks to queue
[2023-11-20T15:06:10.601+0500] {logging_mixin.py:154} INFO - [2023-11-20T15:06:10.601+0500] {dagbag.py:536} INFO - Filling up the DagBag from /home/den/Projects/venv/lib/python3.10/site-packages/airflow/example_dags/example_nested_branch_dag.py
[2023-11-20T15:06:10.624+0500] {processor.py:839} INFO - DAG(s) dict_keys(['example_nested_branch_dag']) retrieved from /home/den/Projects/venv/lib/python3.10/site-packages/airflow/example_dags/example_nested_branch_dag.py
[2023-11-20T15:06:10.647+0500] {logging_mixin.py:154} INFO - [2023-11-20T15:06:10.647+0500] {dag.py:2941} INFO - Sync 1 DAGs
[2023-11-20T15:06:10.683+0500] {logging_mixin.py:154} INFO - [2023-11-20T15:06:10.682+0500] {dag.py:3722} INFO - Setting next_dagrun for example_nested_branch_dag to 2023-11-19T00:00:00+00:00, run_after=2023-11-20T00:00:00+00:00
[2023-11-20T15:06:10.721+0500] {processor.py:179} INFO - Processing /home/den/Projects/venv/lib/python3.10/site-packages/airflow/example_dags/example_nested_branch_dag.py took 0.128 seconds
[2023-11-20T15:07:08.016+0500] {processor.py:157} INFO - Started process (PID=8608) to work on /home/den/Projects/venv/lib/python3.10/site-packages/airflow/example_dags/example_nested_branch_dag.py
[2023-11-20T15:07:08.025+0500] {processor.py:829} INFO - Processing file /home/den/Projects/venv/lib/python3.10/site-packages/airflow/example_dags/example_nested_branch_dag.py for tasks to queue
[2023-11-20T15:07:08.026+0500] {logging_mixin.py:154} INFO - [2023-11-20T15:07:08.026+0500] {dagbag.py:536} INFO - Filling up the DagBag from /home/den/Projects/venv/lib/python3.10/site-packages/airflow/example_dags/example_nested_branch_dag.py
[2023-11-20T15:07:08.042+0500] {processor.py:839} INFO - DAG(s) dict_keys(['example_nested_branch_dag']) retrieved from /home/den/Projects/venv/lib/python3.10/site-packages/airflow/example_dags/example_nested_branch_dag.py
[2023-11-20T15:07:08.064+0500] {logging_mixin.py:154} INFO - [2023-11-20T15:07:08.064+0500] {dag.py:2941} INFO - Sync 1 DAGs
[2023-11-20T15:07:08.087+0500] {logging_mixin.py:154} INFO - [2023-11-20T15:07:08.087+0500] {dag.py:3722} INFO - Setting next_dagrun for example_nested_branch_dag to 2023-11-19T00:00:00+00:00, run_after=2023-11-20T00:00:00+00:00
[2023-11-20T15:07:08.120+0500] {processor.py:179} INFO - Processing /home/den/Projects/venv/lib/python3.10/site-packages/airflow/example_dags/example_nested_branch_dag.py took 0.108 seconds
[2023-11-20T15:08:12.087+0500] {processor.py:157} INFO - Started process (PID=8731) to work on /home/den/Projects/venv/lib/python3.10/site-packages/airflow/example_dags/example_nested_branch_dag.py
[2023-11-20T15:08:12.090+0500] {processor.py:829} INFO - Processing file /home/den/Projects/venv/lib/python3.10/site-packages/airflow/example_dags/example_nested_branch_dag.py for tasks to queue
[2023-11-20T15:08:12.092+0500] {logging_mixin.py:154} INFO - [2023-11-20T15:08:12.091+0500] {dagbag.py:536} INFO - Filling up the DagBag from /home/den/Projects/venv/lib/python3.10/site-packages/airflow/example_dags/example_nested_branch_dag.py
[2023-11-20T15:08:12.103+0500] {processor.py:839} INFO - DAG(s) dict_keys(['example_nested_branch_dag']) retrieved from /home/den/Projects/venv/lib/python3.10/site-packages/airflow/example_dags/example_nested_branch_dag.py
[2023-11-20T15:08:12.123+0500] {logging_mixin.py:154} INFO - [2023-11-20T15:08:12.123+0500] {dag.py:2941} INFO - Sync 1 DAGs
[2023-11-20T15:08:12.150+0500] {logging_mixin.py:154} INFO - [2023-11-20T15:08:12.150+0500] {dag.py:3722} INFO - Setting next_dagrun for example_nested_branch_dag to 2023-11-19T00:00:00+00:00, run_after=2023-11-20T00:00:00+00:00
[2023-11-20T15:08:12.183+0500] {processor.py:179} INFO - Processing /home/den/Projects/venv/lib/python3.10/site-packages/airflow/example_dags/example_nested_branch_dag.py took 0.101 seconds
[2023-11-20T15:09:14.639+0500] {processor.py:157} INFO - Started process (PID=8816) to work on /home/den/Projects/venv/lib/python3.10/site-packages/airflow/example_dags/example_nested_branch_dag.py
[2023-11-20T15:09:14.644+0500] {processor.py:829} INFO - Processing file /home/den/Projects/venv/lib/python3.10/site-packages/airflow/example_dags/example_nested_branch_dag.py for tasks to queue
[2023-11-20T15:09:14.646+0500] {logging_mixin.py:154} INFO - [2023-11-20T15:09:14.645+0500] {dagbag.py:536} INFO - Filling up the DagBag from /home/den/Projects/venv/lib/python3.10/site-packages/airflow/example_dags/example_nested_branch_dag.py
[2023-11-20T15:09:14.658+0500] {processor.py:839} INFO - DAG(s) dict_keys(['example_nested_branch_dag']) retrieved from /home/den/Projects/venv/lib/python3.10/site-packages/airflow/example_dags/example_nested_branch_dag.py
[2023-11-20T15:09:14.687+0500] {logging_mixin.py:154} INFO - [2023-11-20T15:09:14.686+0500] {dag.py:2941} INFO - Sync 1 DAGs
[2023-11-20T15:09:14.718+0500] {logging_mixin.py:154} INFO - [2023-11-20T15:09:14.717+0500] {dag.py:3722} INFO - Setting next_dagrun for example_nested_branch_dag to 2023-11-19T00:00:00+00:00, run_after=2023-11-20T00:00:00+00:00
[2023-11-20T15:09:14.743+0500] {processor.py:179} INFO - Processing /home/den/Projects/venv/lib/python3.10/site-packages/airflow/example_dags/example_nested_branch_dag.py took 0.108 seconds
[2023-11-20T15:10:16.113+0500] {processor.py:157} INFO - Started process (PID=8919) to work on /home/den/Projects/venv/lib/python3.10/site-packages/airflow/example_dags/example_nested_branch_dag.py
[2023-11-20T15:10:16.128+0500] {processor.py:829} INFO - Processing file /home/den/Projects/venv/lib/python3.10/site-packages/airflow/example_dags/example_nested_branch_dag.py for tasks to queue
[2023-11-20T15:10:16.130+0500] {logging_mixin.py:154} INFO - [2023-11-20T15:10:16.129+0500] {dagbag.py:536} INFO - Filling up the DagBag from /home/den/Projects/venv/lib/python3.10/site-packages/airflow/example_dags/example_nested_branch_dag.py
[2023-11-20T15:10:16.146+0500] {processor.py:839} INFO - DAG(s) dict_keys(['example_nested_branch_dag']) retrieved from /home/den/Projects/venv/lib/python3.10/site-packages/airflow/example_dags/example_nested_branch_dag.py
[2023-11-20T15:10:16.171+0500] {logging_mixin.py:154} INFO - [2023-11-20T15:10:16.170+0500] {dag.py:2941} INFO - Sync 1 DAGs
[2023-11-20T15:10:16.200+0500] {logging_mixin.py:154} INFO - [2023-11-20T15:10:16.200+0500] {dag.py:3722} INFO - Setting next_dagrun for example_nested_branch_dag to 2023-11-19T00:00:00+00:00, run_after=2023-11-20T00:00:00+00:00
[2023-11-20T15:10:16.239+0500] {processor.py:179} INFO - Processing /home/den/Projects/venv/lib/python3.10/site-packages/airflow/example_dags/example_nested_branch_dag.py took 0.135 seconds
[2023-11-20T15:11:09.399+0500] {processor.py:157} INFO - Started process (PID=8992) to work on /home/den/Projects/venv/lib/python3.10/site-packages/airflow/example_dags/example_nested_branch_dag.py
[2023-11-20T15:11:09.404+0500] {processor.py:829} INFO - Processing file /home/den/Projects/venv/lib/python3.10/site-packages/airflow/example_dags/example_nested_branch_dag.py for tasks to queue
[2023-11-20T15:11:09.406+0500] {logging_mixin.py:154} INFO - [2023-11-20T15:11:09.405+0500] {dagbag.py:536} INFO - Filling up the DagBag from /home/den/Projects/venv/lib/python3.10/site-packages/airflow/example_dags/example_nested_branch_dag.py
[2023-11-20T15:11:09.418+0500] {processor.py:839} INFO - DAG(s) dict_keys(['example_nested_branch_dag']) retrieved from /home/den/Projects/venv/lib/python3.10/site-packages/airflow/example_dags/example_nested_branch_dag.py
[2023-11-20T15:11:09.439+0500] {logging_mixin.py:154} INFO - [2023-11-20T15:11:09.439+0500] {dag.py:2941} INFO - Sync 1 DAGs
[2023-11-20T15:11:09.454+0500] {logging_mixin.py:154} INFO - [2023-11-20T15:11:09.453+0500] {dag.py:3722} INFO - Setting next_dagrun for example_nested_branch_dag to 2023-11-19T00:00:00+00:00, run_after=2023-11-20T00:00:00+00:00
[2023-11-20T15:11:09.489+0500] {processor.py:179} INFO - Processing /home/den/Projects/venv/lib/python3.10/site-packages/airflow/example_dags/example_nested_branch_dag.py took 0.094 seconds
[2023-11-20T15:12:01.588+0500] {processor.py:157} INFO - Started process (PID=9091) to work on /home/den/Projects/venv/lib/python3.10/site-packages/airflow/example_dags/example_nested_branch_dag.py
[2023-11-20T15:12:01.590+0500] {processor.py:829} INFO - Processing file /home/den/Projects/venv/lib/python3.10/site-packages/airflow/example_dags/example_nested_branch_dag.py for tasks to queue
[2023-11-20T15:12:01.591+0500] {logging_mixin.py:154} INFO - [2023-11-20T15:12:01.591+0500] {dagbag.py:536} INFO - Filling up the DagBag from /home/den/Projects/venv/lib/python3.10/site-packages/airflow/example_dags/example_nested_branch_dag.py
[2023-11-20T15:12:01.605+0500] {processor.py:839} INFO - DAG(s) dict_keys(['example_nested_branch_dag']) retrieved from /home/den/Projects/venv/lib/python3.10/site-packages/airflow/example_dags/example_nested_branch_dag.py
[2023-11-20T15:12:01.626+0500] {logging_mixin.py:154} INFO - [2023-11-20T15:12:01.626+0500] {dag.py:2941} INFO - Sync 1 DAGs
[2023-11-20T15:12:01.649+0500] {logging_mixin.py:154} INFO - [2023-11-20T15:12:01.649+0500] {dag.py:3722} INFO - Setting next_dagrun for example_nested_branch_dag to 2023-11-19T00:00:00+00:00, run_after=2023-11-20T00:00:00+00:00
[2023-11-20T15:12:01.700+0500] {processor.py:179} INFO - Processing /home/den/Projects/venv/lib/python3.10/site-packages/airflow/example_dags/example_nested_branch_dag.py took 0.116 seconds
[2023-11-20T15:12:54.036+0500] {processor.py:157} INFO - Started process (PID=9161) to work on /home/den/Projects/venv/lib/python3.10/site-packages/airflow/example_dags/example_nested_branch_dag.py
[2023-11-20T15:12:54.038+0500] {processor.py:829} INFO - Processing file /home/den/Projects/venv/lib/python3.10/site-packages/airflow/example_dags/example_nested_branch_dag.py for tasks to queue
[2023-11-20T15:12:54.040+0500] {logging_mixin.py:154} INFO - [2023-11-20T15:12:54.039+0500] {dagbag.py:536} INFO - Filling up the DagBag from /home/den/Projects/venv/lib/python3.10/site-packages/airflow/example_dags/example_nested_branch_dag.py
[2023-11-20T15:12:54.052+0500] {processor.py:839} INFO - DAG(s) dict_keys(['example_nested_branch_dag']) retrieved from /home/den/Projects/venv/lib/python3.10/site-packages/airflow/example_dags/example_nested_branch_dag.py
[2023-11-20T15:12:54.085+0500] {logging_mixin.py:154} INFO - [2023-11-20T15:12:54.085+0500] {dag.py:2941} INFO - Sync 1 DAGs
[2023-11-20T15:12:54.101+0500] {logging_mixin.py:154} INFO - [2023-11-20T15:12:54.100+0500] {dag.py:3722} INFO - Setting next_dagrun for example_nested_branch_dag to 2023-11-19T00:00:00+00:00, run_after=2023-11-20T00:00:00+00:00
[2023-11-20T15:12:54.141+0500] {processor.py:179} INFO - Processing /home/den/Projects/venv/lib/python3.10/site-packages/airflow/example_dags/example_nested_branch_dag.py took 0.111 seconds
[2023-11-20T15:13:48.927+0500] {processor.py:157} INFO - Started process (PID=9239) to work on /home/den/Projects/venv/lib/python3.10/site-packages/airflow/example_dags/example_nested_branch_dag.py
[2023-11-20T15:13:48.929+0500] {processor.py:829} INFO - Processing file /home/den/Projects/venv/lib/python3.10/site-packages/airflow/example_dags/example_nested_branch_dag.py for tasks to queue
[2023-11-20T15:13:48.930+0500] {logging_mixin.py:154} INFO - [2023-11-20T15:13:48.929+0500] {dagbag.py:536} INFO - Filling up the DagBag from /home/den/Projects/venv/lib/python3.10/site-packages/airflow/example_dags/example_nested_branch_dag.py
[2023-11-20T15:13:48.950+0500] {processor.py:839} INFO - DAG(s) dict_keys(['example_nested_branch_dag']) retrieved from /home/den/Projects/venv/lib/python3.10/site-packages/airflow/example_dags/example_nested_branch_dag.py
[2023-11-20T15:13:48.975+0500] {logging_mixin.py:154} INFO - [2023-11-20T15:13:48.975+0500] {dag.py:2941} INFO - Sync 1 DAGs
[2023-11-20T15:13:49.004+0500] {logging_mixin.py:154} INFO - [2023-11-20T15:13:49.003+0500] {dag.py:3722} INFO - Setting next_dagrun for example_nested_branch_dag to 2023-11-19T00:00:00+00:00, run_after=2023-11-20T00:00:00+00:00
[2023-11-20T15:13:49.034+0500] {processor.py:179} INFO - Processing /home/den/Projects/venv/lib/python3.10/site-packages/airflow/example_dags/example_nested_branch_dag.py took 0.111 seconds
[2023-11-20T15:14:45.131+0500] {processor.py:157} INFO - Started process (PID=9339) to work on /home/den/Projects/venv/lib/python3.10/site-packages/airflow/example_dags/example_nested_branch_dag.py
[2023-11-20T15:14:45.137+0500] {processor.py:829} INFO - Processing file /home/den/Projects/venv/lib/python3.10/site-packages/airflow/example_dags/example_nested_branch_dag.py for tasks to queue
[2023-11-20T15:14:45.138+0500] {logging_mixin.py:154} INFO - [2023-11-20T15:14:45.138+0500] {dagbag.py:536} INFO - Filling up the DagBag from /home/den/Projects/venv/lib/python3.10/site-packages/airflow/example_dags/example_nested_branch_dag.py
[2023-11-20T15:14:45.153+0500] {processor.py:839} INFO - DAG(s) dict_keys(['example_nested_branch_dag']) retrieved from /home/den/Projects/venv/lib/python3.10/site-packages/airflow/example_dags/example_nested_branch_dag.py
[2023-11-20T15:14:45.172+0500] {logging_mixin.py:154} INFO - [2023-11-20T15:14:45.172+0500] {dag.py:2941} INFO - Sync 1 DAGs
[2023-11-20T15:14:45.187+0500] {logging_mixin.py:154} INFO - [2023-11-20T15:14:45.187+0500] {dag.py:3722} INFO - Setting next_dagrun for example_nested_branch_dag to 2023-11-19T00:00:00+00:00, run_after=2023-11-20T00:00:00+00:00
[2023-11-20T15:14:45.231+0500] {processor.py:179} INFO - Processing /home/den/Projects/venv/lib/python3.10/site-packages/airflow/example_dags/example_nested_branch_dag.py took 0.103 seconds
[2023-11-20T15:15:35.787+0500] {processor.py:157} INFO - Started process (PID=9418) to work on /home/den/Projects/venv/lib/python3.10/site-packages/airflow/example_dags/example_nested_branch_dag.py
[2023-11-20T15:15:35.789+0500] {processor.py:829} INFO - Processing file /home/den/Projects/venv/lib/python3.10/site-packages/airflow/example_dags/example_nested_branch_dag.py for tasks to queue
[2023-11-20T15:15:35.789+0500] {logging_mixin.py:154} INFO - [2023-11-20T15:15:35.789+0500] {dagbag.py:536} INFO - Filling up the DagBag from /home/den/Projects/venv/lib/python3.10/site-packages/airflow/example_dags/example_nested_branch_dag.py
[2023-11-20T15:15:35.798+0500] {processor.py:839} INFO - DAG(s) dict_keys(['example_nested_branch_dag']) retrieved from /home/den/Projects/venv/lib/python3.10/site-packages/airflow/example_dags/example_nested_branch_dag.py
[2023-11-20T15:15:35.813+0500] {logging_mixin.py:154} INFO - [2023-11-20T15:15:35.813+0500] {dag.py:2941} INFO - Sync 1 DAGs
[2023-11-20T15:15:35.830+0500] {logging_mixin.py:154} INFO - [2023-11-20T15:15:35.829+0500] {dag.py:3722} INFO - Setting next_dagrun for example_nested_branch_dag to 2023-11-19T00:00:00+00:00, run_after=2023-11-20T00:00:00+00:00
[2023-11-20T15:15:35.847+0500] {processor.py:179} INFO - Processing /home/den/Projects/venv/lib/python3.10/site-packages/airflow/example_dags/example_nested_branch_dag.py took 0.062 seconds
[2023-11-20T15:16:25.536+0500] {processor.py:157} INFO - Started process (PID=9512) to work on /home/den/Projects/venv/lib/python3.10/site-packages/airflow/example_dags/example_nested_branch_dag.py
[2023-11-20T15:16:25.539+0500] {processor.py:829} INFO - Processing file /home/den/Projects/venv/lib/python3.10/site-packages/airflow/example_dags/example_nested_branch_dag.py for tasks to queue
[2023-11-20T15:16:25.540+0500] {logging_mixin.py:154} INFO - [2023-11-20T15:16:25.539+0500] {dagbag.py:536} INFO - Filling up the DagBag from /home/den/Projects/venv/lib/python3.10/site-packages/airflow/example_dags/example_nested_branch_dag.py
[2023-11-20T15:16:25.551+0500] {processor.py:839} INFO - DAG(s) dict_keys(['example_nested_branch_dag']) retrieved from /home/den/Projects/venv/lib/python3.10/site-packages/airflow/example_dags/example_nested_branch_dag.py
[2023-11-20T15:16:25.565+0500] {logging_mixin.py:154} INFO - [2023-11-20T15:16:25.565+0500] {dag.py:2941} INFO - Sync 1 DAGs
[2023-11-20T15:16:25.578+0500] {logging_mixin.py:154} INFO - [2023-11-20T15:16:25.578+0500] {dag.py:3722} INFO - Setting next_dagrun for example_nested_branch_dag to 2023-11-19T00:00:00+00:00, run_after=2023-11-20T00:00:00+00:00
[2023-11-20T15:16:25.605+0500] {processor.py:179} INFO - Processing /home/den/Projects/venv/lib/python3.10/site-packages/airflow/example_dags/example_nested_branch_dag.py took 0.073 seconds
[2023-11-20T15:17:13.531+0500] {processor.py:157} INFO - Started process (PID=9577) to work on /home/den/Projects/venv/lib/python3.10/site-packages/airflow/example_dags/example_nested_branch_dag.py
[2023-11-20T15:17:13.533+0500] {processor.py:829} INFO - Processing file /home/den/Projects/venv/lib/python3.10/site-packages/airflow/example_dags/example_nested_branch_dag.py for tasks to queue
[2023-11-20T15:17:13.533+0500] {logging_mixin.py:154} INFO - [2023-11-20T15:17:13.533+0500] {dagbag.py:536} INFO - Filling up the DagBag from /home/den/Projects/venv/lib/python3.10/site-packages/airflow/example_dags/example_nested_branch_dag.py
[2023-11-20T15:17:13.542+0500] {processor.py:839} INFO - DAG(s) dict_keys(['example_nested_branch_dag']) retrieved from /home/den/Projects/venv/lib/python3.10/site-packages/airflow/example_dags/example_nested_branch_dag.py
[2023-11-20T15:17:13.554+0500] {logging_mixin.py:154} INFO - [2023-11-20T15:17:13.554+0500] {dag.py:2941} INFO - Sync 1 DAGs
[2023-11-20T15:17:13.568+0500] {logging_mixin.py:154} INFO - [2023-11-20T15:17:13.568+0500] {dag.py:3722} INFO - Setting next_dagrun for example_nested_branch_dag to 2023-11-19T00:00:00+00:00, run_after=2023-11-20T00:00:00+00:00
[2023-11-20T15:17:13.589+0500] {processor.py:179} INFO - Processing /home/den/Projects/venv/lib/python3.10/site-packages/airflow/example_dags/example_nested_branch_dag.py took 0.060 seconds
[2023-11-20T15:17:56.937+0500] {processor.py:157} INFO - Started process (PID=9667) to work on /home/den/Projects/venv/lib/python3.10/site-packages/airflow/example_dags/example_nested_branch_dag.py
[2023-11-20T15:17:56.940+0500] {processor.py:829} INFO - Processing file /home/den/Projects/venv/lib/python3.10/site-packages/airflow/example_dags/example_nested_branch_dag.py for tasks to queue
[2023-11-20T15:17:56.941+0500] {logging_mixin.py:154} INFO - [2023-11-20T15:17:56.940+0500] {dagbag.py:536} INFO - Filling up the DagBag from /home/den/Projects/venv/lib/python3.10/site-packages/airflow/example_dags/example_nested_branch_dag.py
[2023-11-20T15:17:56.950+0500] {processor.py:839} INFO - DAG(s) dict_keys(['example_nested_branch_dag']) retrieved from /home/den/Projects/venv/lib/python3.10/site-packages/airflow/example_dags/example_nested_branch_dag.py
[2023-11-20T15:17:56.966+0500] {logging_mixin.py:154} INFO - [2023-11-20T15:17:56.965+0500] {dag.py:2941} INFO - Sync 1 DAGs
[2023-11-20T15:17:56.982+0500] {logging_mixin.py:154} INFO - [2023-11-20T15:17:56.982+0500] {dag.py:3722} INFO - Setting next_dagrun for example_nested_branch_dag to 2023-11-19T00:00:00+00:00, run_after=2023-11-20T00:00:00+00:00
[2023-11-20T15:17:57.000+0500] {processor.py:179} INFO - Processing /home/den/Projects/venv/lib/python3.10/site-packages/airflow/example_dags/example_nested_branch_dag.py took 0.066 seconds
[2023-11-20T15:18:52.466+0500] {processor.py:157} INFO - Started process (PID=9744) to work on /home/den/Projects/venv/lib/python3.10/site-packages/airflow/example_dags/example_nested_branch_dag.py
[2023-11-20T15:18:52.475+0500] {processor.py:829} INFO - Processing file /home/den/Projects/venv/lib/python3.10/site-packages/airflow/example_dags/example_nested_branch_dag.py for tasks to queue
[2023-11-20T15:18:52.476+0500] {logging_mixin.py:154} INFO - [2023-11-20T15:18:52.475+0500] {dagbag.py:536} INFO - Filling up the DagBag from /home/den/Projects/venv/lib/python3.10/site-packages/airflow/example_dags/example_nested_branch_dag.py
[2023-11-20T15:18:52.485+0500] {processor.py:839} INFO - DAG(s) dict_keys(['example_nested_branch_dag']) retrieved from /home/den/Projects/venv/lib/python3.10/site-packages/airflow/example_dags/example_nested_branch_dag.py
[2023-11-20T15:18:52.503+0500] {logging_mixin.py:154} INFO - [2023-11-20T15:18:52.503+0500] {dag.py:2941} INFO - Sync 1 DAGs
[2023-11-20T15:18:52.520+0500] {logging_mixin.py:154} INFO - [2023-11-20T15:18:52.520+0500] {dag.py:3722} INFO - Setting next_dagrun for example_nested_branch_dag to 2023-11-19T00:00:00+00:00, run_after=2023-11-20T00:00:00+00:00
[2023-11-20T15:18:52.537+0500] {processor.py:179} INFO - Processing /home/den/Projects/venv/lib/python3.10/site-packages/airflow/example_dags/example_nested_branch_dag.py took 0.075 seconds
[2023-11-20T15:19:37.396+0500] {processor.py:157} INFO - Started process (PID=9804) to work on /home/den/Projects/venv/lib/python3.10/site-packages/airflow/example_dags/example_nested_branch_dag.py
[2023-11-20T15:19:37.398+0500] {processor.py:829} INFO - Processing file /home/den/Projects/venv/lib/python3.10/site-packages/airflow/example_dags/example_nested_branch_dag.py for tasks to queue
[2023-11-20T15:19:37.398+0500] {logging_mixin.py:154} INFO - [2023-11-20T15:19:37.398+0500] {dagbag.py:536} INFO - Filling up the DagBag from /home/den/Projects/venv/lib/python3.10/site-packages/airflow/example_dags/example_nested_branch_dag.py
[2023-11-20T15:19:37.407+0500] {processor.py:839} INFO - DAG(s) dict_keys(['example_nested_branch_dag']) retrieved from /home/den/Projects/venv/lib/python3.10/site-packages/airflow/example_dags/example_nested_branch_dag.py
[2023-11-20T15:19:37.419+0500] {logging_mixin.py:154} INFO - [2023-11-20T15:19:37.419+0500] {dag.py:2941} INFO - Sync 1 DAGs
[2023-11-20T15:19:37.432+0500] {logging_mixin.py:154} INFO - [2023-11-20T15:19:37.432+0500] {dag.py:3722} INFO - Setting next_dagrun for example_nested_branch_dag to 2023-11-19T00:00:00+00:00, run_after=2023-11-20T00:00:00+00:00
[2023-11-20T15:19:37.460+0500] {processor.py:179} INFO - Processing /home/den/Projects/venv/lib/python3.10/site-packages/airflow/example_dags/example_nested_branch_dag.py took 0.067 seconds
[2023-11-20T15:20:36.153+0500] {processor.py:157} INFO - Started process (PID=9971) to work on /home/den/Projects/venv/lib/python3.10/site-packages/airflow/example_dags/example_nested_branch_dag.py
[2023-11-20T15:20:36.156+0500] {processor.py:829} INFO - Processing file /home/den/Projects/venv/lib/python3.10/site-packages/airflow/example_dags/example_nested_branch_dag.py for tasks to queue
[2023-11-20T15:20:36.157+0500] {logging_mixin.py:154} INFO - [2023-11-20T15:20:36.157+0500] {dagbag.py:536} INFO - Filling up the DagBag from /home/den/Projects/venv/lib/python3.10/site-packages/airflow/example_dags/example_nested_branch_dag.py
[2023-11-20T15:20:36.173+0500] {processor.py:839} INFO - DAG(s) dict_keys(['example_nested_branch_dag']) retrieved from /home/den/Projects/venv/lib/python3.10/site-packages/airflow/example_dags/example_nested_branch_dag.py
[2023-11-20T15:20:36.209+0500] {logging_mixin.py:154} INFO - [2023-11-20T15:20:36.209+0500] {dag.py:2941} INFO - Sync 1 DAGs
[2023-11-20T15:20:36.239+0500] {logging_mixin.py:154} INFO - [2023-11-20T15:20:36.239+0500] {dag.py:3722} INFO - Setting next_dagrun for example_nested_branch_dag to 2023-11-19T00:00:00+00:00, run_after=2023-11-20T00:00:00+00:00
[2023-11-20T15:20:36.272+0500] {processor.py:179} INFO - Processing /home/den/Projects/venv/lib/python3.10/site-packages/airflow/example_dags/example_nested_branch_dag.py took 0.123 seconds
[2023-11-20T15:21:39.010+0500] {processor.py:157} INFO - Started process (PID=10055) to work on /home/den/Projects/venv/lib/python3.10/site-packages/airflow/example_dags/example_nested_branch_dag.py
[2023-11-20T15:21:39.016+0500] {processor.py:829} INFO - Processing file /home/den/Projects/venv/lib/python3.10/site-packages/airflow/example_dags/example_nested_branch_dag.py for tasks to queue
[2023-11-20T15:21:39.018+0500] {logging_mixin.py:154} INFO - [2023-11-20T15:21:39.017+0500] {dagbag.py:536} INFO - Filling up the DagBag from /home/den/Projects/venv/lib/python3.10/site-packages/airflow/example_dags/example_nested_branch_dag.py
[2023-11-20T15:21:39.046+0500] {processor.py:839} INFO - DAG(s) dict_keys(['example_nested_branch_dag']) retrieved from /home/den/Projects/venv/lib/python3.10/site-packages/airflow/example_dags/example_nested_branch_dag.py
[2023-11-20T15:21:39.086+0500] {logging_mixin.py:154} INFO - [2023-11-20T15:21:39.086+0500] {dag.py:2941} INFO - Sync 1 DAGs
[2023-11-20T15:21:39.117+0500] {logging_mixin.py:154} INFO - [2023-11-20T15:21:39.117+0500] {dag.py:3722} INFO - Setting next_dagrun for example_nested_branch_dag to 2023-11-19T00:00:00+00:00, run_after=2023-11-20T00:00:00+00:00
[2023-11-20T15:21:39.150+0500] {processor.py:179} INFO - Processing /home/den/Projects/venv/lib/python3.10/site-packages/airflow/example_dags/example_nested_branch_dag.py took 0.146 seconds
[2023-11-20T15:22:25.185+0500] {processor.py:157} INFO - Started process (PID=10142) to work on /home/den/Projects/venv/lib/python3.10/site-packages/airflow/example_dags/example_nested_branch_dag.py
[2023-11-20T15:22:25.201+0500] {processor.py:829} INFO - Processing file /home/den/Projects/venv/lib/python3.10/site-packages/airflow/example_dags/example_nested_branch_dag.py for tasks to queue
[2023-11-20T15:22:25.203+0500] {logging_mixin.py:154} INFO - [2023-11-20T15:22:25.202+0500] {dagbag.py:536} INFO - Filling up the DagBag from /home/den/Projects/venv/lib/python3.10/site-packages/airflow/example_dags/example_nested_branch_dag.py
[2023-11-20T15:22:25.219+0500] {processor.py:839} INFO - DAG(s) dict_keys(['example_nested_branch_dag']) retrieved from /home/den/Projects/venv/lib/python3.10/site-packages/airflow/example_dags/example_nested_branch_dag.py
[2023-11-20T15:22:25.255+0500] {logging_mixin.py:154} INFO - [2023-11-20T15:22:25.255+0500] {dag.py:2941} INFO - Sync 1 DAGs
[2023-11-20T15:22:25.283+0500] {logging_mixin.py:154} INFO - [2023-11-20T15:22:25.283+0500] {dag.py:3722} INFO - Setting next_dagrun for example_nested_branch_dag to 2023-11-19T00:00:00+00:00, run_after=2023-11-20T00:00:00+00:00
[2023-11-20T15:22:25.348+0500] {processor.py:179} INFO - Processing /home/den/Projects/venv/lib/python3.10/site-packages/airflow/example_dags/example_nested_branch_dag.py took 0.174 seconds
[2023-11-20T15:23:25.892+0500] {processor.py:157} INFO - Started process (PID=10240) to work on /home/den/Projects/venv/lib/python3.10/site-packages/airflow/example_dags/example_nested_branch_dag.py
[2023-11-20T15:23:25.895+0500] {processor.py:829} INFO - Processing file /home/den/Projects/venv/lib/python3.10/site-packages/airflow/example_dags/example_nested_branch_dag.py for tasks to queue
[2023-11-20T15:23:25.896+0500] {logging_mixin.py:154} INFO - [2023-11-20T15:23:25.896+0500] {dagbag.py:536} INFO - Filling up the DagBag from /home/den/Projects/venv/lib/python3.10/site-packages/airflow/example_dags/example_nested_branch_dag.py
[2023-11-20T15:23:25.913+0500] {processor.py:839} INFO - DAG(s) dict_keys(['example_nested_branch_dag']) retrieved from /home/den/Projects/venv/lib/python3.10/site-packages/airflow/example_dags/example_nested_branch_dag.py
[2023-11-20T15:23:25.936+0500] {logging_mixin.py:154} INFO - [2023-11-20T15:23:25.936+0500] {dag.py:2941} INFO - Sync 1 DAGs
[2023-11-20T15:23:25.978+0500] {logging_mixin.py:154} INFO - [2023-11-20T15:23:25.977+0500] {dag.py:3722} INFO - Setting next_dagrun for example_nested_branch_dag to 2023-11-19T00:00:00+00:00, run_after=2023-11-20T00:00:00+00:00
[2023-11-20T15:23:26.021+0500] {processor.py:179} INFO - Processing /home/den/Projects/venv/lib/python3.10/site-packages/airflow/example_dags/example_nested_branch_dag.py took 0.133 seconds
