[2023-11-20T14:40:00.229+0500] {processor.py:157} INFO - Started process (PID=5249) to work on /home/den/Projects/venv/lib/python3.10/site-packages/airflow/example_dags/example_dynamic_task_mapping.py
[2023-11-20T14:40:00.230+0500] {processor.py:829} INFO - Processing file /home/den/Projects/venv/lib/python3.10/site-packages/airflow/example_dags/example_dynamic_task_mapping.py for tasks to queue
[2023-11-20T14:40:00.230+0500] {logging_mixin.py:154} INFO - [2023-11-20T14:40:00.230+0500] {dagbag.py:536} INFO - Filling up the DagBag from /home/den/Projects/venv/lib/python3.10/site-packages/airflow/example_dags/example_dynamic_task_mapping.py
[2023-11-20T14:40:00.237+0500] {processor.py:839} INFO - DAG(s) dict_keys(['example_dynamic_task_mapping']) retrieved from /home/den/Projects/venv/lib/python3.10/site-packages/airflow/example_dags/example_dynamic_task_mapping.py
[2023-11-20T14:40:00.316+0500] {logging_mixin.py:154} INFO - [2023-11-20T14:40:00.315+0500] {manager.py:499} INFO - Created Permission View: %s
[2023-11-20T14:40:00.337+0500] {logging_mixin.py:154} INFO - [2023-11-20T14:40:00.337+0500] {manager.py:499} INFO - Created Permission View: %s
[2023-11-20T14:40:00.347+0500] {logging_mixin.py:154} INFO - [2023-11-20T14:40:00.347+0500] {manager.py:499} INFO - Created Permission View: %s
[2023-11-20T14:40:00.347+0500] {logging_mixin.py:154} INFO - [2023-11-20T14:40:00.347+0500] {dag.py:2941} INFO - Sync 1 DAGs
[2023-11-20T14:40:00.354+0500] {logging_mixin.py:154} INFO - [2023-11-20T14:40:00.353+0500] {dag.py:2963} INFO - Creating ORM DAG for example_dynamic_task_mapping
[2023-11-20T14:40:00.359+0500] {logging_mixin.py:154} INFO - [2023-11-20T14:40:00.359+0500] {dag.py:3722} INFO - Setting next_dagrun for example_dynamic_task_mapping to 2022-03-04T00:00:00+00:00, run_after=2022-03-05T00:00:00+00:00
[2023-11-20T14:40:00.378+0500] {processor.py:179} INFO - Processing /home/den/Projects/venv/lib/python3.10/site-packages/airflow/example_dags/example_dynamic_task_mapping.py took 0.152 seconds
[2023-11-20T14:50:25.531+0500] {processor.py:157} INFO - Started process (PID=6532) to work on /home/den/Projects/venv/lib/python3.10/site-packages/airflow/example_dags/example_dynamic_task_mapping.py
[2023-11-20T14:50:25.536+0500] {processor.py:829} INFO - Processing file /home/den/Projects/venv/lib/python3.10/site-packages/airflow/example_dags/example_dynamic_task_mapping.py for tasks to queue
[2023-11-20T14:50:25.537+0500] {logging_mixin.py:154} INFO - [2023-11-20T14:50:25.536+0500] {dagbag.py:536} INFO - Filling up the DagBag from /home/den/Projects/venv/lib/python3.10/site-packages/airflow/example_dags/example_dynamic_task_mapping.py
[2023-11-20T14:50:25.553+0500] {processor.py:839} INFO - DAG(s) dict_keys(['example_dynamic_task_mapping']) retrieved from /home/den/Projects/venv/lib/python3.10/site-packages/airflow/example_dags/example_dynamic_task_mapping.py
[2023-11-20T14:50:25.592+0500] {logging_mixin.py:154} INFO - [2023-11-20T14:50:25.592+0500] {dag.py:2941} INFO - Sync 1 DAGs
[2023-11-20T14:50:25.614+0500] {logging_mixin.py:154} INFO - [2023-11-20T14:50:25.614+0500] {dag.py:3722} INFO - Setting next_dagrun for example_dynamic_task_mapping to 2022-03-04T00:00:00+00:00, run_after=2022-03-05T00:00:00+00:00
[2023-11-20T14:50:25.642+0500] {processor.py:179} INFO - Processing /home/den/Projects/venv/lib/python3.10/site-packages/airflow/example_dags/example_dynamic_task_mapping.py took 0.113 seconds
[2023-11-20T14:51:23.011+0500] {processor.py:157} INFO - Started process (PID=6610) to work on /home/den/Projects/venv/lib/python3.10/site-packages/airflow/example_dags/example_dynamic_task_mapping.py
[2023-11-20T14:51:23.012+0500] {processor.py:829} INFO - Processing file /home/den/Projects/venv/lib/python3.10/site-packages/airflow/example_dags/example_dynamic_task_mapping.py for tasks to queue
[2023-11-20T14:51:23.012+0500] {logging_mixin.py:154} INFO - [2023-11-20T14:51:23.012+0500] {dagbag.py:536} INFO - Filling up the DagBag from /home/den/Projects/venv/lib/python3.10/site-packages/airflow/example_dags/example_dynamic_task_mapping.py
[2023-11-20T14:51:23.018+0500] {processor.py:839} INFO - DAG(s) dict_keys(['example_dynamic_task_mapping']) retrieved from /home/den/Projects/venv/lib/python3.10/site-packages/airflow/example_dags/example_dynamic_task_mapping.py
[2023-11-20T14:51:23.031+0500] {logging_mixin.py:154} INFO - [2023-11-20T14:51:23.030+0500] {dag.py:2941} INFO - Sync 1 DAGs
[2023-11-20T14:51:23.047+0500] {logging_mixin.py:154} INFO - [2023-11-20T14:51:23.047+0500] {dag.py:3722} INFO - Setting next_dagrun for example_dynamic_task_mapping to 2022-03-04T00:00:00+00:00, run_after=2022-03-05T00:00:00+00:00
[2023-11-20T14:51:23.068+0500] {processor.py:179} INFO - Processing /home/den/Projects/venv/lib/python3.10/site-packages/airflow/example_dags/example_dynamic_task_mapping.py took 0.059 seconds
[2023-11-20T14:52:14.169+0500] {processor.py:157} INFO - Started process (PID=6751) to work on /home/den/Projects/venv/lib/python3.10/site-packages/airflow/example_dags/example_dynamic_task_mapping.py
[2023-11-20T14:52:14.172+0500] {processor.py:829} INFO - Processing file /home/den/Projects/venv/lib/python3.10/site-packages/airflow/example_dags/example_dynamic_task_mapping.py for tasks to queue
[2023-11-20T14:52:14.173+0500] {logging_mixin.py:154} INFO - [2023-11-20T14:52:14.173+0500] {dagbag.py:536} INFO - Filling up the DagBag from /home/den/Projects/venv/lib/python3.10/site-packages/airflow/example_dags/example_dynamic_task_mapping.py
[2023-11-20T14:52:14.189+0500] {processor.py:839} INFO - DAG(s) dict_keys(['example_dynamic_task_mapping']) retrieved from /home/den/Projects/venv/lib/python3.10/site-packages/airflow/example_dags/example_dynamic_task_mapping.py
[2023-11-20T14:52:14.235+0500] {logging_mixin.py:154} INFO - [2023-11-20T14:52:14.235+0500] {dag.py:2941} INFO - Sync 1 DAGs
[2023-11-20T14:52:14.265+0500] {logging_mixin.py:154} INFO - [2023-11-20T14:52:14.265+0500] {dag.py:3722} INFO - Setting next_dagrun for example_dynamic_task_mapping to 2022-03-04T00:00:00+00:00, run_after=2022-03-05T00:00:00+00:00
[2023-11-20T14:52:14.288+0500] {processor.py:179} INFO - Processing /home/den/Projects/venv/lib/python3.10/site-packages/airflow/example_dags/example_dynamic_task_mapping.py took 0.131 seconds
[2023-11-20T14:57:56.607+0500] {processor.py:157} INFO - Started process (PID=7713) to work on /home/den/Projects/venv/lib/python3.10/site-packages/airflow/example_dags/example_dynamic_task_mapping.py
[2023-11-20T14:57:56.608+0500] {processor.py:829} INFO - Processing file /home/den/Projects/venv/lib/python3.10/site-packages/airflow/example_dags/example_dynamic_task_mapping.py for tasks to queue
[2023-11-20T14:57:56.611+0500] {logging_mixin.py:154} INFO - [2023-11-20T14:57:56.611+0500] {dagbag.py:536} INFO - Filling up the DagBag from /home/den/Projects/venv/lib/python3.10/site-packages/airflow/example_dags/example_dynamic_task_mapping.py
[2023-11-20T14:57:56.622+0500] {processor.py:839} INFO - DAG(s) dict_keys(['example_dynamic_task_mapping']) retrieved from /home/den/Projects/venv/lib/python3.10/site-packages/airflow/example_dags/example_dynamic_task_mapping.py
[2023-11-20T14:57:56.650+0500] {logging_mixin.py:154} INFO - [2023-11-20T14:57:56.650+0500] {dag.py:2941} INFO - Sync 1 DAGs
[2023-11-20T14:57:56.679+0500] {logging_mixin.py:154} INFO - [2023-11-20T14:57:56.679+0500] {dag.py:3722} INFO - Setting next_dagrun for example_dynamic_task_mapping to 2022-03-04T00:00:00+00:00, run_after=2022-03-05T00:00:00+00:00
[2023-11-20T14:57:56.706+0500] {processor.py:179} INFO - Processing /home/den/Projects/venv/lib/python3.10/site-packages/airflow/example_dags/example_dynamic_task_mapping.py took 0.102 seconds
[2023-11-20T14:58:46.225+0500] {processor.py:157} INFO - Started process (PID=7797) to work on /home/den/Projects/venv/lib/python3.10/site-packages/airflow/example_dags/example_dynamic_task_mapping.py
[2023-11-20T14:58:46.234+0500] {processor.py:829} INFO - Processing file /home/den/Projects/venv/lib/python3.10/site-packages/airflow/example_dags/example_dynamic_task_mapping.py for tasks to queue
[2023-11-20T14:58:46.235+0500] {logging_mixin.py:154} INFO - [2023-11-20T14:58:46.234+0500] {dagbag.py:536} INFO - Filling up the DagBag from /home/den/Projects/venv/lib/python3.10/site-packages/airflow/example_dags/example_dynamic_task_mapping.py
[2023-11-20T14:58:46.240+0500] {processor.py:839} INFO - DAG(s) dict_keys(['example_dynamic_task_mapping']) retrieved from /home/den/Projects/venv/lib/python3.10/site-packages/airflow/example_dags/example_dynamic_task_mapping.py
[2023-11-20T14:58:46.253+0500] {logging_mixin.py:154} INFO - [2023-11-20T14:58:46.253+0500] {dag.py:2941} INFO - Sync 1 DAGs
[2023-11-20T14:58:46.266+0500] {logging_mixin.py:154} INFO - [2023-11-20T14:58:46.266+0500] {dag.py:3722} INFO - Setting next_dagrun for example_dynamic_task_mapping to 2022-03-04T00:00:00+00:00, run_after=2022-03-05T00:00:00+00:00
[2023-11-20T14:58:46.281+0500] {processor.py:179} INFO - Processing /home/den/Projects/venv/lib/python3.10/site-packages/airflow/example_dags/example_dynamic_task_mapping.py took 0.059 seconds
[2023-11-20T14:59:32.959+0500] {processor.py:157} INFO - Started process (PID=7858) to work on /home/den/Projects/venv/lib/python3.10/site-packages/airflow/example_dags/example_dynamic_task_mapping.py
[2023-11-20T14:59:32.960+0500] {processor.py:829} INFO - Processing file /home/den/Projects/venv/lib/python3.10/site-packages/airflow/example_dags/example_dynamic_task_mapping.py for tasks to queue
[2023-11-20T14:59:32.961+0500] {logging_mixin.py:154} INFO - [2023-11-20T14:59:32.961+0500] {dagbag.py:536} INFO - Filling up the DagBag from /home/den/Projects/venv/lib/python3.10/site-packages/airflow/example_dags/example_dynamic_task_mapping.py
[2023-11-20T14:59:32.970+0500] {processor.py:839} INFO - DAG(s) dict_keys(['example_dynamic_task_mapping']) retrieved from /home/den/Projects/venv/lib/python3.10/site-packages/airflow/example_dags/example_dynamic_task_mapping.py
[2023-11-20T14:59:32.984+0500] {logging_mixin.py:154} INFO - [2023-11-20T14:59:32.984+0500] {dag.py:2941} INFO - Sync 1 DAGs
[2023-11-20T14:59:33.008+0500] {logging_mixin.py:154} INFO - [2023-11-20T14:59:33.008+0500] {dag.py:3722} INFO - Setting next_dagrun for example_dynamic_task_mapping to 2022-03-04T00:00:00+00:00, run_after=2022-03-05T00:00:00+00:00
[2023-11-20T14:59:33.044+0500] {processor.py:179} INFO - Processing /home/den/Projects/venv/lib/python3.10/site-packages/airflow/example_dags/example_dynamic_task_mapping.py took 0.088 seconds
[2023-11-20T15:00:25.606+0500] {processor.py:157} INFO - Started process (PID=7957) to work on /home/den/Projects/venv/lib/python3.10/site-packages/airflow/example_dags/example_dynamic_task_mapping.py
[2023-11-20T15:00:25.608+0500] {processor.py:829} INFO - Processing file /home/den/Projects/venv/lib/python3.10/site-packages/airflow/example_dags/example_dynamic_task_mapping.py for tasks to queue
[2023-11-20T15:00:25.608+0500] {logging_mixin.py:154} INFO - [2023-11-20T15:00:25.608+0500] {dagbag.py:536} INFO - Filling up the DagBag from /home/den/Projects/venv/lib/python3.10/site-packages/airflow/example_dags/example_dynamic_task_mapping.py
[2023-11-20T15:00:25.614+0500] {processor.py:839} INFO - DAG(s) dict_keys(['example_dynamic_task_mapping']) retrieved from /home/den/Projects/venv/lib/python3.10/site-packages/airflow/example_dags/example_dynamic_task_mapping.py
[2023-11-20T15:00:25.625+0500] {logging_mixin.py:154} INFO - [2023-11-20T15:00:25.625+0500] {dag.py:2941} INFO - Sync 1 DAGs
[2023-11-20T15:00:25.637+0500] {logging_mixin.py:154} INFO - [2023-11-20T15:00:25.637+0500] {dag.py:3722} INFO - Setting next_dagrun for example_dynamic_task_mapping to 2022-03-04T00:00:00+00:00, run_after=2022-03-05T00:00:00+00:00
[2023-11-20T15:00:25.661+0500] {processor.py:179} INFO - Processing /home/den/Projects/venv/lib/python3.10/site-packages/airflow/example_dags/example_dynamic_task_mapping.py took 0.057 seconds
[2023-11-20T15:01:17.551+0500] {processor.py:157} INFO - Started process (PID=8033) to work on /home/den/Projects/venv/lib/python3.10/site-packages/airflow/example_dags/example_dynamic_task_mapping.py
[2023-11-20T15:01:17.553+0500] {processor.py:829} INFO - Processing file /home/den/Projects/venv/lib/python3.10/site-packages/airflow/example_dags/example_dynamic_task_mapping.py for tasks to queue
[2023-11-20T15:01:17.554+0500] {logging_mixin.py:154} INFO - [2023-11-20T15:01:17.554+0500] {dagbag.py:536} INFO - Filling up the DagBag from /home/den/Projects/venv/lib/python3.10/site-packages/airflow/example_dags/example_dynamic_task_mapping.py
[2023-11-20T15:01:17.559+0500] {processor.py:839} INFO - DAG(s) dict_keys(['example_dynamic_task_mapping']) retrieved from /home/den/Projects/venv/lib/python3.10/site-packages/airflow/example_dags/example_dynamic_task_mapping.py
[2023-11-20T15:01:17.570+0500] {logging_mixin.py:154} INFO - [2023-11-20T15:01:17.570+0500] {dag.py:2941} INFO - Sync 1 DAGs
[2023-11-20T15:01:17.582+0500] {logging_mixin.py:154} INFO - [2023-11-20T15:01:17.582+0500] {dag.py:3722} INFO - Setting next_dagrun for example_dynamic_task_mapping to 2022-03-04T00:00:00+00:00, run_after=2022-03-05T00:00:00+00:00
[2023-11-20T15:01:17.601+0500] {processor.py:179} INFO - Processing /home/den/Projects/venv/lib/python3.10/site-packages/airflow/example_dags/example_dynamic_task_mapping.py took 0.053 seconds
[2023-11-20T15:02:57.429+0500] {processor.py:157} INFO - Started process (PID=8204) to work on /home/den/Projects/venv/lib/python3.10/site-packages/airflow/example_dags/example_dynamic_task_mapping.py
[2023-11-20T15:02:57.431+0500] {processor.py:829} INFO - Processing file /home/den/Projects/venv/lib/python3.10/site-packages/airflow/example_dags/example_dynamic_task_mapping.py for tasks to queue
[2023-11-20T15:02:57.435+0500] {logging_mixin.py:154} INFO - [2023-11-20T15:02:57.434+0500] {dagbag.py:536} INFO - Filling up the DagBag from /home/den/Projects/venv/lib/python3.10/site-packages/airflow/example_dags/example_dynamic_task_mapping.py
[2023-11-20T15:02:57.442+0500] {processor.py:839} INFO - DAG(s) dict_keys(['example_dynamic_task_mapping']) retrieved from /home/den/Projects/venv/lib/python3.10/site-packages/airflow/example_dags/example_dynamic_task_mapping.py
[2023-11-20T15:02:57.471+0500] {logging_mixin.py:154} INFO - [2023-11-20T15:02:57.471+0500] {dag.py:2941} INFO - Sync 1 DAGs
[2023-11-20T15:02:57.494+0500] {logging_mixin.py:154} INFO - [2023-11-20T15:02:57.494+0500] {dag.py:3722} INFO - Setting next_dagrun for example_dynamic_task_mapping to 2022-03-04T00:00:00+00:00, run_after=2022-03-05T00:00:00+00:00
[2023-11-20T15:02:57.542+0500] {processor.py:179} INFO - Processing /home/den/Projects/venv/lib/python3.10/site-packages/airflow/example_dags/example_dynamic_task_mapping.py took 0.118 seconds
[2023-11-20T15:03:57.237+0500] {processor.py:157} INFO - Started process (PID=8330) to work on /home/den/Projects/venv/lib/python3.10/site-packages/airflow/example_dags/example_dynamic_task_mapping.py
[2023-11-20T15:03:57.239+0500] {processor.py:829} INFO - Processing file /home/den/Projects/venv/lib/python3.10/site-packages/airflow/example_dags/example_dynamic_task_mapping.py for tasks to queue
[2023-11-20T15:03:57.240+0500] {logging_mixin.py:154} INFO - [2023-11-20T15:03:57.240+0500] {dagbag.py:536} INFO - Filling up the DagBag from /home/den/Projects/venv/lib/python3.10/site-packages/airflow/example_dags/example_dynamic_task_mapping.py
[2023-11-20T15:03:57.252+0500] {processor.py:839} INFO - DAG(s) dict_keys(['example_dynamic_task_mapping']) retrieved from /home/den/Projects/venv/lib/python3.10/site-packages/airflow/example_dags/example_dynamic_task_mapping.py
[2023-11-20T15:03:57.275+0500] {logging_mixin.py:154} INFO - [2023-11-20T15:03:57.275+0500] {dag.py:2941} INFO - Sync 1 DAGs
[2023-11-20T15:03:57.291+0500] {logging_mixin.py:154} INFO - [2023-11-20T15:03:57.290+0500] {dag.py:3722} INFO - Setting next_dagrun for example_dynamic_task_mapping to 2022-03-04T00:00:00+00:00, run_after=2022-03-05T00:00:00+00:00
[2023-11-20T15:03:57.327+0500] {processor.py:179} INFO - Processing /home/den/Projects/venv/lib/python3.10/site-packages/airflow/example_dags/example_dynamic_task_mapping.py took 0.094 seconds
[2023-11-20T15:04:53.406+0500] {processor.py:157} INFO - Started process (PID=8403) to work on /home/den/Projects/venv/lib/python3.10/site-packages/airflow/example_dags/example_dynamic_task_mapping.py
[2023-11-20T15:04:53.408+0500] {processor.py:829} INFO - Processing file /home/den/Projects/venv/lib/python3.10/site-packages/airflow/example_dags/example_dynamic_task_mapping.py for tasks to queue
[2023-11-20T15:04:53.409+0500] {logging_mixin.py:154} INFO - [2023-11-20T15:04:53.409+0500] {dagbag.py:536} INFO - Filling up the DagBag from /home/den/Projects/venv/lib/python3.10/site-packages/airflow/example_dags/example_dynamic_task_mapping.py
[2023-11-20T15:04:53.421+0500] {processor.py:839} INFO - DAG(s) dict_keys(['example_dynamic_task_mapping']) retrieved from /home/den/Projects/venv/lib/python3.10/site-packages/airflow/example_dags/example_dynamic_task_mapping.py
[2023-11-20T15:04:53.444+0500] {logging_mixin.py:154} INFO - [2023-11-20T15:04:53.444+0500] {dag.py:2941} INFO - Sync 1 DAGs
[2023-11-20T15:04:53.464+0500] {logging_mixin.py:154} INFO - [2023-11-20T15:04:53.464+0500] {dag.py:3722} INFO - Setting next_dagrun for example_dynamic_task_mapping to 2022-03-04T00:00:00+00:00, run_after=2022-03-05T00:00:00+00:00
[2023-11-20T15:04:53.501+0500] {processor.py:179} INFO - Processing /home/den/Projects/venv/lib/python3.10/site-packages/airflow/example_dags/example_dynamic_task_mapping.py took 0.099 seconds
[2023-11-20T15:05:52.041+0500] {processor.py:157} INFO - Started process (PID=8508) to work on /home/den/Projects/venv/lib/python3.10/site-packages/airflow/example_dags/example_dynamic_task_mapping.py
[2023-11-20T15:05:52.047+0500] {processor.py:829} INFO - Processing file /home/den/Projects/venv/lib/python3.10/site-packages/airflow/example_dags/example_dynamic_task_mapping.py for tasks to queue
[2023-11-20T15:05:52.048+0500] {logging_mixin.py:154} INFO - [2023-11-20T15:05:52.048+0500] {dagbag.py:536} INFO - Filling up the DagBag from /home/den/Projects/venv/lib/python3.10/site-packages/airflow/example_dags/example_dynamic_task_mapping.py
[2023-11-20T15:05:52.068+0500] {processor.py:839} INFO - DAG(s) dict_keys(['example_dynamic_task_mapping']) retrieved from /home/den/Projects/venv/lib/python3.10/site-packages/airflow/example_dags/example_dynamic_task_mapping.py
[2023-11-20T15:05:52.091+0500] {logging_mixin.py:154} INFO - [2023-11-20T15:05:52.090+0500] {dag.py:2941} INFO - Sync 1 DAGs
[2023-11-20T15:05:52.117+0500] {logging_mixin.py:154} INFO - [2023-11-20T15:05:52.117+0500] {dag.py:3722} INFO - Setting next_dagrun for example_dynamic_task_mapping to 2022-03-04T00:00:00+00:00, run_after=2022-03-05T00:00:00+00:00
[2023-11-20T15:05:52.158+0500] {processor.py:179} INFO - Processing /home/den/Projects/venv/lib/python3.10/site-packages/airflow/example_dags/example_dynamic_task_mapping.py took 0.120 seconds
[2023-11-20T15:06:47.513+0500] {processor.py:157} INFO - Started process (PID=8574) to work on /home/den/Projects/venv/lib/python3.10/site-packages/airflow/example_dags/example_dynamic_task_mapping.py
[2023-11-20T15:06:47.514+0500] {processor.py:829} INFO - Processing file /home/den/Projects/venv/lib/python3.10/site-packages/airflow/example_dags/example_dynamic_task_mapping.py for tasks to queue
[2023-11-20T15:06:47.515+0500] {logging_mixin.py:154} INFO - [2023-11-20T15:06:47.515+0500] {dagbag.py:536} INFO - Filling up the DagBag from /home/den/Projects/venv/lib/python3.10/site-packages/airflow/example_dags/example_dynamic_task_mapping.py
[2023-11-20T15:06:47.523+0500] {processor.py:839} INFO - DAG(s) dict_keys(['example_dynamic_task_mapping']) retrieved from /home/den/Projects/venv/lib/python3.10/site-packages/airflow/example_dags/example_dynamic_task_mapping.py
[2023-11-20T15:06:47.555+0500] {logging_mixin.py:154} INFO - [2023-11-20T15:06:47.555+0500] {dag.py:2941} INFO - Sync 1 DAGs
[2023-11-20T15:06:47.583+0500] {logging_mixin.py:154} INFO - [2023-11-20T15:06:47.583+0500] {dag.py:3722} INFO - Setting next_dagrun for example_dynamic_task_mapping to 2022-03-04T00:00:00+00:00, run_after=2022-03-05T00:00:00+00:00
[2023-11-20T15:06:47.635+0500] {processor.py:179} INFO - Processing /home/den/Projects/venv/lib/python3.10/site-packages/airflow/example_dags/example_dynamic_task_mapping.py took 0.131 seconds
[2023-11-20T15:07:53.936+0500] {processor.py:157} INFO - Started process (PID=8707) to work on /home/den/Projects/venv/lib/python3.10/site-packages/airflow/example_dags/example_dynamic_task_mapping.py
[2023-11-20T15:07:53.940+0500] {processor.py:829} INFO - Processing file /home/den/Projects/venv/lib/python3.10/site-packages/airflow/example_dags/example_dynamic_task_mapping.py for tasks to queue
[2023-11-20T15:07:53.941+0500] {logging_mixin.py:154} INFO - [2023-11-20T15:07:53.940+0500] {dagbag.py:536} INFO - Filling up the DagBag from /home/den/Projects/venv/lib/python3.10/site-packages/airflow/example_dags/example_dynamic_task_mapping.py
[2023-11-20T15:07:53.952+0500] {processor.py:839} INFO - DAG(s) dict_keys(['example_dynamic_task_mapping']) retrieved from /home/den/Projects/venv/lib/python3.10/site-packages/airflow/example_dags/example_dynamic_task_mapping.py
[2023-11-20T15:07:53.974+0500] {logging_mixin.py:154} INFO - [2023-11-20T15:07:53.974+0500] {dag.py:2941} INFO - Sync 1 DAGs
[2023-11-20T15:07:54.002+0500] {logging_mixin.py:154} INFO - [2023-11-20T15:07:54.002+0500] {dag.py:3722} INFO - Setting next_dagrun for example_dynamic_task_mapping to 2022-03-04T00:00:00+00:00, run_after=2022-03-05T00:00:00+00:00
[2023-11-20T15:07:54.034+0500] {processor.py:179} INFO - Processing /home/den/Projects/venv/lib/python3.10/site-packages/airflow/example_dags/example_dynamic_task_mapping.py took 0.105 seconds
[2023-11-20T15:09:00.557+0500] {processor.py:157} INFO - Started process (PID=8800) to work on /home/den/Projects/venv/lib/python3.10/site-packages/airflow/example_dags/example_dynamic_task_mapping.py
[2023-11-20T15:09:00.560+0500] {processor.py:829} INFO - Processing file /home/den/Projects/venv/lib/python3.10/site-packages/airflow/example_dags/example_dynamic_task_mapping.py for tasks to queue
[2023-11-20T15:09:00.561+0500] {logging_mixin.py:154} INFO - [2023-11-20T15:09:00.560+0500] {dagbag.py:536} INFO - Filling up the DagBag from /home/den/Projects/venv/lib/python3.10/site-packages/airflow/example_dags/example_dynamic_task_mapping.py
[2023-11-20T15:09:00.583+0500] {processor.py:839} INFO - DAG(s) dict_keys(['example_dynamic_task_mapping']) retrieved from /home/den/Projects/venv/lib/python3.10/site-packages/airflow/example_dags/example_dynamic_task_mapping.py
[2023-11-20T15:09:00.601+0500] {logging_mixin.py:154} INFO - [2023-11-20T15:09:00.601+0500] {dag.py:2941} INFO - Sync 1 DAGs
[2023-11-20T15:09:00.634+0500] {logging_mixin.py:154} INFO - [2023-11-20T15:09:00.634+0500] {dag.py:3722} INFO - Setting next_dagrun for example_dynamic_task_mapping to 2022-03-04T00:00:00+00:00, run_after=2022-03-05T00:00:00+00:00
[2023-11-20T15:09:00.669+0500] {processor.py:179} INFO - Processing /home/den/Projects/venv/lib/python3.10/site-packages/airflow/example_dags/example_dynamic_task_mapping.py took 0.116 seconds
[2023-11-20T15:10:00.497+0500] {processor.py:157} INFO - Started process (PID=8904) to work on /home/den/Projects/venv/lib/python3.10/site-packages/airflow/example_dags/example_dynamic_task_mapping.py
[2023-11-20T15:10:00.503+0500] {processor.py:829} INFO - Processing file /home/den/Projects/venv/lib/python3.10/site-packages/airflow/example_dags/example_dynamic_task_mapping.py for tasks to queue
[2023-11-20T15:10:00.510+0500] {logging_mixin.py:154} INFO - [2023-11-20T15:10:00.507+0500] {dagbag.py:536} INFO - Filling up the DagBag from /home/den/Projects/venv/lib/python3.10/site-packages/airflow/example_dags/example_dynamic_task_mapping.py
[2023-11-20T15:10:00.520+0500] {processor.py:839} INFO - DAG(s) dict_keys(['example_dynamic_task_mapping']) retrieved from /home/den/Projects/venv/lib/python3.10/site-packages/airflow/example_dags/example_dynamic_task_mapping.py
[2023-11-20T15:10:00.540+0500] {logging_mixin.py:154} INFO - [2023-11-20T15:10:00.540+0500] {dag.py:2941} INFO - Sync 1 DAGs
[2023-11-20T15:10:00.560+0500] {logging_mixin.py:154} INFO - [2023-11-20T15:10:00.559+0500] {dag.py:3722} INFO - Setting next_dagrun for example_dynamic_task_mapping to 2022-03-04T00:00:00+00:00, run_after=2022-03-05T00:00:00+00:00
[2023-11-20T15:10:00.588+0500] {processor.py:179} INFO - Processing /home/den/Projects/venv/lib/python3.10/site-packages/airflow/example_dags/example_dynamic_task_mapping.py took 0.097 seconds
[2023-11-20T15:10:59.361+0500] {processor.py:157} INFO - Started process (PID=8981) to work on /home/den/Projects/venv/lib/python3.10/site-packages/airflow/example_dags/example_dynamic_task_mapping.py
[2023-11-20T15:10:59.365+0500] {processor.py:829} INFO - Processing file /home/den/Projects/venv/lib/python3.10/site-packages/airflow/example_dags/example_dynamic_task_mapping.py for tasks to queue
[2023-11-20T15:10:59.366+0500] {logging_mixin.py:154} INFO - [2023-11-20T15:10:59.365+0500] {dagbag.py:536} INFO - Filling up the DagBag from /home/den/Projects/venv/lib/python3.10/site-packages/airflow/example_dags/example_dynamic_task_mapping.py
[2023-11-20T15:10:59.374+0500] {processor.py:839} INFO - DAG(s) dict_keys(['example_dynamic_task_mapping']) retrieved from /home/den/Projects/venv/lib/python3.10/site-packages/airflow/example_dags/example_dynamic_task_mapping.py
[2023-11-20T15:10:59.392+0500] {logging_mixin.py:154} INFO - [2023-11-20T15:10:59.392+0500] {dag.py:2941} INFO - Sync 1 DAGs
[2023-11-20T15:10:59.421+0500] {logging_mixin.py:154} INFO - [2023-11-20T15:10:59.420+0500] {dag.py:3722} INFO - Setting next_dagrun for example_dynamic_task_mapping to 2022-03-04T00:00:00+00:00, run_after=2022-03-05T00:00:00+00:00
[2023-11-20T15:10:59.457+0500] {processor.py:179} INFO - Processing /home/den/Projects/venv/lib/python3.10/site-packages/airflow/example_dags/example_dynamic_task_mapping.py took 0.100 seconds
[2023-11-20T15:11:47.858+0500] {processor.py:157} INFO - Started process (PID=9041) to work on /home/den/Projects/venv/lib/python3.10/site-packages/airflow/example_dags/example_dynamic_task_mapping.py
[2023-11-20T15:11:47.860+0500] {processor.py:829} INFO - Processing file /home/den/Projects/venv/lib/python3.10/site-packages/airflow/example_dags/example_dynamic_task_mapping.py for tasks to queue
[2023-11-20T15:11:47.862+0500] {logging_mixin.py:154} INFO - [2023-11-20T15:11:47.861+0500] {dagbag.py:536} INFO - Filling up the DagBag from /home/den/Projects/venv/lib/python3.10/site-packages/airflow/example_dags/example_dynamic_task_mapping.py
[2023-11-20T15:11:47.871+0500] {processor.py:839} INFO - DAG(s) dict_keys(['example_dynamic_task_mapping']) retrieved from /home/den/Projects/venv/lib/python3.10/site-packages/airflow/example_dags/example_dynamic_task_mapping.py
[2023-11-20T15:11:47.892+0500] {logging_mixin.py:154} INFO - [2023-11-20T15:11:47.892+0500] {dag.py:2941} INFO - Sync 1 DAGs
[2023-11-20T15:11:47.920+0500] {logging_mixin.py:154} INFO - [2023-11-20T15:11:47.920+0500] {dag.py:3722} INFO - Setting next_dagrun for example_dynamic_task_mapping to 2022-03-04T00:00:00+00:00, run_after=2022-03-05T00:00:00+00:00
[2023-11-20T15:11:47.954+0500] {processor.py:179} INFO - Processing /home/den/Projects/venv/lib/python3.10/site-packages/airflow/example_dags/example_dynamic_task_mapping.py took 0.100 seconds
[2023-11-20T15:12:43.064+0500] {processor.py:157} INFO - Started process (PID=9142) to work on /home/den/Projects/venv/lib/python3.10/site-packages/airflow/example_dags/example_dynamic_task_mapping.py
[2023-11-20T15:12:43.066+0500] {processor.py:829} INFO - Processing file /home/den/Projects/venv/lib/python3.10/site-packages/airflow/example_dags/example_dynamic_task_mapping.py for tasks to queue
[2023-11-20T15:12:43.067+0500] {logging_mixin.py:154} INFO - [2023-11-20T15:12:43.067+0500] {dagbag.py:536} INFO - Filling up the DagBag from /home/den/Projects/venv/lib/python3.10/site-packages/airflow/example_dags/example_dynamic_task_mapping.py
[2023-11-20T15:12:43.075+0500] {processor.py:839} INFO - DAG(s) dict_keys(['example_dynamic_task_mapping']) retrieved from /home/den/Projects/venv/lib/python3.10/site-packages/airflow/example_dags/example_dynamic_task_mapping.py
[2023-11-20T15:12:43.098+0500] {logging_mixin.py:154} INFO - [2023-11-20T15:12:43.098+0500] {dag.py:2941} INFO - Sync 1 DAGs
[2023-11-20T15:12:43.127+0500] {logging_mixin.py:154} INFO - [2023-11-20T15:12:43.126+0500] {dag.py:3722} INFO - Setting next_dagrun for example_dynamic_task_mapping to 2022-03-04T00:00:00+00:00, run_after=2022-03-05T00:00:00+00:00
[2023-11-20T15:12:43.163+0500] {processor.py:179} INFO - Processing /home/den/Projects/venv/lib/python3.10/site-packages/airflow/example_dags/example_dynamic_task_mapping.py took 0.105 seconds
[2023-11-20T15:13:35.924+0500] {processor.py:157} INFO - Started process (PID=9221) to work on /home/den/Projects/venv/lib/python3.10/site-packages/airflow/example_dags/example_dynamic_task_mapping.py
[2023-11-20T15:13:35.927+0500] {processor.py:829} INFO - Processing file /home/den/Projects/venv/lib/python3.10/site-packages/airflow/example_dags/example_dynamic_task_mapping.py for tasks to queue
[2023-11-20T15:13:35.929+0500] {logging_mixin.py:154} INFO - [2023-11-20T15:13:35.928+0500] {dagbag.py:536} INFO - Filling up the DagBag from /home/den/Projects/venv/lib/python3.10/site-packages/airflow/example_dags/example_dynamic_task_mapping.py
[2023-11-20T15:13:35.943+0500] {processor.py:839} INFO - DAG(s) dict_keys(['example_dynamic_task_mapping']) retrieved from /home/den/Projects/venv/lib/python3.10/site-packages/airflow/example_dags/example_dynamic_task_mapping.py
[2023-11-20T15:13:35.963+0500] {logging_mixin.py:154} INFO - [2023-11-20T15:13:35.963+0500] {dag.py:2941} INFO - Sync 1 DAGs
[2023-11-20T15:13:35.991+0500] {logging_mixin.py:154} INFO - [2023-11-20T15:13:35.991+0500] {dag.py:3722} INFO - Setting next_dagrun for example_dynamic_task_mapping to 2022-03-04T00:00:00+00:00, run_after=2022-03-05T00:00:00+00:00
[2023-11-20T15:13:36.023+0500] {processor.py:179} INFO - Processing /home/den/Projects/venv/lib/python3.10/site-packages/airflow/example_dags/example_dynamic_task_mapping.py took 0.116 seconds
[2023-11-20T15:14:33.427+0500] {processor.py:157} INFO - Started process (PID=9327) to work on /home/den/Projects/venv/lib/python3.10/site-packages/airflow/example_dags/example_dynamic_task_mapping.py
[2023-11-20T15:14:33.433+0500] {processor.py:829} INFO - Processing file /home/den/Projects/venv/lib/python3.10/site-packages/airflow/example_dags/example_dynamic_task_mapping.py for tasks to queue
[2023-11-20T15:14:33.434+0500] {logging_mixin.py:154} INFO - [2023-11-20T15:14:33.434+0500] {dagbag.py:536} INFO - Filling up the DagBag from /home/den/Projects/venv/lib/python3.10/site-packages/airflow/example_dags/example_dynamic_task_mapping.py
[2023-11-20T15:14:33.444+0500] {processor.py:839} INFO - DAG(s) dict_keys(['example_dynamic_task_mapping']) retrieved from /home/den/Projects/venv/lib/python3.10/site-packages/airflow/example_dags/example_dynamic_task_mapping.py
[2023-11-20T15:14:33.462+0500] {logging_mixin.py:154} INFO - [2023-11-20T15:14:33.462+0500] {dag.py:2941} INFO - Sync 1 DAGs
[2023-11-20T15:14:33.476+0500] {logging_mixin.py:154} INFO - [2023-11-20T15:14:33.476+0500] {dag.py:3722} INFO - Setting next_dagrun for example_dynamic_task_mapping to 2022-03-04T00:00:00+00:00, run_after=2022-03-05T00:00:00+00:00
[2023-11-20T15:14:33.518+0500] {processor.py:179} INFO - Processing /home/den/Projects/venv/lib/python3.10/site-packages/airflow/example_dags/example_dynamic_task_mapping.py took 0.095 seconds
[2023-11-20T15:15:26.321+0500] {processor.py:157} INFO - Started process (PID=9406) to work on /home/den/Projects/venv/lib/python3.10/site-packages/airflow/example_dags/example_dynamic_task_mapping.py
[2023-11-20T15:15:26.323+0500] {processor.py:829} INFO - Processing file /home/den/Projects/venv/lib/python3.10/site-packages/airflow/example_dags/example_dynamic_task_mapping.py for tasks to queue
[2023-11-20T15:15:26.324+0500] {logging_mixin.py:154} INFO - [2023-11-20T15:15:26.324+0500] {dagbag.py:536} INFO - Filling up the DagBag from /home/den/Projects/venv/lib/python3.10/site-packages/airflow/example_dags/example_dynamic_task_mapping.py
[2023-11-20T15:15:26.333+0500] {processor.py:839} INFO - DAG(s) dict_keys(['example_dynamic_task_mapping']) retrieved from /home/den/Projects/venv/lib/python3.10/site-packages/airflow/example_dags/example_dynamic_task_mapping.py
[2023-11-20T15:15:26.345+0500] {logging_mixin.py:154} INFO - [2023-11-20T15:15:26.345+0500] {dag.py:2941} INFO - Sync 1 DAGs
[2023-11-20T15:15:26.360+0500] {logging_mixin.py:154} INFO - [2023-11-20T15:15:26.360+0500] {dag.py:3722} INFO - Setting next_dagrun for example_dynamic_task_mapping to 2022-03-04T00:00:00+00:00, run_after=2022-03-05T00:00:00+00:00
[2023-11-20T15:15:26.384+0500] {processor.py:179} INFO - Processing /home/den/Projects/venv/lib/python3.10/site-packages/airflow/example_dags/example_dynamic_task_mapping.py took 0.067 seconds
[2023-11-20T15:16:16.364+0500] {processor.py:157} INFO - Started process (PID=9493) to work on /home/den/Projects/venv/lib/python3.10/site-packages/airflow/example_dags/example_dynamic_task_mapping.py
[2023-11-20T15:16:16.366+0500] {processor.py:829} INFO - Processing file /home/den/Projects/venv/lib/python3.10/site-packages/airflow/example_dags/example_dynamic_task_mapping.py for tasks to queue
[2023-11-20T15:16:16.366+0500] {logging_mixin.py:154} INFO - [2023-11-20T15:16:16.366+0500] {dagbag.py:536} INFO - Filling up the DagBag from /home/den/Projects/venv/lib/python3.10/site-packages/airflow/example_dags/example_dynamic_task_mapping.py
[2023-11-20T15:16:16.374+0500] {processor.py:839} INFO - DAG(s) dict_keys(['example_dynamic_task_mapping']) retrieved from /home/den/Projects/venv/lib/python3.10/site-packages/airflow/example_dags/example_dynamic_task_mapping.py
[2023-11-20T15:16:16.386+0500] {logging_mixin.py:154} INFO - [2023-11-20T15:16:16.386+0500] {dag.py:2941} INFO - Sync 1 DAGs
[2023-11-20T15:16:16.399+0500] {logging_mixin.py:154} INFO - [2023-11-20T15:16:16.398+0500] {dag.py:3722} INFO - Setting next_dagrun for example_dynamic_task_mapping to 2022-03-04T00:00:00+00:00, run_after=2022-03-05T00:00:00+00:00
[2023-11-20T15:16:16.433+0500] {processor.py:179} INFO - Processing /home/den/Projects/venv/lib/python3.10/site-packages/airflow/example_dags/example_dynamic_task_mapping.py took 0.072 seconds
[2023-11-20T15:17:03.234+0500] {processor.py:157} INFO - Started process (PID=9565) to work on /home/den/Projects/venv/lib/python3.10/site-packages/airflow/example_dags/example_dynamic_task_mapping.py
[2023-11-20T15:17:03.236+0500] {processor.py:829} INFO - Processing file /home/den/Projects/venv/lib/python3.10/site-packages/airflow/example_dags/example_dynamic_task_mapping.py for tasks to queue
[2023-11-20T15:17:03.237+0500] {logging_mixin.py:154} INFO - [2023-11-20T15:17:03.237+0500] {dagbag.py:536} INFO - Filling up the DagBag from /home/den/Projects/venv/lib/python3.10/site-packages/airflow/example_dags/example_dynamic_task_mapping.py
[2023-11-20T15:17:03.245+0500] {processor.py:839} INFO - DAG(s) dict_keys(['example_dynamic_task_mapping']) retrieved from /home/den/Projects/venv/lib/python3.10/site-packages/airflow/example_dags/example_dynamic_task_mapping.py
[2023-11-20T15:17:03.258+0500] {logging_mixin.py:154} INFO - [2023-11-20T15:17:03.258+0500] {dag.py:2941} INFO - Sync 1 DAGs
[2023-11-20T15:17:03.271+0500] {logging_mixin.py:154} INFO - [2023-11-20T15:17:03.271+0500] {dag.py:3722} INFO - Setting next_dagrun for example_dynamic_task_mapping to 2022-03-04T00:00:00+00:00, run_after=2022-03-05T00:00:00+00:00
[2023-11-20T15:17:03.296+0500] {processor.py:179} INFO - Processing /home/den/Projects/venv/lib/python3.10/site-packages/airflow/example_dags/example_dynamic_task_mapping.py took 0.065 seconds
[2023-11-20T15:17:47.773+0500] {processor.py:157} INFO - Started process (PID=9623) to work on /home/den/Projects/venv/lib/python3.10/site-packages/airflow/example_dags/example_dynamic_task_mapping.py
[2023-11-20T15:17:47.774+0500] {processor.py:829} INFO - Processing file /home/den/Projects/venv/lib/python3.10/site-packages/airflow/example_dags/example_dynamic_task_mapping.py for tasks to queue
[2023-11-20T15:17:47.775+0500] {logging_mixin.py:154} INFO - [2023-11-20T15:17:47.775+0500] {dagbag.py:536} INFO - Filling up the DagBag from /home/den/Projects/venv/lib/python3.10/site-packages/airflow/example_dags/example_dynamic_task_mapping.py
[2023-11-20T15:17:47.782+0500] {processor.py:839} INFO - DAG(s) dict_keys(['example_dynamic_task_mapping']) retrieved from /home/den/Projects/venv/lib/python3.10/site-packages/airflow/example_dags/example_dynamic_task_mapping.py
[2023-11-20T15:17:47.792+0500] {logging_mixin.py:154} INFO - [2023-11-20T15:17:47.792+0500] {dag.py:2941} INFO - Sync 1 DAGs
[2023-11-20T15:17:47.805+0500] {logging_mixin.py:154} INFO - [2023-11-20T15:17:47.805+0500] {dag.py:3722} INFO - Setting next_dagrun for example_dynamic_task_mapping to 2022-03-04T00:00:00+00:00, run_after=2022-03-05T00:00:00+00:00
[2023-11-20T15:17:47.823+0500] {processor.py:179} INFO - Processing /home/den/Projects/venv/lib/python3.10/site-packages/airflow/example_dags/example_dynamic_task_mapping.py took 0.053 seconds
[2023-11-20T15:18:40.758+0500] {processor.py:157} INFO - Started process (PID=9721) to work on /home/den/Projects/venv/lib/python3.10/site-packages/airflow/example_dags/example_dynamic_task_mapping.py
[2023-11-20T15:18:40.760+0500] {processor.py:829} INFO - Processing file /home/den/Projects/venv/lib/python3.10/site-packages/airflow/example_dags/example_dynamic_task_mapping.py for tasks to queue
[2023-11-20T15:18:40.760+0500] {logging_mixin.py:154} INFO - [2023-11-20T15:18:40.760+0500] {dagbag.py:536} INFO - Filling up the DagBag from /home/den/Projects/venv/lib/python3.10/site-packages/airflow/example_dags/example_dynamic_task_mapping.py
[2023-11-20T15:18:40.769+0500] {processor.py:839} INFO - DAG(s) dict_keys(['example_dynamic_task_mapping']) retrieved from /home/den/Projects/venv/lib/python3.10/site-packages/airflow/example_dags/example_dynamic_task_mapping.py
[2023-11-20T15:18:40.781+0500] {logging_mixin.py:154} INFO - [2023-11-20T15:18:40.781+0500] {dag.py:2941} INFO - Sync 1 DAGs
[2023-11-20T15:18:40.793+0500] {logging_mixin.py:154} INFO - [2023-11-20T15:18:40.793+0500] {dag.py:3722} INFO - Setting next_dagrun for example_dynamic_task_mapping to 2022-03-04T00:00:00+00:00, run_after=2022-03-05T00:00:00+00:00
[2023-11-20T15:18:40.813+0500] {processor.py:179} INFO - Processing /home/den/Projects/venv/lib/python3.10/site-packages/airflow/example_dags/example_dynamic_task_mapping.py took 0.059 seconds
[2023-11-20T15:19:27.097+0500] {processor.py:157} INFO - Started process (PID=9793) to work on /home/den/Projects/venv/lib/python3.10/site-packages/airflow/example_dags/example_dynamic_task_mapping.py
[2023-11-20T15:19:27.098+0500] {processor.py:829} INFO - Processing file /home/den/Projects/venv/lib/python3.10/site-packages/airflow/example_dags/example_dynamic_task_mapping.py for tasks to queue
[2023-11-20T15:19:27.099+0500] {logging_mixin.py:154} INFO - [2023-11-20T15:19:27.098+0500] {dagbag.py:536} INFO - Filling up the DagBag from /home/den/Projects/venv/lib/python3.10/site-packages/airflow/example_dags/example_dynamic_task_mapping.py
[2023-11-20T15:19:27.105+0500] {processor.py:839} INFO - DAG(s) dict_keys(['example_dynamic_task_mapping']) retrieved from /home/den/Projects/venv/lib/python3.10/site-packages/airflow/example_dags/example_dynamic_task_mapping.py
[2023-11-20T15:19:27.116+0500] {logging_mixin.py:154} INFO - [2023-11-20T15:19:27.116+0500] {dag.py:2941} INFO - Sync 1 DAGs
[2023-11-20T15:19:27.129+0500] {logging_mixin.py:154} INFO - [2023-11-20T15:19:27.129+0500] {dag.py:3722} INFO - Setting next_dagrun for example_dynamic_task_mapping to 2022-03-04T00:00:00+00:00, run_after=2022-03-05T00:00:00+00:00
[2023-11-20T15:19:27.146+0500] {processor.py:179} INFO - Processing /home/den/Projects/venv/lib/python3.10/site-packages/airflow/example_dags/example_dynamic_task_mapping.py took 0.053 seconds
[2023-11-20T15:20:19.861+0500] {processor.py:157} INFO - Started process (PID=9948) to work on /home/den/Projects/venv/lib/python3.10/site-packages/airflow/example_dags/example_dynamic_task_mapping.py
[2023-11-20T15:20:19.871+0500] {processor.py:829} INFO - Processing file /home/den/Projects/venv/lib/python3.10/site-packages/airflow/example_dags/example_dynamic_task_mapping.py for tasks to queue
[2023-11-20T15:20:19.874+0500] {logging_mixin.py:154} INFO - [2023-11-20T15:20:19.873+0500] {dagbag.py:536} INFO - Filling up the DagBag from /home/den/Projects/venv/lib/python3.10/site-packages/airflow/example_dags/example_dynamic_task_mapping.py
[2023-11-20T15:20:19.885+0500] {processor.py:839} INFO - DAG(s) dict_keys(['example_dynamic_task_mapping']) retrieved from /home/den/Projects/venv/lib/python3.10/site-packages/airflow/example_dags/example_dynamic_task_mapping.py
[2023-11-20T15:20:19.914+0500] {logging_mixin.py:154} INFO - [2023-11-20T15:20:19.913+0500] {dag.py:2941} INFO - Sync 1 DAGs
[2023-11-20T15:20:19.938+0500] {logging_mixin.py:154} INFO - [2023-11-20T15:20:19.938+0500] {dag.py:3722} INFO - Setting next_dagrun for example_dynamic_task_mapping to 2022-03-04T00:00:00+00:00, run_after=2022-03-05T00:00:00+00:00
[2023-11-20T15:20:19.980+0500] {processor.py:179} INFO - Processing /home/den/Projects/venv/lib/python3.10/site-packages/airflow/example_dags/example_dynamic_task_mapping.py took 0.129 seconds
[2023-11-20T15:21:25.691+0500] {processor.py:157} INFO - Started process (PID=10041) to work on /home/den/Projects/venv/lib/python3.10/site-packages/airflow/example_dags/example_dynamic_task_mapping.py
[2023-11-20T15:21:25.701+0500] {processor.py:829} INFO - Processing file /home/den/Projects/venv/lib/python3.10/site-packages/airflow/example_dags/example_dynamic_task_mapping.py for tasks to queue
[2023-11-20T15:21:25.701+0500] {logging_mixin.py:154} INFO - [2023-11-20T15:21:25.701+0500] {dagbag.py:536} INFO - Filling up the DagBag from /home/den/Projects/venv/lib/python3.10/site-packages/airflow/example_dags/example_dynamic_task_mapping.py
[2023-11-20T15:21:25.717+0500] {processor.py:839} INFO - DAG(s) dict_keys(['example_dynamic_task_mapping']) retrieved from /home/den/Projects/venv/lib/python3.10/site-packages/airflow/example_dags/example_dynamic_task_mapping.py
[2023-11-20T15:21:25.738+0500] {logging_mixin.py:154} INFO - [2023-11-20T15:21:25.737+0500] {dag.py:2941} INFO - Sync 1 DAGs
[2023-11-20T15:21:25.762+0500] {logging_mixin.py:154} INFO - [2023-11-20T15:21:25.762+0500] {dag.py:3722} INFO - Setting next_dagrun for example_dynamic_task_mapping to 2022-03-04T00:00:00+00:00, run_after=2022-03-05T00:00:00+00:00
[2023-11-20T15:21:25.788+0500] {processor.py:179} INFO - Processing /home/den/Projects/venv/lib/python3.10/site-packages/airflow/example_dags/example_dynamic_task_mapping.py took 0.102 seconds
[2023-11-20T15:22:30.951+0500] {processor.py:157} INFO - Started process (PID=10149) to work on /home/den/Projects/venv/lib/python3.10/site-packages/airflow/example_dags/example_dynamic_task_mapping.py
[2023-11-20T15:22:30.952+0500] {processor.py:829} INFO - Processing file /home/den/Projects/venv/lib/python3.10/site-packages/airflow/example_dags/example_dynamic_task_mapping.py for tasks to queue
[2023-11-20T15:22:30.953+0500] {logging_mixin.py:154} INFO - [2023-11-20T15:22:30.953+0500] {dagbag.py:536} INFO - Filling up the DagBag from /home/den/Projects/venv/lib/python3.10/site-packages/airflow/example_dags/example_dynamic_task_mapping.py
[2023-11-20T15:22:30.964+0500] {processor.py:839} INFO - DAG(s) dict_keys(['example_dynamic_task_mapping']) retrieved from /home/den/Projects/venv/lib/python3.10/site-packages/airflow/example_dags/example_dynamic_task_mapping.py
[2023-11-20T15:22:30.980+0500] {logging_mixin.py:154} INFO - [2023-11-20T15:22:30.980+0500] {dag.py:2941} INFO - Sync 1 DAGs
[2023-11-20T15:22:31.005+0500] {logging_mixin.py:154} INFO - [2023-11-20T15:22:31.004+0500] {dag.py:3722} INFO - Setting next_dagrun for example_dynamic_task_mapping to 2022-03-04T00:00:00+00:00, run_after=2022-03-05T00:00:00+00:00
[2023-11-20T15:22:31.052+0500] {processor.py:179} INFO - Processing /home/den/Projects/venv/lib/python3.10/site-packages/airflow/example_dags/example_dynamic_task_mapping.py took 0.120 seconds
[2023-11-20T15:23:31.073+0500] {processor.py:157} INFO - Started process (PID=10247) to work on /home/den/Projects/venv/lib/python3.10/site-packages/airflow/example_dags/example_dynamic_task_mapping.py
[2023-11-20T15:23:31.076+0500] {processor.py:829} INFO - Processing file /home/den/Projects/venv/lib/python3.10/site-packages/airflow/example_dags/example_dynamic_task_mapping.py for tasks to queue
[2023-11-20T15:23:31.078+0500] {logging_mixin.py:154} INFO - [2023-11-20T15:23:31.077+0500] {dagbag.py:536} INFO - Filling up the DagBag from /home/den/Projects/venv/lib/python3.10/site-packages/airflow/example_dags/example_dynamic_task_mapping.py
[2023-11-20T15:23:31.087+0500] {processor.py:839} INFO - DAG(s) dict_keys(['example_dynamic_task_mapping']) retrieved from /home/den/Projects/venv/lib/python3.10/site-packages/airflow/example_dags/example_dynamic_task_mapping.py
[2023-11-20T15:23:31.112+0500] {logging_mixin.py:154} INFO - [2023-11-20T15:23:31.112+0500] {dag.py:2941} INFO - Sync 1 DAGs
[2023-11-20T15:23:31.128+0500] {logging_mixin.py:154} INFO - [2023-11-20T15:23:31.128+0500] {dag.py:3722} INFO - Setting next_dagrun for example_dynamic_task_mapping to 2022-03-04T00:00:00+00:00, run_after=2022-03-05T00:00:00+00:00
[2023-11-20T15:23:31.164+0500] {processor.py:179} INFO - Processing /home/den/Projects/venv/lib/python3.10/site-packages/airflow/example_dags/example_dynamic_task_mapping.py took 0.095 seconds
