[2023-11-20T14:39:18.624+0500] {processor.py:157} INFO - Started process (PID=4736) to work on /home/den/Projects/venv/lib/python3.10/site-packages/airflow/example_dags/example_sensors.py
[2023-11-20T14:39:18.625+0500] {processor.py:829} INFO - Processing file /home/den/Projects/venv/lib/python3.10/site-packages/airflow/example_dags/example_sensors.py for tasks to queue
[2023-11-20T14:39:18.625+0500] {logging_mixin.py:154} INFO - [2023-11-20T14:39:18.625+0500] {dagbag.py:536} INFO - Filling up the DagBag from /home/den/Projects/venv/lib/python3.10/site-packages/airflow/example_dags/example_sensors.py
[2023-11-20T14:39:18.637+0500] {processor.py:839} INFO - DAG(s) dict_keys(['example_sensors']) retrieved from /home/den/Projects/venv/lib/python3.10/site-packages/airflow/example_dags/example_sensors.py
[2023-11-20T14:39:18.760+0500] {logging_mixin.py:154} INFO - [2023-11-20T14:39:18.759+0500] {manager.py:499} INFO - Created Permission View: %s
[2023-11-20T14:39:18.770+0500] {logging_mixin.py:154} INFO - [2023-11-20T14:39:18.770+0500] {manager.py:499} INFO - Created Permission View: %s
[2023-11-20T14:39:18.779+0500] {logging_mixin.py:154} INFO - [2023-11-20T14:39:18.779+0500] {manager.py:499} INFO - Created Permission View: %s
[2023-11-20T14:39:18.779+0500] {logging_mixin.py:154} INFO - [2023-11-20T14:39:18.779+0500] {dag.py:2941} INFO - Sync 1 DAGs
[2023-11-20T14:39:18.788+0500] {logging_mixin.py:154} INFO - [2023-11-20T14:39:18.788+0500] {dag.py:2963} INFO - Creating ORM DAG for example_sensors
[2023-11-20T14:39:18.788+0500] {logging_mixin.py:154} INFO - [2023-11-20T14:39:18.788+0500] {dag.py:3722} INFO - Setting next_dagrun for example_sensors to None, run_after=None
[2023-11-20T14:39:18.819+0500] {processor.py:179} INFO - Processing /home/den/Projects/venv/lib/python3.10/site-packages/airflow/example_dags/example_sensors.py took 0.198 seconds
[2023-11-20T14:40:13.162+0500] {processor.py:157} INFO - Started process (PID=5271) to work on /home/den/Projects/venv/lib/python3.10/site-packages/airflow/example_dags/example_sensors.py
[2023-11-20T14:40:13.164+0500] {processor.py:829} INFO - Processing file /home/den/Projects/venv/lib/python3.10/site-packages/airflow/example_dags/example_sensors.py for tasks to queue
[2023-11-20T14:40:13.165+0500] {logging_mixin.py:154} INFO - [2023-11-20T14:40:13.164+0500] {dagbag.py:536} INFO - Filling up the DagBag from /home/den/Projects/venv/lib/python3.10/site-packages/airflow/example_dags/example_sensors.py
[2023-11-20T14:40:13.172+0500] {processor.py:839} INFO - DAG(s) dict_keys(['example_sensors']) retrieved from /home/den/Projects/venv/lib/python3.10/site-packages/airflow/example_dags/example_sensors.py
[2023-11-20T14:40:13.187+0500] {logging_mixin.py:154} INFO - [2023-11-20T14:40:13.187+0500] {dag.py:2941} INFO - Sync 1 DAGs
[2023-11-20T14:40:13.195+0500] {logging_mixin.py:154} INFO - [2023-11-20T14:40:13.194+0500] {dag.py:3722} INFO - Setting next_dagrun for example_sensors to None, run_after=None
[2023-11-20T14:40:13.210+0500] {processor.py:179} INFO - Processing /home/den/Projects/venv/lib/python3.10/site-packages/airflow/example_dags/example_sensors.py took 0.050 seconds
[2023-11-20T14:49:46.971+0500] {processor.py:157} INFO - Started process (PID=6364) to work on /home/den/Projects/venv/lib/python3.10/site-packages/airflow/example_dags/example_sensors.py
[2023-11-20T14:49:46.973+0500] {processor.py:829} INFO - Processing file /home/den/Projects/venv/lib/python3.10/site-packages/airflow/example_dags/example_sensors.py for tasks to queue
[2023-11-20T14:49:46.974+0500] {logging_mixin.py:154} INFO - [2023-11-20T14:49:46.973+0500] {dagbag.py:536} INFO - Filling up the DagBag from /home/den/Projects/venv/lib/python3.10/site-packages/airflow/example_dags/example_sensors.py
[2023-11-20T14:49:46.982+0500] {processor.py:839} INFO - DAG(s) dict_keys(['example_sensors']) retrieved from /home/den/Projects/venv/lib/python3.10/site-packages/airflow/example_dags/example_sensors.py
[2023-11-20T14:49:46.999+0500] {logging_mixin.py:154} INFO - [2023-11-20T14:49:46.999+0500] {dag.py:2941} INFO - Sync 1 DAGs
[2023-11-20T14:49:47.006+0500] {logging_mixin.py:154} INFO - [2023-11-20T14:49:47.006+0500] {dag.py:3722} INFO - Setting next_dagrun for example_sensors to None, run_after=None
[2023-11-20T14:49:47.023+0500] {processor.py:179} INFO - Processing /home/den/Projects/venv/lib/python3.10/site-packages/airflow/example_dags/example_sensors.py took 0.055 seconds
[2023-11-20T14:50:37.597+0500] {processor.py:157} INFO - Started process (PID=6546) to work on /home/den/Projects/venv/lib/python3.10/site-packages/airflow/example_dags/example_sensors.py
[2023-11-20T14:50:37.599+0500] {processor.py:829} INFO - Processing file /home/den/Projects/venv/lib/python3.10/site-packages/airflow/example_dags/example_sensors.py for tasks to queue
[2023-11-20T14:50:37.600+0500] {logging_mixin.py:154} INFO - [2023-11-20T14:50:37.600+0500] {dagbag.py:536} INFO - Filling up the DagBag from /home/den/Projects/venv/lib/python3.10/site-packages/airflow/example_dags/example_sensors.py
[2023-11-20T14:50:37.610+0500] {processor.py:839} INFO - DAG(s) dict_keys(['example_sensors']) retrieved from /home/den/Projects/venv/lib/python3.10/site-packages/airflow/example_dags/example_sensors.py
[2023-11-20T14:50:37.630+0500] {logging_mixin.py:154} INFO - [2023-11-20T14:50:37.630+0500] {dag.py:2941} INFO - Sync 1 DAGs
[2023-11-20T14:50:37.641+0500] {logging_mixin.py:154} INFO - [2023-11-20T14:50:37.641+0500] {dag.py:3722} INFO - Setting next_dagrun for example_sensors to None, run_after=None
[2023-11-20T14:50:37.673+0500] {processor.py:179} INFO - Processing /home/den/Projects/venv/lib/python3.10/site-packages/airflow/example_dags/example_sensors.py took 0.081 seconds
[2023-11-20T14:51:16.120+0500] {processor.py:157} INFO - Started process (PID=6603) to work on /home/den/Projects/venv/lib/python3.10/site-packages/airflow/example_dags/example_sensors.py
[2023-11-20T14:51:16.121+0500] {processor.py:829} INFO - Processing file /home/den/Projects/venv/lib/python3.10/site-packages/airflow/example_dags/example_sensors.py for tasks to queue
[2023-11-20T14:51:16.122+0500] {logging_mixin.py:154} INFO - [2023-11-20T14:51:16.121+0500] {dagbag.py:536} INFO - Filling up the DagBag from /home/den/Projects/venv/lib/python3.10/site-packages/airflow/example_dags/example_sensors.py
[2023-11-20T14:51:16.136+0500] {processor.py:839} INFO - DAG(s) dict_keys(['example_sensors']) retrieved from /home/den/Projects/venv/lib/python3.10/site-packages/airflow/example_dags/example_sensors.py
[2023-11-20T14:51:16.155+0500] {logging_mixin.py:154} INFO - [2023-11-20T14:51:16.154+0500] {dag.py:2941} INFO - Sync 1 DAGs
[2023-11-20T14:51:16.172+0500] {logging_mixin.py:154} INFO - [2023-11-20T14:51:16.172+0500] {dag.py:3722} INFO - Setting next_dagrun for example_sensors to None, run_after=None
[2023-11-20T14:51:16.208+0500] {processor.py:179} INFO - Processing /home/den/Projects/venv/lib/python3.10/site-packages/airflow/example_dags/example_sensors.py took 0.091 seconds
[2023-11-20T14:52:03.738+0500] {processor.py:157} INFO - Started process (PID=6728) to work on /home/den/Projects/venv/lib/python3.10/site-packages/airflow/example_dags/example_sensors.py
[2023-11-20T14:52:03.741+0500] {processor.py:829} INFO - Processing file /home/den/Projects/venv/lib/python3.10/site-packages/airflow/example_dags/example_sensors.py for tasks to queue
[2023-11-20T14:52:03.742+0500] {logging_mixin.py:154} INFO - [2023-11-20T14:52:03.741+0500] {dagbag.py:536} INFO - Filling up the DagBag from /home/den/Projects/venv/lib/python3.10/site-packages/airflow/example_dags/example_sensors.py
[2023-11-20T14:52:03.764+0500] {processor.py:839} INFO - DAG(s) dict_keys(['example_sensors']) retrieved from /home/den/Projects/venv/lib/python3.10/site-packages/airflow/example_dags/example_sensors.py
[2023-11-20T14:52:03.826+0500] {logging_mixin.py:154} INFO - [2023-11-20T14:52:03.826+0500] {dag.py:2941} INFO - Sync 1 DAGs
[2023-11-20T14:52:03.855+0500] {logging_mixin.py:154} INFO - [2023-11-20T14:52:03.855+0500] {dag.py:3722} INFO - Setting next_dagrun for example_sensors to None, run_after=None
[2023-11-20T14:52:03.915+0500] {processor.py:179} INFO - Processing /home/den/Projects/venv/lib/python3.10/site-packages/airflow/example_dags/example_sensors.py took 0.198 seconds
[2023-11-20T14:53:02.802+0500] {processor.py:157} INFO - Started process (PID=6946) to work on /home/den/Projects/venv/lib/python3.10/site-packages/airflow/example_dags/example_sensors.py
[2023-11-20T14:53:02.806+0500] {processor.py:829} INFO - Processing file /home/den/Projects/venv/lib/python3.10/site-packages/airflow/example_dags/example_sensors.py for tasks to queue
[2023-11-20T14:53:02.807+0500] {logging_mixin.py:154} INFO - [2023-11-20T14:53:02.806+0500] {dagbag.py:536} INFO - Filling up the DagBag from /home/den/Projects/venv/lib/python3.10/site-packages/airflow/example_dags/example_sensors.py
[2023-11-20T14:53:02.821+0500] {processor.py:839} INFO - DAG(s) dict_keys(['example_sensors']) retrieved from /home/den/Projects/venv/lib/python3.10/site-packages/airflow/example_dags/example_sensors.py
[2023-11-20T14:53:02.849+0500] {logging_mixin.py:154} INFO - [2023-11-20T14:53:02.849+0500] {dag.py:2941} INFO - Sync 1 DAGs
[2023-11-20T14:53:02.864+0500] {logging_mixin.py:154} INFO - [2023-11-20T14:53:02.864+0500] {dag.py:3722} INFO - Setting next_dagrun for example_sensors to None, run_after=None
[2023-11-20T14:53:02.913+0500] {processor.py:179} INFO - Processing /home/den/Projects/venv/lib/python3.10/site-packages/airflow/example_dags/example_sensors.py took 0.117 seconds
[2023-11-20T14:54:39.861+0500] {processor.py:157} INFO - Started process (PID=7478) to work on /home/den/Projects/venv/lib/python3.10/site-packages/airflow/example_dags/example_sensors.py
[2023-11-20T14:54:39.863+0500] {processor.py:829} INFO - Processing file /home/den/Projects/venv/lib/python3.10/site-packages/airflow/example_dags/example_sensors.py for tasks to queue
[2023-11-20T14:54:39.864+0500] {logging_mixin.py:154} INFO - [2023-11-20T14:54:39.864+0500] {dagbag.py:536} INFO - Filling up the DagBag from /home/den/Projects/venv/lib/python3.10/site-packages/airflow/example_dags/example_sensors.py
[2023-11-20T14:54:39.874+0500] {processor.py:839} INFO - DAG(s) dict_keys(['example_sensors']) retrieved from /home/den/Projects/venv/lib/python3.10/site-packages/airflow/example_dags/example_sensors.py
[2023-11-20T14:54:39.903+0500] {logging_mixin.py:154} INFO - [2023-11-20T14:54:39.902+0500] {dag.py:2941} INFO - Sync 1 DAGs
[2023-11-20T14:54:39.911+0500] {logging_mixin.py:154} INFO - [2023-11-20T14:54:39.911+0500] {dag.py:3722} INFO - Setting next_dagrun for example_sensors to None, run_after=None
[2023-11-20T14:54:39.930+0500] {processor.py:179} INFO - Processing /home/den/Projects/venv/lib/python3.10/site-packages/airflow/example_dags/example_sensors.py took 0.072 seconds
[2023-11-20T14:57:22.566+0500] {processor.py:157} INFO - Started process (PID=7642) to work on /home/den/Projects/venv/lib/python3.10/site-packages/airflow/example_dags/example_sensors.py
[2023-11-20T14:57:22.569+0500] {processor.py:829} INFO - Processing file /home/den/Projects/venv/lib/python3.10/site-packages/airflow/example_dags/example_sensors.py for tasks to queue
[2023-11-20T14:57:22.570+0500] {logging_mixin.py:154} INFO - [2023-11-20T14:57:22.569+0500] {dagbag.py:536} INFO - Filling up the DagBag from /home/den/Projects/venv/lib/python3.10/site-packages/airflow/example_dags/example_sensors.py
[2023-11-20T14:57:22.579+0500] {processor.py:839} INFO - DAG(s) dict_keys(['example_sensors']) retrieved from /home/den/Projects/venv/lib/python3.10/site-packages/airflow/example_dags/example_sensors.py
[2023-11-20T14:57:22.600+0500] {logging_mixin.py:154} INFO - [2023-11-20T14:57:22.600+0500] {dag.py:2941} INFO - Sync 1 DAGs
[2023-11-20T14:57:22.607+0500] {logging_mixin.py:154} INFO - [2023-11-20T14:57:22.607+0500] {dag.py:3722} INFO - Setting next_dagrun for example_sensors to None, run_after=None
[2023-11-20T14:57:22.624+0500] {processor.py:179} INFO - Processing /home/den/Projects/venv/lib/python3.10/site-packages/airflow/example_dags/example_sensors.py took 0.061 seconds
[2023-11-20T14:58:07.819+0500] {processor.py:157} INFO - Started process (PID=7729) to work on /home/den/Projects/venv/lib/python3.10/site-packages/airflow/example_dags/example_sensors.py
[2023-11-20T14:58:07.824+0500] {processor.py:829} INFO - Processing file /home/den/Projects/venv/lib/python3.10/site-packages/airflow/example_dags/example_sensors.py for tasks to queue
[2023-11-20T14:58:07.825+0500] {logging_mixin.py:154} INFO - [2023-11-20T14:58:07.824+0500] {dagbag.py:536} INFO - Filling up the DagBag from /home/den/Projects/venv/lib/python3.10/site-packages/airflow/example_dags/example_sensors.py
[2023-11-20T14:58:07.835+0500] {processor.py:839} INFO - DAG(s) dict_keys(['example_sensors']) retrieved from /home/den/Projects/venv/lib/python3.10/site-packages/airflow/example_dags/example_sensors.py
[2023-11-20T14:58:07.861+0500] {logging_mixin.py:154} INFO - [2023-11-20T14:58:07.861+0500] {dag.py:2941} INFO - Sync 1 DAGs
[2023-11-20T14:58:07.871+0500] {logging_mixin.py:154} INFO - [2023-11-20T14:58:07.871+0500] {dag.py:3722} INFO - Setting next_dagrun for example_sensors to None, run_after=None
[2023-11-20T14:58:07.909+0500] {processor.py:179} INFO - Processing /home/den/Projects/venv/lib/python3.10/site-packages/airflow/example_dags/example_sensors.py took 0.093 seconds
[2023-11-20T14:58:54.212+0500] {processor.py:157} INFO - Started process (PID=7807) to work on /home/den/Projects/venv/lib/python3.10/site-packages/airflow/example_dags/example_sensors.py
[2023-11-20T14:58:54.221+0500] {processor.py:829} INFO - Processing file /home/den/Projects/venv/lib/python3.10/site-packages/airflow/example_dags/example_sensors.py for tasks to queue
[2023-11-20T14:58:54.222+0500] {logging_mixin.py:154} INFO - [2023-11-20T14:58:54.221+0500] {dagbag.py:536} INFO - Filling up the DagBag from /home/den/Projects/venv/lib/python3.10/site-packages/airflow/example_dags/example_sensors.py
[2023-11-20T14:58:54.229+0500] {processor.py:839} INFO - DAG(s) dict_keys(['example_sensors']) retrieved from /home/den/Projects/venv/lib/python3.10/site-packages/airflow/example_dags/example_sensors.py
[2023-11-20T14:58:54.244+0500] {logging_mixin.py:154} INFO - [2023-11-20T14:58:54.243+0500] {dag.py:2941} INFO - Sync 1 DAGs
[2023-11-20T14:58:54.252+0500] {logging_mixin.py:154} INFO - [2023-11-20T14:58:54.251+0500] {dag.py:3722} INFO - Setting next_dagrun for example_sensors to None, run_after=None
[2023-11-20T14:58:54.267+0500] {processor.py:179} INFO - Processing /home/den/Projects/venv/lib/python3.10/site-packages/airflow/example_dags/example_sensors.py took 0.058 seconds
[2023-11-20T14:59:40.360+0500] {processor.py:157} INFO - Started process (PID=7866) to work on /home/den/Projects/venv/lib/python3.10/site-packages/airflow/example_dags/example_sensors.py
[2023-11-20T14:59:40.361+0500] {processor.py:829} INFO - Processing file /home/den/Projects/venv/lib/python3.10/site-packages/airflow/example_dags/example_sensors.py for tasks to queue
[2023-11-20T14:59:40.361+0500] {logging_mixin.py:154} INFO - [2023-11-20T14:59:40.361+0500] {dagbag.py:536} INFO - Filling up the DagBag from /home/den/Projects/venv/lib/python3.10/site-packages/airflow/example_dags/example_sensors.py
[2023-11-20T14:59:40.369+0500] {processor.py:839} INFO - DAG(s) dict_keys(['example_sensors']) retrieved from /home/den/Projects/venv/lib/python3.10/site-packages/airflow/example_dags/example_sensors.py
[2023-11-20T14:59:40.384+0500] {logging_mixin.py:154} INFO - [2023-11-20T14:59:40.384+0500] {dag.py:2941} INFO - Sync 1 DAGs
[2023-11-20T14:59:40.392+0500] {logging_mixin.py:154} INFO - [2023-11-20T14:59:40.392+0500] {dag.py:3722} INFO - Setting next_dagrun for example_sensors to None, run_after=None
[2023-11-20T14:59:40.416+0500] {processor.py:179} INFO - Processing /home/den/Projects/venv/lib/python3.10/site-packages/airflow/example_dags/example_sensors.py took 0.059 seconds
[2023-11-20T15:00:31.942+0500] {processor.py:157} INFO - Started process (PID=7965) to work on /home/den/Projects/venv/lib/python3.10/site-packages/airflow/example_dags/example_sensors.py
[2023-11-20T15:00:31.945+0500] {processor.py:829} INFO - Processing file /home/den/Projects/venv/lib/python3.10/site-packages/airflow/example_dags/example_sensors.py for tasks to queue
[2023-11-20T15:00:31.946+0500] {logging_mixin.py:154} INFO - [2023-11-20T15:00:31.946+0500] {dagbag.py:536} INFO - Filling up the DagBag from /home/den/Projects/venv/lib/python3.10/site-packages/airflow/example_dags/example_sensors.py
[2023-11-20T15:00:31.957+0500] {processor.py:839} INFO - DAG(s) dict_keys(['example_sensors']) retrieved from /home/den/Projects/venv/lib/python3.10/site-packages/airflow/example_dags/example_sensors.py
[2023-11-20T15:00:31.983+0500] {logging_mixin.py:154} INFO - [2023-11-20T15:00:31.982+0500] {dag.py:2941} INFO - Sync 1 DAGs
[2023-11-20T15:00:31.994+0500] {logging_mixin.py:154} INFO - [2023-11-20T15:00:31.994+0500] {dag.py:3722} INFO - Setting next_dagrun for example_sensors to None, run_after=None
[2023-11-20T15:00:32.014+0500] {processor.py:179} INFO - Processing /home/den/Projects/venv/lib/python3.10/site-packages/airflow/example_dags/example_sensors.py took 0.075 seconds
[2023-11-20T15:01:07.334+0500] {processor.py:157} INFO - Started process (PID=8013) to work on /home/den/Projects/venv/lib/python3.10/site-packages/airflow/example_dags/example_sensors.py
[2023-11-20T15:01:07.336+0500] {processor.py:829} INFO - Processing file /home/den/Projects/venv/lib/python3.10/site-packages/airflow/example_dags/example_sensors.py for tasks to queue
[2023-11-20T15:01:07.337+0500] {logging_mixin.py:154} INFO - [2023-11-20T15:01:07.336+0500] {dagbag.py:536} INFO - Filling up the DagBag from /home/den/Projects/venv/lib/python3.10/site-packages/airflow/example_dags/example_sensors.py
[2023-11-20T15:01:07.344+0500] {processor.py:839} INFO - DAG(s) dict_keys(['example_sensors']) retrieved from /home/den/Projects/venv/lib/python3.10/site-packages/airflow/example_dags/example_sensors.py
[2023-11-20T15:01:07.358+0500] {logging_mixin.py:154} INFO - [2023-11-20T15:01:07.358+0500] {dag.py:2941} INFO - Sync 1 DAGs
[2023-11-20T15:01:07.365+0500] {logging_mixin.py:154} INFO - [2023-11-20T15:01:07.365+0500] {dag.py:3722} INFO - Setting next_dagrun for example_sensors to None, run_after=None
[2023-11-20T15:01:07.381+0500] {processor.py:179} INFO - Processing /home/den/Projects/venv/lib/python3.10/site-packages/airflow/example_dags/example_sensors.py took 0.049 seconds
[2023-11-20T15:02:10.231+0500] {processor.py:157} INFO - Started process (PID=8128) to work on /home/den/Projects/venv/lib/python3.10/site-packages/airflow/example_dags/example_sensors.py
[2023-11-20T15:02:10.235+0500] {processor.py:829} INFO - Processing file /home/den/Projects/venv/lib/python3.10/site-packages/airflow/example_dags/example_sensors.py for tasks to queue
[2023-11-20T15:02:10.245+0500] {logging_mixin.py:154} INFO - [2023-11-20T15:02:10.237+0500] {dagbag.py:536} INFO - Filling up the DagBag from /home/den/Projects/venv/lib/python3.10/site-packages/airflow/example_dags/example_sensors.py
[2023-11-20T15:02:10.357+0500] {processor.py:839} INFO - DAG(s) dict_keys(['example_sensors']) retrieved from /home/den/Projects/venv/lib/python3.10/site-packages/airflow/example_dags/example_sensors.py
[2023-11-20T15:02:10.446+0500] {logging_mixin.py:154} INFO - [2023-11-20T15:02:10.445+0500] {dag.py:2941} INFO - Sync 1 DAGs
[2023-11-20T15:02:10.540+0500] {logging_mixin.py:154} INFO - [2023-11-20T15:02:10.539+0500] {dag.py:3722} INFO - Setting next_dagrun for example_sensors to None, run_after=None
[2023-11-20T15:02:10.617+0500] {processor.py:179} INFO - Processing /home/den/Projects/venv/lib/python3.10/site-packages/airflow/example_dags/example_sensors.py took 0.424 seconds
[2023-11-20T15:03:10.439+0500] {processor.py:157} INFO - Started process (PID=8216) to work on /home/den/Projects/venv/lib/python3.10/site-packages/airflow/example_dags/example_sensors.py
[2023-11-20T15:03:10.441+0500] {processor.py:829} INFO - Processing file /home/den/Projects/venv/lib/python3.10/site-packages/airflow/example_dags/example_sensors.py for tasks to queue
[2023-11-20T15:03:10.442+0500] {logging_mixin.py:154} INFO - [2023-11-20T15:03:10.442+0500] {dagbag.py:536} INFO - Filling up the DagBag from /home/den/Projects/venv/lib/python3.10/site-packages/airflow/example_dags/example_sensors.py
[2023-11-20T15:03:10.456+0500] {processor.py:839} INFO - DAG(s) dict_keys(['example_sensors']) retrieved from /home/den/Projects/venv/lib/python3.10/site-packages/airflow/example_dags/example_sensors.py
[2023-11-20T15:03:10.487+0500] {logging_mixin.py:154} INFO - [2023-11-20T15:03:10.487+0500] {dag.py:2941} INFO - Sync 1 DAGs
[2023-11-20T15:03:10.504+0500] {logging_mixin.py:154} INFO - [2023-11-20T15:03:10.504+0500] {dag.py:3722} INFO - Setting next_dagrun for example_sensors to None, run_after=None
[2023-11-20T15:03:10.539+0500] {processor.py:179} INFO - Processing /home/den/Projects/venv/lib/python3.10/site-packages/airflow/example_dags/example_sensors.py took 0.110 seconds
[2023-11-20T15:03:59.571+0500] {processor.py:157} INFO - Started process (PID=8333) to work on /home/den/Projects/venv/lib/python3.10/site-packages/airflow/example_dags/example_sensors.py
[2023-11-20T15:03:59.581+0500] {processor.py:829} INFO - Processing file /home/den/Projects/venv/lib/python3.10/site-packages/airflow/example_dags/example_sensors.py for tasks to queue
[2023-11-20T15:03:59.582+0500] {logging_mixin.py:154} INFO - [2023-11-20T15:03:59.582+0500] {dagbag.py:536} INFO - Filling up the DagBag from /home/den/Projects/venv/lib/python3.10/site-packages/airflow/example_dags/example_sensors.py
[2023-11-20T15:03:59.598+0500] {processor.py:839} INFO - DAG(s) dict_keys(['example_sensors']) retrieved from /home/den/Projects/venv/lib/python3.10/site-packages/airflow/example_dags/example_sensors.py
[2023-11-20T15:03:59.623+0500] {logging_mixin.py:154} INFO - [2023-11-20T15:03:59.623+0500] {dag.py:2941} INFO - Sync 1 DAGs
[2023-11-20T15:03:59.636+0500] {logging_mixin.py:154} INFO - [2023-11-20T15:03:59.636+0500] {dag.py:3722} INFO - Setting next_dagrun for example_sensors to None, run_after=None
[2023-11-20T15:03:59.660+0500] {processor.py:179} INFO - Processing /home/den/Projects/venv/lib/python3.10/site-packages/airflow/example_dags/example_sensors.py took 0.099 seconds
[2023-11-20T15:04:37.631+0500] {processor.py:157} INFO - Started process (PID=8380) to work on /home/den/Projects/venv/lib/python3.10/site-packages/airflow/example_dags/example_sensors.py
[2023-11-20T15:04:37.634+0500] {processor.py:829} INFO - Processing file /home/den/Projects/venv/lib/python3.10/site-packages/airflow/example_dags/example_sensors.py for tasks to queue
[2023-11-20T15:04:37.635+0500] {logging_mixin.py:154} INFO - [2023-11-20T15:04:37.634+0500] {dagbag.py:536} INFO - Filling up the DagBag from /home/den/Projects/venv/lib/python3.10/site-packages/airflow/example_dags/example_sensors.py
[2023-11-20T15:04:37.651+0500] {processor.py:839} INFO - DAG(s) dict_keys(['example_sensors']) retrieved from /home/den/Projects/venv/lib/python3.10/site-packages/airflow/example_dags/example_sensors.py
[2023-11-20T15:04:37.684+0500] {logging_mixin.py:154} INFO - [2023-11-20T15:04:37.684+0500] {dag.py:2941} INFO - Sync 1 DAGs
[2023-11-20T15:04:37.705+0500] {logging_mixin.py:154} INFO - [2023-11-20T15:04:37.705+0500] {dag.py:3722} INFO - Setting next_dagrun for example_sensors to None, run_after=None
[2023-11-20T15:04:37.746+0500] {processor.py:179} INFO - Processing /home/den/Projects/venv/lib/python3.10/site-packages/airflow/example_dags/example_sensors.py took 0.118 seconds
[2023-11-20T15:05:17.119+0500] {processor.py:157} INFO - Started process (PID=8431) to work on /home/den/Projects/venv/lib/python3.10/site-packages/airflow/example_dags/example_sensors.py
[2023-11-20T15:05:17.120+0500] {processor.py:829} INFO - Processing file /home/den/Projects/venv/lib/python3.10/site-packages/airflow/example_dags/example_sensors.py for tasks to queue
[2023-11-20T15:05:17.121+0500] {logging_mixin.py:154} INFO - [2023-11-20T15:05:17.121+0500] {dagbag.py:536} INFO - Filling up the DagBag from /home/den/Projects/venv/lib/python3.10/site-packages/airflow/example_dags/example_sensors.py
[2023-11-20T15:05:17.133+0500] {processor.py:839} INFO - DAG(s) dict_keys(['example_sensors']) retrieved from /home/den/Projects/venv/lib/python3.10/site-packages/airflow/example_dags/example_sensors.py
[2023-11-20T15:05:17.150+0500] {logging_mixin.py:154} INFO - [2023-11-20T15:05:17.150+0500] {dag.py:2941} INFO - Sync 1 DAGs
[2023-11-20T15:05:17.159+0500] {logging_mixin.py:154} INFO - [2023-11-20T15:05:17.159+0500] {dag.py:3722} INFO - Setting next_dagrun for example_sensors to None, run_after=None
[2023-11-20T15:05:17.195+0500] {processor.py:179} INFO - Processing /home/den/Projects/venv/lib/python3.10/site-packages/airflow/example_dags/example_sensors.py took 0.079 seconds
[2023-11-20T15:05:56.046+0500] {processor.py:157} INFO - Started process (PID=8512) to work on /home/den/Projects/venv/lib/python3.10/site-packages/airflow/example_dags/example_sensors.py
[2023-11-20T15:05:56.048+0500] {processor.py:829} INFO - Processing file /home/den/Projects/venv/lib/python3.10/site-packages/airflow/example_dags/example_sensors.py for tasks to queue
[2023-11-20T15:05:56.048+0500] {logging_mixin.py:154} INFO - [2023-11-20T15:05:56.048+0500] {dagbag.py:536} INFO - Filling up the DagBag from /home/den/Projects/venv/lib/python3.10/site-packages/airflow/example_dags/example_sensors.py
[2023-11-20T15:05:56.058+0500] {processor.py:839} INFO - DAG(s) dict_keys(['example_sensors']) retrieved from /home/den/Projects/venv/lib/python3.10/site-packages/airflow/example_dags/example_sensors.py
[2023-11-20T15:05:56.088+0500] {logging_mixin.py:154} INFO - [2023-11-20T15:05:56.088+0500] {dag.py:2941} INFO - Sync 1 DAGs
[2023-11-20T15:05:56.101+0500] {logging_mixin.py:154} INFO - [2023-11-20T15:05:56.101+0500] {dag.py:3722} INFO - Setting next_dagrun for example_sensors to None, run_after=None
[2023-11-20T15:05:56.132+0500] {processor.py:179} INFO - Processing /home/den/Projects/venv/lib/python3.10/site-packages/airflow/example_dags/example_sensors.py took 0.093 seconds
[2023-11-20T15:06:32.275+0500] {processor.py:157} INFO - Started process (PID=8560) to work on /home/den/Projects/venv/lib/python3.10/site-packages/airflow/example_dags/example_sensors.py
[2023-11-20T15:06:32.277+0500] {processor.py:829} INFO - Processing file /home/den/Projects/venv/lib/python3.10/site-packages/airflow/example_dags/example_sensors.py for tasks to queue
[2023-11-20T15:06:32.278+0500] {logging_mixin.py:154} INFO - [2023-11-20T15:06:32.277+0500] {dagbag.py:536} INFO - Filling up the DagBag from /home/den/Projects/venv/lib/python3.10/site-packages/airflow/example_dags/example_sensors.py
[2023-11-20T15:06:32.289+0500] {processor.py:839} INFO - DAG(s) dict_keys(['example_sensors']) retrieved from /home/den/Projects/venv/lib/python3.10/site-packages/airflow/example_dags/example_sensors.py
[2023-11-20T15:06:32.312+0500] {logging_mixin.py:154} INFO - [2023-11-20T15:06:32.312+0500] {dag.py:2941} INFO - Sync 1 DAGs
[2023-11-20T15:06:32.326+0500] {logging_mixin.py:154} INFO - [2023-11-20T15:06:32.326+0500] {dag.py:3722} INFO - Setting next_dagrun for example_sensors to None, run_after=None
[2023-11-20T15:06:32.364+0500] {processor.py:179} INFO - Processing /home/den/Projects/venv/lib/python3.10/site-packages/airflow/example_dags/example_sensors.py took 0.092 seconds
[2023-11-20T15:07:11.966+0500] {processor.py:157} INFO - Started process (PID=8612) to work on /home/den/Projects/venv/lib/python3.10/site-packages/airflow/example_dags/example_sensors.py
[2023-11-20T15:07:11.976+0500] {processor.py:829} INFO - Processing file /home/den/Projects/venv/lib/python3.10/site-packages/airflow/example_dags/example_sensors.py for tasks to queue
[2023-11-20T15:07:11.978+0500] {logging_mixin.py:154} INFO - [2023-11-20T15:07:11.977+0500] {dagbag.py:536} INFO - Filling up the DagBag from /home/den/Projects/venv/lib/python3.10/site-packages/airflow/example_dags/example_sensors.py
[2023-11-20T15:07:11.994+0500] {processor.py:839} INFO - DAG(s) dict_keys(['example_sensors']) retrieved from /home/den/Projects/venv/lib/python3.10/site-packages/airflow/example_dags/example_sensors.py
[2023-11-20T15:07:12.026+0500] {logging_mixin.py:154} INFO - [2023-11-20T15:07:12.026+0500] {dag.py:2941} INFO - Sync 1 DAGs
[2023-11-20T15:07:12.052+0500] {logging_mixin.py:154} INFO - [2023-11-20T15:07:12.052+0500] {dag.py:3722} INFO - Setting next_dagrun for example_sensors to None, run_after=None
[2023-11-20T15:07:12.104+0500] {processor.py:179} INFO - Processing /home/den/Projects/venv/lib/python3.10/site-packages/airflow/example_dags/example_sensors.py took 0.144 seconds
[2023-11-20T15:07:58.065+0500] {processor.py:157} INFO - Started process (PID=8712) to work on /home/den/Projects/venv/lib/python3.10/site-packages/airflow/example_dags/example_sensors.py
[2023-11-20T15:07:58.073+0500] {processor.py:829} INFO - Processing file /home/den/Projects/venv/lib/python3.10/site-packages/airflow/example_dags/example_sensors.py for tasks to queue
[2023-11-20T15:07:58.074+0500] {logging_mixin.py:154} INFO - [2023-11-20T15:07:58.074+0500] {dagbag.py:536} INFO - Filling up the DagBag from /home/den/Projects/venv/lib/python3.10/site-packages/airflow/example_dags/example_sensors.py
[2023-11-20T15:07:58.092+0500] {processor.py:839} INFO - DAG(s) dict_keys(['example_sensors']) retrieved from /home/den/Projects/venv/lib/python3.10/site-packages/airflow/example_dags/example_sensors.py
[2023-11-20T15:07:58.123+0500] {logging_mixin.py:154} INFO - [2023-11-20T15:07:58.123+0500] {dag.py:2941} INFO - Sync 1 DAGs
[2023-11-20T15:07:58.132+0500] {logging_mixin.py:154} INFO - [2023-11-20T15:07:58.132+0500] {dag.py:3722} INFO - Setting next_dagrun for example_sensors to None, run_after=None
[2023-11-20T15:07:58.159+0500] {processor.py:179} INFO - Processing /home/den/Projects/venv/lib/python3.10/site-packages/airflow/example_dags/example_sensors.py took 0.103 seconds
[2023-11-20T15:08:43.565+0500] {processor.py:157} INFO - Started process (PID=8773) to work on /home/den/Projects/venv/lib/python3.10/site-packages/airflow/example_dags/example_sensors.py
[2023-11-20T15:08:43.568+0500] {processor.py:829} INFO - Processing file /home/den/Projects/venv/lib/python3.10/site-packages/airflow/example_dags/example_sensors.py for tasks to queue
[2023-11-20T15:08:43.569+0500] {logging_mixin.py:154} INFO - [2023-11-20T15:08:43.568+0500] {dagbag.py:536} INFO - Filling up the DagBag from /home/den/Projects/venv/lib/python3.10/site-packages/airflow/example_dags/example_sensors.py
[2023-11-20T15:08:43.578+0500] {processor.py:839} INFO - DAG(s) dict_keys(['example_sensors']) retrieved from /home/den/Projects/venv/lib/python3.10/site-packages/airflow/example_dags/example_sensors.py
[2023-11-20T15:08:43.596+0500] {logging_mixin.py:154} INFO - [2023-11-20T15:08:43.596+0500] {dag.py:2941} INFO - Sync 1 DAGs
[2023-11-20T15:08:43.606+0500] {logging_mixin.py:154} INFO - [2023-11-20T15:08:43.606+0500] {dag.py:3722} INFO - Setting next_dagrun for example_sensors to None, run_after=None
[2023-11-20T15:08:43.624+0500] {processor.py:179} INFO - Processing /home/den/Projects/venv/lib/python3.10/site-packages/airflow/example_dags/example_sensors.py took 0.062 seconds
[2023-11-20T15:09:23.627+0500] {processor.py:157} INFO - Started process (PID=8834) to work on /home/den/Projects/venv/lib/python3.10/site-packages/airflow/example_dags/example_sensors.py
[2023-11-20T15:09:23.630+0500] {processor.py:829} INFO - Processing file /home/den/Projects/venv/lib/python3.10/site-packages/airflow/example_dags/example_sensors.py for tasks to queue
[2023-11-20T15:09:23.641+0500] {logging_mixin.py:154} INFO - [2023-11-20T15:09:23.638+0500] {dagbag.py:536} INFO - Filling up the DagBag from /home/den/Projects/venv/lib/python3.10/site-packages/airflow/example_dags/example_sensors.py
[2023-11-20T15:09:23.650+0500] {processor.py:839} INFO - DAG(s) dict_keys(['example_sensors']) retrieved from /home/den/Projects/venv/lib/python3.10/site-packages/airflow/example_dags/example_sensors.py
[2023-11-20T15:09:23.669+0500] {logging_mixin.py:154} INFO - [2023-11-20T15:09:23.669+0500] {dag.py:2941} INFO - Sync 1 DAGs
[2023-11-20T15:09:23.686+0500] {logging_mixin.py:154} INFO - [2023-11-20T15:09:23.686+0500] {dag.py:3722} INFO - Setting next_dagrun for example_sensors to None, run_after=None
[2023-11-20T15:09:23.714+0500] {processor.py:179} INFO - Processing /home/den/Projects/venv/lib/python3.10/site-packages/airflow/example_dags/example_sensors.py took 0.090 seconds
[2023-11-20T15:10:04.640+0500] {processor.py:157} INFO - Started process (PID=8908) to work on /home/den/Projects/venv/lib/python3.10/site-packages/airflow/example_dags/example_sensors.py
[2023-11-20T15:10:04.644+0500] {processor.py:829} INFO - Processing file /home/den/Projects/venv/lib/python3.10/site-packages/airflow/example_dags/example_sensors.py for tasks to queue
[2023-11-20T15:10:04.651+0500] {logging_mixin.py:154} INFO - [2023-11-20T15:10:04.650+0500] {dagbag.py:536} INFO - Filling up the DagBag from /home/den/Projects/venv/lib/python3.10/site-packages/airflow/example_dags/example_sensors.py
[2023-11-20T15:10:04.668+0500] {processor.py:839} INFO - DAG(s) dict_keys(['example_sensors']) retrieved from /home/den/Projects/venv/lib/python3.10/site-packages/airflow/example_dags/example_sensors.py
[2023-11-20T15:10:04.696+0500] {logging_mixin.py:154} INFO - [2023-11-20T15:10:04.696+0500] {dag.py:2941} INFO - Sync 1 DAGs
[2023-11-20T15:10:04.714+0500] {logging_mixin.py:154} INFO - [2023-11-20T15:10:04.714+0500] {dag.py:3722} INFO - Setting next_dagrun for example_sensors to None, run_after=None
[2023-11-20T15:10:04.758+0500] {processor.py:179} INFO - Processing /home/den/Projects/venv/lib/python3.10/site-packages/airflow/example_dags/example_sensors.py took 0.122 seconds
[2023-11-20T15:10:45.035+0500] {processor.py:157} INFO - Started process (PID=8958) to work on /home/den/Projects/venv/lib/python3.10/site-packages/airflow/example_dags/example_sensors.py
[2023-11-20T15:10:45.042+0500] {processor.py:829} INFO - Processing file /home/den/Projects/venv/lib/python3.10/site-packages/airflow/example_dags/example_sensors.py for tasks to queue
[2023-11-20T15:10:45.043+0500] {logging_mixin.py:154} INFO - [2023-11-20T15:10:45.043+0500] {dagbag.py:536} INFO - Filling up the DagBag from /home/den/Projects/venv/lib/python3.10/site-packages/airflow/example_dags/example_sensors.py
[2023-11-20T15:10:45.056+0500] {processor.py:839} INFO - DAG(s) dict_keys(['example_sensors']) retrieved from /home/den/Projects/venv/lib/python3.10/site-packages/airflow/example_dags/example_sensors.py
[2023-11-20T15:10:45.082+0500] {logging_mixin.py:154} INFO - [2023-11-20T15:10:45.082+0500] {dag.py:2941} INFO - Sync 1 DAGs
[2023-11-20T15:10:45.090+0500] {logging_mixin.py:154} INFO - [2023-11-20T15:10:45.090+0500] {dag.py:3722} INFO - Setting next_dagrun for example_sensors to None, run_after=None
[2023-11-20T15:10:45.131+0500] {processor.py:179} INFO - Processing /home/den/Projects/venv/lib/python3.10/site-packages/airflow/example_dags/example_sensors.py took 0.101 seconds
[2023-11-20T15:11:18.691+0500] {processor.py:157} INFO - Started process (PID=9003) to work on /home/den/Projects/venv/lib/python3.10/site-packages/airflow/example_dags/example_sensors.py
[2023-11-20T15:11:18.692+0500] {processor.py:829} INFO - Processing file /home/den/Projects/venv/lib/python3.10/site-packages/airflow/example_dags/example_sensors.py for tasks to queue
[2023-11-20T15:11:18.693+0500] {logging_mixin.py:154} INFO - [2023-11-20T15:11:18.693+0500] {dagbag.py:536} INFO - Filling up the DagBag from /home/den/Projects/venv/lib/python3.10/site-packages/airflow/example_dags/example_sensors.py
[2023-11-20T15:11:18.704+0500] {processor.py:839} INFO - DAG(s) dict_keys(['example_sensors']) retrieved from /home/den/Projects/venv/lib/python3.10/site-packages/airflow/example_dags/example_sensors.py
[2023-11-20T15:11:18.727+0500] {logging_mixin.py:154} INFO - [2023-11-20T15:11:18.726+0500] {dag.py:2941} INFO - Sync 1 DAGs
[2023-11-20T15:11:18.743+0500] {logging_mixin.py:154} INFO - [2023-11-20T15:11:18.743+0500] {dag.py:3722} INFO - Setting next_dagrun for example_sensors to None, run_after=None
[2023-11-20T15:11:18.789+0500] {processor.py:179} INFO - Processing /home/den/Projects/venv/lib/python3.10/site-packages/airflow/example_dags/example_sensors.py took 0.104 seconds
[2023-11-20T15:11:57.599+0500] {processor.py:157} INFO - Started process (PID=9086) to work on /home/den/Projects/venv/lib/python3.10/site-packages/airflow/example_dags/example_sensors.py
[2023-11-20T15:11:57.605+0500] {processor.py:829} INFO - Processing file /home/den/Projects/venv/lib/python3.10/site-packages/airflow/example_dags/example_sensors.py for tasks to queue
[2023-11-20T15:11:57.606+0500] {logging_mixin.py:154} INFO - [2023-11-20T15:11:57.605+0500] {dagbag.py:536} INFO - Filling up the DagBag from /home/den/Projects/venv/lib/python3.10/site-packages/airflow/example_dags/example_sensors.py
[2023-11-20T15:11:57.618+0500] {processor.py:839} INFO - DAG(s) dict_keys(['example_sensors']) retrieved from /home/den/Projects/venv/lib/python3.10/site-packages/airflow/example_dags/example_sensors.py
[2023-11-20T15:11:57.637+0500] {logging_mixin.py:154} INFO - [2023-11-20T15:11:57.637+0500] {dag.py:2941} INFO - Sync 1 DAGs
[2023-11-20T15:11:57.646+0500] {logging_mixin.py:154} INFO - [2023-11-20T15:11:57.646+0500] {dag.py:3722} INFO - Setting next_dagrun for example_sensors to None, run_after=None
[2023-11-20T15:11:57.669+0500] {processor.py:179} INFO - Processing /home/den/Projects/venv/lib/python3.10/site-packages/airflow/example_dags/example_sensors.py took 0.073 seconds
[2023-11-20T15:12:47.260+0500] {processor.py:157} INFO - Started process (PID=9146) to work on /home/den/Projects/venv/lib/python3.10/site-packages/airflow/example_dags/example_sensors.py
[2023-11-20T15:12:47.261+0500] {processor.py:829} INFO - Processing file /home/den/Projects/venv/lib/python3.10/site-packages/airflow/example_dags/example_sensors.py for tasks to queue
[2023-11-20T15:12:47.262+0500] {logging_mixin.py:154} INFO - [2023-11-20T15:12:47.261+0500] {dagbag.py:536} INFO - Filling up the DagBag from /home/den/Projects/venv/lib/python3.10/site-packages/airflow/example_dags/example_sensors.py
[2023-11-20T15:12:47.275+0500] {processor.py:839} INFO - DAG(s) dict_keys(['example_sensors']) retrieved from /home/den/Projects/venv/lib/python3.10/site-packages/airflow/example_dags/example_sensors.py
[2023-11-20T15:12:47.305+0500] {logging_mixin.py:154} INFO - [2023-11-20T15:12:47.305+0500] {dag.py:2941} INFO - Sync 1 DAGs
[2023-11-20T15:12:47.320+0500] {logging_mixin.py:154} INFO - [2023-11-20T15:12:47.320+0500] {dag.py:3722} INFO - Setting next_dagrun for example_sensors to None, run_after=None
[2023-11-20T15:12:47.366+0500] {processor.py:179} INFO - Processing /home/den/Projects/venv/lib/python3.10/site-packages/airflow/example_dags/example_sensors.py took 0.114 seconds
[2023-11-20T15:13:24.844+0500] {processor.py:157} INFO - Started process (PID=9208) to work on /home/den/Projects/venv/lib/python3.10/site-packages/airflow/example_dags/example_sensors.py
[2023-11-20T15:13:24.848+0500] {processor.py:829} INFO - Processing file /home/den/Projects/venv/lib/python3.10/site-packages/airflow/example_dags/example_sensors.py for tasks to queue
[2023-11-20T15:13:24.849+0500] {logging_mixin.py:154} INFO - [2023-11-20T15:13:24.848+0500] {dagbag.py:536} INFO - Filling up the DagBag from /home/den/Projects/venv/lib/python3.10/site-packages/airflow/example_dags/example_sensors.py
[2023-11-20T15:13:24.875+0500] {processor.py:839} INFO - DAG(s) dict_keys(['example_sensors']) retrieved from /home/den/Projects/venv/lib/python3.10/site-packages/airflow/example_dags/example_sensors.py
[2023-11-20T15:13:24.903+0500] {logging_mixin.py:154} INFO - [2023-11-20T15:13:24.903+0500] {dag.py:2941} INFO - Sync 1 DAGs
[2023-11-20T15:13:24.924+0500] {logging_mixin.py:154} INFO - [2023-11-20T15:13:24.924+0500] {dag.py:3722} INFO - Setting next_dagrun for example_sensors to None, run_after=None
[2023-11-20T15:13:24.957+0500] {processor.py:179} INFO - Processing /home/den/Projects/venv/lib/python3.10/site-packages/airflow/example_dags/example_sensors.py took 0.116 seconds
[2023-11-20T15:14:01.673+0500] {processor.py:157} INFO - Started process (PID=9285) to work on /home/den/Projects/venv/lib/python3.10/site-packages/airflow/example_dags/example_sensors.py
[2023-11-20T15:14:01.675+0500] {processor.py:829} INFO - Processing file /home/den/Projects/venv/lib/python3.10/site-packages/airflow/example_dags/example_sensors.py for tasks to queue
[2023-11-20T15:14:01.677+0500] {logging_mixin.py:154} INFO - [2023-11-20T15:14:01.676+0500] {dagbag.py:536} INFO - Filling up the DagBag from /home/den/Projects/venv/lib/python3.10/site-packages/airflow/example_dags/example_sensors.py
[2023-11-20T15:14:01.695+0500] {processor.py:839} INFO - DAG(s) dict_keys(['example_sensors']) retrieved from /home/den/Projects/venv/lib/python3.10/site-packages/airflow/example_dags/example_sensors.py
[2023-11-20T15:14:01.712+0500] {logging_mixin.py:154} INFO - [2023-11-20T15:14:01.712+0500] {dag.py:2941} INFO - Sync 1 DAGs
[2023-11-20T15:14:01.720+0500] {logging_mixin.py:154} INFO - [2023-11-20T15:14:01.720+0500] {dag.py:3722} INFO - Setting next_dagrun for example_sensors to None, run_after=None
[2023-11-20T15:14:01.753+0500] {processor.py:179} INFO - Processing /home/den/Projects/venv/lib/python3.10/site-packages/airflow/example_dags/example_sensors.py took 0.086 seconds
[2023-11-20T15:14:39.857+0500] {processor.py:157} INFO - Started process (PID=9334) to work on /home/den/Projects/venv/lib/python3.10/site-packages/airflow/example_dags/example_sensors.py
[2023-11-20T15:14:39.859+0500] {processor.py:829} INFO - Processing file /home/den/Projects/venv/lib/python3.10/site-packages/airflow/example_dags/example_sensors.py for tasks to queue
[2023-11-20T15:14:39.866+0500] {logging_mixin.py:154} INFO - [2023-11-20T15:14:39.860+0500] {dagbag.py:536} INFO - Filling up the DagBag from /home/den/Projects/venv/lib/python3.10/site-packages/airflow/example_dags/example_sensors.py
[2023-11-20T15:14:39.880+0500] {processor.py:839} INFO - DAG(s) dict_keys(['example_sensors']) retrieved from /home/den/Projects/venv/lib/python3.10/site-packages/airflow/example_dags/example_sensors.py
[2023-11-20T15:14:39.903+0500] {logging_mixin.py:154} INFO - [2023-11-20T15:14:39.903+0500] {dag.py:2941} INFO - Sync 1 DAGs
[2023-11-20T15:14:39.923+0500] {logging_mixin.py:154} INFO - [2023-11-20T15:14:39.923+0500] {dag.py:3722} INFO - Setting next_dagrun for example_sensors to None, run_after=None
[2023-11-20T15:14:39.954+0500] {processor.py:179} INFO - Processing /home/den/Projects/venv/lib/python3.10/site-packages/airflow/example_dags/example_sensors.py took 0.102 seconds
[2023-11-20T15:15:16.020+0500] {processor.py:157} INFO - Started process (PID=9387) to work on /home/den/Projects/venv/lib/python3.10/site-packages/airflow/example_dags/example_sensors.py
[2023-11-20T15:15:16.022+0500] {processor.py:829} INFO - Processing file /home/den/Projects/venv/lib/python3.10/site-packages/airflow/example_dags/example_sensors.py for tasks to queue
[2023-11-20T15:15:16.023+0500] {logging_mixin.py:154} INFO - [2023-11-20T15:15:16.022+0500] {dagbag.py:536} INFO - Filling up the DagBag from /home/den/Projects/venv/lib/python3.10/site-packages/airflow/example_dags/example_sensors.py
[2023-11-20T15:15:16.031+0500] {processor.py:839} INFO - DAG(s) dict_keys(['example_sensors']) retrieved from /home/den/Projects/venv/lib/python3.10/site-packages/airflow/example_dags/example_sensors.py
[2023-11-20T15:15:16.047+0500] {logging_mixin.py:154} INFO - [2023-11-20T15:15:16.047+0500] {dag.py:2941} INFO - Sync 1 DAGs
[2023-11-20T15:15:16.056+0500] {logging_mixin.py:154} INFO - [2023-11-20T15:15:16.056+0500] {dag.py:3722} INFO - Setting next_dagrun for example_sensors to None, run_after=None
[2023-11-20T15:15:16.073+0500] {processor.py:179} INFO - Processing /home/den/Projects/venv/lib/python3.10/site-packages/airflow/example_dags/example_sensors.py took 0.056 seconds
[2023-11-20T15:16:05.971+0500] {processor.py:157} INFO - Started process (PID=9482) to work on /home/den/Projects/venv/lib/python3.10/site-packages/airflow/example_dags/example_sensors.py
[2023-11-20T15:16:05.972+0500] {processor.py:829} INFO - Processing file /home/den/Projects/venv/lib/python3.10/site-packages/airflow/example_dags/example_sensors.py for tasks to queue
[2023-11-20T15:16:05.973+0500] {logging_mixin.py:154} INFO - [2023-11-20T15:16:05.973+0500] {dagbag.py:536} INFO - Filling up the DagBag from /home/den/Projects/venv/lib/python3.10/site-packages/airflow/example_dags/example_sensors.py
[2023-11-20T15:16:05.981+0500] {processor.py:839} INFO - DAG(s) dict_keys(['example_sensors']) retrieved from /home/den/Projects/venv/lib/python3.10/site-packages/airflow/example_dags/example_sensors.py
[2023-11-20T15:16:05.998+0500] {logging_mixin.py:154} INFO - [2023-11-20T15:16:05.998+0500] {dag.py:2941} INFO - Sync 1 DAGs
[2023-11-20T15:16:06.007+0500] {logging_mixin.py:154} INFO - [2023-11-20T15:16:06.007+0500] {dag.py:3722} INFO - Setting next_dagrun for example_sensors to None, run_after=None
[2023-11-20T15:16:06.026+0500] {processor.py:179} INFO - Processing /home/den/Projects/venv/lib/python3.10/site-packages/airflow/example_dags/example_sensors.py took 0.058 seconds
[2023-11-20T15:16:52.647+0500] {processor.py:157} INFO - Started process (PID=9549) to work on /home/den/Projects/venv/lib/python3.10/site-packages/airflow/example_dags/example_sensors.py
[2023-11-20T15:16:52.649+0500] {processor.py:829} INFO - Processing file /home/den/Projects/venv/lib/python3.10/site-packages/airflow/example_dags/example_sensors.py for tasks to queue
[2023-11-20T15:16:52.649+0500] {logging_mixin.py:154} INFO - [2023-11-20T15:16:52.649+0500] {dagbag.py:536} INFO - Filling up the DagBag from /home/den/Projects/venv/lib/python3.10/site-packages/airflow/example_dags/example_sensors.py
[2023-11-20T15:16:52.659+0500] {processor.py:839} INFO - DAG(s) dict_keys(['example_sensors']) retrieved from /home/den/Projects/venv/lib/python3.10/site-packages/airflow/example_dags/example_sensors.py
[2023-11-20T15:16:52.675+0500] {logging_mixin.py:154} INFO - [2023-11-20T15:16:52.675+0500] {dag.py:2941} INFO - Sync 1 DAGs
[2023-11-20T15:16:52.684+0500] {logging_mixin.py:154} INFO - [2023-11-20T15:16:52.684+0500] {dag.py:3722} INFO - Setting next_dagrun for example_sensors to None, run_after=None
[2023-11-20T15:16:52.712+0500] {processor.py:179} INFO - Processing /home/den/Projects/venv/lib/python3.10/site-packages/airflow/example_dags/example_sensors.py took 0.067 seconds
[2023-11-20T15:17:36.406+0500] {processor.py:157} INFO - Started process (PID=9612) to work on /home/den/Projects/venv/lib/python3.10/site-packages/airflow/example_dags/example_sensors.py
[2023-11-20T15:17:36.407+0500] {processor.py:829} INFO - Processing file /home/den/Projects/venv/lib/python3.10/site-packages/airflow/example_dags/example_sensors.py for tasks to queue
[2023-11-20T15:17:36.408+0500] {logging_mixin.py:154} INFO - [2023-11-20T15:17:36.408+0500] {dagbag.py:536} INFO - Filling up the DagBag from /home/den/Projects/venv/lib/python3.10/site-packages/airflow/example_dags/example_sensors.py
[2023-11-20T15:17:36.416+0500] {processor.py:839} INFO - DAG(s) dict_keys(['example_sensors']) retrieved from /home/den/Projects/venv/lib/python3.10/site-packages/airflow/example_dags/example_sensors.py
[2023-11-20T15:17:36.430+0500] {logging_mixin.py:154} INFO - [2023-11-20T15:17:36.430+0500] {dag.py:2941} INFO - Sync 1 DAGs
[2023-11-20T15:17:36.438+0500] {logging_mixin.py:154} INFO - [2023-11-20T15:17:36.438+0500] {dag.py:3722} INFO - Setting next_dagrun for example_sensors to None, run_after=None
[2023-11-20T15:17:36.458+0500] {processor.py:179} INFO - Processing /home/den/Projects/venv/lib/python3.10/site-packages/airflow/example_dags/example_sensors.py took 0.055 seconds
[2023-11-20T15:18:30.090+0500] {processor.py:157} INFO - Started process (PID=9710) to work on /home/den/Projects/venv/lib/python3.10/site-packages/airflow/example_dags/example_sensors.py
[2023-11-20T15:18:30.092+0500] {processor.py:829} INFO - Processing file /home/den/Projects/venv/lib/python3.10/site-packages/airflow/example_dags/example_sensors.py for tasks to queue
[2023-11-20T15:18:30.092+0500] {logging_mixin.py:154} INFO - [2023-11-20T15:18:30.092+0500] {dagbag.py:536} INFO - Filling up the DagBag from /home/den/Projects/venv/lib/python3.10/site-packages/airflow/example_dags/example_sensors.py
[2023-11-20T15:18:30.102+0500] {processor.py:839} INFO - DAG(s) dict_keys(['example_sensors']) retrieved from /home/den/Projects/venv/lib/python3.10/site-packages/airflow/example_dags/example_sensors.py
[2023-11-20T15:18:30.118+0500] {logging_mixin.py:154} INFO - [2023-11-20T15:18:30.118+0500] {dag.py:2941} INFO - Sync 1 DAGs
[2023-11-20T15:18:30.127+0500] {logging_mixin.py:154} INFO - [2023-11-20T15:18:30.127+0500] {dag.py:3722} INFO - Setting next_dagrun for example_sensors to None, run_after=None
[2023-11-20T15:18:30.145+0500] {processor.py:179} INFO - Processing /home/den/Projects/venv/lib/python3.10/site-packages/airflow/example_dags/example_sensors.py took 0.058 seconds
[2023-11-20T15:19:16.803+0500] {processor.py:157} INFO - Started process (PID=9772) to work on /home/den/Projects/venv/lib/python3.10/site-packages/airflow/example_dags/example_sensors.py
[2023-11-20T15:19:16.805+0500] {processor.py:829} INFO - Processing file /home/den/Projects/venv/lib/python3.10/site-packages/airflow/example_dags/example_sensors.py for tasks to queue
[2023-11-20T15:19:16.806+0500] {logging_mixin.py:154} INFO - [2023-11-20T15:19:16.805+0500] {dagbag.py:536} INFO - Filling up the DagBag from /home/den/Projects/venv/lib/python3.10/site-packages/airflow/example_dags/example_sensors.py
[2023-11-20T15:19:16.814+0500] {processor.py:839} INFO - DAG(s) dict_keys(['example_sensors']) retrieved from /home/den/Projects/venv/lib/python3.10/site-packages/airflow/example_dags/example_sensors.py
[2023-11-20T15:19:16.831+0500] {logging_mixin.py:154} INFO - [2023-11-20T15:19:16.831+0500] {dag.py:2941} INFO - Sync 1 DAGs
[2023-11-20T15:19:16.841+0500] {logging_mixin.py:154} INFO - [2023-11-20T15:19:16.840+0500] {dag.py:3722} INFO - Setting next_dagrun for example_sensors to None, run_after=None
[2023-11-20T15:19:16.858+0500] {processor.py:179} INFO - Processing /home/den/Projects/venv/lib/python3.10/site-packages/airflow/example_dags/example_sensors.py took 0.058 seconds
[2023-11-20T15:20:06.729+0500] {processor.py:157} INFO - Started process (PID=9932) to work on /home/den/Projects/venv/lib/python3.10/site-packages/airflow/example_dags/example_sensors.py
[2023-11-20T15:20:06.741+0500] {processor.py:829} INFO - Processing file /home/den/Projects/venv/lib/python3.10/site-packages/airflow/example_dags/example_sensors.py for tasks to queue
[2023-11-20T15:20:06.743+0500] {logging_mixin.py:154} INFO - [2023-11-20T15:20:06.742+0500] {dagbag.py:536} INFO - Filling up the DagBag from /home/den/Projects/venv/lib/python3.10/site-packages/airflow/example_dags/example_sensors.py
[2023-11-20T15:20:06.759+0500] {processor.py:839} INFO - DAG(s) dict_keys(['example_sensors']) retrieved from /home/den/Projects/venv/lib/python3.10/site-packages/airflow/example_dags/example_sensors.py
[2023-11-20T15:20:06.781+0500] {logging_mixin.py:154} INFO - [2023-11-20T15:20:06.781+0500] {dag.py:2941} INFO - Sync 1 DAGs
[2023-11-20T15:20:06.790+0500] {logging_mixin.py:154} INFO - [2023-11-20T15:20:06.790+0500] {dag.py:3722} INFO - Setting next_dagrun for example_sensors to None, run_after=None
[2023-11-20T15:20:06.809+0500] {processor.py:179} INFO - Processing /home/den/Projects/venv/lib/python3.10/site-packages/airflow/example_dags/example_sensors.py took 0.083 seconds
[2023-11-20T15:20:47.741+0500] {processor.py:157} INFO - Started process (PID=9982) to work on /home/den/Projects/venv/lib/python3.10/site-packages/airflow/example_dags/example_sensors.py
[2023-11-20T15:20:47.749+0500] {processor.py:829} INFO - Processing file /home/den/Projects/venv/lib/python3.10/site-packages/airflow/example_dags/example_sensors.py for tasks to queue
[2023-11-20T15:20:47.751+0500] {logging_mixin.py:154} INFO - [2023-11-20T15:20:47.750+0500] {dagbag.py:536} INFO - Filling up the DagBag from /home/den/Projects/venv/lib/python3.10/site-packages/airflow/example_dags/example_sensors.py
[2023-11-20T15:20:47.763+0500] {processor.py:839} INFO - DAG(s) dict_keys(['example_sensors']) retrieved from /home/den/Projects/venv/lib/python3.10/site-packages/airflow/example_dags/example_sensors.py
[2023-11-20T15:20:47.783+0500] {logging_mixin.py:154} INFO - [2023-11-20T15:20:47.782+0500] {dag.py:2941} INFO - Sync 1 DAGs
[2023-11-20T15:20:47.791+0500] {logging_mixin.py:154} INFO - [2023-11-20T15:20:47.791+0500] {dag.py:3722} INFO - Setting next_dagrun for example_sensors to None, run_after=None
[2023-11-20T15:20:47.826+0500] {processor.py:179} INFO - Processing /home/den/Projects/venv/lib/python3.10/site-packages/airflow/example_dags/example_sensors.py took 0.090 seconds
[2023-11-20T15:21:30.755+0500] {processor.py:157} INFO - Started process (PID=10047) to work on /home/den/Projects/venv/lib/python3.10/site-packages/airflow/example_dags/example_sensors.py
[2023-11-20T15:21:30.758+0500] {processor.py:829} INFO - Processing file /home/den/Projects/venv/lib/python3.10/site-packages/airflow/example_dags/example_sensors.py for tasks to queue
[2023-11-20T15:21:30.759+0500] {logging_mixin.py:154} INFO - [2023-11-20T15:21:30.759+0500] {dagbag.py:536} INFO - Filling up the DagBag from /home/den/Projects/venv/lib/python3.10/site-packages/airflow/example_dags/example_sensors.py
[2023-11-20T15:21:30.770+0500] {processor.py:839} INFO - DAG(s) dict_keys(['example_sensors']) retrieved from /home/den/Projects/venv/lib/python3.10/site-packages/airflow/example_dags/example_sensors.py
[2023-11-20T15:21:30.789+0500] {logging_mixin.py:154} INFO - [2023-11-20T15:21:30.789+0500] {dag.py:2941} INFO - Sync 1 DAGs
[2023-11-20T15:21:30.798+0500] {logging_mixin.py:154} INFO - [2023-11-20T15:21:30.798+0500] {dag.py:3722} INFO - Setting next_dagrun for example_sensors to None, run_after=None
[2023-11-20T15:21:30.831+0500] {processor.py:179} INFO - Processing /home/den/Projects/venv/lib/python3.10/site-packages/airflow/example_dags/example_sensors.py took 0.080 seconds
[2023-11-20T15:22:15.332+0500] {processor.py:157} INFO - Started process (PID=10124) to work on /home/den/Projects/venv/lib/python3.10/site-packages/airflow/example_dags/example_sensors.py
[2023-11-20T15:22:15.333+0500] {processor.py:829} INFO - Processing file /home/den/Projects/venv/lib/python3.10/site-packages/airflow/example_dags/example_sensors.py for tasks to queue
[2023-11-20T15:22:15.334+0500] {logging_mixin.py:154} INFO - [2023-11-20T15:22:15.334+0500] {dagbag.py:536} INFO - Filling up the DagBag from /home/den/Projects/venv/lib/python3.10/site-packages/airflow/example_dags/example_sensors.py
[2023-11-20T15:22:15.354+0500] {processor.py:839} INFO - DAG(s) dict_keys(['example_sensors']) retrieved from /home/den/Projects/venv/lib/python3.10/site-packages/airflow/example_dags/example_sensors.py
[2023-11-20T15:22:15.379+0500] {logging_mixin.py:154} INFO - [2023-11-20T15:22:15.378+0500] {dag.py:2941} INFO - Sync 1 DAGs
[2023-11-20T15:22:15.392+0500] {logging_mixin.py:154} INFO - [2023-11-20T15:22:15.392+0500] {dag.py:3722} INFO - Setting next_dagrun for example_sensors to None, run_after=None
[2023-11-20T15:22:15.425+0500] {processor.py:179} INFO - Processing /home/den/Projects/venv/lib/python3.10/site-packages/airflow/example_dags/example_sensors.py took 0.097 seconds
[2023-11-20T15:22:56.730+0500] {processor.py:157} INFO - Started process (PID=10181) to work on /home/den/Projects/venv/lib/python3.10/site-packages/airflow/example_dags/example_sensors.py
[2023-11-20T15:22:56.733+0500] {processor.py:829} INFO - Processing file /home/den/Projects/venv/lib/python3.10/site-packages/airflow/example_dags/example_sensors.py for tasks to queue
[2023-11-20T15:22:56.734+0500] {logging_mixin.py:154} INFO - [2023-11-20T15:22:56.734+0500] {dagbag.py:536} INFO - Filling up the DagBag from /home/den/Projects/venv/lib/python3.10/site-packages/airflow/example_dags/example_sensors.py
[2023-11-20T15:22:56.758+0500] {processor.py:839} INFO - DAG(s) dict_keys(['example_sensors']) retrieved from /home/den/Projects/venv/lib/python3.10/site-packages/airflow/example_dags/example_sensors.py
[2023-11-20T15:22:56.780+0500] {logging_mixin.py:154} INFO - [2023-11-20T15:22:56.780+0500] {dag.py:2941} INFO - Sync 1 DAGs
[2023-11-20T15:22:56.801+0500] {logging_mixin.py:154} INFO - [2023-11-20T15:22:56.801+0500] {dag.py:3722} INFO - Setting next_dagrun for example_sensors to None, run_after=None
[2023-11-20T15:22:56.832+0500] {processor.py:179} INFO - Processing /home/den/Projects/venv/lib/python3.10/site-packages/airflow/example_dags/example_sensors.py took 0.111 seconds
[2023-11-20T15:23:36.349+0500] {processor.py:157} INFO - Started process (PID=10253) to work on /home/den/Projects/venv/lib/python3.10/site-packages/airflow/example_dags/example_sensors.py
[2023-11-20T15:23:36.357+0500] {processor.py:829} INFO - Processing file /home/den/Projects/venv/lib/python3.10/site-packages/airflow/example_dags/example_sensors.py for tasks to queue
[2023-11-20T15:23:36.358+0500] {logging_mixin.py:154} INFO - [2023-11-20T15:23:36.358+0500] {dagbag.py:536} INFO - Filling up the DagBag from /home/den/Projects/venv/lib/python3.10/site-packages/airflow/example_dags/example_sensors.py
[2023-11-20T15:23:36.372+0500] {processor.py:839} INFO - DAG(s) dict_keys(['example_sensors']) retrieved from /home/den/Projects/venv/lib/python3.10/site-packages/airflow/example_dags/example_sensors.py
[2023-11-20T15:23:36.404+0500] {logging_mixin.py:154} INFO - [2023-11-20T15:23:36.404+0500] {dag.py:2941} INFO - Sync 1 DAGs
[2023-11-20T15:23:36.415+0500] {logging_mixin.py:154} INFO - [2023-11-20T15:23:36.415+0500] {dag.py:3722} INFO - Setting next_dagrun for example_sensors to None, run_after=None
[2023-11-20T15:23:36.454+0500] {processor.py:179} INFO - Processing /home/den/Projects/venv/lib/python3.10/site-packages/airflow/example_dags/example_sensors.py took 0.109 seconds
