[2023-11-20T14:39:54.681+0500] {processor.py:157} INFO - Started process (PID=5242) to work on /home/den/Projects/venv/lib/python3.10/site-packages/airflow/example_dags/example_branch_day_of_week_operator.py
[2023-11-20T14:39:54.682+0500] {processor.py:829} INFO - Processing file /home/den/Projects/venv/lib/python3.10/site-packages/airflow/example_dags/example_branch_day_of_week_operator.py for tasks to queue
[2023-11-20T14:39:54.683+0500] {logging_mixin.py:154} INFO - [2023-11-20T14:39:54.682+0500] {dagbag.py:536} INFO - Filling up the DagBag from /home/den/Projects/venv/lib/python3.10/site-packages/airflow/example_dags/example_branch_day_of_week_operator.py
[2023-11-20T14:39:54.690+0500] {processor.py:839} INFO - DAG(s) dict_keys(['example_weekday_branch_operator']) retrieved from /home/den/Projects/venv/lib/python3.10/site-packages/airflow/example_dags/example_branch_day_of_week_operator.py
[2023-11-20T14:39:54.769+0500] {logging_mixin.py:154} INFO - [2023-11-20T14:39:54.768+0500] {manager.py:499} INFO - Created Permission View: %s
[2023-11-20T14:39:54.779+0500] {logging_mixin.py:154} INFO - [2023-11-20T14:39:54.778+0500] {manager.py:499} INFO - Created Permission View: %s
[2023-11-20T14:39:54.787+0500] {logging_mixin.py:154} INFO - [2023-11-20T14:39:54.787+0500] {manager.py:499} INFO - Created Permission View: %s
[2023-11-20T14:39:54.787+0500] {logging_mixin.py:154} INFO - [2023-11-20T14:39:54.787+0500] {dag.py:2941} INFO - Sync 1 DAGs
[2023-11-20T14:39:54.794+0500] {logging_mixin.py:154} INFO - [2023-11-20T14:39:54.793+0500] {dag.py:2963} INFO - Creating ORM DAG for example_weekday_branch_operator
[2023-11-20T14:39:54.799+0500] {logging_mixin.py:154} INFO - [2023-11-20T14:39:54.799+0500] {dag.py:3722} INFO - Setting next_dagrun for example_weekday_branch_operator to 2023-11-19T00:00:00+00:00, run_after=2023-11-20T00:00:00+00:00
[2023-11-20T14:39:54.818+0500] {processor.py:179} INFO - Processing /home/den/Projects/venv/lib/python3.10/site-packages/airflow/example_dags/example_branch_day_of_week_operator.py took 0.140 seconds
[2023-11-20T14:40:49.164+0500] {processor.py:157} INFO - Started process (PID=5345) to work on /home/den/Projects/venv/lib/python3.10/site-packages/airflow/example_dags/example_branch_day_of_week_operator.py
[2023-11-20T14:40:49.174+0500] {processor.py:829} INFO - Processing file /home/den/Projects/venv/lib/python3.10/site-packages/airflow/example_dags/example_branch_day_of_week_operator.py for tasks to queue
[2023-11-20T14:40:49.175+0500] {logging_mixin.py:154} INFO - [2023-11-20T14:40:49.174+0500] {dagbag.py:536} INFO - Filling up the DagBag from /home/den/Projects/venv/lib/python3.10/site-packages/airflow/example_dags/example_branch_day_of_week_operator.py
[2023-11-20T14:40:49.184+0500] {processor.py:839} INFO - DAG(s) dict_keys(['example_weekday_branch_operator']) retrieved from /home/den/Projects/venv/lib/python3.10/site-packages/airflow/example_dags/example_branch_day_of_week_operator.py
[2023-11-20T14:40:49.198+0500] {logging_mixin.py:154} INFO - [2023-11-20T14:40:49.198+0500] {dag.py:2941} INFO - Sync 1 DAGs
[2023-11-20T14:40:49.212+0500] {logging_mixin.py:154} INFO - [2023-11-20T14:40:49.212+0500] {dag.py:3722} INFO - Setting next_dagrun for example_weekday_branch_operator to 2023-11-19T00:00:00+00:00, run_after=2023-11-20T00:00:00+00:00
[2023-11-20T14:40:49.236+0500] {processor.py:179} INFO - Processing /home/den/Projects/venv/lib/python3.10/site-packages/airflow/example_dags/example_branch_day_of_week_operator.py took 0.075 seconds
[2023-11-20T14:50:19.117+0500] {processor.py:157} INFO - Started process (PID=6526) to work on /home/den/Projects/venv/lib/python3.10/site-packages/airflow/example_dags/example_branch_day_of_week_operator.py
[2023-11-20T14:50:19.120+0500] {processor.py:829} INFO - Processing file /home/den/Projects/venv/lib/python3.10/site-packages/airflow/example_dags/example_branch_day_of_week_operator.py for tasks to queue
[2023-11-20T14:50:19.121+0500] {logging_mixin.py:154} INFO - [2023-11-20T14:50:19.120+0500] {dagbag.py:536} INFO - Filling up the DagBag from /home/den/Projects/venv/lib/python3.10/site-packages/airflow/example_dags/example_branch_day_of_week_operator.py
[2023-11-20T14:50:19.134+0500] {processor.py:839} INFO - DAG(s) dict_keys(['example_weekday_branch_operator']) retrieved from /home/den/Projects/venv/lib/python3.10/site-packages/airflow/example_dags/example_branch_day_of_week_operator.py
[2023-11-20T14:50:19.159+0500] {logging_mixin.py:154} INFO - [2023-11-20T14:50:19.158+0500] {dag.py:2941} INFO - Sync 1 DAGs
[2023-11-20T14:50:19.204+0500] {logging_mixin.py:154} INFO - [2023-11-20T14:50:19.203+0500] {dag.py:3722} INFO - Setting next_dagrun for example_weekday_branch_operator to 2023-11-19T00:00:00+00:00, run_after=2023-11-20T00:00:00+00:00
[2023-11-20T14:50:19.256+0500] {processor.py:179} INFO - Processing /home/den/Projects/venv/lib/python3.10/site-packages/airflow/example_dags/example_branch_day_of_week_operator.py took 0.142 seconds
[2023-11-20T14:51:17.265+0500] {processor.py:157} INFO - Started process (PID=6604) to work on /home/den/Projects/venv/lib/python3.10/site-packages/airflow/example_dags/example_branch_day_of_week_operator.py
[2023-11-20T14:51:17.266+0500] {processor.py:829} INFO - Processing file /home/den/Projects/venv/lib/python3.10/site-packages/airflow/example_dags/example_branch_day_of_week_operator.py for tasks to queue
[2023-11-20T14:51:17.267+0500] {logging_mixin.py:154} INFO - [2023-11-20T14:51:17.266+0500] {dagbag.py:536} INFO - Filling up the DagBag from /home/den/Projects/venv/lib/python3.10/site-packages/airflow/example_dags/example_branch_day_of_week_operator.py
[2023-11-20T14:51:17.272+0500] {processor.py:839} INFO - DAG(s) dict_keys(['example_weekday_branch_operator']) retrieved from /home/den/Projects/venv/lib/python3.10/site-packages/airflow/example_dags/example_branch_day_of_week_operator.py
[2023-11-20T14:51:17.284+0500] {logging_mixin.py:154} INFO - [2023-11-20T14:51:17.284+0500] {dag.py:2941} INFO - Sync 1 DAGs
[2023-11-20T14:51:17.298+0500] {logging_mixin.py:154} INFO - [2023-11-20T14:51:17.298+0500] {dag.py:3722} INFO - Setting next_dagrun for example_weekday_branch_operator to 2023-11-19T00:00:00+00:00, run_after=2023-11-20T00:00:00+00:00
[2023-11-20T14:51:17.325+0500] {processor.py:179} INFO - Processing /home/den/Projects/venv/lib/python3.10/site-packages/airflow/example_dags/example_branch_day_of_week_operator.py took 0.063 seconds
[2023-11-20T14:52:07.755+0500] {processor.py:157} INFO - Started process (PID=6737) to work on /home/den/Projects/venv/lib/python3.10/site-packages/airflow/example_dags/example_branch_day_of_week_operator.py
[2023-11-20T14:52:07.757+0500] {processor.py:829} INFO - Processing file /home/den/Projects/venv/lib/python3.10/site-packages/airflow/example_dags/example_branch_day_of_week_operator.py for tasks to queue
[2023-11-20T14:52:07.758+0500] {logging_mixin.py:154} INFO - [2023-11-20T14:52:07.758+0500] {dagbag.py:536} INFO - Filling up the DagBag from /home/den/Projects/venv/lib/python3.10/site-packages/airflow/example_dags/example_branch_day_of_week_operator.py
[2023-11-20T14:52:07.779+0500] {processor.py:839} INFO - DAG(s) dict_keys(['example_weekday_branch_operator']) retrieved from /home/den/Projects/venv/lib/python3.10/site-packages/airflow/example_dags/example_branch_day_of_week_operator.py
[2023-11-20T14:52:07.810+0500] {logging_mixin.py:154} INFO - [2023-11-20T14:52:07.809+0500] {dag.py:2941} INFO - Sync 1 DAGs
[2023-11-20T14:52:07.883+0500] {logging_mixin.py:154} INFO - [2023-11-20T14:52:07.883+0500] {dag.py:3722} INFO - Setting next_dagrun for example_weekday_branch_operator to 2023-11-19T00:00:00+00:00, run_after=2023-11-20T00:00:00+00:00
[2023-11-20T14:52:07.925+0500] {processor.py:179} INFO - Processing /home/den/Projects/venv/lib/python3.10/site-packages/airflow/example_dags/example_branch_day_of_week_operator.py took 0.174 seconds
[2023-11-20T14:57:51.713+0500] {processor.py:157} INFO - Started process (PID=7707) to work on /home/den/Projects/venv/lib/python3.10/site-packages/airflow/example_dags/example_branch_day_of_week_operator.py
[2023-11-20T14:57:51.715+0500] {processor.py:829} INFO - Processing file /home/den/Projects/venv/lib/python3.10/site-packages/airflow/example_dags/example_branch_day_of_week_operator.py for tasks to queue
[2023-11-20T14:57:51.716+0500] {logging_mixin.py:154} INFO - [2023-11-20T14:57:51.715+0500] {dagbag.py:536} INFO - Filling up the DagBag from /home/den/Projects/venv/lib/python3.10/site-packages/airflow/example_dags/example_branch_day_of_week_operator.py
[2023-11-20T14:57:51.722+0500] {processor.py:839} INFO - DAG(s) dict_keys(['example_weekday_branch_operator']) retrieved from /home/den/Projects/venv/lib/python3.10/site-packages/airflow/example_dags/example_branch_day_of_week_operator.py
[2023-11-20T14:57:51.736+0500] {logging_mixin.py:154} INFO - [2023-11-20T14:57:51.736+0500] {dag.py:2941} INFO - Sync 1 DAGs
[2023-11-20T14:57:51.761+0500] {logging_mixin.py:154} INFO - [2023-11-20T14:57:51.760+0500] {dag.py:3722} INFO - Setting next_dagrun for example_weekday_branch_operator to 2023-11-19T00:00:00+00:00, run_after=2023-11-20T00:00:00+00:00
[2023-11-20T14:57:51.778+0500] {processor.py:179} INFO - Processing /home/den/Projects/venv/lib/python3.10/site-packages/airflow/example_dags/example_branch_day_of_week_operator.py took 0.067 seconds
[2023-11-20T14:58:39.901+0500] {processor.py:157} INFO - Started process (PID=7781) to work on /home/den/Projects/venv/lib/python3.10/site-packages/airflow/example_dags/example_branch_day_of_week_operator.py
[2023-11-20T14:58:39.903+0500] {processor.py:829} INFO - Processing file /home/den/Projects/venv/lib/python3.10/site-packages/airflow/example_dags/example_branch_day_of_week_operator.py for tasks to queue
[2023-11-20T14:58:39.903+0500] {logging_mixin.py:154} INFO - [2023-11-20T14:58:39.903+0500] {dagbag.py:536} INFO - Filling up the DagBag from /home/den/Projects/venv/lib/python3.10/site-packages/airflow/example_dags/example_branch_day_of_week_operator.py
[2023-11-20T14:58:39.909+0500] {processor.py:839} INFO - DAG(s) dict_keys(['example_weekday_branch_operator']) retrieved from /home/den/Projects/venv/lib/python3.10/site-packages/airflow/example_dags/example_branch_day_of_week_operator.py
[2023-11-20T14:58:39.923+0500] {logging_mixin.py:154} INFO - [2023-11-20T14:58:39.923+0500] {dag.py:2941} INFO - Sync 1 DAGs
[2023-11-20T14:58:39.939+0500] {logging_mixin.py:154} INFO - [2023-11-20T14:58:39.938+0500] {dag.py:3722} INFO - Setting next_dagrun for example_weekday_branch_operator to 2023-11-19T00:00:00+00:00, run_after=2023-11-20T00:00:00+00:00
[2023-11-20T14:58:39.955+0500] {processor.py:179} INFO - Processing /home/den/Projects/venv/lib/python3.10/site-packages/airflow/example_dags/example_branch_day_of_week_operator.py took 0.057 seconds
[2023-11-20T14:59:26.682+0500] {processor.py:157} INFO - Started process (PID=7851) to work on /home/den/Projects/venv/lib/python3.10/site-packages/airflow/example_dags/example_branch_day_of_week_operator.py
[2023-11-20T14:59:26.683+0500] {processor.py:829} INFO - Processing file /home/den/Projects/venv/lib/python3.10/site-packages/airflow/example_dags/example_branch_day_of_week_operator.py for tasks to queue
[2023-11-20T14:59:26.684+0500] {logging_mixin.py:154} INFO - [2023-11-20T14:59:26.683+0500] {dagbag.py:536} INFO - Filling up the DagBag from /home/den/Projects/venv/lib/python3.10/site-packages/airflow/example_dags/example_branch_day_of_week_operator.py
[2023-11-20T14:59:26.691+0500] {processor.py:839} INFO - DAG(s) dict_keys(['example_weekday_branch_operator']) retrieved from /home/den/Projects/venv/lib/python3.10/site-packages/airflow/example_dags/example_branch_day_of_week_operator.py
[2023-11-20T14:59:26.704+0500] {logging_mixin.py:154} INFO - [2023-11-20T14:59:26.704+0500] {dag.py:2941} INFO - Sync 1 DAGs
[2023-11-20T14:59:26.726+0500] {logging_mixin.py:154} INFO - [2023-11-20T14:59:26.726+0500] {dag.py:3722} INFO - Setting next_dagrun for example_weekday_branch_operator to 2023-11-19T00:00:00+00:00, run_after=2023-11-20T00:00:00+00:00
[2023-11-20T14:59:26.759+0500] {processor.py:179} INFO - Processing /home/den/Projects/venv/lib/python3.10/site-packages/airflow/example_dags/example_branch_day_of_week_operator.py took 0.081 seconds
[2023-11-20T15:00:19.470+0500] {processor.py:157} INFO - Started process (PID=7951) to work on /home/den/Projects/venv/lib/python3.10/site-packages/airflow/example_dags/example_branch_day_of_week_operator.py
[2023-11-20T15:00:19.471+0500] {processor.py:829} INFO - Processing file /home/den/Projects/venv/lib/python3.10/site-packages/airflow/example_dags/example_branch_day_of_week_operator.py for tasks to queue
[2023-11-20T15:00:19.472+0500] {logging_mixin.py:154} INFO - [2023-11-20T15:00:19.471+0500] {dagbag.py:536} INFO - Filling up the DagBag from /home/den/Projects/venv/lib/python3.10/site-packages/airflow/example_dags/example_branch_day_of_week_operator.py
[2023-11-20T15:00:19.477+0500] {processor.py:839} INFO - DAG(s) dict_keys(['example_weekday_branch_operator']) retrieved from /home/den/Projects/venv/lib/python3.10/site-packages/airflow/example_dags/example_branch_day_of_week_operator.py
[2023-11-20T15:00:19.489+0500] {logging_mixin.py:154} INFO - [2023-11-20T15:00:19.489+0500] {dag.py:2941} INFO - Sync 1 DAGs
[2023-11-20T15:00:19.502+0500] {logging_mixin.py:154} INFO - [2023-11-20T15:00:19.502+0500] {dag.py:3722} INFO - Setting next_dagrun for example_weekday_branch_operator to 2023-11-19T00:00:00+00:00, run_after=2023-11-20T00:00:00+00:00
[2023-11-20T15:00:19.518+0500] {processor.py:179} INFO - Processing /home/den/Projects/venv/lib/python3.10/site-packages/airflow/example_dags/example_branch_day_of_week_operator.py took 0.051 seconds
[2023-11-20T15:01:11.715+0500] {processor.py:157} INFO - Started process (PID=8019) to work on /home/den/Projects/venv/lib/python3.10/site-packages/airflow/example_dags/example_branch_day_of_week_operator.py
[2023-11-20T15:01:11.717+0500] {processor.py:829} INFO - Processing file /home/den/Projects/venv/lib/python3.10/site-packages/airflow/example_dags/example_branch_day_of_week_operator.py for tasks to queue
[2023-11-20T15:01:11.718+0500] {logging_mixin.py:154} INFO - [2023-11-20T15:01:11.718+0500] {dagbag.py:536} INFO - Filling up the DagBag from /home/den/Projects/venv/lib/python3.10/site-packages/airflow/example_dags/example_branch_day_of_week_operator.py
[2023-11-20T15:01:11.724+0500] {processor.py:839} INFO - DAG(s) dict_keys(['example_weekday_branch_operator']) retrieved from /home/den/Projects/venv/lib/python3.10/site-packages/airflow/example_dags/example_branch_day_of_week_operator.py
[2023-11-20T15:01:11.736+0500] {logging_mixin.py:154} INFO - [2023-11-20T15:01:11.736+0500] {dag.py:2941} INFO - Sync 1 DAGs
[2023-11-20T15:01:11.749+0500] {logging_mixin.py:154} INFO - [2023-11-20T15:01:11.749+0500] {dag.py:3722} INFO - Setting next_dagrun for example_weekday_branch_operator to 2023-11-19T00:00:00+00:00, run_after=2023-11-20T00:00:00+00:00
[2023-11-20T15:01:11.765+0500] {processor.py:179} INFO - Processing /home/den/Projects/venv/lib/python3.10/site-packages/airflow/example_dags/example_branch_day_of_week_operator.py took 0.052 seconds
[2023-11-20T15:02:49.696+0500] {processor.py:157} INFO - Started process (PID=8197) to work on /home/den/Projects/venv/lib/python3.10/site-packages/airflow/example_dags/example_branch_day_of_week_operator.py
[2023-11-20T15:02:49.707+0500] {processor.py:829} INFO - Processing file /home/den/Projects/venv/lib/python3.10/site-packages/airflow/example_dags/example_branch_day_of_week_operator.py for tasks to queue
[2023-11-20T15:02:49.709+0500] {logging_mixin.py:154} INFO - [2023-11-20T15:02:49.708+0500] {dagbag.py:536} INFO - Filling up the DagBag from /home/den/Projects/venv/lib/python3.10/site-packages/airflow/example_dags/example_branch_day_of_week_operator.py
[2023-11-20T15:02:49.792+0500] {processor.py:839} INFO - DAG(s) dict_keys(['example_weekday_branch_operator']) retrieved from /home/den/Projects/venv/lib/python3.10/site-packages/airflow/example_dags/example_branch_day_of_week_operator.py
[2023-11-20T15:02:49.817+0500] {logging_mixin.py:154} INFO - [2023-11-20T15:02:49.817+0500] {dag.py:2941} INFO - Sync 1 DAGs
[2023-11-20T15:02:49.908+0500] {logging_mixin.py:154} INFO - [2023-11-20T15:02:49.908+0500] {dag.py:3722} INFO - Setting next_dagrun for example_weekday_branch_operator to 2023-11-19T00:00:00+00:00, run_after=2023-11-20T00:00:00+00:00
[2023-11-20T15:02:49.951+0500] {processor.py:179} INFO - Processing /home/den/Projects/venv/lib/python3.10/site-packages/airflow/example_dags/example_branch_day_of_week_operator.py took 0.264 seconds
[2023-11-20T15:03:51.017+0500] {processor.py:157} INFO - Started process (PID=8324) to work on /home/den/Projects/venv/lib/python3.10/site-packages/airflow/example_dags/example_branch_day_of_week_operator.py
[2023-11-20T15:03:51.022+0500] {processor.py:829} INFO - Processing file /home/den/Projects/venv/lib/python3.10/site-packages/airflow/example_dags/example_branch_day_of_week_operator.py for tasks to queue
[2023-11-20T15:03:51.029+0500] {logging_mixin.py:154} INFO - [2023-11-20T15:03:51.023+0500] {dagbag.py:536} INFO - Filling up the DagBag from /home/den/Projects/venv/lib/python3.10/site-packages/airflow/example_dags/example_branch_day_of_week_operator.py
[2023-11-20T15:03:51.039+0500] {processor.py:839} INFO - DAG(s) dict_keys(['example_weekday_branch_operator']) retrieved from /home/den/Projects/venv/lib/python3.10/site-packages/airflow/example_dags/example_branch_day_of_week_operator.py
[2023-11-20T15:03:51.070+0500] {logging_mixin.py:154} INFO - [2023-11-20T15:03:51.070+0500] {dag.py:2941} INFO - Sync 1 DAGs
[2023-11-20T15:03:51.104+0500] {logging_mixin.py:154} INFO - [2023-11-20T15:03:51.103+0500] {dag.py:3722} INFO - Setting next_dagrun for example_weekday_branch_operator to 2023-11-19T00:00:00+00:00, run_after=2023-11-20T00:00:00+00:00
[2023-11-20T15:03:51.156+0500] {processor.py:179} INFO - Processing /home/den/Projects/venv/lib/python3.10/site-packages/airflow/example_dags/example_branch_day_of_week_operator.py took 0.144 seconds
[2023-11-20T15:04:46.542+0500] {processor.py:157} INFO - Started process (PID=8389) to work on /home/den/Projects/venv/lib/python3.10/site-packages/airflow/example_dags/example_branch_day_of_week_operator.py
[2023-11-20T15:04:46.543+0500] {processor.py:829} INFO - Processing file /home/den/Projects/venv/lib/python3.10/site-packages/airflow/example_dags/example_branch_day_of_week_operator.py for tasks to queue
[2023-11-20T15:04:46.544+0500] {logging_mixin.py:154} INFO - [2023-11-20T15:04:46.544+0500] {dagbag.py:536} INFO - Filling up the DagBag from /home/den/Projects/venv/lib/python3.10/site-packages/airflow/example_dags/example_branch_day_of_week_operator.py
[2023-11-20T15:04:46.561+0500] {processor.py:839} INFO - DAG(s) dict_keys(['example_weekday_branch_operator']) retrieved from /home/den/Projects/venv/lib/python3.10/site-packages/airflow/example_dags/example_branch_day_of_week_operator.py
[2023-11-20T15:04:46.588+0500] {logging_mixin.py:154} INFO - [2023-11-20T15:04:46.587+0500] {dag.py:2941} INFO - Sync 1 DAGs
[2023-11-20T15:04:46.614+0500] {logging_mixin.py:154} INFO - [2023-11-20T15:04:46.614+0500] {dag.py:3722} INFO - Setting next_dagrun for example_weekday_branch_operator to 2023-11-19T00:00:00+00:00, run_after=2023-11-20T00:00:00+00:00
[2023-11-20T15:04:46.655+0500] {processor.py:179} INFO - Processing /home/den/Projects/venv/lib/python3.10/site-packages/airflow/example_dags/example_branch_day_of_week_operator.py took 0.117 seconds
[2023-11-20T15:05:45.607+0500] {processor.py:157} INFO - Started process (PID=8469) to work on /home/den/Projects/venv/lib/python3.10/site-packages/airflow/example_dags/example_branch_day_of_week_operator.py
[2023-11-20T15:05:45.611+0500] {processor.py:829} INFO - Processing file /home/den/Projects/venv/lib/python3.10/site-packages/airflow/example_dags/example_branch_day_of_week_operator.py for tasks to queue
[2023-11-20T15:05:45.612+0500] {logging_mixin.py:154} INFO - [2023-11-20T15:05:45.611+0500] {dagbag.py:536} INFO - Filling up the DagBag from /home/den/Projects/venv/lib/python3.10/site-packages/airflow/example_dags/example_branch_day_of_week_operator.py
[2023-11-20T15:05:45.620+0500] {processor.py:839} INFO - DAG(s) dict_keys(['example_weekday_branch_operator']) retrieved from /home/den/Projects/venv/lib/python3.10/site-packages/airflow/example_dags/example_branch_day_of_week_operator.py
[2023-11-20T15:05:45.650+0500] {logging_mixin.py:154} INFO - [2023-11-20T15:05:45.650+0500] {dag.py:2941} INFO - Sync 1 DAGs
[2023-11-20T15:05:45.674+0500] {logging_mixin.py:154} INFO - [2023-11-20T15:05:45.674+0500] {dag.py:3722} INFO - Setting next_dagrun for example_weekday_branch_operator to 2023-11-19T00:00:00+00:00, run_after=2023-11-20T00:00:00+00:00
[2023-11-20T15:05:45.726+0500] {processor.py:179} INFO - Processing /home/den/Projects/venv/lib/python3.10/site-packages/airflow/example_dags/example_branch_day_of_week_operator.py took 0.126 seconds
[2023-11-20T15:06:41.048+0500] {processor.py:157} INFO - Started process (PID=8568) to work on /home/den/Projects/venv/lib/python3.10/site-packages/airflow/example_dags/example_branch_day_of_week_operator.py
[2023-11-20T15:06:41.058+0500] {processor.py:829} INFO - Processing file /home/den/Projects/venv/lib/python3.10/site-packages/airflow/example_dags/example_branch_day_of_week_operator.py for tasks to queue
[2023-11-20T15:06:41.062+0500] {logging_mixin.py:154} INFO - [2023-11-20T15:06:41.062+0500] {dagbag.py:536} INFO - Filling up the DagBag from /home/den/Projects/venv/lib/python3.10/site-packages/airflow/example_dags/example_branch_day_of_week_operator.py
[2023-11-20T15:06:41.072+0500] {processor.py:839} INFO - DAG(s) dict_keys(['example_weekday_branch_operator']) retrieved from /home/den/Projects/venv/lib/python3.10/site-packages/airflow/example_dags/example_branch_day_of_week_operator.py
[2023-11-20T15:06:41.091+0500] {logging_mixin.py:154} INFO - [2023-11-20T15:06:41.091+0500] {dag.py:2941} INFO - Sync 1 DAGs
[2023-11-20T15:06:41.121+0500] {logging_mixin.py:154} INFO - [2023-11-20T15:06:41.121+0500] {dag.py:3722} INFO - Setting next_dagrun for example_weekday_branch_operator to 2023-11-19T00:00:00+00:00, run_after=2023-11-20T00:00:00+00:00
[2023-11-20T15:06:41.167+0500] {processor.py:179} INFO - Processing /home/den/Projects/venv/lib/python3.10/site-packages/airflow/example_dags/example_branch_day_of_week_operator.py took 0.122 seconds
[2023-11-20T15:07:46.340+0500] {processor.py:157} INFO - Started process (PID=8665) to work on /home/den/Projects/venv/lib/python3.10/site-packages/airflow/example_dags/example_branch_day_of_week_operator.py
[2023-11-20T15:07:46.351+0500] {processor.py:829} INFO - Processing file /home/den/Projects/venv/lib/python3.10/site-packages/airflow/example_dags/example_branch_day_of_week_operator.py for tasks to queue
[2023-11-20T15:07:46.353+0500] {logging_mixin.py:154} INFO - [2023-11-20T15:07:46.352+0500] {dagbag.py:536} INFO - Filling up the DagBag from /home/den/Projects/venv/lib/python3.10/site-packages/airflow/example_dags/example_branch_day_of_week_operator.py
[2023-11-20T15:07:46.360+0500] {processor.py:839} INFO - DAG(s) dict_keys(['example_weekday_branch_operator']) retrieved from /home/den/Projects/venv/lib/python3.10/site-packages/airflow/example_dags/example_branch_day_of_week_operator.py
[2023-11-20T15:07:46.379+0500] {logging_mixin.py:154} INFO - [2023-11-20T15:07:46.378+0500] {dag.py:2941} INFO - Sync 1 DAGs
[2023-11-20T15:07:46.403+0500] {logging_mixin.py:154} INFO - [2023-11-20T15:07:46.403+0500] {dag.py:3722} INFO - Setting next_dagrun for example_weekday_branch_operator to 2023-11-19T00:00:00+00:00, run_after=2023-11-20T00:00:00+00:00
[2023-11-20T15:07:46.426+0500] {processor.py:179} INFO - Processing /home/den/Projects/venv/lib/python3.10/site-packages/airflow/example_dags/example_branch_day_of_week_operator.py took 0.089 seconds
[2023-11-20T15:08:38.754+0500] {processor.py:157} INFO - Started process (PID=8768) to work on /home/den/Projects/venv/lib/python3.10/site-packages/airflow/example_dags/example_branch_day_of_week_operator.py
[2023-11-20T15:08:38.759+0500] {processor.py:829} INFO - Processing file /home/den/Projects/venv/lib/python3.10/site-packages/airflow/example_dags/example_branch_day_of_week_operator.py for tasks to queue
[2023-11-20T15:08:38.760+0500] {logging_mixin.py:154} INFO - [2023-11-20T15:08:38.760+0500] {dagbag.py:536} INFO - Filling up the DagBag from /home/den/Projects/venv/lib/python3.10/site-packages/airflow/example_dags/example_branch_day_of_week_operator.py
[2023-11-20T15:08:38.775+0500] {processor.py:839} INFO - DAG(s) dict_keys(['example_weekday_branch_operator']) retrieved from /home/den/Projects/venv/lib/python3.10/site-packages/airflow/example_dags/example_branch_day_of_week_operator.py
[2023-11-20T15:08:38.810+0500] {logging_mixin.py:154} INFO - [2023-11-20T15:08:38.810+0500] {dag.py:2941} INFO - Sync 1 DAGs
[2023-11-20T15:08:38.827+0500] {logging_mixin.py:154} INFO - [2023-11-20T15:08:38.827+0500] {dag.py:3722} INFO - Setting next_dagrun for example_weekday_branch_operator to 2023-11-19T00:00:00+00:00, run_after=2023-11-20T00:00:00+00:00
[2023-11-20T15:08:38.872+0500] {processor.py:179} INFO - Processing /home/den/Projects/venv/lib/python3.10/site-packages/airflow/example_dags/example_branch_day_of_week_operator.py took 0.143 seconds
[2023-11-20T15:09:38.582+0500] {processor.py:157} INFO - Started process (PID=8849) to work on /home/den/Projects/venv/lib/python3.10/site-packages/airflow/example_dags/example_branch_day_of_week_operator.py
[2023-11-20T15:09:38.584+0500] {processor.py:829} INFO - Processing file /home/den/Projects/venv/lib/python3.10/site-packages/airflow/example_dags/example_branch_day_of_week_operator.py for tasks to queue
[2023-11-20T15:09:38.591+0500] {logging_mixin.py:154} INFO - [2023-11-20T15:09:38.590+0500] {dagbag.py:536} INFO - Filling up the DagBag from /home/den/Projects/venv/lib/python3.10/site-packages/airflow/example_dags/example_branch_day_of_week_operator.py
[2023-11-20T15:09:38.602+0500] {processor.py:839} INFO - DAG(s) dict_keys(['example_weekday_branch_operator']) retrieved from /home/den/Projects/venv/lib/python3.10/site-packages/airflow/example_dags/example_branch_day_of_week_operator.py
[2023-11-20T15:09:38.627+0500] {logging_mixin.py:154} INFO - [2023-11-20T15:09:38.627+0500] {dag.py:2941} INFO - Sync 1 DAGs
[2023-11-20T15:09:38.652+0500] {logging_mixin.py:154} INFO - [2023-11-20T15:09:38.651+0500] {dag.py:3722} INFO - Setting next_dagrun for example_weekday_branch_operator to 2023-11-19T00:00:00+00:00, run_after=2023-11-20T00:00:00+00:00
[2023-11-20T15:09:38.683+0500] {processor.py:179} INFO - Processing /home/den/Projects/venv/lib/python3.10/site-packages/airflow/example_dags/example_branch_day_of_week_operator.py took 0.105 seconds
[2023-11-20T15:10:42.065+0500] {processor.py:157} INFO - Started process (PID=8954) to work on /home/den/Projects/venv/lib/python3.10/site-packages/airflow/example_dags/example_branch_day_of_week_operator.py
[2023-11-20T15:10:42.078+0500] {processor.py:829} INFO - Processing file /home/den/Projects/venv/lib/python3.10/site-packages/airflow/example_dags/example_branch_day_of_week_operator.py for tasks to queue
[2023-11-20T15:10:42.080+0500] {logging_mixin.py:154} INFO - [2023-11-20T15:10:42.079+0500] {dagbag.py:536} INFO - Filling up the DagBag from /home/den/Projects/venv/lib/python3.10/site-packages/airflow/example_dags/example_branch_day_of_week_operator.py
[2023-11-20T15:10:42.098+0500] {processor.py:839} INFO - DAG(s) dict_keys(['example_weekday_branch_operator']) retrieved from /home/den/Projects/venv/lib/python3.10/site-packages/airflow/example_dags/example_branch_day_of_week_operator.py
[2023-11-20T15:10:42.120+0500] {logging_mixin.py:154} INFO - [2023-11-20T15:10:42.119+0500] {dag.py:2941} INFO - Sync 1 DAGs
[2023-11-20T15:10:42.145+0500] {logging_mixin.py:154} INFO - [2023-11-20T15:10:42.145+0500] {dag.py:3722} INFO - Setting next_dagrun for example_weekday_branch_operator to 2023-11-19T00:00:00+00:00, run_after=2023-11-20T00:00:00+00:00
[2023-11-20T15:10:42.181+0500] {processor.py:179} INFO - Processing /home/den/Projects/venv/lib/python3.10/site-packages/airflow/example_dags/example_branch_day_of_week_operator.py took 0.121 seconds
[2023-11-20T15:11:30.500+0500] {processor.py:157} INFO - Started process (PID=9023) to work on /home/den/Projects/venv/lib/python3.10/site-packages/airflow/example_dags/example_branch_day_of_week_operator.py
[2023-11-20T15:11:30.504+0500] {processor.py:829} INFO - Processing file /home/den/Projects/venv/lib/python3.10/site-packages/airflow/example_dags/example_branch_day_of_week_operator.py for tasks to queue
[2023-11-20T15:11:30.509+0500] {logging_mixin.py:154} INFO - [2023-11-20T15:11:30.508+0500] {dagbag.py:536} INFO - Filling up the DagBag from /home/den/Projects/venv/lib/python3.10/site-packages/airflow/example_dags/example_branch_day_of_week_operator.py
[2023-11-20T15:11:30.521+0500] {processor.py:839} INFO - DAG(s) dict_keys(['example_weekday_branch_operator']) retrieved from /home/den/Projects/venv/lib/python3.10/site-packages/airflow/example_dags/example_branch_day_of_week_operator.py
[2023-11-20T15:11:30.544+0500] {logging_mixin.py:154} INFO - [2023-11-20T15:11:30.544+0500] {dag.py:2941} INFO - Sync 1 DAGs
[2023-11-20T15:11:30.571+0500] {logging_mixin.py:154} INFO - [2023-11-20T15:11:30.571+0500] {dag.py:3722} INFO - Setting next_dagrun for example_weekday_branch_operator to 2023-11-19T00:00:00+00:00, run_after=2023-11-20T00:00:00+00:00
[2023-11-20T15:11:30.613+0500] {processor.py:179} INFO - Processing /home/den/Projects/venv/lib/python3.10/site-packages/airflow/example_dags/example_branch_day_of_week_operator.py took 0.117 seconds
[2023-11-20T15:12:25.703+0500] {processor.py:157} INFO - Started process (PID=9123) to work on /home/den/Projects/venv/lib/python3.10/site-packages/airflow/example_dags/example_branch_day_of_week_operator.py
[2023-11-20T15:12:25.706+0500] {processor.py:829} INFO - Processing file /home/den/Projects/venv/lib/python3.10/site-packages/airflow/example_dags/example_branch_day_of_week_operator.py for tasks to queue
[2023-11-20T15:12:25.707+0500] {logging_mixin.py:154} INFO - [2023-11-20T15:12:25.706+0500] {dagbag.py:536} INFO - Filling up the DagBag from /home/den/Projects/venv/lib/python3.10/site-packages/airflow/example_dags/example_branch_day_of_week_operator.py
[2023-11-20T15:12:25.720+0500] {processor.py:839} INFO - DAG(s) dict_keys(['example_weekday_branch_operator']) retrieved from /home/den/Projects/venv/lib/python3.10/site-packages/airflow/example_dags/example_branch_day_of_week_operator.py
[2023-11-20T15:12:25.741+0500] {logging_mixin.py:154} INFO - [2023-11-20T15:12:25.741+0500] {dag.py:2941} INFO - Sync 1 DAGs
[2023-11-20T15:12:25.762+0500] {logging_mixin.py:154} INFO - [2023-11-20T15:12:25.762+0500] {dag.py:3722} INFO - Setting next_dagrun for example_weekday_branch_operator to 2023-11-19T00:00:00+00:00, run_after=2023-11-20T00:00:00+00:00
[2023-11-20T15:12:25.784+0500] {processor.py:179} INFO - Processing /home/den/Projects/venv/lib/python3.10/site-packages/airflow/example_dags/example_branch_day_of_week_operator.py took 0.087 seconds
[2023-11-20T15:13:18.431+0500] {processor.py:157} INFO - Started process (PID=9194) to work on /home/den/Projects/venv/lib/python3.10/site-packages/airflow/example_dags/example_branch_day_of_week_operator.py
[2023-11-20T15:13:18.432+0500] {processor.py:829} INFO - Processing file /home/den/Projects/venv/lib/python3.10/site-packages/airflow/example_dags/example_branch_day_of_week_operator.py for tasks to queue
[2023-11-20T15:13:18.433+0500] {logging_mixin.py:154} INFO - [2023-11-20T15:13:18.433+0500] {dagbag.py:536} INFO - Filling up the DagBag from /home/den/Projects/venv/lib/python3.10/site-packages/airflow/example_dags/example_branch_day_of_week_operator.py
[2023-11-20T15:13:18.449+0500] {processor.py:839} INFO - DAG(s) dict_keys(['example_weekday_branch_operator']) retrieved from /home/den/Projects/venv/lib/python3.10/site-packages/airflow/example_dags/example_branch_day_of_week_operator.py
[2023-11-20T15:13:18.476+0500] {logging_mixin.py:154} INFO - [2023-11-20T15:13:18.476+0500] {dag.py:2941} INFO - Sync 1 DAGs
[2023-11-20T15:13:18.503+0500] {logging_mixin.py:154} INFO - [2023-11-20T15:13:18.502+0500] {dag.py:3722} INFO - Setting next_dagrun for example_weekday_branch_operator to 2023-11-19T00:00:00+00:00, run_after=2023-11-20T00:00:00+00:00
[2023-11-20T15:13:18.539+0500] {processor.py:179} INFO - Processing /home/den/Projects/venv/lib/python3.10/site-packages/airflow/example_dags/example_branch_day_of_week_operator.py took 0.113 seconds
[2023-11-20T15:14:14.981+0500] {processor.py:157} INFO - Started process (PID=9298) to work on /home/den/Projects/venv/lib/python3.10/site-packages/airflow/example_dags/example_branch_day_of_week_operator.py
[2023-11-20T15:14:14.984+0500] {processor.py:829} INFO - Processing file /home/den/Projects/venv/lib/python3.10/site-packages/airflow/example_dags/example_branch_day_of_week_operator.py for tasks to queue
[2023-11-20T15:14:14.986+0500] {logging_mixin.py:154} INFO - [2023-11-20T15:14:14.985+0500] {dagbag.py:536} INFO - Filling up the DagBag from /home/den/Projects/venv/lib/python3.10/site-packages/airflow/example_dags/example_branch_day_of_week_operator.py
[2023-11-20T15:14:15.000+0500] {processor.py:839} INFO - DAG(s) dict_keys(['example_weekday_branch_operator']) retrieved from /home/den/Projects/venv/lib/python3.10/site-packages/airflow/example_dags/example_branch_day_of_week_operator.py
[2023-11-20T15:14:15.028+0500] {logging_mixin.py:154} INFO - [2023-11-20T15:14:15.028+0500] {dag.py:2941} INFO - Sync 1 DAGs
[2023-11-20T15:14:15.056+0500] {logging_mixin.py:154} INFO - [2023-11-20T15:14:15.056+0500] {dag.py:3722} INFO - Setting next_dagrun for example_weekday_branch_operator to 2023-11-19T00:00:00+00:00, run_after=2023-11-20T00:00:00+00:00
[2023-11-20T15:14:15.095+0500] {processor.py:179} INFO - Processing /home/den/Projects/venv/lib/python3.10/site-packages/airflow/example_dags/example_branch_day_of_week_operator.py took 0.119 seconds
[2023-11-20T15:15:09.758+0500] {processor.py:157} INFO - Started process (PID=9381) to work on /home/den/Projects/venv/lib/python3.10/site-packages/airflow/example_dags/example_branch_day_of_week_operator.py
[2023-11-20T15:15:09.760+0500] {processor.py:829} INFO - Processing file /home/den/Projects/venv/lib/python3.10/site-packages/airflow/example_dags/example_branch_day_of_week_operator.py for tasks to queue
[2023-11-20T15:15:09.761+0500] {logging_mixin.py:154} INFO - [2023-11-20T15:15:09.760+0500] {dagbag.py:536} INFO - Filling up the DagBag from /home/den/Projects/venv/lib/python3.10/site-packages/airflow/example_dags/example_branch_day_of_week_operator.py
[2023-11-20T15:15:09.768+0500] {processor.py:839} INFO - DAG(s) dict_keys(['example_weekday_branch_operator']) retrieved from /home/den/Projects/venv/lib/python3.10/site-packages/airflow/example_dags/example_branch_day_of_week_operator.py
[2023-11-20T15:15:09.782+0500] {logging_mixin.py:154} INFO - [2023-11-20T15:15:09.782+0500] {dag.py:2941} INFO - Sync 1 DAGs
[2023-11-20T15:15:09.798+0500] {logging_mixin.py:154} INFO - [2023-11-20T15:15:09.798+0500] {dag.py:3722} INFO - Setting next_dagrun for example_weekday_branch_operator to 2023-11-19T00:00:00+00:00, run_after=2023-11-20T00:00:00+00:00
[2023-11-20T15:15:09.825+0500] {processor.py:179} INFO - Processing /home/den/Projects/venv/lib/python3.10/site-packages/airflow/example_dags/example_branch_day_of_week_operator.py took 0.070 seconds
[2023-11-20T15:15:59.013+0500] {processor.py:157} INFO - Started process (PID=9475) to work on /home/den/Projects/venv/lib/python3.10/site-packages/airflow/example_dags/example_branch_day_of_week_operator.py
[2023-11-20T15:15:59.014+0500] {processor.py:829} INFO - Processing file /home/den/Projects/venv/lib/python3.10/site-packages/airflow/example_dags/example_branch_day_of_week_operator.py for tasks to queue
[2023-11-20T15:15:59.015+0500] {logging_mixin.py:154} INFO - [2023-11-20T15:15:59.014+0500] {dagbag.py:536} INFO - Filling up the DagBag from /home/den/Projects/venv/lib/python3.10/site-packages/airflow/example_dags/example_branch_day_of_week_operator.py
[2023-11-20T15:15:59.022+0500] {processor.py:839} INFO - DAG(s) dict_keys(['example_weekday_branch_operator']) retrieved from /home/den/Projects/venv/lib/python3.10/site-packages/airflow/example_dags/example_branch_day_of_week_operator.py
[2023-11-20T15:15:59.036+0500] {logging_mixin.py:154} INFO - [2023-11-20T15:15:59.036+0500] {dag.py:2941} INFO - Sync 1 DAGs
[2023-11-20T15:15:59.052+0500] {logging_mixin.py:154} INFO - [2023-11-20T15:15:59.052+0500] {dag.py:3722} INFO - Setting next_dagrun for example_weekday_branch_operator to 2023-11-19T00:00:00+00:00, run_after=2023-11-20T00:00:00+00:00
[2023-11-20T15:15:59.079+0500] {processor.py:179} INFO - Processing /home/den/Projects/venv/lib/python3.10/site-packages/airflow/example_dags/example_branch_day_of_week_operator.py took 0.069 seconds
[2023-11-20T15:16:47.204+0500] {processor.py:157} INFO - Started process (PID=9535) to work on /home/den/Projects/venv/lib/python3.10/site-packages/airflow/example_dags/example_branch_day_of_week_operator.py
[2023-11-20T15:16:47.206+0500] {processor.py:829} INFO - Processing file /home/den/Projects/venv/lib/python3.10/site-packages/airflow/example_dags/example_branch_day_of_week_operator.py for tasks to queue
[2023-11-20T15:16:47.207+0500] {logging_mixin.py:154} INFO - [2023-11-20T15:16:47.206+0500] {dagbag.py:536} INFO - Filling up the DagBag from /home/den/Projects/venv/lib/python3.10/site-packages/airflow/example_dags/example_branch_day_of_week_operator.py
[2023-11-20T15:16:47.214+0500] {processor.py:839} INFO - DAG(s) dict_keys(['example_weekday_branch_operator']) retrieved from /home/den/Projects/venv/lib/python3.10/site-packages/airflow/example_dags/example_branch_day_of_week_operator.py
[2023-11-20T15:16:47.229+0500] {logging_mixin.py:154} INFO - [2023-11-20T15:16:47.228+0500] {dag.py:2941} INFO - Sync 1 DAGs
[2023-11-20T15:16:47.244+0500] {logging_mixin.py:154} INFO - [2023-11-20T15:16:47.244+0500] {dag.py:3722} INFO - Setting next_dagrun for example_weekday_branch_operator to 2023-11-19T00:00:00+00:00, run_after=2023-11-20T00:00:00+00:00
[2023-11-20T15:16:47.261+0500] {processor.py:179} INFO - Processing /home/den/Projects/venv/lib/python3.10/site-packages/airflow/example_dags/example_branch_day_of_week_operator.py took 0.061 seconds
[2023-11-20T15:17:32.550+0500] {processor.py:157} INFO - Started process (PID=9607) to work on /home/den/Projects/venv/lib/python3.10/site-packages/airflow/example_dags/example_branch_day_of_week_operator.py
[2023-11-20T15:17:32.552+0500] {processor.py:829} INFO - Processing file /home/den/Projects/venv/lib/python3.10/site-packages/airflow/example_dags/example_branch_day_of_week_operator.py for tasks to queue
[2023-11-20T15:17:32.554+0500] {logging_mixin.py:154} INFO - [2023-11-20T15:17:32.552+0500] {dagbag.py:536} INFO - Filling up the DagBag from /home/den/Projects/venv/lib/python3.10/site-packages/airflow/example_dags/example_branch_day_of_week_operator.py
[2023-11-20T15:17:32.561+0500] {processor.py:839} INFO - DAG(s) dict_keys(['example_weekday_branch_operator']) retrieved from /home/den/Projects/venv/lib/python3.10/site-packages/airflow/example_dags/example_branch_day_of_week_operator.py
[2023-11-20T15:17:32.574+0500] {logging_mixin.py:154} INFO - [2023-11-20T15:17:32.573+0500] {dag.py:2941} INFO - Sync 1 DAGs
[2023-11-20T15:17:32.588+0500] {logging_mixin.py:154} INFO - [2023-11-20T15:17:32.587+0500] {dag.py:3722} INFO - Setting next_dagrun for example_weekday_branch_operator to 2023-11-19T00:00:00+00:00, run_after=2023-11-20T00:00:00+00:00
[2023-11-20T15:17:32.607+0500] {processor.py:179} INFO - Processing /home/den/Projects/venv/lib/python3.10/site-packages/airflow/example_dags/example_branch_day_of_week_operator.py took 0.060 seconds
[2023-11-20T15:18:20.276+0500] {processor.py:157} INFO - Started process (PID=9695) to work on /home/den/Projects/venv/lib/python3.10/site-packages/airflow/example_dags/example_branch_day_of_week_operator.py
[2023-11-20T15:18:20.277+0500] {processor.py:829} INFO - Processing file /home/den/Projects/venv/lib/python3.10/site-packages/airflow/example_dags/example_branch_day_of_week_operator.py for tasks to queue
[2023-11-20T15:18:20.278+0500] {logging_mixin.py:154} INFO - [2023-11-20T15:18:20.278+0500] {dagbag.py:536} INFO - Filling up the DagBag from /home/den/Projects/venv/lib/python3.10/site-packages/airflow/example_dags/example_branch_day_of_week_operator.py
[2023-11-20T15:18:20.286+0500] {processor.py:839} INFO - DAG(s) dict_keys(['example_weekday_branch_operator']) retrieved from /home/den/Projects/venv/lib/python3.10/site-packages/airflow/example_dags/example_branch_day_of_week_operator.py
[2023-11-20T15:18:20.301+0500] {logging_mixin.py:154} INFO - [2023-11-20T15:18:20.301+0500] {dag.py:2941} INFO - Sync 1 DAGs
[2023-11-20T15:18:20.317+0500] {logging_mixin.py:154} INFO - [2023-11-20T15:18:20.317+0500] {dag.py:3722} INFO - Setting next_dagrun for example_weekday_branch_operator to 2023-11-19T00:00:00+00:00, run_after=2023-11-20T00:00:00+00:00
[2023-11-20T15:18:20.342+0500] {processor.py:179} INFO - Processing /home/den/Projects/venv/lib/python3.10/site-packages/airflow/example_dags/example_branch_day_of_week_operator.py took 0.069 seconds
[2023-11-20T15:19:11.653+0500] {processor.py:157} INFO - Started process (PID=9767) to work on /home/den/Projects/venv/lib/python3.10/site-packages/airflow/example_dags/example_branch_day_of_week_operator.py
[2023-11-20T15:19:11.656+0500] {processor.py:829} INFO - Processing file /home/den/Projects/venv/lib/python3.10/site-packages/airflow/example_dags/example_branch_day_of_week_operator.py for tasks to queue
[2023-11-20T15:19:11.656+0500] {logging_mixin.py:154} INFO - [2023-11-20T15:19:11.656+0500] {dagbag.py:536} INFO - Filling up the DagBag from /home/den/Projects/venv/lib/python3.10/site-packages/airflow/example_dags/example_branch_day_of_week_operator.py
[2023-11-20T15:19:11.663+0500] {processor.py:839} INFO - DAG(s) dict_keys(['example_weekday_branch_operator']) retrieved from /home/den/Projects/venv/lib/python3.10/site-packages/airflow/example_dags/example_branch_day_of_week_operator.py
[2023-11-20T15:19:11.680+0500] {logging_mixin.py:154} INFO - [2023-11-20T15:19:11.680+0500] {dag.py:2941} INFO - Sync 1 DAGs
[2023-11-20T15:19:11.697+0500] {logging_mixin.py:154} INFO - [2023-11-20T15:19:11.696+0500] {dag.py:3722} INFO - Setting next_dagrun for example_weekday_branch_operator to 2023-11-19T00:00:00+00:00, run_after=2023-11-20T00:00:00+00:00
[2023-11-20T15:19:11.714+0500] {processor.py:179} INFO - Processing /home/den/Projects/venv/lib/python3.10/site-packages/airflow/example_dags/example_branch_day_of_week_operator.py took 0.063 seconds
[2023-11-20T15:19:59.162+0500] {processor.py:157} INFO - Started process (PID=9923) to work on /home/den/Projects/venv/lib/python3.10/site-packages/airflow/example_dags/example_branch_day_of_week_operator.py
[2023-11-20T15:19:59.168+0500] {processor.py:829} INFO - Processing file /home/den/Projects/venv/lib/python3.10/site-packages/airflow/example_dags/example_branch_day_of_week_operator.py for tasks to queue
[2023-11-20T15:19:59.169+0500] {logging_mixin.py:154} INFO - [2023-11-20T15:19:59.169+0500] {dagbag.py:536} INFO - Filling up the DagBag from /home/den/Projects/venv/lib/python3.10/site-packages/airflow/example_dags/example_branch_day_of_week_operator.py
[2023-11-20T15:19:59.186+0500] {processor.py:839} INFO - DAG(s) dict_keys(['example_weekday_branch_operator']) retrieved from /home/den/Projects/venv/lib/python3.10/site-packages/airflow/example_dags/example_branch_day_of_week_operator.py
[2023-11-20T15:19:59.206+0500] {logging_mixin.py:154} INFO - [2023-11-20T15:19:59.206+0500] {dag.py:2941} INFO - Sync 1 DAGs
[2023-11-20T15:19:59.228+0500] {logging_mixin.py:154} INFO - [2023-11-20T15:19:59.228+0500] {dag.py:3722} INFO - Setting next_dagrun for example_weekday_branch_operator to 2023-11-19T00:00:00+00:00, run_after=2023-11-20T00:00:00+00:00
[2023-11-20T15:19:59.257+0500] {processor.py:179} INFO - Processing /home/den/Projects/venv/lib/python3.10/site-packages/airflow/example_dags/example_branch_day_of_week_operator.py took 0.099 seconds
[2023-11-20T15:21:02.081+0500] {processor.py:157} INFO - Started process (PID=10005) to work on /home/den/Projects/venv/lib/python3.10/site-packages/airflow/example_dags/example_branch_day_of_week_operator.py
[2023-11-20T15:21:02.090+0500] {processor.py:829} INFO - Processing file /home/den/Projects/venv/lib/python3.10/site-packages/airflow/example_dags/example_branch_day_of_week_operator.py for tasks to queue
[2023-11-20T15:21:02.092+0500] {logging_mixin.py:154} INFO - [2023-11-20T15:21:02.092+0500] {dagbag.py:536} INFO - Filling up the DagBag from /home/den/Projects/venv/lib/python3.10/site-packages/airflow/example_dags/example_branch_day_of_week_operator.py
[2023-11-20T15:21:02.101+0500] {processor.py:839} INFO - DAG(s) dict_keys(['example_weekday_branch_operator']) retrieved from /home/den/Projects/venv/lib/python3.10/site-packages/airflow/example_dags/example_branch_day_of_week_operator.py
[2023-11-20T15:21:02.115+0500] {logging_mixin.py:154} INFO - [2023-11-20T15:21:02.115+0500] {dag.py:2941} INFO - Sync 1 DAGs
[2023-11-20T15:21:02.130+0500] {logging_mixin.py:154} INFO - [2023-11-20T15:21:02.130+0500] {dag.py:3722} INFO - Setting next_dagrun for example_weekday_branch_operator to 2023-11-19T00:00:00+00:00, run_after=2023-11-20T00:00:00+00:00
[2023-11-20T15:21:02.159+0500] {processor.py:179} INFO - Processing /home/den/Projects/venv/lib/python3.10/site-packages/airflow/example_dags/example_branch_day_of_week_operator.py took 0.081 seconds
[2023-11-20T15:22:07.700+0500] {processor.py:157} INFO - Started process (PID=10117) to work on /home/den/Projects/venv/lib/python3.10/site-packages/airflow/example_dags/example_branch_day_of_week_operator.py
[2023-11-20T15:22:07.705+0500] {processor.py:829} INFO - Processing file /home/den/Projects/venv/lib/python3.10/site-packages/airflow/example_dags/example_branch_day_of_week_operator.py for tasks to queue
[2023-11-20T15:22:07.706+0500] {logging_mixin.py:154} INFO - [2023-11-20T15:22:07.705+0500] {dagbag.py:536} INFO - Filling up the DagBag from /home/den/Projects/venv/lib/python3.10/site-packages/airflow/example_dags/example_branch_day_of_week_operator.py
[2023-11-20T15:22:07.722+0500] {processor.py:839} INFO - DAG(s) dict_keys(['example_weekday_branch_operator']) retrieved from /home/den/Projects/venv/lib/python3.10/site-packages/airflow/example_dags/example_branch_day_of_week_operator.py
[2023-11-20T15:22:07.754+0500] {logging_mixin.py:154} INFO - [2023-11-20T15:22:07.753+0500] {dag.py:2941} INFO - Sync 1 DAGs
[2023-11-20T15:22:07.768+0500] {logging_mixin.py:154} INFO - [2023-11-20T15:22:07.768+0500] {dag.py:3722} INFO - Setting next_dagrun for example_weekday_branch_operator to 2023-11-19T00:00:00+00:00, run_after=2023-11-20T00:00:00+00:00
[2023-11-20T15:22:07.786+0500] {processor.py:179} INFO - Processing /home/den/Projects/venv/lib/python3.10/site-packages/airflow/example_dags/example_branch_day_of_week_operator.py took 0.089 seconds
[2023-11-20T15:23:08.773+0500] {processor.py:157} INFO - Started process (PID=10195) to work on /home/den/Projects/venv/lib/python3.10/site-packages/airflow/example_dags/example_branch_day_of_week_operator.py
[2023-11-20T15:23:08.775+0500] {processor.py:829} INFO - Processing file /home/den/Projects/venv/lib/python3.10/site-packages/airflow/example_dags/example_branch_day_of_week_operator.py for tasks to queue
[2023-11-20T15:23:08.776+0500] {logging_mixin.py:154} INFO - [2023-11-20T15:23:08.775+0500] {dagbag.py:536} INFO - Filling up the DagBag from /home/den/Projects/venv/lib/python3.10/site-packages/airflow/example_dags/example_branch_day_of_week_operator.py
[2023-11-20T15:23:08.798+0500] {processor.py:839} INFO - DAG(s) dict_keys(['example_weekday_branch_operator']) retrieved from /home/den/Projects/venv/lib/python3.10/site-packages/airflow/example_dags/example_branch_day_of_week_operator.py
[2023-11-20T15:23:08.834+0500] {logging_mixin.py:154} INFO - [2023-11-20T15:23:08.834+0500] {dag.py:2941} INFO - Sync 1 DAGs
[2023-11-20T15:23:08.855+0500] {logging_mixin.py:154} INFO - [2023-11-20T15:23:08.855+0500] {dag.py:3722} INFO - Setting next_dagrun for example_weekday_branch_operator to 2023-11-19T00:00:00+00:00, run_after=2023-11-20T00:00:00+00:00
[2023-11-20T15:23:08.884+0500] {processor.py:179} INFO - Processing /home/den/Projects/venv/lib/python3.10/site-packages/airflow/example_dags/example_branch_day_of_week_operator.py took 0.115 seconds
