[2023-11-20T14:39:40.390+0500] {processor.py:157} INFO - Started process (PID=5187) to work on /home/den/Projects/venv/lib/python3.10/site-packages/airflow/example_dags/example_setup_teardown.py
[2023-11-20T14:39:40.391+0500] {processor.py:829} INFO - Processing file /home/den/Projects/venv/lib/python3.10/site-packages/airflow/example_dags/example_setup_teardown.py for tasks to queue
[2023-11-20T14:39:40.391+0500] {logging_mixin.py:154} INFO - [2023-11-20T14:39:40.391+0500] {dagbag.py:536} INFO - Filling up the DagBag from /home/den/Projects/venv/lib/python3.10/site-packages/airflow/example_dags/example_setup_teardown.py
[2023-11-20T14:39:40.399+0500] {processor.py:839} INFO - DAG(s) dict_keys(['example_setup_teardown']) retrieved from /home/den/Projects/venv/lib/python3.10/site-packages/airflow/example_dags/example_setup_teardown.py
[2023-11-20T14:39:40.498+0500] {logging_mixin.py:154} INFO - [2023-11-20T14:39:40.498+0500] {manager.py:499} INFO - Created Permission View: %s
[2023-11-20T14:39:40.514+0500] {logging_mixin.py:154} INFO - [2023-11-20T14:39:40.514+0500] {manager.py:499} INFO - Created Permission View: %s
[2023-11-20T14:39:40.525+0500] {logging_mixin.py:154} INFO - [2023-11-20T14:39:40.525+0500] {manager.py:499} INFO - Created Permission View: %s
[2023-11-20T14:39:40.525+0500] {logging_mixin.py:154} INFO - [2023-11-20T14:39:40.525+0500] {dag.py:2941} INFO - Sync 1 DAGs
[2023-11-20T14:39:40.535+0500] {logging_mixin.py:154} INFO - [2023-11-20T14:39:40.534+0500] {dag.py:2963} INFO - Creating ORM DAG for example_setup_teardown
[2023-11-20T14:39:40.542+0500] {logging_mixin.py:154} INFO - [2023-11-20T14:39:40.542+0500] {dag.py:3722} INFO - Setting next_dagrun for example_setup_teardown to 2023-11-19T09:39:40.541851+00:00, run_after=2023-11-20T09:39:40.541851+00:00
[2023-11-20T14:39:40.571+0500] {processor.py:179} INFO - Processing /home/den/Projects/venv/lib/python3.10/site-packages/airflow/example_dags/example_setup_teardown.py took 0.183 seconds
[2023-11-20T14:40:31.159+0500] {processor.py:157} INFO - Started process (PID=5300) to work on /home/den/Projects/venv/lib/python3.10/site-packages/airflow/example_dags/example_setup_teardown.py
[2023-11-20T14:40:31.161+0500] {processor.py:829} INFO - Processing file /home/den/Projects/venv/lib/python3.10/site-packages/airflow/example_dags/example_setup_teardown.py for tasks to queue
[2023-11-20T14:40:31.162+0500] {logging_mixin.py:154} INFO - [2023-11-20T14:40:31.161+0500] {dagbag.py:536} INFO - Filling up the DagBag from /home/den/Projects/venv/lib/python3.10/site-packages/airflow/example_dags/example_setup_teardown.py
[2023-11-20T14:40:31.169+0500] {processor.py:839} INFO - DAG(s) dict_keys(['example_setup_teardown']) retrieved from /home/den/Projects/venv/lib/python3.10/site-packages/airflow/example_dags/example_setup_teardown.py
[2023-11-20T14:40:31.180+0500] {logging_mixin.py:154} INFO - [2023-11-20T14:40:31.180+0500] {dag.py:2941} INFO - Sync 1 DAGs
[2023-11-20T14:40:31.192+0500] {logging_mixin.py:154} INFO - [2023-11-20T14:40:31.192+0500] {dag.py:3722} INFO - Setting next_dagrun for example_setup_teardown to 2023-11-19T09:40:31.192248+00:00, run_after=2023-11-20T09:40:31.192248+00:00
[2023-11-20T14:40:31.210+0500] {processor.py:179} INFO - Processing /home/den/Projects/venv/lib/python3.10/site-packages/airflow/example_dags/example_setup_teardown.py took 0.054 seconds
[2023-11-20T14:50:07.497+0500] {processor.py:157} INFO - Started process (PID=6507) to work on /home/den/Projects/venv/lib/python3.10/site-packages/airflow/example_dags/example_setup_teardown.py
[2023-11-20T14:50:07.505+0500] {processor.py:829} INFO - Processing file /home/den/Projects/venv/lib/python3.10/site-packages/airflow/example_dags/example_setup_teardown.py for tasks to queue
[2023-11-20T14:50:07.507+0500] {logging_mixin.py:154} INFO - [2023-11-20T14:50:07.506+0500] {dagbag.py:536} INFO - Filling up the DagBag from /home/den/Projects/venv/lib/python3.10/site-packages/airflow/example_dags/example_setup_teardown.py
[2023-11-20T14:50:07.521+0500] {processor.py:839} INFO - DAG(s) dict_keys(['example_setup_teardown']) retrieved from /home/den/Projects/venv/lib/python3.10/site-packages/airflow/example_dags/example_setup_teardown.py
[2023-11-20T14:50:07.545+0500] {logging_mixin.py:154} INFO - [2023-11-20T14:50:07.545+0500] {dag.py:2941} INFO - Sync 1 DAGs
[2023-11-20T14:50:07.558+0500] {logging_mixin.py:154} INFO - [2023-11-20T14:50:07.558+0500] {dag.py:3722} INFO - Setting next_dagrun for example_setup_teardown to 2023-11-19T09:50:07.558481+00:00, run_after=2023-11-20T09:50:07.558481+00:00
[2023-11-20T14:50:07.577+0500] {processor.py:179} INFO - Processing /home/den/Projects/venv/lib/python3.10/site-packages/airflow/example_dags/example_setup_teardown.py took 0.097 seconds
[2023-11-20T14:50:56.627+0500] {processor.py:157} INFO - Started process (PID=6573) to work on /home/den/Projects/venv/lib/python3.10/site-packages/airflow/example_dags/example_setup_teardown.py
[2023-11-20T14:50:56.636+0500] {processor.py:829} INFO - Processing file /home/den/Projects/venv/lib/python3.10/site-packages/airflow/example_dags/example_setup_teardown.py for tasks to queue
[2023-11-20T14:50:56.637+0500] {logging_mixin.py:154} INFO - [2023-11-20T14:50:56.637+0500] {dagbag.py:536} INFO - Filling up the DagBag from /home/den/Projects/venv/lib/python3.10/site-packages/airflow/example_dags/example_setup_teardown.py
[2023-11-20T14:50:56.644+0500] {processor.py:839} INFO - DAG(s) dict_keys(['example_setup_teardown']) retrieved from /home/den/Projects/venv/lib/python3.10/site-packages/airflow/example_dags/example_setup_teardown.py
[2023-11-20T14:50:56.657+0500] {logging_mixin.py:154} INFO - [2023-11-20T14:50:56.656+0500] {dag.py:2941} INFO - Sync 1 DAGs
[2023-11-20T14:50:56.676+0500] {logging_mixin.py:154} INFO - [2023-11-20T14:50:56.676+0500] {dag.py:3722} INFO - Setting next_dagrun for example_setup_teardown to 2023-11-19T09:50:56.676141+00:00, run_after=2023-11-20T09:50:56.676141+00:00
[2023-11-20T14:50:56.716+0500] {processor.py:179} INFO - Processing /home/den/Projects/venv/lib/python3.10/site-packages/airflow/example_dags/example_setup_teardown.py took 0.091 seconds
[2023-11-20T14:51:45.876+0500] {processor.py:157} INFO - Started process (PID=6669) to work on /home/den/Projects/venv/lib/python3.10/site-packages/airflow/example_dags/example_setup_teardown.py
[2023-11-20T14:51:45.879+0500] {processor.py:829} INFO - Processing file /home/den/Projects/venv/lib/python3.10/site-packages/airflow/example_dags/example_setup_teardown.py for tasks to queue
[2023-11-20T14:51:45.880+0500] {logging_mixin.py:154} INFO - [2023-11-20T14:51:45.879+0500] {dagbag.py:536} INFO - Filling up the DagBag from /home/den/Projects/venv/lib/python3.10/site-packages/airflow/example_dags/example_setup_teardown.py
[2023-11-20T14:51:45.889+0500] {processor.py:839} INFO - DAG(s) dict_keys(['example_setup_teardown']) retrieved from /home/den/Projects/venv/lib/python3.10/site-packages/airflow/example_dags/example_setup_teardown.py
[2023-11-20T14:51:45.906+0500] {logging_mixin.py:154} INFO - [2023-11-20T14:51:45.906+0500] {dag.py:2941} INFO - Sync 1 DAGs
[2023-11-20T14:51:45.918+0500] {logging_mixin.py:154} INFO - [2023-11-20T14:51:45.918+0500] {dag.py:3722} INFO - Setting next_dagrun for example_setup_teardown to 2023-11-19T09:51:45.918236+00:00, run_after=2023-11-20T09:51:45.918236+00:00
[2023-11-20T14:51:45.949+0500] {processor.py:179} INFO - Processing /home/den/Projects/venv/lib/python3.10/site-packages/airflow/example_dags/example_setup_teardown.py took 0.078 seconds
[2023-11-20T14:53:24.744+0500] {processor.py:157} INFO - Started process (PID=7384) to work on /home/den/Projects/venv/lib/python3.10/site-packages/airflow/example_dags/example_setup_teardown.py
[2023-11-20T14:53:24.749+0500] {processor.py:829} INFO - Processing file /home/den/Projects/venv/lib/python3.10/site-packages/airflow/example_dags/example_setup_teardown.py for tasks to queue
[2023-11-20T14:53:24.752+0500] {logging_mixin.py:154} INFO - [2023-11-20T14:53:24.752+0500] {dagbag.py:536} INFO - Filling up the DagBag from /home/den/Projects/venv/lib/python3.10/site-packages/airflow/example_dags/example_setup_teardown.py
[2023-11-20T14:53:24.765+0500] {processor.py:839} INFO - DAG(s) dict_keys(['example_setup_teardown']) retrieved from /home/den/Projects/venv/lib/python3.10/site-packages/airflow/example_dags/example_setup_teardown.py
[2023-11-20T14:53:24.780+0500] {logging_mixin.py:154} INFO - [2023-11-20T14:53:24.780+0500] {dag.py:2941} INFO - Sync 1 DAGs
[2023-11-20T14:53:24.795+0500] {logging_mixin.py:154} INFO - [2023-11-20T14:53:24.794+0500] {dag.py:3722} INFO - Setting next_dagrun for example_setup_teardown to 2023-11-19T09:53:24.794771+00:00, run_after=2023-11-20T09:53:24.794771+00:00
[2023-11-20T14:53:24.819+0500] {processor.py:179} INFO - Processing /home/den/Projects/venv/lib/python3.10/site-packages/airflow/example_dags/example_setup_teardown.py took 0.078 seconds
[2023-11-20T14:54:57.905+0500] {processor.py:157} INFO - Started process (PID=7507) to work on /home/den/Projects/venv/lib/python3.10/site-packages/airflow/example_dags/example_setup_teardown.py
[2023-11-20T14:54:57.907+0500] {processor.py:829} INFO - Processing file /home/den/Projects/venv/lib/python3.10/site-packages/airflow/example_dags/example_setup_teardown.py for tasks to queue
[2023-11-20T14:54:57.908+0500] {logging_mixin.py:154} INFO - [2023-11-20T14:54:57.908+0500] {dagbag.py:536} INFO - Filling up the DagBag from /home/den/Projects/venv/lib/python3.10/site-packages/airflow/example_dags/example_setup_teardown.py
[2023-11-20T14:54:57.915+0500] {processor.py:839} INFO - DAG(s) dict_keys(['example_setup_teardown']) retrieved from /home/den/Projects/venv/lib/python3.10/site-packages/airflow/example_dags/example_setup_teardown.py
[2023-11-20T14:54:57.931+0500] {logging_mixin.py:154} INFO - [2023-11-20T14:54:57.931+0500] {dag.py:2941} INFO - Sync 1 DAGs
[2023-11-20T14:54:57.952+0500] {logging_mixin.py:154} INFO - [2023-11-20T14:54:57.952+0500] {dag.py:3722} INFO - Setting next_dagrun for example_setup_teardown to 2023-11-19T09:54:57.951886+00:00, run_after=2023-11-20T09:54:57.951886+00:00
[2023-11-20T14:54:58.017+0500] {processor.py:179} INFO - Processing /home/den/Projects/venv/lib/python3.10/site-packages/airflow/example_dags/example_setup_teardown.py took 0.115 seconds
[2023-11-20T14:57:41.453+0500] {processor.py:157} INFO - Started process (PID=7662) to work on /home/den/Projects/venv/lib/python3.10/site-packages/airflow/example_dags/example_setup_teardown.py
[2023-11-20T14:57:41.455+0500] {processor.py:829} INFO - Processing file /home/den/Projects/venv/lib/python3.10/site-packages/airflow/example_dags/example_setup_teardown.py for tasks to queue
[2023-11-20T14:57:41.455+0500] {logging_mixin.py:154} INFO - [2023-11-20T14:57:41.455+0500] {dagbag.py:536} INFO - Filling up the DagBag from /home/den/Projects/venv/lib/python3.10/site-packages/airflow/example_dags/example_setup_teardown.py
[2023-11-20T14:57:41.463+0500] {processor.py:839} INFO - DAG(s) dict_keys(['example_setup_teardown']) retrieved from /home/den/Projects/venv/lib/python3.10/site-packages/airflow/example_dags/example_setup_teardown.py
[2023-11-20T14:57:41.476+0500] {logging_mixin.py:154} INFO - [2023-11-20T14:57:41.476+0500] {dag.py:2941} INFO - Sync 1 DAGs
[2023-11-20T14:57:41.488+0500] {logging_mixin.py:154} INFO - [2023-11-20T14:57:41.488+0500] {dag.py:3722} INFO - Setting next_dagrun for example_setup_teardown to 2023-11-19T09:57:41.488665+00:00, run_after=2023-11-20T09:57:41.488665+00:00
[2023-11-20T14:57:41.505+0500] {processor.py:179} INFO - Processing /home/den/Projects/venv/lib/python3.10/site-packages/airflow/example_dags/example_setup_teardown.py took 0.055 seconds
[2023-11-20T14:58:26.830+0500] {processor.py:157} INFO - Started process (PID=7767) to work on /home/den/Projects/venv/lib/python3.10/site-packages/airflow/example_dags/example_setup_teardown.py
[2023-11-20T14:58:26.832+0500] {processor.py:829} INFO - Processing file /home/den/Projects/venv/lib/python3.10/site-packages/airflow/example_dags/example_setup_teardown.py for tasks to queue
[2023-11-20T14:58:26.833+0500] {logging_mixin.py:154} INFO - [2023-11-20T14:58:26.833+0500] {dagbag.py:536} INFO - Filling up the DagBag from /home/den/Projects/venv/lib/python3.10/site-packages/airflow/example_dags/example_setup_teardown.py
[2023-11-20T14:58:26.844+0500] {processor.py:839} INFO - DAG(s) dict_keys(['example_setup_teardown']) retrieved from /home/den/Projects/venv/lib/python3.10/site-packages/airflow/example_dags/example_setup_teardown.py
[2023-11-20T14:58:26.878+0500] {logging_mixin.py:154} INFO - [2023-11-20T14:58:26.877+0500] {dag.py:2941} INFO - Sync 1 DAGs
[2023-11-20T14:58:26.918+0500] {logging_mixin.py:154} INFO - [2023-11-20T14:58:26.918+0500] {dag.py:3722} INFO - Setting next_dagrun for example_setup_teardown to 2023-11-19T09:58:26.918195+00:00, run_after=2023-11-20T09:58:26.918195+00:00
[2023-11-20T14:58:26.987+0500] {processor.py:179} INFO - Processing /home/den/Projects/venv/lib/python3.10/site-packages/airflow/example_dags/example_setup_teardown.py took 0.163 seconds
[2023-11-20T14:59:13.100+0500] {processor.py:157} INFO - Started process (PID=7829) to work on /home/den/Projects/venv/lib/python3.10/site-packages/airflow/example_dags/example_setup_teardown.py
[2023-11-20T14:59:13.101+0500] {processor.py:829} INFO - Processing file /home/den/Projects/venv/lib/python3.10/site-packages/airflow/example_dags/example_setup_teardown.py for tasks to queue
[2023-11-20T14:59:13.102+0500] {logging_mixin.py:154} INFO - [2023-11-20T14:59:13.101+0500] {dagbag.py:536} INFO - Filling up the DagBag from /home/den/Projects/venv/lib/python3.10/site-packages/airflow/example_dags/example_setup_teardown.py
[2023-11-20T14:59:13.107+0500] {processor.py:839} INFO - DAG(s) dict_keys(['example_setup_teardown']) retrieved from /home/den/Projects/venv/lib/python3.10/site-packages/airflow/example_dags/example_setup_teardown.py
[2023-11-20T14:59:13.119+0500] {logging_mixin.py:154} INFO - [2023-11-20T14:59:13.118+0500] {dag.py:2941} INFO - Sync 1 DAGs
[2023-11-20T14:59:13.131+0500] {logging_mixin.py:154} INFO - [2023-11-20T14:59:13.131+0500] {dag.py:3722} INFO - Setting next_dagrun for example_setup_teardown to 2023-11-19T09:59:13.130962+00:00, run_after=2023-11-20T09:59:13.130962+00:00
[2023-11-20T14:59:13.147+0500] {processor.py:179} INFO - Processing /home/den/Projects/venv/lib/python3.10/site-packages/airflow/example_dags/example_setup_teardown.py took 0.050 seconds
[2023-11-20T15:00:02.843+0500] {processor.py:157} INFO - Started process (PID=7927) to work on /home/den/Projects/venv/lib/python3.10/site-packages/airflow/example_dags/example_setup_teardown.py
[2023-11-20T15:00:02.858+0500] {processor.py:829} INFO - Processing file /home/den/Projects/venv/lib/python3.10/site-packages/airflow/example_dags/example_setup_teardown.py for tasks to queue
[2023-11-20T15:00:02.859+0500] {logging_mixin.py:154} INFO - [2023-11-20T15:00:02.859+0500] {dagbag.py:536} INFO - Filling up the DagBag from /home/den/Projects/venv/lib/python3.10/site-packages/airflow/example_dags/example_setup_teardown.py
[2023-11-20T15:00:02.867+0500] {processor.py:839} INFO - DAG(s) dict_keys(['example_setup_teardown']) retrieved from /home/den/Projects/venv/lib/python3.10/site-packages/airflow/example_dags/example_setup_teardown.py
[2023-11-20T15:00:02.891+0500] {logging_mixin.py:154} INFO - [2023-11-20T15:00:02.891+0500] {dag.py:2941} INFO - Sync 1 DAGs
[2023-11-20T15:00:02.908+0500] {logging_mixin.py:154} INFO - [2023-11-20T15:00:02.908+0500] {dag.py:3722} INFO - Setting next_dagrun for example_setup_teardown to 2023-11-19T10:00:02.907852+00:00, run_after=2023-11-20T10:00:02.907852+00:00
[2023-11-20T15:00:02.934+0500] {processor.py:179} INFO - Processing /home/den/Projects/venv/lib/python3.10/site-packages/airflow/example_dags/example_setup_teardown.py took 0.096 seconds
[2023-11-20T15:00:54.992+0500] {processor.py:157} INFO - Started process (PID=7997) to work on /home/den/Projects/venv/lib/python3.10/site-packages/airflow/example_dags/example_setup_teardown.py
[2023-11-20T15:00:54.993+0500] {processor.py:829} INFO - Processing file /home/den/Projects/venv/lib/python3.10/site-packages/airflow/example_dags/example_setup_teardown.py for tasks to queue
[2023-11-20T15:00:54.994+0500] {logging_mixin.py:154} INFO - [2023-11-20T15:00:54.993+0500] {dagbag.py:536} INFO - Filling up the DagBag from /home/den/Projects/venv/lib/python3.10/site-packages/airflow/example_dags/example_setup_teardown.py
[2023-11-20T15:00:54.999+0500] {processor.py:839} INFO - DAG(s) dict_keys(['example_setup_teardown']) retrieved from /home/den/Projects/venv/lib/python3.10/site-packages/airflow/example_dags/example_setup_teardown.py
[2023-11-20T15:00:55.010+0500] {logging_mixin.py:154} INFO - [2023-11-20T15:00:55.010+0500] {dag.py:2941} INFO - Sync 1 DAGs
[2023-11-20T15:00:55.022+0500] {logging_mixin.py:154} INFO - [2023-11-20T15:00:55.022+0500] {dag.py:3722} INFO - Setting next_dagrun for example_setup_teardown to 2023-11-19T10:00:55.022010+00:00, run_after=2023-11-20T10:00:55.022010+00:00
[2023-11-20T15:00:55.038+0500] {processor.py:179} INFO - Processing /home/den/Projects/venv/lib/python3.10/site-packages/airflow/example_dags/example_setup_teardown.py took 0.048 seconds
[2023-11-20T15:01:46.006+0500] {processor.py:157} INFO - Started process (PID=8078) to work on /home/den/Projects/venv/lib/python3.10/site-packages/airflow/example_dags/example_setup_teardown.py
[2023-11-20T15:01:46.009+0500] {processor.py:829} INFO - Processing file /home/den/Projects/venv/lib/python3.10/site-packages/airflow/example_dags/example_setup_teardown.py for tasks to queue
[2023-11-20T15:01:46.011+0500] {logging_mixin.py:154} INFO - [2023-11-20T15:01:46.010+0500] {dagbag.py:536} INFO - Filling up the DagBag from /home/den/Projects/venv/lib/python3.10/site-packages/airflow/example_dags/example_setup_teardown.py
[2023-11-20T15:01:46.048+0500] {processor.py:839} INFO - DAG(s) dict_keys(['example_setup_teardown']) retrieved from /home/den/Projects/venv/lib/python3.10/site-packages/airflow/example_dags/example_setup_teardown.py
[2023-11-20T15:01:46.107+0500] {logging_mixin.py:154} INFO - [2023-11-20T15:01:46.107+0500] {dag.py:2941} INFO - Sync 1 DAGs
[2023-11-20T15:01:46.185+0500] {logging_mixin.py:154} INFO - [2023-11-20T15:01:46.185+0500] {dag.py:3722} INFO - Setting next_dagrun for example_setup_teardown to 2023-11-19T10:01:46.181897+00:00, run_after=2023-11-20T10:01:46.181897+00:00
[2023-11-20T15:01:46.220+0500] {processor.py:179} INFO - Processing /home/den/Projects/venv/lib/python3.10/site-packages/airflow/example_dags/example_setup_teardown.py took 0.254 seconds
[2023-11-20T15:03:30.072+0500] {processor.py:157} INFO - Started process (PID=8268) to work on /home/den/Projects/venv/lib/python3.10/site-packages/airflow/example_dags/example_setup_teardown.py
[2023-11-20T15:03:30.075+0500] {processor.py:829} INFO - Processing file /home/den/Projects/venv/lib/python3.10/site-packages/airflow/example_dags/example_setup_teardown.py for tasks to queue
[2023-11-20T15:03:30.076+0500] {logging_mixin.py:154} INFO - [2023-11-20T15:03:30.075+0500] {dagbag.py:536} INFO - Filling up the DagBag from /home/den/Projects/venv/lib/python3.10/site-packages/airflow/example_dags/example_setup_teardown.py
[2023-11-20T15:03:30.083+0500] {processor.py:839} INFO - DAG(s) dict_keys(['example_setup_teardown']) retrieved from /home/den/Projects/venv/lib/python3.10/site-packages/airflow/example_dags/example_setup_teardown.py
[2023-11-20T15:03:30.117+0500] {logging_mixin.py:154} INFO - [2023-11-20T15:03:30.117+0500] {dag.py:2941} INFO - Sync 1 DAGs
[2023-11-20T15:03:30.150+0500] {logging_mixin.py:154} INFO - [2023-11-20T15:03:30.150+0500] {dag.py:3722} INFO - Setting next_dagrun for example_setup_teardown to 2023-11-19T10:03:30.149760+00:00, run_after=2023-11-20T10:03:30.149760+00:00
[2023-11-20T15:03:30.197+0500] {processor.py:179} INFO - Processing /home/den/Projects/venv/lib/python3.10/site-packages/airflow/example_dags/example_setup_teardown.py took 0.131 seconds
[2023-11-20T15:04:26.238+0500] {processor.py:157} INFO - Started process (PID=8369) to work on /home/den/Projects/venv/lib/python3.10/site-packages/airflow/example_dags/example_setup_teardown.py
[2023-11-20T15:04:26.249+0500] {processor.py:829} INFO - Processing file /home/den/Projects/venv/lib/python3.10/site-packages/airflow/example_dags/example_setup_teardown.py for tasks to queue
[2023-11-20T15:04:26.251+0500] {logging_mixin.py:154} INFO - [2023-11-20T15:04:26.250+0500] {dagbag.py:536} INFO - Filling up the DagBag from /home/den/Projects/venv/lib/python3.10/site-packages/airflow/example_dags/example_setup_teardown.py
[2023-11-20T15:04:26.264+0500] {processor.py:839} INFO - DAG(s) dict_keys(['example_setup_teardown']) retrieved from /home/den/Projects/venv/lib/python3.10/site-packages/airflow/example_dags/example_setup_teardown.py
[2023-11-20T15:04:26.288+0500] {logging_mixin.py:154} INFO - [2023-11-20T15:04:26.287+0500] {dag.py:2941} INFO - Sync 1 DAGs
[2023-11-20T15:04:26.320+0500] {logging_mixin.py:154} INFO - [2023-11-20T15:04:26.320+0500] {dag.py:3722} INFO - Setting next_dagrun for example_setup_teardown to 2023-11-19T10:04:26.319826+00:00, run_after=2023-11-20T10:04:26.319826+00:00
[2023-11-20T15:04:26.361+0500] {processor.py:179} INFO - Processing /home/den/Projects/venv/lib/python3.10/site-packages/airflow/example_dags/example_setup_teardown.py took 0.132 seconds
[2023-11-20T15:05:24.799+0500] {processor.py:157} INFO - Started process (PID=8446) to work on /home/den/Projects/venv/lib/python3.10/site-packages/airflow/example_dags/example_setup_teardown.py
[2023-11-20T15:05:24.801+0500] {processor.py:829} INFO - Processing file /home/den/Projects/venv/lib/python3.10/site-packages/airflow/example_dags/example_setup_teardown.py for tasks to queue
[2023-11-20T15:05:24.802+0500] {logging_mixin.py:154} INFO - [2023-11-20T15:05:24.801+0500] {dagbag.py:536} INFO - Filling up the DagBag from /home/den/Projects/venv/lib/python3.10/site-packages/airflow/example_dags/example_setup_teardown.py
[2023-11-20T15:05:24.818+0500] {processor.py:839} INFO - DAG(s) dict_keys(['example_setup_teardown']) retrieved from /home/den/Projects/venv/lib/python3.10/site-packages/airflow/example_dags/example_setup_teardown.py
[2023-11-20T15:05:24.843+0500] {logging_mixin.py:154} INFO - [2023-11-20T15:05:24.843+0500] {dag.py:2941} INFO - Sync 1 DAGs
[2023-11-20T15:05:24.868+0500] {logging_mixin.py:154} INFO - [2023-11-20T15:05:24.867+0500] {dag.py:3722} INFO - Setting next_dagrun for example_setup_teardown to 2023-11-19T10:05:24.867660+00:00, run_after=2023-11-20T10:05:24.867660+00:00
[2023-11-20T15:05:24.896+0500] {processor.py:179} INFO - Processing /home/den/Projects/venv/lib/python3.10/site-packages/airflow/example_dags/example_setup_teardown.py took 0.101 seconds
[2023-11-20T15:06:20.970+0500] {processor.py:157} INFO - Started process (PID=8547) to work on /home/den/Projects/venv/lib/python3.10/site-packages/airflow/example_dags/example_setup_teardown.py
[2023-11-20T15:06:20.975+0500] {processor.py:829} INFO - Processing file /home/den/Projects/venv/lib/python3.10/site-packages/airflow/example_dags/example_setup_teardown.py for tasks to queue
[2023-11-20T15:06:20.979+0500] {logging_mixin.py:154} INFO - [2023-11-20T15:06:20.977+0500] {dagbag.py:536} INFO - Filling up the DagBag from /home/den/Projects/venv/lib/python3.10/site-packages/airflow/example_dags/example_setup_teardown.py
[2023-11-20T15:06:20.993+0500] {processor.py:839} INFO - DAG(s) dict_keys(['example_setup_teardown']) retrieved from /home/den/Projects/venv/lib/python3.10/site-packages/airflow/example_dags/example_setup_teardown.py
[2023-11-20T15:06:21.022+0500] {logging_mixin.py:154} INFO - [2023-11-20T15:06:21.022+0500] {dag.py:2941} INFO - Sync 1 DAGs
[2023-11-20T15:06:21.044+0500] {logging_mixin.py:154} INFO - [2023-11-20T15:06:21.043+0500] {dag.py:3722} INFO - Setting next_dagrun for example_setup_teardown to 2023-11-19T10:06:21.043606+00:00, run_after=2023-11-20T10:06:21.043606+00:00
[2023-11-20T15:06:21.081+0500] {processor.py:179} INFO - Processing /home/den/Projects/venv/lib/python3.10/site-packages/airflow/example_dags/example_setup_teardown.py took 0.126 seconds
[2023-11-20T15:07:20.066+0500] {processor.py:157} INFO - Started process (PID=8633) to work on /home/den/Projects/venv/lib/python3.10/site-packages/airflow/example_dags/example_setup_teardown.py
[2023-11-20T15:07:20.075+0500] {processor.py:829} INFO - Processing file /home/den/Projects/venv/lib/python3.10/site-packages/airflow/example_dags/example_setup_teardown.py for tasks to queue
[2023-11-20T15:07:20.079+0500] {logging_mixin.py:154} INFO - [2023-11-20T15:07:20.076+0500] {dagbag.py:536} INFO - Filling up the DagBag from /home/den/Projects/venv/lib/python3.10/site-packages/airflow/example_dags/example_setup_teardown.py
[2023-11-20T15:07:20.100+0500] {processor.py:839} INFO - DAG(s) dict_keys(['example_setup_teardown']) retrieved from /home/den/Projects/venv/lib/python3.10/site-packages/airflow/example_dags/example_setup_teardown.py
[2023-11-20T15:07:20.123+0500] {logging_mixin.py:154} INFO - [2023-11-20T15:07:20.123+0500] {dag.py:2941} INFO - Sync 1 DAGs
[2023-11-20T15:07:20.148+0500] {logging_mixin.py:154} INFO - [2023-11-20T15:07:20.148+0500] {dag.py:3722} INFO - Setting next_dagrun for example_setup_teardown to 2023-11-19T10:07:20.147848+00:00, run_after=2023-11-20T10:07:20.147848+00:00
[2023-11-20T15:07:20.176+0500] {processor.py:179} INFO - Processing /home/den/Projects/venv/lib/python3.10/site-packages/airflow/example_dags/example_setup_teardown.py took 0.113 seconds
[2023-11-20T15:08:13.728+0500] {processor.py:157} INFO - Started process (PID=8733) to work on /home/den/Projects/venv/lib/python3.10/site-packages/airflow/example_dags/example_setup_teardown.py
[2023-11-20T15:08:13.739+0500] {processor.py:829} INFO - Processing file /home/den/Projects/venv/lib/python3.10/site-packages/airflow/example_dags/example_setup_teardown.py for tasks to queue
[2023-11-20T15:08:13.751+0500] {logging_mixin.py:154} INFO - [2023-11-20T15:08:13.739+0500] {dagbag.py:536} INFO - Filling up the DagBag from /home/den/Projects/venv/lib/python3.10/site-packages/airflow/example_dags/example_setup_teardown.py
[2023-11-20T15:08:13.763+0500] {processor.py:839} INFO - DAG(s) dict_keys(['example_setup_teardown']) retrieved from /home/den/Projects/venv/lib/python3.10/site-packages/airflow/example_dags/example_setup_teardown.py
[2023-11-20T15:08:13.778+0500] {logging_mixin.py:154} INFO - [2023-11-20T15:08:13.778+0500] {dag.py:2941} INFO - Sync 1 DAGs
[2023-11-20T15:08:13.793+0500] {logging_mixin.py:154} INFO - [2023-11-20T15:08:13.793+0500] {dag.py:3722} INFO - Setting next_dagrun for example_setup_teardown to 2023-11-19T10:08:13.793125+00:00, run_after=2023-11-20T10:08:13.793125+00:00
[2023-11-20T15:08:13.875+0500] {processor.py:179} INFO - Processing /home/den/Projects/venv/lib/python3.10/site-packages/airflow/example_dags/example_setup_teardown.py took 0.151 seconds
[2023-11-20T15:09:16.090+0500] {processor.py:157} INFO - Started process (PID=8818) to work on /home/den/Projects/venv/lib/python3.10/site-packages/airflow/example_dags/example_setup_teardown.py
[2023-11-20T15:09:16.097+0500] {processor.py:829} INFO - Processing file /home/den/Projects/venv/lib/python3.10/site-packages/airflow/example_dags/example_setup_teardown.py for tasks to queue
[2023-11-20T15:09:16.099+0500] {logging_mixin.py:154} INFO - [2023-11-20T15:09:16.098+0500] {dagbag.py:536} INFO - Filling up the DagBag from /home/den/Projects/venv/lib/python3.10/site-packages/airflow/example_dags/example_setup_teardown.py
[2023-11-20T15:09:16.112+0500] {processor.py:839} INFO - DAG(s) dict_keys(['example_setup_teardown']) retrieved from /home/den/Projects/venv/lib/python3.10/site-packages/airflow/example_dags/example_setup_teardown.py
[2023-11-20T15:09:16.130+0500] {logging_mixin.py:154} INFO - [2023-11-20T15:09:16.129+0500] {dag.py:2941} INFO - Sync 1 DAGs
[2023-11-20T15:09:16.166+0500] {logging_mixin.py:154} INFO - [2023-11-20T15:09:16.166+0500] {dag.py:3722} INFO - Setting next_dagrun for example_setup_teardown to 2023-11-19T10:09:16.165890+00:00, run_after=2023-11-20T10:09:16.165890+00:00
[2023-11-20T15:09:16.205+0500] {processor.py:179} INFO - Processing /home/den/Projects/venv/lib/python3.10/site-packages/airflow/example_dags/example_setup_teardown.py took 0.120 seconds
[2023-11-20T15:10:17.715+0500] {processor.py:157} INFO - Started process (PID=8921) to work on /home/den/Projects/venv/lib/python3.10/site-packages/airflow/example_dags/example_setup_teardown.py
[2023-11-20T15:10:17.717+0500] {processor.py:829} INFO - Processing file /home/den/Projects/venv/lib/python3.10/site-packages/airflow/example_dags/example_setup_teardown.py for tasks to queue
[2023-11-20T15:10:17.719+0500] {logging_mixin.py:154} INFO - [2023-11-20T15:10:17.718+0500] {dagbag.py:536} INFO - Filling up the DagBag from /home/den/Projects/venv/lib/python3.10/site-packages/airflow/example_dags/example_setup_teardown.py
[2023-11-20T15:10:17.729+0500] {processor.py:839} INFO - DAG(s) dict_keys(['example_setup_teardown']) retrieved from /home/den/Projects/venv/lib/python3.10/site-packages/airflow/example_dags/example_setup_teardown.py
[2023-11-20T15:10:17.748+0500] {logging_mixin.py:154} INFO - [2023-11-20T15:10:17.747+0500] {dag.py:2941} INFO - Sync 1 DAGs
[2023-11-20T15:10:17.762+0500] {logging_mixin.py:154} INFO - [2023-11-20T15:10:17.762+0500] {dag.py:3722} INFO - Setting next_dagrun for example_setup_teardown to 2023-11-19T10:10:17.762446+00:00, run_after=2023-11-20T10:10:17.762446+00:00
[2023-11-20T15:10:17.782+0500] {processor.py:179} INFO - Processing /home/den/Projects/venv/lib/python3.10/site-packages/airflow/example_dags/example_setup_teardown.py took 0.072 seconds
[2023-11-20T15:11:10.912+0500] {processor.py:157} INFO - Started process (PID=8994) to work on /home/den/Projects/venv/lib/python3.10/site-packages/airflow/example_dags/example_setup_teardown.py
[2023-11-20T15:11:10.922+0500] {processor.py:829} INFO - Processing file /home/den/Projects/venv/lib/python3.10/site-packages/airflow/example_dags/example_setup_teardown.py for tasks to queue
[2023-11-20T15:11:10.923+0500] {logging_mixin.py:154} INFO - [2023-11-20T15:11:10.922+0500] {dagbag.py:536} INFO - Filling up the DagBag from /home/den/Projects/venv/lib/python3.10/site-packages/airflow/example_dags/example_setup_teardown.py
[2023-11-20T15:11:10.935+0500] {processor.py:839} INFO - DAG(s) dict_keys(['example_setup_teardown']) retrieved from /home/den/Projects/venv/lib/python3.10/site-packages/airflow/example_dags/example_setup_teardown.py
[2023-11-20T15:11:10.962+0500] {logging_mixin.py:154} INFO - [2023-11-20T15:11:10.961+0500] {dag.py:2941} INFO - Sync 1 DAGs
[2023-11-20T15:11:10.987+0500] {logging_mixin.py:154} INFO - [2023-11-20T15:11:10.987+0500] {dag.py:3722} INFO - Setting next_dagrun for example_setup_teardown to 2023-11-19T10:11:10.986932+00:00, run_after=2023-11-20T10:11:10.986932+00:00
[2023-11-20T15:11:11.026+0500] {processor.py:179} INFO - Processing /home/den/Projects/venv/lib/python3.10/site-packages/airflow/example_dags/example_setup_teardown.py took 0.118 seconds
[2023-11-20T15:12:03.102+0500] {processor.py:157} INFO - Started process (PID=9093) to work on /home/den/Projects/venv/lib/python3.10/site-packages/airflow/example_dags/example_setup_teardown.py
[2023-11-20T15:12:03.103+0500] {processor.py:829} INFO - Processing file /home/den/Projects/venv/lib/python3.10/site-packages/airflow/example_dags/example_setup_teardown.py for tasks to queue
[2023-11-20T15:12:03.106+0500] {logging_mixin.py:154} INFO - [2023-11-20T15:12:03.105+0500] {dagbag.py:536} INFO - Filling up the DagBag from /home/den/Projects/venv/lib/python3.10/site-packages/airflow/example_dags/example_setup_teardown.py
[2023-11-20T15:12:03.124+0500] {processor.py:839} INFO - DAG(s) dict_keys(['example_setup_teardown']) retrieved from /home/den/Projects/venv/lib/python3.10/site-packages/airflow/example_dags/example_setup_teardown.py
[2023-11-20T15:12:03.153+0500] {logging_mixin.py:154} INFO - [2023-11-20T15:12:03.153+0500] {dag.py:2941} INFO - Sync 1 DAGs
[2023-11-20T15:12:03.180+0500] {logging_mixin.py:154} INFO - [2023-11-20T15:12:03.180+0500] {dag.py:3722} INFO - Setting next_dagrun for example_setup_teardown to 2023-11-19T10:12:03.179563+00:00, run_after=2023-11-20T10:12:03.179563+00:00
[2023-11-20T15:12:03.229+0500] {processor.py:179} INFO - Processing /home/den/Projects/venv/lib/python3.10/site-packages/airflow/example_dags/example_setup_teardown.py took 0.130 seconds
[2023-11-20T15:12:56.375+0500] {processor.py:157} INFO - Started process (PID=9163) to work on /home/den/Projects/venv/lib/python3.10/site-packages/airflow/example_dags/example_setup_teardown.py
[2023-11-20T15:12:56.383+0500] {processor.py:829} INFO - Processing file /home/den/Projects/venv/lib/python3.10/site-packages/airflow/example_dags/example_setup_teardown.py for tasks to queue
[2023-11-20T15:12:56.385+0500] {logging_mixin.py:154} INFO - [2023-11-20T15:12:56.384+0500] {dagbag.py:536} INFO - Filling up the DagBag from /home/den/Projects/venv/lib/python3.10/site-packages/airflow/example_dags/example_setup_teardown.py
[2023-11-20T15:12:56.401+0500] {processor.py:839} INFO - DAG(s) dict_keys(['example_setup_teardown']) retrieved from /home/den/Projects/venv/lib/python3.10/site-packages/airflow/example_dags/example_setup_teardown.py
[2023-11-20T15:12:56.431+0500] {logging_mixin.py:154} INFO - [2023-11-20T15:12:56.431+0500] {dag.py:2941} INFO - Sync 1 DAGs
[2023-11-20T15:12:56.460+0500] {logging_mixin.py:154} INFO - [2023-11-20T15:12:56.460+0500] {dag.py:3722} INFO - Setting next_dagrun for example_setup_teardown to 2023-11-19T10:12:56.459786+00:00, run_after=2023-11-20T10:12:56.459786+00:00
[2023-11-20T15:12:56.509+0500] {processor.py:179} INFO - Processing /home/den/Projects/venv/lib/python3.10/site-packages/airflow/example_dags/example_setup_teardown.py took 0.139 seconds
[2023-11-20T15:13:50.606+0500] {processor.py:157} INFO - Started process (PID=9274) to work on /home/den/Projects/venv/lib/python3.10/site-packages/airflow/example_dags/example_setup_teardown.py
[2023-11-20T15:13:50.613+0500] {processor.py:829} INFO - Processing file /home/den/Projects/venv/lib/python3.10/site-packages/airflow/example_dags/example_setup_teardown.py for tasks to queue
[2023-11-20T15:13:50.614+0500] {logging_mixin.py:154} INFO - [2023-11-20T15:13:50.613+0500] {dagbag.py:536} INFO - Filling up the DagBag from /home/den/Projects/venv/lib/python3.10/site-packages/airflow/example_dags/example_setup_teardown.py
[2023-11-20T15:13:50.627+0500] {processor.py:839} INFO - DAG(s) dict_keys(['example_setup_teardown']) retrieved from /home/den/Projects/venv/lib/python3.10/site-packages/airflow/example_dags/example_setup_teardown.py
[2023-11-20T15:13:50.651+0500] {logging_mixin.py:154} INFO - [2023-11-20T15:13:50.651+0500] {dag.py:2941} INFO - Sync 1 DAGs
[2023-11-20T15:13:50.672+0500] {logging_mixin.py:154} INFO - [2023-11-20T15:13:50.672+0500] {dag.py:3722} INFO - Setting next_dagrun for example_setup_teardown to 2023-11-19T10:13:50.672317+00:00, run_after=2023-11-20T10:13:50.672317+00:00
[2023-11-20T15:13:50.720+0500] {processor.py:179} INFO - Processing /home/den/Projects/venv/lib/python3.10/site-packages/airflow/example_dags/example_setup_teardown.py took 0.119 seconds
[2023-11-20T15:14:47.444+0500] {processor.py:157} INFO - Started process (PID=9341) to work on /home/den/Projects/venv/lib/python3.10/site-packages/airflow/example_dags/example_setup_teardown.py
[2023-11-20T15:14:47.449+0500] {processor.py:829} INFO - Processing file /home/den/Projects/venv/lib/python3.10/site-packages/airflow/example_dags/example_setup_teardown.py for tasks to queue
[2023-11-20T15:14:47.452+0500] {logging_mixin.py:154} INFO - [2023-11-20T15:14:47.451+0500] {dagbag.py:536} INFO - Filling up the DagBag from /home/den/Projects/venv/lib/python3.10/site-packages/airflow/example_dags/example_setup_teardown.py
[2023-11-20T15:14:47.464+0500] {processor.py:839} INFO - DAG(s) dict_keys(['example_setup_teardown']) retrieved from /home/den/Projects/venv/lib/python3.10/site-packages/airflow/example_dags/example_setup_teardown.py
[2023-11-20T15:14:47.491+0500] {logging_mixin.py:154} INFO - [2023-11-20T15:14:47.491+0500] {dag.py:2941} INFO - Sync 1 DAGs
[2023-11-20T15:14:47.510+0500] {logging_mixin.py:154} INFO - [2023-11-20T15:14:47.510+0500] {dag.py:3722} INFO - Setting next_dagrun for example_setup_teardown to 2023-11-19T10:14:47.510148+00:00, run_after=2023-11-20T10:14:47.510148+00:00
[2023-11-20T15:14:47.533+0500] {processor.py:179} INFO - Processing /home/den/Projects/venv/lib/python3.10/site-packages/airflow/example_dags/example_setup_teardown.py took 0.093 seconds
[2023-11-20T15:15:38.066+0500] {processor.py:157} INFO - Started process (PID=9420) to work on /home/den/Projects/venv/lib/python3.10/site-packages/airflow/example_dags/example_setup_teardown.py
[2023-11-20T15:15:38.068+0500] {processor.py:829} INFO - Processing file /home/den/Projects/venv/lib/python3.10/site-packages/airflow/example_dags/example_setup_teardown.py for tasks to queue
[2023-11-20T15:15:38.069+0500] {logging_mixin.py:154} INFO - [2023-11-20T15:15:38.068+0500] {dagbag.py:536} INFO - Filling up the DagBag from /home/den/Projects/venv/lib/python3.10/site-packages/airflow/example_dags/example_setup_teardown.py
[2023-11-20T15:15:38.077+0500] {processor.py:839} INFO - DAG(s) dict_keys(['example_setup_teardown']) retrieved from /home/den/Projects/venv/lib/python3.10/site-packages/airflow/example_dags/example_setup_teardown.py
[2023-11-20T15:15:38.091+0500] {logging_mixin.py:154} INFO - [2023-11-20T15:15:38.091+0500] {dag.py:2941} INFO - Sync 1 DAGs
[2023-11-20T15:15:38.105+0500] {logging_mixin.py:154} INFO - [2023-11-20T15:15:38.105+0500] {dag.py:3722} INFO - Setting next_dagrun for example_setup_teardown to 2023-11-19T10:15:38.104764+00:00, run_after=2023-11-20T10:15:38.104764+00:00
[2023-11-20T15:15:38.126+0500] {processor.py:179} INFO - Processing /home/den/Projects/venv/lib/python3.10/site-packages/airflow/example_dags/example_setup_teardown.py took 0.063 seconds
[2023-11-20T15:16:27.258+0500] {processor.py:157} INFO - Started process (PID=9514) to work on /home/den/Projects/venv/lib/python3.10/site-packages/airflow/example_dags/example_setup_teardown.py
[2023-11-20T15:16:27.259+0500] {processor.py:829} INFO - Processing file /home/den/Projects/venv/lib/python3.10/site-packages/airflow/example_dags/example_setup_teardown.py for tasks to queue
[2023-11-20T15:16:27.260+0500] {logging_mixin.py:154} INFO - [2023-11-20T15:16:27.260+0500] {dagbag.py:536} INFO - Filling up the DagBag from /home/den/Projects/venv/lib/python3.10/site-packages/airflow/example_dags/example_setup_teardown.py
[2023-11-20T15:16:27.267+0500] {processor.py:839} INFO - DAG(s) dict_keys(['example_setup_teardown']) retrieved from /home/den/Projects/venv/lib/python3.10/site-packages/airflow/example_dags/example_setup_teardown.py
[2023-11-20T15:16:27.280+0500] {logging_mixin.py:154} INFO - [2023-11-20T15:16:27.280+0500] {dag.py:2941} INFO - Sync 1 DAGs
[2023-11-20T15:16:27.295+0500] {logging_mixin.py:154} INFO - [2023-11-20T15:16:27.295+0500] {dag.py:3722} INFO - Setting next_dagrun for example_setup_teardown to 2023-11-19T10:16:27.294913+00:00, run_after=2023-11-20T10:16:27.294913+00:00
[2023-11-20T15:16:27.313+0500] {processor.py:179} INFO - Processing /home/den/Projects/venv/lib/python3.10/site-packages/airflow/example_dags/example_setup_teardown.py took 0.059 seconds
[2023-11-20T15:17:15.230+0500] {processor.py:157} INFO - Started process (PID=9579) to work on /home/den/Projects/venv/lib/python3.10/site-packages/airflow/example_dags/example_setup_teardown.py
[2023-11-20T15:17:15.232+0500] {processor.py:829} INFO - Processing file /home/den/Projects/venv/lib/python3.10/site-packages/airflow/example_dags/example_setup_teardown.py for tasks to queue
[2023-11-20T15:17:15.232+0500] {logging_mixin.py:154} INFO - [2023-11-20T15:17:15.232+0500] {dagbag.py:536} INFO - Filling up the DagBag from /home/den/Projects/venv/lib/python3.10/site-packages/airflow/example_dags/example_setup_teardown.py
[2023-11-20T15:17:15.240+0500] {processor.py:839} INFO - DAG(s) dict_keys(['example_setup_teardown']) retrieved from /home/den/Projects/venv/lib/python3.10/site-packages/airflow/example_dags/example_setup_teardown.py
[2023-11-20T15:17:15.251+0500] {logging_mixin.py:154} INFO - [2023-11-20T15:17:15.251+0500] {dag.py:2941} INFO - Sync 1 DAGs
[2023-11-20T15:17:15.264+0500] {logging_mixin.py:154} INFO - [2023-11-20T15:17:15.264+0500] {dag.py:3722} INFO - Setting next_dagrun for example_setup_teardown to 2023-11-19T10:17:15.264094+00:00, run_after=2023-11-20T10:17:15.264094+00:00
[2023-11-20T15:17:15.280+0500] {processor.py:179} INFO - Processing /home/den/Projects/venv/lib/python3.10/site-packages/airflow/example_dags/example_setup_teardown.py took 0.053 seconds
[2023-11-20T15:17:59.210+0500] {processor.py:157} INFO - Started process (PID=9670) to work on /home/den/Projects/venv/lib/python3.10/site-packages/airflow/example_dags/example_setup_teardown.py
[2023-11-20T15:17:59.211+0500] {processor.py:829} INFO - Processing file /home/den/Projects/venv/lib/python3.10/site-packages/airflow/example_dags/example_setup_teardown.py for tasks to queue
[2023-11-20T15:17:59.212+0500] {logging_mixin.py:154} INFO - [2023-11-20T15:17:59.212+0500] {dagbag.py:536} INFO - Filling up the DagBag from /home/den/Projects/venv/lib/python3.10/site-packages/airflow/example_dags/example_setup_teardown.py
[2023-11-20T15:17:59.219+0500] {processor.py:839} INFO - DAG(s) dict_keys(['example_setup_teardown']) retrieved from /home/den/Projects/venv/lib/python3.10/site-packages/airflow/example_dags/example_setup_teardown.py
[2023-11-20T15:17:59.231+0500] {logging_mixin.py:154} INFO - [2023-11-20T15:17:59.231+0500] {dag.py:2941} INFO - Sync 1 DAGs
[2023-11-20T15:17:59.244+0500] {logging_mixin.py:154} INFO - [2023-11-20T15:17:59.244+0500] {dag.py:3722} INFO - Setting next_dagrun for example_setup_teardown to 2023-11-19T10:17:59.243936+00:00, run_after=2023-11-20T10:17:59.243936+00:00
[2023-11-20T15:17:59.269+0500] {processor.py:179} INFO - Processing /home/den/Projects/venv/lib/python3.10/site-packages/airflow/example_dags/example_setup_teardown.py took 0.062 seconds
[2023-11-20T15:18:54.746+0500] {processor.py:157} INFO - Started process (PID=9746) to work on /home/den/Projects/venv/lib/python3.10/site-packages/airflow/example_dags/example_setup_teardown.py
[2023-11-20T15:18:54.749+0500] {processor.py:829} INFO - Processing file /home/den/Projects/venv/lib/python3.10/site-packages/airflow/example_dags/example_setup_teardown.py for tasks to queue
[2023-11-20T15:18:54.749+0500] {logging_mixin.py:154} INFO - [2023-11-20T15:18:54.749+0500] {dagbag.py:536} INFO - Filling up the DagBag from /home/den/Projects/venv/lib/python3.10/site-packages/airflow/example_dags/example_setup_teardown.py
[2023-11-20T15:18:54.757+0500] {processor.py:839} INFO - DAG(s) dict_keys(['example_setup_teardown']) retrieved from /home/den/Projects/venv/lib/python3.10/site-packages/airflow/example_dags/example_setup_teardown.py
[2023-11-20T15:18:54.771+0500] {logging_mixin.py:154} INFO - [2023-11-20T15:18:54.771+0500] {dag.py:2941} INFO - Sync 1 DAGs
[2023-11-20T15:18:54.784+0500] {logging_mixin.py:154} INFO - [2023-11-20T15:18:54.784+0500] {dag.py:3722} INFO - Setting next_dagrun for example_setup_teardown to 2023-11-19T10:18:54.784305+00:00, run_after=2023-11-20T10:18:54.784305+00:00
[2023-11-20T15:18:54.803+0500] {processor.py:179} INFO - Processing /home/den/Projects/venv/lib/python3.10/site-packages/airflow/example_dags/example_setup_teardown.py took 0.060 seconds
[2023-11-20T15:19:39.688+0500] {processor.py:157} INFO - Started process (PID=9815) to work on /home/den/Projects/venv/lib/python3.10/site-packages/airflow/example_dags/example_setup_teardown.py
[2023-11-20T15:19:39.690+0500] {processor.py:829} INFO - Processing file /home/den/Projects/venv/lib/python3.10/site-packages/airflow/example_dags/example_setup_teardown.py for tasks to queue
[2023-11-20T15:19:39.690+0500] {logging_mixin.py:154} INFO - [2023-11-20T15:19:39.690+0500] {dagbag.py:536} INFO - Filling up the DagBag from /home/den/Projects/venv/lib/python3.10/site-packages/airflow/example_dags/example_setup_teardown.py
[2023-11-20T15:19:39.698+0500] {processor.py:839} INFO - DAG(s) dict_keys(['example_setup_teardown']) retrieved from /home/den/Projects/venv/lib/python3.10/site-packages/airflow/example_dags/example_setup_teardown.py
[2023-11-20T15:19:39.735+0500] {logging_mixin.py:154} INFO - [2023-11-20T15:19:39.734+0500] {dag.py:2941} INFO - Sync 1 DAGs
[2023-11-20T15:19:39.759+0500] {logging_mixin.py:154} INFO - [2023-11-20T15:19:39.759+0500] {dag.py:3722} INFO - Setting next_dagrun for example_setup_teardown to 2023-11-19T10:19:39.759401+00:00, run_after=2023-11-20T10:19:39.759401+00:00
[2023-11-20T15:19:39.792+0500] {processor.py:179} INFO - Processing /home/den/Projects/venv/lib/python3.10/site-packages/airflow/example_dags/example_setup_teardown.py took 0.112 seconds
[2023-11-20T15:20:38.669+0500] {processor.py:157} INFO - Started process (PID=9973) to work on /home/den/Projects/venv/lib/python3.10/site-packages/airflow/example_dags/example_setup_teardown.py
[2023-11-20T15:20:38.672+0500] {processor.py:829} INFO - Processing file /home/den/Projects/venv/lib/python3.10/site-packages/airflow/example_dags/example_setup_teardown.py for tasks to queue
[2023-11-20T15:20:38.673+0500] {logging_mixin.py:154} INFO - [2023-11-20T15:20:38.673+0500] {dagbag.py:536} INFO - Filling up the DagBag from /home/den/Projects/venv/lib/python3.10/site-packages/airflow/example_dags/example_setup_teardown.py
[2023-11-20T15:20:38.680+0500] {processor.py:839} INFO - DAG(s) dict_keys(['example_setup_teardown']) retrieved from /home/den/Projects/venv/lib/python3.10/site-packages/airflow/example_dags/example_setup_teardown.py
[2023-11-20T15:20:38.699+0500] {logging_mixin.py:154} INFO - [2023-11-20T15:20:38.699+0500] {dag.py:2941} INFO - Sync 1 DAGs
[2023-11-20T15:20:38.717+0500] {logging_mixin.py:154} INFO - [2023-11-20T15:20:38.717+0500] {dag.py:3722} INFO - Setting next_dagrun for example_setup_teardown to 2023-11-19T10:20:38.716929+00:00, run_after=2023-11-20T10:20:38.716929+00:00
[2023-11-20T15:20:38.737+0500] {processor.py:179} INFO - Processing /home/den/Projects/venv/lib/python3.10/site-packages/airflow/example_dags/example_setup_teardown.py took 0.072 seconds
[2023-11-20T15:21:41.542+0500] {processor.py:157} INFO - Started process (PID=10057) to work on /home/den/Projects/venv/lib/python3.10/site-packages/airflow/example_dags/example_setup_teardown.py
[2023-11-20T15:21:41.543+0500] {processor.py:829} INFO - Processing file /home/den/Projects/venv/lib/python3.10/site-packages/airflow/example_dags/example_setup_teardown.py for tasks to queue
[2023-11-20T15:21:41.544+0500] {logging_mixin.py:154} INFO - [2023-11-20T15:21:41.544+0500] {dagbag.py:536} INFO - Filling up the DagBag from /home/den/Projects/venv/lib/python3.10/site-packages/airflow/example_dags/example_setup_teardown.py
[2023-11-20T15:21:41.562+0500] {processor.py:839} INFO - DAG(s) dict_keys(['example_setup_teardown']) retrieved from /home/den/Projects/venv/lib/python3.10/site-packages/airflow/example_dags/example_setup_teardown.py
[2023-11-20T15:21:41.581+0500] {logging_mixin.py:154} INFO - [2023-11-20T15:21:41.581+0500] {dag.py:2941} INFO - Sync 1 DAGs
[2023-11-20T15:21:41.619+0500] {logging_mixin.py:154} INFO - [2023-11-20T15:21:41.619+0500] {dag.py:3722} INFO - Setting next_dagrun for example_setup_teardown to 2023-11-19T10:21:41.618707+00:00, run_after=2023-11-20T10:21:41.618707+00:00
[2023-11-20T15:21:41.663+0500] {processor.py:179} INFO - Processing /home/den/Projects/venv/lib/python3.10/site-packages/airflow/example_dags/example_setup_teardown.py took 0.125 seconds
[2023-11-20T15:22:45.028+0500] {processor.py:157} INFO - Started process (PID=10162) to work on /home/den/Projects/venv/lib/python3.10/site-packages/airflow/example_dags/example_setup_teardown.py
[2023-11-20T15:22:45.030+0500] {processor.py:829} INFO - Processing file /home/den/Projects/venv/lib/python3.10/site-packages/airflow/example_dags/example_setup_teardown.py for tasks to queue
[2023-11-20T15:22:45.031+0500] {logging_mixin.py:154} INFO - [2023-11-20T15:22:45.030+0500] {dagbag.py:536} INFO - Filling up the DagBag from /home/den/Projects/venv/lib/python3.10/site-packages/airflow/example_dags/example_setup_teardown.py
[2023-11-20T15:22:45.041+0500] {processor.py:839} INFO - DAG(s) dict_keys(['example_setup_teardown']) retrieved from /home/den/Projects/venv/lib/python3.10/site-packages/airflow/example_dags/example_setup_teardown.py
[2023-11-20T15:22:45.068+0500] {logging_mixin.py:154} INFO - [2023-11-20T15:22:45.068+0500] {dag.py:2941} INFO - Sync 1 DAGs
[2023-11-20T15:22:45.088+0500] {logging_mixin.py:154} INFO - [2023-11-20T15:22:45.087+0500] {dag.py:3722} INFO - Setting next_dagrun for example_setup_teardown to 2023-11-19T10:22:45.087425+00:00, run_after=2023-11-20T10:22:45.087425+00:00
[2023-11-20T15:22:45.117+0500] {processor.py:179} INFO - Processing /home/den/Projects/venv/lib/python3.10/site-packages/airflow/example_dags/example_setup_teardown.py took 0.092 seconds
[2023-11-20T15:23:44.753+0500] {processor.py:157} INFO - Started process (PID=10272) to work on /home/den/Projects/venv/lib/python3.10/site-packages/airflow/example_dags/example_setup_teardown.py
[2023-11-20T15:23:44.768+0500] {processor.py:829} INFO - Processing file /home/den/Projects/venv/lib/python3.10/site-packages/airflow/example_dags/example_setup_teardown.py for tasks to queue
[2023-11-20T15:23:44.770+0500] {logging_mixin.py:154} INFO - [2023-11-20T15:23:44.769+0500] {dagbag.py:536} INFO - Filling up the DagBag from /home/den/Projects/venv/lib/python3.10/site-packages/airflow/example_dags/example_setup_teardown.py
[2023-11-20T15:23:44.792+0500] {processor.py:839} INFO - DAG(s) dict_keys(['example_setup_teardown']) retrieved from /home/den/Projects/venv/lib/python3.10/site-packages/airflow/example_dags/example_setup_teardown.py
[2023-11-20T15:23:44.822+0500] {logging_mixin.py:154} INFO - [2023-11-20T15:23:44.821+0500] {dag.py:2941} INFO - Sync 1 DAGs
[2023-11-20T15:23:44.836+0500] {logging_mixin.py:154} INFO - [2023-11-20T15:23:44.835+0500] {dag.py:3722} INFO - Setting next_dagrun for example_setup_teardown to 2023-11-19T10:23:44.835745+00:00, run_after=2023-11-20T10:23:44.835745+00:00
[2023-11-20T15:23:44.905+0500] {processor.py:179} INFO - Processing /home/den/Projects/venv/lib/python3.10/site-packages/airflow/example_dags/example_setup_teardown.py took 0.163 seconds
