[2023-11-20T14:39:21.382+0500] {processor.py:157} INFO - Started process (PID=4905) to work on /home/den/Projects/venv/lib/python3.10/site-packages/airflow/example_dags/example_trigger_controller_dag.py
[2023-11-20T14:39:21.383+0500] {processor.py:829} INFO - Processing file /home/den/Projects/venv/lib/python3.10/site-packages/airflow/example_dags/example_trigger_controller_dag.py for tasks to queue
[2023-11-20T14:39:21.383+0500] {logging_mixin.py:154} INFO - [2023-11-20T14:39:21.383+0500] {dagbag.py:536} INFO - Filling up the DagBag from /home/den/Projects/venv/lib/python3.10/site-packages/airflow/example_dags/example_trigger_controller_dag.py
[2023-11-20T14:39:21.416+0500] {processor.py:839} INFO - DAG(s) dict_keys(['example_trigger_controller_dag']) retrieved from /home/den/Projects/venv/lib/python3.10/site-packages/airflow/example_dags/example_trigger_controller_dag.py
[2023-11-20T14:39:21.578+0500] {logging_mixin.py:154} INFO - [2023-11-20T14:39:21.577+0500] {manager.py:499} INFO - Created Permission View: %s
[2023-11-20T14:39:21.598+0500] {logging_mixin.py:154} INFO - [2023-11-20T14:39:21.597+0500] {manager.py:499} INFO - Created Permission View: %s
[2023-11-20T14:39:21.627+0500] {logging_mixin.py:154} INFO - [2023-11-20T14:39:21.627+0500] {manager.py:499} INFO - Created Permission View: %s
[2023-11-20T14:39:21.628+0500] {logging_mixin.py:154} INFO - [2023-11-20T14:39:21.628+0500] {dag.py:2941} INFO - Sync 1 DAGs
[2023-11-20T14:39:21.643+0500] {logging_mixin.py:154} INFO - [2023-11-20T14:39:21.643+0500] {dag.py:2963} INFO - Creating ORM DAG for example_trigger_controller_dag
[2023-11-20T14:39:21.656+0500] {logging_mixin.py:154} INFO - [2023-11-20T14:39:21.655+0500] {dag.py:3722} INFO - Setting next_dagrun for example_trigger_controller_dag to 2021-01-01T00:00:00+00:00, run_after=2021-01-01T00:00:00+00:00
[2023-11-20T14:39:21.686+0500] {processor.py:179} INFO - Processing /home/den/Projects/venv/lib/python3.10/site-packages/airflow/example_dags/example_trigger_controller_dag.py took 0.327 seconds
[2023-11-20T14:40:15.441+0500] {processor.py:157} INFO - Started process (PID=5274) to work on /home/den/Projects/venv/lib/python3.10/site-packages/airflow/example_dags/example_trigger_controller_dag.py
[2023-11-20T14:40:15.443+0500] {processor.py:829} INFO - Processing file /home/den/Projects/venv/lib/python3.10/site-packages/airflow/example_dags/example_trigger_controller_dag.py for tasks to queue
[2023-11-20T14:40:15.443+0500] {logging_mixin.py:154} INFO - [2023-11-20T14:40:15.443+0500] {dagbag.py:536} INFO - Filling up the DagBag from /home/den/Projects/venv/lib/python3.10/site-packages/airflow/example_dags/example_trigger_controller_dag.py
[2023-11-20T14:40:15.448+0500] {processor.py:839} INFO - DAG(s) dict_keys(['example_trigger_controller_dag']) retrieved from /home/den/Projects/venv/lib/python3.10/site-packages/airflow/example_dags/example_trigger_controller_dag.py
[2023-11-20T14:40:15.460+0500] {logging_mixin.py:154} INFO - [2023-11-20T14:40:15.460+0500] {dag.py:2941} INFO - Sync 1 DAGs
[2023-11-20T14:40:15.473+0500] {logging_mixin.py:154} INFO - [2023-11-20T14:40:15.473+0500] {dag.py:3722} INFO - Setting next_dagrun for example_trigger_controller_dag to 2021-01-01T00:00:00+00:00, run_after=2021-01-01T00:00:00+00:00
[2023-11-20T14:40:15.492+0500] {processor.py:179} INFO - Processing /home/den/Projects/venv/lib/python3.10/site-packages/airflow/example_dags/example_trigger_controller_dag.py took 0.054 seconds
[2023-11-20T14:49:49.267+0500] {processor.py:157} INFO - Started process (PID=6366) to work on /home/den/Projects/venv/lib/python3.10/site-packages/airflow/example_dags/example_trigger_controller_dag.py
[2023-11-20T14:49:49.269+0500] {processor.py:829} INFO - Processing file /home/den/Projects/venv/lib/python3.10/site-packages/airflow/example_dags/example_trigger_controller_dag.py for tasks to queue
[2023-11-20T14:49:49.269+0500] {logging_mixin.py:154} INFO - [2023-11-20T14:49:49.269+0500] {dagbag.py:536} INFO - Filling up the DagBag from /home/den/Projects/venv/lib/python3.10/site-packages/airflow/example_dags/example_trigger_controller_dag.py
[2023-11-20T14:49:49.274+0500] {processor.py:839} INFO - DAG(s) dict_keys(['example_trigger_controller_dag']) retrieved from /home/den/Projects/venv/lib/python3.10/site-packages/airflow/example_dags/example_trigger_controller_dag.py
[2023-11-20T14:49:49.287+0500] {logging_mixin.py:154} INFO - [2023-11-20T14:49:49.287+0500] {dag.py:2941} INFO - Sync 1 DAGs
[2023-11-20T14:49:49.298+0500] {logging_mixin.py:154} INFO - [2023-11-20T14:49:49.298+0500] {dag.py:3722} INFO - Setting next_dagrun for example_trigger_controller_dag to 2021-01-01T00:00:00+00:00, run_after=2021-01-01T00:00:00+00:00
[2023-11-20T14:49:49.315+0500] {processor.py:179} INFO - Processing /home/den/Projects/venv/lib/python3.10/site-packages/airflow/example_dags/example_trigger_controller_dag.py took 0.051 seconds
[2023-11-20T14:50:40.013+0500] {processor.py:157} INFO - Started process (PID=6548) to work on /home/den/Projects/venv/lib/python3.10/site-packages/airflow/example_dags/example_trigger_controller_dag.py
[2023-11-20T14:50:40.015+0500] {processor.py:829} INFO - Processing file /home/den/Projects/venv/lib/python3.10/site-packages/airflow/example_dags/example_trigger_controller_dag.py for tasks to queue
[2023-11-20T14:50:40.016+0500] {logging_mixin.py:154} INFO - [2023-11-20T14:50:40.016+0500] {dagbag.py:536} INFO - Filling up the DagBag from /home/den/Projects/venv/lib/python3.10/site-packages/airflow/example_dags/example_trigger_controller_dag.py
[2023-11-20T14:50:40.026+0500] {processor.py:839} INFO - DAG(s) dict_keys(['example_trigger_controller_dag']) retrieved from /home/den/Projects/venv/lib/python3.10/site-packages/airflow/example_dags/example_trigger_controller_dag.py
[2023-11-20T14:50:40.051+0500] {logging_mixin.py:154} INFO - [2023-11-20T14:50:40.051+0500] {dag.py:2941} INFO - Sync 1 DAGs
[2023-11-20T14:50:40.064+0500] {logging_mixin.py:154} INFO - [2023-11-20T14:50:40.064+0500] {dag.py:3722} INFO - Setting next_dagrun for example_trigger_controller_dag to 2021-01-01T00:00:00+00:00, run_after=2021-01-01T00:00:00+00:00
[2023-11-20T14:50:40.089+0500] {processor.py:179} INFO - Processing /home/den/Projects/venv/lib/python3.10/site-packages/airflow/example_dags/example_trigger_controller_dag.py took 0.079 seconds
[2023-11-20T14:51:26.428+0500] {processor.py:157} INFO - Started process (PID=6613) to work on /home/den/Projects/venv/lib/python3.10/site-packages/airflow/example_dags/example_trigger_controller_dag.py
[2023-11-20T14:51:26.429+0500] {processor.py:829} INFO - Processing file /home/den/Projects/venv/lib/python3.10/site-packages/airflow/example_dags/example_trigger_controller_dag.py for tasks to queue
[2023-11-20T14:51:26.430+0500] {logging_mixin.py:154} INFO - [2023-11-20T14:51:26.429+0500] {dagbag.py:536} INFO - Filling up the DagBag from /home/den/Projects/venv/lib/python3.10/site-packages/airflow/example_dags/example_trigger_controller_dag.py
[2023-11-20T14:51:26.434+0500] {processor.py:839} INFO - DAG(s) dict_keys(['example_trigger_controller_dag']) retrieved from /home/den/Projects/venv/lib/python3.10/site-packages/airflow/example_dags/example_trigger_controller_dag.py
[2023-11-20T14:51:26.447+0500] {logging_mixin.py:154} INFO - [2023-11-20T14:51:26.447+0500] {dag.py:2941} INFO - Sync 1 DAGs
[2023-11-20T14:51:26.461+0500] {logging_mixin.py:154} INFO - [2023-11-20T14:51:26.461+0500] {dag.py:3722} INFO - Setting next_dagrun for example_trigger_controller_dag to 2021-01-01T00:00:00+00:00, run_after=2021-01-01T00:00:00+00:00
[2023-11-20T14:51:26.479+0500] {processor.py:179} INFO - Processing /home/den/Projects/venv/lib/python3.10/site-packages/airflow/example_dags/example_trigger_controller_dag.py took 0.054 seconds
[2023-11-20T14:52:06.346+0500] {processor.py:157} INFO - Started process (PID=6735) to work on /home/den/Projects/venv/lib/python3.10/site-packages/airflow/example_dags/example_trigger_controller_dag.py
[2023-11-20T14:52:06.349+0500] {processor.py:829} INFO - Processing file /home/den/Projects/venv/lib/python3.10/site-packages/airflow/example_dags/example_trigger_controller_dag.py for tasks to queue
[2023-11-20T14:52:06.352+0500] {logging_mixin.py:154} INFO - [2023-11-20T14:52:06.352+0500] {dagbag.py:536} INFO - Filling up the DagBag from /home/den/Projects/venv/lib/python3.10/site-packages/airflow/example_dags/example_trigger_controller_dag.py
[2023-11-20T14:52:06.366+0500] {processor.py:839} INFO - DAG(s) dict_keys(['example_trigger_controller_dag']) retrieved from /home/den/Projects/venv/lib/python3.10/site-packages/airflow/example_dags/example_trigger_controller_dag.py
[2023-11-20T14:52:06.476+0500] {logging_mixin.py:154} INFO - [2023-11-20T14:52:06.476+0500] {dag.py:2941} INFO - Sync 1 DAGs
[2023-11-20T14:52:06.547+0500] {logging_mixin.py:154} INFO - [2023-11-20T14:52:06.547+0500] {dag.py:3722} INFO - Setting next_dagrun for example_trigger_controller_dag to 2021-01-01T00:00:00+00:00, run_after=2021-01-01T00:00:00+00:00
[2023-11-20T14:52:06.621+0500] {processor.py:179} INFO - Processing /home/den/Projects/venv/lib/python3.10/site-packages/airflow/example_dags/example_trigger_controller_dag.py took 0.309 seconds
[2023-11-20T14:53:05.364+0500] {processor.py:157} INFO - Started process (PID=7035) to work on /home/den/Projects/venv/lib/python3.10/site-packages/airflow/example_dags/example_trigger_controller_dag.py
[2023-11-20T14:53:05.370+0500] {processor.py:829} INFO - Processing file /home/den/Projects/venv/lib/python3.10/site-packages/airflow/example_dags/example_trigger_controller_dag.py for tasks to queue
[2023-11-20T14:53:05.377+0500] {logging_mixin.py:154} INFO - [2023-11-20T14:53:05.377+0500] {dagbag.py:536} INFO - Filling up the DagBag from /home/den/Projects/venv/lib/python3.10/site-packages/airflow/example_dags/example_trigger_controller_dag.py
[2023-11-20T14:53:05.391+0500] {processor.py:839} INFO - DAG(s) dict_keys(['example_trigger_controller_dag']) retrieved from /home/den/Projects/venv/lib/python3.10/site-packages/airflow/example_dags/example_trigger_controller_dag.py
[2023-11-20T14:53:05.434+0500] {logging_mixin.py:154} INFO - [2023-11-20T14:53:05.433+0500] {dag.py:2941} INFO - Sync 1 DAGs
[2023-11-20T14:53:05.465+0500] {logging_mixin.py:154} INFO - [2023-11-20T14:53:05.465+0500] {dag.py:3722} INFO - Setting next_dagrun for example_trigger_controller_dag to 2021-01-01T00:00:00+00:00, run_after=2021-01-01T00:00:00+00:00
[2023-11-20T14:53:05.499+0500] {processor.py:179} INFO - Processing /home/den/Projects/venv/lib/python3.10/site-packages/airflow/example_dags/example_trigger_controller_dag.py took 0.139 seconds
[2023-11-20T14:54:42.138+0500] {processor.py:157} INFO - Started process (PID=7480) to work on /home/den/Projects/venv/lib/python3.10/site-packages/airflow/example_dags/example_trigger_controller_dag.py
[2023-11-20T14:54:42.140+0500] {processor.py:829} INFO - Processing file /home/den/Projects/venv/lib/python3.10/site-packages/airflow/example_dags/example_trigger_controller_dag.py for tasks to queue
[2023-11-20T14:54:42.141+0500] {logging_mixin.py:154} INFO - [2023-11-20T14:54:42.141+0500] {dagbag.py:536} INFO - Filling up the DagBag from /home/den/Projects/venv/lib/python3.10/site-packages/airflow/example_dags/example_trigger_controller_dag.py
[2023-11-20T14:54:42.147+0500] {processor.py:839} INFO - DAG(s) dict_keys(['example_trigger_controller_dag']) retrieved from /home/den/Projects/venv/lib/python3.10/site-packages/airflow/example_dags/example_trigger_controller_dag.py
[2023-11-20T14:54:42.160+0500] {logging_mixin.py:154} INFO - [2023-11-20T14:54:42.160+0500] {dag.py:2941} INFO - Sync 1 DAGs
[2023-11-20T14:54:42.172+0500] {logging_mixin.py:154} INFO - [2023-11-20T14:54:42.172+0500] {dag.py:3722} INFO - Setting next_dagrun for example_trigger_controller_dag to 2021-01-01T00:00:00+00:00, run_after=2021-01-01T00:00:00+00:00
[2023-11-20T14:54:42.194+0500] {processor.py:179} INFO - Processing /home/den/Projects/venv/lib/python3.10/site-packages/airflow/example_dags/example_trigger_controller_dag.py took 0.058 seconds
[2023-11-20T14:57:24.858+0500] {processor.py:157} INFO - Started process (PID=7644) to work on /home/den/Projects/venv/lib/python3.10/site-packages/airflow/example_dags/example_trigger_controller_dag.py
[2023-11-20T14:57:24.860+0500] {processor.py:829} INFO - Processing file /home/den/Projects/venv/lib/python3.10/site-packages/airflow/example_dags/example_trigger_controller_dag.py for tasks to queue
[2023-11-20T14:57:24.861+0500] {logging_mixin.py:154} INFO - [2023-11-20T14:57:24.860+0500] {dagbag.py:536} INFO - Filling up the DagBag from /home/den/Projects/venv/lib/python3.10/site-packages/airflow/example_dags/example_trigger_controller_dag.py
[2023-11-20T14:57:24.867+0500] {processor.py:839} INFO - DAG(s) dict_keys(['example_trigger_controller_dag']) retrieved from /home/den/Projects/venv/lib/python3.10/site-packages/airflow/example_dags/example_trigger_controller_dag.py
[2023-11-20T14:57:24.881+0500] {logging_mixin.py:154} INFO - [2023-11-20T14:57:24.880+0500] {dag.py:2941} INFO - Sync 1 DAGs
[2023-11-20T14:57:24.892+0500] {logging_mixin.py:154} INFO - [2023-11-20T14:57:24.892+0500] {dag.py:3722} INFO - Setting next_dagrun for example_trigger_controller_dag to 2021-01-01T00:00:00+00:00, run_after=2021-01-01T00:00:00+00:00
[2023-11-20T14:57:24.909+0500] {processor.py:179} INFO - Processing /home/den/Projects/venv/lib/python3.10/site-packages/airflow/example_dags/example_trigger_controller_dag.py took 0.053 seconds
[2023-11-20T14:58:10.262+0500] {processor.py:157} INFO - Started process (PID=7732) to work on /home/den/Projects/venv/lib/python3.10/site-packages/airflow/example_dags/example_trigger_controller_dag.py
[2023-11-20T14:58:10.264+0500] {processor.py:829} INFO - Processing file /home/den/Projects/venv/lib/python3.10/site-packages/airflow/example_dags/example_trigger_controller_dag.py for tasks to queue
[2023-11-20T14:58:10.265+0500] {logging_mixin.py:154} INFO - [2023-11-20T14:58:10.264+0500] {dagbag.py:536} INFO - Filling up the DagBag from /home/den/Projects/venv/lib/python3.10/site-packages/airflow/example_dags/example_trigger_controller_dag.py
[2023-11-20T14:58:10.268+0500] {processor.py:839} INFO - DAG(s) dict_keys(['example_trigger_controller_dag']) retrieved from /home/den/Projects/venv/lib/python3.10/site-packages/airflow/example_dags/example_trigger_controller_dag.py
[2023-11-20T14:58:10.282+0500] {logging_mixin.py:154} INFO - [2023-11-20T14:58:10.282+0500] {dag.py:2941} INFO - Sync 1 DAGs
[2023-11-20T14:58:10.304+0500] {logging_mixin.py:154} INFO - [2023-11-20T14:58:10.303+0500] {dag.py:3722} INFO - Setting next_dagrun for example_trigger_controller_dag to 2021-01-01T00:00:00+00:00, run_after=2021-01-01T00:00:00+00:00
[2023-11-20T14:58:10.322+0500] {processor.py:179} INFO - Processing /home/den/Projects/venv/lib/python3.10/site-packages/airflow/example_dags/example_trigger_controller_dag.py took 0.062 seconds
[2023-11-20T14:58:56.622+0500] {processor.py:157} INFO - Started process (PID=7809) to work on /home/den/Projects/venv/lib/python3.10/site-packages/airflow/example_dags/example_trigger_controller_dag.py
[2023-11-20T14:58:56.624+0500] {processor.py:829} INFO - Processing file /home/den/Projects/venv/lib/python3.10/site-packages/airflow/example_dags/example_trigger_controller_dag.py for tasks to queue
[2023-11-20T14:58:56.625+0500] {logging_mixin.py:154} INFO - [2023-11-20T14:58:56.625+0500] {dagbag.py:536} INFO - Filling up the DagBag from /home/den/Projects/venv/lib/python3.10/site-packages/airflow/example_dags/example_trigger_controller_dag.py
[2023-11-20T14:58:56.645+0500] {processor.py:839} INFO - DAG(s) dict_keys(['example_trigger_controller_dag']) retrieved from /home/den/Projects/venv/lib/python3.10/site-packages/airflow/example_dags/example_trigger_controller_dag.py
[2023-11-20T14:58:56.658+0500] {logging_mixin.py:154} INFO - [2023-11-20T14:58:56.658+0500] {dag.py:2941} INFO - Sync 1 DAGs
[2023-11-20T14:58:56.674+0500] {logging_mixin.py:154} INFO - [2023-11-20T14:58:56.673+0500] {dag.py:3722} INFO - Setting next_dagrun for example_trigger_controller_dag to 2021-01-01T00:00:00+00:00, run_after=2021-01-01T00:00:00+00:00
[2023-11-20T14:58:56.709+0500] {processor.py:179} INFO - Processing /home/den/Projects/venv/lib/python3.10/site-packages/airflow/example_dags/example_trigger_controller_dag.py took 0.091 seconds
[2023-11-20T14:59:42.056+0500] {processor.py:157} INFO - Started process (PID=7868) to work on /home/den/Projects/venv/lib/python3.10/site-packages/airflow/example_dags/example_trigger_controller_dag.py
[2023-11-20T14:59:42.058+0500] {processor.py:829} INFO - Processing file /home/den/Projects/venv/lib/python3.10/site-packages/airflow/example_dags/example_trigger_controller_dag.py for tasks to queue
[2023-11-20T14:59:42.058+0500] {logging_mixin.py:154} INFO - [2023-11-20T14:59:42.058+0500] {dagbag.py:536} INFO - Filling up the DagBag from /home/den/Projects/venv/lib/python3.10/site-packages/airflow/example_dags/example_trigger_controller_dag.py
[2023-11-20T14:59:42.062+0500] {processor.py:839} INFO - DAG(s) dict_keys(['example_trigger_controller_dag']) retrieved from /home/den/Projects/venv/lib/python3.10/site-packages/airflow/example_dags/example_trigger_controller_dag.py
[2023-11-20T14:59:42.074+0500] {logging_mixin.py:154} INFO - [2023-11-20T14:59:42.074+0500] {dag.py:2941} INFO - Sync 1 DAGs
[2023-11-20T14:59:42.086+0500] {logging_mixin.py:154} INFO - [2023-11-20T14:59:42.086+0500] {dag.py:3722} INFO - Setting next_dagrun for example_trigger_controller_dag to 2021-01-01T00:00:00+00:00, run_after=2021-01-01T00:00:00+00:00
[2023-11-20T14:59:42.102+0500] {processor.py:179} INFO - Processing /home/den/Projects/venv/lib/python3.10/site-packages/airflow/example_dags/example_trigger_controller_dag.py took 0.049 seconds
[2023-11-20T15:00:33.925+0500] {processor.py:157} INFO - Started process (PID=7967) to work on /home/den/Projects/venv/lib/python3.10/site-packages/airflow/example_dags/example_trigger_controller_dag.py
[2023-11-20T15:00:33.927+0500] {processor.py:829} INFO - Processing file /home/den/Projects/venv/lib/python3.10/site-packages/airflow/example_dags/example_trigger_controller_dag.py for tasks to queue
[2023-11-20T15:00:33.927+0500] {logging_mixin.py:154} INFO - [2023-11-20T15:00:33.927+0500] {dagbag.py:536} INFO - Filling up the DagBag from /home/den/Projects/venv/lib/python3.10/site-packages/airflow/example_dags/example_trigger_controller_dag.py
[2023-11-20T15:00:33.931+0500] {processor.py:839} INFO - DAG(s) dict_keys(['example_trigger_controller_dag']) retrieved from /home/den/Projects/venv/lib/python3.10/site-packages/airflow/example_dags/example_trigger_controller_dag.py
[2023-11-20T15:00:33.942+0500] {logging_mixin.py:154} INFO - [2023-11-20T15:00:33.942+0500] {dag.py:2941} INFO - Sync 1 DAGs
[2023-11-20T15:00:33.953+0500] {logging_mixin.py:154} INFO - [2023-11-20T15:00:33.953+0500] {dag.py:3722} INFO - Setting next_dagrun for example_trigger_controller_dag to 2021-01-01T00:00:00+00:00, run_after=2021-01-01T00:00:00+00:00
[2023-11-20T15:00:33.977+0500] {processor.py:179} INFO - Processing /home/den/Projects/venv/lib/python3.10/site-packages/airflow/example_dags/example_trigger_controller_dag.py took 0.055 seconds
[2023-11-20T15:01:24.318+0500] {processor.py:157} INFO - Started process (PID=8040) to work on /home/den/Projects/venv/lib/python3.10/site-packages/airflow/example_dags/example_trigger_controller_dag.py
[2023-11-20T15:01:24.319+0500] {processor.py:829} INFO - Processing file /home/den/Projects/venv/lib/python3.10/site-packages/airflow/example_dags/example_trigger_controller_dag.py for tasks to queue
[2023-11-20T15:01:24.320+0500] {logging_mixin.py:154} INFO - [2023-11-20T15:01:24.319+0500] {dagbag.py:536} INFO - Filling up the DagBag from /home/den/Projects/venv/lib/python3.10/site-packages/airflow/example_dags/example_trigger_controller_dag.py
[2023-11-20T15:01:24.323+0500] {processor.py:839} INFO - DAG(s) dict_keys(['example_trigger_controller_dag']) retrieved from /home/den/Projects/venv/lib/python3.10/site-packages/airflow/example_dags/example_trigger_controller_dag.py
[2023-11-20T15:01:24.335+0500] {logging_mixin.py:154} INFO - [2023-11-20T15:01:24.335+0500] {dag.py:2941} INFO - Sync 1 DAGs
[2023-11-20T15:01:24.348+0500] {logging_mixin.py:154} INFO - [2023-11-20T15:01:24.348+0500] {dag.py:3722} INFO - Setting next_dagrun for example_trigger_controller_dag to 2021-01-01T00:00:00+00:00, run_after=2021-01-01T00:00:00+00:00
[2023-11-20T15:01:24.370+0500] {processor.py:179} INFO - Processing /home/den/Projects/venv/lib/python3.10/site-packages/airflow/example_dags/example_trigger_controller_dag.py took 0.056 seconds
[2023-11-20T15:03:12.683+0500] {processor.py:157} INFO - Started process (PID=8223) to work on /home/den/Projects/venv/lib/python3.10/site-packages/airflow/example_dags/example_trigger_controller_dag.py
[2023-11-20T15:03:12.693+0500] {processor.py:829} INFO - Processing file /home/den/Projects/venv/lib/python3.10/site-packages/airflow/example_dags/example_trigger_controller_dag.py for tasks to queue
[2023-11-20T15:03:12.695+0500] {logging_mixin.py:154} INFO - [2023-11-20T15:03:12.694+0500] {dagbag.py:536} INFO - Filling up the DagBag from /home/den/Projects/venv/lib/python3.10/site-packages/airflow/example_dags/example_trigger_controller_dag.py
[2023-11-20T15:03:12.700+0500] {processor.py:839} INFO - DAG(s) dict_keys(['example_trigger_controller_dag']) retrieved from /home/den/Projects/venv/lib/python3.10/site-packages/airflow/example_dags/example_trigger_controller_dag.py
[2023-11-20T15:03:12.750+0500] {logging_mixin.py:154} INFO - [2023-11-20T15:03:12.750+0500] {dag.py:2941} INFO - Sync 1 DAGs
[2023-11-20T15:03:12.783+0500] {logging_mixin.py:154} INFO - [2023-11-20T15:03:12.783+0500] {dag.py:3722} INFO - Setting next_dagrun for example_trigger_controller_dag to 2021-01-01T00:00:00+00:00, run_after=2021-01-01T00:00:00+00:00
[2023-11-20T15:03:12.822+0500] {processor.py:179} INFO - Processing /home/den/Projects/venv/lib/python3.10/site-packages/airflow/example_dags/example_trigger_controller_dag.py took 0.142 seconds
[2023-11-20T15:04:01.458+0500] {processor.py:157} INFO - Started process (PID=8335) to work on /home/den/Projects/venv/lib/python3.10/site-packages/airflow/example_dags/example_trigger_controller_dag.py
[2023-11-20T15:04:01.473+0500] {processor.py:829} INFO - Processing file /home/den/Projects/venv/lib/python3.10/site-packages/airflow/example_dags/example_trigger_controller_dag.py for tasks to queue
[2023-11-20T15:04:01.476+0500] {logging_mixin.py:154} INFO - [2023-11-20T15:04:01.475+0500] {dagbag.py:536} INFO - Filling up the DagBag from /home/den/Projects/venv/lib/python3.10/site-packages/airflow/example_dags/example_trigger_controller_dag.py
[2023-11-20T15:04:01.482+0500] {processor.py:839} INFO - DAG(s) dict_keys(['example_trigger_controller_dag']) retrieved from /home/den/Projects/venv/lib/python3.10/site-packages/airflow/example_dags/example_trigger_controller_dag.py
[2023-11-20T15:04:01.507+0500] {logging_mixin.py:154} INFO - [2023-11-20T15:04:01.507+0500] {dag.py:2941} INFO - Sync 1 DAGs
[2023-11-20T15:04:01.532+0500] {logging_mixin.py:154} INFO - [2023-11-20T15:04:01.532+0500] {dag.py:3722} INFO - Setting next_dagrun for example_trigger_controller_dag to 2021-01-01T00:00:00+00:00, run_after=2021-01-01T00:00:00+00:00
[2023-11-20T15:04:01.568+0500] {processor.py:179} INFO - Processing /home/den/Projects/venv/lib/python3.10/site-packages/airflow/example_dags/example_trigger_controller_dag.py took 0.115 seconds
[2023-11-20T15:04:39.307+0500] {processor.py:157} INFO - Started process (PID=8382) to work on /home/den/Projects/venv/lib/python3.10/site-packages/airflow/example_dags/example_trigger_controller_dag.py
[2023-11-20T15:04:39.310+0500] {processor.py:829} INFO - Processing file /home/den/Projects/venv/lib/python3.10/site-packages/airflow/example_dags/example_trigger_controller_dag.py for tasks to queue
[2023-11-20T15:04:39.318+0500] {logging_mixin.py:154} INFO - [2023-11-20T15:04:39.317+0500] {dagbag.py:536} INFO - Filling up the DagBag from /home/den/Projects/venv/lib/python3.10/site-packages/airflow/example_dags/example_trigger_controller_dag.py
[2023-11-20T15:04:39.327+0500] {processor.py:839} INFO - DAG(s) dict_keys(['example_trigger_controller_dag']) retrieved from /home/den/Projects/venv/lib/python3.10/site-packages/airflow/example_dags/example_trigger_controller_dag.py
[2023-11-20T15:04:39.346+0500] {logging_mixin.py:154} INFO - [2023-11-20T15:04:39.346+0500] {dag.py:2941} INFO - Sync 1 DAGs
[2023-11-20T15:04:39.374+0500] {logging_mixin.py:154} INFO - [2023-11-20T15:04:39.374+0500] {dag.py:3722} INFO - Setting next_dagrun for example_trigger_controller_dag to 2021-01-01T00:00:00+00:00, run_after=2021-01-01T00:00:00+00:00
[2023-11-20T15:04:39.414+0500] {processor.py:179} INFO - Processing /home/den/Projects/venv/lib/python3.10/site-packages/airflow/example_dags/example_trigger_controller_dag.py took 0.111 seconds
[2023-11-20T15:05:19.531+0500] {processor.py:157} INFO - Started process (PID=8441) to work on /home/den/Projects/venv/lib/python3.10/site-packages/airflow/example_dags/example_trigger_controller_dag.py
[2023-11-20T15:05:19.537+0500] {processor.py:829} INFO - Processing file /home/den/Projects/venv/lib/python3.10/site-packages/airflow/example_dags/example_trigger_controller_dag.py for tasks to queue
[2023-11-20T15:05:19.538+0500] {logging_mixin.py:154} INFO - [2023-11-20T15:05:19.538+0500] {dagbag.py:536} INFO - Filling up the DagBag from /home/den/Projects/venv/lib/python3.10/site-packages/airflow/example_dags/example_trigger_controller_dag.py
[2023-11-20T15:05:19.545+0500] {processor.py:839} INFO - DAG(s) dict_keys(['example_trigger_controller_dag']) retrieved from /home/den/Projects/venv/lib/python3.10/site-packages/airflow/example_dags/example_trigger_controller_dag.py
[2023-11-20T15:05:19.566+0500] {logging_mixin.py:154} INFO - [2023-11-20T15:05:19.565+0500] {dag.py:2941} INFO - Sync 1 DAGs
[2023-11-20T15:05:19.586+0500] {logging_mixin.py:154} INFO - [2023-11-20T15:05:19.586+0500] {dag.py:3722} INFO - Setting next_dagrun for example_trigger_controller_dag to 2021-01-01T00:00:00+00:00, run_after=2021-01-01T00:00:00+00:00
[2023-11-20T15:05:19.628+0500] {processor.py:179} INFO - Processing /home/den/Projects/venv/lib/python3.10/site-packages/airflow/example_dags/example_trigger_controller_dag.py took 0.102 seconds
[2023-11-20T15:05:57.930+0500] {processor.py:157} INFO - Started process (PID=8515) to work on /home/den/Projects/venv/lib/python3.10/site-packages/airflow/example_dags/example_trigger_controller_dag.py
[2023-11-20T15:05:57.932+0500] {processor.py:829} INFO - Processing file /home/den/Projects/venv/lib/python3.10/site-packages/airflow/example_dags/example_trigger_controller_dag.py for tasks to queue
[2023-11-20T15:05:57.934+0500] {logging_mixin.py:154} INFO - [2023-11-20T15:05:57.933+0500] {dagbag.py:536} INFO - Filling up the DagBag from /home/den/Projects/venv/lib/python3.10/site-packages/airflow/example_dags/example_trigger_controller_dag.py
[2023-11-20T15:05:57.940+0500] {processor.py:839} INFO - DAG(s) dict_keys(['example_trigger_controller_dag']) retrieved from /home/den/Projects/venv/lib/python3.10/site-packages/airflow/example_dags/example_trigger_controller_dag.py
[2023-11-20T15:05:57.964+0500] {logging_mixin.py:154} INFO - [2023-11-20T15:05:57.964+0500] {dag.py:2941} INFO - Sync 1 DAGs
[2023-11-20T15:05:57.977+0500] {logging_mixin.py:154} INFO - [2023-11-20T15:05:57.977+0500] {dag.py:3722} INFO - Setting next_dagrun for example_trigger_controller_dag to 2021-01-01T00:00:00+00:00, run_after=2021-01-01T00:00:00+00:00
[2023-11-20T15:05:58.010+0500] {processor.py:179} INFO - Processing /home/den/Projects/venv/lib/python3.10/site-packages/airflow/example_dags/example_trigger_controller_dag.py took 0.082 seconds
[2023-11-20T15:06:34.699+0500] {processor.py:157} INFO - Started process (PID=8562) to work on /home/den/Projects/venv/lib/python3.10/site-packages/airflow/example_dags/example_trigger_controller_dag.py
[2023-11-20T15:06:34.703+0500] {processor.py:829} INFO - Processing file /home/den/Projects/venv/lib/python3.10/site-packages/airflow/example_dags/example_trigger_controller_dag.py for tasks to queue
[2023-11-20T15:06:34.710+0500] {logging_mixin.py:154} INFO - [2023-11-20T15:06:34.710+0500] {dagbag.py:536} INFO - Filling up the DagBag from /home/den/Projects/venv/lib/python3.10/site-packages/airflow/example_dags/example_trigger_controller_dag.py
[2023-11-20T15:06:34.719+0500] {processor.py:839} INFO - DAG(s) dict_keys(['example_trigger_controller_dag']) retrieved from /home/den/Projects/venv/lib/python3.10/site-packages/airflow/example_dags/example_trigger_controller_dag.py
[2023-11-20T15:06:34.738+0500] {logging_mixin.py:154} INFO - [2023-11-20T15:06:34.738+0500] {dag.py:2941} INFO - Sync 1 DAGs
[2023-11-20T15:06:34.770+0500] {logging_mixin.py:154} INFO - [2023-11-20T15:06:34.770+0500] {dag.py:3722} INFO - Setting next_dagrun for example_trigger_controller_dag to 2021-01-01T00:00:00+00:00, run_after=2021-01-01T00:00:00+00:00
[2023-11-20T15:06:34.810+0500] {processor.py:179} INFO - Processing /home/den/Projects/venv/lib/python3.10/site-packages/airflow/example_dags/example_trigger_controller_dag.py took 0.122 seconds
[2023-11-20T15:07:14.317+0500] {processor.py:157} INFO - Started process (PID=8614) to work on /home/den/Projects/venv/lib/python3.10/site-packages/airflow/example_dags/example_trigger_controller_dag.py
[2023-11-20T15:07:14.326+0500] {processor.py:829} INFO - Processing file /home/den/Projects/venv/lib/python3.10/site-packages/airflow/example_dags/example_trigger_controller_dag.py for tasks to queue
[2023-11-20T15:07:14.327+0500] {logging_mixin.py:154} INFO - [2023-11-20T15:07:14.327+0500] {dagbag.py:536} INFO - Filling up the DagBag from /home/den/Projects/venv/lib/python3.10/site-packages/airflow/example_dags/example_trigger_controller_dag.py
[2023-11-20T15:07:14.341+0500] {processor.py:839} INFO - DAG(s) dict_keys(['example_trigger_controller_dag']) retrieved from /home/den/Projects/venv/lib/python3.10/site-packages/airflow/example_dags/example_trigger_controller_dag.py
[2023-11-20T15:07:14.360+0500] {logging_mixin.py:154} INFO - [2023-11-20T15:07:14.360+0500] {dag.py:2941} INFO - Sync 1 DAGs
[2023-11-20T15:07:14.383+0500] {logging_mixin.py:154} INFO - [2023-11-20T15:07:14.382+0500] {dag.py:3722} INFO - Setting next_dagrun for example_trigger_controller_dag to 2021-01-01T00:00:00+00:00, run_after=2021-01-01T00:00:00+00:00
[2023-11-20T15:07:14.425+0500] {processor.py:179} INFO - Processing /home/den/Projects/venv/lib/python3.10/site-packages/airflow/example_dags/example_trigger_controller_dag.py took 0.114 seconds
[2023-11-20T15:07:59.902+0500] {processor.py:157} INFO - Started process (PID=8714) to work on /home/den/Projects/venv/lib/python3.10/site-packages/airflow/example_dags/example_trigger_controller_dag.py
[2023-11-20T15:07:59.905+0500] {processor.py:829} INFO - Processing file /home/den/Projects/venv/lib/python3.10/site-packages/airflow/example_dags/example_trigger_controller_dag.py for tasks to queue
[2023-11-20T15:07:59.906+0500] {logging_mixin.py:154} INFO - [2023-11-20T15:07:59.906+0500] {dagbag.py:536} INFO - Filling up the DagBag from /home/den/Projects/venv/lib/python3.10/site-packages/airflow/example_dags/example_trigger_controller_dag.py
[2023-11-20T15:07:59.919+0500] {processor.py:839} INFO - DAG(s) dict_keys(['example_trigger_controller_dag']) retrieved from /home/den/Projects/venv/lib/python3.10/site-packages/airflow/example_dags/example_trigger_controller_dag.py
[2023-11-20T15:07:59.938+0500] {logging_mixin.py:154} INFO - [2023-11-20T15:07:59.938+0500] {dag.py:2941} INFO - Sync 1 DAGs
[2023-11-20T15:07:59.972+0500] {logging_mixin.py:154} INFO - [2023-11-20T15:07:59.972+0500] {dag.py:3722} INFO - Setting next_dagrun for example_trigger_controller_dag to 2021-01-01T00:00:00+00:00, run_after=2021-01-01T00:00:00+00:00
[2023-11-20T15:08:00.007+0500] {processor.py:179} INFO - Processing /home/den/Projects/venv/lib/python3.10/site-packages/airflow/example_dags/example_trigger_controller_dag.py took 0.109 seconds
[2023-11-20T15:08:45.251+0500] {processor.py:157} INFO - Started process (PID=8775) to work on /home/den/Projects/venv/lib/python3.10/site-packages/airflow/example_dags/example_trigger_controller_dag.py
[2023-11-20T15:08:45.253+0500] {processor.py:829} INFO - Processing file /home/den/Projects/venv/lib/python3.10/site-packages/airflow/example_dags/example_trigger_controller_dag.py for tasks to queue
[2023-11-20T15:08:45.254+0500] {logging_mixin.py:154} INFO - [2023-11-20T15:08:45.254+0500] {dagbag.py:536} INFO - Filling up the DagBag from /home/den/Projects/venv/lib/python3.10/site-packages/airflow/example_dags/example_trigger_controller_dag.py
[2023-11-20T15:08:45.259+0500] {processor.py:839} INFO - DAG(s) dict_keys(['example_trigger_controller_dag']) retrieved from /home/den/Projects/venv/lib/python3.10/site-packages/airflow/example_dags/example_trigger_controller_dag.py
[2023-11-20T15:08:45.273+0500] {logging_mixin.py:154} INFO - [2023-11-20T15:08:45.272+0500] {dag.py:2941} INFO - Sync 1 DAGs
[2023-11-20T15:08:45.293+0500] {logging_mixin.py:154} INFO - [2023-11-20T15:08:45.293+0500] {dag.py:3722} INFO - Setting next_dagrun for example_trigger_controller_dag to 2021-01-01T00:00:00+00:00, run_after=2021-01-01T00:00:00+00:00
[2023-11-20T15:08:45.322+0500] {processor.py:179} INFO - Processing /home/den/Projects/venv/lib/python3.10/site-packages/airflow/example_dags/example_trigger_controller_dag.py took 0.075 seconds
[2023-11-20T15:09:25.834+0500] {processor.py:157} INFO - Started process (PID=8836) to work on /home/den/Projects/venv/lib/python3.10/site-packages/airflow/example_dags/example_trigger_controller_dag.py
[2023-11-20T15:09:25.836+0500] {processor.py:829} INFO - Processing file /home/den/Projects/venv/lib/python3.10/site-packages/airflow/example_dags/example_trigger_controller_dag.py for tasks to queue
[2023-11-20T15:09:25.837+0500] {logging_mixin.py:154} INFO - [2023-11-20T15:09:25.836+0500] {dagbag.py:536} INFO - Filling up the DagBag from /home/den/Projects/venv/lib/python3.10/site-packages/airflow/example_dags/example_trigger_controller_dag.py
[2023-11-20T15:09:25.841+0500] {processor.py:839} INFO - DAG(s) dict_keys(['example_trigger_controller_dag']) retrieved from /home/den/Projects/venv/lib/python3.10/site-packages/airflow/example_dags/example_trigger_controller_dag.py
[2023-11-20T15:09:25.855+0500] {logging_mixin.py:154} INFO - [2023-11-20T15:09:25.855+0500] {dag.py:2941} INFO - Sync 1 DAGs
[2023-11-20T15:09:25.868+0500] {logging_mixin.py:154} INFO - [2023-11-20T15:09:25.868+0500] {dag.py:3722} INFO - Setting next_dagrun for example_trigger_controller_dag to 2021-01-01T00:00:00+00:00, run_after=2021-01-01T00:00:00+00:00
[2023-11-20T15:09:25.887+0500] {processor.py:179} INFO - Processing /home/den/Projects/venv/lib/python3.10/site-packages/airflow/example_dags/example_trigger_controller_dag.py took 0.055 seconds
[2023-11-20T15:10:07.049+0500] {processor.py:157} INFO - Started process (PID=8910) to work on /home/den/Projects/venv/lib/python3.10/site-packages/airflow/example_dags/example_trigger_controller_dag.py
[2023-11-20T15:10:07.054+0500] {processor.py:829} INFO - Processing file /home/den/Projects/venv/lib/python3.10/site-packages/airflow/example_dags/example_trigger_controller_dag.py for tasks to queue
[2023-11-20T15:10:07.056+0500] {logging_mixin.py:154} INFO - [2023-11-20T15:10:07.055+0500] {dagbag.py:536} INFO - Filling up the DagBag from /home/den/Projects/venv/lib/python3.10/site-packages/airflow/example_dags/example_trigger_controller_dag.py
[2023-11-20T15:10:07.063+0500] {processor.py:839} INFO - DAG(s) dict_keys(['example_trigger_controller_dag']) retrieved from /home/den/Projects/venv/lib/python3.10/site-packages/airflow/example_dags/example_trigger_controller_dag.py
[2023-11-20T15:10:07.084+0500] {logging_mixin.py:154} INFO - [2023-11-20T15:10:07.083+0500] {dag.py:2941} INFO - Sync 1 DAGs
[2023-11-20T15:10:07.098+0500] {logging_mixin.py:154} INFO - [2023-11-20T15:10:07.098+0500] {dag.py:3722} INFO - Setting next_dagrun for example_trigger_controller_dag to 2021-01-01T00:00:00+00:00, run_after=2021-01-01T00:00:00+00:00
[2023-11-20T15:10:07.118+0500] {processor.py:179} INFO - Processing /home/den/Projects/venv/lib/python3.10/site-packages/airflow/example_dags/example_trigger_controller_dag.py took 0.072 seconds
[2023-11-20T15:10:47.116+0500] {processor.py:157} INFO - Started process (PID=8960) to work on /home/den/Projects/venv/lib/python3.10/site-packages/airflow/example_dags/example_trigger_controller_dag.py
[2023-11-20T15:10:47.124+0500] {processor.py:829} INFO - Processing file /home/den/Projects/venv/lib/python3.10/site-packages/airflow/example_dags/example_trigger_controller_dag.py for tasks to queue
[2023-11-20T15:10:47.128+0500] {logging_mixin.py:154} INFO - [2023-11-20T15:10:47.127+0500] {dagbag.py:536} INFO - Filling up the DagBag from /home/den/Projects/venv/lib/python3.10/site-packages/airflow/example_dags/example_trigger_controller_dag.py
[2023-11-20T15:10:47.134+0500] {processor.py:839} INFO - DAG(s) dict_keys(['example_trigger_controller_dag']) retrieved from /home/den/Projects/venv/lib/python3.10/site-packages/airflow/example_dags/example_trigger_controller_dag.py
[2023-11-20T15:10:47.158+0500] {logging_mixin.py:154} INFO - [2023-11-20T15:10:47.158+0500] {dag.py:2941} INFO - Sync 1 DAGs
[2023-11-20T15:10:47.186+0500] {logging_mixin.py:154} INFO - [2023-11-20T15:10:47.186+0500] {dag.py:3722} INFO - Setting next_dagrun for example_trigger_controller_dag to 2021-01-01T00:00:00+00:00, run_after=2021-01-01T00:00:00+00:00
[2023-11-20T15:10:47.236+0500] {processor.py:179} INFO - Processing /home/den/Projects/venv/lib/python3.10/site-packages/airflow/example_dags/example_trigger_controller_dag.py took 0.123 seconds
[2023-11-20T15:11:35.757+0500] {processor.py:157} INFO - Started process (PID=9028) to work on /home/den/Projects/venv/lib/python3.10/site-packages/airflow/example_dags/example_trigger_controller_dag.py
[2023-11-20T15:11:35.759+0500] {processor.py:829} INFO - Processing file /home/den/Projects/venv/lib/python3.10/site-packages/airflow/example_dags/example_trigger_controller_dag.py for tasks to queue
[2023-11-20T15:11:35.766+0500] {logging_mixin.py:154} INFO - [2023-11-20T15:11:35.766+0500] {dagbag.py:536} INFO - Filling up the DagBag from /home/den/Projects/venv/lib/python3.10/site-packages/airflow/example_dags/example_trigger_controller_dag.py
[2023-11-20T15:11:35.776+0500] {processor.py:839} INFO - DAG(s) dict_keys(['example_trigger_controller_dag']) retrieved from /home/den/Projects/venv/lib/python3.10/site-packages/airflow/example_dags/example_trigger_controller_dag.py
[2023-11-20T15:11:35.799+0500] {logging_mixin.py:154} INFO - [2023-11-20T15:11:35.799+0500] {dag.py:2941} INFO - Sync 1 DAGs
[2023-11-20T15:11:35.812+0500] {logging_mixin.py:154} INFO - [2023-11-20T15:11:35.812+0500] {dag.py:3722} INFO - Setting next_dagrun for example_trigger_controller_dag to 2021-01-01T00:00:00+00:00, run_after=2021-01-01T00:00:00+00:00
[2023-11-20T15:11:35.853+0500] {processor.py:179} INFO - Processing /home/den/Projects/venv/lib/python3.10/site-packages/airflow/example_dags/example_trigger_controller_dag.py took 0.100 seconds
[2023-11-20T15:12:13.156+0500] {processor.py:157} INFO - Started process (PID=9102) to work on /home/den/Projects/venv/lib/python3.10/site-packages/airflow/example_dags/example_trigger_controller_dag.py
[2023-11-20T15:12:13.158+0500] {processor.py:829} INFO - Processing file /home/den/Projects/venv/lib/python3.10/site-packages/airflow/example_dags/example_trigger_controller_dag.py for tasks to queue
[2023-11-20T15:12:13.159+0500] {logging_mixin.py:154} INFO - [2023-11-20T15:12:13.158+0500] {dagbag.py:536} INFO - Filling up the DagBag from /home/den/Projects/venv/lib/python3.10/site-packages/airflow/example_dags/example_trigger_controller_dag.py
[2023-11-20T15:12:13.167+0500] {processor.py:839} INFO - DAG(s) dict_keys(['example_trigger_controller_dag']) retrieved from /home/den/Projects/venv/lib/python3.10/site-packages/airflow/example_dags/example_trigger_controller_dag.py
[2023-11-20T15:12:13.188+0500] {logging_mixin.py:154} INFO - [2023-11-20T15:12:13.188+0500] {dag.py:2941} INFO - Sync 1 DAGs
[2023-11-20T15:12:13.203+0500] {logging_mixin.py:154} INFO - [2023-11-20T15:12:13.203+0500] {dag.py:3722} INFO - Setting next_dagrun for example_trigger_controller_dag to 2021-01-01T00:00:00+00:00, run_after=2021-01-01T00:00:00+00:00
[2023-11-20T15:12:13.242+0500] {processor.py:179} INFO - Processing /home/den/Projects/venv/lib/python3.10/site-packages/airflow/example_dags/example_trigger_controller_dag.py took 0.089 seconds
[2023-11-20T15:12:48.874+0500] {processor.py:157} INFO - Started process (PID=9148) to work on /home/den/Projects/venv/lib/python3.10/site-packages/airflow/example_dags/example_trigger_controller_dag.py
[2023-11-20T15:12:48.882+0500] {processor.py:829} INFO - Processing file /home/den/Projects/venv/lib/python3.10/site-packages/airflow/example_dags/example_trigger_controller_dag.py for tasks to queue
[2023-11-20T15:12:48.883+0500] {logging_mixin.py:154} INFO - [2023-11-20T15:12:48.882+0500] {dagbag.py:536} INFO - Filling up the DagBag from /home/den/Projects/venv/lib/python3.10/site-packages/airflow/example_dags/example_trigger_controller_dag.py
[2023-11-20T15:12:48.888+0500] {processor.py:839} INFO - DAG(s) dict_keys(['example_trigger_controller_dag']) retrieved from /home/den/Projects/venv/lib/python3.10/site-packages/airflow/example_dags/example_trigger_controller_dag.py
[2023-11-20T15:12:48.912+0500] {logging_mixin.py:154} INFO - [2023-11-20T15:12:48.912+0500] {dag.py:2941} INFO - Sync 1 DAGs
[2023-11-20T15:12:48.932+0500] {logging_mixin.py:154} INFO - [2023-11-20T15:12:48.932+0500] {dag.py:3722} INFO - Setting next_dagrun for example_trigger_controller_dag to 2021-01-01T00:00:00+00:00, run_after=2021-01-01T00:00:00+00:00
[2023-11-20T15:12:48.951+0500] {processor.py:179} INFO - Processing /home/den/Projects/venv/lib/python3.10/site-packages/airflow/example_dags/example_trigger_controller_dag.py took 0.082 seconds
[2023-11-20T15:13:25.904+0500] {processor.py:157} INFO - Started process (PID=9211) to work on /home/den/Projects/venv/lib/python3.10/site-packages/airflow/example_dags/example_trigger_controller_dag.py
[2023-11-20T15:13:25.908+0500] {processor.py:829} INFO - Processing file /home/den/Projects/venv/lib/python3.10/site-packages/airflow/example_dags/example_trigger_controller_dag.py for tasks to queue
[2023-11-20T15:13:25.912+0500] {logging_mixin.py:154} INFO - [2023-11-20T15:13:25.910+0500] {dagbag.py:536} INFO - Filling up the DagBag from /home/den/Projects/venv/lib/python3.10/site-packages/airflow/example_dags/example_trigger_controller_dag.py
[2023-11-20T15:13:25.922+0500] {processor.py:839} INFO - DAG(s) dict_keys(['example_trigger_controller_dag']) retrieved from /home/den/Projects/venv/lib/python3.10/site-packages/airflow/example_dags/example_trigger_controller_dag.py
[2023-11-20T15:13:25.945+0500] {logging_mixin.py:154} INFO - [2023-11-20T15:13:25.945+0500] {dag.py:2941} INFO - Sync 1 DAGs
[2023-11-20T15:13:25.981+0500] {logging_mixin.py:154} INFO - [2023-11-20T15:13:25.981+0500] {dag.py:3722} INFO - Setting next_dagrun for example_trigger_controller_dag to 2021-01-01T00:00:00+00:00, run_after=2021-01-01T00:00:00+00:00
[2023-11-20T15:13:26.019+0500] {processor.py:179} INFO - Processing /home/den/Projects/venv/lib/python3.10/site-packages/airflow/example_dags/example_trigger_controller_dag.py took 0.120 seconds
[2023-11-20T15:14:03.422+0500] {processor.py:157} INFO - Started process (PID=9287) to work on /home/den/Projects/venv/lib/python3.10/site-packages/airflow/example_dags/example_trigger_controller_dag.py
[2023-11-20T15:14:03.425+0500] {processor.py:829} INFO - Processing file /home/den/Projects/venv/lib/python3.10/site-packages/airflow/example_dags/example_trigger_controller_dag.py for tasks to queue
[2023-11-20T15:14:03.427+0500] {logging_mixin.py:154} INFO - [2023-11-20T15:14:03.426+0500] {dagbag.py:536} INFO - Filling up the DagBag from /home/den/Projects/venv/lib/python3.10/site-packages/airflow/example_dags/example_trigger_controller_dag.py
[2023-11-20T15:14:03.438+0500] {processor.py:839} INFO - DAG(s) dict_keys(['example_trigger_controller_dag']) retrieved from /home/den/Projects/venv/lib/python3.10/site-packages/airflow/example_dags/example_trigger_controller_dag.py
[2023-11-20T15:14:03.465+0500] {logging_mixin.py:154} INFO - [2023-11-20T15:14:03.464+0500] {dag.py:2941} INFO - Sync 1 DAGs
[2023-11-20T15:14:03.492+0500] {logging_mixin.py:154} INFO - [2023-11-20T15:14:03.492+0500] {dag.py:3722} INFO - Setting next_dagrun for example_trigger_controller_dag to 2021-01-01T00:00:00+00:00, run_after=2021-01-01T00:00:00+00:00
[2023-11-20T15:14:03.533+0500] {processor.py:179} INFO - Processing /home/den/Projects/venv/lib/python3.10/site-packages/airflow/example_dags/example_trigger_controller_dag.py took 0.114 seconds
[2023-11-20T15:14:42.275+0500] {processor.py:157} INFO - Started process (PID=9336) to work on /home/den/Projects/venv/lib/python3.10/site-packages/airflow/example_dags/example_trigger_controller_dag.py
[2023-11-20T15:14:42.281+0500] {processor.py:829} INFO - Processing file /home/den/Projects/venv/lib/python3.10/site-packages/airflow/example_dags/example_trigger_controller_dag.py for tasks to queue
[2023-11-20T15:14:42.282+0500] {logging_mixin.py:154} INFO - [2023-11-20T15:14:42.281+0500] {dagbag.py:536} INFO - Filling up the DagBag from /home/den/Projects/venv/lib/python3.10/site-packages/airflow/example_dags/example_trigger_controller_dag.py
[2023-11-20T15:14:42.287+0500] {processor.py:839} INFO - DAG(s) dict_keys(['example_trigger_controller_dag']) retrieved from /home/den/Projects/venv/lib/python3.10/site-packages/airflow/example_dags/example_trigger_controller_dag.py
[2023-11-20T15:14:42.310+0500] {logging_mixin.py:154} INFO - [2023-11-20T15:14:42.310+0500] {dag.py:2941} INFO - Sync 1 DAGs
[2023-11-20T15:14:42.339+0500] {logging_mixin.py:154} INFO - [2023-11-20T15:14:42.339+0500] {dag.py:3722} INFO - Setting next_dagrun for example_trigger_controller_dag to 2021-01-01T00:00:00+00:00, run_after=2021-01-01T00:00:00+00:00
[2023-11-20T15:14:42.383+0500] {processor.py:179} INFO - Processing /home/den/Projects/venv/lib/python3.10/site-packages/airflow/example_dags/example_trigger_controller_dag.py took 0.113 seconds
[2023-11-20T15:15:33.752+0500] {processor.py:157} INFO - Started process (PID=9415) to work on /home/den/Projects/venv/lib/python3.10/site-packages/airflow/example_dags/example_trigger_controller_dag.py
[2023-11-20T15:15:33.753+0500] {processor.py:829} INFO - Processing file /home/den/Projects/venv/lib/python3.10/site-packages/airflow/example_dags/example_trigger_controller_dag.py for tasks to queue
[2023-11-20T15:15:33.754+0500] {logging_mixin.py:154} INFO - [2023-11-20T15:15:33.754+0500] {dagbag.py:536} INFO - Filling up the DagBag from /home/den/Projects/venv/lib/python3.10/site-packages/airflow/example_dags/example_trigger_controller_dag.py
[2023-11-20T15:15:33.759+0500] {processor.py:839} INFO - DAG(s) dict_keys(['example_trigger_controller_dag']) retrieved from /home/den/Projects/venv/lib/python3.10/site-packages/airflow/example_dags/example_trigger_controller_dag.py
[2023-11-20T15:15:33.772+0500] {logging_mixin.py:154} INFO - [2023-11-20T15:15:33.772+0500] {dag.py:2941} INFO - Sync 1 DAGs
[2023-11-20T15:15:33.787+0500] {logging_mixin.py:154} INFO - [2023-11-20T15:15:33.786+0500] {dag.py:3722} INFO - Setting next_dagrun for example_trigger_controller_dag to 2021-01-01T00:00:00+00:00, run_after=2021-01-01T00:00:00+00:00
[2023-11-20T15:15:33.805+0500] {processor.py:179} INFO - Processing /home/den/Projects/venv/lib/python3.10/site-packages/airflow/example_dags/example_trigger_controller_dag.py took 0.057 seconds
[2023-11-20T15:16:21.113+0500] {processor.py:157} INFO - Started process (PID=9508) to work on /home/den/Projects/venv/lib/python3.10/site-packages/airflow/example_dags/example_trigger_controller_dag.py
[2023-11-20T15:16:21.116+0500] {processor.py:829} INFO - Processing file /home/den/Projects/venv/lib/python3.10/site-packages/airflow/example_dags/example_trigger_controller_dag.py for tasks to queue
[2023-11-20T15:16:21.116+0500] {logging_mixin.py:154} INFO - [2023-11-20T15:16:21.116+0500] {dagbag.py:536} INFO - Filling up the DagBag from /home/den/Projects/venv/lib/python3.10/site-packages/airflow/example_dags/example_trigger_controller_dag.py
[2023-11-20T15:16:21.121+0500] {processor.py:839} INFO - DAG(s) dict_keys(['example_trigger_controller_dag']) retrieved from /home/den/Projects/venv/lib/python3.10/site-packages/airflow/example_dags/example_trigger_controller_dag.py
[2023-11-20T15:16:21.136+0500] {logging_mixin.py:154} INFO - [2023-11-20T15:16:21.136+0500] {dag.py:2941} INFO - Sync 1 DAGs
[2023-11-20T15:16:21.150+0500] {logging_mixin.py:154} INFO - [2023-11-20T15:16:21.150+0500] {dag.py:3722} INFO - Setting next_dagrun for example_trigger_controller_dag to 2021-01-01T00:00:00+00:00, run_after=2021-01-01T00:00:00+00:00
[2023-11-20T15:16:21.168+0500] {processor.py:179} INFO - Processing /home/den/Projects/venv/lib/python3.10/site-packages/airflow/example_dags/example_trigger_controller_dag.py took 0.058 seconds
[2023-11-20T15:17:09.988+0500] {processor.py:157} INFO - Started process (PID=9573) to work on /home/den/Projects/venv/lib/python3.10/site-packages/airflow/example_dags/example_trigger_controller_dag.py
[2023-11-20T15:17:09.990+0500] {processor.py:829} INFO - Processing file /home/den/Projects/venv/lib/python3.10/site-packages/airflow/example_dags/example_trigger_controller_dag.py for tasks to queue
[2023-11-20T15:17:09.990+0500] {logging_mixin.py:154} INFO - [2023-11-20T15:17:09.990+0500] {dagbag.py:536} INFO - Filling up the DagBag from /home/den/Projects/venv/lib/python3.10/site-packages/airflow/example_dags/example_trigger_controller_dag.py
[2023-11-20T15:17:09.995+0500] {processor.py:839} INFO - DAG(s) dict_keys(['example_trigger_controller_dag']) retrieved from /home/den/Projects/venv/lib/python3.10/site-packages/airflow/example_dags/example_trigger_controller_dag.py
[2023-11-20T15:17:10.010+0500] {logging_mixin.py:154} INFO - [2023-11-20T15:17:10.010+0500] {dag.py:2941} INFO - Sync 1 DAGs
[2023-11-20T15:17:10.025+0500] {logging_mixin.py:154} INFO - [2023-11-20T15:17:10.024+0500] {dag.py:3722} INFO - Setting next_dagrun for example_trigger_controller_dag to 2021-01-01T00:00:00+00:00, run_after=2021-01-01T00:00:00+00:00
[2023-11-20T15:17:10.049+0500] {processor.py:179} INFO - Processing /home/den/Projects/venv/lib/python3.10/site-packages/airflow/example_dags/example_trigger_controller_dag.py took 0.064 seconds
[2023-11-20T15:17:53.210+0500] {processor.py:157} INFO - Started process (PID=9663) to work on /home/den/Projects/venv/lib/python3.10/site-packages/airflow/example_dags/example_trigger_controller_dag.py
[2023-11-20T15:17:53.211+0500] {processor.py:829} INFO - Processing file /home/den/Projects/venv/lib/python3.10/site-packages/airflow/example_dags/example_trigger_controller_dag.py for tasks to queue
[2023-11-20T15:17:53.212+0500] {logging_mixin.py:154} INFO - [2023-11-20T15:17:53.211+0500] {dagbag.py:536} INFO - Filling up the DagBag from /home/den/Projects/venv/lib/python3.10/site-packages/airflow/example_dags/example_trigger_controller_dag.py
[2023-11-20T15:17:53.216+0500] {processor.py:839} INFO - DAG(s) dict_keys(['example_trigger_controller_dag']) retrieved from /home/den/Projects/venv/lib/python3.10/site-packages/airflow/example_dags/example_trigger_controller_dag.py
[2023-11-20T15:17:53.231+0500] {logging_mixin.py:154} INFO - [2023-11-20T15:17:53.231+0500] {dag.py:2941} INFO - Sync 1 DAGs
[2023-11-20T15:17:53.247+0500] {logging_mixin.py:154} INFO - [2023-11-20T15:17:53.247+0500] {dag.py:3722} INFO - Setting next_dagrun for example_trigger_controller_dag to 2021-01-01T00:00:00+00:00, run_after=2021-01-01T00:00:00+00:00
[2023-11-20T15:17:53.271+0500] {processor.py:179} INFO - Processing /home/den/Projects/venv/lib/python3.10/site-packages/airflow/example_dags/example_trigger_controller_dag.py took 0.064 seconds
[2023-11-20T15:18:45.739+0500] {processor.py:157} INFO - Started process (PID=9726) to work on /home/den/Projects/venv/lib/python3.10/site-packages/airflow/example_dags/example_trigger_controller_dag.py
[2023-11-20T15:18:45.740+0500] {processor.py:829} INFO - Processing file /home/den/Projects/venv/lib/python3.10/site-packages/airflow/example_dags/example_trigger_controller_dag.py for tasks to queue
[2023-11-20T15:18:45.741+0500] {logging_mixin.py:154} INFO - [2023-11-20T15:18:45.740+0500] {dagbag.py:536} INFO - Filling up the DagBag from /home/den/Projects/venv/lib/python3.10/site-packages/airflow/example_dags/example_trigger_controller_dag.py
[2023-11-20T15:18:45.746+0500] {processor.py:839} INFO - DAG(s) dict_keys(['example_trigger_controller_dag']) retrieved from /home/den/Projects/venv/lib/python3.10/site-packages/airflow/example_dags/example_trigger_controller_dag.py
[2023-11-20T15:18:45.761+0500] {logging_mixin.py:154} INFO - [2023-11-20T15:18:45.761+0500] {dag.py:2941} INFO - Sync 1 DAGs
[2023-11-20T15:18:45.783+0500] {logging_mixin.py:154} INFO - [2023-11-20T15:18:45.783+0500] {dag.py:3722} INFO - Setting next_dagrun for example_trigger_controller_dag to 2021-01-01T00:00:00+00:00, run_after=2021-01-01T00:00:00+00:00
[2023-11-20T15:18:45.800+0500] {processor.py:179} INFO - Processing /home/den/Projects/venv/lib/python3.10/site-packages/airflow/example_dags/example_trigger_controller_dag.py took 0.065 seconds
[2023-11-20T15:19:29.386+0500] {processor.py:157} INFO - Started process (PID=9796) to work on /home/den/Projects/venv/lib/python3.10/site-packages/airflow/example_dags/example_trigger_controller_dag.py
[2023-11-20T15:19:29.387+0500] {processor.py:829} INFO - Processing file /home/den/Projects/venv/lib/python3.10/site-packages/airflow/example_dags/example_trigger_controller_dag.py for tasks to queue
[2023-11-20T15:19:29.388+0500] {logging_mixin.py:154} INFO - [2023-11-20T15:19:29.388+0500] {dagbag.py:536} INFO - Filling up the DagBag from /home/den/Projects/venv/lib/python3.10/site-packages/airflow/example_dags/example_trigger_controller_dag.py
[2023-11-20T15:19:29.392+0500] {processor.py:839} INFO - DAG(s) dict_keys(['example_trigger_controller_dag']) retrieved from /home/den/Projects/venv/lib/python3.10/site-packages/airflow/example_dags/example_trigger_controller_dag.py
[2023-11-20T15:19:29.407+0500] {logging_mixin.py:154} INFO - [2023-11-20T15:19:29.407+0500] {dag.py:2941} INFO - Sync 1 DAGs
[2023-11-20T15:19:29.421+0500] {logging_mixin.py:154} INFO - [2023-11-20T15:19:29.421+0500] {dag.py:3722} INFO - Setting next_dagrun for example_trigger_controller_dag to 2021-01-01T00:00:00+00:00, run_after=2021-01-01T00:00:00+00:00
[2023-11-20T15:19:29.448+0500] {processor.py:179} INFO - Processing /home/den/Projects/venv/lib/python3.10/site-packages/airflow/example_dags/example_trigger_controller_dag.py took 0.065 seconds
[2023-11-20T15:20:08.329+0500] {processor.py:157} INFO - Started process (PID=9934) to work on /home/den/Projects/venv/lib/python3.10/site-packages/airflow/example_dags/example_trigger_controller_dag.py
[2023-11-20T15:20:08.340+0500] {processor.py:829} INFO - Processing file /home/den/Projects/venv/lib/python3.10/site-packages/airflow/example_dags/example_trigger_controller_dag.py for tasks to queue
[2023-11-20T15:20:08.344+0500] {logging_mixin.py:154} INFO - [2023-11-20T15:20:08.343+0500] {dagbag.py:536} INFO - Filling up the DagBag from /home/den/Projects/venv/lib/python3.10/site-packages/airflow/example_dags/example_trigger_controller_dag.py
[2023-11-20T15:20:08.354+0500] {processor.py:839} INFO - DAG(s) dict_keys(['example_trigger_controller_dag']) retrieved from /home/den/Projects/venv/lib/python3.10/site-packages/airflow/example_dags/example_trigger_controller_dag.py
[2023-11-20T15:20:08.381+0500] {logging_mixin.py:154} INFO - [2023-11-20T15:20:08.380+0500] {dag.py:2941} INFO - Sync 1 DAGs
[2023-11-20T15:20:08.397+0500] {logging_mixin.py:154} INFO - [2023-11-20T15:20:08.397+0500] {dag.py:3722} INFO - Setting next_dagrun for example_trigger_controller_dag to 2021-01-01T00:00:00+00:00, run_after=2021-01-01T00:00:00+00:00
[2023-11-20T15:20:08.418+0500] {processor.py:179} INFO - Processing /home/den/Projects/venv/lib/python3.10/site-packages/airflow/example_dags/example_trigger_controller_dag.py took 0.094 seconds
[2023-11-20T15:20:50.140+0500] {processor.py:157} INFO - Started process (PID=9984) to work on /home/den/Projects/venv/lib/python3.10/site-packages/airflow/example_dags/example_trigger_controller_dag.py
[2023-11-20T15:20:50.147+0500] {processor.py:829} INFO - Processing file /home/den/Projects/venv/lib/python3.10/site-packages/airflow/example_dags/example_trigger_controller_dag.py for tasks to queue
[2023-11-20T15:20:50.148+0500] {logging_mixin.py:154} INFO - [2023-11-20T15:20:50.148+0500] {dagbag.py:536} INFO - Filling up the DagBag from /home/den/Projects/venv/lib/python3.10/site-packages/airflow/example_dags/example_trigger_controller_dag.py
[2023-11-20T15:20:50.168+0500] {processor.py:839} INFO - DAG(s) dict_keys(['example_trigger_controller_dag']) retrieved from /home/den/Projects/venv/lib/python3.10/site-packages/airflow/example_dags/example_trigger_controller_dag.py
[2023-11-20T15:20:50.192+0500] {logging_mixin.py:154} INFO - [2023-11-20T15:20:50.192+0500] {dag.py:2941} INFO - Sync 1 DAGs
[2023-11-20T15:20:50.220+0500] {logging_mixin.py:154} INFO - [2023-11-20T15:20:50.220+0500] {dag.py:3722} INFO - Setting next_dagrun for example_trigger_controller_dag to 2021-01-01T00:00:00+00:00, run_after=2021-01-01T00:00:00+00:00
[2023-11-20T15:20:50.261+0500] {processor.py:179} INFO - Processing /home/den/Projects/venv/lib/python3.10/site-packages/airflow/example_dags/example_trigger_controller_dag.py took 0.127 seconds
[2023-11-20T15:21:32.458+0500] {processor.py:157} INFO - Started process (PID=10049) to work on /home/den/Projects/venv/lib/python3.10/site-packages/airflow/example_dags/example_trigger_controller_dag.py
[2023-11-20T15:21:32.466+0500] {processor.py:829} INFO - Processing file /home/den/Projects/venv/lib/python3.10/site-packages/airflow/example_dags/example_trigger_controller_dag.py for tasks to queue
[2023-11-20T15:21:32.468+0500] {logging_mixin.py:154} INFO - [2023-11-20T15:21:32.467+0500] {dagbag.py:536} INFO - Filling up the DagBag from /home/den/Projects/venv/lib/python3.10/site-packages/airflow/example_dags/example_trigger_controller_dag.py
[2023-11-20T15:21:32.473+0500] {processor.py:839} INFO - DAG(s) dict_keys(['example_trigger_controller_dag']) retrieved from /home/den/Projects/venv/lib/python3.10/site-packages/airflow/example_dags/example_trigger_controller_dag.py
[2023-11-20T15:21:32.501+0500] {logging_mixin.py:154} INFO - [2023-11-20T15:21:32.500+0500] {dag.py:2941} INFO - Sync 1 DAGs
[2023-11-20T15:21:32.515+0500] {logging_mixin.py:154} INFO - [2023-11-20T15:21:32.515+0500] {dag.py:3722} INFO - Setting next_dagrun for example_trigger_controller_dag to 2021-01-01T00:00:00+00:00, run_after=2021-01-01T00:00:00+00:00
[2023-11-20T15:21:32.560+0500] {processor.py:179} INFO - Processing /home/den/Projects/venv/lib/python3.10/site-packages/airflow/example_dags/example_trigger_controller_dag.py took 0.108 seconds
[2023-11-20T15:22:17.741+0500] {processor.py:157} INFO - Started process (PID=10126) to work on /home/den/Projects/venv/lib/python3.10/site-packages/airflow/example_dags/example_trigger_controller_dag.py
[2023-11-20T15:22:17.744+0500] {processor.py:829} INFO - Processing file /home/den/Projects/venv/lib/python3.10/site-packages/airflow/example_dags/example_trigger_controller_dag.py for tasks to queue
[2023-11-20T15:22:17.746+0500] {logging_mixin.py:154} INFO - [2023-11-20T15:22:17.745+0500] {dagbag.py:536} INFO - Filling up the DagBag from /home/den/Projects/venv/lib/python3.10/site-packages/airflow/example_dags/example_trigger_controller_dag.py
[2023-11-20T15:22:17.753+0500] {processor.py:839} INFO - DAG(s) dict_keys(['example_trigger_controller_dag']) retrieved from /home/den/Projects/venv/lib/python3.10/site-packages/airflow/example_dags/example_trigger_controller_dag.py
[2023-11-20T15:22:17.774+0500] {logging_mixin.py:154} INFO - [2023-11-20T15:22:17.774+0500] {dag.py:2941} INFO - Sync 1 DAGs
[2023-11-20T15:22:17.798+0500] {logging_mixin.py:154} INFO - [2023-11-20T15:22:17.798+0500] {dag.py:3722} INFO - Setting next_dagrun for example_trigger_controller_dag to 2021-01-01T00:00:00+00:00, run_after=2021-01-01T00:00:00+00:00
[2023-11-20T15:22:17.835+0500] {processor.py:179} INFO - Processing /home/den/Projects/venv/lib/python3.10/site-packages/airflow/example_dags/example_trigger_controller_dag.py took 0.098 seconds
[2023-11-20T15:22:57.784+0500] {processor.py:157} INFO - Started process (PID=10183) to work on /home/den/Projects/venv/lib/python3.10/site-packages/airflow/example_dags/example_trigger_controller_dag.py
[2023-11-20T15:22:57.786+0500] {processor.py:829} INFO - Processing file /home/den/Projects/venv/lib/python3.10/site-packages/airflow/example_dags/example_trigger_controller_dag.py for tasks to queue
[2023-11-20T15:22:57.788+0500] {logging_mixin.py:154} INFO - [2023-11-20T15:22:57.788+0500] {dagbag.py:536} INFO - Filling up the DagBag from /home/den/Projects/venv/lib/python3.10/site-packages/airflow/example_dags/example_trigger_controller_dag.py
[2023-11-20T15:22:57.795+0500] {processor.py:839} INFO - DAG(s) dict_keys(['example_trigger_controller_dag']) retrieved from /home/den/Projects/venv/lib/python3.10/site-packages/airflow/example_dags/example_trigger_controller_dag.py
[2023-11-20T15:22:57.853+0500] {logging_mixin.py:154} INFO - [2023-11-20T15:22:57.852+0500] {dag.py:2941} INFO - Sync 1 DAGs
[2023-11-20T15:22:57.875+0500] {logging_mixin.py:154} INFO - [2023-11-20T15:22:57.875+0500] {dag.py:3722} INFO - Setting next_dagrun for example_trigger_controller_dag to 2021-01-01T00:00:00+00:00, run_after=2021-01-01T00:00:00+00:00
[2023-11-20T15:22:57.905+0500] {processor.py:179} INFO - Processing /home/den/Projects/venv/lib/python3.10/site-packages/airflow/example_dags/example_trigger_controller_dag.py took 0.137 seconds
[2023-11-20T15:23:38.845+0500] {processor.py:157} INFO - Started process (PID=10255) to work on /home/den/Projects/venv/lib/python3.10/site-packages/airflow/example_dags/example_trigger_controller_dag.py
[2023-11-20T15:23:38.847+0500] {processor.py:829} INFO - Processing file /home/den/Projects/venv/lib/python3.10/site-packages/airflow/example_dags/example_trigger_controller_dag.py for tasks to queue
[2023-11-20T15:23:38.851+0500] {logging_mixin.py:154} INFO - [2023-11-20T15:23:38.848+0500] {dagbag.py:536} INFO - Filling up the DagBag from /home/den/Projects/venv/lib/python3.10/site-packages/airflow/example_dags/example_trigger_controller_dag.py
[2023-11-20T15:23:38.857+0500] {processor.py:839} INFO - DAG(s) dict_keys(['example_trigger_controller_dag']) retrieved from /home/den/Projects/venv/lib/python3.10/site-packages/airflow/example_dags/example_trigger_controller_dag.py
[2023-11-20T15:23:38.886+0500] {logging_mixin.py:154} INFO - [2023-11-20T15:23:38.886+0500] {dag.py:2941} INFO - Sync 1 DAGs
[2023-11-20T15:23:38.918+0500] {logging_mixin.py:154} INFO - [2023-11-20T15:23:38.918+0500] {dag.py:3722} INFO - Setting next_dagrun for example_trigger_controller_dag to 2021-01-01T00:00:00+00:00, run_after=2021-01-01T00:00:00+00:00
[2023-11-20T15:23:38.955+0500] {processor.py:179} INFO - Processing /home/den/Projects/venv/lib/python3.10/site-packages/airflow/example_dags/example_trigger_controller_dag.py took 0.115 seconds
