[2023-11-20T14:39:43.522+0500] {processor.py:157} INFO - Started process (PID=5222) to work on /home/den/Projects/venv/lib/python3.10/site-packages/airflow/example_dags/example_skip_dag.py
[2023-11-20T14:39:43.523+0500] {processor.py:829} INFO - Processing file /home/den/Projects/venv/lib/python3.10/site-packages/airflow/example_dags/example_skip_dag.py for tasks to queue
[2023-11-20T14:39:43.523+0500] {logging_mixin.py:154} INFO - [2023-11-20T14:39:43.523+0500] {dagbag.py:536} INFO - Filling up the DagBag from /home/den/Projects/venv/lib/python3.10/site-packages/airflow/example_dags/example_skip_dag.py
[2023-11-20T14:39:43.531+0500] {processor.py:839} INFO - DAG(s) dict_keys(['example_skip_dag']) retrieved from /home/den/Projects/venv/lib/python3.10/site-packages/airflow/example_dags/example_skip_dag.py
[2023-11-20T14:39:43.605+0500] {logging_mixin.py:154} INFO - [2023-11-20T14:39:43.605+0500] {manager.py:499} INFO - Created Permission View: %s
[2023-11-20T14:39:43.616+0500] {logging_mixin.py:154} INFO - [2023-11-20T14:39:43.616+0500] {manager.py:499} INFO - Created Permission View: %s
[2023-11-20T14:39:43.624+0500] {logging_mixin.py:154} INFO - [2023-11-20T14:39:43.624+0500] {manager.py:499} INFO - Created Permission View: %s
[2023-11-20T14:39:43.624+0500] {logging_mixin.py:154} INFO - [2023-11-20T14:39:43.624+0500] {dag.py:2941} INFO - Sync 1 DAGs
[2023-11-20T14:39:43.630+0500] {logging_mixin.py:154} INFO - [2023-11-20T14:39:43.630+0500] {dag.py:2963} INFO - Creating ORM DAG for example_skip_dag
[2023-11-20T14:39:43.635+0500] {logging_mixin.py:154} INFO - [2023-11-20T14:39:43.635+0500] {dag.py:3722} INFO - Setting next_dagrun for example_skip_dag to 2023-11-19T09:39:43.635485+00:00, run_after=2023-11-20T09:39:43.635485+00:00
[2023-11-20T14:39:43.652+0500] {processor.py:179} INFO - Processing /home/den/Projects/venv/lib/python3.10/site-packages/airflow/example_dags/example_skip_dag.py took 0.133 seconds
[2023-11-20T14:40:32.604+0500] {processor.py:157} INFO - Started process (PID=5313) to work on /home/den/Projects/venv/lib/python3.10/site-packages/airflow/example_dags/example_skip_dag.py
[2023-11-20T14:40:32.607+0500] {processor.py:829} INFO - Processing file /home/den/Projects/venv/lib/python3.10/site-packages/airflow/example_dags/example_skip_dag.py for tasks to queue
[2023-11-20T14:40:32.609+0500] {logging_mixin.py:154} INFO - [2023-11-20T14:40:32.608+0500] {dagbag.py:536} INFO - Filling up the DagBag from /home/den/Projects/venv/lib/python3.10/site-packages/airflow/example_dags/example_skip_dag.py
[2023-11-20T14:40:32.617+0500] {processor.py:839} INFO - DAG(s) dict_keys(['example_skip_dag']) retrieved from /home/den/Projects/venv/lib/python3.10/site-packages/airflow/example_dags/example_skip_dag.py
[2023-11-20T14:40:32.630+0500] {logging_mixin.py:154} INFO - [2023-11-20T14:40:32.630+0500] {dag.py:2941} INFO - Sync 1 DAGs
[2023-11-20T14:40:32.648+0500] {logging_mixin.py:154} INFO - [2023-11-20T14:40:32.648+0500] {dag.py:3722} INFO - Setting next_dagrun for example_skip_dag to 2023-11-19T09:40:32.647434+00:00, run_after=2023-11-20T09:40:32.647434+00:00
[2023-11-20T14:40:32.666+0500] {processor.py:179} INFO - Processing /home/den/Projects/venv/lib/python3.10/site-packages/airflow/example_dags/example_skip_dag.py took 0.069 seconds
[2023-11-20T14:50:09.911+0500] {processor.py:157} INFO - Started process (PID=6509) to work on /home/den/Projects/venv/lib/python3.10/site-packages/airflow/example_dags/example_skip_dag.py
[2023-11-20T14:50:09.913+0500] {processor.py:829} INFO - Processing file /home/den/Projects/venv/lib/python3.10/site-packages/airflow/example_dags/example_skip_dag.py for tasks to queue
[2023-11-20T14:50:09.914+0500] {logging_mixin.py:154} INFO - [2023-11-20T14:50:09.914+0500] {dagbag.py:536} INFO - Filling up the DagBag from /home/den/Projects/venv/lib/python3.10/site-packages/airflow/example_dags/example_skip_dag.py
[2023-11-20T14:50:09.935+0500] {processor.py:839} INFO - DAG(s) dict_keys(['example_skip_dag']) retrieved from /home/den/Projects/venv/lib/python3.10/site-packages/airflow/example_dags/example_skip_dag.py
[2023-11-20T14:50:09.963+0500] {logging_mixin.py:154} INFO - [2023-11-20T14:50:09.961+0500] {dag.py:2941} INFO - Sync 1 DAGs
[2023-11-20T14:50:09.992+0500] {logging_mixin.py:154} INFO - [2023-11-20T14:50:09.991+0500] {dag.py:3722} INFO - Setting next_dagrun for example_skip_dag to 2023-11-19T09:50:09.991685+00:00, run_after=2023-11-20T09:50:09.991685+00:00
[2023-11-20T14:50:10.024+0500] {processor.py:179} INFO - Processing /home/den/Projects/venv/lib/python3.10/site-packages/airflow/example_dags/example_skip_dag.py took 0.116 seconds
[2023-11-20T14:50:59.035+0500] {processor.py:157} INFO - Started process (PID=6576) to work on /home/den/Projects/venv/lib/python3.10/site-packages/airflow/example_dags/example_skip_dag.py
[2023-11-20T14:50:59.037+0500] {processor.py:829} INFO - Processing file /home/den/Projects/venv/lib/python3.10/site-packages/airflow/example_dags/example_skip_dag.py for tasks to queue
[2023-11-20T14:50:59.038+0500] {logging_mixin.py:154} INFO - [2023-11-20T14:50:59.038+0500] {dagbag.py:536} INFO - Filling up the DagBag from /home/den/Projects/venv/lib/python3.10/site-packages/airflow/example_dags/example_skip_dag.py
[2023-11-20T14:50:59.045+0500] {processor.py:839} INFO - DAG(s) dict_keys(['example_skip_dag']) retrieved from /home/den/Projects/venv/lib/python3.10/site-packages/airflow/example_dags/example_skip_dag.py
[2023-11-20T14:50:59.057+0500] {logging_mixin.py:154} INFO - [2023-11-20T14:50:59.057+0500] {dag.py:2941} INFO - Sync 1 DAGs
[2023-11-20T14:50:59.069+0500] {logging_mixin.py:154} INFO - [2023-11-20T14:50:59.069+0500] {dag.py:3722} INFO - Setting next_dagrun for example_skip_dag to 2023-11-19T09:50:59.069100+00:00, run_after=2023-11-20T09:50:59.069100+00:00
[2023-11-20T14:50:59.097+0500] {processor.py:179} INFO - Processing /home/den/Projects/venv/lib/python3.10/site-packages/airflow/example_dags/example_skip_dag.py took 0.065 seconds
[2023-11-20T14:51:48.157+0500] {processor.py:157} INFO - Started process (PID=6671) to work on /home/den/Projects/venv/lib/python3.10/site-packages/airflow/example_dags/example_skip_dag.py
[2023-11-20T14:51:48.159+0500] {processor.py:829} INFO - Processing file /home/den/Projects/venv/lib/python3.10/site-packages/airflow/example_dags/example_skip_dag.py for tasks to queue
[2023-11-20T14:51:48.159+0500] {logging_mixin.py:154} INFO - [2023-11-20T14:51:48.159+0500] {dagbag.py:536} INFO - Filling up the DagBag from /home/den/Projects/venv/lib/python3.10/site-packages/airflow/example_dags/example_skip_dag.py
[2023-11-20T14:51:48.165+0500] {processor.py:839} INFO - DAG(s) dict_keys(['example_skip_dag']) retrieved from /home/den/Projects/venv/lib/python3.10/site-packages/airflow/example_dags/example_skip_dag.py
[2023-11-20T14:51:48.176+0500] {logging_mixin.py:154} INFO - [2023-11-20T14:51:48.176+0500] {dag.py:2941} INFO - Sync 1 DAGs
[2023-11-20T14:51:48.189+0500] {logging_mixin.py:154} INFO - [2023-11-20T14:51:48.189+0500] {dag.py:3722} INFO - Setting next_dagrun for example_skip_dag to 2023-11-19T09:51:48.188906+00:00, run_after=2023-11-20T09:51:48.188906+00:00
[2023-11-20T14:51:48.206+0500] {processor.py:179} INFO - Processing /home/den/Projects/venv/lib/python3.10/site-packages/airflow/example_dags/example_skip_dag.py took 0.052 seconds
[2023-11-20T14:53:27.187+0500] {processor.py:157} INFO - Started process (PID=7388) to work on /home/den/Projects/venv/lib/python3.10/site-packages/airflow/example_dags/example_skip_dag.py
[2023-11-20T14:53:27.190+0500] {processor.py:829} INFO - Processing file /home/den/Projects/venv/lib/python3.10/site-packages/airflow/example_dags/example_skip_dag.py for tasks to queue
[2023-11-20T14:53:27.193+0500] {logging_mixin.py:154} INFO - [2023-11-20T14:53:27.192+0500] {dagbag.py:536} INFO - Filling up the DagBag from /home/den/Projects/venv/lib/python3.10/site-packages/airflow/example_dags/example_skip_dag.py
[2023-11-20T14:53:27.219+0500] {processor.py:839} INFO - DAG(s) dict_keys(['example_skip_dag']) retrieved from /home/den/Projects/venv/lib/python3.10/site-packages/airflow/example_dags/example_skip_dag.py
[2023-11-20T14:53:27.390+0500] {logging_mixin.py:154} INFO - [2023-11-20T14:53:27.389+0500] {dag.py:2941} INFO - Sync 1 DAGs
[2023-11-20T14:53:27.457+0500] {logging_mixin.py:154} INFO - [2023-11-20T14:53:27.443+0500] {dag.py:3722} INFO - Setting next_dagrun for example_skip_dag to 2023-11-19T09:53:27.442235+00:00, run_after=2023-11-20T09:53:27.442235+00:00
[2023-11-20T14:53:27.611+0500] {processor.py:179} INFO - Processing /home/den/Projects/venv/lib/python3.10/site-packages/airflow/example_dags/example_skip_dag.py took 0.433 seconds
[2023-11-20T14:54:59.015+0500] {processor.py:157} INFO - Started process (PID=7509) to work on /home/den/Projects/venv/lib/python3.10/site-packages/airflow/example_dags/example_skip_dag.py
[2023-11-20T14:54:59.017+0500] {processor.py:829} INFO - Processing file /home/den/Projects/venv/lib/python3.10/site-packages/airflow/example_dags/example_skip_dag.py for tasks to queue
[2023-11-20T14:54:59.018+0500] {logging_mixin.py:154} INFO - [2023-11-20T14:54:59.018+0500] {dagbag.py:536} INFO - Filling up the DagBag from /home/den/Projects/venv/lib/python3.10/site-packages/airflow/example_dags/example_skip_dag.py
[2023-11-20T14:54:59.025+0500] {processor.py:839} INFO - DAG(s) dict_keys(['example_skip_dag']) retrieved from /home/den/Projects/venv/lib/python3.10/site-packages/airflow/example_dags/example_skip_dag.py
[2023-11-20T14:54:59.039+0500] {logging_mixin.py:154} INFO - [2023-11-20T14:54:59.039+0500] {dag.py:2941} INFO - Sync 1 DAGs
[2023-11-20T14:54:59.052+0500] {logging_mixin.py:154} INFO - [2023-11-20T14:54:59.052+0500] {dag.py:3722} INFO - Setting next_dagrun for example_skip_dag to 2023-11-19T09:54:59.052350+00:00, run_after=2023-11-20T09:54:59.052350+00:00
[2023-11-20T14:54:59.069+0500] {processor.py:179} INFO - Processing /home/den/Projects/venv/lib/python3.10/site-packages/airflow/example_dags/example_skip_dag.py took 0.056 seconds
[2023-11-20T14:57:41.956+0500] {processor.py:157} INFO - Started process (PID=7664) to work on /home/den/Projects/venv/lib/python3.10/site-packages/airflow/example_dags/example_skip_dag.py
[2023-11-20T14:57:41.957+0500] {processor.py:829} INFO - Processing file /home/den/Projects/venv/lib/python3.10/site-packages/airflow/example_dags/example_skip_dag.py for tasks to queue
[2023-11-20T14:57:41.958+0500] {logging_mixin.py:154} INFO - [2023-11-20T14:57:41.958+0500] {dagbag.py:536} INFO - Filling up the DagBag from /home/den/Projects/venv/lib/python3.10/site-packages/airflow/example_dags/example_skip_dag.py
[2023-11-20T14:57:41.966+0500] {processor.py:839} INFO - DAG(s) dict_keys(['example_skip_dag']) retrieved from /home/den/Projects/venv/lib/python3.10/site-packages/airflow/example_dags/example_skip_dag.py
[2023-11-20T14:57:41.979+0500] {logging_mixin.py:154} INFO - [2023-11-20T14:57:41.979+0500] {dag.py:2941} INFO - Sync 1 DAGs
[2023-11-20T14:57:41.992+0500] {logging_mixin.py:154} INFO - [2023-11-20T14:57:41.992+0500] {dag.py:3722} INFO - Setting next_dagrun for example_skip_dag to 2023-11-19T09:57:41.991940+00:00, run_after=2023-11-20T09:57:41.991940+00:00
[2023-11-20T14:57:42.009+0500] {processor.py:179} INFO - Processing /home/den/Projects/venv/lib/python3.10/site-packages/airflow/example_dags/example_skip_dag.py took 0.056 seconds
[2023-11-20T14:58:28.423+0500] {processor.py:157} INFO - Started process (PID=7770) to work on /home/den/Projects/venv/lib/python3.10/site-packages/airflow/example_dags/example_skip_dag.py
[2023-11-20T14:58:28.424+0500] {processor.py:829} INFO - Processing file /home/den/Projects/venv/lib/python3.10/site-packages/airflow/example_dags/example_skip_dag.py for tasks to queue
[2023-11-20T14:58:28.425+0500] {logging_mixin.py:154} INFO - [2023-11-20T14:58:28.424+0500] {dagbag.py:536} INFO - Filling up the DagBag from /home/den/Projects/venv/lib/python3.10/site-packages/airflow/example_dags/example_skip_dag.py
[2023-11-20T14:58:28.432+0500] {processor.py:839} INFO - DAG(s) dict_keys(['example_skip_dag']) retrieved from /home/den/Projects/venv/lib/python3.10/site-packages/airflow/example_dags/example_skip_dag.py
[2023-11-20T14:58:28.444+0500] {logging_mixin.py:154} INFO - [2023-11-20T14:58:28.444+0500] {dag.py:2941} INFO - Sync 1 DAGs
[2023-11-20T14:58:28.456+0500] {logging_mixin.py:154} INFO - [2023-11-20T14:58:28.456+0500] {dag.py:3722} INFO - Setting next_dagrun for example_skip_dag to 2023-11-19T09:58:28.456554+00:00, run_after=2023-11-20T09:58:28.456554+00:00
[2023-11-20T14:58:28.475+0500] {processor.py:179} INFO - Processing /home/den/Projects/venv/lib/python3.10/site-packages/airflow/example_dags/example_skip_dag.py took 0.056 seconds
[2023-11-20T14:59:14.802+0500] {processor.py:157} INFO - Started process (PID=7831) to work on /home/den/Projects/venv/lib/python3.10/site-packages/airflow/example_dags/example_skip_dag.py
[2023-11-20T14:59:14.803+0500] {processor.py:829} INFO - Processing file /home/den/Projects/venv/lib/python3.10/site-packages/airflow/example_dags/example_skip_dag.py for tasks to queue
[2023-11-20T14:59:14.805+0500] {logging_mixin.py:154} INFO - [2023-11-20T14:59:14.804+0500] {dagbag.py:536} INFO - Filling up the DagBag from /home/den/Projects/venv/lib/python3.10/site-packages/airflow/example_dags/example_skip_dag.py
[2023-11-20T14:59:14.811+0500] {processor.py:839} INFO - DAG(s) dict_keys(['example_skip_dag']) retrieved from /home/den/Projects/venv/lib/python3.10/site-packages/airflow/example_dags/example_skip_dag.py
[2023-11-20T14:59:14.824+0500] {logging_mixin.py:154} INFO - [2023-11-20T14:59:14.823+0500] {dag.py:2941} INFO - Sync 1 DAGs
[2023-11-20T14:59:14.836+0500] {logging_mixin.py:154} INFO - [2023-11-20T14:59:14.836+0500] {dag.py:3722} INFO - Setting next_dagrun for example_skip_dag to 2023-11-19T09:59:14.836281+00:00, run_after=2023-11-20T09:59:14.836281+00:00
[2023-11-20T14:59:14.860+0500] {processor.py:179} INFO - Processing /home/den/Projects/venv/lib/python3.10/site-packages/airflow/example_dags/example_skip_dag.py took 0.062 seconds
[2023-11-20T15:00:05.229+0500] {processor.py:157} INFO - Started process (PID=7929) to work on /home/den/Projects/venv/lib/python3.10/site-packages/airflow/example_dags/example_skip_dag.py
[2023-11-20T15:00:05.230+0500] {processor.py:829} INFO - Processing file /home/den/Projects/venv/lib/python3.10/site-packages/airflow/example_dags/example_skip_dag.py for tasks to queue
[2023-11-20T15:00:05.231+0500] {logging_mixin.py:154} INFO - [2023-11-20T15:00:05.231+0500] {dagbag.py:536} INFO - Filling up the DagBag from /home/den/Projects/venv/lib/python3.10/site-packages/airflow/example_dags/example_skip_dag.py
[2023-11-20T15:00:05.237+0500] {processor.py:839} INFO - DAG(s) dict_keys(['example_skip_dag']) retrieved from /home/den/Projects/venv/lib/python3.10/site-packages/airflow/example_dags/example_skip_dag.py
[2023-11-20T15:00:05.248+0500] {logging_mixin.py:154} INFO - [2023-11-20T15:00:05.248+0500] {dag.py:2941} INFO - Sync 1 DAGs
[2023-11-20T15:00:05.261+0500] {logging_mixin.py:154} INFO - [2023-11-20T15:00:05.261+0500] {dag.py:3722} INFO - Setting next_dagrun for example_skip_dag to 2023-11-19T10:00:05.260996+00:00, run_after=2023-11-20T10:00:05.260996+00:00
[2023-11-20T15:00:05.287+0500] {processor.py:179} INFO - Processing /home/den/Projects/venv/lib/python3.10/site-packages/airflow/example_dags/example_skip_dag.py took 0.061 seconds
[2023-11-20T15:00:57.383+0500] {processor.py:157} INFO - Started process (PID=8000) to work on /home/den/Projects/venv/lib/python3.10/site-packages/airflow/example_dags/example_skip_dag.py
[2023-11-20T15:00:57.384+0500] {processor.py:829} INFO - Processing file /home/den/Projects/venv/lib/python3.10/site-packages/airflow/example_dags/example_skip_dag.py for tasks to queue
[2023-11-20T15:00:57.385+0500] {logging_mixin.py:154} INFO - [2023-11-20T15:00:57.385+0500] {dagbag.py:536} INFO - Filling up the DagBag from /home/den/Projects/venv/lib/python3.10/site-packages/airflow/example_dags/example_skip_dag.py
[2023-11-20T15:00:57.391+0500] {processor.py:839} INFO - DAG(s) dict_keys(['example_skip_dag']) retrieved from /home/den/Projects/venv/lib/python3.10/site-packages/airflow/example_dags/example_skip_dag.py
[2023-11-20T15:00:57.409+0500] {logging_mixin.py:154} INFO - [2023-11-20T15:00:57.409+0500] {dag.py:2941} INFO - Sync 1 DAGs
[2023-11-20T15:00:57.439+0500] {logging_mixin.py:154} INFO - [2023-11-20T15:00:57.439+0500] {dag.py:3722} INFO - Setting next_dagrun for example_skip_dag to 2023-11-19T10:00:57.439395+00:00, run_after=2023-11-20T10:00:57.439395+00:00
[2023-11-20T15:00:57.471+0500] {processor.py:179} INFO - Processing /home/den/Projects/venv/lib/python3.10/site-packages/airflow/example_dags/example_skip_dag.py took 0.091 seconds
[2023-11-20T15:01:48.663+0500] {processor.py:157} INFO - Started process (PID=8110) to work on /home/den/Projects/venv/lib/python3.10/site-packages/airflow/example_dags/example_skip_dag.py
[2023-11-20T15:01:48.664+0500] {processor.py:829} INFO - Processing file /home/den/Projects/venv/lib/python3.10/site-packages/airflow/example_dags/example_skip_dag.py for tasks to queue
[2023-11-20T15:01:48.665+0500] {logging_mixin.py:154} INFO - [2023-11-20T15:01:48.665+0500] {dagbag.py:536} INFO - Filling up the DagBag from /home/den/Projects/venv/lib/python3.10/site-packages/airflow/example_dags/example_skip_dag.py
[2023-11-20T15:01:48.673+0500] {processor.py:839} INFO - DAG(s) dict_keys(['example_skip_dag']) retrieved from /home/den/Projects/venv/lib/python3.10/site-packages/airflow/example_dags/example_skip_dag.py
[2023-11-20T15:01:48.687+0500] {logging_mixin.py:154} INFO - [2023-11-20T15:01:48.687+0500] {dag.py:2941} INFO - Sync 1 DAGs
[2023-11-20T15:01:48.703+0500] {logging_mixin.py:154} INFO - [2023-11-20T15:01:48.702+0500] {dag.py:3722} INFO - Setting next_dagrun for example_skip_dag to 2023-11-19T10:01:48.701032+00:00, run_after=2023-11-20T10:01:48.701032+00:00
[2023-11-20T15:01:48.722+0500] {processor.py:179} INFO - Processing /home/den/Projects/venv/lib/python3.10/site-packages/airflow/example_dags/example_skip_dag.py took 0.064 seconds
[2023-11-20T15:03:32.680+0500] {processor.py:157} INFO - Started process (PID=8270) to work on /home/den/Projects/venv/lib/python3.10/site-packages/airflow/example_dags/example_skip_dag.py
[2023-11-20T15:03:32.685+0500] {processor.py:829} INFO - Processing file /home/den/Projects/venv/lib/python3.10/site-packages/airflow/example_dags/example_skip_dag.py for tasks to queue
[2023-11-20T15:03:32.686+0500] {logging_mixin.py:154} INFO - [2023-11-20T15:03:32.686+0500] {dagbag.py:536} INFO - Filling up the DagBag from /home/den/Projects/venv/lib/python3.10/site-packages/airflow/example_dags/example_skip_dag.py
[2023-11-20T15:03:32.694+0500] {processor.py:839} INFO - DAG(s) dict_keys(['example_skip_dag']) retrieved from /home/den/Projects/venv/lib/python3.10/site-packages/airflow/example_dags/example_skip_dag.py
[2023-11-20T15:03:32.726+0500] {logging_mixin.py:154} INFO - [2023-11-20T15:03:32.726+0500] {dag.py:2941} INFO - Sync 1 DAGs
[2023-11-20T15:03:32.748+0500] {logging_mixin.py:154} INFO - [2023-11-20T15:03:32.748+0500] {dag.py:3722} INFO - Setting next_dagrun for example_skip_dag to 2023-11-19T10:03:32.748455+00:00, run_after=2023-11-20T10:03:32.748455+00:00
[2023-11-20T15:03:32.781+0500] {processor.py:179} INFO - Processing /home/den/Projects/venv/lib/python3.10/site-packages/airflow/example_dags/example_skip_dag.py took 0.105 seconds
[2023-11-20T15:04:28.769+0500] {processor.py:157} INFO - Started process (PID=8372) to work on /home/den/Projects/venv/lib/python3.10/site-packages/airflow/example_dags/example_skip_dag.py
[2023-11-20T15:04:28.781+0500] {processor.py:829} INFO - Processing file /home/den/Projects/venv/lib/python3.10/site-packages/airflow/example_dags/example_skip_dag.py for tasks to queue
[2023-11-20T15:04:28.782+0500] {logging_mixin.py:154} INFO - [2023-11-20T15:04:28.781+0500] {dagbag.py:536} INFO - Filling up the DagBag from /home/den/Projects/venv/lib/python3.10/site-packages/airflow/example_dags/example_skip_dag.py
[2023-11-20T15:04:28.790+0500] {processor.py:839} INFO - DAG(s) dict_keys(['example_skip_dag']) retrieved from /home/den/Projects/venv/lib/python3.10/site-packages/airflow/example_dags/example_skip_dag.py
[2023-11-20T15:04:28.815+0500] {logging_mixin.py:154} INFO - [2023-11-20T15:04:28.814+0500] {dag.py:2941} INFO - Sync 1 DAGs
[2023-11-20T15:04:28.839+0500] {logging_mixin.py:154} INFO - [2023-11-20T15:04:28.839+0500] {dag.py:3722} INFO - Setting next_dagrun for example_skip_dag to 2023-11-19T10:04:28.839014+00:00, run_after=2023-11-20T10:04:28.839014+00:00
[2023-11-20T15:04:28.866+0500] {processor.py:179} INFO - Processing /home/den/Projects/venv/lib/python3.10/site-packages/airflow/example_dags/example_skip_dag.py took 0.102 seconds
[2023-11-20T15:05:27.262+0500] {processor.py:157} INFO - Started process (PID=8448) to work on /home/den/Projects/venv/lib/python3.10/site-packages/airflow/example_dags/example_skip_dag.py
[2023-11-20T15:05:27.275+0500] {processor.py:829} INFO - Processing file /home/den/Projects/venv/lib/python3.10/site-packages/airflow/example_dags/example_skip_dag.py for tasks to queue
[2023-11-20T15:05:27.277+0500] {logging_mixin.py:154} INFO - [2023-11-20T15:05:27.276+0500] {dagbag.py:536} INFO - Filling up the DagBag from /home/den/Projects/venv/lib/python3.10/site-packages/airflow/example_dags/example_skip_dag.py
[2023-11-20T15:05:27.288+0500] {processor.py:839} INFO - DAG(s) dict_keys(['example_skip_dag']) retrieved from /home/den/Projects/venv/lib/python3.10/site-packages/airflow/example_dags/example_skip_dag.py
[2023-11-20T15:05:27.312+0500] {logging_mixin.py:154} INFO - [2023-11-20T15:05:27.312+0500] {dag.py:2941} INFO - Sync 1 DAGs
[2023-11-20T15:05:27.338+0500] {logging_mixin.py:154} INFO - [2023-11-20T15:05:27.338+0500] {dag.py:3722} INFO - Setting next_dagrun for example_skip_dag to 2023-11-19T10:05:27.338055+00:00, run_after=2023-11-20T10:05:27.338055+00:00
[2023-11-20T15:05:27.384+0500] {processor.py:179} INFO - Processing /home/den/Projects/venv/lib/python3.10/site-packages/airflow/example_dags/example_skip_dag.py took 0.129 seconds
[2023-11-20T15:06:23.144+0500] {processor.py:157} INFO - Started process (PID=8549) to work on /home/den/Projects/venv/lib/python3.10/site-packages/airflow/example_dags/example_skip_dag.py
[2023-11-20T15:06:23.146+0500] {processor.py:829} INFO - Processing file /home/den/Projects/venv/lib/python3.10/site-packages/airflow/example_dags/example_skip_dag.py for tasks to queue
[2023-11-20T15:06:23.147+0500] {logging_mixin.py:154} INFO - [2023-11-20T15:06:23.147+0500] {dagbag.py:536} INFO - Filling up the DagBag from /home/den/Projects/venv/lib/python3.10/site-packages/airflow/example_dags/example_skip_dag.py
[2023-11-20T15:06:23.162+0500] {processor.py:839} INFO - DAG(s) dict_keys(['example_skip_dag']) retrieved from /home/den/Projects/venv/lib/python3.10/site-packages/airflow/example_dags/example_skip_dag.py
[2023-11-20T15:06:23.187+0500] {logging_mixin.py:154} INFO - [2023-11-20T15:06:23.186+0500] {dag.py:2941} INFO - Sync 1 DAGs
[2023-11-20T15:06:23.206+0500] {logging_mixin.py:154} INFO - [2023-11-20T15:06:23.206+0500] {dag.py:3722} INFO - Setting next_dagrun for example_skip_dag to 2023-11-19T10:06:23.205940+00:00, run_after=2023-11-20T10:06:23.205940+00:00
[2023-11-20T15:06:23.237+0500] {processor.py:179} INFO - Processing /home/den/Projects/venv/lib/python3.10/site-packages/airflow/example_dags/example_skip_dag.py took 0.097 seconds
[2023-11-20T15:07:22.662+0500] {processor.py:157} INFO - Started process (PID=8636) to work on /home/den/Projects/venv/lib/python3.10/site-packages/airflow/example_dags/example_skip_dag.py
[2023-11-20T15:07:22.665+0500] {processor.py:829} INFO - Processing file /home/den/Projects/venv/lib/python3.10/site-packages/airflow/example_dags/example_skip_dag.py for tasks to queue
[2023-11-20T15:07:22.666+0500] {logging_mixin.py:154} INFO - [2023-11-20T15:07:22.665+0500] {dagbag.py:536} INFO - Filling up the DagBag from /home/den/Projects/venv/lib/python3.10/site-packages/airflow/example_dags/example_skip_dag.py
[2023-11-20T15:07:22.683+0500] {processor.py:839} INFO - DAG(s) dict_keys(['example_skip_dag']) retrieved from /home/den/Projects/venv/lib/python3.10/site-packages/airflow/example_dags/example_skip_dag.py
[2023-11-20T15:07:22.807+0500] {logging_mixin.py:154} INFO - [2023-11-20T15:07:22.807+0500] {dag.py:2941} INFO - Sync 1 DAGs
[2023-11-20T15:07:22.889+0500] {logging_mixin.py:154} INFO - [2023-11-20T15:07:22.889+0500] {dag.py:3722} INFO - Setting next_dagrun for example_skip_dag to 2023-11-19T10:07:22.888604+00:00, run_after=2023-11-20T10:07:22.888604+00:00
[2023-11-20T15:07:22.989+0500] {processor.py:179} INFO - Processing /home/den/Projects/venv/lib/python3.10/site-packages/airflow/example_dags/example_skip_dag.py took 0.336 seconds
[2023-11-20T15:08:15.944+0500] {processor.py:157} INFO - Started process (PID=8736) to work on /home/den/Projects/venv/lib/python3.10/site-packages/airflow/example_dags/example_skip_dag.py
[2023-11-20T15:08:15.950+0500] {processor.py:829} INFO - Processing file /home/den/Projects/venv/lib/python3.10/site-packages/airflow/example_dags/example_skip_dag.py for tasks to queue
[2023-11-20T15:08:15.952+0500] {logging_mixin.py:154} INFO - [2023-11-20T15:08:15.951+0500] {dagbag.py:536} INFO - Filling up the DagBag from /home/den/Projects/venv/lib/python3.10/site-packages/airflow/example_dags/example_skip_dag.py
[2023-11-20T15:08:15.989+0500] {processor.py:839} INFO - DAG(s) dict_keys(['example_skip_dag']) retrieved from /home/den/Projects/venv/lib/python3.10/site-packages/airflow/example_dags/example_skip_dag.py
[2023-11-20T15:08:16.040+0500] {logging_mixin.py:154} INFO - [2023-11-20T15:08:16.040+0500] {dag.py:2941} INFO - Sync 1 DAGs
[2023-11-20T15:08:16.107+0500] {logging_mixin.py:154} INFO - [2023-11-20T15:08:16.107+0500] {dag.py:3722} INFO - Setting next_dagrun for example_skip_dag to 2023-11-19T10:08:16.107470+00:00, run_after=2023-11-20T10:08:16.107470+00:00
[2023-11-20T15:08:16.155+0500] {processor.py:179} INFO - Processing /home/den/Projects/venv/lib/python3.10/site-packages/airflow/example_dags/example_skip_dag.py took 0.216 seconds
[2023-11-20T15:09:17.624+0500] {processor.py:157} INFO - Started process (PID=8821) to work on /home/den/Projects/venv/lib/python3.10/site-packages/airflow/example_dags/example_skip_dag.py
[2023-11-20T15:09:17.638+0500] {processor.py:829} INFO - Processing file /home/den/Projects/venv/lib/python3.10/site-packages/airflow/example_dags/example_skip_dag.py for tasks to queue
[2023-11-20T15:09:17.639+0500] {logging_mixin.py:154} INFO - [2023-11-20T15:09:17.638+0500] {dagbag.py:536} INFO - Filling up the DagBag from /home/den/Projects/venv/lib/python3.10/site-packages/airflow/example_dags/example_skip_dag.py
[2023-11-20T15:09:17.650+0500] {processor.py:839} INFO - DAG(s) dict_keys(['example_skip_dag']) retrieved from /home/den/Projects/venv/lib/python3.10/site-packages/airflow/example_dags/example_skip_dag.py
[2023-11-20T15:09:17.684+0500] {logging_mixin.py:154} INFO - [2023-11-20T15:09:17.683+0500] {dag.py:2941} INFO - Sync 1 DAGs
[2023-11-20T15:09:17.701+0500] {logging_mixin.py:154} INFO - [2023-11-20T15:09:17.700+0500] {dag.py:3722} INFO - Setting next_dagrun for example_skip_dag to 2023-11-19T10:09:17.700626+00:00, run_after=2023-11-20T10:09:17.700626+00:00
[2023-11-20T15:09:17.731+0500] {processor.py:179} INFO - Processing /home/den/Projects/venv/lib/python3.10/site-packages/airflow/example_dags/example_skip_dag.py took 0.110 seconds
[2023-11-20T15:10:20.139+0500] {processor.py:157} INFO - Started process (PID=8931) to work on /home/den/Projects/venv/lib/python3.10/site-packages/airflow/example_dags/example_skip_dag.py
[2023-11-20T15:10:20.152+0500] {processor.py:829} INFO - Processing file /home/den/Projects/venv/lib/python3.10/site-packages/airflow/example_dags/example_skip_dag.py for tasks to queue
[2023-11-20T15:10:20.156+0500] {logging_mixin.py:154} INFO - [2023-11-20T15:10:20.155+0500] {dagbag.py:536} INFO - Filling up the DagBag from /home/den/Projects/venv/lib/python3.10/site-packages/airflow/example_dags/example_skip_dag.py
[2023-11-20T15:10:20.172+0500] {processor.py:839} INFO - DAG(s) dict_keys(['example_skip_dag']) retrieved from /home/den/Projects/venv/lib/python3.10/site-packages/airflow/example_dags/example_skip_dag.py
[2023-11-20T15:10:20.197+0500] {logging_mixin.py:154} INFO - [2023-11-20T15:10:20.197+0500] {dag.py:2941} INFO - Sync 1 DAGs
[2023-11-20T15:10:20.238+0500] {logging_mixin.py:154} INFO - [2023-11-20T15:10:20.238+0500] {dag.py:3722} INFO - Setting next_dagrun for example_skip_dag to 2023-11-19T10:10:20.237818+00:00, run_after=2023-11-20T10:10:20.237818+00:00
[2023-11-20T15:10:20.282+0500] {processor.py:179} INFO - Processing /home/den/Projects/venv/lib/python3.10/site-packages/airflow/example_dags/example_skip_dag.py took 0.147 seconds
[2023-11-20T15:11:13.276+0500] {processor.py:157} INFO - Started process (PID=8996) to work on /home/den/Projects/venv/lib/python3.10/site-packages/airflow/example_dags/example_skip_dag.py
[2023-11-20T15:11:13.279+0500] {processor.py:829} INFO - Processing file /home/den/Projects/venv/lib/python3.10/site-packages/airflow/example_dags/example_skip_dag.py for tasks to queue
[2023-11-20T15:11:13.287+0500] {logging_mixin.py:154} INFO - [2023-11-20T15:11:13.285+0500] {dagbag.py:536} INFO - Filling up the DagBag from /home/den/Projects/venv/lib/python3.10/site-packages/airflow/example_dags/example_skip_dag.py
[2023-11-20T15:11:13.297+0500] {processor.py:839} INFO - DAG(s) dict_keys(['example_skip_dag']) retrieved from /home/den/Projects/venv/lib/python3.10/site-packages/airflow/example_dags/example_skip_dag.py
[2023-11-20T15:11:13.311+0500] {logging_mixin.py:154} INFO - [2023-11-20T15:11:13.311+0500] {dag.py:2941} INFO - Sync 1 DAGs
[2023-11-20T15:11:13.325+0500] {logging_mixin.py:154} INFO - [2023-11-20T15:11:13.325+0500] {dag.py:3722} INFO - Setting next_dagrun for example_skip_dag to 2023-11-19T10:11:13.325094+00:00, run_after=2023-11-20T10:11:13.325094+00:00
[2023-11-20T15:11:13.364+0500] {processor.py:179} INFO - Processing /home/den/Projects/venv/lib/python3.10/site-packages/airflow/example_dags/example_skip_dag.py took 0.091 seconds
[2023-11-20T15:12:05.452+0500] {processor.py:157} INFO - Started process (PID=9095) to work on /home/den/Projects/venv/lib/python3.10/site-packages/airflow/example_dags/example_skip_dag.py
[2023-11-20T15:12:05.460+0500] {processor.py:829} INFO - Processing file /home/den/Projects/venv/lib/python3.10/site-packages/airflow/example_dags/example_skip_dag.py for tasks to queue
[2023-11-20T15:12:05.462+0500] {logging_mixin.py:154} INFO - [2023-11-20T15:12:05.461+0500] {dagbag.py:536} INFO - Filling up the DagBag from /home/den/Projects/venv/lib/python3.10/site-packages/airflow/example_dags/example_skip_dag.py
[2023-11-20T15:12:05.470+0500] {processor.py:839} INFO - DAG(s) dict_keys(['example_skip_dag']) retrieved from /home/den/Projects/venv/lib/python3.10/site-packages/airflow/example_dags/example_skip_dag.py
[2023-11-20T15:12:05.489+0500] {logging_mixin.py:154} INFO - [2023-11-20T15:12:05.489+0500] {dag.py:2941} INFO - Sync 1 DAGs
[2023-11-20T15:12:05.508+0500] {logging_mixin.py:154} INFO - [2023-11-20T15:12:05.507+0500] {dag.py:3722} INFO - Setting next_dagrun for example_skip_dag to 2023-11-19T10:12:05.507595+00:00, run_after=2023-11-20T10:12:05.507595+00:00
[2023-11-20T15:12:05.527+0500] {processor.py:179} INFO - Processing /home/den/Projects/venv/lib/python3.10/site-packages/airflow/example_dags/example_skip_dag.py took 0.079 seconds
[2023-11-20T15:12:58.782+0500] {processor.py:157} INFO - Started process (PID=9166) to work on /home/den/Projects/venv/lib/python3.10/site-packages/airflow/example_dags/example_skip_dag.py
[2023-11-20T15:12:58.788+0500] {processor.py:829} INFO - Processing file /home/den/Projects/venv/lib/python3.10/site-packages/airflow/example_dags/example_skip_dag.py for tasks to queue
[2023-11-20T15:12:58.790+0500] {logging_mixin.py:154} INFO - [2023-11-20T15:12:58.789+0500] {dagbag.py:536} INFO - Filling up the DagBag from /home/den/Projects/venv/lib/python3.10/site-packages/airflow/example_dags/example_skip_dag.py
[2023-11-20T15:12:58.798+0500] {processor.py:839} INFO - DAG(s) dict_keys(['example_skip_dag']) retrieved from /home/den/Projects/venv/lib/python3.10/site-packages/airflow/example_dags/example_skip_dag.py
[2023-11-20T15:12:58.812+0500] {logging_mixin.py:154} INFO - [2023-11-20T15:12:58.812+0500] {dag.py:2941} INFO - Sync 1 DAGs
[2023-11-20T15:12:58.826+0500] {logging_mixin.py:154} INFO - [2023-11-20T15:12:58.826+0500] {dag.py:3722} INFO - Setting next_dagrun for example_skip_dag to 2023-11-19T10:12:58.825872+00:00, run_after=2023-11-20T10:12:58.825872+00:00
[2023-11-20T15:12:58.864+0500] {processor.py:179} INFO - Processing /home/den/Projects/venv/lib/python3.10/site-packages/airflow/example_dags/example_skip_dag.py took 0.089 seconds
[2023-11-20T15:13:52.945+0500] {processor.py:157} INFO - Started process (PID=9276) to work on /home/den/Projects/venv/lib/python3.10/site-packages/airflow/example_dags/example_skip_dag.py
[2023-11-20T15:13:52.950+0500] {processor.py:829} INFO - Processing file /home/den/Projects/venv/lib/python3.10/site-packages/airflow/example_dags/example_skip_dag.py for tasks to queue
[2023-11-20T15:13:52.951+0500] {logging_mixin.py:154} INFO - [2023-11-20T15:13:52.951+0500] {dagbag.py:536} INFO - Filling up the DagBag from /home/den/Projects/venv/lib/python3.10/site-packages/airflow/example_dags/example_skip_dag.py
[2023-11-20T15:13:52.967+0500] {processor.py:839} INFO - DAG(s) dict_keys(['example_skip_dag']) retrieved from /home/den/Projects/venv/lib/python3.10/site-packages/airflow/example_dags/example_skip_dag.py
[2023-11-20T15:13:52.992+0500] {logging_mixin.py:154} INFO - [2023-11-20T15:13:52.991+0500] {dag.py:2941} INFO - Sync 1 DAGs
[2023-11-20T15:13:53.016+0500] {logging_mixin.py:154} INFO - [2023-11-20T15:13:53.016+0500] {dag.py:3722} INFO - Setting next_dagrun for example_skip_dag to 2023-11-19T10:13:53.015564+00:00, run_after=2023-11-20T10:13:53.015564+00:00
[2023-11-20T15:13:53.057+0500] {processor.py:179} INFO - Processing /home/den/Projects/venv/lib/python3.10/site-packages/airflow/example_dags/example_skip_dag.py took 0.117 seconds
[2023-11-20T15:14:48.969+0500] {processor.py:157} INFO - Started process (PID=9343) to work on /home/den/Projects/venv/lib/python3.10/site-packages/airflow/example_dags/example_skip_dag.py
[2023-11-20T15:14:48.975+0500] {processor.py:829} INFO - Processing file /home/den/Projects/venv/lib/python3.10/site-packages/airflow/example_dags/example_skip_dag.py for tasks to queue
[2023-11-20T15:14:48.977+0500] {logging_mixin.py:154} INFO - [2023-11-20T15:14:48.976+0500] {dagbag.py:536} INFO - Filling up the DagBag from /home/den/Projects/venv/lib/python3.10/site-packages/airflow/example_dags/example_skip_dag.py
[2023-11-20T15:14:48.985+0500] {processor.py:839} INFO - DAG(s) dict_keys(['example_skip_dag']) retrieved from /home/den/Projects/venv/lib/python3.10/site-packages/airflow/example_dags/example_skip_dag.py
[2023-11-20T15:14:49.005+0500] {logging_mixin.py:154} INFO - [2023-11-20T15:14:49.005+0500] {dag.py:2941} INFO - Sync 1 DAGs
[2023-11-20T15:14:49.036+0500] {logging_mixin.py:154} INFO - [2023-11-20T15:14:49.035+0500] {dag.py:3722} INFO - Setting next_dagrun for example_skip_dag to 2023-11-19T10:14:49.035405+00:00, run_after=2023-11-20T10:14:49.035405+00:00
[2023-11-20T15:14:49.073+0500] {processor.py:179} INFO - Processing /home/den/Projects/venv/lib/python3.10/site-packages/airflow/example_dags/example_skip_dag.py took 0.107 seconds
[2023-11-20T15:15:39.873+0500] {processor.py:157} INFO - Started process (PID=9422) to work on /home/den/Projects/venv/lib/python3.10/site-packages/airflow/example_dags/example_skip_dag.py
[2023-11-20T15:15:39.875+0500] {processor.py:829} INFO - Processing file /home/den/Projects/venv/lib/python3.10/site-packages/airflow/example_dags/example_skip_dag.py for tasks to queue
[2023-11-20T15:15:39.876+0500] {logging_mixin.py:154} INFO - [2023-11-20T15:15:39.875+0500] {dagbag.py:536} INFO - Filling up the DagBag from /home/den/Projects/venv/lib/python3.10/site-packages/airflow/example_dags/example_skip_dag.py
[2023-11-20T15:15:39.883+0500] {processor.py:839} INFO - DAG(s) dict_keys(['example_skip_dag']) retrieved from /home/den/Projects/venv/lib/python3.10/site-packages/airflow/example_dags/example_skip_dag.py
[2023-11-20T15:15:39.897+0500] {logging_mixin.py:154} INFO - [2023-11-20T15:15:39.897+0500] {dag.py:2941} INFO - Sync 1 DAGs
[2023-11-20T15:15:39.912+0500] {logging_mixin.py:154} INFO - [2023-11-20T15:15:39.912+0500] {dag.py:3722} INFO - Setting next_dagrun for example_skip_dag to 2023-11-19T10:15:39.912322+00:00, run_after=2023-11-20T10:15:39.912322+00:00
[2023-11-20T15:15:39.937+0500] {processor.py:179} INFO - Processing /home/den/Projects/venv/lib/python3.10/site-packages/airflow/example_dags/example_skip_dag.py took 0.067 seconds
[2023-11-20T15:16:29.432+0500] {processor.py:157} INFO - Started process (PID=9517) to work on /home/den/Projects/venv/lib/python3.10/site-packages/airflow/example_dags/example_skip_dag.py
[2023-11-20T15:16:29.434+0500] {processor.py:829} INFO - Processing file /home/den/Projects/venv/lib/python3.10/site-packages/airflow/example_dags/example_skip_dag.py for tasks to queue
[2023-11-20T15:16:29.435+0500] {logging_mixin.py:154} INFO - [2023-11-20T15:16:29.435+0500] {dagbag.py:536} INFO - Filling up the DagBag from /home/den/Projects/venv/lib/python3.10/site-packages/airflow/example_dags/example_skip_dag.py
[2023-11-20T15:16:29.442+0500] {processor.py:839} INFO - DAG(s) dict_keys(['example_skip_dag']) retrieved from /home/den/Projects/venv/lib/python3.10/site-packages/airflow/example_dags/example_skip_dag.py
[2023-11-20T15:16:29.454+0500] {logging_mixin.py:154} INFO - [2023-11-20T15:16:29.454+0500] {dag.py:2941} INFO - Sync 1 DAGs
[2023-11-20T15:16:29.466+0500] {logging_mixin.py:154} INFO - [2023-11-20T15:16:29.466+0500] {dag.py:3722} INFO - Setting next_dagrun for example_skip_dag to 2023-11-19T10:16:29.466355+00:00, run_after=2023-11-20T10:16:29.466355+00:00
[2023-11-20T15:16:29.495+0500] {processor.py:179} INFO - Processing /home/den/Projects/venv/lib/python3.10/site-packages/airflow/example_dags/example_skip_dag.py took 0.067 seconds
[2023-11-20T15:17:17.455+0500] {processor.py:157} INFO - Started process (PID=9581) to work on /home/den/Projects/venv/lib/python3.10/site-packages/airflow/example_dags/example_skip_dag.py
[2023-11-20T15:17:17.456+0500] {processor.py:829} INFO - Processing file /home/den/Projects/venv/lib/python3.10/site-packages/airflow/example_dags/example_skip_dag.py for tasks to queue
[2023-11-20T15:17:17.457+0500] {logging_mixin.py:154} INFO - [2023-11-20T15:17:17.457+0500] {dagbag.py:536} INFO - Filling up the DagBag from /home/den/Projects/venv/lib/python3.10/site-packages/airflow/example_dags/example_skip_dag.py
[2023-11-20T15:17:17.465+0500] {processor.py:839} INFO - DAG(s) dict_keys(['example_skip_dag']) retrieved from /home/den/Projects/venv/lib/python3.10/site-packages/airflow/example_dags/example_skip_dag.py
[2023-11-20T15:17:17.479+0500] {logging_mixin.py:154} INFO - [2023-11-20T15:17:17.479+0500] {dag.py:2941} INFO - Sync 1 DAGs
[2023-11-20T15:17:17.494+0500] {logging_mixin.py:154} INFO - [2023-11-20T15:17:17.494+0500] {dag.py:3722} INFO - Setting next_dagrun for example_skip_dag to 2023-11-19T10:17:17.494318+00:00, run_after=2023-11-20T10:17:17.494318+00:00
[2023-11-20T15:17:17.513+0500] {processor.py:179} INFO - Processing /home/den/Projects/venv/lib/python3.10/site-packages/airflow/example_dags/example_skip_dag.py took 0.061 seconds
[2023-11-20T15:18:00.637+0500] {processor.py:157} INFO - Started process (PID=9672) to work on /home/den/Projects/venv/lib/python3.10/site-packages/airflow/example_dags/example_skip_dag.py
[2023-11-20T15:18:00.639+0500] {processor.py:829} INFO - Processing file /home/den/Projects/venv/lib/python3.10/site-packages/airflow/example_dags/example_skip_dag.py for tasks to queue
[2023-11-20T15:18:00.640+0500] {logging_mixin.py:154} INFO - [2023-11-20T15:18:00.640+0500] {dagbag.py:536} INFO - Filling up the DagBag from /home/den/Projects/venv/lib/python3.10/site-packages/airflow/example_dags/example_skip_dag.py
[2023-11-20T15:18:00.648+0500] {processor.py:839} INFO - DAG(s) dict_keys(['example_skip_dag']) retrieved from /home/den/Projects/venv/lib/python3.10/site-packages/airflow/example_dags/example_skip_dag.py
[2023-11-20T15:18:00.662+0500] {logging_mixin.py:154} INFO - [2023-11-20T15:18:00.662+0500] {dag.py:2941} INFO - Sync 1 DAGs
[2023-11-20T15:18:00.678+0500] {logging_mixin.py:154} INFO - [2023-11-20T15:18:00.677+0500] {dag.py:3722} INFO - Setting next_dagrun for example_skip_dag to 2023-11-19T10:18:00.677737+00:00, run_after=2023-11-20T10:18:00.677737+00:00
[2023-11-20T15:18:00.697+0500] {processor.py:179} INFO - Processing /home/den/Projects/venv/lib/python3.10/site-packages/airflow/example_dags/example_skip_dag.py took 0.063 seconds
[2023-11-20T15:18:56.038+0500] {processor.py:157} INFO - Started process (PID=9748) to work on /home/den/Projects/venv/lib/python3.10/site-packages/airflow/example_dags/example_skip_dag.py
[2023-11-20T15:18:56.041+0500] {processor.py:829} INFO - Processing file /home/den/Projects/venv/lib/python3.10/site-packages/airflow/example_dags/example_skip_dag.py for tasks to queue
[2023-11-20T15:18:56.042+0500] {logging_mixin.py:154} INFO - [2023-11-20T15:18:56.042+0500] {dagbag.py:536} INFO - Filling up the DagBag from /home/den/Projects/venv/lib/python3.10/site-packages/airflow/example_dags/example_skip_dag.py
[2023-11-20T15:18:56.049+0500] {processor.py:839} INFO - DAG(s) dict_keys(['example_skip_dag']) retrieved from /home/den/Projects/venv/lib/python3.10/site-packages/airflow/example_dags/example_skip_dag.py
[2023-11-20T15:18:56.063+0500] {logging_mixin.py:154} INFO - [2023-11-20T15:18:56.063+0500] {dag.py:2941} INFO - Sync 1 DAGs
[2023-11-20T15:18:56.076+0500] {logging_mixin.py:154} INFO - [2023-11-20T15:18:56.076+0500] {dag.py:3722} INFO - Setting next_dagrun for example_skip_dag to 2023-11-19T10:18:56.076570+00:00, run_after=2023-11-20T10:18:56.076570+00:00
[2023-11-20T15:18:56.102+0500] {processor.py:179} INFO - Processing /home/den/Projects/venv/lib/python3.10/site-packages/airflow/example_dags/example_skip_dag.py took 0.067 seconds
[2023-11-20T15:19:41.454+0500] {processor.py:157} INFO - Started process (PID=9820) to work on /home/den/Projects/venv/lib/python3.10/site-packages/airflow/example_dags/example_skip_dag.py
[2023-11-20T15:19:41.456+0500] {processor.py:829} INFO - Processing file /home/den/Projects/venv/lib/python3.10/site-packages/airflow/example_dags/example_skip_dag.py for tasks to queue
[2023-11-20T15:19:41.457+0500] {logging_mixin.py:154} INFO - [2023-11-20T15:19:41.457+0500] {dagbag.py:536} INFO - Filling up the DagBag from /home/den/Projects/venv/lib/python3.10/site-packages/airflow/example_dags/example_skip_dag.py
[2023-11-20T15:19:41.465+0500] {processor.py:839} INFO - DAG(s) dict_keys(['example_skip_dag']) retrieved from /home/den/Projects/venv/lib/python3.10/site-packages/airflow/example_dags/example_skip_dag.py
[2023-11-20T15:19:41.480+0500] {logging_mixin.py:154} INFO - [2023-11-20T15:19:41.480+0500] {dag.py:2941} INFO - Sync 1 DAGs
[2023-11-20T15:19:41.493+0500] {logging_mixin.py:154} INFO - [2023-11-20T15:19:41.493+0500] {dag.py:3722} INFO - Setting next_dagrun for example_skip_dag to 2023-11-19T10:19:41.493291+00:00, run_after=2023-11-20T10:19:41.493291+00:00
[2023-11-20T15:19:41.520+0500] {processor.py:179} INFO - Processing /home/den/Projects/venv/lib/python3.10/site-packages/airflow/example_dags/example_skip_dag.py took 0.070 seconds
[2023-11-20T15:20:40.147+0500] {processor.py:157} INFO - Started process (PID=9975) to work on /home/den/Projects/venv/lib/python3.10/site-packages/airflow/example_dags/example_skip_dag.py
[2023-11-20T15:20:40.150+0500] {processor.py:829} INFO - Processing file /home/den/Projects/venv/lib/python3.10/site-packages/airflow/example_dags/example_skip_dag.py for tasks to queue
[2023-11-20T15:20:40.151+0500] {logging_mixin.py:154} INFO - [2023-11-20T15:20:40.151+0500] {dagbag.py:536} INFO - Filling up the DagBag from /home/den/Projects/venv/lib/python3.10/site-packages/airflow/example_dags/example_skip_dag.py
[2023-11-20T15:20:40.161+0500] {processor.py:839} INFO - DAG(s) dict_keys(['example_skip_dag']) retrieved from /home/den/Projects/venv/lib/python3.10/site-packages/airflow/example_dags/example_skip_dag.py
[2023-11-20T15:20:40.179+0500] {logging_mixin.py:154} INFO - [2023-11-20T15:20:40.179+0500] {dag.py:2941} INFO - Sync 1 DAGs
[2023-11-20T15:20:40.194+0500] {logging_mixin.py:154} INFO - [2023-11-20T15:20:40.194+0500] {dag.py:3722} INFO - Setting next_dagrun for example_skip_dag to 2023-11-19T10:20:40.194226+00:00, run_after=2023-11-20T10:20:40.194226+00:00
[2023-11-20T15:20:40.214+0500] {processor.py:179} INFO - Processing /home/den/Projects/venv/lib/python3.10/site-packages/airflow/example_dags/example_skip_dag.py took 0.070 seconds
[2023-11-20T15:21:43.002+0500] {processor.py:157} INFO - Started process (PID=10059) to work on /home/den/Projects/venv/lib/python3.10/site-packages/airflow/example_dags/example_skip_dag.py
[2023-11-20T15:21:43.008+0500] {processor.py:829} INFO - Processing file /home/den/Projects/venv/lib/python3.10/site-packages/airflow/example_dags/example_skip_dag.py for tasks to queue
[2023-11-20T15:21:43.012+0500] {logging_mixin.py:154} INFO - [2023-11-20T15:21:43.009+0500] {dagbag.py:536} INFO - Filling up the DagBag from /home/den/Projects/venv/lib/python3.10/site-packages/airflow/example_dags/example_skip_dag.py
[2023-11-20T15:21:43.024+0500] {processor.py:839} INFO - DAG(s) dict_keys(['example_skip_dag']) retrieved from /home/den/Projects/venv/lib/python3.10/site-packages/airflow/example_dags/example_skip_dag.py
[2023-11-20T15:21:43.048+0500] {logging_mixin.py:154} INFO - [2023-11-20T15:21:43.048+0500] {dag.py:2941} INFO - Sync 1 DAGs
[2023-11-20T15:21:43.063+0500] {logging_mixin.py:154} INFO - [2023-11-20T15:21:43.063+0500] {dag.py:3722} INFO - Setting next_dagrun for example_skip_dag to 2023-11-19T10:21:43.063266+00:00, run_after=2023-11-20T10:21:43.063266+00:00
[2023-11-20T15:21:43.103+0500] {processor.py:179} INFO - Processing /home/den/Projects/venv/lib/python3.10/site-packages/airflow/example_dags/example_skip_dag.py took 0.112 seconds
[2023-11-20T15:22:46.751+0500] {processor.py:157} INFO - Started process (PID=10164) to work on /home/den/Projects/venv/lib/python3.10/site-packages/airflow/example_dags/example_skip_dag.py
[2023-11-20T15:22:46.761+0500] {processor.py:829} INFO - Processing file /home/den/Projects/venv/lib/python3.10/site-packages/airflow/example_dags/example_skip_dag.py for tasks to queue
[2023-11-20T15:22:46.762+0500] {logging_mixin.py:154} INFO - [2023-11-20T15:22:46.762+0500] {dagbag.py:536} INFO - Filling up the DagBag from /home/den/Projects/venv/lib/python3.10/site-packages/airflow/example_dags/example_skip_dag.py
[2023-11-20T15:22:46.773+0500] {processor.py:839} INFO - DAG(s) dict_keys(['example_skip_dag']) retrieved from /home/den/Projects/venv/lib/python3.10/site-packages/airflow/example_dags/example_skip_dag.py
[2023-11-20T15:22:46.798+0500] {logging_mixin.py:154} INFO - [2023-11-20T15:22:46.797+0500] {dag.py:2941} INFO - Sync 1 DAGs
[2023-11-20T15:22:46.823+0500] {logging_mixin.py:154} INFO - [2023-11-20T15:22:46.823+0500] {dag.py:3722} INFO - Setting next_dagrun for example_skip_dag to 2023-11-19T10:22:46.822847+00:00, run_after=2023-11-20T10:22:46.822847+00:00
[2023-11-20T15:22:46.852+0500] {processor.py:179} INFO - Processing /home/den/Projects/venv/lib/python3.10/site-packages/airflow/example_dags/example_skip_dag.py took 0.108 seconds
[2023-11-20T15:23:46.883+0500] {processor.py:157} INFO - Started process (PID=10277) to work on /home/den/Projects/venv/lib/python3.10/site-packages/airflow/example_dags/example_skip_dag.py
[2023-11-20T15:23:46.894+0500] {processor.py:829} INFO - Processing file /home/den/Projects/venv/lib/python3.10/site-packages/airflow/example_dags/example_skip_dag.py for tasks to queue
[2023-11-20T15:23:46.895+0500] {logging_mixin.py:154} INFO - [2023-11-20T15:23:46.895+0500] {dagbag.py:536} INFO - Filling up the DagBag from /home/den/Projects/venv/lib/python3.10/site-packages/airflow/example_dags/example_skip_dag.py
[2023-11-20T15:23:46.929+0500] {processor.py:839} INFO - DAG(s) dict_keys(['example_skip_dag']) retrieved from /home/den/Projects/venv/lib/python3.10/site-packages/airflow/example_dags/example_skip_dag.py
[2023-11-20T15:23:46.972+0500] {logging_mixin.py:154} INFO - [2023-11-20T15:23:46.972+0500] {dag.py:2941} INFO - Sync 1 DAGs
