[2023-11-20T14:39:44.405+0500] {processor.py:157} INFO - Started process (PID=5223) to work on /home/den/Projects/venv/lib/python3.10/site-packages/airflow/example_dags/example_latest_only_with_trigger.py
[2023-11-20T14:39:44.406+0500] {processor.py:829} INFO - Processing file /home/den/Projects/venv/lib/python3.10/site-packages/airflow/example_dags/example_latest_only_with_trigger.py for tasks to queue
[2023-11-20T14:39:44.408+0500] {logging_mixin.py:154} INFO - [2023-11-20T14:39:44.407+0500] {dagbag.py:536} INFO - Filling up the DagBag from /home/den/Projects/venv/lib/python3.10/site-packages/airflow/example_dags/example_latest_only_with_trigger.py
[2023-11-20T14:39:44.429+0500] {processor.py:839} INFO - DAG(s) dict_keys(['latest_only_with_trigger']) retrieved from /home/den/Projects/venv/lib/python3.10/site-packages/airflow/example_dags/example_latest_only_with_trigger.py
[2023-11-20T14:39:44.555+0500] {logging_mixin.py:154} INFO - [2023-11-20T14:39:44.554+0500] {manager.py:499} INFO - Created Permission View: %s
[2023-11-20T14:39:44.567+0500] {logging_mixin.py:154} INFO - [2023-11-20T14:39:44.567+0500] {manager.py:499} INFO - Created Permission View: %s
[2023-11-20T14:39:44.576+0500] {logging_mixin.py:154} INFO - [2023-11-20T14:39:44.576+0500] {manager.py:499} INFO - Created Permission View: %s
[2023-11-20T14:39:44.577+0500] {logging_mixin.py:154} INFO - [2023-11-20T14:39:44.576+0500] {dag.py:2941} INFO - Sync 1 DAGs
[2023-11-20T14:39:44.583+0500] {logging_mixin.py:154} INFO - [2023-11-20T14:39:44.583+0500] {dag.py:2963} INFO - Creating ORM DAG for latest_only_with_trigger
[2023-11-20T14:39:44.589+0500] {logging_mixin.py:154} INFO - [2023-11-20T14:39:44.589+0500] {dag.py:3722} INFO - Setting next_dagrun for latest_only_with_trigger to 2023-11-20T05:39:44.588869+00:00, run_after=2023-11-20T09:39:44.588869+00:00
[2023-11-20T14:39:44.615+0500] {processor.py:179} INFO - Processing /home/den/Projects/venv/lib/python3.10/site-packages/airflow/example_dags/example_latest_only_with_trigger.py took 0.214 seconds
[2023-11-20T14:40:33.740+0500] {processor.py:157} INFO - Started process (PID=5314) to work on /home/den/Projects/venv/lib/python3.10/site-packages/airflow/example_dags/example_latest_only_with_trigger.py
[2023-11-20T14:40:33.742+0500] {processor.py:829} INFO - Processing file /home/den/Projects/venv/lib/python3.10/site-packages/airflow/example_dags/example_latest_only_with_trigger.py for tasks to queue
[2023-11-20T14:40:33.743+0500] {logging_mixin.py:154} INFO - [2023-11-20T14:40:33.742+0500] {dagbag.py:536} INFO - Filling up the DagBag from /home/den/Projects/venv/lib/python3.10/site-packages/airflow/example_dags/example_latest_only_with_trigger.py
[2023-11-20T14:40:33.750+0500] {processor.py:839} INFO - DAG(s) dict_keys(['latest_only_with_trigger']) retrieved from /home/den/Projects/venv/lib/python3.10/site-packages/airflow/example_dags/example_latest_only_with_trigger.py
[2023-11-20T14:40:33.769+0500] {logging_mixin.py:154} INFO - [2023-11-20T14:40:33.769+0500] {dag.py:2941} INFO - Sync 1 DAGs
[2023-11-20T14:40:33.783+0500] {logging_mixin.py:154} INFO - [2023-11-20T14:40:33.783+0500] {dag.py:3722} INFO - Setting next_dagrun for latest_only_with_trigger to 2023-11-20T05:40:33.783161+00:00, run_after=2023-11-20T09:40:33.783161+00:00
[2023-11-20T14:40:33.810+0500] {processor.py:179} INFO - Processing /home/den/Projects/venv/lib/python3.10/site-packages/airflow/example_dags/example_latest_only_with_trigger.py took 0.073 seconds
[2023-11-20T14:50:11.163+0500] {processor.py:157} INFO - Started process (PID=6510) to work on /home/den/Projects/venv/lib/python3.10/site-packages/airflow/example_dags/example_latest_only_with_trigger.py
[2023-11-20T14:50:11.165+0500] {processor.py:829} INFO - Processing file /home/den/Projects/venv/lib/python3.10/site-packages/airflow/example_dags/example_latest_only_with_trigger.py for tasks to queue
[2023-11-20T14:50:11.166+0500] {logging_mixin.py:154} INFO - [2023-11-20T14:50:11.165+0500] {dagbag.py:536} INFO - Filling up the DagBag from /home/den/Projects/venv/lib/python3.10/site-packages/airflow/example_dags/example_latest_only_with_trigger.py
[2023-11-20T14:50:11.172+0500] {processor.py:839} INFO - DAG(s) dict_keys(['latest_only_with_trigger']) retrieved from /home/den/Projects/venv/lib/python3.10/site-packages/airflow/example_dags/example_latest_only_with_trigger.py
[2023-11-20T14:50:11.186+0500] {logging_mixin.py:154} INFO - [2023-11-20T14:50:11.186+0500] {dag.py:2941} INFO - Sync 1 DAGs
[2023-11-20T14:50:11.198+0500] {logging_mixin.py:154} INFO - [2023-11-20T14:50:11.198+0500] {dag.py:3722} INFO - Setting next_dagrun for latest_only_with_trigger to 2023-11-20T05:50:11.198215+00:00, run_after=2023-11-20T09:50:11.198215+00:00
[2023-11-20T14:50:11.215+0500] {processor.py:179} INFO - Processing /home/den/Projects/venv/lib/python3.10/site-packages/airflow/example_dags/example_latest_only_with_trigger.py took 0.055 seconds
[2023-11-20T14:50:59.476+0500] {processor.py:157} INFO - Started process (PID=6577) to work on /home/den/Projects/venv/lib/python3.10/site-packages/airflow/example_dags/example_latest_only_with_trigger.py
[2023-11-20T14:50:59.486+0500] {processor.py:829} INFO - Processing file /home/den/Projects/venv/lib/python3.10/site-packages/airflow/example_dags/example_latest_only_with_trigger.py for tasks to queue
[2023-11-20T14:50:59.486+0500] {logging_mixin.py:154} INFO - [2023-11-20T14:50:59.486+0500] {dagbag.py:536} INFO - Filling up the DagBag from /home/den/Projects/venv/lib/python3.10/site-packages/airflow/example_dags/example_latest_only_with_trigger.py
[2023-11-20T14:50:59.491+0500] {processor.py:839} INFO - DAG(s) dict_keys(['latest_only_with_trigger']) retrieved from /home/den/Projects/venv/lib/python3.10/site-packages/airflow/example_dags/example_latest_only_with_trigger.py
[2023-11-20T14:50:59.503+0500] {logging_mixin.py:154} INFO - [2023-11-20T14:50:59.503+0500] {dag.py:2941} INFO - Sync 1 DAGs
[2023-11-20T14:50:59.515+0500] {logging_mixin.py:154} INFO - [2023-11-20T14:50:59.514+0500] {dag.py:3722} INFO - Setting next_dagrun for latest_only_with_trigger to 2023-11-20T05:50:59.514731+00:00, run_after=2023-11-20T09:50:59.514731+00:00
[2023-11-20T14:50:59.532+0500] {processor.py:179} INFO - Processing /home/den/Projects/venv/lib/python3.10/site-packages/airflow/example_dags/example_latest_only_with_trigger.py took 0.059 seconds
[2023-11-20T14:51:48.642+0500] {processor.py:157} INFO - Started process (PID=6672) to work on /home/den/Projects/venv/lib/python3.10/site-packages/airflow/example_dags/example_latest_only_with_trigger.py
[2023-11-20T14:51:48.644+0500] {processor.py:829} INFO - Processing file /home/den/Projects/venv/lib/python3.10/site-packages/airflow/example_dags/example_latest_only_with_trigger.py for tasks to queue
[2023-11-20T14:51:48.645+0500] {logging_mixin.py:154} INFO - [2023-11-20T14:51:48.644+0500] {dagbag.py:536} INFO - Filling up the DagBag from /home/den/Projects/venv/lib/python3.10/site-packages/airflow/example_dags/example_latest_only_with_trigger.py
[2023-11-20T14:51:48.650+0500] {processor.py:839} INFO - DAG(s) dict_keys(['latest_only_with_trigger']) retrieved from /home/den/Projects/venv/lib/python3.10/site-packages/airflow/example_dags/example_latest_only_with_trigger.py
[2023-11-20T14:51:48.663+0500] {logging_mixin.py:154} INFO - [2023-11-20T14:51:48.662+0500] {dag.py:2941} INFO - Sync 1 DAGs
[2023-11-20T14:51:48.677+0500] {logging_mixin.py:154} INFO - [2023-11-20T14:51:48.677+0500] {dag.py:3722} INFO - Setting next_dagrun for latest_only_with_trigger to 2023-11-20T05:51:48.676888+00:00, run_after=2023-11-20T09:51:48.676888+00:00
[2023-11-20T14:51:48.705+0500] {processor.py:179} INFO - Processing /home/den/Projects/venv/lib/python3.10/site-packages/airflow/example_dags/example_latest_only_with_trigger.py took 0.065 seconds
[2023-11-20T14:54:59.528+0500] {processor.py:157} INFO - Started process (PID=7510) to work on /home/den/Projects/venv/lib/python3.10/site-packages/airflow/example_dags/example_latest_only_with_trigger.py
[2023-11-20T14:54:59.529+0500] {processor.py:829} INFO - Processing file /home/den/Projects/venv/lib/python3.10/site-packages/airflow/example_dags/example_latest_only_with_trigger.py for tasks to queue
[2023-11-20T14:54:59.530+0500] {logging_mixin.py:154} INFO - [2023-11-20T14:54:59.530+0500] {dagbag.py:536} INFO - Filling up the DagBag from /home/den/Projects/venv/lib/python3.10/site-packages/airflow/example_dags/example_latest_only_with_trigger.py
[2023-11-20T14:54:59.538+0500] {processor.py:839} INFO - DAG(s) dict_keys(['latest_only_with_trigger']) retrieved from /home/den/Projects/venv/lib/python3.10/site-packages/airflow/example_dags/example_latest_only_with_trigger.py
[2023-11-20T14:54:59.553+0500] {logging_mixin.py:154} INFO - [2023-11-20T14:54:59.553+0500] {dag.py:2941} INFO - Sync 1 DAGs
[2023-11-20T14:54:59.567+0500] {logging_mixin.py:154} INFO - [2023-11-20T14:54:59.567+0500] {dag.py:3722} INFO - Setting next_dagrun for latest_only_with_trigger to 2023-11-20T05:54:59.567476+00:00, run_after=2023-11-20T09:54:59.567476+00:00
[2023-11-20T14:54:59.586+0500] {processor.py:179} INFO - Processing /home/den/Projects/venv/lib/python3.10/site-packages/airflow/example_dags/example_latest_only_with_trigger.py took 0.060 seconds
[2023-11-20T14:57:43.128+0500] {processor.py:157} INFO - Started process (PID=7665) to work on /home/den/Projects/venv/lib/python3.10/site-packages/airflow/example_dags/example_latest_only_with_trigger.py
[2023-11-20T14:57:43.129+0500] {processor.py:829} INFO - Processing file /home/den/Projects/venv/lib/python3.10/site-packages/airflow/example_dags/example_latest_only_with_trigger.py for tasks to queue
[2023-11-20T14:57:43.130+0500] {logging_mixin.py:154} INFO - [2023-11-20T14:57:43.130+0500] {dagbag.py:536} INFO - Filling up the DagBag from /home/den/Projects/venv/lib/python3.10/site-packages/airflow/example_dags/example_latest_only_with_trigger.py
[2023-11-20T14:57:43.137+0500] {processor.py:839} INFO - DAG(s) dict_keys(['latest_only_with_trigger']) retrieved from /home/den/Projects/venv/lib/python3.10/site-packages/airflow/example_dags/example_latest_only_with_trigger.py
[2023-11-20T14:57:43.150+0500] {logging_mixin.py:154} INFO - [2023-11-20T14:57:43.150+0500] {dag.py:2941} INFO - Sync 1 DAGs
[2023-11-20T14:57:43.162+0500] {logging_mixin.py:154} INFO - [2023-11-20T14:57:43.162+0500] {dag.py:3722} INFO - Setting next_dagrun for latest_only_with_trigger to 2023-11-20T05:57:43.162657+00:00, run_after=2023-11-20T09:57:43.162657+00:00
[2023-11-20T14:57:43.178+0500] {processor.py:179} INFO - Processing /home/den/Projects/venv/lib/python3.10/site-packages/airflow/example_dags/example_latest_only_with_trigger.py took 0.053 seconds
[2023-11-20T14:58:29.575+0500] {processor.py:157} INFO - Started process (PID=7771) to work on /home/den/Projects/venv/lib/python3.10/site-packages/airflow/example_dags/example_latest_only_with_trigger.py
[2023-11-20T14:58:29.576+0500] {processor.py:829} INFO - Processing file /home/den/Projects/venv/lib/python3.10/site-packages/airflow/example_dags/example_latest_only_with_trigger.py for tasks to queue
[2023-11-20T14:58:29.577+0500] {logging_mixin.py:154} INFO - [2023-11-20T14:58:29.577+0500] {dagbag.py:536} INFO - Filling up the DagBag from /home/den/Projects/venv/lib/python3.10/site-packages/airflow/example_dags/example_latest_only_with_trigger.py
[2023-11-20T14:58:29.583+0500] {processor.py:839} INFO - DAG(s) dict_keys(['latest_only_with_trigger']) retrieved from /home/den/Projects/venv/lib/python3.10/site-packages/airflow/example_dags/example_latest_only_with_trigger.py
[2023-11-20T14:58:29.597+0500] {logging_mixin.py:154} INFO - [2023-11-20T14:58:29.597+0500] {dag.py:2941} INFO - Sync 1 DAGs
[2023-11-20T14:58:29.609+0500] {logging_mixin.py:154} INFO - [2023-11-20T14:58:29.609+0500] {dag.py:3722} INFO - Setting next_dagrun for latest_only_with_trigger to 2023-11-20T05:58:29.609681+00:00, run_after=2023-11-20T09:58:29.609681+00:00
[2023-11-20T14:58:29.627+0500] {processor.py:179} INFO - Processing /home/den/Projects/venv/lib/python3.10/site-packages/airflow/example_dags/example_latest_only_with_trigger.py took 0.055 seconds
[2023-11-20T14:59:15.963+0500] {processor.py:157} INFO - Started process (PID=7840) to work on /home/den/Projects/venv/lib/python3.10/site-packages/airflow/example_dags/example_latest_only_with_trigger.py
[2023-11-20T14:59:15.965+0500] {processor.py:829} INFO - Processing file /home/den/Projects/venv/lib/python3.10/site-packages/airflow/example_dags/example_latest_only_with_trigger.py for tasks to queue
[2023-11-20T14:59:15.965+0500] {logging_mixin.py:154} INFO - [2023-11-20T14:59:15.965+0500] {dagbag.py:536} INFO - Filling up the DagBag from /home/den/Projects/venv/lib/python3.10/site-packages/airflow/example_dags/example_latest_only_with_trigger.py
[2023-11-20T14:59:15.970+0500] {processor.py:839} INFO - DAG(s) dict_keys(['latest_only_with_trigger']) retrieved from /home/den/Projects/venv/lib/python3.10/site-packages/airflow/example_dags/example_latest_only_with_trigger.py
[2023-11-20T14:59:15.981+0500] {logging_mixin.py:154} INFO - [2023-11-20T14:59:15.981+0500] {dag.py:2941} INFO - Sync 1 DAGs
[2023-11-20T14:59:15.993+0500] {logging_mixin.py:154} INFO - [2023-11-20T14:59:15.992+0500] {dag.py:3722} INFO - Setting next_dagrun for latest_only_with_trigger to 2023-11-20T05:59:15.992778+00:00, run_after=2023-11-20T09:59:15.992778+00:00
[2023-11-20T14:59:16.009+0500] {processor.py:179} INFO - Processing /home/den/Projects/venv/lib/python3.10/site-packages/airflow/example_dags/example_latest_only_with_trigger.py took 0.049 seconds
[2023-11-20T15:00:06.364+0500] {processor.py:157} INFO - Started process (PID=7930) to work on /home/den/Projects/venv/lib/python3.10/site-packages/airflow/example_dags/example_latest_only_with_trigger.py
[2023-11-20T15:00:06.365+0500] {processor.py:829} INFO - Processing file /home/den/Projects/venv/lib/python3.10/site-packages/airflow/example_dags/example_latest_only_with_trigger.py for tasks to queue
[2023-11-20T15:00:06.365+0500] {logging_mixin.py:154} INFO - [2023-11-20T15:00:06.365+0500] {dagbag.py:536} INFO - Filling up the DagBag from /home/den/Projects/venv/lib/python3.10/site-packages/airflow/example_dags/example_latest_only_with_trigger.py
[2023-11-20T15:00:06.370+0500] {processor.py:839} INFO - DAG(s) dict_keys(['latest_only_with_trigger']) retrieved from /home/den/Projects/venv/lib/python3.10/site-packages/airflow/example_dags/example_latest_only_with_trigger.py
[2023-11-20T15:00:06.382+0500] {logging_mixin.py:154} INFO - [2023-11-20T15:00:06.382+0500] {dag.py:2941} INFO - Sync 1 DAGs
[2023-11-20T15:00:06.395+0500] {logging_mixin.py:154} INFO - [2023-11-20T15:00:06.395+0500] {dag.py:3722} INFO - Setting next_dagrun for latest_only_with_trigger to 2023-11-20T06:00:06.395515+00:00, run_after=2023-11-20T10:00:06.395515+00:00
[2023-11-20T15:00:06.422+0500] {processor.py:179} INFO - Processing /home/den/Projects/venv/lib/python3.10/site-packages/airflow/example_dags/example_latest_only_with_trigger.py took 0.061 seconds
[2023-11-20T15:00:58.521+0500] {processor.py:157} INFO - Started process (PID=8001) to work on /home/den/Projects/venv/lib/python3.10/site-packages/airflow/example_dags/example_latest_only_with_trigger.py
[2023-11-20T15:00:58.522+0500] {processor.py:829} INFO - Processing file /home/den/Projects/venv/lib/python3.10/site-packages/airflow/example_dags/example_latest_only_with_trigger.py for tasks to queue
[2023-11-20T15:00:58.523+0500] {logging_mixin.py:154} INFO - [2023-11-20T15:00:58.523+0500] {dagbag.py:536} INFO - Filling up the DagBag from /home/den/Projects/venv/lib/python3.10/site-packages/airflow/example_dags/example_latest_only_with_trigger.py
[2023-11-20T15:00:58.528+0500] {processor.py:839} INFO - DAG(s) dict_keys(['latest_only_with_trigger']) retrieved from /home/den/Projects/venv/lib/python3.10/site-packages/airflow/example_dags/example_latest_only_with_trigger.py
[2023-11-20T15:00:58.538+0500] {logging_mixin.py:154} INFO - [2023-11-20T15:00:58.538+0500] {dag.py:2941} INFO - Sync 1 DAGs
[2023-11-20T15:00:58.550+0500] {logging_mixin.py:154} INFO - [2023-11-20T15:00:58.550+0500] {dag.py:3722} INFO - Setting next_dagrun for latest_only_with_trigger to 2023-11-20T06:00:58.550552+00:00, run_after=2023-11-20T10:00:58.550552+00:00
[2023-11-20T15:00:58.569+0500] {processor.py:179} INFO - Processing /home/den/Projects/venv/lib/python3.10/site-packages/airflow/example_dags/example_latest_only_with_trigger.py took 0.051 seconds
[2023-11-20T15:01:49.797+0500] {processor.py:157} INFO - Started process (PID=8111) to work on /home/den/Projects/venv/lib/python3.10/site-packages/airflow/example_dags/example_latest_only_with_trigger.py
[2023-11-20T15:01:49.798+0500] {processor.py:829} INFO - Processing file /home/den/Projects/venv/lib/python3.10/site-packages/airflow/example_dags/example_latest_only_with_trigger.py for tasks to queue
[2023-11-20T15:01:49.799+0500] {logging_mixin.py:154} INFO - [2023-11-20T15:01:49.799+0500] {dagbag.py:536} INFO - Filling up the DagBag from /home/den/Projects/venv/lib/python3.10/site-packages/airflow/example_dags/example_latest_only_with_trigger.py
[2023-11-20T15:01:49.806+0500] {processor.py:839} INFO - DAG(s) dict_keys(['latest_only_with_trigger']) retrieved from /home/den/Projects/venv/lib/python3.10/site-packages/airflow/example_dags/example_latest_only_with_trigger.py
[2023-11-20T15:01:49.823+0500] {logging_mixin.py:154} INFO - [2023-11-20T15:01:49.822+0500] {dag.py:2941} INFO - Sync 1 DAGs
[2023-11-20T15:01:49.842+0500] {logging_mixin.py:154} INFO - [2023-11-20T15:01:49.842+0500] {dag.py:3722} INFO - Setting next_dagrun for latest_only_with_trigger to 2023-11-20T06:01:49.842090+00:00, run_after=2023-11-20T10:01:49.842090+00:00
[2023-11-20T15:01:49.864+0500] {processor.py:179} INFO - Processing /home/den/Projects/venv/lib/python3.10/site-packages/airflow/example_dags/example_latest_only_with_trigger.py took 0.071 seconds
[2023-11-20T15:03:33.926+0500] {processor.py:157} INFO - Started process (PID=8271) to work on /home/den/Projects/venv/lib/python3.10/site-packages/airflow/example_dags/example_latest_only_with_trigger.py
[2023-11-20T15:03:33.937+0500] {processor.py:829} INFO - Processing file /home/den/Projects/venv/lib/python3.10/site-packages/airflow/example_dags/example_latest_only_with_trigger.py for tasks to queue
[2023-11-20T15:03:33.942+0500] {logging_mixin.py:154} INFO - [2023-11-20T15:03:33.938+0500] {dagbag.py:536} INFO - Filling up the DagBag from /home/den/Projects/venv/lib/python3.10/site-packages/airflow/example_dags/example_latest_only_with_trigger.py
[2023-11-20T15:03:33.952+0500] {processor.py:839} INFO - DAG(s) dict_keys(['latest_only_with_trigger']) retrieved from /home/den/Projects/venv/lib/python3.10/site-packages/airflow/example_dags/example_latest_only_with_trigger.py
[2023-11-20T15:03:33.970+0500] {logging_mixin.py:154} INFO - [2023-11-20T15:03:33.970+0500] {dag.py:2941} INFO - Sync 1 DAGs
[2023-11-20T15:03:33.989+0500] {logging_mixin.py:154} INFO - [2023-11-20T15:03:33.989+0500] {dag.py:3722} INFO - Setting next_dagrun for latest_only_with_trigger to 2023-11-20T06:03:33.989376+00:00, run_after=2023-11-20T10:03:33.989376+00:00
[2023-11-20T15:03:34.014+0500] {processor.py:179} INFO - Processing /home/den/Projects/venv/lib/python3.10/site-packages/airflow/example_dags/example_latest_only_with_trigger.py took 0.093 seconds
[2023-11-20T15:04:29.939+0500] {processor.py:157} INFO - Started process (PID=8373) to work on /home/den/Projects/venv/lib/python3.10/site-packages/airflow/example_dags/example_latest_only_with_trigger.py
[2023-11-20T15:04:29.945+0500] {processor.py:829} INFO - Processing file /home/den/Projects/venv/lib/python3.10/site-packages/airflow/example_dags/example_latest_only_with_trigger.py for tasks to queue
[2023-11-20T15:04:29.946+0500] {logging_mixin.py:154} INFO - [2023-11-20T15:04:29.945+0500] {dagbag.py:536} INFO - Filling up the DagBag from /home/den/Projects/venv/lib/python3.10/site-packages/airflow/example_dags/example_latest_only_with_trigger.py
[2023-11-20T15:04:29.953+0500] {processor.py:839} INFO - DAG(s) dict_keys(['latest_only_with_trigger']) retrieved from /home/den/Projects/venv/lib/python3.10/site-packages/airflow/example_dags/example_latest_only_with_trigger.py
[2023-11-20T15:04:29.986+0500] {logging_mixin.py:154} INFO - [2023-11-20T15:04:29.985+0500] {dag.py:2941} INFO - Sync 1 DAGs
[2023-11-20T15:04:30.007+0500] {logging_mixin.py:154} INFO - [2023-11-20T15:04:30.007+0500] {dag.py:3722} INFO - Setting next_dagrun for latest_only_with_trigger to 2023-11-20T06:04:30.006806+00:00, run_after=2023-11-20T10:04:30.006806+00:00
[2023-11-20T15:04:30.028+0500] {processor.py:179} INFO - Processing /home/den/Projects/venv/lib/python3.10/site-packages/airflow/example_dags/example_latest_only_with_trigger.py took 0.092 seconds
[2023-11-20T15:05:28.222+0500] {processor.py:157} INFO - Started process (PID=8450) to work on /home/den/Projects/venv/lib/python3.10/site-packages/airflow/example_dags/example_latest_only_with_trigger.py
[2023-11-20T15:05:28.234+0500] {processor.py:829} INFO - Processing file /home/den/Projects/venv/lib/python3.10/site-packages/airflow/example_dags/example_latest_only_with_trigger.py for tasks to queue
[2023-11-20T15:05:28.236+0500] {logging_mixin.py:154} INFO - [2023-11-20T15:05:28.235+0500] {dagbag.py:536} INFO - Filling up the DagBag from /home/den/Projects/venv/lib/python3.10/site-packages/airflow/example_dags/example_latest_only_with_trigger.py
[2023-11-20T15:05:28.244+0500] {processor.py:839} INFO - DAG(s) dict_keys(['latest_only_with_trigger']) retrieved from /home/den/Projects/venv/lib/python3.10/site-packages/airflow/example_dags/example_latest_only_with_trigger.py
[2023-11-20T15:05:28.265+0500] {logging_mixin.py:154} INFO - [2023-11-20T15:05:28.265+0500] {dag.py:2941} INFO - Sync 1 DAGs
[2023-11-20T15:05:28.285+0500] {logging_mixin.py:154} INFO - [2023-11-20T15:05:28.285+0500] {dag.py:3722} INFO - Setting next_dagrun for latest_only_with_trigger to 2023-11-20T06:05:28.284977+00:00, run_after=2023-11-20T10:05:28.284977+00:00
[2023-11-20T15:05:28.305+0500] {processor.py:179} INFO - Processing /home/den/Projects/venv/lib/python3.10/site-packages/airflow/example_dags/example_latest_only_with_trigger.py took 0.087 seconds
[2023-11-20T15:06:24.387+0500] {processor.py:157} INFO - Started process (PID=8550) to work on /home/den/Projects/venv/lib/python3.10/site-packages/airflow/example_dags/example_latest_only_with_trigger.py
[2023-11-20T15:06:24.388+0500] {processor.py:829} INFO - Processing file /home/den/Projects/venv/lib/python3.10/site-packages/airflow/example_dags/example_latest_only_with_trigger.py for tasks to queue
[2023-11-20T15:06:24.389+0500] {logging_mixin.py:154} INFO - [2023-11-20T15:06:24.389+0500] {dagbag.py:536} INFO - Filling up the DagBag from /home/den/Projects/venv/lib/python3.10/site-packages/airflow/example_dags/example_latest_only_with_trigger.py
[2023-11-20T15:06:24.397+0500] {processor.py:839} INFO - DAG(s) dict_keys(['latest_only_with_trigger']) retrieved from /home/den/Projects/venv/lib/python3.10/site-packages/airflow/example_dags/example_latest_only_with_trigger.py
[2023-11-20T15:06:24.412+0500] {logging_mixin.py:154} INFO - [2023-11-20T15:06:24.412+0500] {dag.py:2941} INFO - Sync 1 DAGs
[2023-11-20T15:06:24.426+0500] {logging_mixin.py:154} INFO - [2023-11-20T15:06:24.425+0500] {dag.py:3722} INFO - Setting next_dagrun for latest_only_with_trigger to 2023-11-20T06:06:24.425677+00:00, run_after=2023-11-20T10:06:24.425677+00:00
[2023-11-20T15:06:24.452+0500] {processor.py:179} INFO - Processing /home/den/Projects/venv/lib/python3.10/site-packages/airflow/example_dags/example_latest_only_with_trigger.py took 0.068 seconds
[2023-11-20T15:07:24.137+0500] {processor.py:157} INFO - Started process (PID=8641) to work on /home/den/Projects/venv/lib/python3.10/site-packages/airflow/example_dags/example_latest_only_with_trigger.py
[2023-11-20T15:07:24.144+0500] {processor.py:829} INFO - Processing file /home/den/Projects/venv/lib/python3.10/site-packages/airflow/example_dags/example_latest_only_with_trigger.py for tasks to queue
[2023-11-20T15:07:24.146+0500] {logging_mixin.py:154} INFO - [2023-11-20T15:07:24.145+0500] {dagbag.py:536} INFO - Filling up the DagBag from /home/den/Projects/venv/lib/python3.10/site-packages/airflow/example_dags/example_latest_only_with_trigger.py
[2023-11-20T15:07:24.163+0500] {processor.py:839} INFO - DAG(s) dict_keys(['latest_only_with_trigger']) retrieved from /home/den/Projects/venv/lib/python3.10/site-packages/airflow/example_dags/example_latest_only_with_trigger.py
[2023-11-20T15:07:24.206+0500] {logging_mixin.py:154} INFO - [2023-11-20T15:07:24.205+0500] {dag.py:2941} INFO - Sync 1 DAGs
[2023-11-20T15:07:24.240+0500] {logging_mixin.py:154} INFO - [2023-11-20T15:07:24.240+0500] {dag.py:3722} INFO - Setting next_dagrun for latest_only_with_trigger to 2023-11-20T06:07:24.239762+00:00, run_after=2023-11-20T10:07:24.239762+00:00
[2023-11-20T15:07:24.268+0500] {processor.py:179} INFO - Processing /home/den/Projects/venv/lib/python3.10/site-packages/airflow/example_dags/example_latest_only_with_trigger.py took 0.134 seconds
[2023-11-20T15:08:17.346+0500] {processor.py:157} INFO - Started process (PID=8737) to work on /home/den/Projects/venv/lib/python3.10/site-packages/airflow/example_dags/example_latest_only_with_trigger.py
[2023-11-20T15:08:17.349+0500] {processor.py:829} INFO - Processing file /home/den/Projects/venv/lib/python3.10/site-packages/airflow/example_dags/example_latest_only_with_trigger.py for tasks to queue
[2023-11-20T15:08:17.353+0500] {logging_mixin.py:154} INFO - [2023-11-20T15:08:17.350+0500] {dagbag.py:536} INFO - Filling up the DagBag from /home/den/Projects/venv/lib/python3.10/site-packages/airflow/example_dags/example_latest_only_with_trigger.py
[2023-11-20T15:08:17.375+0500] {processor.py:839} INFO - DAG(s) dict_keys(['latest_only_with_trigger']) retrieved from /home/den/Projects/venv/lib/python3.10/site-packages/airflow/example_dags/example_latest_only_with_trigger.py
[2023-11-20T15:08:17.406+0500] {logging_mixin.py:154} INFO - [2023-11-20T15:08:17.405+0500] {dag.py:2941} INFO - Sync 1 DAGs
[2023-11-20T15:08:17.433+0500] {logging_mixin.py:154} INFO - [2023-11-20T15:08:17.432+0500] {dag.py:3722} INFO - Setting next_dagrun for latest_only_with_trigger to 2023-11-20T06:08:17.432488+00:00, run_after=2023-11-20T10:08:17.432488+00:00
[2023-11-20T15:08:17.472+0500] {processor.py:179} INFO - Processing /home/den/Projects/venv/lib/python3.10/site-packages/airflow/example_dags/example_latest_only_with_trigger.py took 0.129 seconds
[2023-11-20T15:09:18.913+0500] {processor.py:157} INFO - Started process (PID=8822) to work on /home/den/Projects/venv/lib/python3.10/site-packages/airflow/example_dags/example_latest_only_with_trigger.py
[2023-11-20T15:09:18.915+0500] {processor.py:829} INFO - Processing file /home/den/Projects/venv/lib/python3.10/site-packages/airflow/example_dags/example_latest_only_with_trigger.py for tasks to queue
[2023-11-20T15:09:18.916+0500] {logging_mixin.py:154} INFO - [2023-11-20T15:09:18.916+0500] {dagbag.py:536} INFO - Filling up the DagBag from /home/den/Projects/venv/lib/python3.10/site-packages/airflow/example_dags/example_latest_only_with_trigger.py
[2023-11-20T15:09:18.928+0500] {processor.py:839} INFO - DAG(s) dict_keys(['latest_only_with_trigger']) retrieved from /home/den/Projects/venv/lib/python3.10/site-packages/airflow/example_dags/example_latest_only_with_trigger.py
[2023-11-20T15:09:18.993+0500] {logging_mixin.py:154} INFO - [2023-11-20T15:09:18.993+0500] {dag.py:2941} INFO - Sync 1 DAGs
[2023-11-20T15:09:19.039+0500] {logging_mixin.py:154} INFO - [2023-11-20T15:09:19.038+0500] {dag.py:3722} INFO - Setting next_dagrun for latest_only_with_trigger to 2023-11-20T06:09:19.038387+00:00, run_after=2023-11-20T10:09:19.038387+00:00
[2023-11-20T15:09:19.073+0500] {processor.py:179} INFO - Processing /home/den/Projects/venv/lib/python3.10/site-packages/airflow/example_dags/example_latest_only_with_trigger.py took 0.187 seconds
[2023-11-20T15:10:21.388+0500] {processor.py:157} INFO - Started process (PID=8932) to work on /home/den/Projects/venv/lib/python3.10/site-packages/airflow/example_dags/example_latest_only_with_trigger.py
[2023-11-20T15:10:21.393+0500] {processor.py:829} INFO - Processing file /home/den/Projects/venv/lib/python3.10/site-packages/airflow/example_dags/example_latest_only_with_trigger.py for tasks to queue
[2023-11-20T15:10:21.394+0500] {logging_mixin.py:154} INFO - [2023-11-20T15:10:21.394+0500] {dagbag.py:536} INFO - Filling up the DagBag from /home/den/Projects/venv/lib/python3.10/site-packages/airflow/example_dags/example_latest_only_with_trigger.py
[2023-11-20T15:10:21.402+0500] {processor.py:839} INFO - DAG(s) dict_keys(['latest_only_with_trigger']) retrieved from /home/den/Projects/venv/lib/python3.10/site-packages/airflow/example_dags/example_latest_only_with_trigger.py
[2023-11-20T15:10:21.437+0500] {logging_mixin.py:154} INFO - [2023-11-20T15:10:21.437+0500] {dag.py:2941} INFO - Sync 1 DAGs
[2023-11-20T15:10:21.463+0500] {logging_mixin.py:154} INFO - [2023-11-20T15:10:21.462+0500] {dag.py:3722} INFO - Setting next_dagrun for latest_only_with_trigger to 2023-11-20T06:10:21.462241+00:00, run_after=2023-11-20T10:10:21.462241+00:00
[2023-11-20T15:10:21.511+0500] {processor.py:179} INFO - Processing /home/den/Projects/venv/lib/python3.10/site-packages/airflow/example_dags/example_latest_only_with_trigger.py took 0.128 seconds
[2023-11-20T15:11:14.434+0500] {processor.py:157} INFO - Started process (PID=8997) to work on /home/den/Projects/venv/lib/python3.10/site-packages/airflow/example_dags/example_latest_only_with_trigger.py
[2023-11-20T15:11:14.440+0500] {processor.py:829} INFO - Processing file /home/den/Projects/venv/lib/python3.10/site-packages/airflow/example_dags/example_latest_only_with_trigger.py for tasks to queue
[2023-11-20T15:11:14.441+0500] {logging_mixin.py:154} INFO - [2023-11-20T15:11:14.440+0500] {dagbag.py:536} INFO - Filling up the DagBag from /home/den/Projects/venv/lib/python3.10/site-packages/airflow/example_dags/example_latest_only_with_trigger.py
[2023-11-20T15:11:14.453+0500] {processor.py:839} INFO - DAG(s) dict_keys(['latest_only_with_trigger']) retrieved from /home/den/Projects/venv/lib/python3.10/site-packages/airflow/example_dags/example_latest_only_with_trigger.py
[2023-11-20T15:11:14.472+0500] {logging_mixin.py:154} INFO - [2023-11-20T15:11:14.471+0500] {dag.py:2941} INFO - Sync 1 DAGs
[2023-11-20T15:11:14.492+0500] {logging_mixin.py:154} INFO - [2023-11-20T15:11:14.492+0500] {dag.py:3722} INFO - Setting next_dagrun for latest_only_with_trigger to 2023-11-20T06:11:14.492128+00:00, run_after=2023-11-20T10:11:14.492128+00:00
[2023-11-20T15:11:14.538+0500] {processor.py:179} INFO - Processing /home/den/Projects/venv/lib/python3.10/site-packages/airflow/example_dags/example_latest_only_with_trigger.py took 0.107 seconds
[2023-11-20T15:12:06.605+0500] {processor.py:157} INFO - Started process (PID=9096) to work on /home/den/Projects/venv/lib/python3.10/site-packages/airflow/example_dags/example_latest_only_with_trigger.py
[2023-11-20T15:12:06.607+0500] {processor.py:829} INFO - Processing file /home/den/Projects/venv/lib/python3.10/site-packages/airflow/example_dags/example_latest_only_with_trigger.py for tasks to queue
[2023-11-20T15:12:06.610+0500] {logging_mixin.py:154} INFO - [2023-11-20T15:12:06.609+0500] {dagbag.py:536} INFO - Filling up the DagBag from /home/den/Projects/venv/lib/python3.10/site-packages/airflow/example_dags/example_latest_only_with_trigger.py
[2023-11-20T15:12:06.616+0500] {processor.py:839} INFO - DAG(s) dict_keys(['latest_only_with_trigger']) retrieved from /home/den/Projects/venv/lib/python3.10/site-packages/airflow/example_dags/example_latest_only_with_trigger.py
[2023-11-20T15:12:06.643+0500] {logging_mixin.py:154} INFO - [2023-11-20T15:12:06.640+0500] {dag.py:2941} INFO - Sync 1 DAGs
[2023-11-20T15:12:06.669+0500] {logging_mixin.py:154} INFO - [2023-11-20T15:12:06.669+0500] {dag.py:3722} INFO - Setting next_dagrun for latest_only_with_trigger to 2023-11-20T06:12:06.669124+00:00, run_after=2023-11-20T10:12:06.669124+00:00
[2023-11-20T15:12:06.719+0500] {processor.py:179} INFO - Processing /home/den/Projects/venv/lib/python3.10/site-packages/airflow/example_dags/example_latest_only_with_trigger.py took 0.117 seconds
[2023-11-20T15:12:59.286+0500] {processor.py:157} INFO - Started process (PID=9167) to work on /home/den/Projects/venv/lib/python3.10/site-packages/airflow/example_dags/example_latest_only_with_trigger.py
[2023-11-20T15:12:59.290+0500] {processor.py:829} INFO - Processing file /home/den/Projects/venv/lib/python3.10/site-packages/airflow/example_dags/example_latest_only_with_trigger.py for tasks to queue
[2023-11-20T15:12:59.298+0500] {logging_mixin.py:154} INFO - [2023-11-20T15:12:59.297+0500] {dagbag.py:536} INFO - Filling up the DagBag from /home/den/Projects/venv/lib/python3.10/site-packages/airflow/example_dags/example_latest_only_with_trigger.py
[2023-11-20T15:12:59.306+0500] {processor.py:839} INFO - DAG(s) dict_keys(['latest_only_with_trigger']) retrieved from /home/den/Projects/venv/lib/python3.10/site-packages/airflow/example_dags/example_latest_only_with_trigger.py
[2023-11-20T15:12:59.322+0500] {logging_mixin.py:154} INFO - [2023-11-20T15:12:59.321+0500] {dag.py:2941} INFO - Sync 1 DAGs
[2023-11-20T15:12:59.336+0500] {logging_mixin.py:154} INFO - [2023-11-20T15:12:59.336+0500] {dag.py:3722} INFO - Setting next_dagrun for latest_only_with_trigger to 2023-11-20T06:12:59.336398+00:00, run_after=2023-11-20T10:12:59.336398+00:00
[2023-11-20T15:12:59.376+0500] {processor.py:179} INFO - Processing /home/den/Projects/venv/lib/python3.10/site-packages/airflow/example_dags/example_latest_only_with_trigger.py took 0.094 seconds
[2023-11-20T15:13:54.196+0500] {processor.py:157} INFO - Started process (PID=9277) to work on /home/den/Projects/venv/lib/python3.10/site-packages/airflow/example_dags/example_latest_only_with_trigger.py
[2023-11-20T15:13:54.200+0500] {processor.py:829} INFO - Processing file /home/den/Projects/venv/lib/python3.10/site-packages/airflow/example_dags/example_latest_only_with_trigger.py for tasks to queue
[2023-11-20T15:13:54.202+0500] {logging_mixin.py:154} INFO - [2023-11-20T15:13:54.201+0500] {dagbag.py:536} INFO - Filling up the DagBag from /home/den/Projects/venv/lib/python3.10/site-packages/airflow/example_dags/example_latest_only_with_trigger.py
[2023-11-20T15:13:54.210+0500] {processor.py:839} INFO - DAG(s) dict_keys(['latest_only_with_trigger']) retrieved from /home/den/Projects/venv/lib/python3.10/site-packages/airflow/example_dags/example_latest_only_with_trigger.py
[2023-11-20T15:13:54.226+0500] {logging_mixin.py:154} INFO - [2023-11-20T15:13:54.226+0500] {dag.py:2941} INFO - Sync 1 DAGs
[2023-11-20T15:13:54.241+0500] {logging_mixin.py:154} INFO - [2023-11-20T15:13:54.240+0500] {dag.py:3722} INFO - Setting next_dagrun for latest_only_with_trigger to 2023-11-20T06:13:54.240647+00:00, run_after=2023-11-20T10:13:54.240647+00:00
[2023-11-20T15:13:54.273+0500] {processor.py:179} INFO - Processing /home/den/Projects/venv/lib/python3.10/site-packages/airflow/example_dags/example_latest_only_with_trigger.py took 0.081 seconds
[2023-11-20T15:14:50.253+0500] {processor.py:157} INFO - Started process (PID=9352) to work on /home/den/Projects/venv/lib/python3.10/site-packages/airflow/example_dags/example_latest_only_with_trigger.py
[2023-11-20T15:14:50.256+0500] {processor.py:829} INFO - Processing file /home/den/Projects/venv/lib/python3.10/site-packages/airflow/example_dags/example_latest_only_with_trigger.py for tasks to queue
[2023-11-20T15:14:50.257+0500] {logging_mixin.py:154} INFO - [2023-11-20T15:14:50.257+0500] {dagbag.py:536} INFO - Filling up the DagBag from /home/den/Projects/venv/lib/python3.10/site-packages/airflow/example_dags/example_latest_only_with_trigger.py
[2023-11-20T15:14:50.265+0500] {processor.py:839} INFO - DAG(s) dict_keys(['latest_only_with_trigger']) retrieved from /home/den/Projects/venv/lib/python3.10/site-packages/airflow/example_dags/example_latest_only_with_trigger.py
[2023-11-20T15:14:50.294+0500] {logging_mixin.py:154} INFO - [2023-11-20T15:14:50.294+0500] {dag.py:2941} INFO - Sync 1 DAGs
[2023-11-20T15:14:50.321+0500] {logging_mixin.py:154} INFO - [2023-11-20T15:14:50.321+0500] {dag.py:3722} INFO - Setting next_dagrun for latest_only_with_trigger to 2023-11-20T06:14:50.320702+00:00, run_after=2023-11-20T10:14:50.320702+00:00
[2023-11-20T15:14:50.348+0500] {processor.py:179} INFO - Processing /home/den/Projects/venv/lib/python3.10/site-packages/airflow/example_dags/example_latest_only_with_trigger.py took 0.107 seconds
[2023-11-20T15:15:40.625+0500] {processor.py:157} INFO - Started process (PID=9423) to work on /home/den/Projects/venv/lib/python3.10/site-packages/airflow/example_dags/example_latest_only_with_trigger.py
[2023-11-20T15:15:40.626+0500] {processor.py:829} INFO - Processing file /home/den/Projects/venv/lib/python3.10/site-packages/airflow/example_dags/example_latest_only_with_trigger.py for tasks to queue
[2023-11-20T15:15:40.627+0500] {logging_mixin.py:154} INFO - [2023-11-20T15:15:40.627+0500] {dagbag.py:536} INFO - Filling up the DagBag from /home/den/Projects/venv/lib/python3.10/site-packages/airflow/example_dags/example_latest_only_with_trigger.py
[2023-11-20T15:15:40.635+0500] {processor.py:839} INFO - DAG(s) dict_keys(['latest_only_with_trigger']) retrieved from /home/den/Projects/venv/lib/python3.10/site-packages/airflow/example_dags/example_latest_only_with_trigger.py
[2023-11-20T15:15:40.649+0500] {logging_mixin.py:154} INFO - [2023-11-20T15:15:40.649+0500] {dag.py:2941} INFO - Sync 1 DAGs
[2023-11-20T15:15:40.663+0500] {logging_mixin.py:154} INFO - [2023-11-20T15:15:40.663+0500] {dag.py:3722} INFO - Setting next_dagrun for latest_only_with_trigger to 2023-11-20T06:15:40.663079+00:00, run_after=2023-11-20T10:15:40.663079+00:00
[2023-11-20T15:15:40.689+0500] {processor.py:179} INFO - Processing /home/den/Projects/venv/lib/python3.10/site-packages/airflow/example_dags/example_latest_only_with_trigger.py took 0.068 seconds
[2023-11-20T15:16:30.570+0500] {processor.py:157} INFO - Started process (PID=9518) to work on /home/den/Projects/venv/lib/python3.10/site-packages/airflow/example_dags/example_latest_only_with_trigger.py
[2023-11-20T15:16:30.571+0500] {processor.py:829} INFO - Processing file /home/den/Projects/venv/lib/python3.10/site-packages/airflow/example_dags/example_latest_only_with_trigger.py for tasks to queue
[2023-11-20T15:16:30.571+0500] {logging_mixin.py:154} INFO - [2023-11-20T15:16:30.571+0500] {dagbag.py:536} INFO - Filling up the DagBag from /home/den/Projects/venv/lib/python3.10/site-packages/airflow/example_dags/example_latest_only_with_trigger.py
[2023-11-20T15:16:30.578+0500] {processor.py:839} INFO - DAG(s) dict_keys(['latest_only_with_trigger']) retrieved from /home/den/Projects/venv/lib/python3.10/site-packages/airflow/example_dags/example_latest_only_with_trigger.py
[2023-11-20T15:16:30.591+0500] {logging_mixin.py:154} INFO - [2023-11-20T15:16:30.590+0500] {dag.py:2941} INFO - Sync 1 DAGs
[2023-11-20T15:16:30.603+0500] {logging_mixin.py:154} INFO - [2023-11-20T15:16:30.603+0500] {dag.py:3722} INFO - Setting next_dagrun for latest_only_with_trigger to 2023-11-20T06:16:30.603375+00:00, run_after=2023-11-20T10:16:30.603375+00:00
[2023-11-20T15:16:30.624+0500] {processor.py:179} INFO - Processing /home/den/Projects/venv/lib/python3.10/site-packages/airflow/example_dags/example_latest_only_with_trigger.py took 0.058 seconds
[2023-11-20T15:17:17.853+0500] {processor.py:157} INFO - Started process (PID=9582) to work on /home/den/Projects/venv/lib/python3.10/site-packages/airflow/example_dags/example_latest_only_with_trigger.py
[2023-11-20T15:17:17.857+0500] {processor.py:829} INFO - Processing file /home/den/Projects/venv/lib/python3.10/site-packages/airflow/example_dags/example_latest_only_with_trigger.py for tasks to queue
[2023-11-20T15:17:17.859+0500] {logging_mixin.py:154} INFO - [2023-11-20T15:17:17.858+0500] {dagbag.py:536} INFO - Filling up the DagBag from /home/den/Projects/venv/lib/python3.10/site-packages/airflow/example_dags/example_latest_only_with_trigger.py
[2023-11-20T15:17:17.865+0500] {processor.py:839} INFO - DAG(s) dict_keys(['latest_only_with_trigger']) retrieved from /home/den/Projects/venv/lib/python3.10/site-packages/airflow/example_dags/example_latest_only_with_trigger.py
[2023-11-20T15:17:17.879+0500] {logging_mixin.py:154} INFO - [2023-11-20T15:17:17.879+0500] {dag.py:2941} INFO - Sync 1 DAGs
[2023-11-20T15:17:17.892+0500] {logging_mixin.py:154} INFO - [2023-11-20T15:17:17.892+0500] {dag.py:3722} INFO - Setting next_dagrun for latest_only_with_trigger to 2023-11-20T06:17:17.892390+00:00, run_after=2023-11-20T10:17:17.892390+00:00
[2023-11-20T15:17:17.918+0500] {processor.py:179} INFO - Processing /home/den/Projects/venv/lib/python3.10/site-packages/airflow/example_dags/example_latest_only_with_trigger.py took 0.067 seconds
[2023-11-20T15:18:01.778+0500] {processor.py:157} INFO - Started process (PID=9673) to work on /home/den/Projects/venv/lib/python3.10/site-packages/airflow/example_dags/example_latest_only_with_trigger.py
[2023-11-20T15:18:01.779+0500] {processor.py:829} INFO - Processing file /home/den/Projects/venv/lib/python3.10/site-packages/airflow/example_dags/example_latest_only_with_trigger.py for tasks to queue
[2023-11-20T15:18:01.780+0500] {logging_mixin.py:154} INFO - [2023-11-20T15:18:01.780+0500] {dagbag.py:536} INFO - Filling up the DagBag from /home/den/Projects/venv/lib/python3.10/site-packages/airflow/example_dags/example_latest_only_with_trigger.py
[2023-11-20T15:18:01.786+0500] {processor.py:839} INFO - DAG(s) dict_keys(['latest_only_with_trigger']) retrieved from /home/den/Projects/venv/lib/python3.10/site-packages/airflow/example_dags/example_latest_only_with_trigger.py
[2023-11-20T15:18:01.798+0500] {logging_mixin.py:154} INFO - [2023-11-20T15:18:01.798+0500] {dag.py:2941} INFO - Sync 1 DAGs
[2023-11-20T15:18:01.811+0500] {logging_mixin.py:154} INFO - [2023-11-20T15:18:01.810+0500] {dag.py:3722} INFO - Setting next_dagrun for latest_only_with_trigger to 2023-11-20T06:18:01.810782+00:00, run_after=2023-11-20T10:18:01.810782+00:00
[2023-11-20T15:18:01.829+0500] {processor.py:179} INFO - Processing /home/den/Projects/venv/lib/python3.10/site-packages/airflow/example_dags/example_latest_only_with_trigger.py took 0.054 seconds
[2023-11-20T15:18:56.211+0500] {processor.py:157} INFO - Started process (PID=9749) to work on /home/den/Projects/venv/lib/python3.10/site-packages/airflow/example_dags/example_latest_only_with_trigger.py
[2023-11-20T15:18:56.213+0500] {processor.py:829} INFO - Processing file /home/den/Projects/venv/lib/python3.10/site-packages/airflow/example_dags/example_latest_only_with_trigger.py for tasks to queue
[2023-11-20T15:18:56.214+0500] {logging_mixin.py:154} INFO - [2023-11-20T15:18:56.213+0500] {dagbag.py:536} INFO - Filling up the DagBag from /home/den/Projects/venv/lib/python3.10/site-packages/airflow/example_dags/example_latest_only_with_trigger.py
[2023-11-20T15:18:56.220+0500] {processor.py:839} INFO - DAG(s) dict_keys(['latest_only_with_trigger']) retrieved from /home/den/Projects/venv/lib/python3.10/site-packages/airflow/example_dags/example_latest_only_with_trigger.py
[2023-11-20T15:18:56.234+0500] {logging_mixin.py:154} INFO - [2023-11-20T15:18:56.234+0500] {dag.py:2941} INFO - Sync 1 DAGs
[2023-11-20T15:18:56.249+0500] {logging_mixin.py:154} INFO - [2023-11-20T15:18:56.248+0500] {dag.py:3722} INFO - Setting next_dagrun for latest_only_with_trigger to 2023-11-20T06:18:56.248703+00:00, run_after=2023-11-20T10:18:56.248703+00:00
[2023-11-20T15:18:56.265+0500] {processor.py:179} INFO - Processing /home/den/Projects/venv/lib/python3.10/site-packages/airflow/example_dags/example_latest_only_with_trigger.py took 0.058 seconds
[2023-11-20T15:19:41.799+0500] {processor.py:157} INFO - Started process (PID=9821) to work on /home/den/Projects/venv/lib/python3.10/site-packages/airflow/example_dags/example_latest_only_with_trigger.py
[2023-11-20T15:19:41.801+0500] {processor.py:829} INFO - Processing file /home/den/Projects/venv/lib/python3.10/site-packages/airflow/example_dags/example_latest_only_with_trigger.py for tasks to queue
[2023-11-20T15:19:41.803+0500] {logging_mixin.py:154} INFO - [2023-11-20T15:19:41.802+0500] {dagbag.py:536} INFO - Filling up the DagBag from /home/den/Projects/venv/lib/python3.10/site-packages/airflow/example_dags/example_latest_only_with_trigger.py
[2023-11-20T15:19:41.811+0500] {processor.py:839} INFO - DAG(s) dict_keys(['latest_only_with_trigger']) retrieved from /home/den/Projects/venv/lib/python3.10/site-packages/airflow/example_dags/example_latest_only_with_trigger.py
[2023-11-20T15:19:41.829+0500] {logging_mixin.py:154} INFO - [2023-11-20T15:19:41.829+0500] {dag.py:2941} INFO - Sync 1 DAGs
[2023-11-20T15:19:41.845+0500] {logging_mixin.py:154} INFO - [2023-11-20T15:19:41.845+0500] {dag.py:3722} INFO - Setting next_dagrun for latest_only_with_trigger to 2023-11-20T06:19:41.845267+00:00, run_after=2023-11-20T10:19:41.845267+00:00
[2023-11-20T15:19:41.864+0500] {processor.py:179} INFO - Processing /home/den/Projects/venv/lib/python3.10/site-packages/airflow/example_dags/example_latest_only_with_trigger.py took 0.071 seconds
[2023-11-20T15:20:41.244+0500] {processor.py:157} INFO - Started process (PID=9976) to work on /home/den/Projects/venv/lib/python3.10/site-packages/airflow/example_dags/example_latest_only_with_trigger.py
[2023-11-20T15:20:41.254+0500] {processor.py:829} INFO - Processing file /home/den/Projects/venv/lib/python3.10/site-packages/airflow/example_dags/example_latest_only_with_trigger.py for tasks to queue
[2023-11-20T15:20:41.256+0500] {logging_mixin.py:154} INFO - [2023-11-20T15:20:41.256+0500] {dagbag.py:536} INFO - Filling up the DagBag from /home/den/Projects/venv/lib/python3.10/site-packages/airflow/example_dags/example_latest_only_with_trigger.py
[2023-11-20T15:20:41.271+0500] {processor.py:839} INFO - DAG(s) dict_keys(['latest_only_with_trigger']) retrieved from /home/den/Projects/venv/lib/python3.10/site-packages/airflow/example_dags/example_latest_only_with_trigger.py
[2023-11-20T15:20:41.295+0500] {logging_mixin.py:154} INFO - [2023-11-20T15:20:41.295+0500] {dag.py:2941} INFO - Sync 1 DAGs
[2023-11-20T15:20:41.313+0500] {logging_mixin.py:154} INFO - [2023-11-20T15:20:41.312+0500] {dag.py:3722} INFO - Setting next_dagrun for latest_only_with_trigger to 2023-11-20T06:20:41.312535+00:00, run_after=2023-11-20T10:20:41.312535+00:00
[2023-11-20T15:20:41.332+0500] {processor.py:179} INFO - Processing /home/den/Projects/venv/lib/python3.10/site-packages/airflow/example_dags/example_latest_only_with_trigger.py took 0.096 seconds
[2023-11-20T15:21:44.280+0500] {processor.py:157} INFO - Started process (PID=10060) to work on /home/den/Projects/venv/lib/python3.10/site-packages/airflow/example_dags/example_latest_only_with_trigger.py
[2023-11-20T15:21:44.286+0500] {processor.py:829} INFO - Processing file /home/den/Projects/venv/lib/python3.10/site-packages/airflow/example_dags/example_latest_only_with_trigger.py for tasks to queue
[2023-11-20T15:21:44.287+0500] {logging_mixin.py:154} INFO - [2023-11-20T15:21:44.287+0500] {dagbag.py:536} INFO - Filling up the DagBag from /home/den/Projects/venv/lib/python3.10/site-packages/airflow/example_dags/example_latest_only_with_trigger.py
[2023-11-20T15:21:44.295+0500] {processor.py:839} INFO - DAG(s) dict_keys(['latest_only_with_trigger']) retrieved from /home/den/Projects/venv/lib/python3.10/site-packages/airflow/example_dags/example_latest_only_with_trigger.py
[2023-11-20T15:21:44.315+0500] {logging_mixin.py:154} INFO - [2023-11-20T15:21:44.314+0500] {dag.py:2941} INFO - Sync 1 DAGs
[2023-11-20T15:21:44.347+0500] {logging_mixin.py:154} INFO - [2023-11-20T15:21:44.347+0500] {dag.py:3722} INFO - Setting next_dagrun for latest_only_with_trigger to 2023-11-20T06:21:44.347386+00:00, run_after=2023-11-20T10:21:44.347386+00:00
[2023-11-20T15:21:44.386+0500] {processor.py:179} INFO - Processing /home/den/Projects/venv/lib/python3.10/site-packages/airflow/example_dags/example_latest_only_with_trigger.py took 0.112 seconds
[2023-11-20T15:22:48.020+0500] {processor.py:157} INFO - Started process (PID=10165) to work on /home/den/Projects/venv/lib/python3.10/site-packages/airflow/example_dags/example_latest_only_with_trigger.py
[2023-11-20T15:22:48.022+0500] {processor.py:829} INFO - Processing file /home/den/Projects/venv/lib/python3.10/site-packages/airflow/example_dags/example_latest_only_with_trigger.py for tasks to queue
[2023-11-20T15:22:48.023+0500] {logging_mixin.py:154} INFO - [2023-11-20T15:22:48.023+0500] {dagbag.py:536} INFO - Filling up the DagBag from /home/den/Projects/venv/lib/python3.10/site-packages/airflow/example_dags/example_latest_only_with_trigger.py
[2023-11-20T15:22:48.030+0500] {processor.py:839} INFO - DAG(s) dict_keys(['latest_only_with_trigger']) retrieved from /home/den/Projects/venv/lib/python3.10/site-packages/airflow/example_dags/example_latest_only_with_trigger.py
[2023-11-20T15:22:48.060+0500] {logging_mixin.py:154} INFO - [2023-11-20T15:22:48.059+0500] {dag.py:2941} INFO - Sync 1 DAGs
[2023-11-20T15:22:48.081+0500] {logging_mixin.py:154} INFO - [2023-11-20T15:22:48.080+0500] {dag.py:3722} INFO - Setting next_dagrun for latest_only_with_trigger to 2023-11-20T06:22:48.080396+00:00, run_after=2023-11-20T10:22:48.080396+00:00
[2023-11-20T15:22:48.115+0500] {processor.py:179} INFO - Processing /home/den/Projects/venv/lib/python3.10/site-packages/airflow/example_dags/example_latest_only_with_trigger.py took 0.105 seconds
