[2023-11-20T14:39:19.895+0500] {processor.py:157} INFO - Started process (PID=4807) to work on /home/den/Projects/venv/lib/python3.10/site-packages/airflow/example_dags/example_task_group_decorator.py
[2023-11-20T14:39:19.896+0500] {processor.py:829} INFO - Processing file /home/den/Projects/venv/lib/python3.10/site-packages/airflow/example_dags/example_task_group_decorator.py for tasks to queue
[2023-11-20T14:39:19.896+0500] {logging_mixin.py:154} INFO - [2023-11-20T14:39:19.896+0500] {dagbag.py:536} INFO - Filling up the DagBag from /home/den/Projects/venv/lib/python3.10/site-packages/airflow/example_dags/example_task_group_decorator.py
[2023-11-20T14:39:20.002+0500] {processor.py:839} INFO - DAG(s) dict_keys(['example_task_group_decorator']) retrieved from /home/den/Projects/venv/lib/python3.10/site-packages/airflow/example_dags/example_task_group_decorator.py
[2023-11-20T14:39:20.133+0500] {logging_mixin.py:154} INFO - [2023-11-20T14:39:20.133+0500] {manager.py:499} INFO - Created Permission View: %s
[2023-11-20T14:39:20.165+0500] {logging_mixin.py:154} INFO - [2023-11-20T14:39:20.165+0500] {manager.py:499} INFO - Created Permission View: %s
[2023-11-20T14:39:20.188+0500] {logging_mixin.py:154} INFO - [2023-11-20T14:39:20.188+0500] {manager.py:499} INFO - Created Permission View: %s
[2023-11-20T14:39:20.189+0500] {logging_mixin.py:154} INFO - [2023-11-20T14:39:20.189+0500] {dag.py:2941} INFO - Sync 1 DAGs
[2023-11-20T14:39:20.197+0500] {logging_mixin.py:154} INFO - [2023-11-20T14:39:20.196+0500] {dag.py:2963} INFO - Creating ORM DAG for example_task_group_decorator
[2023-11-20T14:39:20.202+0500] {logging_mixin.py:154} INFO - [2023-11-20T14:39:20.202+0500] {dag.py:3722} INFO - Setting next_dagrun for example_task_group_decorator to 2023-11-19T09:39:20.202068+00:00, run_after=2023-11-20T09:39:20.202068+00:00
[2023-11-20T14:39:20.235+0500] {processor.py:179} INFO - Processing /home/den/Projects/venv/lib/python3.10/site-packages/airflow/example_dags/example_task_group_decorator.py took 0.347 seconds
[2023-11-20T14:40:14.309+0500] {processor.py:157} INFO - Started process (PID=5272) to work on /home/den/Projects/venv/lib/python3.10/site-packages/airflow/example_dags/example_task_group_decorator.py
[2023-11-20T14:40:14.311+0500] {processor.py:829} INFO - Processing file /home/den/Projects/venv/lib/python3.10/site-packages/airflow/example_dags/example_task_group_decorator.py for tasks to queue
[2023-11-20T14:40:14.312+0500] {logging_mixin.py:154} INFO - [2023-11-20T14:40:14.312+0500] {dagbag.py:536} INFO - Filling up the DagBag from /home/den/Projects/venv/lib/python3.10/site-packages/airflow/example_dags/example_task_group_decorator.py
[2023-11-20T14:40:14.323+0500] {processor.py:839} INFO - DAG(s) dict_keys(['example_task_group_decorator']) retrieved from /home/den/Projects/venv/lib/python3.10/site-packages/airflow/example_dags/example_task_group_decorator.py
[2023-11-20T14:40:14.335+0500] {logging_mixin.py:154} INFO - [2023-11-20T14:40:14.335+0500] {dag.py:2941} INFO - Sync 1 DAGs
[2023-11-20T14:40:14.347+0500] {logging_mixin.py:154} INFO - [2023-11-20T14:40:14.347+0500] {dag.py:3722} INFO - Setting next_dagrun for example_task_group_decorator to 2023-11-19T09:40:14.346857+00:00, run_after=2023-11-20T09:40:14.346857+00:00
[2023-11-20T14:40:14.363+0500] {processor.py:179} INFO - Processing /home/den/Projects/venv/lib/python3.10/site-packages/airflow/example_dags/example_task_group_decorator.py took 0.058 seconds
[2023-11-20T14:49:48.121+0500] {processor.py:157} INFO - Started process (PID=6365) to work on /home/den/Projects/venv/lib/python3.10/site-packages/airflow/example_dags/example_task_group_decorator.py
[2023-11-20T14:49:48.123+0500] {processor.py:829} INFO - Processing file /home/den/Projects/venv/lib/python3.10/site-packages/airflow/example_dags/example_task_group_decorator.py for tasks to queue
[2023-11-20T14:49:48.123+0500] {logging_mixin.py:154} INFO - [2023-11-20T14:49:48.123+0500] {dagbag.py:536} INFO - Filling up the DagBag from /home/den/Projects/venv/lib/python3.10/site-packages/airflow/example_dags/example_task_group_decorator.py
[2023-11-20T14:49:48.135+0500] {processor.py:839} INFO - DAG(s) dict_keys(['example_task_group_decorator']) retrieved from /home/den/Projects/venv/lib/python3.10/site-packages/airflow/example_dags/example_task_group_decorator.py
[2023-11-20T14:49:48.150+0500] {logging_mixin.py:154} INFO - [2023-11-20T14:49:48.150+0500] {dag.py:2941} INFO - Sync 1 DAGs
[2023-11-20T14:49:48.162+0500] {logging_mixin.py:154} INFO - [2023-11-20T14:49:48.162+0500] {dag.py:3722} INFO - Setting next_dagrun for example_task_group_decorator to 2023-11-19T09:49:48.161886+00:00, run_after=2023-11-20T09:49:48.161886+00:00
[2023-11-20T14:49:48.179+0500] {processor.py:179} INFO - Processing /home/den/Projects/venv/lib/python3.10/site-packages/airflow/example_dags/example_task_group_decorator.py took 0.061 seconds
[2023-11-20T14:50:38.739+0500] {processor.py:157} INFO - Started process (PID=6547) to work on /home/den/Projects/venv/lib/python3.10/site-packages/airflow/example_dags/example_task_group_decorator.py
[2023-11-20T14:50:38.741+0500] {processor.py:829} INFO - Processing file /home/den/Projects/venv/lib/python3.10/site-packages/airflow/example_dags/example_task_group_decorator.py for tasks to queue
[2023-11-20T14:50:38.742+0500] {logging_mixin.py:154} INFO - [2023-11-20T14:50:38.742+0500] {dagbag.py:536} INFO - Filling up the DagBag from /home/den/Projects/venv/lib/python3.10/site-packages/airflow/example_dags/example_task_group_decorator.py
[2023-11-20T14:50:38.775+0500] {processor.py:839} INFO - DAG(s) dict_keys(['example_task_group_decorator']) retrieved from /home/den/Projects/venv/lib/python3.10/site-packages/airflow/example_dags/example_task_group_decorator.py
[2023-11-20T14:50:38.795+0500] {logging_mixin.py:154} INFO - [2023-11-20T14:50:38.795+0500] {dag.py:2941} INFO - Sync 1 DAGs
[2023-11-20T14:50:38.818+0500] {logging_mixin.py:154} INFO - [2023-11-20T14:50:38.814+0500] {dag.py:3722} INFO - Setting next_dagrun for example_task_group_decorator to 2023-11-19T09:50:38.814623+00:00, run_after=2023-11-20T09:50:38.814623+00:00
[2023-11-20T14:50:38.868+0500] {processor.py:179} INFO - Processing /home/den/Projects/venv/lib/python3.10/site-packages/airflow/example_dags/example_task_group_decorator.py took 0.132 seconds
[2023-11-20T14:51:25.266+0500] {processor.py:157} INFO - Started process (PID=6612) to work on /home/den/Projects/venv/lib/python3.10/site-packages/airflow/example_dags/example_task_group_decorator.py
[2023-11-20T14:51:25.268+0500] {processor.py:829} INFO - Processing file /home/den/Projects/venv/lib/python3.10/site-packages/airflow/example_dags/example_task_group_decorator.py for tasks to queue
[2023-11-20T14:51:25.268+0500] {logging_mixin.py:154} INFO - [2023-11-20T14:51:25.268+0500] {dagbag.py:536} INFO - Filling up the DagBag from /home/den/Projects/venv/lib/python3.10/site-packages/airflow/example_dags/example_task_group_decorator.py
[2023-11-20T14:51:25.280+0500] {processor.py:839} INFO - DAG(s) dict_keys(['example_task_group_decorator']) retrieved from /home/den/Projects/venv/lib/python3.10/site-packages/airflow/example_dags/example_task_group_decorator.py
[2023-11-20T14:51:25.294+0500] {logging_mixin.py:154} INFO - [2023-11-20T14:51:25.294+0500] {dag.py:2941} INFO - Sync 1 DAGs
[2023-11-20T14:51:25.310+0500] {logging_mixin.py:154} INFO - [2023-11-20T14:51:25.309+0500] {dag.py:3722} INFO - Setting next_dagrun for example_task_group_decorator to 2023-11-19T09:51:25.309709+00:00, run_after=2023-11-20T09:51:25.309709+00:00
[2023-11-20T14:51:25.329+0500] {processor.py:179} INFO - Processing /home/den/Projects/venv/lib/python3.10/site-packages/airflow/example_dags/example_task_group_decorator.py took 0.066 seconds
[2023-11-20T14:52:05.050+0500] {processor.py:157} INFO - Started process (PID=6732) to work on /home/den/Projects/venv/lib/python3.10/site-packages/airflow/example_dags/example_task_group_decorator.py
[2023-11-20T14:52:05.055+0500] {processor.py:829} INFO - Processing file /home/den/Projects/venv/lib/python3.10/site-packages/airflow/example_dags/example_task_group_decorator.py for tasks to queue
[2023-11-20T14:52:05.056+0500] {logging_mixin.py:154} INFO - [2023-11-20T14:52:05.056+0500] {dagbag.py:536} INFO - Filling up the DagBag from /home/den/Projects/venv/lib/python3.10/site-packages/airflow/example_dags/example_task_group_decorator.py
[2023-11-20T14:52:05.093+0500] {processor.py:839} INFO - DAG(s) dict_keys(['example_task_group_decorator']) retrieved from /home/den/Projects/venv/lib/python3.10/site-packages/airflow/example_dags/example_task_group_decorator.py
[2023-11-20T14:52:05.141+0500] {logging_mixin.py:154} INFO - [2023-11-20T14:52:05.141+0500] {dag.py:2941} INFO - Sync 1 DAGs
[2023-11-20T14:52:05.188+0500] {logging_mixin.py:154} INFO - [2023-11-20T14:52:05.188+0500] {dag.py:3722} INFO - Setting next_dagrun for example_task_group_decorator to 2023-11-19T09:52:05.185925+00:00, run_after=2023-11-20T09:52:05.185925+00:00
[2023-11-20T14:52:05.244+0500] {processor.py:179} INFO - Processing /home/den/Projects/venv/lib/python3.10/site-packages/airflow/example_dags/example_task_group_decorator.py took 0.198 seconds
[2023-11-20T14:53:04.070+0500] {processor.py:157} INFO - Started process (PID=6981) to work on /home/den/Projects/venv/lib/python3.10/site-packages/airflow/example_dags/example_task_group_decorator.py
[2023-11-20T14:53:04.080+0500] {processor.py:829} INFO - Processing file /home/den/Projects/venv/lib/python3.10/site-packages/airflow/example_dags/example_task_group_decorator.py for tasks to queue
[2023-11-20T14:53:04.082+0500] {logging_mixin.py:154} INFO - [2023-11-20T14:53:04.082+0500] {dagbag.py:536} INFO - Filling up the DagBag from /home/den/Projects/venv/lib/python3.10/site-packages/airflow/example_dags/example_task_group_decorator.py
[2023-11-20T14:53:04.095+0500] {processor.py:839} INFO - DAG(s) dict_keys(['example_task_group_decorator']) retrieved from /home/den/Projects/venv/lib/python3.10/site-packages/airflow/example_dags/example_task_group_decorator.py
[2023-11-20T14:53:04.111+0500] {logging_mixin.py:154} INFO - [2023-11-20T14:53:04.111+0500] {dag.py:2941} INFO - Sync 1 DAGs
[2023-11-20T14:53:04.125+0500] {logging_mixin.py:154} INFO - [2023-11-20T14:53:04.125+0500] {dag.py:3722} INFO - Setting next_dagrun for example_task_group_decorator to 2023-11-19T09:53:04.125558+00:00, run_after=2023-11-20T09:53:04.125558+00:00
[2023-11-20T14:53:04.171+0500] {processor.py:179} INFO - Processing /home/den/Projects/venv/lib/python3.10/site-packages/airflow/example_dags/example_task_group_decorator.py took 0.103 seconds
[2023-11-20T14:54:40.998+0500] {processor.py:157} INFO - Started process (PID=7479) to work on /home/den/Projects/venv/lib/python3.10/site-packages/airflow/example_dags/example_task_group_decorator.py
[2023-11-20T14:54:41.000+0500] {processor.py:829} INFO - Processing file /home/den/Projects/venv/lib/python3.10/site-packages/airflow/example_dags/example_task_group_decorator.py for tasks to queue
[2023-11-20T14:54:41.000+0500] {logging_mixin.py:154} INFO - [2023-11-20T14:54:41.000+0500] {dagbag.py:536} INFO - Filling up the DagBag from /home/den/Projects/venv/lib/python3.10/site-packages/airflow/example_dags/example_task_group_decorator.py
[2023-11-20T14:54:41.018+0500] {processor.py:839} INFO - DAG(s) dict_keys(['example_task_group_decorator']) retrieved from /home/den/Projects/venv/lib/python3.10/site-packages/airflow/example_dags/example_task_group_decorator.py
[2023-11-20T14:54:41.036+0500] {logging_mixin.py:154} INFO - [2023-11-20T14:54:41.036+0500] {dag.py:2941} INFO - Sync 1 DAGs
[2023-11-20T14:54:41.048+0500] {logging_mixin.py:154} INFO - [2023-11-20T14:54:41.048+0500] {dag.py:3722} INFO - Setting next_dagrun for example_task_group_decorator to 2023-11-19T09:54:41.048377+00:00, run_after=2023-11-20T09:54:41.048377+00:00
[2023-11-20T14:54:41.066+0500] {processor.py:179} INFO - Processing /home/den/Projects/venv/lib/python3.10/site-packages/airflow/example_dags/example_task_group_decorator.py took 0.071 seconds
[2023-11-20T14:57:23.701+0500] {processor.py:157} INFO - Started process (PID=7643) to work on /home/den/Projects/venv/lib/python3.10/site-packages/airflow/example_dags/example_task_group_decorator.py
[2023-11-20T14:57:23.702+0500] {processor.py:829} INFO - Processing file /home/den/Projects/venv/lib/python3.10/site-packages/airflow/example_dags/example_task_group_decorator.py for tasks to queue
[2023-11-20T14:57:23.703+0500] {logging_mixin.py:154} INFO - [2023-11-20T14:57:23.703+0500] {dagbag.py:536} INFO - Filling up the DagBag from /home/den/Projects/venv/lib/python3.10/site-packages/airflow/example_dags/example_task_group_decorator.py
[2023-11-20T14:57:23.728+0500] {processor.py:839} INFO - DAG(s) dict_keys(['example_task_group_decorator']) retrieved from /home/den/Projects/venv/lib/python3.10/site-packages/airflow/example_dags/example_task_group_decorator.py
[2023-11-20T14:57:23.752+0500] {logging_mixin.py:154} INFO - [2023-11-20T14:57:23.752+0500] {dag.py:2941} INFO - Sync 1 DAGs
[2023-11-20T14:57:23.764+0500] {logging_mixin.py:154} INFO - [2023-11-20T14:57:23.764+0500] {dag.py:3722} INFO - Setting next_dagrun for example_task_group_decorator to 2023-11-19T09:57:23.764530+00:00, run_after=2023-11-20T09:57:23.764530+00:00
[2023-11-20T14:57:23.782+0500] {processor.py:179} INFO - Processing /home/den/Projects/venv/lib/python3.10/site-packages/airflow/example_dags/example_task_group_decorator.py took 0.084 seconds
[2023-11-20T14:58:08.993+0500] {processor.py:157} INFO - Started process (PID=7730) to work on /home/den/Projects/venv/lib/python3.10/site-packages/airflow/example_dags/example_task_group_decorator.py
[2023-11-20T14:58:09.003+0500] {processor.py:829} INFO - Processing file /home/den/Projects/venv/lib/python3.10/site-packages/airflow/example_dags/example_task_group_decorator.py for tasks to queue
[2023-11-20T14:58:09.009+0500] {logging_mixin.py:154} INFO - [2023-11-20T14:58:09.004+0500] {dagbag.py:536} INFO - Filling up the DagBag from /home/den/Projects/venv/lib/python3.10/site-packages/airflow/example_dags/example_task_group_decorator.py
[2023-11-20T14:58:09.031+0500] {processor.py:839} INFO - DAG(s) dict_keys(['example_task_group_decorator']) retrieved from /home/den/Projects/venv/lib/python3.10/site-packages/airflow/example_dags/example_task_group_decorator.py
[2023-11-20T14:58:09.052+0500] {logging_mixin.py:154} INFO - [2023-11-20T14:58:09.052+0500] {dag.py:2941} INFO - Sync 1 DAGs
[2023-11-20T14:58:09.086+0500] {logging_mixin.py:154} INFO - [2023-11-20T14:58:09.086+0500] {dag.py:3722} INFO - Setting next_dagrun for example_task_group_decorator to 2023-11-19T09:58:09.086124+00:00, run_after=2023-11-20T09:58:09.086124+00:00
[2023-11-20T14:58:09.109+0500] {processor.py:179} INFO - Processing /home/den/Projects/venv/lib/python3.10/site-packages/airflow/example_dags/example_task_group_decorator.py took 0.119 seconds
[2023-11-20T14:58:55.368+0500] {processor.py:157} INFO - Started process (PID=7808) to work on /home/den/Projects/venv/lib/python3.10/site-packages/airflow/example_dags/example_task_group_decorator.py
[2023-11-20T14:58:55.369+0500] {processor.py:829} INFO - Processing file /home/den/Projects/venv/lib/python3.10/site-packages/airflow/example_dags/example_task_group_decorator.py for tasks to queue
[2023-11-20T14:58:55.370+0500] {logging_mixin.py:154} INFO - [2023-11-20T14:58:55.369+0500] {dagbag.py:536} INFO - Filling up the DagBag from /home/den/Projects/venv/lib/python3.10/site-packages/airflow/example_dags/example_task_group_decorator.py
[2023-11-20T14:58:55.404+0500] {processor.py:839} INFO - DAG(s) dict_keys(['example_task_group_decorator']) retrieved from /home/den/Projects/venv/lib/python3.10/site-packages/airflow/example_dags/example_task_group_decorator.py
[2023-11-20T14:58:55.421+0500] {logging_mixin.py:154} INFO - [2023-11-20T14:58:55.421+0500] {dag.py:2941} INFO - Sync 1 DAGs
[2023-11-20T14:58:55.440+0500] {logging_mixin.py:154} INFO - [2023-11-20T14:58:55.440+0500] {dag.py:3722} INFO - Setting next_dagrun for example_task_group_decorator to 2023-11-19T09:58:55.440468+00:00, run_after=2023-11-20T09:58:55.440468+00:00
[2023-11-20T14:58:55.469+0500] {processor.py:179} INFO - Processing /home/den/Projects/venv/lib/python3.10/site-packages/airflow/example_dags/example_task_group_decorator.py took 0.107 seconds
[2023-11-20T14:59:40.913+0500] {processor.py:157} INFO - Started process (PID=7867) to work on /home/den/Projects/venv/lib/python3.10/site-packages/airflow/example_dags/example_task_group_decorator.py
[2023-11-20T14:59:40.914+0500] {processor.py:829} INFO - Processing file /home/den/Projects/venv/lib/python3.10/site-packages/airflow/example_dags/example_task_group_decorator.py for tasks to queue
[2023-11-20T14:59:40.914+0500] {logging_mixin.py:154} INFO - [2023-11-20T14:59:40.914+0500] {dagbag.py:536} INFO - Filling up the DagBag from /home/den/Projects/venv/lib/python3.10/site-packages/airflow/example_dags/example_task_group_decorator.py
[2023-11-20T14:59:40.925+0500] {processor.py:839} INFO - DAG(s) dict_keys(['example_task_group_decorator']) retrieved from /home/den/Projects/venv/lib/python3.10/site-packages/airflow/example_dags/example_task_group_decorator.py
[2023-11-20T14:59:40.938+0500] {logging_mixin.py:154} INFO - [2023-11-20T14:59:40.938+0500] {dag.py:2941} INFO - Sync 1 DAGs
[2023-11-20T14:59:40.951+0500] {logging_mixin.py:154} INFO - [2023-11-20T14:59:40.951+0500] {dag.py:3722} INFO - Setting next_dagrun for example_task_group_decorator to 2023-11-19T09:59:40.951082+00:00, run_after=2023-11-20T09:59:40.951082+00:00
[2023-11-20T14:59:40.977+0500] {processor.py:179} INFO - Processing /home/den/Projects/venv/lib/python3.10/site-packages/airflow/example_dags/example_task_group_decorator.py took 0.068 seconds
[2023-11-20T15:00:32.653+0500] {processor.py:157} INFO - Started process (PID=7966) to work on /home/den/Projects/venv/lib/python3.10/site-packages/airflow/example_dags/example_task_group_decorator.py
[2023-11-20T15:00:32.654+0500] {processor.py:829} INFO - Processing file /home/den/Projects/venv/lib/python3.10/site-packages/airflow/example_dags/example_task_group_decorator.py for tasks to queue
[2023-11-20T15:00:32.655+0500] {logging_mixin.py:154} INFO - [2023-11-20T15:00:32.655+0500] {dagbag.py:536} INFO - Filling up the DagBag from /home/den/Projects/venv/lib/python3.10/site-packages/airflow/example_dags/example_task_group_decorator.py
[2023-11-20T15:00:32.670+0500] {processor.py:839} INFO - DAG(s) dict_keys(['example_task_group_decorator']) retrieved from /home/den/Projects/venv/lib/python3.10/site-packages/airflow/example_dags/example_task_group_decorator.py
[2023-11-20T15:00:32.700+0500] {logging_mixin.py:154} INFO - [2023-11-20T15:00:32.700+0500] {dag.py:2941} INFO - Sync 1 DAGs
[2023-11-20T15:00:32.728+0500] {logging_mixin.py:154} INFO - [2023-11-20T15:00:32.728+0500] {dag.py:3722} INFO - Setting next_dagrun for example_task_group_decorator to 2023-11-19T10:00:32.728021+00:00, run_after=2023-11-20T10:00:32.728021+00:00
[2023-11-20T15:00:32.764+0500] {processor.py:179} INFO - Processing /home/den/Projects/venv/lib/python3.10/site-packages/airflow/example_dags/example_task_group_decorator.py took 0.115 seconds
[2023-11-20T15:01:08.480+0500] {processor.py:157} INFO - Started process (PID=8014) to work on /home/den/Projects/venv/lib/python3.10/site-packages/airflow/example_dags/example_task_group_decorator.py
[2023-11-20T15:01:08.482+0500] {processor.py:829} INFO - Processing file /home/den/Projects/venv/lib/python3.10/site-packages/airflow/example_dags/example_task_group_decorator.py for tasks to queue
[2023-11-20T15:01:08.483+0500] {logging_mixin.py:154} INFO - [2023-11-20T15:01:08.483+0500] {dagbag.py:536} INFO - Filling up the DagBag from /home/den/Projects/venv/lib/python3.10/site-packages/airflow/example_dags/example_task_group_decorator.py
[2023-11-20T15:01:08.512+0500] {processor.py:839} INFO - DAG(s) dict_keys(['example_task_group_decorator']) retrieved from /home/den/Projects/venv/lib/python3.10/site-packages/airflow/example_dags/example_task_group_decorator.py
[2023-11-20T15:01:08.532+0500] {logging_mixin.py:154} INFO - [2023-11-20T15:01:08.531+0500] {dag.py:2941} INFO - Sync 1 DAGs
[2023-11-20T15:01:08.551+0500] {logging_mixin.py:154} INFO - [2023-11-20T15:01:08.550+0500] {dag.py:3722} INFO - Setting next_dagrun for example_task_group_decorator to 2023-11-19T10:01:08.550803+00:00, run_after=2023-11-20T10:01:08.550803+00:00
[2023-11-20T15:01:08.584+0500] {processor.py:179} INFO - Processing /home/den/Projects/venv/lib/python3.10/site-packages/airflow/example_dags/example_task_group_decorator.py took 0.107 seconds
[2023-11-20T15:02:14.964+0500] {processor.py:157} INFO - Started process (PID=8134) to work on /home/den/Projects/venv/lib/python3.10/site-packages/airflow/example_dags/example_task_group_decorator.py
[2023-11-20T15:02:14.975+0500] {processor.py:829} INFO - Processing file /home/den/Projects/venv/lib/python3.10/site-packages/airflow/example_dags/example_task_group_decorator.py for tasks to queue
[2023-11-20T15:02:14.976+0500] {logging_mixin.py:154} INFO - [2023-11-20T15:02:14.975+0500] {dagbag.py:536} INFO - Filling up the DagBag from /home/den/Projects/venv/lib/python3.10/site-packages/airflow/example_dags/example_task_group_decorator.py
[2023-11-20T15:02:15.031+0500] {processor.py:839} INFO - DAG(s) dict_keys(['example_task_group_decorator']) retrieved from /home/den/Projects/venv/lib/python3.10/site-packages/airflow/example_dags/example_task_group_decorator.py
[2023-11-20T15:02:15.069+0500] {logging_mixin.py:154} INFO - [2023-11-20T15:02:15.069+0500] {dag.py:2941} INFO - Sync 1 DAGs
[2023-11-20T15:02:15.132+0500] {logging_mixin.py:154} INFO - [2023-11-20T15:02:15.132+0500] {dag.py:3722} INFO - Setting next_dagrun for example_task_group_decorator to 2023-11-19T10:02:15.127767+00:00, run_after=2023-11-20T10:02:15.127767+00:00
[2023-11-20T15:02:15.178+0500] {processor.py:179} INFO - Processing /home/den/Projects/venv/lib/python3.10/site-packages/airflow/example_dags/example_task_group_decorator.py took 0.224 seconds
[2023-11-20T15:03:11.426+0500] {processor.py:157} INFO - Started process (PID=8218) to work on /home/den/Projects/venv/lib/python3.10/site-packages/airflow/example_dags/example_task_group_decorator.py
[2023-11-20T15:03:11.428+0500] {processor.py:829} INFO - Processing file /home/den/Projects/venv/lib/python3.10/site-packages/airflow/example_dags/example_task_group_decorator.py for tasks to queue
[2023-11-20T15:03:11.429+0500] {logging_mixin.py:154} INFO - [2023-11-20T15:03:11.429+0500] {dagbag.py:536} INFO - Filling up the DagBag from /home/den/Projects/venv/lib/python3.10/site-packages/airflow/example_dags/example_task_group_decorator.py
[2023-11-20T15:03:11.489+0500] {processor.py:839} INFO - DAG(s) dict_keys(['example_task_group_decorator']) retrieved from /home/den/Projects/venv/lib/python3.10/site-packages/airflow/example_dags/example_task_group_decorator.py
[2023-11-20T15:03:11.526+0500] {logging_mixin.py:154} INFO - [2023-11-20T15:03:11.526+0500] {dag.py:2941} INFO - Sync 1 DAGs
[2023-11-20T15:03:11.553+0500] {logging_mixin.py:154} INFO - [2023-11-20T15:03:11.553+0500] {dag.py:3722} INFO - Setting next_dagrun for example_task_group_decorator to 2023-11-19T10:03:11.552946+00:00, run_after=2023-11-20T10:03:11.552946+00:00
[2023-11-20T15:03:11.599+0500] {processor.py:179} INFO - Processing /home/den/Projects/venv/lib/python3.10/site-packages/airflow/example_dags/example_task_group_decorator.py took 0.187 seconds
[2023-11-20T15:04:00.726+0500] {processor.py:157} INFO - Started process (PID=8334) to work on /home/den/Projects/venv/lib/python3.10/site-packages/airflow/example_dags/example_task_group_decorator.py
[2023-11-20T15:04:00.728+0500] {processor.py:829} INFO - Processing file /home/den/Projects/venv/lib/python3.10/site-packages/airflow/example_dags/example_task_group_decorator.py for tasks to queue
[2023-11-20T15:04:00.729+0500] {logging_mixin.py:154} INFO - [2023-11-20T15:04:00.729+0500] {dagbag.py:536} INFO - Filling up the DagBag from /home/den/Projects/venv/lib/python3.10/site-packages/airflow/example_dags/example_task_group_decorator.py
[2023-11-20T15:04:00.748+0500] {processor.py:839} INFO - DAG(s) dict_keys(['example_task_group_decorator']) retrieved from /home/den/Projects/venv/lib/python3.10/site-packages/airflow/example_dags/example_task_group_decorator.py
[2023-11-20T15:04:00.771+0500] {logging_mixin.py:154} INFO - [2023-11-20T15:04:00.771+0500] {dag.py:2941} INFO - Sync 1 DAGs
[2023-11-20T15:04:00.785+0500] {logging_mixin.py:154} INFO - [2023-11-20T15:04:00.785+0500] {dag.py:3722} INFO - Setting next_dagrun for example_task_group_decorator to 2023-11-19T10:04:00.785357+00:00, run_after=2023-11-20T10:04:00.785357+00:00
[2023-11-20T15:04:00.827+0500] {processor.py:179} INFO - Processing /home/den/Projects/venv/lib/python3.10/site-packages/airflow/example_dags/example_task_group_decorator.py took 0.106 seconds
[2023-11-20T15:04:38.033+0500] {processor.py:157} INFO - Started process (PID=8381) to work on /home/den/Projects/venv/lib/python3.10/site-packages/airflow/example_dags/example_task_group_decorator.py
[2023-11-20T15:04:38.035+0500] {processor.py:829} INFO - Processing file /home/den/Projects/venv/lib/python3.10/site-packages/airflow/example_dags/example_task_group_decorator.py for tasks to queue
[2023-11-20T15:04:38.036+0500] {logging_mixin.py:154} INFO - [2023-11-20T15:04:38.035+0500] {dagbag.py:536} INFO - Filling up the DagBag from /home/den/Projects/venv/lib/python3.10/site-packages/airflow/example_dags/example_task_group_decorator.py
[2023-11-20T15:04:38.061+0500] {processor.py:839} INFO - DAG(s) dict_keys(['example_task_group_decorator']) retrieved from /home/den/Projects/venv/lib/python3.10/site-packages/airflow/example_dags/example_task_group_decorator.py
[2023-11-20T15:04:38.096+0500] {logging_mixin.py:154} INFO - [2023-11-20T15:04:38.096+0500] {dag.py:2941} INFO - Sync 1 DAGs
[2023-11-20T15:04:38.119+0500] {logging_mixin.py:154} INFO - [2023-11-20T15:04:38.119+0500] {dag.py:3722} INFO - Setting next_dagrun for example_task_group_decorator to 2023-11-19T10:04:38.119120+00:00, run_after=2023-11-20T10:04:38.119120+00:00
[2023-11-20T15:04:38.185+0500] {processor.py:179} INFO - Processing /home/den/Projects/venv/lib/python3.10/site-packages/airflow/example_dags/example_task_group_decorator.py took 0.155 seconds
[2023-11-20T15:05:18.287+0500] {processor.py:157} INFO - Started process (PID=8440) to work on /home/den/Projects/venv/lib/python3.10/site-packages/airflow/example_dags/example_task_group_decorator.py
[2023-11-20T15:05:18.289+0500] {processor.py:829} INFO - Processing file /home/den/Projects/venv/lib/python3.10/site-packages/airflow/example_dags/example_task_group_decorator.py for tasks to queue
[2023-11-20T15:05:18.290+0500] {logging_mixin.py:154} INFO - [2023-11-20T15:05:18.290+0500] {dagbag.py:536} INFO - Filling up the DagBag from /home/den/Projects/venv/lib/python3.10/site-packages/airflow/example_dags/example_task_group_decorator.py
[2023-11-20T15:05:18.315+0500] {processor.py:839} INFO - DAG(s) dict_keys(['example_task_group_decorator']) retrieved from /home/den/Projects/venv/lib/python3.10/site-packages/airflow/example_dags/example_task_group_decorator.py
[2023-11-20T15:05:18.339+0500] {logging_mixin.py:154} INFO - [2023-11-20T15:05:18.339+0500] {dag.py:2941} INFO - Sync 1 DAGs
[2023-11-20T15:05:18.355+0500] {logging_mixin.py:154} INFO - [2023-11-20T15:05:18.355+0500] {dag.py:3722} INFO - Setting next_dagrun for example_task_group_decorator to 2023-11-19T10:05:18.355201+00:00, run_after=2023-11-20T10:05:18.355201+00:00
[2023-11-20T15:05:18.377+0500] {processor.py:179} INFO - Processing /home/den/Projects/venv/lib/python3.10/site-packages/airflow/example_dags/example_task_group_decorator.py took 0.100 seconds
[2023-11-20T15:05:56.677+0500] {processor.py:157} INFO - Started process (PID=8513) to work on /home/den/Projects/venv/lib/python3.10/site-packages/airflow/example_dags/example_task_group_decorator.py
[2023-11-20T15:05:56.696+0500] {processor.py:829} INFO - Processing file /home/den/Projects/venv/lib/python3.10/site-packages/airflow/example_dags/example_task_group_decorator.py for tasks to queue
[2023-11-20T15:05:56.698+0500] {logging_mixin.py:154} INFO - [2023-11-20T15:05:56.698+0500] {dagbag.py:536} INFO - Filling up the DagBag from /home/den/Projects/venv/lib/python3.10/site-packages/airflow/example_dags/example_task_group_decorator.py
[2023-11-20T15:05:56.722+0500] {processor.py:839} INFO - DAG(s) dict_keys(['example_task_group_decorator']) retrieved from /home/den/Projects/venv/lib/python3.10/site-packages/airflow/example_dags/example_task_group_decorator.py
[2023-11-20T15:05:56.744+0500] {logging_mixin.py:154} INFO - [2023-11-20T15:05:56.744+0500] {dag.py:2941} INFO - Sync 1 DAGs
[2023-11-20T15:05:56.760+0500] {logging_mixin.py:154} INFO - [2023-11-20T15:05:56.760+0500] {dag.py:3722} INFO - Setting next_dagrun for example_task_group_decorator to 2023-11-19T10:05:56.760423+00:00, run_after=2023-11-20T10:05:56.760423+00:00
[2023-11-20T15:05:56.797+0500] {processor.py:179} INFO - Processing /home/den/Projects/venv/lib/python3.10/site-packages/airflow/example_dags/example_task_group_decorator.py took 0.123 seconds
[2023-11-20T15:06:33.454+0500] {processor.py:157} INFO - Started process (PID=8561) to work on /home/den/Projects/venv/lib/python3.10/site-packages/airflow/example_dags/example_task_group_decorator.py
[2023-11-20T15:06:33.457+0500] {processor.py:829} INFO - Processing file /home/den/Projects/venv/lib/python3.10/site-packages/airflow/example_dags/example_task_group_decorator.py for tasks to queue
[2023-11-20T15:06:33.458+0500] {logging_mixin.py:154} INFO - [2023-11-20T15:06:33.457+0500] {dagbag.py:536} INFO - Filling up the DagBag from /home/den/Projects/venv/lib/python3.10/site-packages/airflow/example_dags/example_task_group_decorator.py
[2023-11-20T15:06:33.475+0500] {processor.py:839} INFO - DAG(s) dict_keys(['example_task_group_decorator']) retrieved from /home/den/Projects/venv/lib/python3.10/site-packages/airflow/example_dags/example_task_group_decorator.py
[2023-11-20T15:06:33.505+0500] {logging_mixin.py:154} INFO - [2023-11-20T15:06:33.505+0500] {dag.py:2941} INFO - Sync 1 DAGs
[2023-11-20T15:06:33.525+0500] {logging_mixin.py:154} INFO - [2023-11-20T15:06:33.525+0500] {dag.py:3722} INFO - Setting next_dagrun for example_task_group_decorator to 2023-11-19T10:06:33.524863+00:00, run_after=2023-11-20T10:06:33.524863+00:00
[2023-11-20T15:06:33.555+0500] {processor.py:179} INFO - Processing /home/den/Projects/venv/lib/python3.10/site-packages/airflow/example_dags/example_task_group_decorator.py took 0.105 seconds
[2023-11-20T15:07:13.223+0500] {processor.py:157} INFO - Started process (PID=8613) to work on /home/den/Projects/venv/lib/python3.10/site-packages/airflow/example_dags/example_task_group_decorator.py
[2023-11-20T15:07:13.228+0500] {processor.py:829} INFO - Processing file /home/den/Projects/venv/lib/python3.10/site-packages/airflow/example_dags/example_task_group_decorator.py for tasks to queue
[2023-11-20T15:07:13.229+0500] {logging_mixin.py:154} INFO - [2023-11-20T15:07:13.228+0500] {dagbag.py:536} INFO - Filling up the DagBag from /home/den/Projects/venv/lib/python3.10/site-packages/airflow/example_dags/example_task_group_decorator.py
[2023-11-20T15:07:13.252+0500] {processor.py:839} INFO - DAG(s) dict_keys(['example_task_group_decorator']) retrieved from /home/den/Projects/venv/lib/python3.10/site-packages/airflow/example_dags/example_task_group_decorator.py
[2023-11-20T15:07:13.277+0500] {logging_mixin.py:154} INFO - [2023-11-20T15:07:13.277+0500] {dag.py:2941} INFO - Sync 1 DAGs
[2023-11-20T15:07:13.304+0500] {logging_mixin.py:154} INFO - [2023-11-20T15:07:13.304+0500] {dag.py:3722} INFO - Setting next_dagrun for example_task_group_decorator to 2023-11-19T10:07:13.304106+00:00, run_after=2023-11-20T10:07:13.304106+00:00
[2023-11-20T15:07:13.334+0500] {processor.py:179} INFO - Processing /home/den/Projects/venv/lib/python3.10/site-packages/airflow/example_dags/example_task_group_decorator.py took 0.115 seconds
[2023-11-20T15:07:59.231+0500] {processor.py:157} INFO - Started process (PID=8713) to work on /home/den/Projects/venv/lib/python3.10/site-packages/airflow/example_dags/example_task_group_decorator.py
[2023-11-20T15:07:59.233+0500] {processor.py:829} INFO - Processing file /home/den/Projects/venv/lib/python3.10/site-packages/airflow/example_dags/example_task_group_decorator.py for tasks to queue
[2023-11-20T15:07:59.235+0500] {logging_mixin.py:154} INFO - [2023-11-20T15:07:59.234+0500] {dagbag.py:536} INFO - Filling up the DagBag from /home/den/Projects/venv/lib/python3.10/site-packages/airflow/example_dags/example_task_group_decorator.py
[2023-11-20T15:07:59.257+0500] {processor.py:839} INFO - DAG(s) dict_keys(['example_task_group_decorator']) retrieved from /home/den/Projects/venv/lib/python3.10/site-packages/airflow/example_dags/example_task_group_decorator.py
[2023-11-20T15:07:59.277+0500] {logging_mixin.py:154} INFO - [2023-11-20T15:07:59.277+0500] {dag.py:2941} INFO - Sync 1 DAGs
[2023-11-20T15:07:59.302+0500] {logging_mixin.py:154} INFO - [2023-11-20T15:07:59.301+0500] {dag.py:3722} INFO - Setting next_dagrun for example_task_group_decorator to 2023-11-19T10:07:59.301396+00:00, run_after=2023-11-20T10:07:59.301396+00:00
[2023-11-20T15:07:59.328+0500] {processor.py:179} INFO - Processing /home/den/Projects/venv/lib/python3.10/site-packages/airflow/example_dags/example_task_group_decorator.py took 0.102 seconds
[2023-11-20T15:08:44.032+0500] {processor.py:157} INFO - Started process (PID=8774) to work on /home/den/Projects/venv/lib/python3.10/site-packages/airflow/example_dags/example_task_group_decorator.py
[2023-11-20T15:08:44.041+0500] {processor.py:829} INFO - Processing file /home/den/Projects/venv/lib/python3.10/site-packages/airflow/example_dags/example_task_group_decorator.py for tasks to queue
[2023-11-20T15:08:44.042+0500] {logging_mixin.py:154} INFO - [2023-11-20T15:08:44.042+0500] {dagbag.py:536} INFO - Filling up the DagBag from /home/den/Projects/venv/lib/python3.10/site-packages/airflow/example_dags/example_task_group_decorator.py
[2023-11-20T15:08:44.059+0500] {processor.py:839} INFO - DAG(s) dict_keys(['example_task_group_decorator']) retrieved from /home/den/Projects/venv/lib/python3.10/site-packages/airflow/example_dags/example_task_group_decorator.py
[2023-11-20T15:08:44.073+0500] {logging_mixin.py:154} INFO - [2023-11-20T15:08:44.073+0500] {dag.py:2941} INFO - Sync 1 DAGs
[2023-11-20T15:08:44.087+0500] {logging_mixin.py:154} INFO - [2023-11-20T15:08:44.086+0500] {dag.py:3722} INFO - Setting next_dagrun for example_task_group_decorator to 2023-11-19T10:08:44.086794+00:00, run_after=2023-11-20T10:08:44.086794+00:00
[2023-11-20T15:08:44.113+0500] {processor.py:179} INFO - Processing /home/den/Projects/venv/lib/python3.10/site-packages/airflow/example_dags/example_task_group_decorator.py took 0.084 seconds
[2023-11-20T15:09:24.776+0500] {processor.py:157} INFO - Started process (PID=8835) to work on /home/den/Projects/venv/lib/python3.10/site-packages/airflow/example_dags/example_task_group_decorator.py
[2023-11-20T15:09:24.780+0500] {processor.py:829} INFO - Processing file /home/den/Projects/venv/lib/python3.10/site-packages/airflow/example_dags/example_task_group_decorator.py for tasks to queue
[2023-11-20T15:09:24.781+0500] {logging_mixin.py:154} INFO - [2023-11-20T15:09:24.780+0500] {dagbag.py:536} INFO - Filling up the DagBag from /home/den/Projects/venv/lib/python3.10/site-packages/airflow/example_dags/example_task_group_decorator.py
[2023-11-20T15:09:24.798+0500] {processor.py:839} INFO - DAG(s) dict_keys(['example_task_group_decorator']) retrieved from /home/den/Projects/venv/lib/python3.10/site-packages/airflow/example_dags/example_task_group_decorator.py
[2023-11-20T15:09:24.833+0500] {logging_mixin.py:154} INFO - [2023-11-20T15:09:24.833+0500] {dag.py:2941} INFO - Sync 1 DAGs
[2023-11-20T15:09:24.856+0500] {logging_mixin.py:154} INFO - [2023-11-20T15:09:24.856+0500] {dag.py:3722} INFO - Setting next_dagrun for example_task_group_decorator to 2023-11-19T10:09:24.855758+00:00, run_after=2023-11-20T10:09:24.855758+00:00
[2023-11-20T15:09:24.897+0500] {processor.py:179} INFO - Processing /home/den/Projects/venv/lib/python3.10/site-packages/airflow/example_dags/example_task_group_decorator.py took 0.125 seconds
[2023-11-20T15:10:05.895+0500] {processor.py:157} INFO - Started process (PID=8909) to work on /home/den/Projects/venv/lib/python3.10/site-packages/airflow/example_dags/example_task_group_decorator.py
[2023-11-20T15:10:05.901+0500] {processor.py:829} INFO - Processing file /home/den/Projects/venv/lib/python3.10/site-packages/airflow/example_dags/example_task_group_decorator.py for tasks to queue
[2023-11-20T15:10:05.903+0500] {logging_mixin.py:154} INFO - [2023-11-20T15:10:05.902+0500] {dagbag.py:536} INFO - Filling up the DagBag from /home/den/Projects/venv/lib/python3.10/site-packages/airflow/example_dags/example_task_group_decorator.py
[2023-11-20T15:10:05.918+0500] {processor.py:839} INFO - DAG(s) dict_keys(['example_task_group_decorator']) retrieved from /home/den/Projects/venv/lib/python3.10/site-packages/airflow/example_dags/example_task_group_decorator.py
[2023-11-20T15:10:05.933+0500] {logging_mixin.py:154} INFO - [2023-11-20T15:10:05.933+0500] {dag.py:2941} INFO - Sync 1 DAGs
[2023-11-20T15:10:05.947+0500] {logging_mixin.py:154} INFO - [2023-11-20T15:10:05.946+0500] {dag.py:3722} INFO - Setting next_dagrun for example_task_group_decorator to 2023-11-19T10:10:05.946687+00:00, run_after=2023-11-20T10:10:05.946687+00:00
[2023-11-20T15:10:05.967+0500] {processor.py:179} INFO - Processing /home/den/Projects/venv/lib/python3.10/site-packages/airflow/example_dags/example_task_group_decorator.py took 0.077 seconds
[2023-11-20T15:10:46.289+0500] {processor.py:157} INFO - Started process (PID=8959) to work on /home/den/Projects/venv/lib/python3.10/site-packages/airflow/example_dags/example_task_group_decorator.py
[2023-11-20T15:10:46.293+0500] {processor.py:829} INFO - Processing file /home/den/Projects/venv/lib/python3.10/site-packages/airflow/example_dags/example_task_group_decorator.py for tasks to queue
[2023-11-20T15:10:46.294+0500] {logging_mixin.py:154} INFO - [2023-11-20T15:10:46.294+0500] {dagbag.py:536} INFO - Filling up the DagBag from /home/den/Projects/venv/lib/python3.10/site-packages/airflow/example_dags/example_task_group_decorator.py
[2023-11-20T15:10:46.314+0500] {processor.py:839} INFO - DAG(s) dict_keys(['example_task_group_decorator']) retrieved from /home/den/Projects/venv/lib/python3.10/site-packages/airflow/example_dags/example_task_group_decorator.py
[2023-11-20T15:10:46.342+0500] {logging_mixin.py:154} INFO - [2023-11-20T15:10:46.342+0500] {dag.py:2941} INFO - Sync 1 DAGs
[2023-11-20T15:10:46.367+0500] {logging_mixin.py:154} INFO - [2023-11-20T15:10:46.367+0500] {dag.py:3722} INFO - Setting next_dagrun for example_task_group_decorator to 2023-11-19T10:10:46.366734+00:00, run_after=2023-11-20T10:10:46.366734+00:00
[2023-11-20T15:10:46.413+0500] {processor.py:179} INFO - Processing /home/den/Projects/venv/lib/python3.10/site-packages/airflow/example_dags/example_task_group_decorator.py took 0.131 seconds
[2023-11-20T15:11:34.731+0500] {processor.py:157} INFO - Started process (PID=9027) to work on /home/den/Projects/venv/lib/python3.10/site-packages/airflow/example_dags/example_task_group_decorator.py
[2023-11-20T15:11:34.736+0500] {processor.py:829} INFO - Processing file /home/den/Projects/venv/lib/python3.10/site-packages/airflow/example_dags/example_task_group_decorator.py for tasks to queue
[2023-11-20T15:11:34.737+0500] {logging_mixin.py:154} INFO - [2023-11-20T15:11:34.737+0500] {dagbag.py:536} INFO - Filling up the DagBag from /home/den/Projects/venv/lib/python3.10/site-packages/airflow/example_dags/example_task_group_decorator.py
[2023-11-20T15:11:34.751+0500] {processor.py:839} INFO - DAG(s) dict_keys(['example_task_group_decorator']) retrieved from /home/den/Projects/venv/lib/python3.10/site-packages/airflow/example_dags/example_task_group_decorator.py
[2023-11-20T15:11:34.795+0500] {logging_mixin.py:154} INFO - [2023-11-20T15:11:34.794+0500] {dag.py:2941} INFO - Sync 1 DAGs
[2023-11-20T15:11:34.816+0500] {logging_mixin.py:154} INFO - [2023-11-20T15:11:34.816+0500] {dag.py:3722} INFO - Setting next_dagrun for example_task_group_decorator to 2023-11-19T10:11:34.816332+00:00, run_after=2023-11-20T10:11:34.816332+00:00
[2023-11-20T15:11:34.852+0500] {processor.py:179} INFO - Processing /home/den/Projects/venv/lib/python3.10/site-packages/airflow/example_dags/example_task_group_decorator.py took 0.128 seconds
[2023-11-20T15:12:11.886+0500] {processor.py:157} INFO - Started process (PID=9101) to work on /home/den/Projects/venv/lib/python3.10/site-packages/airflow/example_dags/example_task_group_decorator.py
[2023-11-20T15:12:11.891+0500] {processor.py:829} INFO - Processing file /home/den/Projects/venv/lib/python3.10/site-packages/airflow/example_dags/example_task_group_decorator.py for tasks to queue
[2023-11-20T15:12:11.891+0500] {logging_mixin.py:154} INFO - [2023-11-20T15:12:11.891+0500] {dagbag.py:536} INFO - Filling up the DagBag from /home/den/Projects/venv/lib/python3.10/site-packages/airflow/example_dags/example_task_group_decorator.py
[2023-11-20T15:12:11.910+0500] {processor.py:839} INFO - DAG(s) dict_keys(['example_task_group_decorator']) retrieved from /home/den/Projects/venv/lib/python3.10/site-packages/airflow/example_dags/example_task_group_decorator.py
[2023-11-20T15:12:11.930+0500] {logging_mixin.py:154} INFO - [2023-11-20T15:12:11.930+0500] {dag.py:2941} INFO - Sync 1 DAGs
[2023-11-20T15:12:11.954+0500] {logging_mixin.py:154} INFO - [2023-11-20T15:12:11.954+0500] {dag.py:3722} INFO - Setting next_dagrun for example_task_group_decorator to 2023-11-19T10:12:11.953919+00:00, run_after=2023-11-20T10:12:11.953919+00:00
[2023-11-20T15:12:11.990+0500] {processor.py:179} INFO - Processing /home/den/Projects/venv/lib/python3.10/site-packages/airflow/example_dags/example_task_group_decorator.py took 0.107 seconds
[2023-11-20T15:12:48.513+0500] {processor.py:157} INFO - Started process (PID=9147) to work on /home/den/Projects/venv/lib/python3.10/site-packages/airflow/example_dags/example_task_group_decorator.py
[2023-11-20T15:12:48.519+0500] {processor.py:829} INFO - Processing file /home/den/Projects/venv/lib/python3.10/site-packages/airflow/example_dags/example_task_group_decorator.py for tasks to queue
[2023-11-20T15:12:48.521+0500] {logging_mixin.py:154} INFO - [2023-11-20T15:12:48.520+0500] {dagbag.py:536} INFO - Filling up the DagBag from /home/den/Projects/venv/lib/python3.10/site-packages/airflow/example_dags/example_task_group_decorator.py
[2023-11-20T15:12:48.553+0500] {processor.py:839} INFO - DAG(s) dict_keys(['example_task_group_decorator']) retrieved from /home/den/Projects/venv/lib/python3.10/site-packages/airflow/example_dags/example_task_group_decorator.py
[2023-11-20T15:12:48.600+0500] {logging_mixin.py:154} INFO - [2023-11-20T15:12:48.600+0500] {dag.py:2941} INFO - Sync 1 DAGs
[2023-11-20T15:12:48.623+0500] {logging_mixin.py:154} INFO - [2023-11-20T15:12:48.623+0500] {dag.py:3722} INFO - Setting next_dagrun for example_task_group_decorator to 2023-11-19T10:12:48.623073+00:00, run_after=2023-11-20T10:12:48.623073+00:00
[2023-11-20T15:12:48.675+0500] {processor.py:179} INFO - Processing /home/den/Projects/venv/lib/python3.10/site-packages/airflow/example_dags/example_task_group_decorator.py took 0.166 seconds
[2023-11-20T15:13:25.373+0500] {processor.py:157} INFO - Started process (PID=9210) to work on /home/den/Projects/venv/lib/python3.10/site-packages/airflow/example_dags/example_task_group_decorator.py
[2023-11-20T15:13:25.375+0500] {processor.py:829} INFO - Processing file /home/den/Projects/venv/lib/python3.10/site-packages/airflow/example_dags/example_task_group_decorator.py for tasks to queue
[2023-11-20T15:13:25.376+0500] {logging_mixin.py:154} INFO - [2023-11-20T15:13:25.376+0500] {dagbag.py:536} INFO - Filling up the DagBag from /home/den/Projects/venv/lib/python3.10/site-packages/airflow/example_dags/example_task_group_decorator.py
[2023-11-20T15:13:25.399+0500] {processor.py:839} INFO - DAG(s) dict_keys(['example_task_group_decorator']) retrieved from /home/den/Projects/venv/lib/python3.10/site-packages/airflow/example_dags/example_task_group_decorator.py
[2023-11-20T15:13:25.420+0500] {logging_mixin.py:154} INFO - [2023-11-20T15:13:25.420+0500] {dag.py:2941} INFO - Sync 1 DAGs
[2023-11-20T15:13:25.453+0500] {logging_mixin.py:154} INFO - [2023-11-20T15:13:25.452+0500] {dag.py:3722} INFO - Setting next_dagrun for example_task_group_decorator to 2023-11-19T10:13:25.452615+00:00, run_after=2023-11-20T10:13:25.452615+00:00
[2023-11-20T15:13:25.491+0500] {processor.py:179} INFO - Processing /home/den/Projects/venv/lib/python3.10/site-packages/airflow/example_dags/example_task_group_decorator.py took 0.122 seconds
[2023-11-20T15:14:02.123+0500] {processor.py:157} INFO - Started process (PID=9286) to work on /home/den/Projects/venv/lib/python3.10/site-packages/airflow/example_dags/example_task_group_decorator.py
[2023-11-20T15:14:02.124+0500] {processor.py:829} INFO - Processing file /home/den/Projects/venv/lib/python3.10/site-packages/airflow/example_dags/example_task_group_decorator.py for tasks to queue
[2023-11-20T15:14:02.126+0500] {logging_mixin.py:154} INFO - [2023-11-20T15:14:02.125+0500] {dagbag.py:536} INFO - Filling up the DagBag from /home/den/Projects/venv/lib/python3.10/site-packages/airflow/example_dags/example_task_group_decorator.py
[2023-11-20T15:14:02.153+0500] {processor.py:839} INFO - DAG(s) dict_keys(['example_task_group_decorator']) retrieved from /home/den/Projects/venv/lib/python3.10/site-packages/airflow/example_dags/example_task_group_decorator.py
[2023-11-20T15:14:02.177+0500] {logging_mixin.py:154} INFO - [2023-11-20T15:14:02.177+0500] {dag.py:2941} INFO - Sync 1 DAGs
[2023-11-20T15:14:02.206+0500] {logging_mixin.py:154} INFO - [2023-11-20T15:14:02.206+0500] {dag.py:3722} INFO - Setting next_dagrun for example_task_group_decorator to 2023-11-19T10:14:02.206495+00:00, run_after=2023-11-20T10:14:02.206495+00:00
[2023-11-20T15:14:02.242+0500] {processor.py:179} INFO - Processing /home/den/Projects/venv/lib/python3.10/site-packages/airflow/example_dags/example_task_group_decorator.py took 0.122 seconds
[2023-11-20T15:14:41.022+0500] {processor.py:157} INFO - Started process (PID=9335) to work on /home/den/Projects/venv/lib/python3.10/site-packages/airflow/example_dags/example_task_group_decorator.py
[2023-11-20T15:14:41.023+0500] {processor.py:829} INFO - Processing file /home/den/Projects/venv/lib/python3.10/site-packages/airflow/example_dags/example_task_group_decorator.py for tasks to queue
[2023-11-20T15:14:41.024+0500] {logging_mixin.py:154} INFO - [2023-11-20T15:14:41.024+0500] {dagbag.py:536} INFO - Filling up the DagBag from /home/den/Projects/venv/lib/python3.10/site-packages/airflow/example_dags/example_task_group_decorator.py
[2023-11-20T15:14:41.049+0500] {processor.py:839} INFO - DAG(s) dict_keys(['example_task_group_decorator']) retrieved from /home/den/Projects/venv/lib/python3.10/site-packages/airflow/example_dags/example_task_group_decorator.py
[2023-11-20T15:14:41.074+0500] {logging_mixin.py:154} INFO - [2023-11-20T15:14:41.073+0500] {dag.py:2941} INFO - Sync 1 DAGs
[2023-11-20T15:14:41.097+0500] {logging_mixin.py:154} INFO - [2023-11-20T15:14:41.097+0500] {dag.py:3722} INFO - Setting next_dagrun for example_task_group_decorator to 2023-11-19T10:14:41.096785+00:00, run_after=2023-11-20T10:14:41.096785+00:00
[2023-11-20T15:14:41.139+0500] {processor.py:179} INFO - Processing /home/den/Projects/venv/lib/python3.10/site-packages/airflow/example_dags/example_task_group_decorator.py took 0.121 seconds
[2023-11-20T15:15:17.158+0500] {processor.py:157} INFO - Started process (PID=9388) to work on /home/den/Projects/venv/lib/python3.10/site-packages/airflow/example_dags/example_task_group_decorator.py
[2023-11-20T15:15:17.161+0500] {processor.py:829} INFO - Processing file /home/den/Projects/venv/lib/python3.10/site-packages/airflow/example_dags/example_task_group_decorator.py for tasks to queue
[2023-11-20T15:15:17.162+0500] {logging_mixin.py:154} INFO - [2023-11-20T15:15:17.161+0500] {dagbag.py:536} INFO - Filling up the DagBag from /home/den/Projects/venv/lib/python3.10/site-packages/airflow/example_dags/example_task_group_decorator.py
[2023-11-20T15:15:17.186+0500] {processor.py:839} INFO - DAG(s) dict_keys(['example_task_group_decorator']) retrieved from /home/den/Projects/venv/lib/python3.10/site-packages/airflow/example_dags/example_task_group_decorator.py
[2023-11-20T15:15:17.203+0500] {logging_mixin.py:154} INFO - [2023-11-20T15:15:17.202+0500] {dag.py:2941} INFO - Sync 1 DAGs
[2023-11-20T15:15:17.217+0500] {logging_mixin.py:154} INFO - [2023-11-20T15:15:17.217+0500] {dag.py:3722} INFO - Setting next_dagrun for example_task_group_decorator to 2023-11-19T10:15:17.216835+00:00, run_after=2023-11-20T10:15:17.216835+00:00
[2023-11-20T15:15:17.235+0500] {processor.py:179} INFO - Processing /home/den/Projects/venv/lib/python3.10/site-packages/airflow/example_dags/example_task_group_decorator.py took 0.081 seconds
[2023-11-20T15:16:06.563+0500] {processor.py:157} INFO - Started process (PID=9483) to work on /home/den/Projects/venv/lib/python3.10/site-packages/airflow/example_dags/example_task_group_decorator.py
[2023-11-20T15:16:06.564+0500] {processor.py:829} INFO - Processing file /home/den/Projects/venv/lib/python3.10/site-packages/airflow/example_dags/example_task_group_decorator.py for tasks to queue
[2023-11-20T15:16:06.565+0500] {logging_mixin.py:154} INFO - [2023-11-20T15:16:06.564+0500] {dagbag.py:536} INFO - Filling up the DagBag from /home/den/Projects/venv/lib/python3.10/site-packages/airflow/example_dags/example_task_group_decorator.py
[2023-11-20T15:16:06.579+0500] {processor.py:839} INFO - DAG(s) dict_keys(['example_task_group_decorator']) retrieved from /home/den/Projects/venv/lib/python3.10/site-packages/airflow/example_dags/example_task_group_decorator.py
[2023-11-20T15:16:06.595+0500] {logging_mixin.py:154} INFO - [2023-11-20T15:16:06.595+0500] {dag.py:2941} INFO - Sync 1 DAGs
[2023-11-20T15:16:06.610+0500] {logging_mixin.py:154} INFO - [2023-11-20T15:16:06.609+0500] {dag.py:3722} INFO - Setting next_dagrun for example_task_group_decorator to 2023-11-19T10:16:06.609759+00:00, run_after=2023-11-20T10:16:06.609759+00:00
[2023-11-20T15:16:06.635+0500] {processor.py:179} INFO - Processing /home/den/Projects/venv/lib/python3.10/site-packages/airflow/example_dags/example_task_group_decorator.py took 0.076 seconds
[2023-11-20T15:16:52.939+0500] {processor.py:157} INFO - Started process (PID=9550) to work on /home/den/Projects/venv/lib/python3.10/site-packages/airflow/example_dags/example_task_group_decorator.py
[2023-11-20T15:16:52.941+0500] {processor.py:829} INFO - Processing file /home/den/Projects/venv/lib/python3.10/site-packages/airflow/example_dags/example_task_group_decorator.py for tasks to queue
[2023-11-20T15:16:52.941+0500] {logging_mixin.py:154} INFO - [2023-11-20T15:16:52.941+0500] {dagbag.py:536} INFO - Filling up the DagBag from /home/den/Projects/venv/lib/python3.10/site-packages/airflow/example_dags/example_task_group_decorator.py
[2023-11-20T15:16:52.952+0500] {processor.py:839} INFO - DAG(s) dict_keys(['example_task_group_decorator']) retrieved from /home/den/Projects/venv/lib/python3.10/site-packages/airflow/example_dags/example_task_group_decorator.py
[2023-11-20T15:16:52.966+0500] {logging_mixin.py:154} INFO - [2023-11-20T15:16:52.966+0500] {dag.py:2941} INFO - Sync 1 DAGs
[2023-11-20T15:16:52.978+0500] {logging_mixin.py:154} INFO - [2023-11-20T15:16:52.978+0500] {dag.py:3722} INFO - Setting next_dagrun for example_task_group_decorator to 2023-11-19T10:16:52.978577+00:00, run_after=2023-11-20T10:16:52.978577+00:00
[2023-11-20T15:16:52.997+0500] {processor.py:179} INFO - Processing /home/den/Projects/venv/lib/python3.10/site-packages/airflow/example_dags/example_task_group_decorator.py took 0.062 seconds
[2023-11-20T15:17:36.915+0500] {processor.py:157} INFO - Started process (PID=9613) to work on /home/den/Projects/venv/lib/python3.10/site-packages/airflow/example_dags/example_task_group_decorator.py
[2023-11-20T15:17:36.917+0500] {processor.py:829} INFO - Processing file /home/den/Projects/venv/lib/python3.10/site-packages/airflow/example_dags/example_task_group_decorator.py for tasks to queue
[2023-11-20T15:17:36.918+0500] {logging_mixin.py:154} INFO - [2023-11-20T15:17:36.918+0500] {dagbag.py:536} INFO - Filling up the DagBag from /home/den/Projects/venv/lib/python3.10/site-packages/airflow/example_dags/example_task_group_decorator.py
[2023-11-20T15:17:36.931+0500] {processor.py:839} INFO - DAG(s) dict_keys(['example_task_group_decorator']) retrieved from /home/den/Projects/venv/lib/python3.10/site-packages/airflow/example_dags/example_task_group_decorator.py
[2023-11-20T15:17:36.946+0500] {logging_mixin.py:154} INFO - [2023-11-20T15:17:36.946+0500] {dag.py:2941} INFO - Sync 1 DAGs
[2023-11-20T15:17:36.963+0500] {logging_mixin.py:154} INFO - [2023-11-20T15:17:36.963+0500] {dag.py:3722} INFO - Setting next_dagrun for example_task_group_decorator to 2023-11-19T10:17:36.963098+00:00, run_after=2023-11-20T10:17:36.963098+00:00
[2023-11-20T15:17:36.983+0500] {processor.py:179} INFO - Processing /home/den/Projects/venv/lib/python3.10/site-packages/airflow/example_dags/example_task_group_decorator.py took 0.071 seconds
[2023-11-20T15:18:30.572+0500] {processor.py:157} INFO - Started process (PID=9711) to work on /home/den/Projects/venv/lib/python3.10/site-packages/airflow/example_dags/example_task_group_decorator.py
[2023-11-20T15:18:30.574+0500] {processor.py:829} INFO - Processing file /home/den/Projects/venv/lib/python3.10/site-packages/airflow/example_dags/example_task_group_decorator.py for tasks to queue
[2023-11-20T15:18:30.575+0500] {logging_mixin.py:154} INFO - [2023-11-20T15:18:30.574+0500] {dagbag.py:536} INFO - Filling up the DagBag from /home/den/Projects/venv/lib/python3.10/site-packages/airflow/example_dags/example_task_group_decorator.py
[2023-11-20T15:18:30.587+0500] {processor.py:839} INFO - DAG(s) dict_keys(['example_task_group_decorator']) retrieved from /home/den/Projects/venv/lib/python3.10/site-packages/airflow/example_dags/example_task_group_decorator.py
[2023-11-20T15:18:30.605+0500] {logging_mixin.py:154} INFO - [2023-11-20T15:18:30.604+0500] {dag.py:2941} INFO - Sync 1 DAGs
[2023-11-20T15:18:30.618+0500] {logging_mixin.py:154} INFO - [2023-11-20T15:18:30.618+0500] {dag.py:3722} INFO - Setting next_dagrun for example_task_group_decorator to 2023-11-19T10:18:30.618120+00:00, run_after=2023-11-20T10:18:30.618120+00:00
[2023-11-20T15:18:30.637+0500] {processor.py:179} INFO - Processing /home/den/Projects/venv/lib/python3.10/site-packages/airflow/example_dags/example_task_group_decorator.py took 0.069 seconds
[2023-11-20T15:19:17.693+0500] {processor.py:157} INFO - Started process (PID=9773) to work on /home/den/Projects/venv/lib/python3.10/site-packages/airflow/example_dags/example_task_group_decorator.py
[2023-11-20T15:19:17.695+0500] {processor.py:829} INFO - Processing file /home/den/Projects/venv/lib/python3.10/site-packages/airflow/example_dags/example_task_group_decorator.py for tasks to queue
[2023-11-20T15:19:17.696+0500] {logging_mixin.py:154} INFO - [2023-11-20T15:19:17.695+0500] {dagbag.py:536} INFO - Filling up the DagBag from /home/den/Projects/venv/lib/python3.10/site-packages/airflow/example_dags/example_task_group_decorator.py
[2023-11-20T15:19:17.707+0500] {processor.py:839} INFO - DAG(s) dict_keys(['example_task_group_decorator']) retrieved from /home/den/Projects/venv/lib/python3.10/site-packages/airflow/example_dags/example_task_group_decorator.py
[2023-11-20T15:19:17.720+0500] {logging_mixin.py:154} INFO - [2023-11-20T15:19:17.720+0500] {dag.py:2941} INFO - Sync 1 DAGs
[2023-11-20T15:19:17.732+0500] {logging_mixin.py:154} INFO - [2023-11-20T15:19:17.732+0500] {dag.py:3722} INFO - Setting next_dagrun for example_task_group_decorator to 2023-11-19T10:19:17.732435+00:00, run_after=2023-11-20T10:19:17.732435+00:00
[2023-11-20T15:19:17.753+0500] {processor.py:179} INFO - Processing /home/den/Projects/venv/lib/python3.10/site-packages/airflow/example_dags/example_task_group_decorator.py took 0.062 seconds
[2023-11-20T15:20:07.875+0500] {processor.py:157} INFO - Started process (PID=9933) to work on /home/den/Projects/venv/lib/python3.10/site-packages/airflow/example_dags/example_task_group_decorator.py
[2023-11-20T15:20:07.884+0500] {processor.py:829} INFO - Processing file /home/den/Projects/venv/lib/python3.10/site-packages/airflow/example_dags/example_task_group_decorator.py for tasks to queue
[2023-11-20T15:20:07.891+0500] {logging_mixin.py:154} INFO - [2023-11-20T15:20:07.891+0500] {dagbag.py:536} INFO - Filling up the DagBag from /home/den/Projects/venv/lib/python3.10/site-packages/airflow/example_dags/example_task_group_decorator.py
[2023-11-20T15:20:07.916+0500] {processor.py:839} INFO - DAG(s) dict_keys(['example_task_group_decorator']) retrieved from /home/den/Projects/venv/lib/python3.10/site-packages/airflow/example_dags/example_task_group_decorator.py
[2023-11-20T15:20:07.944+0500] {logging_mixin.py:154} INFO - [2023-11-20T15:20:07.943+0500] {dag.py:2941} INFO - Sync 1 DAGs
[2023-11-20T15:20:07.964+0500] {logging_mixin.py:154} INFO - [2023-11-20T15:20:07.964+0500] {dag.py:3722} INFO - Setting next_dagrun for example_task_group_decorator to 2023-11-19T10:20:07.963807+00:00, run_after=2023-11-20T10:20:07.963807+00:00
[2023-11-20T15:20:07.989+0500] {processor.py:179} INFO - Processing /home/den/Projects/venv/lib/python3.10/site-packages/airflow/example_dags/example_task_group_decorator.py took 0.116 seconds
[2023-11-20T15:20:48.884+0500] {processor.py:157} INFO - Started process (PID=9983) to work on /home/den/Projects/venv/lib/python3.10/site-packages/airflow/example_dags/example_task_group_decorator.py
[2023-11-20T15:20:48.890+0500] {processor.py:829} INFO - Processing file /home/den/Projects/venv/lib/python3.10/site-packages/airflow/example_dags/example_task_group_decorator.py for tasks to queue
[2023-11-20T15:20:48.891+0500] {logging_mixin.py:154} INFO - [2023-11-20T15:20:48.891+0500] {dagbag.py:536} INFO - Filling up the DagBag from /home/den/Projects/venv/lib/python3.10/site-packages/airflow/example_dags/example_task_group_decorator.py
[2023-11-20T15:20:48.909+0500] {processor.py:839} INFO - DAG(s) dict_keys(['example_task_group_decorator']) retrieved from /home/den/Projects/venv/lib/python3.10/site-packages/airflow/example_dags/example_task_group_decorator.py
[2023-11-20T15:20:48.932+0500] {logging_mixin.py:154} INFO - [2023-11-20T15:20:48.932+0500] {dag.py:2941} INFO - Sync 1 DAGs
[2023-11-20T15:20:48.955+0500] {logging_mixin.py:154} INFO - [2023-11-20T15:20:48.955+0500] {dag.py:3722} INFO - Setting next_dagrun for example_task_group_decorator to 2023-11-19T10:20:48.955293+00:00, run_after=2023-11-20T10:20:48.955293+00:00
[2023-11-20T15:20:48.996+0500] {processor.py:179} INFO - Processing /home/den/Projects/venv/lib/python3.10/site-packages/airflow/example_dags/example_task_group_decorator.py took 0.117 seconds
[2023-11-20T15:21:31.885+0500] {processor.py:157} INFO - Started process (PID=10048) to work on /home/den/Projects/venv/lib/python3.10/site-packages/airflow/example_dags/example_task_group_decorator.py
[2023-11-20T15:21:31.888+0500] {processor.py:829} INFO - Processing file /home/den/Projects/venv/lib/python3.10/site-packages/airflow/example_dags/example_task_group_decorator.py for tasks to queue
[2023-11-20T15:21:31.889+0500] {logging_mixin.py:154} INFO - [2023-11-20T15:21:31.889+0500] {dagbag.py:536} INFO - Filling up the DagBag from /home/den/Projects/venv/lib/python3.10/site-packages/airflow/example_dags/example_task_group_decorator.py
[2023-11-20T15:21:31.906+0500] {processor.py:839} INFO - DAG(s) dict_keys(['example_task_group_decorator']) retrieved from /home/den/Projects/venv/lib/python3.10/site-packages/airflow/example_dags/example_task_group_decorator.py
[2023-11-20T15:21:31.926+0500] {logging_mixin.py:154} INFO - [2023-11-20T15:21:31.926+0500] {dag.py:2941} INFO - Sync 1 DAGs
[2023-11-20T15:21:31.941+0500] {logging_mixin.py:154} INFO - [2023-11-20T15:21:31.940+0500] {dag.py:3722} INFO - Setting next_dagrun for example_task_group_decorator to 2023-11-19T10:21:31.940639+00:00, run_after=2023-11-20T10:21:31.940639+00:00
[2023-11-20T15:21:31.965+0500] {processor.py:179} INFO - Processing /home/den/Projects/venv/lib/python3.10/site-packages/airflow/example_dags/example_task_group_decorator.py took 0.084 seconds
[2023-11-20T15:22:16.591+0500] {processor.py:157} INFO - Started process (PID=10125) to work on /home/den/Projects/venv/lib/python3.10/site-packages/airflow/example_dags/example_task_group_decorator.py
[2023-11-20T15:22:16.592+0500] {processor.py:829} INFO - Processing file /home/den/Projects/venv/lib/python3.10/site-packages/airflow/example_dags/example_task_group_decorator.py for tasks to queue
[2023-11-20T15:22:16.593+0500] {logging_mixin.py:154} INFO - [2023-11-20T15:22:16.593+0500] {dagbag.py:536} INFO - Filling up the DagBag from /home/den/Projects/venv/lib/python3.10/site-packages/airflow/example_dags/example_task_group_decorator.py
[2023-11-20T15:22:16.619+0500] {processor.py:839} INFO - DAG(s) dict_keys(['example_task_group_decorator']) retrieved from /home/den/Projects/venv/lib/python3.10/site-packages/airflow/example_dags/example_task_group_decorator.py
[2023-11-20T15:22:16.640+0500] {logging_mixin.py:154} INFO - [2023-11-20T15:22:16.640+0500] {dag.py:2941} INFO - Sync 1 DAGs
[2023-11-20T15:22:16.659+0500] {logging_mixin.py:154} INFO - [2023-11-20T15:22:16.659+0500] {dag.py:3722} INFO - Setting next_dagrun for example_task_group_decorator to 2023-11-19T10:22:16.659348+00:00, run_after=2023-11-20T10:22:16.659348+00:00
[2023-11-20T15:22:16.680+0500] {processor.py:179} INFO - Processing /home/den/Projects/venv/lib/python3.10/site-packages/airflow/example_dags/example_task_group_decorator.py took 0.093 seconds
[2023-11-20T15:22:57.182+0500] {processor.py:157} INFO - Started process (PID=10182) to work on /home/den/Projects/venv/lib/python3.10/site-packages/airflow/example_dags/example_task_group_decorator.py
[2023-11-20T15:22:57.189+0500] {processor.py:829} INFO - Processing file /home/den/Projects/venv/lib/python3.10/site-packages/airflow/example_dags/example_task_group_decorator.py for tasks to queue
[2023-11-20T15:22:57.190+0500] {logging_mixin.py:154} INFO - [2023-11-20T15:22:57.190+0500] {dagbag.py:536} INFO - Filling up the DagBag from /home/den/Projects/venv/lib/python3.10/site-packages/airflow/example_dags/example_task_group_decorator.py
[2023-11-20T15:22:57.217+0500] {processor.py:839} INFO - DAG(s) dict_keys(['example_task_group_decorator']) retrieved from /home/den/Projects/venv/lib/python3.10/site-packages/airflow/example_dags/example_task_group_decorator.py
[2023-11-20T15:22:57.241+0500] {logging_mixin.py:154} INFO - [2023-11-20T15:22:57.241+0500] {dag.py:2941} INFO - Sync 1 DAGs
[2023-11-20T15:22:57.273+0500] {logging_mixin.py:154} INFO - [2023-11-20T15:22:57.273+0500] {dag.py:3722} INFO - Setting next_dagrun for example_task_group_decorator to 2023-11-19T10:22:57.272963+00:00, run_after=2023-11-20T10:22:57.272963+00:00
[2023-11-20T15:22:57.301+0500] {processor.py:179} INFO - Processing /home/den/Projects/venv/lib/python3.10/site-packages/airflow/example_dags/example_task_group_decorator.py took 0.122 seconds
[2023-11-20T15:23:37.591+0500] {processor.py:157} INFO - Started process (PID=10254) to work on /home/den/Projects/venv/lib/python3.10/site-packages/airflow/example_dags/example_task_group_decorator.py
[2023-11-20T15:23:37.592+0500] {processor.py:829} INFO - Processing file /home/den/Projects/venv/lib/python3.10/site-packages/airflow/example_dags/example_task_group_decorator.py for tasks to queue
[2023-11-20T15:23:37.593+0500] {logging_mixin.py:154} INFO - [2023-11-20T15:23:37.593+0500] {dagbag.py:536} INFO - Filling up the DagBag from /home/den/Projects/venv/lib/python3.10/site-packages/airflow/example_dags/example_task_group_decorator.py
[2023-11-20T15:23:37.616+0500] {processor.py:839} INFO - DAG(s) dict_keys(['example_task_group_decorator']) retrieved from /home/den/Projects/venv/lib/python3.10/site-packages/airflow/example_dags/example_task_group_decorator.py
[2023-11-20T15:23:37.648+0500] {logging_mixin.py:154} INFO - [2023-11-20T15:23:37.648+0500] {dag.py:2941} INFO - Sync 1 DAGs
[2023-11-20T15:23:37.672+0500] {logging_mixin.py:154} INFO - [2023-11-20T15:23:37.671+0500] {dag.py:3722} INFO - Setting next_dagrun for example_task_group_decorator to 2023-11-19T10:23:37.671490+00:00, run_after=2023-11-20T10:23:37.671490+00:00
[2023-11-20T15:23:37.714+0500] {processor.py:179} INFO - Processing /home/den/Projects/venv/lib/python3.10/site-packages/airflow/example_dags/example_task_group_decorator.py took 0.127 seconds
