[2023-11-20T14:39:41.673+0500] {processor.py:157} INFO - Started process (PID=5213) to work on /home/den/Projects/venv/lib/python3.10/site-packages/airflow/example_dags/example_datasets.py
[2023-11-20T14:39:41.674+0500] {processor.py:829} INFO - Processing file /home/den/Projects/venv/lib/python3.10/site-packages/airflow/example_dags/example_datasets.py for tasks to queue
[2023-11-20T14:39:41.675+0500] {logging_mixin.py:154} INFO - [2023-11-20T14:39:41.675+0500] {dagbag.py:536} INFO - Filling up the DagBag from /home/den/Projects/venv/lib/python3.10/site-packages/airflow/example_dags/example_datasets.py
[2023-11-20T14:39:41.727+0500] {processor.py:839} INFO - DAG(s) dict_keys(['dataset_consumes_1', 'dataset_consumes_1_never_scheduled', 'dataset_consumes_1_and_2', 'dataset_produces_2', 'dataset_consumes_unknown_never_scheduled', 'dataset_produces_1']) retrieved from /home/den/Projects/venv/lib/python3.10/site-packages/airflow/example_dags/example_datasets.py
[2023-11-20T14:39:41.911+0500] {logging_mixin.py:154} INFO - [2023-11-20T14:39:41.911+0500] {manager.py:499} INFO - Created Permission View: %s
[2023-11-20T14:39:41.933+0500] {logging_mixin.py:154} INFO - [2023-11-20T14:39:41.932+0500] {manager.py:499} INFO - Created Permission View: %s
[2023-11-20T14:39:41.953+0500] {logging_mixin.py:154} INFO - [2023-11-20T14:39:41.953+0500] {manager.py:499} INFO - Created Permission View: %s
[2023-11-20T14:39:41.986+0500] {logging_mixin.py:154} INFO - [2023-11-20T14:39:41.985+0500] {manager.py:499} INFO - Created Permission View: %s
[2023-11-20T14:39:42.016+0500] {logging_mixin.py:154} INFO - [2023-11-20T14:39:42.015+0500] {manager.py:499} INFO - Created Permission View: %s
[2023-11-20T14:39:42.039+0500] {logging_mixin.py:154} INFO - [2023-11-20T14:39:42.039+0500] {manager.py:499} INFO - Created Permission View: %s
[2023-11-20T14:39:42.078+0500] {logging_mixin.py:154} INFO - [2023-11-20T14:39:42.078+0500] {manager.py:499} INFO - Created Permission View: %s
[2023-11-20T14:39:42.101+0500] {logging_mixin.py:154} INFO - [2023-11-20T14:39:42.101+0500] {manager.py:499} INFO - Created Permission View: %s
[2023-11-20T14:39:42.115+0500] {logging_mixin.py:154} INFO - [2023-11-20T14:39:42.114+0500] {manager.py:499} INFO - Created Permission View: %s
[2023-11-20T14:39:42.149+0500] {logging_mixin.py:154} INFO - [2023-11-20T14:39:42.149+0500] {manager.py:499} INFO - Created Permission View: %s
[2023-11-20T14:39:42.168+0500] {logging_mixin.py:154} INFO - [2023-11-20T14:39:42.168+0500] {manager.py:499} INFO - Created Permission View: %s
[2023-11-20T14:39:42.188+0500] {logging_mixin.py:154} INFO - [2023-11-20T14:39:42.188+0500] {manager.py:499} INFO - Created Permission View: %s
[2023-11-20T14:39:42.219+0500] {logging_mixin.py:154} INFO - [2023-11-20T14:39:42.219+0500] {manager.py:499} INFO - Created Permission View: %s
[2023-11-20T14:39:42.229+0500] {logging_mixin.py:154} INFO - [2023-11-20T14:39:42.229+0500] {manager.py:499} INFO - Created Permission View: %s
[2023-11-20T14:39:42.240+0500] {logging_mixin.py:154} INFO - [2023-11-20T14:39:42.240+0500] {manager.py:499} INFO - Created Permission View: %s
[2023-11-20T14:39:42.267+0500] {logging_mixin.py:154} INFO - [2023-11-20T14:39:42.267+0500] {manager.py:499} INFO - Created Permission View: %s
[2023-11-20T14:39:42.281+0500] {logging_mixin.py:154} INFO - [2023-11-20T14:39:42.281+0500] {manager.py:499} INFO - Created Permission View: %s
[2023-11-20T14:39:42.294+0500] {logging_mixin.py:154} INFO - [2023-11-20T14:39:42.293+0500] {manager.py:499} INFO - Created Permission View: %s
[2023-11-20T14:39:42.294+0500] {logging_mixin.py:154} INFO - [2023-11-20T14:39:42.294+0500] {dag.py:2941} INFO - Sync 6 DAGs
[2023-11-20T14:39:42.306+0500] {logging_mixin.py:154} INFO - [2023-11-20T14:39:42.305+0500] {dag.py:2963} INFO - Creating ORM DAG for dataset_produces_2
[2023-11-20T14:39:42.306+0500] {logging_mixin.py:154} INFO - [2023-11-20T14:39:42.306+0500] {dag.py:2963} INFO - Creating ORM DAG for dataset_produces_1
[2023-11-20T14:39:42.306+0500] {logging_mixin.py:154} INFO - [2023-11-20T14:39:42.306+0500] {dag.py:2963} INFO - Creating ORM DAG for dataset_consumes_1
[2023-11-20T14:39:42.307+0500] {logging_mixin.py:154} INFO - [2023-11-20T14:39:42.307+0500] {dag.py:2963} INFO - Creating ORM DAG for dataset_consumes_unknown_never_scheduled
[2023-11-20T14:39:42.307+0500] {logging_mixin.py:154} INFO - [2023-11-20T14:39:42.307+0500] {dag.py:2963} INFO - Creating ORM DAG for dataset_consumes_1_never_scheduled
[2023-11-20T14:39:42.307+0500] {logging_mixin.py:154} INFO - [2023-11-20T14:39:42.307+0500] {dag.py:2963} INFO - Creating ORM DAG for dataset_consumes_1_and_2
[2023-11-20T14:39:42.329+0500] {logging_mixin.py:154} INFO - [2023-11-20T14:39:42.329+0500] {dag.py:3722} INFO - Setting next_dagrun for dataset_consumes_1 to None, run_after=None
[2023-11-20T14:39:42.329+0500] {logging_mixin.py:154} INFO - [2023-11-20T14:39:42.329+0500] {dag.py:3722} INFO - Setting next_dagrun for dataset_consumes_1_and_2 to None, run_after=None
[2023-11-20T14:39:42.330+0500] {logging_mixin.py:154} INFO - [2023-11-20T14:39:42.330+0500] {dag.py:3722} INFO - Setting next_dagrun for dataset_consumes_1_never_scheduled to None, run_after=None
[2023-11-20T14:39:42.330+0500] {logging_mixin.py:154} INFO - [2023-11-20T14:39:42.330+0500] {dag.py:3722} INFO - Setting next_dagrun for dataset_consumes_unknown_never_scheduled to None, run_after=None
[2023-11-20T14:39:42.337+0500] {logging_mixin.py:154} INFO - [2023-11-20T14:39:42.337+0500] {dag.py:3722} INFO - Setting next_dagrun for dataset_produces_1 to 2023-11-19T00:00:00+00:00, run_after=2023-11-20T00:00:00+00:00
[2023-11-20T14:39:42.338+0500] {logging_mixin.py:154} INFO - [2023-11-20T14:39:42.338+0500] {dag.py:3722} INFO - Setting next_dagrun for dataset_produces_2 to None, run_after=None
[2023-11-20T14:39:42.405+0500] {processor.py:179} INFO - Processing /home/den/Projects/venv/lib/python3.10/site-packages/airflow/example_dags/example_datasets.py took 0.738 seconds
[2023-11-20T14:40:31.455+0500] {processor.py:157} INFO - Started process (PID=5301) to work on /home/den/Projects/venv/lib/python3.10/site-packages/airflow/example_dags/example_datasets.py
[2023-11-20T14:40:31.457+0500] {processor.py:829} INFO - Processing file /home/den/Projects/venv/lib/python3.10/site-packages/airflow/example_dags/example_datasets.py for tasks to queue
[2023-11-20T14:40:31.458+0500] {logging_mixin.py:154} INFO - [2023-11-20T14:40:31.457+0500] {dagbag.py:536} INFO - Filling up the DagBag from /home/den/Projects/venv/lib/python3.10/site-packages/airflow/example_dags/example_datasets.py
[2023-11-20T14:40:31.466+0500] {processor.py:839} INFO - DAG(s) dict_keys(['dataset_produces_2', 'dataset_consumes_1', 'dataset_consumes_1_and_2', 'dataset_consumes_unknown_never_scheduled', 'dataset_produces_1', 'dataset_consumes_1_never_scheduled']) retrieved from /home/den/Projects/venv/lib/python3.10/site-packages/airflow/example_dags/example_datasets.py
[2023-11-20T14:40:31.484+0500] {logging_mixin.py:154} INFO - [2023-11-20T14:40:31.484+0500] {dag.py:2941} INFO - Sync 6 DAGs
[2023-11-20T14:40:31.501+0500] {logging_mixin.py:154} INFO - [2023-11-20T14:40:31.501+0500] {dag.py:3722} INFO - Setting next_dagrun for dataset_consumes_1 to None, run_after=None
[2023-11-20T14:40:31.506+0500] {logging_mixin.py:154} INFO - [2023-11-20T14:40:31.506+0500] {dag.py:3722} INFO - Setting next_dagrun for dataset_consumes_1_and_2 to None, run_after=None
[2023-11-20T14:40:31.507+0500] {logging_mixin.py:154} INFO - [2023-11-20T14:40:31.507+0500] {dag.py:3722} INFO - Setting next_dagrun for dataset_consumes_1_never_scheduled to None, run_after=None
[2023-11-20T14:40:31.509+0500] {logging_mixin.py:154} INFO - [2023-11-20T14:40:31.509+0500] {dag.py:3722} INFO - Setting next_dagrun for dataset_consumes_unknown_never_scheduled to None, run_after=None
[2023-11-20T14:40:31.511+0500] {logging_mixin.py:154} INFO - [2023-11-20T14:40:31.511+0500] {dag.py:3722} INFO - Setting next_dagrun for dataset_produces_1 to 2023-11-19T00:00:00+00:00, run_after=2023-11-20T00:00:00+00:00
[2023-11-20T14:40:31.512+0500] {logging_mixin.py:154} INFO - [2023-11-20T14:40:31.512+0500] {dag.py:3722} INFO - Setting next_dagrun for dataset_produces_2 to None, run_after=None
[2023-11-20T14:40:31.535+0500] {processor.py:179} INFO - Processing /home/den/Projects/venv/lib/python3.10/site-packages/airflow/example_dags/example_datasets.py took 0.083 seconds
[2023-11-20T14:50:08.645+0500] {processor.py:157} INFO - Started process (PID=6508) to work on /home/den/Projects/venv/lib/python3.10/site-packages/airflow/example_dags/example_datasets.py
[2023-11-20T14:50:08.653+0500] {processor.py:829} INFO - Processing file /home/den/Projects/venv/lib/python3.10/site-packages/airflow/example_dags/example_datasets.py for tasks to queue
[2023-11-20T14:50:08.654+0500] {logging_mixin.py:154} INFO - [2023-11-20T14:50:08.654+0500] {dagbag.py:536} INFO - Filling up the DagBag from /home/den/Projects/venv/lib/python3.10/site-packages/airflow/example_dags/example_datasets.py
[2023-11-20T14:50:08.664+0500] {processor.py:839} INFO - DAG(s) dict_keys(['dataset_consumes_1', 'dataset_consumes_1_never_scheduled', 'dataset_produces_1', 'dataset_produces_2', 'dataset_consumes_1_and_2', 'dataset_consumes_unknown_never_scheduled']) retrieved from /home/den/Projects/venv/lib/python3.10/site-packages/airflow/example_dags/example_datasets.py
[2023-11-20T14:50:08.712+0500] {logging_mixin.py:154} INFO - [2023-11-20T14:50:08.711+0500] {dag.py:2941} INFO - Sync 6 DAGs
[2023-11-20T14:50:08.734+0500] {logging_mixin.py:154} INFO - [2023-11-20T14:50:08.734+0500] {dag.py:3722} INFO - Setting next_dagrun for dataset_consumes_1 to None, run_after=None
[2023-11-20T14:50:08.739+0500] {logging_mixin.py:154} INFO - [2023-11-20T14:50:08.738+0500] {dag.py:3722} INFO - Setting next_dagrun for dataset_consumes_1_and_2 to None, run_after=None
[2023-11-20T14:50:08.739+0500] {logging_mixin.py:154} INFO - [2023-11-20T14:50:08.739+0500] {dag.py:3722} INFO - Setting next_dagrun for dataset_consumes_1_never_scheduled to None, run_after=None
[2023-11-20T14:50:08.740+0500] {logging_mixin.py:154} INFO - [2023-11-20T14:50:08.740+0500] {dag.py:3722} INFO - Setting next_dagrun for dataset_consumes_unknown_never_scheduled to None, run_after=None
[2023-11-20T14:50:08.741+0500] {logging_mixin.py:154} INFO - [2023-11-20T14:50:08.741+0500] {dag.py:3722} INFO - Setting next_dagrun for dataset_produces_1 to 2023-11-19T00:00:00+00:00, run_after=2023-11-20T00:00:00+00:00
[2023-11-20T14:50:08.742+0500] {logging_mixin.py:154} INFO - [2023-11-20T14:50:08.742+0500] {dag.py:3722} INFO - Setting next_dagrun for dataset_produces_2 to None, run_after=None
[2023-11-20T14:50:08.779+0500] {processor.py:179} INFO - Processing /home/den/Projects/venv/lib/python3.10/site-packages/airflow/example_dags/example_datasets.py took 0.137 seconds
[2023-11-20T14:50:57.783+0500] {processor.py:157} INFO - Started process (PID=6575) to work on /home/den/Projects/venv/lib/python3.10/site-packages/airflow/example_dags/example_datasets.py
[2023-11-20T14:50:57.785+0500] {processor.py:829} INFO - Processing file /home/den/Projects/venv/lib/python3.10/site-packages/airflow/example_dags/example_datasets.py for tasks to queue
[2023-11-20T14:50:57.786+0500] {logging_mixin.py:154} INFO - [2023-11-20T14:50:57.786+0500] {dagbag.py:536} INFO - Filling up the DagBag from /home/den/Projects/venv/lib/python3.10/site-packages/airflow/example_dags/example_datasets.py
[2023-11-20T14:50:57.802+0500] {processor.py:839} INFO - DAG(s) dict_keys(['dataset_produces_1', 'dataset_consumes_1_and_2', 'dataset_produces_2', 'dataset_consumes_1', 'dataset_consumes_unknown_never_scheduled', 'dataset_consumes_1_never_scheduled']) retrieved from /home/den/Projects/venv/lib/python3.10/site-packages/airflow/example_dags/example_datasets.py
[2023-11-20T14:50:57.839+0500] {logging_mixin.py:154} INFO - [2023-11-20T14:50:57.839+0500] {dag.py:2941} INFO - Sync 6 DAGs
[2023-11-20T14:50:57.857+0500] {logging_mixin.py:154} INFO - [2023-11-20T14:50:57.857+0500] {dag.py:3722} INFO - Setting next_dagrun for dataset_consumes_1 to None, run_after=None
[2023-11-20T14:50:57.859+0500] {logging_mixin.py:154} INFO - [2023-11-20T14:50:57.859+0500] {dag.py:3722} INFO - Setting next_dagrun for dataset_consumes_1_and_2 to None, run_after=None
[2023-11-20T14:50:57.860+0500] {logging_mixin.py:154} INFO - [2023-11-20T14:50:57.859+0500] {dag.py:3722} INFO - Setting next_dagrun for dataset_consumes_1_never_scheduled to None, run_after=None
[2023-11-20T14:50:57.861+0500] {logging_mixin.py:154} INFO - [2023-11-20T14:50:57.861+0500] {dag.py:3722} INFO - Setting next_dagrun for dataset_consumes_unknown_never_scheduled to None, run_after=None
[2023-11-20T14:50:57.863+0500] {logging_mixin.py:154} INFO - [2023-11-20T14:50:57.863+0500] {dag.py:3722} INFO - Setting next_dagrun for dataset_produces_1 to 2023-11-19T00:00:00+00:00, run_after=2023-11-20T00:00:00+00:00
[2023-11-20T14:50:57.863+0500] {logging_mixin.py:154} INFO - [2023-11-20T14:50:57.863+0500] {dag.py:3722} INFO - Setting next_dagrun for dataset_produces_2 to None, run_after=None
[2023-11-20T14:50:57.894+0500] {processor.py:179} INFO - Processing /home/den/Projects/venv/lib/python3.10/site-packages/airflow/example_dags/example_datasets.py took 0.117 seconds
[2023-11-20T14:51:47.024+0500] {processor.py:157} INFO - Started process (PID=6670) to work on /home/den/Projects/venv/lib/python3.10/site-packages/airflow/example_dags/example_datasets.py
[2023-11-20T14:51:47.026+0500] {processor.py:829} INFO - Processing file /home/den/Projects/venv/lib/python3.10/site-packages/airflow/example_dags/example_datasets.py for tasks to queue
[2023-11-20T14:51:47.026+0500] {logging_mixin.py:154} INFO - [2023-11-20T14:51:47.026+0500] {dagbag.py:536} INFO - Filling up the DagBag from /home/den/Projects/venv/lib/python3.10/site-packages/airflow/example_dags/example_datasets.py
[2023-11-20T14:51:47.033+0500] {processor.py:839} INFO - DAG(s) dict_keys(['dataset_consumes_unknown_never_scheduled', 'dataset_produces_2', 'dataset_consumes_1_and_2', 'dataset_consumes_1', 'dataset_consumes_1_never_scheduled', 'dataset_produces_1']) retrieved from /home/den/Projects/venv/lib/python3.10/site-packages/airflow/example_dags/example_datasets.py
[2023-11-20T14:51:47.051+0500] {logging_mixin.py:154} INFO - [2023-11-20T14:51:47.050+0500] {dag.py:2941} INFO - Sync 6 DAGs
[2023-11-20T14:51:47.063+0500] {logging_mixin.py:154} INFO - [2023-11-20T14:51:47.062+0500] {dag.py:3722} INFO - Setting next_dagrun for dataset_consumes_1 to None, run_after=None
[2023-11-20T14:51:47.064+0500] {logging_mixin.py:154} INFO - [2023-11-20T14:51:47.064+0500] {dag.py:3722} INFO - Setting next_dagrun for dataset_consumes_1_and_2 to None, run_after=None
[2023-11-20T14:51:47.065+0500] {logging_mixin.py:154} INFO - [2023-11-20T14:51:47.065+0500] {dag.py:3722} INFO - Setting next_dagrun for dataset_consumes_1_never_scheduled to None, run_after=None
[2023-11-20T14:51:47.065+0500] {logging_mixin.py:154} INFO - [2023-11-20T14:51:47.065+0500] {dag.py:3722} INFO - Setting next_dagrun for dataset_consumes_unknown_never_scheduled to None, run_after=None
[2023-11-20T14:51:47.067+0500] {logging_mixin.py:154} INFO - [2023-11-20T14:51:47.067+0500] {dag.py:3722} INFO - Setting next_dagrun for dataset_produces_1 to 2023-11-19T00:00:00+00:00, run_after=2023-11-20T00:00:00+00:00
[2023-11-20T14:51:47.067+0500] {logging_mixin.py:154} INFO - [2023-11-20T14:51:47.067+0500] {dag.py:3722} INFO - Setting next_dagrun for dataset_produces_2 to None, run_after=None
[2023-11-20T14:51:47.089+0500] {processor.py:179} INFO - Processing /home/den/Projects/venv/lib/python3.10/site-packages/airflow/example_dags/example_datasets.py took 0.068 seconds
[2023-11-20T14:53:25.887+0500] {processor.py:157} INFO - Started process (PID=7386) to work on /home/den/Projects/venv/lib/python3.10/site-packages/airflow/example_dags/example_datasets.py
[2023-11-20T14:53:25.894+0500] {processor.py:829} INFO - Processing file /home/den/Projects/venv/lib/python3.10/site-packages/airflow/example_dags/example_datasets.py for tasks to queue
[2023-11-20T14:53:25.896+0500] {logging_mixin.py:154} INFO - [2023-11-20T14:53:25.896+0500] {dagbag.py:536} INFO - Filling up the DagBag from /home/den/Projects/venv/lib/python3.10/site-packages/airflow/example_dags/example_datasets.py
[2023-11-20T14:53:25.916+0500] {processor.py:839} INFO - DAG(s) dict_keys(['dataset_produces_2', 'dataset_consumes_1', 'dataset_produces_1', 'dataset_consumes_1_and_2', 'dataset_consumes_unknown_never_scheduled', 'dataset_consumes_1_never_scheduled']) retrieved from /home/den/Projects/venv/lib/python3.10/site-packages/airflow/example_dags/example_datasets.py
[2023-11-20T14:53:25.972+0500] {logging_mixin.py:154} INFO - [2023-11-20T14:53:25.972+0500] {dag.py:2941} INFO - Sync 6 DAGs
[2023-11-20T14:53:26.015+0500] {logging_mixin.py:154} INFO - [2023-11-20T14:53:26.015+0500] {dag.py:3722} INFO - Setting next_dagrun for dataset_consumes_1 to None, run_after=None
[2023-11-20T14:53:26.023+0500] {logging_mixin.py:154} INFO - [2023-11-20T14:53:26.022+0500] {dag.py:3722} INFO - Setting next_dagrun for dataset_consumes_1_and_2 to None, run_after=None
[2023-11-20T14:53:26.023+0500] {logging_mixin.py:154} INFO - [2023-11-20T14:53:26.023+0500] {dag.py:3722} INFO - Setting next_dagrun for dataset_consumes_1_never_scheduled to None, run_after=None
[2023-11-20T14:53:26.024+0500] {logging_mixin.py:154} INFO - [2023-11-20T14:53:26.024+0500] {dag.py:3722} INFO - Setting next_dagrun for dataset_consumes_unknown_never_scheduled to None, run_after=None
[2023-11-20T14:53:26.026+0500] {logging_mixin.py:154} INFO - [2023-11-20T14:53:26.025+0500] {dag.py:3722} INFO - Setting next_dagrun for dataset_produces_1 to 2023-11-19T00:00:00+00:00, run_after=2023-11-20T00:00:00+00:00
[2023-11-20T14:53:26.026+0500] {logging_mixin.py:154} INFO - [2023-11-20T14:53:26.026+0500] {dag.py:3722} INFO - Setting next_dagrun for dataset_produces_2 to None, run_after=None
[2023-11-20T14:53:26.067+0500] {processor.py:179} INFO - Processing /home/den/Projects/venv/lib/python3.10/site-packages/airflow/example_dags/example_datasets.py took 0.183 seconds
[2023-11-20T14:54:58.713+0500] {processor.py:157} INFO - Started process (PID=7508) to work on /home/den/Projects/venv/lib/python3.10/site-packages/airflow/example_dags/example_datasets.py
[2023-11-20T14:54:58.715+0500] {processor.py:829} INFO - Processing file /home/den/Projects/venv/lib/python3.10/site-packages/airflow/example_dags/example_datasets.py for tasks to queue
[2023-11-20T14:54:58.716+0500] {logging_mixin.py:154} INFO - [2023-11-20T14:54:58.715+0500] {dagbag.py:536} INFO - Filling up the DagBag from /home/den/Projects/venv/lib/python3.10/site-packages/airflow/example_dags/example_datasets.py
[2023-11-20T14:54:58.724+0500] {processor.py:839} INFO - DAG(s) dict_keys(['dataset_consumes_unknown_never_scheduled', 'dataset_consumes_1_and_2', 'dataset_produces_1', 'dataset_consumes_1_never_scheduled', 'dataset_produces_2', 'dataset_consumes_1']) retrieved from /home/den/Projects/venv/lib/python3.10/site-packages/airflow/example_dags/example_datasets.py
[2023-11-20T14:54:58.743+0500] {logging_mixin.py:154} INFO - [2023-11-20T14:54:58.743+0500] {dag.py:2941} INFO - Sync 6 DAGs
[2023-11-20T14:54:58.758+0500] {logging_mixin.py:154} INFO - [2023-11-20T14:54:58.758+0500] {dag.py:3722} INFO - Setting next_dagrun for dataset_consumes_1 to None, run_after=None
[2023-11-20T14:54:58.760+0500] {logging_mixin.py:154} INFO - [2023-11-20T14:54:58.760+0500] {dag.py:3722} INFO - Setting next_dagrun for dataset_consumes_1_and_2 to None, run_after=None
[2023-11-20T14:54:58.761+0500] {logging_mixin.py:154} INFO - [2023-11-20T14:54:58.761+0500] {dag.py:3722} INFO - Setting next_dagrun for dataset_consumes_1_never_scheduled to None, run_after=None
[2023-11-20T14:54:58.761+0500] {logging_mixin.py:154} INFO - [2023-11-20T14:54:58.761+0500] {dag.py:3722} INFO - Setting next_dagrun for dataset_consumes_unknown_never_scheduled to None, run_after=None
[2023-11-20T14:54:58.763+0500] {logging_mixin.py:154} INFO - [2023-11-20T14:54:58.763+0500] {dag.py:3722} INFO - Setting next_dagrun for dataset_produces_1 to 2023-11-19T00:00:00+00:00, run_after=2023-11-20T00:00:00+00:00
[2023-11-20T14:54:58.764+0500] {logging_mixin.py:154} INFO - [2023-11-20T14:54:58.763+0500] {dag.py:3722} INFO - Setting next_dagrun for dataset_produces_2 to None, run_after=None
[2023-11-20T14:54:58.788+0500] {processor.py:179} INFO - Processing /home/den/Projects/venv/lib/python3.10/site-packages/airflow/example_dags/example_datasets.py took 0.078 seconds
[2023-11-20T14:57:41.814+0500] {processor.py:157} INFO - Started process (PID=7663) to work on /home/den/Projects/venv/lib/python3.10/site-packages/airflow/example_dags/example_datasets.py
[2023-11-20T14:57:41.816+0500] {processor.py:829} INFO - Processing file /home/den/Projects/venv/lib/python3.10/site-packages/airflow/example_dags/example_datasets.py for tasks to queue
[2023-11-20T14:57:41.817+0500] {logging_mixin.py:154} INFO - [2023-11-20T14:57:41.816+0500] {dagbag.py:536} INFO - Filling up the DagBag from /home/den/Projects/venv/lib/python3.10/site-packages/airflow/example_dags/example_datasets.py
[2023-11-20T14:57:41.826+0500] {processor.py:839} INFO - DAG(s) dict_keys(['dataset_consumes_unknown_never_scheduled', 'dataset_consumes_1_never_scheduled', 'dataset_consumes_1', 'dataset_consumes_1_and_2', 'dataset_produces_1', 'dataset_produces_2']) retrieved from /home/den/Projects/venv/lib/python3.10/site-packages/airflow/example_dags/example_datasets.py
[2023-11-20T14:57:41.848+0500] {logging_mixin.py:154} INFO - [2023-11-20T14:57:41.848+0500] {dag.py:2941} INFO - Sync 6 DAGs
[2023-11-20T14:57:41.862+0500] {logging_mixin.py:154} INFO - [2023-11-20T14:57:41.862+0500] {dag.py:3722} INFO - Setting next_dagrun for dataset_consumes_1 to None, run_after=None
[2023-11-20T14:57:41.864+0500] {logging_mixin.py:154} INFO - [2023-11-20T14:57:41.864+0500] {dag.py:3722} INFO - Setting next_dagrun for dataset_consumes_1_and_2 to None, run_after=None
[2023-11-20T14:57:41.864+0500] {logging_mixin.py:154} INFO - [2023-11-20T14:57:41.864+0500] {dag.py:3722} INFO - Setting next_dagrun for dataset_consumes_1_never_scheduled to None, run_after=None
[2023-11-20T14:57:41.865+0500] {logging_mixin.py:154} INFO - [2023-11-20T14:57:41.865+0500] {dag.py:3722} INFO - Setting next_dagrun for dataset_consumes_unknown_never_scheduled to None, run_after=None
[2023-11-20T14:57:41.866+0500] {logging_mixin.py:154} INFO - [2023-11-20T14:57:41.866+0500] {dag.py:3722} INFO - Setting next_dagrun for dataset_produces_1 to 2023-11-19T00:00:00+00:00, run_after=2023-11-20T00:00:00+00:00
[2023-11-20T14:57:41.867+0500] {logging_mixin.py:154} INFO - [2023-11-20T14:57:41.867+0500] {dag.py:3722} INFO - Setting next_dagrun for dataset_produces_2 to None, run_after=None
[2023-11-20T14:57:41.889+0500] {processor.py:179} INFO - Processing /home/den/Projects/venv/lib/python3.10/site-packages/airflow/example_dags/example_datasets.py took 0.077 seconds
[2023-11-20T14:58:28.076+0500] {processor.py:157} INFO - Started process (PID=7769) to work on /home/den/Projects/venv/lib/python3.10/site-packages/airflow/example_dags/example_datasets.py
[2023-11-20T14:58:28.078+0500] {processor.py:829} INFO - Processing file /home/den/Projects/venv/lib/python3.10/site-packages/airflow/example_dags/example_datasets.py for tasks to queue
[2023-11-20T14:58:28.079+0500] {logging_mixin.py:154} INFO - [2023-11-20T14:58:28.079+0500] {dagbag.py:536} INFO - Filling up the DagBag from /home/den/Projects/venv/lib/python3.10/site-packages/airflow/example_dags/example_datasets.py
[2023-11-20T14:58:28.088+0500] {processor.py:839} INFO - DAG(s) dict_keys(['dataset_consumes_1', 'dataset_consumes_1_never_scheduled', 'dataset_consumes_unknown_never_scheduled', 'dataset_produces_1', 'dataset_produces_2', 'dataset_consumes_1_and_2']) retrieved from /home/den/Projects/venv/lib/python3.10/site-packages/airflow/example_dags/example_datasets.py
[2023-11-20T14:58:28.109+0500] {logging_mixin.py:154} INFO - [2023-11-20T14:58:28.109+0500] {dag.py:2941} INFO - Sync 6 DAGs
[2023-11-20T14:58:28.124+0500] {logging_mixin.py:154} INFO - [2023-11-20T14:58:28.124+0500] {dag.py:3722} INFO - Setting next_dagrun for dataset_consumes_1 to None, run_after=None
[2023-11-20T14:58:28.126+0500] {logging_mixin.py:154} INFO - [2023-11-20T14:58:28.126+0500] {dag.py:3722} INFO - Setting next_dagrun for dataset_consumes_1_and_2 to None, run_after=None
[2023-11-20T14:58:28.127+0500] {logging_mixin.py:154} INFO - [2023-11-20T14:58:28.127+0500] {dag.py:3722} INFO - Setting next_dagrun for dataset_consumes_1_never_scheduled to None, run_after=None
[2023-11-20T14:58:28.128+0500] {logging_mixin.py:154} INFO - [2023-11-20T14:58:28.128+0500] {dag.py:3722} INFO - Setting next_dagrun for dataset_consumes_unknown_never_scheduled to None, run_after=None
[2023-11-20T14:58:28.129+0500] {logging_mixin.py:154} INFO - [2023-11-20T14:58:28.129+0500] {dag.py:3722} INFO - Setting next_dagrun for dataset_produces_1 to 2023-11-19T00:00:00+00:00, run_after=2023-11-20T00:00:00+00:00
[2023-11-20T14:58:28.130+0500] {logging_mixin.py:154} INFO - [2023-11-20T14:58:28.130+0500] {dag.py:3722} INFO - Setting next_dagrun for dataset_produces_2 to None, run_after=None
[2023-11-20T14:58:28.154+0500] {processor.py:179} INFO - Processing /home/den/Projects/venv/lib/python3.10/site-packages/airflow/example_dags/example_datasets.py took 0.080 seconds
[2023-11-20T14:59:14.246+0500] {processor.py:157} INFO - Started process (PID=7830) to work on /home/den/Projects/venv/lib/python3.10/site-packages/airflow/example_dags/example_datasets.py
[2023-11-20T14:59:14.250+0500] {processor.py:829} INFO - Processing file /home/den/Projects/venv/lib/python3.10/site-packages/airflow/example_dags/example_datasets.py for tasks to queue
[2023-11-20T14:59:14.252+0500] {logging_mixin.py:154} INFO - [2023-11-20T14:59:14.252+0500] {dagbag.py:536} INFO - Filling up the DagBag from /home/den/Projects/venv/lib/python3.10/site-packages/airflow/example_dags/example_datasets.py
[2023-11-20T14:59:14.264+0500] {processor.py:839} INFO - DAG(s) dict_keys(['dataset_produces_1', 'dataset_produces_2', 'dataset_consumes_1_never_scheduled', 'dataset_consumes_1_and_2', 'dataset_consumes_unknown_never_scheduled', 'dataset_consumes_1']) retrieved from /home/den/Projects/venv/lib/python3.10/site-packages/airflow/example_dags/example_datasets.py
[2023-11-20T14:59:14.295+0500] {logging_mixin.py:154} INFO - [2023-11-20T14:59:14.295+0500] {dag.py:2941} INFO - Sync 6 DAGs
[2023-11-20T14:59:14.315+0500] {logging_mixin.py:154} INFO - [2023-11-20T14:59:14.314+0500] {dag.py:3722} INFO - Setting next_dagrun for dataset_consumes_1 to None, run_after=None
[2023-11-20T14:59:14.317+0500] {logging_mixin.py:154} INFO - [2023-11-20T14:59:14.317+0500] {dag.py:3722} INFO - Setting next_dagrun for dataset_consumes_1_and_2 to None, run_after=None
[2023-11-20T14:59:14.318+0500] {logging_mixin.py:154} INFO - [2023-11-20T14:59:14.318+0500] {dag.py:3722} INFO - Setting next_dagrun for dataset_consumes_1_never_scheduled to None, run_after=None
[2023-11-20T14:59:14.319+0500] {logging_mixin.py:154} INFO - [2023-11-20T14:59:14.319+0500] {dag.py:3722} INFO - Setting next_dagrun for dataset_consumes_unknown_never_scheduled to None, run_after=None
[2023-11-20T14:59:14.321+0500] {logging_mixin.py:154} INFO - [2023-11-20T14:59:14.321+0500] {dag.py:3722} INFO - Setting next_dagrun for dataset_produces_1 to 2023-11-19T00:00:00+00:00, run_after=2023-11-20T00:00:00+00:00
[2023-11-20T14:59:14.322+0500] {logging_mixin.py:154} INFO - [2023-11-20T14:59:14.322+0500] {dag.py:3722} INFO - Setting next_dagrun for dataset_produces_2 to None, run_after=None
[2023-11-20T14:59:14.368+0500] {processor.py:179} INFO - Processing /home/den/Projects/venv/lib/python3.10/site-packages/airflow/example_dags/example_datasets.py took 0.126 seconds
[2023-11-20T15:00:04.087+0500] {processor.py:157} INFO - Started process (PID=7928) to work on /home/den/Projects/venv/lib/python3.10/site-packages/airflow/example_dags/example_datasets.py
[2023-11-20T15:00:04.088+0500] {processor.py:829} INFO - Processing file /home/den/Projects/venv/lib/python3.10/site-packages/airflow/example_dags/example_datasets.py for tasks to queue
[2023-11-20T15:00:04.089+0500] {logging_mixin.py:154} INFO - [2023-11-20T15:00:04.089+0500] {dagbag.py:536} INFO - Filling up the DagBag from /home/den/Projects/venv/lib/python3.10/site-packages/airflow/example_dags/example_datasets.py
[2023-11-20T15:00:04.096+0500] {processor.py:839} INFO - DAG(s) dict_keys(['dataset_consumes_1_and_2', 'dataset_consumes_1', 'dataset_consumes_1_never_scheduled', 'dataset_consumes_unknown_never_scheduled', 'dataset_produces_2', 'dataset_produces_1']) retrieved from /home/den/Projects/venv/lib/python3.10/site-packages/airflow/example_dags/example_datasets.py
[2023-11-20T15:00:04.114+0500] {logging_mixin.py:154} INFO - [2023-11-20T15:00:04.114+0500] {dag.py:2941} INFO - Sync 6 DAGs
[2023-11-20T15:00:04.127+0500] {logging_mixin.py:154} INFO - [2023-11-20T15:00:04.127+0500] {dag.py:3722} INFO - Setting next_dagrun for dataset_consumes_1 to None, run_after=None
[2023-11-20T15:00:04.129+0500] {logging_mixin.py:154} INFO - [2023-11-20T15:00:04.128+0500] {dag.py:3722} INFO - Setting next_dagrun for dataset_consumes_1_and_2 to None, run_after=None
[2023-11-20T15:00:04.129+0500] {logging_mixin.py:154} INFO - [2023-11-20T15:00:04.129+0500] {dag.py:3722} INFO - Setting next_dagrun for dataset_consumes_1_never_scheduled to None, run_after=None
[2023-11-20T15:00:04.129+0500] {logging_mixin.py:154} INFO - [2023-11-20T15:00:04.129+0500] {dag.py:3722} INFO - Setting next_dagrun for dataset_consumes_unknown_never_scheduled to None, run_after=None
[2023-11-20T15:00:04.131+0500] {logging_mixin.py:154} INFO - [2023-11-20T15:00:04.131+0500] {dag.py:3722} INFO - Setting next_dagrun for dataset_produces_1 to 2023-11-19T00:00:00+00:00, run_after=2023-11-20T00:00:00+00:00
[2023-11-20T15:00:04.131+0500] {logging_mixin.py:154} INFO - [2023-11-20T15:00:04.131+0500] {dag.py:3722} INFO - Setting next_dagrun for dataset_produces_2 to None, run_after=None
[2023-11-20T15:00:04.161+0500] {processor.py:179} INFO - Processing /home/den/Projects/venv/lib/python3.10/site-packages/airflow/example_dags/example_datasets.py took 0.077 seconds
[2023-11-20T15:00:56.143+0500] {processor.py:157} INFO - Started process (PID=7998) to work on /home/den/Projects/venv/lib/python3.10/site-packages/airflow/example_dags/example_datasets.py
[2023-11-20T15:00:56.145+0500] {processor.py:829} INFO - Processing file /home/den/Projects/venv/lib/python3.10/site-packages/airflow/example_dags/example_datasets.py for tasks to queue
[2023-11-20T15:00:56.146+0500] {logging_mixin.py:154} INFO - [2023-11-20T15:00:56.146+0500] {dagbag.py:536} INFO - Filling up the DagBag from /home/den/Projects/venv/lib/python3.10/site-packages/airflow/example_dags/example_datasets.py
[2023-11-20T15:00:56.154+0500] {processor.py:839} INFO - DAG(s) dict_keys(['dataset_consumes_1_never_scheduled', 'dataset_produces_1', 'dataset_produces_2', 'dataset_consumes_1_and_2', 'dataset_consumes_unknown_never_scheduled', 'dataset_consumes_1']) retrieved from /home/den/Projects/venv/lib/python3.10/site-packages/airflow/example_dags/example_datasets.py
[2023-11-20T15:00:56.172+0500] {logging_mixin.py:154} INFO - [2023-11-20T15:00:56.172+0500] {dag.py:2941} INFO - Sync 6 DAGs
[2023-11-20T15:00:56.185+0500] {logging_mixin.py:154} INFO - [2023-11-20T15:00:56.185+0500] {dag.py:3722} INFO - Setting next_dagrun for dataset_consumes_1 to None, run_after=None
[2023-11-20T15:00:56.186+0500] {logging_mixin.py:154} INFO - [2023-11-20T15:00:56.186+0500] {dag.py:3722} INFO - Setting next_dagrun for dataset_consumes_1_and_2 to None, run_after=None
[2023-11-20T15:00:56.187+0500] {logging_mixin.py:154} INFO - [2023-11-20T15:00:56.187+0500] {dag.py:3722} INFO - Setting next_dagrun for dataset_consumes_1_never_scheduled to None, run_after=None
[2023-11-20T15:00:56.187+0500] {logging_mixin.py:154} INFO - [2023-11-20T15:00:56.187+0500] {dag.py:3722} INFO - Setting next_dagrun for dataset_consumes_unknown_never_scheduled to None, run_after=None
[2023-11-20T15:00:56.189+0500] {logging_mixin.py:154} INFO - [2023-11-20T15:00:56.189+0500] {dag.py:3722} INFO - Setting next_dagrun for dataset_produces_1 to 2023-11-19T00:00:00+00:00, run_after=2023-11-20T00:00:00+00:00
[2023-11-20T15:00:56.189+0500] {logging_mixin.py:154} INFO - [2023-11-20T15:00:56.189+0500] {dag.py:3722} INFO - Setting next_dagrun for dataset_produces_2 to None, run_after=None
[2023-11-20T15:00:56.246+0500] {processor.py:179} INFO - Processing /home/den/Projects/venv/lib/python3.10/site-packages/airflow/example_dags/example_datasets.py took 0.108 seconds
[2023-11-20T15:01:47.316+0500] {processor.py:157} INFO - Started process (PID=8091) to work on /home/den/Projects/venv/lib/python3.10/site-packages/airflow/example_dags/example_datasets.py
[2023-11-20T15:01:47.325+0500] {processor.py:829} INFO - Processing file /home/den/Projects/venv/lib/python3.10/site-packages/airflow/example_dags/example_datasets.py for tasks to queue
[2023-11-20T15:01:47.325+0500] {logging_mixin.py:154} INFO - [2023-11-20T15:01:47.325+0500] {dagbag.py:536} INFO - Filling up the DagBag from /home/den/Projects/venv/lib/python3.10/site-packages/airflow/example_dags/example_datasets.py
[2023-11-20T15:01:47.378+0500] {processor.py:839} INFO - DAG(s) dict_keys(['dataset_produces_1', 'dataset_produces_2', 'dataset_consumes_1_and_2', 'dataset_consumes_unknown_never_scheduled', 'dataset_consumes_1', 'dataset_consumes_1_never_scheduled']) retrieved from /home/den/Projects/venv/lib/python3.10/site-packages/airflow/example_dags/example_datasets.py
[2023-11-20T15:01:47.476+0500] {logging_mixin.py:154} INFO - [2023-11-20T15:01:47.475+0500] {dag.py:2941} INFO - Sync 6 DAGs
[2023-11-20T15:01:47.504+0500] {logging_mixin.py:154} INFO - [2023-11-20T15:01:47.504+0500] {dag.py:3722} INFO - Setting next_dagrun for dataset_consumes_1 to None, run_after=None
[2023-11-20T15:01:47.506+0500] {logging_mixin.py:154} INFO - [2023-11-20T15:01:47.506+0500] {dag.py:3722} INFO - Setting next_dagrun for dataset_consumes_1_and_2 to None, run_after=None
[2023-11-20T15:01:47.507+0500] {logging_mixin.py:154} INFO - [2023-11-20T15:01:47.507+0500] {dag.py:3722} INFO - Setting next_dagrun for dataset_consumes_1_never_scheduled to None, run_after=None
[2023-11-20T15:01:47.507+0500] {logging_mixin.py:154} INFO - [2023-11-20T15:01:47.507+0500] {dag.py:3722} INFO - Setting next_dagrun for dataset_consumes_unknown_never_scheduled to None, run_after=None
[2023-11-20T15:01:47.522+0500] {logging_mixin.py:154} INFO - [2023-11-20T15:01:47.522+0500] {dag.py:3722} INFO - Setting next_dagrun for dataset_produces_1 to 2023-11-19T00:00:00+00:00, run_after=2023-11-20T00:00:00+00:00
[2023-11-20T15:01:47.523+0500] {logging_mixin.py:154} INFO - [2023-11-20T15:01:47.523+0500] {dag.py:3722} INFO - Setting next_dagrun for dataset_produces_2 to None, run_after=None
[2023-11-20T15:01:47.595+0500] {processor.py:179} INFO - Processing /home/den/Projects/venv/lib/python3.10/site-packages/airflow/example_dags/example_datasets.py took 0.290 seconds
[2023-11-20T15:03:31.336+0500] {processor.py:157} INFO - Started process (PID=8269) to work on /home/den/Projects/venv/lib/python3.10/site-packages/airflow/example_dags/example_datasets.py
[2023-11-20T15:03:31.349+0500] {processor.py:829} INFO - Processing file /home/den/Projects/venv/lib/python3.10/site-packages/airflow/example_dags/example_datasets.py for tasks to queue
[2023-11-20T15:03:31.350+0500] {logging_mixin.py:154} INFO - [2023-11-20T15:03:31.350+0500] {dagbag.py:536} INFO - Filling up the DagBag from /home/den/Projects/venv/lib/python3.10/site-packages/airflow/example_dags/example_datasets.py
[2023-11-20T15:03:31.377+0500] {processor.py:839} INFO - DAG(s) dict_keys(['dataset_produces_1', 'dataset_consumes_1_never_scheduled', 'dataset_produces_2', 'dataset_consumes_1_and_2', 'dataset_consumes_1', 'dataset_consumes_unknown_never_scheduled']) retrieved from /home/den/Projects/venv/lib/python3.10/site-packages/airflow/example_dags/example_datasets.py
[2023-11-20T15:03:31.416+0500] {logging_mixin.py:154} INFO - [2023-11-20T15:03:31.416+0500] {dag.py:2941} INFO - Sync 6 DAGs
[2023-11-20T15:03:31.442+0500] {logging_mixin.py:154} INFO - [2023-11-20T15:03:31.442+0500] {dag.py:3722} INFO - Setting next_dagrun for dataset_consumes_1 to None, run_after=None
[2023-11-20T15:03:31.444+0500] {logging_mixin.py:154} INFO - [2023-11-20T15:03:31.444+0500] {dag.py:3722} INFO - Setting next_dagrun for dataset_consumes_1_and_2 to None, run_after=None
[2023-11-20T15:03:31.445+0500] {logging_mixin.py:154} INFO - [2023-11-20T15:03:31.445+0500] {dag.py:3722} INFO - Setting next_dagrun for dataset_consumes_1_never_scheduled to None, run_after=None
[2023-11-20T15:03:31.445+0500] {logging_mixin.py:154} INFO - [2023-11-20T15:03:31.445+0500] {dag.py:3722} INFO - Setting next_dagrun for dataset_consumes_unknown_never_scheduled to None, run_after=None
[2023-11-20T15:03:31.451+0500] {logging_mixin.py:154} INFO - [2023-11-20T15:03:31.451+0500] {dag.py:3722} INFO - Setting next_dagrun for dataset_produces_1 to 2023-11-19T00:00:00+00:00, run_after=2023-11-20T00:00:00+00:00
[2023-11-20T15:03:31.453+0500] {logging_mixin.py:154} INFO - [2023-11-20T15:03:31.453+0500] {dag.py:3722} INFO - Setting next_dagrun for dataset_produces_2 to None, run_after=None
[2023-11-20T15:03:31.540+0500] {processor.py:179} INFO - Processing /home/den/Projects/venv/lib/python3.10/site-packages/airflow/example_dags/example_datasets.py took 0.208 seconds
[2023-11-20T15:04:27.473+0500] {processor.py:157} INFO - Started process (PID=8371) to work on /home/den/Projects/venv/lib/python3.10/site-packages/airflow/example_dags/example_datasets.py
[2023-11-20T15:04:27.482+0500] {processor.py:829} INFO - Processing file /home/den/Projects/venv/lib/python3.10/site-packages/airflow/example_dags/example_datasets.py for tasks to queue
[2023-11-20T15:04:27.485+0500] {logging_mixin.py:154} INFO - [2023-11-20T15:04:27.484+0500] {dagbag.py:536} INFO - Filling up the DagBag from /home/den/Projects/venv/lib/python3.10/site-packages/airflow/example_dags/example_datasets.py
[2023-11-20T15:04:27.494+0500] {processor.py:839} INFO - DAG(s) dict_keys(['dataset_consumes_unknown_never_scheduled', 'dataset_consumes_1_and_2', 'dataset_consumes_1_never_scheduled', 'dataset_consumes_1', 'dataset_produces_1', 'dataset_produces_2']) retrieved from /home/den/Projects/venv/lib/python3.10/site-packages/airflow/example_dags/example_datasets.py
[2023-11-20T15:04:27.531+0500] {logging_mixin.py:154} INFO - [2023-11-20T15:04:27.531+0500] {dag.py:2941} INFO - Sync 6 DAGs
[2023-11-20T15:04:27.558+0500] {logging_mixin.py:154} INFO - [2023-11-20T15:04:27.558+0500] {dag.py:3722} INFO - Setting next_dagrun for dataset_consumes_1 to None, run_after=None
[2023-11-20T15:04:27.561+0500] {logging_mixin.py:154} INFO - [2023-11-20T15:04:27.561+0500] {dag.py:3722} INFO - Setting next_dagrun for dataset_consumes_1_and_2 to None, run_after=None
[2023-11-20T15:04:27.562+0500] {logging_mixin.py:154} INFO - [2023-11-20T15:04:27.562+0500] {dag.py:3722} INFO - Setting next_dagrun for dataset_consumes_1_never_scheduled to None, run_after=None
[2023-11-20T15:04:27.563+0500] {logging_mixin.py:154} INFO - [2023-11-20T15:04:27.563+0500] {dag.py:3722} INFO - Setting next_dagrun for dataset_consumes_unknown_never_scheduled to None, run_after=None
[2023-11-20T15:04:27.564+0500] {logging_mixin.py:154} INFO - [2023-11-20T15:04:27.564+0500] {dag.py:3722} INFO - Setting next_dagrun for dataset_produces_1 to 2023-11-19T00:00:00+00:00, run_after=2023-11-20T00:00:00+00:00
[2023-11-20T15:04:27.565+0500] {logging_mixin.py:154} INFO - [2023-11-20T15:04:27.565+0500] {dag.py:3722} INFO - Setting next_dagrun for dataset_produces_2 to None, run_after=None
[2023-11-20T15:04:27.603+0500] {processor.py:179} INFO - Processing /home/den/Projects/venv/lib/python3.10/site-packages/airflow/example_dags/example_datasets.py took 0.134 seconds
[2023-11-20T15:05:26.003+0500] {processor.py:157} INFO - Started process (PID=8447) to work on /home/den/Projects/venv/lib/python3.10/site-packages/airflow/example_dags/example_datasets.py
[2023-11-20T15:05:26.004+0500] {processor.py:829} INFO - Processing file /home/den/Projects/venv/lib/python3.10/site-packages/airflow/example_dags/example_datasets.py for tasks to queue
[2023-11-20T15:05:26.005+0500] {logging_mixin.py:154} INFO - [2023-11-20T15:05:26.005+0500] {dagbag.py:536} INFO - Filling up the DagBag from /home/den/Projects/venv/lib/python3.10/site-packages/airflow/example_dags/example_datasets.py
[2023-11-20T15:05:26.020+0500] {processor.py:839} INFO - DAG(s) dict_keys(['dataset_consumes_1', 'dataset_consumes_1_never_scheduled', 'dataset_produces_2', 'dataset_consumes_unknown_never_scheduled', 'dataset_produces_1', 'dataset_consumes_1_and_2']) retrieved from /home/den/Projects/venv/lib/python3.10/site-packages/airflow/example_dags/example_datasets.py
[2023-11-20T15:05:26.057+0500] {logging_mixin.py:154} INFO - [2023-11-20T15:05:26.057+0500] {dag.py:2941} INFO - Sync 6 DAGs
[2023-11-20T15:05:26.081+0500] {logging_mixin.py:154} INFO - [2023-11-20T15:05:26.081+0500] {dag.py:3722} INFO - Setting next_dagrun for dataset_consumes_1 to None, run_after=None
[2023-11-20T15:05:26.086+0500] {logging_mixin.py:154} INFO - [2023-11-20T15:05:26.086+0500] {dag.py:3722} INFO - Setting next_dagrun for dataset_consumes_1_and_2 to None, run_after=None
[2023-11-20T15:05:26.087+0500] {logging_mixin.py:154} INFO - [2023-11-20T15:05:26.087+0500] {dag.py:3722} INFO - Setting next_dagrun for dataset_consumes_1_never_scheduled to None, run_after=None
[2023-11-20T15:05:26.088+0500] {logging_mixin.py:154} INFO - [2023-11-20T15:05:26.087+0500] {dag.py:3722} INFO - Setting next_dagrun for dataset_consumes_unknown_never_scheduled to None, run_after=None
[2023-11-20T15:05:26.089+0500] {logging_mixin.py:154} INFO - [2023-11-20T15:05:26.089+0500] {dag.py:3722} INFO - Setting next_dagrun for dataset_produces_1 to 2023-11-19T00:00:00+00:00, run_after=2023-11-20T00:00:00+00:00
[2023-11-20T15:05:26.090+0500] {logging_mixin.py:154} INFO - [2023-11-20T15:05:26.090+0500] {dag.py:3722} INFO - Setting next_dagrun for dataset_produces_2 to None, run_after=None
[2023-11-20T15:05:26.151+0500] {processor.py:179} INFO - Processing /home/den/Projects/venv/lib/python3.10/site-packages/airflow/example_dags/example_datasets.py took 0.155 seconds
[2023-11-20T15:06:21.866+0500] {processor.py:157} INFO - Started process (PID=8548) to work on /home/den/Projects/venv/lib/python3.10/site-packages/airflow/example_dags/example_datasets.py
[2023-11-20T15:06:21.871+0500] {processor.py:829} INFO - Processing file /home/den/Projects/venv/lib/python3.10/site-packages/airflow/example_dags/example_datasets.py for tasks to queue
[2023-11-20T15:06:21.872+0500] {logging_mixin.py:154} INFO - [2023-11-20T15:06:21.871+0500] {dagbag.py:536} INFO - Filling up the DagBag from /home/den/Projects/venv/lib/python3.10/site-packages/airflow/example_dags/example_datasets.py
[2023-11-20T15:06:21.889+0500] {processor.py:839} INFO - DAG(s) dict_keys(['dataset_consumes_unknown_never_scheduled', 'dataset_produces_1', 'dataset_produces_2', 'dataset_consumes_1', 'dataset_consumes_1_never_scheduled', 'dataset_consumes_1_and_2']) retrieved from /home/den/Projects/venv/lib/python3.10/site-packages/airflow/example_dags/example_datasets.py
[2023-11-20T15:06:21.921+0500] {logging_mixin.py:154} INFO - [2023-11-20T15:06:21.921+0500] {dag.py:2941} INFO - Sync 6 DAGs
[2023-11-20T15:06:21.951+0500] {logging_mixin.py:154} INFO - [2023-11-20T15:06:21.950+0500] {dag.py:3722} INFO - Setting next_dagrun for dataset_consumes_1 to None, run_after=None
[2023-11-20T15:06:21.953+0500] {logging_mixin.py:154} INFO - [2023-11-20T15:06:21.953+0500] {dag.py:3722} INFO - Setting next_dagrun for dataset_consumes_1_and_2 to None, run_after=None
[2023-11-20T15:06:21.954+0500] {logging_mixin.py:154} INFO - [2023-11-20T15:06:21.954+0500] {dag.py:3722} INFO - Setting next_dagrun for dataset_consumes_1_never_scheduled to None, run_after=None
[2023-11-20T15:06:21.955+0500] {logging_mixin.py:154} INFO - [2023-11-20T15:06:21.955+0500] {dag.py:3722} INFO - Setting next_dagrun for dataset_consumes_unknown_never_scheduled to None, run_after=None
[2023-11-20T15:06:21.959+0500] {logging_mixin.py:154} INFO - [2023-11-20T15:06:21.959+0500] {dag.py:3722} INFO - Setting next_dagrun for dataset_produces_1 to 2023-11-19T00:00:00+00:00, run_after=2023-11-20T00:00:00+00:00
[2023-11-20T15:06:21.960+0500] {logging_mixin.py:154} INFO - [2023-11-20T15:06:21.960+0500] {dag.py:3722} INFO - Setting next_dagrun for dataset_produces_2 to None, run_after=None
[2023-11-20T15:06:22.003+0500] {processor.py:179} INFO - Processing /home/den/Projects/venv/lib/python3.10/site-packages/airflow/example_dags/example_datasets.py took 0.142 seconds
[2023-11-20T15:07:21.339+0500] {processor.py:157} INFO - Started process (PID=8634) to work on /home/den/Projects/venv/lib/python3.10/site-packages/airflow/example_dags/example_datasets.py
[2023-11-20T15:07:21.349+0500] {processor.py:829} INFO - Processing file /home/den/Projects/venv/lib/python3.10/site-packages/airflow/example_dags/example_datasets.py for tasks to queue
[2023-11-20T15:07:21.350+0500] {logging_mixin.py:154} INFO - [2023-11-20T15:07:21.350+0500] {dagbag.py:536} INFO - Filling up the DagBag from /home/den/Projects/venv/lib/python3.10/site-packages/airflow/example_dags/example_datasets.py
[2023-11-20T15:07:21.363+0500] {processor.py:839} INFO - DAG(s) dict_keys(['dataset_consumes_1_never_scheduled', 'dataset_consumes_1_and_2', 'dataset_consumes_1', 'dataset_produces_2', 'dataset_consumes_unknown_never_scheduled', 'dataset_produces_1']) retrieved from /home/den/Projects/venv/lib/python3.10/site-packages/airflow/example_dags/example_datasets.py
[2023-11-20T15:07:21.409+0500] {logging_mixin.py:154} INFO - [2023-11-20T15:07:21.409+0500] {dag.py:2941} INFO - Sync 6 DAGs
[2023-11-20T15:07:21.439+0500] {logging_mixin.py:154} INFO - [2023-11-20T15:07:21.439+0500] {dag.py:3722} INFO - Setting next_dagrun for dataset_consumes_1 to None, run_after=None
[2023-11-20T15:07:21.445+0500] {logging_mixin.py:154} INFO - [2023-11-20T15:07:21.445+0500] {dag.py:3722} INFO - Setting next_dagrun for dataset_consumes_1_and_2 to None, run_after=None
[2023-11-20T15:07:21.446+0500] {logging_mixin.py:154} INFO - [2023-11-20T15:07:21.446+0500] {dag.py:3722} INFO - Setting next_dagrun for dataset_consumes_1_never_scheduled to None, run_after=None
[2023-11-20T15:07:21.446+0500] {logging_mixin.py:154} INFO - [2023-11-20T15:07:21.446+0500] {dag.py:3722} INFO - Setting next_dagrun for dataset_consumes_unknown_never_scheduled to None, run_after=None
[2023-11-20T15:07:21.448+0500] {logging_mixin.py:154} INFO - [2023-11-20T15:07:21.448+0500] {dag.py:3722} INFO - Setting next_dagrun for dataset_produces_1 to 2023-11-19T00:00:00+00:00, run_after=2023-11-20T00:00:00+00:00
[2023-11-20T15:07:21.449+0500] {logging_mixin.py:154} INFO - [2023-11-20T15:07:21.449+0500] {dag.py:3722} INFO - Setting next_dagrun for dataset_produces_2 to None, run_after=None
[2023-11-20T15:07:21.496+0500] {processor.py:179} INFO - Processing /home/den/Projects/venv/lib/python3.10/site-packages/airflow/example_dags/example_datasets.py took 0.162 seconds
[2023-11-20T15:08:14.985+0500] {processor.py:157} INFO - Started process (PID=8735) to work on /home/den/Projects/venv/lib/python3.10/site-packages/airflow/example_dags/example_datasets.py
[2023-11-20T15:08:14.987+0500] {processor.py:829} INFO - Processing file /home/den/Projects/venv/lib/python3.10/site-packages/airflow/example_dags/example_datasets.py for tasks to queue
[2023-11-20T15:08:14.988+0500] {logging_mixin.py:154} INFO - [2023-11-20T15:08:14.987+0500] {dagbag.py:536} INFO - Filling up the DagBag from /home/den/Projects/venv/lib/python3.10/site-packages/airflow/example_dags/example_datasets.py
[2023-11-20T15:08:15.007+0500] {processor.py:839} INFO - DAG(s) dict_keys(['dataset_consumes_1', 'dataset_consumes_1_and_2', 'dataset_produces_2', 'dataset_consumes_unknown_never_scheduled', 'dataset_produces_1', 'dataset_consumes_1_never_scheduled']) retrieved from /home/den/Projects/venv/lib/python3.10/site-packages/airflow/example_dags/example_datasets.py
[2023-11-20T15:08:15.052+0500] {logging_mixin.py:154} INFO - [2023-11-20T15:08:15.051+0500] {dag.py:2941} INFO - Sync 6 DAGs
[2023-11-20T15:08:15.119+0500] {logging_mixin.py:154} INFO - [2023-11-20T15:08:15.103+0500] {dag.py:3722} INFO - Setting next_dagrun for dataset_consumes_1 to None, run_after=None
[2023-11-20T15:08:15.123+0500] {logging_mixin.py:154} INFO - [2023-11-20T15:08:15.123+0500] {dag.py:3722} INFO - Setting next_dagrun for dataset_consumes_1_and_2 to None, run_after=None
[2023-11-20T15:08:15.124+0500] {logging_mixin.py:154} INFO - [2023-11-20T15:08:15.124+0500] {dag.py:3722} INFO - Setting next_dagrun for dataset_consumes_1_never_scheduled to None, run_after=None
[2023-11-20T15:08:15.124+0500] {logging_mixin.py:154} INFO - [2023-11-20T15:08:15.124+0500] {dag.py:3722} INFO - Setting next_dagrun for dataset_consumes_unknown_never_scheduled to None, run_after=None
[2023-11-20T15:08:15.137+0500] {logging_mixin.py:154} INFO - [2023-11-20T15:08:15.137+0500] {dag.py:3722} INFO - Setting next_dagrun for dataset_produces_1 to 2023-11-19T00:00:00+00:00, run_after=2023-11-20T00:00:00+00:00
[2023-11-20T15:08:15.139+0500] {logging_mixin.py:154} INFO - [2023-11-20T15:08:15.139+0500] {dag.py:3722} INFO - Setting next_dagrun for dataset_produces_2 to None, run_after=None
[2023-11-20T15:08:15.227+0500] {processor.py:179} INFO - Processing /home/den/Projects/venv/lib/python3.10/site-packages/airflow/example_dags/example_datasets.py took 0.251 seconds
[2023-11-20T15:09:16.370+0500] {processor.py:157} INFO - Started process (PID=8819) to work on /home/den/Projects/venv/lib/python3.10/site-packages/airflow/example_dags/example_datasets.py
[2023-11-20T15:09:16.376+0500] {processor.py:829} INFO - Processing file /home/den/Projects/venv/lib/python3.10/site-packages/airflow/example_dags/example_datasets.py for tasks to queue
[2023-11-20T15:09:16.377+0500] {logging_mixin.py:154} INFO - [2023-11-20T15:09:16.377+0500] {dagbag.py:536} INFO - Filling up the DagBag from /home/den/Projects/venv/lib/python3.10/site-packages/airflow/example_dags/example_datasets.py
[2023-11-20T15:09:16.397+0500] {processor.py:839} INFO - DAG(s) dict_keys(['dataset_consumes_1', 'dataset_produces_1', 'dataset_consumes_unknown_never_scheduled', 'dataset_consumes_1_and_2', 'dataset_produces_2', 'dataset_consumes_1_never_scheduled']) retrieved from /home/den/Projects/venv/lib/python3.10/site-packages/airflow/example_dags/example_datasets.py
[2023-11-20T15:09:16.431+0500] {logging_mixin.py:154} INFO - [2023-11-20T15:09:16.430+0500] {dag.py:2941} INFO - Sync 6 DAGs
[2023-11-20T15:09:16.454+0500] {logging_mixin.py:154} INFO - [2023-11-20T15:09:16.454+0500] {dag.py:3722} INFO - Setting next_dagrun for dataset_consumes_1 to None, run_after=None
[2023-11-20T15:09:16.461+0500] {logging_mixin.py:154} INFO - [2023-11-20T15:09:16.460+0500] {dag.py:3722} INFO - Setting next_dagrun for dataset_consumes_1_and_2 to None, run_after=None
[2023-11-20T15:09:16.462+0500] {logging_mixin.py:154} INFO - [2023-11-20T15:09:16.462+0500] {dag.py:3722} INFO - Setting next_dagrun for dataset_consumes_1_never_scheduled to None, run_after=None
[2023-11-20T15:09:16.465+0500] {logging_mixin.py:154} INFO - [2023-11-20T15:09:16.465+0500] {dag.py:3722} INFO - Setting next_dagrun for dataset_consumes_unknown_never_scheduled to None, run_after=None
[2023-11-20T15:09:16.471+0500] {logging_mixin.py:154} INFO - [2023-11-20T15:09:16.470+0500] {dag.py:3722} INFO - Setting next_dagrun for dataset_produces_1 to 2023-11-19T00:00:00+00:00, run_after=2023-11-20T00:00:00+00:00
[2023-11-20T15:09:16.472+0500] {logging_mixin.py:154} INFO - [2023-11-20T15:09:16.472+0500] {dag.py:3722} INFO - Setting next_dagrun for dataset_produces_2 to None, run_after=None
[2023-11-20T15:09:16.526+0500] {processor.py:179} INFO - Processing /home/den/Projects/venv/lib/python3.10/site-packages/airflow/example_dags/example_datasets.py took 0.166 seconds
[2023-11-20T15:10:18.885+0500] {processor.py:157} INFO - Started process (PID=8930) to work on /home/den/Projects/venv/lib/python3.10/site-packages/airflow/example_dags/example_datasets.py
[2023-11-20T15:10:18.889+0500] {processor.py:829} INFO - Processing file /home/den/Projects/venv/lib/python3.10/site-packages/airflow/example_dags/example_datasets.py for tasks to queue
[2023-11-20T15:10:18.894+0500] {logging_mixin.py:154} INFO - [2023-11-20T15:10:18.892+0500] {dagbag.py:536} INFO - Filling up the DagBag from /home/den/Projects/venv/lib/python3.10/site-packages/airflow/example_dags/example_datasets.py
[2023-11-20T15:10:18.904+0500] {processor.py:839} INFO - DAG(s) dict_keys(['dataset_produces_2', 'dataset_consumes_unknown_never_scheduled', 'dataset_consumes_1', 'dataset_consumes_1_never_scheduled', 'dataset_produces_1', 'dataset_consumes_1_and_2']) retrieved from /home/den/Projects/venv/lib/python3.10/site-packages/airflow/example_dags/example_datasets.py
[2023-11-20T15:10:18.935+0500] {logging_mixin.py:154} INFO - [2023-11-20T15:10:18.935+0500] {dag.py:2941} INFO - Sync 6 DAGs
[2023-11-20T15:10:18.949+0500] {logging_mixin.py:154} INFO - [2023-11-20T15:10:18.949+0500] {dag.py:3722} INFO - Setting next_dagrun for dataset_consumes_1 to None, run_after=None
[2023-11-20T15:10:18.951+0500] {logging_mixin.py:154} INFO - [2023-11-20T15:10:18.951+0500] {dag.py:3722} INFO - Setting next_dagrun for dataset_consumes_1_and_2 to None, run_after=None
[2023-11-20T15:10:18.951+0500] {logging_mixin.py:154} INFO - [2023-11-20T15:10:18.951+0500] {dag.py:3722} INFO - Setting next_dagrun for dataset_consumes_1_never_scheduled to None, run_after=None
[2023-11-20T15:10:18.952+0500] {logging_mixin.py:154} INFO - [2023-11-20T15:10:18.952+0500] {dag.py:3722} INFO - Setting next_dagrun for dataset_consumes_unknown_never_scheduled to None, run_after=None
[2023-11-20T15:10:18.953+0500] {logging_mixin.py:154} INFO - [2023-11-20T15:10:18.953+0500] {dag.py:3722} INFO - Setting next_dagrun for dataset_produces_1 to 2023-11-19T00:00:00+00:00, run_after=2023-11-20T00:00:00+00:00
[2023-11-20T15:10:18.954+0500] {logging_mixin.py:154} INFO - [2023-11-20T15:10:18.954+0500] {dag.py:3722} INFO - Setting next_dagrun for dataset_produces_2 to None, run_after=None
[2023-11-20T15:10:18.991+0500] {processor.py:179} INFO - Processing /home/den/Projects/venv/lib/python3.10/site-packages/airflow/example_dags/example_datasets.py took 0.109 seconds
[2023-11-20T15:11:12.178+0500] {processor.py:157} INFO - Started process (PID=8995) to work on /home/den/Projects/venv/lib/python3.10/site-packages/airflow/example_dags/example_datasets.py
[2023-11-20T15:11:12.182+0500] {processor.py:829} INFO - Processing file /home/den/Projects/venv/lib/python3.10/site-packages/airflow/example_dags/example_datasets.py for tasks to queue
[2023-11-20T15:11:12.184+0500] {logging_mixin.py:154} INFO - [2023-11-20T15:11:12.183+0500] {dagbag.py:536} INFO - Filling up the DagBag from /home/den/Projects/venv/lib/python3.10/site-packages/airflow/example_dags/example_datasets.py
[2023-11-20T15:11:12.196+0500] {processor.py:839} INFO - DAG(s) dict_keys(['dataset_consumes_unknown_never_scheduled', 'dataset_consumes_1_never_scheduled', 'dataset_consumes_1_and_2', 'dataset_consumes_1', 'dataset_produces_2', 'dataset_produces_1']) retrieved from /home/den/Projects/venv/lib/python3.10/site-packages/airflow/example_dags/example_datasets.py
[2023-11-20T15:11:12.223+0500] {logging_mixin.py:154} INFO - [2023-11-20T15:11:12.223+0500] {dag.py:2941} INFO - Sync 6 DAGs
[2023-11-20T15:11:12.238+0500] {logging_mixin.py:154} INFO - [2023-11-20T15:11:12.238+0500] {dag.py:3722} INFO - Setting next_dagrun for dataset_consumes_1 to None, run_after=None
[2023-11-20T15:11:12.240+0500] {logging_mixin.py:154} INFO - [2023-11-20T15:11:12.240+0500] {dag.py:3722} INFO - Setting next_dagrun for dataset_consumes_1_and_2 to None, run_after=None
[2023-11-20T15:11:12.241+0500] {logging_mixin.py:154} INFO - [2023-11-20T15:11:12.241+0500] {dag.py:3722} INFO - Setting next_dagrun for dataset_consumes_1_never_scheduled to None, run_after=None
[2023-11-20T15:11:12.241+0500] {logging_mixin.py:154} INFO - [2023-11-20T15:11:12.241+0500] {dag.py:3722} INFO - Setting next_dagrun for dataset_consumes_unknown_never_scheduled to None, run_after=None
[2023-11-20T15:11:12.243+0500] {logging_mixin.py:154} INFO - [2023-11-20T15:11:12.243+0500] {dag.py:3722} INFO - Setting next_dagrun for dataset_produces_1 to 2023-11-19T00:00:00+00:00, run_after=2023-11-20T00:00:00+00:00
[2023-11-20T15:11:12.244+0500] {logging_mixin.py:154} INFO - [2023-11-20T15:11:12.244+0500] {dag.py:3722} INFO - Setting next_dagrun for dataset_produces_2 to None, run_after=None
[2023-11-20T15:11:12.282+0500] {processor.py:179} INFO - Processing /home/den/Projects/venv/lib/python3.10/site-packages/airflow/example_dags/example_datasets.py took 0.107 seconds
[2023-11-20T15:12:04.176+0500] {processor.py:157} INFO - Started process (PID=9094) to work on /home/den/Projects/venv/lib/python3.10/site-packages/airflow/example_dags/example_datasets.py
[2023-11-20T15:12:04.180+0500] {processor.py:829} INFO - Processing file /home/den/Projects/venv/lib/python3.10/site-packages/airflow/example_dags/example_datasets.py for tasks to queue
[2023-11-20T15:12:04.182+0500] {logging_mixin.py:154} INFO - [2023-11-20T15:12:04.181+0500] {dagbag.py:536} INFO - Filling up the DagBag from /home/den/Projects/venv/lib/python3.10/site-packages/airflow/example_dags/example_datasets.py
[2023-11-20T15:12:04.194+0500] {processor.py:839} INFO - DAG(s) dict_keys(['dataset_consumes_1_never_scheduled', 'dataset_produces_1', 'dataset_produces_2', 'dataset_consumes_1', 'dataset_consumes_unknown_never_scheduled', 'dataset_consumes_1_and_2']) retrieved from /home/den/Projects/venv/lib/python3.10/site-packages/airflow/example_dags/example_datasets.py
[2023-11-20T15:12:04.228+0500] {logging_mixin.py:154} INFO - [2023-11-20T15:12:04.228+0500] {dag.py:2941} INFO - Sync 6 DAGs
[2023-11-20T15:12:04.263+0500] {logging_mixin.py:154} INFO - [2023-11-20T15:12:04.262+0500] {dag.py:3722} INFO - Setting next_dagrun for dataset_consumes_1 to None, run_after=None
[2023-11-20T15:12:04.267+0500] {logging_mixin.py:154} INFO - [2023-11-20T15:12:04.267+0500] {dag.py:3722} INFO - Setting next_dagrun for dataset_consumes_1_and_2 to None, run_after=None
[2023-11-20T15:12:04.268+0500] {logging_mixin.py:154} INFO - [2023-11-20T15:12:04.268+0500] {dag.py:3722} INFO - Setting next_dagrun for dataset_consumes_1_never_scheduled to None, run_after=None
[2023-11-20T15:12:04.269+0500] {logging_mixin.py:154} INFO - [2023-11-20T15:12:04.269+0500] {dag.py:3722} INFO - Setting next_dagrun for dataset_consumes_unknown_never_scheduled to None, run_after=None
[2023-11-20T15:12:04.271+0500] {logging_mixin.py:154} INFO - [2023-11-20T15:12:04.271+0500] {dag.py:3722} INFO - Setting next_dagrun for dataset_produces_1 to 2023-11-19T00:00:00+00:00, run_after=2023-11-20T00:00:00+00:00
[2023-11-20T15:12:04.272+0500] {logging_mixin.py:154} INFO - [2023-11-20T15:12:04.272+0500] {dag.py:3722} INFO - Setting next_dagrun for dataset_produces_2 to None, run_after=None
[2023-11-20T15:12:04.332+0500] {processor.py:179} INFO - Processing /home/den/Projects/venv/lib/python3.10/site-packages/airflow/example_dags/example_datasets.py took 0.159 seconds
[2023-11-20T15:12:57.622+0500] {processor.py:157} INFO - Started process (PID=9164) to work on /home/den/Projects/venv/lib/python3.10/site-packages/airflow/example_dags/example_datasets.py
[2023-11-20T15:12:57.625+0500] {processor.py:829} INFO - Processing file /home/den/Projects/venv/lib/python3.10/site-packages/airflow/example_dags/example_datasets.py for tasks to queue
[2023-11-20T15:12:57.627+0500] {logging_mixin.py:154} INFO - [2023-11-20T15:12:57.626+0500] {dagbag.py:536} INFO - Filling up the DagBag from /home/den/Projects/venv/lib/python3.10/site-packages/airflow/example_dags/example_datasets.py
[2023-11-20T15:12:57.641+0500] {processor.py:839} INFO - DAG(s) dict_keys(['dataset_consumes_1_and_2', 'dataset_produces_1', 'dataset_consumes_1_never_scheduled', 'dataset_consumes_unknown_never_scheduled', 'dataset_produces_2', 'dataset_consumes_1']) retrieved from /home/den/Projects/venv/lib/python3.10/site-packages/airflow/example_dags/example_datasets.py
[2023-11-20T15:12:57.672+0500] {logging_mixin.py:154} INFO - [2023-11-20T15:12:57.672+0500] {dag.py:2941} INFO - Sync 6 DAGs
[2023-11-20T15:12:57.687+0500] {logging_mixin.py:154} INFO - [2023-11-20T15:12:57.686+0500] {dag.py:3722} INFO - Setting next_dagrun for dataset_consumes_1 to None, run_after=None
[2023-11-20T15:12:57.688+0500] {logging_mixin.py:154} INFO - [2023-11-20T15:12:57.688+0500] {dag.py:3722} INFO - Setting next_dagrun for dataset_consumes_1_and_2 to None, run_after=None
[2023-11-20T15:12:57.689+0500] {logging_mixin.py:154} INFO - [2023-11-20T15:12:57.689+0500] {dag.py:3722} INFO - Setting next_dagrun for dataset_consumes_1_never_scheduled to None, run_after=None
[2023-11-20T15:12:57.689+0500] {logging_mixin.py:154} INFO - [2023-11-20T15:12:57.689+0500] {dag.py:3722} INFO - Setting next_dagrun for dataset_consumes_unknown_never_scheduled to None, run_after=None
[2023-11-20T15:12:57.691+0500] {logging_mixin.py:154} INFO - [2023-11-20T15:12:57.691+0500] {dag.py:3722} INFO - Setting next_dagrun for dataset_produces_1 to 2023-11-19T00:00:00+00:00, run_after=2023-11-20T00:00:00+00:00
[2023-11-20T15:12:57.692+0500] {logging_mixin.py:154} INFO - [2023-11-20T15:12:57.692+0500] {dag.py:3722} INFO - Setting next_dagrun for dataset_produces_2 to None, run_after=None
[2023-11-20T15:12:57.717+0500] {processor.py:179} INFO - Processing /home/den/Projects/venv/lib/python3.10/site-packages/airflow/example_dags/example_datasets.py took 0.100 seconds
[2023-11-20T15:13:51.658+0500] {processor.py:157} INFO - Started process (PID=9275) to work on /home/den/Projects/venv/lib/python3.10/site-packages/airflow/example_dags/example_datasets.py
[2023-11-20T15:13:51.663+0500] {processor.py:829} INFO - Processing file /home/den/Projects/venv/lib/python3.10/site-packages/airflow/example_dags/example_datasets.py for tasks to queue
[2023-11-20T15:13:51.666+0500] {logging_mixin.py:154} INFO - [2023-11-20T15:13:51.665+0500] {dagbag.py:536} INFO - Filling up the DagBag from /home/den/Projects/venv/lib/python3.10/site-packages/airflow/example_dags/example_datasets.py
[2023-11-20T15:13:51.684+0500] {processor.py:839} INFO - DAG(s) dict_keys(['dataset_produces_1', 'dataset_consumes_unknown_never_scheduled', 'dataset_produces_2', 'dataset_consumes_1', 'dataset_consumes_1_never_scheduled', 'dataset_consumes_1_and_2']) retrieved from /home/den/Projects/venv/lib/python3.10/site-packages/airflow/example_dags/example_datasets.py
[2023-11-20T15:13:51.723+0500] {logging_mixin.py:154} INFO - [2023-11-20T15:13:51.723+0500] {dag.py:2941} INFO - Sync 6 DAGs
[2023-11-20T15:13:51.739+0500] {logging_mixin.py:154} INFO - [2023-11-20T15:13:51.739+0500] {dag.py:3722} INFO - Setting next_dagrun for dataset_consumes_1 to None, run_after=None
[2023-11-20T15:13:51.741+0500] {logging_mixin.py:154} INFO - [2023-11-20T15:13:51.741+0500] {dag.py:3722} INFO - Setting next_dagrun for dataset_consumes_1_and_2 to None, run_after=None
[2023-11-20T15:13:51.742+0500] {logging_mixin.py:154} INFO - [2023-11-20T15:13:51.742+0500] {dag.py:3722} INFO - Setting next_dagrun for dataset_consumes_1_never_scheduled to None, run_after=None
[2023-11-20T15:13:51.742+0500] {logging_mixin.py:154} INFO - [2023-11-20T15:13:51.742+0500] {dag.py:3722} INFO - Setting next_dagrun for dataset_consumes_unknown_never_scheduled to None, run_after=None
[2023-11-20T15:13:51.744+0500] {logging_mixin.py:154} INFO - [2023-11-20T15:13:51.744+0500] {dag.py:3722} INFO - Setting next_dagrun for dataset_produces_1 to 2023-11-19T00:00:00+00:00, run_after=2023-11-20T00:00:00+00:00
[2023-11-20T15:13:51.745+0500] {logging_mixin.py:154} INFO - [2023-11-20T15:13:51.744+0500] {dag.py:3722} INFO - Setting next_dagrun for dataset_produces_2 to None, run_after=None
[2023-11-20T15:13:51.786+0500] {processor.py:179} INFO - Processing /home/den/Projects/venv/lib/python3.10/site-packages/airflow/example_dags/example_datasets.py took 0.132 seconds
[2023-11-20T15:14:47.711+0500] {processor.py:157} INFO - Started process (PID=9342) to work on /home/den/Projects/venv/lib/python3.10/site-packages/airflow/example_dags/example_datasets.py
[2023-11-20T15:14:47.713+0500] {processor.py:829} INFO - Processing file /home/den/Projects/venv/lib/python3.10/site-packages/airflow/example_dags/example_datasets.py for tasks to queue
[2023-11-20T15:14:47.714+0500] {logging_mixin.py:154} INFO - [2023-11-20T15:14:47.714+0500] {dagbag.py:536} INFO - Filling up the DagBag from /home/den/Projects/venv/lib/python3.10/site-packages/airflow/example_dags/example_datasets.py
[2023-11-20T15:14:47.728+0500] {processor.py:839} INFO - DAG(s) dict_keys(['dataset_consumes_unknown_never_scheduled', 'dataset_consumes_1_and_2', 'dataset_consumes_1', 'dataset_produces_2', 'dataset_consumes_1_never_scheduled', 'dataset_produces_1']) retrieved from /home/den/Projects/venv/lib/python3.10/site-packages/airflow/example_dags/example_datasets.py
[2023-11-20T15:14:47.763+0500] {logging_mixin.py:154} INFO - [2023-11-20T15:14:47.763+0500] {dag.py:2941} INFO - Sync 6 DAGs
[2023-11-20T15:14:47.793+0500] {logging_mixin.py:154} INFO - [2023-11-20T15:14:47.792+0500] {dag.py:3722} INFO - Setting next_dagrun for dataset_consumes_1 to None, run_after=None
[2023-11-20T15:14:47.795+0500] {logging_mixin.py:154} INFO - [2023-11-20T15:14:47.795+0500] {dag.py:3722} INFO - Setting next_dagrun for dataset_consumes_1_and_2 to None, run_after=None
[2023-11-20T15:14:47.795+0500] {logging_mixin.py:154} INFO - [2023-11-20T15:14:47.795+0500] {dag.py:3722} INFO - Setting next_dagrun for dataset_consumes_1_never_scheduled to None, run_after=None
[2023-11-20T15:14:47.796+0500] {logging_mixin.py:154} INFO - [2023-11-20T15:14:47.796+0500] {dag.py:3722} INFO - Setting next_dagrun for dataset_consumes_unknown_never_scheduled to None, run_after=None
[2023-11-20T15:14:47.797+0500] {logging_mixin.py:154} INFO - [2023-11-20T15:14:47.797+0500] {dag.py:3722} INFO - Setting next_dagrun for dataset_produces_1 to 2023-11-19T00:00:00+00:00, run_after=2023-11-20T00:00:00+00:00
[2023-11-20T15:14:47.798+0500] {logging_mixin.py:154} INFO - [2023-11-20T15:14:47.798+0500] {dag.py:3722} INFO - Setting next_dagrun for dataset_produces_2 to None, run_after=None
[2023-11-20T15:14:47.841+0500] {processor.py:179} INFO - Processing /home/den/Projects/venv/lib/python3.10/site-packages/airflow/example_dags/example_datasets.py took 0.134 seconds
[2023-11-20T15:15:38.734+0500] {processor.py:157} INFO - Started process (PID=9421) to work on /home/den/Projects/venv/lib/python3.10/site-packages/airflow/example_dags/example_datasets.py
[2023-11-20T15:15:38.736+0500] {processor.py:829} INFO - Processing file /home/den/Projects/venv/lib/python3.10/site-packages/airflow/example_dags/example_datasets.py for tasks to queue
[2023-11-20T15:15:38.738+0500] {logging_mixin.py:154} INFO - [2023-11-20T15:15:38.737+0500] {dagbag.py:536} INFO - Filling up the DagBag from /home/den/Projects/venv/lib/python3.10/site-packages/airflow/example_dags/example_datasets.py
[2023-11-20T15:15:38.746+0500] {processor.py:839} INFO - DAG(s) dict_keys(['dataset_consumes_unknown_never_scheduled', 'dataset_consumes_1_never_scheduled', 'dataset_consumes_1_and_2', 'dataset_produces_2', 'dataset_produces_1', 'dataset_consumes_1']) retrieved from /home/den/Projects/venv/lib/python3.10/site-packages/airflow/example_dags/example_datasets.py
[2023-11-20T15:15:38.765+0500] {logging_mixin.py:154} INFO - [2023-11-20T15:15:38.765+0500] {dag.py:2941} INFO - Sync 6 DAGs
[2023-11-20T15:15:38.778+0500] {logging_mixin.py:154} INFO - [2023-11-20T15:15:38.778+0500] {dag.py:3722} INFO - Setting next_dagrun for dataset_consumes_1 to None, run_after=None
[2023-11-20T15:15:38.780+0500] {logging_mixin.py:154} INFO - [2023-11-20T15:15:38.780+0500] {dag.py:3722} INFO - Setting next_dagrun for dataset_consumes_1_and_2 to None, run_after=None
[2023-11-20T15:15:38.780+0500] {logging_mixin.py:154} INFO - [2023-11-20T15:15:38.780+0500] {dag.py:3722} INFO - Setting next_dagrun for dataset_consumes_1_never_scheduled to None, run_after=None
[2023-11-20T15:15:38.781+0500] {logging_mixin.py:154} INFO - [2023-11-20T15:15:38.781+0500] {dag.py:3722} INFO - Setting next_dagrun for dataset_consumes_unknown_never_scheduled to None, run_after=None
[2023-11-20T15:15:38.782+0500] {logging_mixin.py:154} INFO - [2023-11-20T15:15:38.782+0500] {dag.py:3722} INFO - Setting next_dagrun for dataset_produces_1 to 2023-11-19T00:00:00+00:00, run_after=2023-11-20T00:00:00+00:00
[2023-11-20T15:15:38.783+0500] {logging_mixin.py:154} INFO - [2023-11-20T15:15:38.783+0500] {dag.py:3722} INFO - Setting next_dagrun for dataset_produces_2 to None, run_after=None
[2023-11-20T15:15:38.815+0500] {processor.py:179} INFO - Processing /home/den/Projects/venv/lib/python3.10/site-packages/airflow/example_dags/example_datasets.py took 0.084 seconds
[2023-11-20T15:16:28.416+0500] {processor.py:157} INFO - Started process (PID=9516) to work on /home/den/Projects/venv/lib/python3.10/site-packages/airflow/example_dags/example_datasets.py
[2023-11-20T15:16:28.418+0500] {processor.py:829} INFO - Processing file /home/den/Projects/venv/lib/python3.10/site-packages/airflow/example_dags/example_datasets.py for tasks to queue
[2023-11-20T15:16:28.418+0500] {logging_mixin.py:154} INFO - [2023-11-20T15:16:28.418+0500] {dagbag.py:536} INFO - Filling up the DagBag from /home/den/Projects/venv/lib/python3.10/site-packages/airflow/example_dags/example_datasets.py
[2023-11-20T15:16:28.427+0500] {processor.py:839} INFO - DAG(s) dict_keys(['dataset_produces_1', 'dataset_consumes_1_never_scheduled', 'dataset_consumes_1', 'dataset_consumes_1_and_2', 'dataset_produces_2', 'dataset_consumes_unknown_never_scheduled']) retrieved from /home/den/Projects/venv/lib/python3.10/site-packages/airflow/example_dags/example_datasets.py
[2023-11-20T15:16:28.450+0500] {logging_mixin.py:154} INFO - [2023-11-20T15:16:28.450+0500] {dag.py:2941} INFO - Sync 6 DAGs
[2023-11-20T15:16:28.465+0500] {logging_mixin.py:154} INFO - [2023-11-20T15:16:28.465+0500] {dag.py:3722} INFO - Setting next_dagrun for dataset_consumes_1 to None, run_after=None
[2023-11-20T15:16:28.467+0500] {logging_mixin.py:154} INFO - [2023-11-20T15:16:28.467+0500] {dag.py:3722} INFO - Setting next_dagrun for dataset_consumes_1_and_2 to None, run_after=None
[2023-11-20T15:16:28.468+0500] {logging_mixin.py:154} INFO - [2023-11-20T15:16:28.468+0500] {dag.py:3722} INFO - Setting next_dagrun for dataset_consumes_1_never_scheduled to None, run_after=None
[2023-11-20T15:16:28.468+0500] {logging_mixin.py:154} INFO - [2023-11-20T15:16:28.468+0500] {dag.py:3722} INFO - Setting next_dagrun for dataset_consumes_unknown_never_scheduled to None, run_after=None
[2023-11-20T15:16:28.470+0500] {logging_mixin.py:154} INFO - [2023-11-20T15:16:28.470+0500] {dag.py:3722} INFO - Setting next_dagrun for dataset_produces_1 to 2023-11-19T00:00:00+00:00, run_after=2023-11-20T00:00:00+00:00
[2023-11-20T15:16:28.470+0500] {logging_mixin.py:154} INFO - [2023-11-20T15:16:28.470+0500] {dag.py:3722} INFO - Setting next_dagrun for dataset_produces_2 to None, run_after=None
[2023-11-20T15:16:28.501+0500] {processor.py:179} INFO - Processing /home/den/Projects/venv/lib/python3.10/site-packages/airflow/example_dags/example_datasets.py took 0.088 seconds
[2023-11-20T15:17:16.390+0500] {processor.py:157} INFO - Started process (PID=9580) to work on /home/den/Projects/venv/lib/python3.10/site-packages/airflow/example_dags/example_datasets.py
[2023-11-20T15:17:16.392+0500] {processor.py:829} INFO - Processing file /home/den/Projects/venv/lib/python3.10/site-packages/airflow/example_dags/example_datasets.py for tasks to queue
[2023-11-20T15:17:16.392+0500] {logging_mixin.py:154} INFO - [2023-11-20T15:17:16.392+0500] {dagbag.py:536} INFO - Filling up the DagBag from /home/den/Projects/venv/lib/python3.10/site-packages/airflow/example_dags/example_datasets.py
[2023-11-20T15:17:16.401+0500] {processor.py:839} INFO - DAG(s) dict_keys(['dataset_produces_1', 'dataset_produces_2', 'dataset_consumes_1_and_2', 'dataset_consumes_1_never_scheduled', 'dataset_consumes_unknown_never_scheduled', 'dataset_consumes_1']) retrieved from /home/den/Projects/venv/lib/python3.10/site-packages/airflow/example_dags/example_datasets.py
[2023-11-20T15:17:16.421+0500] {logging_mixin.py:154} INFO - [2023-11-20T15:17:16.421+0500] {dag.py:2941} INFO - Sync 6 DAGs
[2023-11-20T15:17:16.435+0500] {logging_mixin.py:154} INFO - [2023-11-20T15:17:16.435+0500] {dag.py:3722} INFO - Setting next_dagrun for dataset_consumes_1 to None, run_after=None
[2023-11-20T15:17:16.438+0500] {logging_mixin.py:154} INFO - [2023-11-20T15:17:16.438+0500] {dag.py:3722} INFO - Setting next_dagrun for dataset_consumes_1_and_2 to None, run_after=None
[2023-11-20T15:17:16.438+0500] {logging_mixin.py:154} INFO - [2023-11-20T15:17:16.438+0500] {dag.py:3722} INFO - Setting next_dagrun for dataset_consumes_1_never_scheduled to None, run_after=None
[2023-11-20T15:17:16.439+0500] {logging_mixin.py:154} INFO - [2023-11-20T15:17:16.439+0500] {dag.py:3722} INFO - Setting next_dagrun for dataset_consumes_unknown_never_scheduled to None, run_after=None
[2023-11-20T15:17:16.441+0500] {logging_mixin.py:154} INFO - [2023-11-20T15:17:16.441+0500] {dag.py:3722} INFO - Setting next_dagrun for dataset_produces_1 to 2023-11-19T00:00:00+00:00, run_after=2023-11-20T00:00:00+00:00
[2023-11-20T15:17:16.441+0500] {logging_mixin.py:154} INFO - [2023-11-20T15:17:16.441+0500] {dag.py:3722} INFO - Setting next_dagrun for dataset_produces_2 to None, run_after=None
[2023-11-20T15:17:16.465+0500] {processor.py:179} INFO - Processing /home/den/Projects/venv/lib/python3.10/site-packages/airflow/example_dags/example_datasets.py took 0.079 seconds
[2023-11-20T15:17:59.801+0500] {processor.py:157} INFO - Started process (PID=9671) to work on /home/den/Projects/venv/lib/python3.10/site-packages/airflow/example_dags/example_datasets.py
[2023-11-20T15:17:59.804+0500] {processor.py:829} INFO - Processing file /home/den/Projects/venv/lib/python3.10/site-packages/airflow/example_dags/example_datasets.py for tasks to queue
[2023-11-20T15:17:59.805+0500] {logging_mixin.py:154} INFO - [2023-11-20T15:17:59.805+0500] {dagbag.py:536} INFO - Filling up the DagBag from /home/den/Projects/venv/lib/python3.10/site-packages/airflow/example_dags/example_datasets.py
[2023-11-20T15:17:59.814+0500] {processor.py:839} INFO - DAG(s) dict_keys(['dataset_consumes_1', 'dataset_produces_2', 'dataset_consumes_1_and_2', 'dataset_consumes_1_never_scheduled', 'dataset_produces_1', 'dataset_consumes_unknown_never_scheduled']) retrieved from /home/den/Projects/venv/lib/python3.10/site-packages/airflow/example_dags/example_datasets.py
[2023-11-20T15:17:59.834+0500] {logging_mixin.py:154} INFO - [2023-11-20T15:17:59.834+0500] {dag.py:2941} INFO - Sync 6 DAGs
[2023-11-20T15:17:59.847+0500] {logging_mixin.py:154} INFO - [2023-11-20T15:17:59.847+0500] {dag.py:3722} INFO - Setting next_dagrun for dataset_consumes_1 to None, run_after=None
[2023-11-20T15:17:59.849+0500] {logging_mixin.py:154} INFO - [2023-11-20T15:17:59.849+0500] {dag.py:3722} INFO - Setting next_dagrun for dataset_consumes_1_and_2 to None, run_after=None
[2023-11-20T15:17:59.850+0500] {logging_mixin.py:154} INFO - [2023-11-20T15:17:59.850+0500] {dag.py:3722} INFO - Setting next_dagrun for dataset_consumes_1_never_scheduled to None, run_after=None
[2023-11-20T15:17:59.850+0500] {logging_mixin.py:154} INFO - [2023-11-20T15:17:59.850+0500] {dag.py:3722} INFO - Setting next_dagrun for dataset_consumes_unknown_never_scheduled to None, run_after=None
[2023-11-20T15:17:59.852+0500] {logging_mixin.py:154} INFO - [2023-11-20T15:17:59.852+0500] {dag.py:3722} INFO - Setting next_dagrun for dataset_produces_1 to 2023-11-19T00:00:00+00:00, run_after=2023-11-20T00:00:00+00:00
[2023-11-20T15:17:59.855+0500] {logging_mixin.py:154} INFO - [2023-11-20T15:17:59.854+0500] {dag.py:3722} INFO - Setting next_dagrun for dataset_produces_2 to None, run_after=None
[2023-11-20T15:17:59.887+0500] {processor.py:179} INFO - Processing /home/den/Projects/venv/lib/python3.10/site-packages/airflow/example_dags/example_datasets.py took 0.088 seconds
[2023-11-20T15:18:54.903+0500] {processor.py:157} INFO - Started process (PID=9747) to work on /home/den/Projects/venv/lib/python3.10/site-packages/airflow/example_dags/example_datasets.py
[2023-11-20T15:18:54.904+0500] {processor.py:829} INFO - Processing file /home/den/Projects/venv/lib/python3.10/site-packages/airflow/example_dags/example_datasets.py for tasks to queue
[2023-11-20T15:18:54.905+0500] {logging_mixin.py:154} INFO - [2023-11-20T15:18:54.904+0500] {dagbag.py:536} INFO - Filling up the DagBag from /home/den/Projects/venv/lib/python3.10/site-packages/airflow/example_dags/example_datasets.py
[2023-11-20T15:18:54.915+0500] {processor.py:839} INFO - DAG(s) dict_keys(['dataset_consumes_1_never_scheduled', 'dataset_consumes_1_and_2', 'dataset_produces_2', 'dataset_consumes_unknown_never_scheduled', 'dataset_consumes_1', 'dataset_produces_1']) retrieved from /home/den/Projects/venv/lib/python3.10/site-packages/airflow/example_dags/example_datasets.py
[2023-11-20T15:18:54.934+0500] {logging_mixin.py:154} INFO - [2023-11-20T15:18:54.934+0500] {dag.py:2941} INFO - Sync 6 DAGs
[2023-11-20T15:18:54.947+0500] {logging_mixin.py:154} INFO - [2023-11-20T15:18:54.947+0500] {dag.py:3722} INFO - Setting next_dagrun for dataset_consumes_1 to None, run_after=None
[2023-11-20T15:18:54.949+0500] {logging_mixin.py:154} INFO - [2023-11-20T15:18:54.949+0500] {dag.py:3722} INFO - Setting next_dagrun for dataset_consumes_1_and_2 to None, run_after=None
[2023-11-20T15:18:54.949+0500] {logging_mixin.py:154} INFO - [2023-11-20T15:18:54.949+0500] {dag.py:3722} INFO - Setting next_dagrun for dataset_consumes_1_never_scheduled to None, run_after=None
[2023-11-20T15:18:54.950+0500] {logging_mixin.py:154} INFO - [2023-11-20T15:18:54.950+0500] {dag.py:3722} INFO - Setting next_dagrun for dataset_consumes_unknown_never_scheduled to None, run_after=None
[2023-11-20T15:18:54.951+0500] {logging_mixin.py:154} INFO - [2023-11-20T15:18:54.951+0500] {dag.py:3722} INFO - Setting next_dagrun for dataset_produces_1 to 2023-11-19T00:00:00+00:00, run_after=2023-11-20T00:00:00+00:00
[2023-11-20T15:18:54.952+0500] {logging_mixin.py:154} INFO - [2023-11-20T15:18:54.952+0500] {dag.py:3722} INFO - Setting next_dagrun for dataset_produces_2 to None, run_after=None
[2023-11-20T15:18:54.980+0500] {processor.py:179} INFO - Processing /home/den/Projects/venv/lib/python3.10/site-packages/airflow/example_dags/example_datasets.py took 0.080 seconds
[2023-11-20T15:19:40.313+0500] {processor.py:157} INFO - Started process (PID=9819) to work on /home/den/Projects/venv/lib/python3.10/site-packages/airflow/example_dags/example_datasets.py
[2023-11-20T15:19:40.314+0500] {processor.py:829} INFO - Processing file /home/den/Projects/venv/lib/python3.10/site-packages/airflow/example_dags/example_datasets.py for tasks to queue
[2023-11-20T15:19:40.315+0500] {logging_mixin.py:154} INFO - [2023-11-20T15:19:40.315+0500] {dagbag.py:536} INFO - Filling up the DagBag from /home/den/Projects/venv/lib/python3.10/site-packages/airflow/example_dags/example_datasets.py
[2023-11-20T15:19:40.323+0500] {processor.py:839} INFO - DAG(s) dict_keys(['dataset_produces_2', 'dataset_consumes_unknown_never_scheduled', 'dataset_consumes_1_never_scheduled', 'dataset_consumes_1', 'dataset_produces_1', 'dataset_consumes_1_and_2']) retrieved from /home/den/Projects/venv/lib/python3.10/site-packages/airflow/example_dags/example_datasets.py
[2023-11-20T15:19:40.341+0500] {logging_mixin.py:154} INFO - [2023-11-20T15:19:40.341+0500] {dag.py:2941} INFO - Sync 6 DAGs
[2023-11-20T15:19:40.354+0500] {logging_mixin.py:154} INFO - [2023-11-20T15:19:40.354+0500] {dag.py:3722} INFO - Setting next_dagrun for dataset_consumes_1 to None, run_after=None
[2023-11-20T15:19:40.355+0500] {logging_mixin.py:154} INFO - [2023-11-20T15:19:40.355+0500] {dag.py:3722} INFO - Setting next_dagrun for dataset_consumes_1_and_2 to None, run_after=None
[2023-11-20T15:19:40.356+0500] {logging_mixin.py:154} INFO - [2023-11-20T15:19:40.356+0500] {dag.py:3722} INFO - Setting next_dagrun for dataset_consumes_1_never_scheduled to None, run_after=None
[2023-11-20T15:19:40.356+0500] {logging_mixin.py:154} INFO - [2023-11-20T15:19:40.356+0500] {dag.py:3722} INFO - Setting next_dagrun for dataset_consumes_unknown_never_scheduled to None, run_after=None
[2023-11-20T15:19:40.358+0500] {logging_mixin.py:154} INFO - [2023-11-20T15:19:40.358+0500] {dag.py:3722} INFO - Setting next_dagrun for dataset_produces_1 to 2023-11-19T00:00:00+00:00, run_after=2023-11-20T00:00:00+00:00
[2023-11-20T15:19:40.358+0500] {logging_mixin.py:154} INFO - [2023-11-20T15:19:40.358+0500] {dag.py:3722} INFO - Setting next_dagrun for dataset_produces_2 to None, run_after=None
[2023-11-20T15:19:40.392+0500] {processor.py:179} INFO - Processing /home/den/Projects/venv/lib/python3.10/site-packages/airflow/example_dags/example_datasets.py took 0.083 seconds
[2023-11-20T15:20:39.812+0500] {processor.py:157} INFO - Started process (PID=9974) to work on /home/den/Projects/venv/lib/python3.10/site-packages/airflow/example_dags/example_datasets.py
[2023-11-20T15:20:39.815+0500] {processor.py:829} INFO - Processing file /home/den/Projects/venv/lib/python3.10/site-packages/airflow/example_dags/example_datasets.py for tasks to queue
[2023-11-20T15:20:39.816+0500] {logging_mixin.py:154} INFO - [2023-11-20T15:20:39.816+0500] {dagbag.py:536} INFO - Filling up the DagBag from /home/den/Projects/venv/lib/python3.10/site-packages/airflow/example_dags/example_datasets.py
[2023-11-20T15:20:39.825+0500] {processor.py:839} INFO - DAG(s) dict_keys(['dataset_consumes_1_never_scheduled', 'dataset_produces_1', 'dataset_consumes_unknown_never_scheduled', 'dataset_produces_2', 'dataset_consumes_1', 'dataset_consumes_1_and_2']) retrieved from /home/den/Projects/venv/lib/python3.10/site-packages/airflow/example_dags/example_datasets.py
[2023-11-20T15:20:39.871+0500] {logging_mixin.py:154} INFO - [2023-11-20T15:20:39.866+0500] {dag.py:2941} INFO - Sync 6 DAGs
[2023-11-20T15:20:39.904+0500] {logging_mixin.py:154} INFO - [2023-11-20T15:20:39.904+0500] {dag.py:3722} INFO - Setting next_dagrun for dataset_consumes_1 to None, run_after=None
[2023-11-20T15:20:39.908+0500] {logging_mixin.py:154} INFO - [2023-11-20T15:20:39.908+0500] {dag.py:3722} INFO - Setting next_dagrun for dataset_consumes_1_and_2 to None, run_after=None
[2023-11-20T15:20:39.909+0500] {logging_mixin.py:154} INFO - [2023-11-20T15:20:39.909+0500] {dag.py:3722} INFO - Setting next_dagrun for dataset_consumes_1_never_scheduled to None, run_after=None
[2023-11-20T15:20:39.910+0500] {logging_mixin.py:154} INFO - [2023-11-20T15:20:39.909+0500] {dag.py:3722} INFO - Setting next_dagrun for dataset_consumes_unknown_never_scheduled to None, run_after=None
[2023-11-20T15:20:39.913+0500] {logging_mixin.py:154} INFO - [2023-11-20T15:20:39.912+0500] {dag.py:3722} INFO - Setting next_dagrun for dataset_produces_1 to 2023-11-19T00:00:00+00:00, run_after=2023-11-20T00:00:00+00:00
[2023-11-20T15:20:39.914+0500] {logging_mixin.py:154} INFO - [2023-11-20T15:20:39.914+0500] {dag.py:3722} INFO - Setting next_dagrun for dataset_produces_2 to None, run_after=None
[2023-11-20T15:20:39.962+0500] {processor.py:179} INFO - Processing /home/den/Projects/venv/lib/python3.10/site-packages/airflow/example_dags/example_datasets.py took 0.154 seconds
[2023-11-20T15:21:41.879+0500] {processor.py:157} INFO - Started process (PID=10058) to work on /home/den/Projects/venv/lib/python3.10/site-packages/airflow/example_dags/example_datasets.py
[2023-11-20T15:21:41.885+0500] {processor.py:829} INFO - Processing file /home/den/Projects/venv/lib/python3.10/site-packages/airflow/example_dags/example_datasets.py for tasks to queue
[2023-11-20T15:21:41.887+0500] {logging_mixin.py:154} INFO - [2023-11-20T15:21:41.886+0500] {dagbag.py:536} INFO - Filling up the DagBag from /home/den/Projects/venv/lib/python3.10/site-packages/airflow/example_dags/example_datasets.py
[2023-11-20T15:21:41.901+0500] {processor.py:839} INFO - DAG(s) dict_keys(['dataset_consumes_1_never_scheduled', 'dataset_consumes_unknown_never_scheduled', 'dataset_consumes_1', 'dataset_consumes_1_and_2', 'dataset_produces_2', 'dataset_produces_1']) retrieved from /home/den/Projects/venv/lib/python3.10/site-packages/airflow/example_dags/example_datasets.py
[2023-11-20T15:21:41.945+0500] {logging_mixin.py:154} INFO - [2023-11-20T15:21:41.945+0500] {dag.py:2941} INFO - Sync 6 DAGs
[2023-11-20T15:21:41.966+0500] {logging_mixin.py:154} INFO - [2023-11-20T15:21:41.966+0500] {dag.py:3722} INFO - Setting next_dagrun for dataset_consumes_1 to None, run_after=None
[2023-11-20T15:21:41.968+0500] {logging_mixin.py:154} INFO - [2023-11-20T15:21:41.968+0500] {dag.py:3722} INFO - Setting next_dagrun for dataset_consumes_1_and_2 to None, run_after=None
[2023-11-20T15:21:41.968+0500] {logging_mixin.py:154} INFO - [2023-11-20T15:21:41.968+0500] {dag.py:3722} INFO - Setting next_dagrun for dataset_consumes_1_never_scheduled to None, run_after=None
[2023-11-20T15:21:41.969+0500] {logging_mixin.py:154} INFO - [2023-11-20T15:21:41.969+0500] {dag.py:3722} INFO - Setting next_dagrun for dataset_consumes_unknown_never_scheduled to None, run_after=None
[2023-11-20T15:21:41.972+0500] {logging_mixin.py:154} INFO - [2023-11-20T15:21:41.972+0500] {dag.py:3722} INFO - Setting next_dagrun for dataset_produces_1 to 2023-11-19T00:00:00+00:00, run_after=2023-11-20T00:00:00+00:00
[2023-11-20T15:21:41.974+0500] {logging_mixin.py:154} INFO - [2023-11-20T15:21:41.974+0500] {dag.py:3722} INFO - Setting next_dagrun for dataset_produces_2 to None, run_after=None
[2023-11-20T15:21:42.022+0500] {processor.py:179} INFO - Processing /home/den/Projects/venv/lib/python3.10/site-packages/airflow/example_dags/example_datasets.py took 0.146 seconds
[2023-11-20T15:22:46.174+0500] {processor.py:157} INFO - Started process (PID=10163) to work on /home/den/Projects/venv/lib/python3.10/site-packages/airflow/example_dags/example_datasets.py
[2023-11-20T15:22:46.183+0500] {processor.py:829} INFO - Processing file /home/den/Projects/venv/lib/python3.10/site-packages/airflow/example_dags/example_datasets.py for tasks to queue
[2023-11-20T15:22:46.184+0500] {logging_mixin.py:154} INFO - [2023-11-20T15:22:46.184+0500] {dagbag.py:536} INFO - Filling up the DagBag from /home/den/Projects/venv/lib/python3.10/site-packages/airflow/example_dags/example_datasets.py
[2023-11-20T15:22:46.197+0500] {processor.py:839} INFO - DAG(s) dict_keys(['dataset_produces_1', 'dataset_consumes_1', 'dataset_consumes_1_and_2', 'dataset_produces_2', 'dataset_consumes_1_never_scheduled', 'dataset_consumes_unknown_never_scheduled']) retrieved from /home/den/Projects/venv/lib/python3.10/site-packages/airflow/example_dags/example_datasets.py
[2023-11-20T15:22:46.231+0500] {logging_mixin.py:154} INFO - [2023-11-20T15:22:46.230+0500] {dag.py:2941} INFO - Sync 6 DAGs
[2023-11-20T15:22:46.255+0500] {logging_mixin.py:154} INFO - [2023-11-20T15:22:46.255+0500] {dag.py:3722} INFO - Setting next_dagrun for dataset_consumes_1 to None, run_after=None
[2023-11-20T15:22:46.263+0500] {logging_mixin.py:154} INFO - [2023-11-20T15:22:46.263+0500] {dag.py:3722} INFO - Setting next_dagrun for dataset_consumes_1_and_2 to None, run_after=None
[2023-11-20T15:22:46.265+0500] {logging_mixin.py:154} INFO - [2023-11-20T15:22:46.265+0500] {dag.py:3722} INFO - Setting next_dagrun for dataset_consumes_1_never_scheduled to None, run_after=None
[2023-11-20T15:22:46.266+0500] {logging_mixin.py:154} INFO - [2023-11-20T15:22:46.266+0500] {dag.py:3722} INFO - Setting next_dagrun for dataset_consumes_unknown_never_scheduled to None, run_after=None
[2023-11-20T15:22:46.270+0500] {logging_mixin.py:154} INFO - [2023-11-20T15:22:46.270+0500] {dag.py:3722} INFO - Setting next_dagrun for dataset_produces_1 to 2023-11-19T00:00:00+00:00, run_after=2023-11-20T00:00:00+00:00
[2023-11-20T15:22:46.271+0500] {logging_mixin.py:154} INFO - [2023-11-20T15:22:46.271+0500] {dag.py:3722} INFO - Setting next_dagrun for dataset_produces_2 to None, run_after=None
[2023-11-20T15:22:46.328+0500] {processor.py:179} INFO - Processing /home/den/Projects/venv/lib/python3.10/site-packages/airflow/example_dags/example_datasets.py took 0.157 seconds
[2023-11-20T15:23:45.564+0500] {processor.py:157} INFO - Started process (PID=10276) to work on /home/den/Projects/venv/lib/python3.10/site-packages/airflow/example_dags/example_datasets.py
[2023-11-20T15:23:45.575+0500] {processor.py:829} INFO - Processing file /home/den/Projects/venv/lib/python3.10/site-packages/airflow/example_dags/example_datasets.py for tasks to queue
[2023-11-20T15:23:45.581+0500] {logging_mixin.py:154} INFO - [2023-11-20T15:23:45.579+0500] {dagbag.py:536} INFO - Filling up the DagBag from /home/den/Projects/venv/lib/python3.10/site-packages/airflow/example_dags/example_datasets.py
[2023-11-20T15:23:45.620+0500] {processor.py:839} INFO - DAG(s) dict_keys(['dataset_consumes_unknown_never_scheduled', 'dataset_consumes_1_and_2', 'dataset_produces_2', 'dataset_consumes_1', 'dataset_produces_1', 'dataset_consumes_1_never_scheduled']) retrieved from /home/den/Projects/venv/lib/python3.10/site-packages/airflow/example_dags/example_datasets.py
[2023-11-20T15:23:45.642+0500] {logging_mixin.py:154} INFO - [2023-11-20T15:23:45.642+0500] {dag.py:2941} INFO - Sync 6 DAGs
[2023-11-20T15:23:45.658+0500] {logging_mixin.py:154} INFO - [2023-11-20T15:23:45.658+0500] {dag.py:3722} INFO - Setting next_dagrun for dataset_consumes_1 to None, run_after=None
[2023-11-20T15:23:45.660+0500] {logging_mixin.py:154} INFO - [2023-11-20T15:23:45.660+0500] {dag.py:3722} INFO - Setting next_dagrun for dataset_consumes_1_and_2 to None, run_after=None
[2023-11-20T15:23:45.660+0500] {logging_mixin.py:154} INFO - [2023-11-20T15:23:45.660+0500] {dag.py:3722} INFO - Setting next_dagrun for dataset_consumes_1_never_scheduled to None, run_after=None
[2023-11-20T15:23:45.661+0500] {logging_mixin.py:154} INFO - [2023-11-20T15:23:45.661+0500] {dag.py:3722} INFO - Setting next_dagrun for dataset_consumes_unknown_never_scheduled to None, run_after=None
[2023-11-20T15:23:45.663+0500] {logging_mixin.py:154} INFO - [2023-11-20T15:23:45.663+0500] {dag.py:3722} INFO - Setting next_dagrun for dataset_produces_1 to 2023-11-19T00:00:00+00:00, run_after=2023-11-20T00:00:00+00:00
[2023-11-20T15:23:45.664+0500] {logging_mixin.py:154} INFO - [2023-11-20T15:23:45.664+0500] {dag.py:3722} INFO - Setting next_dagrun for dataset_produces_2 to None, run_after=None
[2023-11-20T15:23:45.760+0500] {processor.py:179} INFO - Processing /home/den/Projects/venv/lib/python3.10/site-packages/airflow/example_dags/example_datasets.py took 0.241 seconds
