[2023-11-20T14:39:52.345+0500] {processor.py:157} INFO - Started process (PID=5240) to work on /home/den/Projects/venv/lib/python3.10/site-packages/airflow/example_dags/example_external_task_marker_dag.py
[2023-11-20T14:39:52.346+0500] {processor.py:829} INFO - Processing file /home/den/Projects/venv/lib/python3.10/site-packages/airflow/example_dags/example_external_task_marker_dag.py for tasks to queue
[2023-11-20T14:39:52.347+0500] {logging_mixin.py:154} INFO - [2023-11-20T14:39:52.346+0500] {dagbag.py:536} INFO - Filling up the DagBag from /home/den/Projects/venv/lib/python3.10/site-packages/airflow/example_dags/example_external_task_marker_dag.py
[2023-11-20T14:39:52.356+0500] {processor.py:839} INFO - DAG(s) dict_keys(['example_external_task_marker_parent', 'example_external_task_marker_child']) retrieved from /home/den/Projects/venv/lib/python3.10/site-packages/airflow/example_dags/example_external_task_marker_dag.py
[2023-11-20T14:39:52.462+0500] {logging_mixin.py:154} INFO - [2023-11-20T14:39:52.462+0500] {manager.py:499} INFO - Created Permission View: %s
[2023-11-20T14:39:52.479+0500] {logging_mixin.py:154} INFO - [2023-11-20T14:39:52.479+0500] {manager.py:499} INFO - Created Permission View: %s
[2023-11-20T14:39:52.490+0500] {logging_mixin.py:154} INFO - [2023-11-20T14:39:52.490+0500] {manager.py:499} INFO - Created Permission View: %s
[2023-11-20T14:39:52.515+0500] {logging_mixin.py:154} INFO - [2023-11-20T14:39:52.514+0500] {manager.py:499} INFO - Created Permission View: %s
[2023-11-20T14:39:52.525+0500] {logging_mixin.py:154} INFO - [2023-11-20T14:39:52.525+0500] {manager.py:499} INFO - Created Permission View: %s
[2023-11-20T14:39:52.535+0500] {logging_mixin.py:154} INFO - [2023-11-20T14:39:52.534+0500] {manager.py:499} INFO - Created Permission View: %s
[2023-11-20T14:39:52.535+0500] {logging_mixin.py:154} INFO - [2023-11-20T14:39:52.535+0500] {dag.py:2941} INFO - Sync 2 DAGs
[2023-11-20T14:39:52.542+0500] {logging_mixin.py:154} INFO - [2023-11-20T14:39:52.541+0500] {dag.py:2963} INFO - Creating ORM DAG for example_external_task_marker_child
[2023-11-20T14:39:52.542+0500] {logging_mixin.py:154} INFO - [2023-11-20T14:39:52.542+0500] {dag.py:2963} INFO - Creating ORM DAG for example_external_task_marker_parent
[2023-11-20T14:39:52.542+0500] {logging_mixin.py:154} INFO - [2023-11-20T14:39:52.542+0500] {dag.py:3722} INFO - Setting next_dagrun for example_external_task_marker_child to None, run_after=None
[2023-11-20T14:39:52.542+0500] {logging_mixin.py:154} INFO - [2023-11-20T14:39:52.542+0500] {dag.py:3722} INFO - Setting next_dagrun for example_external_task_marker_parent to None, run_after=None
[2023-11-20T14:39:52.561+0500] {processor.py:179} INFO - Processing /home/den/Projects/venv/lib/python3.10/site-packages/airflow/example_dags/example_external_task_marker_dag.py took 0.219 seconds
[2023-11-20T14:40:39.251+0500] {processor.py:157} INFO - Started process (PID=5320) to work on /home/den/Projects/venv/lib/python3.10/site-packages/airflow/example_dags/example_external_task_marker_dag.py
[2023-11-20T14:40:39.253+0500] {processor.py:829} INFO - Processing file /home/den/Projects/venv/lib/python3.10/site-packages/airflow/example_dags/example_external_task_marker_dag.py for tasks to queue
[2023-11-20T14:40:39.253+0500] {logging_mixin.py:154} INFO - [2023-11-20T14:40:39.253+0500] {dagbag.py:536} INFO - Filling up the DagBag from /home/den/Projects/venv/lib/python3.10/site-packages/airflow/example_dags/example_external_task_marker_dag.py
[2023-11-20T14:40:39.260+0500] {processor.py:839} INFO - DAG(s) dict_keys(['example_external_task_marker_child', 'example_external_task_marker_parent']) retrieved from /home/den/Projects/venv/lib/python3.10/site-packages/airflow/example_dags/example_external_task_marker_dag.py
[2023-11-20T14:40:39.276+0500] {logging_mixin.py:154} INFO - [2023-11-20T14:40:39.276+0500] {dag.py:2941} INFO - Sync 2 DAGs
[2023-11-20T14:40:39.283+0500] {logging_mixin.py:154} INFO - [2023-11-20T14:40:39.283+0500] {dag.py:3722} INFO - Setting next_dagrun for example_external_task_marker_child to None, run_after=None
[2023-11-20T14:40:39.285+0500] {logging_mixin.py:154} INFO - [2023-11-20T14:40:39.285+0500] {dag.py:3722} INFO - Setting next_dagrun for example_external_task_marker_parent to None, run_after=None
[2023-11-20T14:40:39.300+0500] {processor.py:179} INFO - Processing /home/den/Projects/venv/lib/python3.10/site-packages/airflow/example_dags/example_external_task_marker_dag.py took 0.052 seconds
[2023-11-20T14:50:17.338+0500] {processor.py:157} INFO - Started process (PID=6524) to work on /home/den/Projects/venv/lib/python3.10/site-packages/airflow/example_dags/example_external_task_marker_dag.py
[2023-11-20T14:50:17.340+0500] {processor.py:829} INFO - Processing file /home/den/Projects/venv/lib/python3.10/site-packages/airflow/example_dags/example_external_task_marker_dag.py for tasks to queue
[2023-11-20T14:50:17.340+0500] {logging_mixin.py:154} INFO - [2023-11-20T14:50:17.340+0500] {dagbag.py:536} INFO - Filling up the DagBag from /home/den/Projects/venv/lib/python3.10/site-packages/airflow/example_dags/example_external_task_marker_dag.py
[2023-11-20T14:50:17.346+0500] {processor.py:839} INFO - DAG(s) dict_keys(['example_external_task_marker_child', 'example_external_task_marker_parent']) retrieved from /home/den/Projects/venv/lib/python3.10/site-packages/airflow/example_dags/example_external_task_marker_dag.py
[2023-11-20T14:50:17.360+0500] {logging_mixin.py:154} INFO - [2023-11-20T14:50:17.360+0500] {dag.py:2941} INFO - Sync 2 DAGs
[2023-11-20T14:50:17.370+0500] {logging_mixin.py:154} INFO - [2023-11-20T14:50:17.370+0500] {dag.py:3722} INFO - Setting next_dagrun for example_external_task_marker_child to None, run_after=None
[2023-11-20T14:50:17.371+0500] {logging_mixin.py:154} INFO - [2023-11-20T14:50:17.371+0500] {dag.py:3722} INFO - Setting next_dagrun for example_external_task_marker_parent to None, run_after=None
[2023-11-20T14:50:17.386+0500] {processor.py:179} INFO - Processing /home/den/Projects/venv/lib/python3.10/site-packages/airflow/example_dags/example_external_task_marker_dag.py took 0.051 seconds
[2023-11-20T14:51:05.783+0500] {processor.py:157} INFO - Started process (PID=6583) to work on /home/den/Projects/venv/lib/python3.10/site-packages/airflow/example_dags/example_external_task_marker_dag.py
[2023-11-20T14:51:05.784+0500] {processor.py:829} INFO - Processing file /home/den/Projects/venv/lib/python3.10/site-packages/airflow/example_dags/example_external_task_marker_dag.py for tasks to queue
[2023-11-20T14:51:05.785+0500] {logging_mixin.py:154} INFO - [2023-11-20T14:51:05.785+0500] {dagbag.py:536} INFO - Filling up the DagBag from /home/den/Projects/venv/lib/python3.10/site-packages/airflow/example_dags/example_external_task_marker_dag.py
[2023-11-20T14:51:05.790+0500] {processor.py:839} INFO - DAG(s) dict_keys(['example_external_task_marker_parent', 'example_external_task_marker_child']) retrieved from /home/den/Projects/venv/lib/python3.10/site-packages/airflow/example_dags/example_external_task_marker_dag.py
[2023-11-20T14:51:05.805+0500] {logging_mixin.py:154} INFO - [2023-11-20T14:51:05.805+0500] {dag.py:2941} INFO - Sync 2 DAGs
[2023-11-20T14:51:05.813+0500] {logging_mixin.py:154} INFO - [2023-11-20T14:51:05.813+0500] {dag.py:3722} INFO - Setting next_dagrun for example_external_task_marker_child to None, run_after=None
[2023-11-20T14:51:05.815+0500] {logging_mixin.py:154} INFO - [2023-11-20T14:51:05.815+0500] {dag.py:3722} INFO - Setting next_dagrun for example_external_task_marker_parent to None, run_after=None
[2023-11-20T14:51:05.831+0500] {processor.py:179} INFO - Processing /home/den/Projects/venv/lib/python3.10/site-packages/airflow/example_dags/example_external_task_marker_dag.py took 0.051 seconds
[2023-11-20T14:51:55.704+0500] {processor.py:157} INFO - Started process (PID=6692) to work on /home/den/Projects/venv/lib/python3.10/site-packages/airflow/example_dags/example_external_task_marker_dag.py
[2023-11-20T14:51:55.705+0500] {processor.py:829} INFO - Processing file /home/den/Projects/venv/lib/python3.10/site-packages/airflow/example_dags/example_external_task_marker_dag.py for tasks to queue
[2023-11-20T14:51:55.706+0500] {logging_mixin.py:154} INFO - [2023-11-20T14:51:55.705+0500] {dagbag.py:536} INFO - Filling up the DagBag from /home/den/Projects/venv/lib/python3.10/site-packages/airflow/example_dags/example_external_task_marker_dag.py
[2023-11-20T14:51:55.710+0500] {processor.py:839} INFO - DAG(s) dict_keys(['example_external_task_marker_parent', 'example_external_task_marker_child']) retrieved from /home/den/Projects/venv/lib/python3.10/site-packages/airflow/example_dags/example_external_task_marker_dag.py
[2023-11-20T14:51:55.730+0500] {logging_mixin.py:154} INFO - [2023-11-20T14:51:55.730+0500] {dag.py:2941} INFO - Sync 2 DAGs
[2023-11-20T14:51:55.738+0500] {logging_mixin.py:154} INFO - [2023-11-20T14:51:55.738+0500] {dag.py:3722} INFO - Setting next_dagrun for example_external_task_marker_child to None, run_after=None
[2023-11-20T14:51:55.740+0500] {logging_mixin.py:154} INFO - [2023-11-20T14:51:55.740+0500] {dag.py:3722} INFO - Setting next_dagrun for example_external_task_marker_parent to None, run_after=None
[2023-11-20T14:51:55.756+0500] {processor.py:179} INFO - Processing /home/den/Projects/venv/lib/python3.10/site-packages/airflow/example_dags/example_external_task_marker_dag.py took 0.055 seconds
[2023-11-20T14:57:49.409+0500] {processor.py:157} INFO - Started process (PID=7705) to work on /home/den/Projects/venv/lib/python3.10/site-packages/airflow/example_dags/example_external_task_marker_dag.py
[2023-11-20T14:57:49.412+0500] {processor.py:829} INFO - Processing file /home/den/Projects/venv/lib/python3.10/site-packages/airflow/example_dags/example_external_task_marker_dag.py for tasks to queue
[2023-11-20T14:57:49.413+0500] {logging_mixin.py:154} INFO - [2023-11-20T14:57:49.412+0500] {dagbag.py:536} INFO - Filling up the DagBag from /home/den/Projects/venv/lib/python3.10/site-packages/airflow/example_dags/example_external_task_marker_dag.py
[2023-11-20T14:57:49.423+0500] {processor.py:839} INFO - DAG(s) dict_keys(['example_external_task_marker_child', 'example_external_task_marker_parent']) retrieved from /home/den/Projects/venv/lib/python3.10/site-packages/airflow/example_dags/example_external_task_marker_dag.py
[2023-11-20T14:57:49.448+0500] {logging_mixin.py:154} INFO - [2023-11-20T14:57:49.448+0500] {dag.py:2941} INFO - Sync 2 DAGs
[2023-11-20T14:57:49.459+0500] {logging_mixin.py:154} INFO - [2023-11-20T14:57:49.459+0500] {dag.py:3722} INFO - Setting next_dagrun for example_external_task_marker_child to None, run_after=None
[2023-11-20T14:57:49.461+0500] {logging_mixin.py:154} INFO - [2023-11-20T14:57:49.461+0500] {dag.py:3722} INFO - Setting next_dagrun for example_external_task_marker_parent to None, run_after=None
[2023-11-20T14:57:49.479+0500] {processor.py:179} INFO - Processing /home/den/Projects/venv/lib/python3.10/site-packages/airflow/example_dags/example_external_task_marker_dag.py took 0.074 seconds
[2023-11-20T14:58:38.267+0500] {processor.py:157} INFO - Started process (PID=7779) to work on /home/den/Projects/venv/lib/python3.10/site-packages/airflow/example_dags/example_external_task_marker_dag.py
[2023-11-20T14:58:38.270+0500] {processor.py:829} INFO - Processing file /home/den/Projects/venv/lib/python3.10/site-packages/airflow/example_dags/example_external_task_marker_dag.py for tasks to queue
[2023-11-20T14:58:38.271+0500] {logging_mixin.py:154} INFO - [2023-11-20T14:58:38.271+0500] {dagbag.py:536} INFO - Filling up the DagBag from /home/den/Projects/venv/lib/python3.10/site-packages/airflow/example_dags/example_external_task_marker_dag.py
[2023-11-20T14:58:38.280+0500] {processor.py:839} INFO - DAG(s) dict_keys(['example_external_task_marker_parent', 'example_external_task_marker_child']) retrieved from /home/den/Projects/venv/lib/python3.10/site-packages/airflow/example_dags/example_external_task_marker_dag.py
[2023-11-20T14:58:38.303+0500] {logging_mixin.py:154} INFO - [2023-11-20T14:58:38.303+0500] {dag.py:2941} INFO - Sync 2 DAGs
[2023-11-20T14:58:38.313+0500] {logging_mixin.py:154} INFO - [2023-11-20T14:58:38.313+0500] {dag.py:3722} INFO - Setting next_dagrun for example_external_task_marker_child to None, run_after=None
[2023-11-20T14:58:38.316+0500] {logging_mixin.py:154} INFO - [2023-11-20T14:58:38.316+0500] {dag.py:3722} INFO - Setting next_dagrun for example_external_task_marker_parent to None, run_after=None
[2023-11-20T14:58:38.341+0500] {processor.py:179} INFO - Processing /home/den/Projects/venv/lib/python3.10/site-packages/airflow/example_dags/example_external_task_marker_dag.py took 0.079 seconds
[2023-11-20T14:59:24.386+0500] {processor.py:157} INFO - Started process (PID=7849) to work on /home/den/Projects/venv/lib/python3.10/site-packages/airflow/example_dags/example_external_task_marker_dag.py
[2023-11-20T14:59:24.387+0500] {processor.py:829} INFO - Processing file /home/den/Projects/venv/lib/python3.10/site-packages/airflow/example_dags/example_external_task_marker_dag.py for tasks to queue
[2023-11-20T14:59:24.388+0500] {logging_mixin.py:154} INFO - [2023-11-20T14:59:24.388+0500] {dagbag.py:536} INFO - Filling up the DagBag from /home/den/Projects/venv/lib/python3.10/site-packages/airflow/example_dags/example_external_task_marker_dag.py
[2023-11-20T14:59:24.393+0500] {processor.py:839} INFO - DAG(s) dict_keys(['example_external_task_marker_child', 'example_external_task_marker_parent']) retrieved from /home/den/Projects/venv/lib/python3.10/site-packages/airflow/example_dags/example_external_task_marker_dag.py
[2023-11-20T14:59:24.406+0500] {logging_mixin.py:154} INFO - [2023-11-20T14:59:24.406+0500] {dag.py:2941} INFO - Sync 2 DAGs
[2023-11-20T14:59:24.414+0500] {logging_mixin.py:154} INFO - [2023-11-20T14:59:24.414+0500] {dag.py:3722} INFO - Setting next_dagrun for example_external_task_marker_child to None, run_after=None
[2023-11-20T14:59:24.416+0500] {logging_mixin.py:154} INFO - [2023-11-20T14:59:24.415+0500] {dag.py:3722} INFO - Setting next_dagrun for example_external_task_marker_parent to None, run_after=None
[2023-11-20T14:59:24.438+0500] {processor.py:179} INFO - Processing /home/den/Projects/venv/lib/python3.10/site-packages/airflow/example_dags/example_external_task_marker_dag.py took 0.054 seconds
[2023-11-20T15:00:17.184+0500] {processor.py:157} INFO - Started process (PID=7949) to work on /home/den/Projects/venv/lib/python3.10/site-packages/airflow/example_dags/example_external_task_marker_dag.py
[2023-11-20T15:00:17.185+0500] {processor.py:829} INFO - Processing file /home/den/Projects/venv/lib/python3.10/site-packages/airflow/example_dags/example_external_task_marker_dag.py for tasks to queue
[2023-11-20T15:00:17.185+0500] {logging_mixin.py:154} INFO - [2023-11-20T15:00:17.185+0500] {dagbag.py:536} INFO - Filling up the DagBag from /home/den/Projects/venv/lib/python3.10/site-packages/airflow/example_dags/example_external_task_marker_dag.py
[2023-11-20T15:00:17.190+0500] {processor.py:839} INFO - DAG(s) dict_keys(['example_external_task_marker_child', 'example_external_task_marker_parent']) retrieved from /home/den/Projects/venv/lib/python3.10/site-packages/airflow/example_dags/example_external_task_marker_dag.py
[2023-11-20T15:00:17.205+0500] {logging_mixin.py:154} INFO - [2023-11-20T15:00:17.204+0500] {dag.py:2941} INFO - Sync 2 DAGs
[2023-11-20T15:00:17.213+0500] {logging_mixin.py:154} INFO - [2023-11-20T15:00:17.213+0500] {dag.py:3722} INFO - Setting next_dagrun for example_external_task_marker_child to None, run_after=None
[2023-11-20T15:00:17.215+0500] {logging_mixin.py:154} INFO - [2023-11-20T15:00:17.215+0500] {dag.py:3722} INFO - Setting next_dagrun for example_external_task_marker_parent to None, run_after=None
[2023-11-20T15:00:17.230+0500] {processor.py:179} INFO - Processing /home/den/Projects/venv/lib/python3.10/site-packages/airflow/example_dags/example_external_task_marker_dag.py took 0.049 seconds
[2023-11-20T15:01:11.138+0500] {processor.py:157} INFO - Started process (PID=8017) to work on /home/den/Projects/venv/lib/python3.10/site-packages/airflow/example_dags/example_external_task_marker_dag.py
[2023-11-20T15:01:11.148+0500] {processor.py:829} INFO - Processing file /home/den/Projects/venv/lib/python3.10/site-packages/airflow/example_dags/example_external_task_marker_dag.py for tasks to queue
[2023-11-20T15:01:11.148+0500] {logging_mixin.py:154} INFO - [2023-11-20T15:01:11.148+0500] {dagbag.py:536} INFO - Filling up the DagBag from /home/den/Projects/venv/lib/python3.10/site-packages/airflow/example_dags/example_external_task_marker_dag.py
[2023-11-20T15:01:11.153+0500] {processor.py:839} INFO - DAG(s) dict_keys(['example_external_task_marker_parent', 'example_external_task_marker_child']) retrieved from /home/den/Projects/venv/lib/python3.10/site-packages/airflow/example_dags/example_external_task_marker_dag.py
[2023-11-20T15:01:11.166+0500] {logging_mixin.py:154} INFO - [2023-11-20T15:01:11.165+0500] {dag.py:2941} INFO - Sync 2 DAGs
[2023-11-20T15:01:11.173+0500] {logging_mixin.py:154} INFO - [2023-11-20T15:01:11.172+0500] {dag.py:3722} INFO - Setting next_dagrun for example_external_task_marker_child to None, run_after=None
[2023-11-20T15:01:11.174+0500] {logging_mixin.py:154} INFO - [2023-11-20T15:01:11.174+0500] {dag.py:3722} INFO - Setting next_dagrun for example_external_task_marker_parent to None, run_after=None
[2023-11-20T15:01:11.190+0500] {processor.py:179} INFO - Processing /home/den/Projects/venv/lib/python3.10/site-packages/airflow/example_dags/example_external_task_marker_dag.py took 0.055 seconds
[2023-11-20T15:02:41.554+0500] {processor.py:157} INFO - Started process (PID=8179) to work on /home/den/Projects/venv/lib/python3.10/site-packages/airflow/example_dags/example_external_task_marker_dag.py
[2023-11-20T15:02:41.565+0500] {processor.py:829} INFO - Processing file /home/den/Projects/venv/lib/python3.10/site-packages/airflow/example_dags/example_external_task_marker_dag.py for tasks to queue
[2023-11-20T15:02:41.598+0500] {logging_mixin.py:154} INFO - [2023-11-20T15:02:41.579+0500] {dagbag.py:536} INFO - Filling up the DagBag from /home/den/Projects/venv/lib/python3.10/site-packages/airflow/example_dags/example_external_task_marker_dag.py
[2023-11-20T15:02:41.890+0500] {processor.py:839} INFO - DAG(s) dict_keys(['example_external_task_marker_parent', 'example_external_task_marker_child']) retrieved from /home/den/Projects/venv/lib/python3.10/site-packages/airflow/example_dags/example_external_task_marker_dag.py
[2023-11-20T15:02:42.429+0500] {logging_mixin.py:154} INFO - [2023-11-20T15:02:42.428+0500] {dag.py:2941} INFO - Sync 2 DAGs
[2023-11-20T15:02:42.646+0500] {logging_mixin.py:154} INFO - [2023-11-20T15:02:42.646+0500] {dag.py:3722} INFO - Setting next_dagrun for example_external_task_marker_child to None, run_after=None
[2023-11-20T15:02:42.660+0500] {logging_mixin.py:154} INFO - [2023-11-20T15:02:42.660+0500] {dag.py:3722} INFO - Setting next_dagrun for example_external_task_marker_parent to None, run_after=None
[2023-11-20T15:02:42.747+0500] {processor.py:179} INFO - Processing /home/den/Projects/venv/lib/python3.10/site-packages/airflow/example_dags/example_external_task_marker_dag.py took 1.304 seconds
[2023-11-20T15:03:49.544+0500] {processor.py:157} INFO - Started process (PID=8322) to work on /home/den/Projects/venv/lib/python3.10/site-packages/airflow/example_dags/example_external_task_marker_dag.py
[2023-11-20T15:03:49.554+0500] {processor.py:829} INFO - Processing file /home/den/Projects/venv/lib/python3.10/site-packages/airflow/example_dags/example_external_task_marker_dag.py for tasks to queue
[2023-11-20T15:03:49.555+0500] {logging_mixin.py:154} INFO - [2023-11-20T15:03:49.554+0500] {dagbag.py:536} INFO - Filling up the DagBag from /home/den/Projects/venv/lib/python3.10/site-packages/airflow/example_dags/example_external_task_marker_dag.py
[2023-11-20T15:03:49.564+0500] {processor.py:839} INFO - DAG(s) dict_keys(['example_external_task_marker_child', 'example_external_task_marker_parent']) retrieved from /home/den/Projects/venv/lib/python3.10/site-packages/airflow/example_dags/example_external_task_marker_dag.py
[2023-11-20T15:03:49.587+0500] {logging_mixin.py:154} INFO - [2023-11-20T15:03:49.586+0500] {dag.py:2941} INFO - Sync 2 DAGs
[2023-11-20T15:03:49.601+0500] {logging_mixin.py:154} INFO - [2023-11-20T15:03:49.601+0500] {dag.py:3722} INFO - Setting next_dagrun for example_external_task_marker_child to None, run_after=None
[2023-11-20T15:03:49.603+0500] {logging_mixin.py:154} INFO - [2023-11-20T15:03:49.603+0500] {dag.py:3722} INFO - Setting next_dagrun for example_external_task_marker_parent to None, run_after=None
[2023-11-20T15:03:49.633+0500] {processor.py:179} INFO - Processing /home/den/Projects/venv/lib/python3.10/site-packages/airflow/example_dags/example_external_task_marker_dag.py took 0.094 seconds
[2023-11-20T15:04:44.482+0500] {processor.py:157} INFO - Started process (PID=8387) to work on /home/den/Projects/venv/lib/python3.10/site-packages/airflow/example_dags/example_external_task_marker_dag.py
[2023-11-20T15:04:44.491+0500] {processor.py:829} INFO - Processing file /home/den/Projects/venv/lib/python3.10/site-packages/airflow/example_dags/example_external_task_marker_dag.py for tasks to queue
[2023-11-20T15:04:44.495+0500] {logging_mixin.py:154} INFO - [2023-11-20T15:04:44.492+0500] {dagbag.py:536} INFO - Filling up the DagBag from /home/den/Projects/venv/lib/python3.10/site-packages/airflow/example_dags/example_external_task_marker_dag.py
[2023-11-20T15:04:44.504+0500] {processor.py:839} INFO - DAG(s) dict_keys(['example_external_task_marker_parent', 'example_external_task_marker_child']) retrieved from /home/den/Projects/venv/lib/python3.10/site-packages/airflow/example_dags/example_external_task_marker_dag.py
[2023-11-20T15:04:44.525+0500] {logging_mixin.py:154} INFO - [2023-11-20T15:04:44.525+0500] {dag.py:2941} INFO - Sync 2 DAGs
[2023-11-20T15:04:44.543+0500] {logging_mixin.py:154} INFO - [2023-11-20T15:04:44.543+0500] {dag.py:3722} INFO - Setting next_dagrun for example_external_task_marker_child to None, run_after=None
[2023-11-20T15:04:44.546+0500] {logging_mixin.py:154} INFO - [2023-11-20T15:04:44.546+0500] {dag.py:3722} INFO - Setting next_dagrun for example_external_task_marker_parent to None, run_after=None
[2023-11-20T15:04:44.588+0500] {processor.py:179} INFO - Processing /home/den/Projects/venv/lib/python3.10/site-packages/airflow/example_dags/example_external_task_marker_dag.py took 0.112 seconds
[2023-11-20T15:05:34.827+0500] {processor.py:157} INFO - Started process (PID=8456) to work on /home/den/Projects/venv/lib/python3.10/site-packages/airflow/example_dags/example_external_task_marker_dag.py
[2023-11-20T15:05:34.836+0500] {processor.py:829} INFO - Processing file /home/den/Projects/venv/lib/python3.10/site-packages/airflow/example_dags/example_external_task_marker_dag.py for tasks to queue
[2023-11-20T15:05:34.837+0500] {logging_mixin.py:154} INFO - [2023-11-20T15:05:34.837+0500] {dagbag.py:536} INFO - Filling up the DagBag from /home/den/Projects/venv/lib/python3.10/site-packages/airflow/example_dags/example_external_task_marker_dag.py
[2023-11-20T15:05:34.845+0500] {processor.py:839} INFO - DAG(s) dict_keys(['example_external_task_marker_parent', 'example_external_task_marker_child']) retrieved from /home/den/Projects/venv/lib/python3.10/site-packages/airflow/example_dags/example_external_task_marker_dag.py
[2023-11-20T15:05:34.861+0500] {logging_mixin.py:154} INFO - [2023-11-20T15:05:34.861+0500] {dag.py:2941} INFO - Sync 2 DAGs
[2023-11-20T15:05:34.869+0500] {logging_mixin.py:154} INFO - [2023-11-20T15:05:34.869+0500] {dag.py:3722} INFO - Setting next_dagrun for example_external_task_marker_child to None, run_after=None
[2023-11-20T15:05:34.871+0500] {logging_mixin.py:154} INFO - [2023-11-20T15:05:34.871+0500] {dag.py:3722} INFO - Setting next_dagrun for example_external_task_marker_parent to None, run_after=None
[2023-11-20T15:05:34.918+0500] {processor.py:179} INFO - Processing /home/den/Projects/venv/lib/python3.10/site-packages/airflow/example_dags/example_external_task_marker_dag.py took 0.093 seconds
[2023-11-20T15:06:28.861+0500] {processor.py:157} INFO - Started process (PID=8557) to work on /home/den/Projects/venv/lib/python3.10/site-packages/airflow/example_dags/example_external_task_marker_dag.py
[2023-11-20T15:06:28.862+0500] {processor.py:829} INFO - Processing file /home/den/Projects/venv/lib/python3.10/site-packages/airflow/example_dags/example_external_task_marker_dag.py for tasks to queue
[2023-11-20T15:06:28.864+0500] {logging_mixin.py:154} INFO - [2023-11-20T15:06:28.863+0500] {dagbag.py:536} INFO - Filling up the DagBag from /home/den/Projects/venv/lib/python3.10/site-packages/airflow/example_dags/example_external_task_marker_dag.py
[2023-11-20T15:06:28.870+0500] {processor.py:839} INFO - DAG(s) dict_keys(['example_external_task_marker_parent', 'example_external_task_marker_child']) retrieved from /home/den/Projects/venv/lib/python3.10/site-packages/airflow/example_dags/example_external_task_marker_dag.py
[2023-11-20T15:06:28.889+0500] {logging_mixin.py:154} INFO - [2023-11-20T15:06:28.889+0500] {dag.py:2941} INFO - Sync 2 DAGs
[2023-11-20T15:06:28.902+0500] {logging_mixin.py:154} INFO - [2023-11-20T15:06:28.902+0500] {dag.py:3722} INFO - Setting next_dagrun for example_external_task_marker_child to None, run_after=None
[2023-11-20T15:06:28.906+0500] {logging_mixin.py:154} INFO - [2023-11-20T15:06:28.905+0500] {dag.py:3722} INFO - Setting next_dagrun for example_external_task_marker_parent to None, run_after=None
[2023-11-20T15:06:28.925+0500] {processor.py:179} INFO - Processing /home/den/Projects/venv/lib/python3.10/site-packages/airflow/example_dags/example_external_task_marker_dag.py took 0.068 seconds
[2023-11-20T15:07:30.610+0500] {processor.py:157} INFO - Started process (PID=8648) to work on /home/den/Projects/venv/lib/python3.10/site-packages/airflow/example_dags/example_external_task_marker_dag.py
[2023-11-20T15:07:30.619+0500] {processor.py:829} INFO - Processing file /home/den/Projects/venv/lib/python3.10/site-packages/airflow/example_dags/example_external_task_marker_dag.py for tasks to queue
[2023-11-20T15:07:30.620+0500] {logging_mixin.py:154} INFO - [2023-11-20T15:07:30.620+0500] {dagbag.py:536} INFO - Filling up the DagBag from /home/den/Projects/venv/lib/python3.10/site-packages/airflow/example_dags/example_external_task_marker_dag.py
[2023-11-20T15:07:30.632+0500] {processor.py:839} INFO - DAG(s) dict_keys(['example_external_task_marker_parent', 'example_external_task_marker_child']) retrieved from /home/den/Projects/venv/lib/python3.10/site-packages/airflow/example_dags/example_external_task_marker_dag.py
[2023-11-20T15:07:30.703+0500] {logging_mixin.py:154} INFO - [2023-11-20T15:07:30.703+0500] {dag.py:2941} INFO - Sync 2 DAGs
[2023-11-20T15:07:30.717+0500] {logging_mixin.py:154} INFO - [2023-11-20T15:07:30.716+0500] {dag.py:3722} INFO - Setting next_dagrun for example_external_task_marker_child to None, run_after=None
[2023-11-20T15:07:30.724+0500] {logging_mixin.py:154} INFO - [2023-11-20T15:07:30.723+0500] {dag.py:3722} INFO - Setting next_dagrun for example_external_task_marker_parent to None, run_after=None
[2023-11-20T15:07:30.756+0500] {processor.py:179} INFO - Processing /home/den/Projects/venv/lib/python3.10/site-packages/airflow/example_dags/example_external_task_marker_dag.py took 0.153 seconds
[2023-11-20T15:08:37.196+0500] {processor.py:157} INFO - Started process (PID=8766) to work on /home/den/Projects/venv/lib/python3.10/site-packages/airflow/example_dags/example_external_task_marker_dag.py
[2023-11-20T15:08:37.202+0500] {processor.py:829} INFO - Processing file /home/den/Projects/venv/lib/python3.10/site-packages/airflow/example_dags/example_external_task_marker_dag.py for tasks to queue
[2023-11-20T15:08:37.203+0500] {logging_mixin.py:154} INFO - [2023-11-20T15:08:37.202+0500] {dagbag.py:536} INFO - Filling up the DagBag from /home/den/Projects/venv/lib/python3.10/site-packages/airflow/example_dags/example_external_task_marker_dag.py
[2023-11-20T15:08:37.210+0500] {processor.py:839} INFO - DAG(s) dict_keys(['example_external_task_marker_child', 'example_external_task_marker_parent']) retrieved from /home/den/Projects/venv/lib/python3.10/site-packages/airflow/example_dags/example_external_task_marker_dag.py
[2023-11-20T15:08:37.240+0500] {logging_mixin.py:154} INFO - [2023-11-20T15:08:37.240+0500] {dag.py:2941} INFO - Sync 2 DAGs
[2023-11-20T15:08:37.254+0500] {logging_mixin.py:154} INFO - [2023-11-20T15:08:37.253+0500] {dag.py:3722} INFO - Setting next_dagrun for example_external_task_marker_child to None, run_after=None
[2023-11-20T15:08:37.258+0500] {logging_mixin.py:154} INFO - [2023-11-20T15:08:37.258+0500] {dag.py:3722} INFO - Setting next_dagrun for example_external_task_marker_parent to None, run_after=None
[2023-11-20T15:08:37.289+0500] {processor.py:179} INFO - Processing /home/den/Projects/venv/lib/python3.10/site-packages/airflow/example_dags/example_external_task_marker_dag.py took 0.097 seconds
[2023-11-20T15:09:36.153+0500] {processor.py:157} INFO - Started process (PID=8847) to work on /home/den/Projects/venv/lib/python3.10/site-packages/airflow/example_dags/example_external_task_marker_dag.py
[2023-11-20T15:09:36.164+0500] {processor.py:829} INFO - Processing file /home/den/Projects/venv/lib/python3.10/site-packages/airflow/example_dags/example_external_task_marker_dag.py for tasks to queue
[2023-11-20T15:09:36.165+0500] {logging_mixin.py:154} INFO - [2023-11-20T15:09:36.165+0500] {dagbag.py:536} INFO - Filling up the DagBag from /home/den/Projects/venv/lib/python3.10/site-packages/airflow/example_dags/example_external_task_marker_dag.py
[2023-11-20T15:09:36.180+0500] {processor.py:839} INFO - DAG(s) dict_keys(['example_external_task_marker_child', 'example_external_task_marker_parent']) retrieved from /home/den/Projects/venv/lib/python3.10/site-packages/airflow/example_dags/example_external_task_marker_dag.py
[2023-11-20T15:09:36.236+0500] {logging_mixin.py:154} INFO - [2023-11-20T15:09:36.235+0500] {dag.py:2941} INFO - Sync 2 DAGs
[2023-11-20T15:09:36.257+0500] {logging_mixin.py:154} INFO - [2023-11-20T15:09:36.256+0500] {dag.py:3722} INFO - Setting next_dagrun for example_external_task_marker_child to None, run_after=None
[2023-11-20T15:09:36.266+0500] {logging_mixin.py:154} INFO - [2023-11-20T15:09:36.265+0500] {dag.py:3722} INFO - Setting next_dagrun for example_external_task_marker_parent to None, run_after=None
[2023-11-20T15:09:36.298+0500] {processor.py:179} INFO - Processing /home/den/Projects/venv/lib/python3.10/site-packages/airflow/example_dags/example_external_task_marker_dag.py took 0.149 seconds
[2023-11-20T15:10:39.754+0500] {processor.py:157} INFO - Started process (PID=8952) to work on /home/den/Projects/venv/lib/python3.10/site-packages/airflow/example_dags/example_external_task_marker_dag.py
[2023-11-20T15:10:39.758+0500] {processor.py:829} INFO - Processing file /home/den/Projects/venv/lib/python3.10/site-packages/airflow/example_dags/example_external_task_marker_dag.py for tasks to queue
[2023-11-20T15:10:39.759+0500] {logging_mixin.py:154} INFO - [2023-11-20T15:10:39.758+0500] {dagbag.py:536} INFO - Filling up the DagBag from /home/den/Projects/venv/lib/python3.10/site-packages/airflow/example_dags/example_external_task_marker_dag.py
[2023-11-20T15:10:39.769+0500] {processor.py:839} INFO - DAG(s) dict_keys(['example_external_task_marker_child', 'example_external_task_marker_parent']) retrieved from /home/den/Projects/venv/lib/python3.10/site-packages/airflow/example_dags/example_external_task_marker_dag.py
[2023-11-20T15:10:39.799+0500] {logging_mixin.py:154} INFO - [2023-11-20T15:10:39.798+0500] {dag.py:2941} INFO - Sync 2 DAGs
[2023-11-20T15:10:39.818+0500] {logging_mixin.py:154} INFO - [2023-11-20T15:10:39.817+0500] {dag.py:3722} INFO - Setting next_dagrun for example_external_task_marker_child to None, run_after=None
[2023-11-20T15:10:39.820+0500] {logging_mixin.py:154} INFO - [2023-11-20T15:10:39.820+0500] {dag.py:3722} INFO - Setting next_dagrun for example_external_task_marker_parent to None, run_after=None
[2023-11-20T15:10:39.855+0500] {processor.py:179} INFO - Processing /home/den/Projects/venv/lib/python3.10/site-packages/airflow/example_dags/example_external_task_marker_dag.py took 0.105 seconds
[2023-11-20T15:11:29.026+0500] {processor.py:157} INFO - Started process (PID=9021) to work on /home/den/Projects/venv/lib/python3.10/site-packages/airflow/example_dags/example_external_task_marker_dag.py
[2023-11-20T15:11:29.030+0500] {processor.py:829} INFO - Processing file /home/den/Projects/venv/lib/python3.10/site-packages/airflow/example_dags/example_external_task_marker_dag.py for tasks to queue
[2023-11-20T15:11:29.031+0500] {logging_mixin.py:154} INFO - [2023-11-20T15:11:29.030+0500] {dagbag.py:536} INFO - Filling up the DagBag from /home/den/Projects/venv/lib/python3.10/site-packages/airflow/example_dags/example_external_task_marker_dag.py
[2023-11-20T15:11:29.048+0500] {processor.py:839} INFO - DAG(s) dict_keys(['example_external_task_marker_child', 'example_external_task_marker_parent']) retrieved from /home/den/Projects/venv/lib/python3.10/site-packages/airflow/example_dags/example_external_task_marker_dag.py
[2023-11-20T15:11:29.080+0500] {logging_mixin.py:154} INFO - [2023-11-20T15:11:29.080+0500] {dag.py:2941} INFO - Sync 2 DAGs
[2023-11-20T15:11:29.100+0500] {logging_mixin.py:154} INFO - [2023-11-20T15:11:29.100+0500] {dag.py:3722} INFO - Setting next_dagrun for example_external_task_marker_child to None, run_after=None
[2023-11-20T15:11:29.105+0500] {logging_mixin.py:154} INFO - [2023-11-20T15:11:29.105+0500] {dag.py:3722} INFO - Setting next_dagrun for example_external_task_marker_parent to None, run_after=None
[2023-11-20T15:11:29.146+0500] {processor.py:179} INFO - Processing /home/den/Projects/venv/lib/python3.10/site-packages/airflow/example_dags/example_external_task_marker_dag.py took 0.124 seconds
[2023-11-20T15:12:23.548+0500] {processor.py:157} INFO - Started process (PID=9121) to work on /home/den/Projects/venv/lib/python3.10/site-packages/airflow/example_dags/example_external_task_marker_dag.py
[2023-11-20T15:12:23.558+0500] {processor.py:829} INFO - Processing file /home/den/Projects/venv/lib/python3.10/site-packages/airflow/example_dags/example_external_task_marker_dag.py for tasks to queue
[2023-11-20T15:12:23.559+0500] {logging_mixin.py:154} INFO - [2023-11-20T15:12:23.559+0500] {dagbag.py:536} INFO - Filling up the DagBag from /home/den/Projects/venv/lib/python3.10/site-packages/airflow/example_dags/example_external_task_marker_dag.py
[2023-11-20T15:12:23.566+0500] {processor.py:839} INFO - DAG(s) dict_keys(['example_external_task_marker_parent', 'example_external_task_marker_child']) retrieved from /home/den/Projects/venv/lib/python3.10/site-packages/airflow/example_dags/example_external_task_marker_dag.py
[2023-11-20T15:12:23.587+0500] {logging_mixin.py:154} INFO - [2023-11-20T15:12:23.587+0500] {dag.py:2941} INFO - Sync 2 DAGs
[2023-11-20T15:12:23.596+0500] {logging_mixin.py:154} INFO - [2023-11-20T15:12:23.596+0500] {dag.py:3722} INFO - Setting next_dagrun for example_external_task_marker_child to None, run_after=None
[2023-11-20T15:12:23.598+0500] {logging_mixin.py:154} INFO - [2023-11-20T15:12:23.598+0500] {dag.py:3722} INFO - Setting next_dagrun for example_external_task_marker_parent to None, run_after=None
[2023-11-20T15:12:23.614+0500] {processor.py:179} INFO - Processing /home/den/Projects/venv/lib/python3.10/site-packages/airflow/example_dags/example_external_task_marker_dag.py took 0.071 seconds
[2023-11-20T15:13:16.705+0500] {processor.py:157} INFO - Started process (PID=9192) to work on /home/den/Projects/venv/lib/python3.10/site-packages/airflow/example_dags/example_external_task_marker_dag.py
[2023-11-20T15:13:16.711+0500] {processor.py:829} INFO - Processing file /home/den/Projects/venv/lib/python3.10/site-packages/airflow/example_dags/example_external_task_marker_dag.py for tasks to queue
[2023-11-20T15:13:16.712+0500] {logging_mixin.py:154} INFO - [2023-11-20T15:13:16.711+0500] {dagbag.py:536} INFO - Filling up the DagBag from /home/den/Projects/venv/lib/python3.10/site-packages/airflow/example_dags/example_external_task_marker_dag.py
[2023-11-20T15:13:16.726+0500] {processor.py:839} INFO - DAG(s) dict_keys(['example_external_task_marker_parent', 'example_external_task_marker_child']) retrieved from /home/den/Projects/venv/lib/python3.10/site-packages/airflow/example_dags/example_external_task_marker_dag.py
[2023-11-20T15:13:16.756+0500] {logging_mixin.py:154} INFO - [2023-11-20T15:13:16.756+0500] {dag.py:2941} INFO - Sync 2 DAGs
[2023-11-20T15:13:16.778+0500] {logging_mixin.py:154} INFO - [2023-11-20T15:13:16.778+0500] {dag.py:3722} INFO - Setting next_dagrun for example_external_task_marker_child to None, run_after=None
[2023-11-20T15:13:16.790+0500] {logging_mixin.py:154} INFO - [2023-11-20T15:13:16.789+0500] {dag.py:3722} INFO - Setting next_dagrun for example_external_task_marker_parent to None, run_after=None
[2023-11-20T15:13:16.825+0500] {processor.py:179} INFO - Processing /home/den/Projects/venv/lib/python3.10/site-packages/airflow/example_dags/example_external_task_marker_dag.py took 0.128 seconds
[2023-11-20T15:14:12.666+0500] {processor.py:157} INFO - Started process (PID=9296) to work on /home/den/Projects/venv/lib/python3.10/site-packages/airflow/example_dags/example_external_task_marker_dag.py
[2023-11-20T15:14:12.669+0500] {processor.py:829} INFO - Processing file /home/den/Projects/venv/lib/python3.10/site-packages/airflow/example_dags/example_external_task_marker_dag.py for tasks to queue
[2023-11-20T15:14:12.670+0500] {logging_mixin.py:154} INFO - [2023-11-20T15:14:12.670+0500] {dagbag.py:536} INFO - Filling up the DagBag from /home/den/Projects/venv/lib/python3.10/site-packages/airflow/example_dags/example_external_task_marker_dag.py
[2023-11-20T15:14:12.680+0500] {processor.py:839} INFO - DAG(s) dict_keys(['example_external_task_marker_parent', 'example_external_task_marker_child']) retrieved from /home/den/Projects/venv/lib/python3.10/site-packages/airflow/example_dags/example_external_task_marker_dag.py
[2023-11-20T15:14:12.701+0500] {logging_mixin.py:154} INFO - [2023-11-20T15:14:12.701+0500] {dag.py:2941} INFO - Sync 2 DAGs
[2023-11-20T15:14:12.710+0500] {logging_mixin.py:154} INFO - [2023-11-20T15:14:12.710+0500] {dag.py:3722} INFO - Setting next_dagrun for example_external_task_marker_child to None, run_after=None
[2023-11-20T15:14:12.712+0500] {logging_mixin.py:154} INFO - [2023-11-20T15:14:12.712+0500] {dag.py:3722} INFO - Setting next_dagrun for example_external_task_marker_parent to None, run_after=None
[2023-11-20T15:14:12.745+0500] {processor.py:179} INFO - Processing /home/den/Projects/venv/lib/python3.10/site-packages/airflow/example_dags/example_external_task_marker_dag.py took 0.082 seconds
[2023-11-20T15:15:08.111+0500] {processor.py:157} INFO - Started process (PID=9379) to work on /home/den/Projects/venv/lib/python3.10/site-packages/airflow/example_dags/example_external_task_marker_dag.py
[2023-11-20T15:15:08.113+0500] {processor.py:829} INFO - Processing file /home/den/Projects/venv/lib/python3.10/site-packages/airflow/example_dags/example_external_task_marker_dag.py for tasks to queue
[2023-11-20T15:15:08.113+0500] {logging_mixin.py:154} INFO - [2023-11-20T15:15:08.113+0500] {dagbag.py:536} INFO - Filling up the DagBag from /home/den/Projects/venv/lib/python3.10/site-packages/airflow/example_dags/example_external_task_marker_dag.py
[2023-11-20T15:15:08.119+0500] {processor.py:839} INFO - DAG(s) dict_keys(['example_external_task_marker_child', 'example_external_task_marker_parent']) retrieved from /home/den/Projects/venv/lib/python3.10/site-packages/airflow/example_dags/example_external_task_marker_dag.py
[2023-11-20T15:15:08.135+0500] {logging_mixin.py:154} INFO - [2023-11-20T15:15:08.135+0500] {dag.py:2941} INFO - Sync 2 DAGs
[2023-11-20T15:15:08.143+0500] {logging_mixin.py:154} INFO - [2023-11-20T15:15:08.143+0500] {dag.py:3722} INFO - Setting next_dagrun for example_external_task_marker_child to None, run_after=None
[2023-11-20T15:15:08.146+0500] {logging_mixin.py:154} INFO - [2023-11-20T15:15:08.146+0500] {dag.py:3722} INFO - Setting next_dagrun for example_external_task_marker_parent to None, run_after=None
[2023-11-20T15:15:08.161+0500] {processor.py:179} INFO - Processing /home/den/Projects/venv/lib/python3.10/site-packages/airflow/example_dags/example_external_task_marker_dag.py took 0.053 seconds
[2023-11-20T15:15:57.209+0500] {processor.py:157} INFO - Started process (PID=9472) to work on /home/den/Projects/venv/lib/python3.10/site-packages/airflow/example_dags/example_external_task_marker_dag.py
[2023-11-20T15:15:57.210+0500] {processor.py:829} INFO - Processing file /home/den/Projects/venv/lib/python3.10/site-packages/airflow/example_dags/example_external_task_marker_dag.py for tasks to queue
[2023-11-20T15:15:57.211+0500] {logging_mixin.py:154} INFO - [2023-11-20T15:15:57.210+0500] {dagbag.py:536} INFO - Filling up the DagBag from /home/den/Projects/venv/lib/python3.10/site-packages/airflow/example_dags/example_external_task_marker_dag.py
[2023-11-20T15:15:57.216+0500] {processor.py:839} INFO - DAG(s) dict_keys(['example_external_task_marker_parent', 'example_external_task_marker_child']) retrieved from /home/den/Projects/venv/lib/python3.10/site-packages/airflow/example_dags/example_external_task_marker_dag.py
[2023-11-20T15:15:57.236+0500] {logging_mixin.py:154} INFO - [2023-11-20T15:15:57.236+0500] {dag.py:2941} INFO - Sync 2 DAGs
[2023-11-20T15:15:57.245+0500] {logging_mixin.py:154} INFO - [2023-11-20T15:15:57.245+0500] {dag.py:3722} INFO - Setting next_dagrun for example_external_task_marker_child to None, run_after=None
[2023-11-20T15:15:57.247+0500] {logging_mixin.py:154} INFO - [2023-11-20T15:15:57.247+0500] {dag.py:3722} INFO - Setting next_dagrun for example_external_task_marker_parent to None, run_after=None
[2023-11-20T15:15:57.262+0500] {processor.py:179} INFO - Processing /home/den/Projects/venv/lib/python3.10/site-packages/airflow/example_dags/example_external_task_marker_dag.py took 0.056 seconds
[2023-11-20T15:16:44.929+0500] {processor.py:157} INFO - Started process (PID=9533) to work on /home/den/Projects/venv/lib/python3.10/site-packages/airflow/example_dags/example_external_task_marker_dag.py
[2023-11-20T15:16:44.939+0500] {processor.py:829} INFO - Processing file /home/den/Projects/venv/lib/python3.10/site-packages/airflow/example_dags/example_external_task_marker_dag.py for tasks to queue
[2023-11-20T15:16:44.940+0500] {logging_mixin.py:154} INFO - [2023-11-20T15:16:44.940+0500] {dagbag.py:536} INFO - Filling up the DagBag from /home/den/Projects/venv/lib/python3.10/site-packages/airflow/example_dags/example_external_task_marker_dag.py
[2023-11-20T15:16:44.946+0500] {processor.py:839} INFO - DAG(s) dict_keys(['example_external_task_marker_child', 'example_external_task_marker_parent']) retrieved from /home/den/Projects/venv/lib/python3.10/site-packages/airflow/example_dags/example_external_task_marker_dag.py
[2023-11-20T15:16:44.965+0500] {logging_mixin.py:154} INFO - [2023-11-20T15:16:44.964+0500] {dag.py:2941} INFO - Sync 2 DAGs
[2023-11-20T15:16:44.974+0500] {logging_mixin.py:154} INFO - [2023-11-20T15:16:44.973+0500] {dag.py:3722} INFO - Setting next_dagrun for example_external_task_marker_child to None, run_after=None
[2023-11-20T15:16:44.975+0500] {logging_mixin.py:154} INFO - [2023-11-20T15:16:44.975+0500] {dag.py:3722} INFO - Setting next_dagrun for example_external_task_marker_parent to None, run_after=None
[2023-11-20T15:16:44.993+0500] {processor.py:179} INFO - Processing /home/den/Projects/venv/lib/python3.10/site-packages/airflow/example_dags/example_external_task_marker_dag.py took 0.066 seconds
[2023-11-20T15:17:30.274+0500] {processor.py:157} INFO - Started process (PID=9605) to work on /home/den/Projects/venv/lib/python3.10/site-packages/airflow/example_dags/example_external_task_marker_dag.py
[2023-11-20T15:17:30.275+0500] {processor.py:829} INFO - Processing file /home/den/Projects/venv/lib/python3.10/site-packages/airflow/example_dags/example_external_task_marker_dag.py for tasks to queue
[2023-11-20T15:17:30.276+0500] {logging_mixin.py:154} INFO - [2023-11-20T15:17:30.276+0500] {dagbag.py:536} INFO - Filling up the DagBag from /home/den/Projects/venv/lib/python3.10/site-packages/airflow/example_dags/example_external_task_marker_dag.py
[2023-11-20T15:17:30.282+0500] {processor.py:839} INFO - DAG(s) dict_keys(['example_external_task_marker_child', 'example_external_task_marker_parent']) retrieved from /home/den/Projects/venv/lib/python3.10/site-packages/airflow/example_dags/example_external_task_marker_dag.py
[2023-11-20T15:17:30.298+0500] {logging_mixin.py:154} INFO - [2023-11-20T15:17:30.298+0500] {dag.py:2941} INFO - Sync 2 DAGs
[2023-11-20T15:17:30.309+0500] {logging_mixin.py:154} INFO - [2023-11-20T15:17:30.308+0500] {dag.py:3722} INFO - Setting next_dagrun for example_external_task_marker_child to None, run_after=None
[2023-11-20T15:17:30.311+0500] {logging_mixin.py:154} INFO - [2023-11-20T15:17:30.311+0500] {dag.py:3722} INFO - Setting next_dagrun for example_external_task_marker_parent to None, run_after=None
[2023-11-20T15:17:30.327+0500] {processor.py:179} INFO - Processing /home/den/Projects/venv/lib/python3.10/site-packages/airflow/example_dags/example_external_task_marker_dag.py took 0.056 seconds
[2023-11-20T15:18:17.991+0500] {processor.py:157} INFO - Started process (PID=9690) to work on /home/den/Projects/venv/lib/python3.10/site-packages/airflow/example_dags/example_external_task_marker_dag.py
[2023-11-20T15:18:17.993+0500] {processor.py:829} INFO - Processing file /home/den/Projects/venv/lib/python3.10/site-packages/airflow/example_dags/example_external_task_marker_dag.py for tasks to queue
[2023-11-20T15:18:17.993+0500] {logging_mixin.py:154} INFO - [2023-11-20T15:18:17.993+0500] {dagbag.py:536} INFO - Filling up the DagBag from /home/den/Projects/venv/lib/python3.10/site-packages/airflow/example_dags/example_external_task_marker_dag.py
[2023-11-20T15:18:17.999+0500] {processor.py:839} INFO - DAG(s) dict_keys(['example_external_task_marker_child', 'example_external_task_marker_parent']) retrieved from /home/den/Projects/venv/lib/python3.10/site-packages/airflow/example_dags/example_external_task_marker_dag.py
[2023-11-20T15:18:18.016+0500] {logging_mixin.py:154} INFO - [2023-11-20T15:18:18.016+0500] {dag.py:2941} INFO - Sync 2 DAGs
[2023-11-20T15:18:18.025+0500] {logging_mixin.py:154} INFO - [2023-11-20T15:18:18.025+0500] {dag.py:3722} INFO - Setting next_dagrun for example_external_task_marker_child to None, run_after=None
[2023-11-20T15:18:18.027+0500] {logging_mixin.py:154} INFO - [2023-11-20T15:18:18.027+0500] {dag.py:3722} INFO - Setting next_dagrun for example_external_task_marker_parent to None, run_after=None
[2023-11-20T15:18:18.052+0500] {processor.py:179} INFO - Processing /home/den/Projects/venv/lib/python3.10/site-packages/airflow/example_dags/example_external_task_marker_dag.py took 0.064 seconds
[2023-11-20T15:19:11.172+0500] {processor.py:157} INFO - Started process (PID=9765) to work on /home/den/Projects/venv/lib/python3.10/site-packages/airflow/example_dags/example_external_task_marker_dag.py
[2023-11-20T15:19:11.181+0500] {processor.py:829} INFO - Processing file /home/den/Projects/venv/lib/python3.10/site-packages/airflow/example_dags/example_external_task_marker_dag.py for tasks to queue
[2023-11-20T15:19:11.182+0500] {logging_mixin.py:154} INFO - [2023-11-20T15:19:11.182+0500] {dagbag.py:536} INFO - Filling up the DagBag from /home/den/Projects/venv/lib/python3.10/site-packages/airflow/example_dags/example_external_task_marker_dag.py
[2023-11-20T15:19:11.188+0500] {processor.py:839} INFO - DAG(s) dict_keys(['example_external_task_marker_parent', 'example_external_task_marker_child']) retrieved from /home/den/Projects/venv/lib/python3.10/site-packages/airflow/example_dags/example_external_task_marker_dag.py
[2023-11-20T15:19:11.206+0500] {logging_mixin.py:154} INFO - [2023-11-20T15:19:11.205+0500] {dag.py:2941} INFO - Sync 2 DAGs
[2023-11-20T15:19:11.214+0500] {logging_mixin.py:154} INFO - [2023-11-20T15:19:11.214+0500] {dag.py:3722} INFO - Setting next_dagrun for example_external_task_marker_child to None, run_after=None
[2023-11-20T15:19:11.216+0500] {logging_mixin.py:154} INFO - [2023-11-20T15:19:11.215+0500] {dag.py:3722} INFO - Setting next_dagrun for example_external_task_marker_parent to None, run_after=None
[2023-11-20T15:19:11.233+0500] {processor.py:179} INFO - Processing /home/den/Projects/venv/lib/python3.10/site-packages/airflow/example_dags/example_external_task_marker_dag.py took 0.064 seconds
[2023-11-20T15:19:56.728+0500] {processor.py:157} INFO - Started process (PID=9920) to work on /home/den/Projects/venv/lib/python3.10/site-packages/airflow/example_dags/example_external_task_marker_dag.py
[2023-11-20T15:19:56.737+0500] {processor.py:829} INFO - Processing file /home/den/Projects/venv/lib/python3.10/site-packages/airflow/example_dags/example_external_task_marker_dag.py for tasks to queue
[2023-11-20T15:19:56.738+0500] {logging_mixin.py:154} INFO - [2023-11-20T15:19:56.738+0500] {dagbag.py:536} INFO - Filling up the DagBag from /home/den/Projects/venv/lib/python3.10/site-packages/airflow/example_dags/example_external_task_marker_dag.py
[2023-11-20T15:19:56.751+0500] {processor.py:839} INFO - DAG(s) dict_keys(['example_external_task_marker_parent', 'example_external_task_marker_child']) retrieved from /home/den/Projects/venv/lib/python3.10/site-packages/airflow/example_dags/example_external_task_marker_dag.py
[2023-11-20T15:19:56.816+0500] {logging_mixin.py:154} INFO - [2023-11-20T15:19:56.816+0500] {dag.py:2941} INFO - Sync 2 DAGs
[2023-11-20T15:19:56.825+0500] {logging_mixin.py:154} INFO - [2023-11-20T15:19:56.825+0500] {dag.py:3722} INFO - Setting next_dagrun for example_external_task_marker_child to None, run_after=None
[2023-11-20T15:19:56.827+0500] {logging_mixin.py:154} INFO - [2023-11-20T15:19:56.827+0500] {dag.py:3722} INFO - Setting next_dagrun for example_external_task_marker_parent to None, run_after=None
[2023-11-20T15:19:56.846+0500] {processor.py:179} INFO - Processing /home/den/Projects/venv/lib/python3.10/site-packages/airflow/example_dags/example_external_task_marker_dag.py took 0.122 seconds
[2023-11-20T15:21:00.118+0500] {processor.py:157} INFO - Started process (PID=10003) to work on /home/den/Projects/venv/lib/python3.10/site-packages/airflow/example_dags/example_external_task_marker_dag.py
[2023-11-20T15:21:00.121+0500] {processor.py:829} INFO - Processing file /home/den/Projects/venv/lib/python3.10/site-packages/airflow/example_dags/example_external_task_marker_dag.py for tasks to queue
[2023-11-20T15:21:00.122+0500] {logging_mixin.py:154} INFO - [2023-11-20T15:21:00.122+0500] {dagbag.py:536} INFO - Filling up the DagBag from /home/den/Projects/venv/lib/python3.10/site-packages/airflow/example_dags/example_external_task_marker_dag.py
[2023-11-20T15:21:00.133+0500] {processor.py:839} INFO - DAG(s) dict_keys(['example_external_task_marker_child', 'example_external_task_marker_parent']) retrieved from /home/den/Projects/venv/lib/python3.10/site-packages/airflow/example_dags/example_external_task_marker_dag.py
[2023-11-20T15:21:00.162+0500] {logging_mixin.py:154} INFO - [2023-11-20T15:21:00.162+0500] {dag.py:2941} INFO - Sync 2 DAGs
[2023-11-20T15:21:00.181+0500] {logging_mixin.py:154} INFO - [2023-11-20T15:21:00.180+0500] {dag.py:3722} INFO - Setting next_dagrun for example_external_task_marker_child to None, run_after=None
[2023-11-20T15:21:00.184+0500] {logging_mixin.py:154} INFO - [2023-11-20T15:21:00.184+0500] {dag.py:3722} INFO - Setting next_dagrun for example_external_task_marker_parent to None, run_after=None
[2023-11-20T15:21:00.219+0500] {processor.py:179} INFO - Processing /home/den/Projects/venv/lib/python3.10/site-packages/airflow/example_dags/example_external_task_marker_dag.py took 0.106 seconds
[2023-11-20T15:22:06.292+0500] {processor.py:157} INFO - Started process (PID=10115) to work on /home/den/Projects/venv/lib/python3.10/site-packages/airflow/example_dags/example_external_task_marker_dag.py
[2023-11-20T15:22:06.302+0500] {processor.py:829} INFO - Processing file /home/den/Projects/venv/lib/python3.10/site-packages/airflow/example_dags/example_external_task_marker_dag.py for tasks to queue
[2023-11-20T15:22:06.303+0500] {logging_mixin.py:154} INFO - [2023-11-20T15:22:06.302+0500] {dagbag.py:536} INFO - Filling up the DagBag from /home/den/Projects/venv/lib/python3.10/site-packages/airflow/example_dags/example_external_task_marker_dag.py
[2023-11-20T15:22:06.317+0500] {processor.py:839} INFO - DAG(s) dict_keys(['example_external_task_marker_child', 'example_external_task_marker_parent']) retrieved from /home/den/Projects/venv/lib/python3.10/site-packages/airflow/example_dags/example_external_task_marker_dag.py
[2023-11-20T15:22:06.346+0500] {logging_mixin.py:154} INFO - [2023-11-20T15:22:06.346+0500] {dag.py:2941} INFO - Sync 2 DAGs
[2023-11-20T15:22:06.362+0500] {logging_mixin.py:154} INFO - [2023-11-20T15:22:06.362+0500] {dag.py:3722} INFO - Setting next_dagrun for example_external_task_marker_child to None, run_after=None
[2023-11-20T15:22:06.366+0500] {logging_mixin.py:154} INFO - [2023-11-20T15:22:06.365+0500] {dag.py:3722} INFO - Setting next_dagrun for example_external_task_marker_parent to None, run_after=None
[2023-11-20T15:22:06.391+0500] {processor.py:179} INFO - Processing /home/den/Projects/venv/lib/python3.10/site-packages/airflow/example_dags/example_external_task_marker_dag.py took 0.103 seconds
[2023-11-20T15:23:07.329+0500] {processor.py:157} INFO - Started process (PID=10193) to work on /home/den/Projects/venv/lib/python3.10/site-packages/airflow/example_dags/example_external_task_marker_dag.py
[2023-11-20T15:23:07.331+0500] {processor.py:829} INFO - Processing file /home/den/Projects/venv/lib/python3.10/site-packages/airflow/example_dags/example_external_task_marker_dag.py for tasks to queue
[2023-11-20T15:23:07.332+0500] {logging_mixin.py:154} INFO - [2023-11-20T15:23:07.331+0500] {dagbag.py:536} INFO - Filling up the DagBag from /home/den/Projects/venv/lib/python3.10/site-packages/airflow/example_dags/example_external_task_marker_dag.py
[2023-11-20T15:23:07.350+0500] {processor.py:839} INFO - DAG(s) dict_keys(['example_external_task_marker_parent', 'example_external_task_marker_child']) retrieved from /home/den/Projects/venv/lib/python3.10/site-packages/airflow/example_dags/example_external_task_marker_dag.py
[2023-11-20T15:23:07.394+0500] {logging_mixin.py:154} INFO - [2023-11-20T15:23:07.393+0500] {dag.py:2941} INFO - Sync 2 DAGs
[2023-11-20T15:23:07.411+0500] {logging_mixin.py:154} INFO - [2023-11-20T15:23:07.411+0500] {dag.py:3722} INFO - Setting next_dagrun for example_external_task_marker_child to None, run_after=None
[2023-11-20T15:23:07.414+0500] {logging_mixin.py:154} INFO - [2023-11-20T15:23:07.414+0500] {dag.py:3722} INFO - Setting next_dagrun for example_external_task_marker_parent to None, run_after=None
[2023-11-20T15:23:07.439+0500] {processor.py:179} INFO - Processing /home/den/Projects/venv/lib/python3.10/site-packages/airflow/example_dags/example_external_task_marker_dag.py took 0.116 seconds
