[2023-11-20T14:39:57.878+0500] {processor.py:157} INFO - Started process (PID=5246) to work on /home/den/Projects/venv/lib/python3.10/site-packages/airflow/example_dags/example_branch_operator_decorator.py
[2023-11-20T14:39:57.879+0500] {processor.py:829} INFO - Processing file /home/den/Projects/venv/lib/python3.10/site-packages/airflow/example_dags/example_branch_operator_decorator.py for tasks to queue
[2023-11-20T14:39:57.880+0500] {logging_mixin.py:154} INFO - [2023-11-20T14:39:57.879+0500] {dagbag.py:536} INFO - Filling up the DagBag from /home/den/Projects/venv/lib/python3.10/site-packages/airflow/example_dags/example_branch_operator_decorator.py
[2023-11-20T14:39:57.897+0500] {processor.py:839} INFO - DAG(s) dict_keys(['example_branch_python_operator_decorator']) retrieved from /home/den/Projects/venv/lib/python3.10/site-packages/airflow/example_dags/example_branch_operator_decorator.py
[2023-11-20T14:39:58.013+0500] {logging_mixin.py:154} INFO - [2023-11-20T14:39:58.012+0500] {manager.py:499} INFO - Created Permission View: %s
[2023-11-20T14:39:58.030+0500] {logging_mixin.py:154} INFO - [2023-11-20T14:39:58.029+0500] {manager.py:499} INFO - Created Permission View: %s
[2023-11-20T14:39:58.044+0500] {logging_mixin.py:154} INFO - [2023-11-20T14:39:58.044+0500] {manager.py:499} INFO - Created Permission View: %s
[2023-11-20T14:39:58.045+0500] {logging_mixin.py:154} INFO - [2023-11-20T14:39:58.045+0500] {dag.py:2941} INFO - Sync 1 DAGs
[2023-11-20T14:39:58.054+0500] {logging_mixin.py:154} INFO - [2023-11-20T14:39:58.054+0500] {dag.py:2963} INFO - Creating ORM DAG for example_branch_python_operator_decorator
[2023-11-20T14:39:58.067+0500] {logging_mixin.py:154} INFO - [2023-11-20T14:39:58.066+0500] {dag.py:3722} INFO - Setting next_dagrun for example_branch_python_operator_decorator to 2023-11-19T00:00:00+00:00, run_after=2023-11-20T00:00:00+00:00
[2023-11-20T14:39:58.098+0500] {processor.py:179} INFO - Processing /home/den/Projects/venv/lib/python3.10/site-packages/airflow/example_dags/example_branch_operator_decorator.py took 0.222 seconds
[2023-11-20T14:50:22.334+0500] {processor.py:157} INFO - Started process (PID=6529) to work on /home/den/Projects/venv/lib/python3.10/site-packages/airflow/example_dags/example_branch_operator_decorator.py
[2023-11-20T14:50:22.336+0500] {processor.py:829} INFO - Processing file /home/den/Projects/venv/lib/python3.10/site-packages/airflow/example_dags/example_branch_operator_decorator.py for tasks to queue
[2023-11-20T14:50:22.337+0500] {logging_mixin.py:154} INFO - [2023-11-20T14:50:22.337+0500] {dagbag.py:536} INFO - Filling up the DagBag from /home/den/Projects/venv/lib/python3.10/site-packages/airflow/example_dags/example_branch_operator_decorator.py
[2023-11-20T14:50:22.354+0500] {processor.py:839} INFO - DAG(s) dict_keys(['example_branch_python_operator_decorator']) retrieved from /home/den/Projects/venv/lib/python3.10/site-packages/airflow/example_dags/example_branch_operator_decorator.py
[2023-11-20T14:50:22.383+0500] {logging_mixin.py:154} INFO - [2023-11-20T14:50:22.383+0500] {dag.py:2941} INFO - Sync 1 DAGs
[2023-11-20T14:50:22.410+0500] {logging_mixin.py:154} INFO - [2023-11-20T14:50:22.410+0500] {dag.py:3722} INFO - Setting next_dagrun for example_branch_python_operator_decorator to 2023-11-19T00:00:00+00:00, run_after=2023-11-20T00:00:00+00:00
[2023-11-20T14:50:22.443+0500] {processor.py:179} INFO - Processing /home/den/Projects/venv/lib/python3.10/site-packages/airflow/example_dags/example_branch_operator_decorator.py took 0.112 seconds
[2023-11-20T14:51:20.116+0500] {processor.py:157} INFO - Started process (PID=6607) to work on /home/den/Projects/venv/lib/python3.10/site-packages/airflow/example_dags/example_branch_operator_decorator.py
[2023-11-20T14:51:20.118+0500] {processor.py:829} INFO - Processing file /home/den/Projects/venv/lib/python3.10/site-packages/airflow/example_dags/example_branch_operator_decorator.py for tasks to queue
[2023-11-20T14:51:20.119+0500] {logging_mixin.py:154} INFO - [2023-11-20T14:51:20.119+0500] {dagbag.py:536} INFO - Filling up the DagBag from /home/den/Projects/venv/lib/python3.10/site-packages/airflow/example_dags/example_branch_operator_decorator.py
[2023-11-20T14:51:20.127+0500] {processor.py:839} INFO - DAG(s) dict_keys(['example_branch_python_operator_decorator']) retrieved from /home/den/Projects/venv/lib/python3.10/site-packages/airflow/example_dags/example_branch_operator_decorator.py
[2023-11-20T14:51:20.143+0500] {logging_mixin.py:154} INFO - [2023-11-20T14:51:20.143+0500] {dag.py:2941} INFO - Sync 1 DAGs
[2023-11-20T14:51:20.158+0500] {logging_mixin.py:154} INFO - [2023-11-20T14:51:20.158+0500] {dag.py:3722} INFO - Setting next_dagrun for example_branch_python_operator_decorator to 2023-11-19T00:00:00+00:00, run_after=2023-11-20T00:00:00+00:00
[2023-11-20T14:51:20.184+0500] {processor.py:179} INFO - Processing /home/den/Projects/venv/lib/python3.10/site-packages/airflow/example_dags/example_branch_operator_decorator.py took 0.071 seconds
[2023-11-20T14:52:10.673+0500] {processor.py:157} INFO - Started process (PID=6740) to work on /home/den/Projects/venv/lib/python3.10/site-packages/airflow/example_dags/example_branch_operator_decorator.py
[2023-11-20T14:52:10.684+0500] {processor.py:829} INFO - Processing file /home/den/Projects/venv/lib/python3.10/site-packages/airflow/example_dags/example_branch_operator_decorator.py for tasks to queue
[2023-11-20T14:52:10.685+0500] {logging_mixin.py:154} INFO - [2023-11-20T14:52:10.684+0500] {dagbag.py:536} INFO - Filling up the DagBag from /home/den/Projects/venv/lib/python3.10/site-packages/airflow/example_dags/example_branch_operator_decorator.py
[2023-11-20T14:52:10.722+0500] {processor.py:839} INFO - DAG(s) dict_keys(['example_branch_python_operator_decorator']) retrieved from /home/den/Projects/venv/lib/python3.10/site-packages/airflow/example_dags/example_branch_operator_decorator.py
[2023-11-20T14:52:10.769+0500] {logging_mixin.py:154} INFO - [2023-11-20T14:52:10.769+0500] {dag.py:2941} INFO - Sync 1 DAGs
[2023-11-20T14:52:10.839+0500] {logging_mixin.py:154} INFO - [2023-11-20T14:52:10.839+0500] {dag.py:3722} INFO - Setting next_dagrun for example_branch_python_operator_decorator to 2023-11-19T00:00:00+00:00, run_after=2023-11-20T00:00:00+00:00
[2023-11-20T14:52:10.880+0500] {processor.py:179} INFO - Processing /home/den/Projects/venv/lib/python3.10/site-packages/airflow/example_dags/example_branch_operator_decorator.py took 0.210 seconds
[2023-11-20T14:57:53.512+0500] {processor.py:157} INFO - Started process (PID=7710) to work on /home/den/Projects/venv/lib/python3.10/site-packages/airflow/example_dags/example_branch_operator_decorator.py
[2023-11-20T14:57:53.513+0500] {processor.py:829} INFO - Processing file /home/den/Projects/venv/lib/python3.10/site-packages/airflow/example_dags/example_branch_operator_decorator.py for tasks to queue
[2023-11-20T14:57:53.514+0500] {logging_mixin.py:154} INFO - [2023-11-20T14:57:53.513+0500] {dagbag.py:536} INFO - Filling up the DagBag from /home/den/Projects/venv/lib/python3.10/site-packages/airflow/example_dags/example_branch_operator_decorator.py
[2023-11-20T14:57:53.522+0500] {processor.py:839} INFO - DAG(s) dict_keys(['example_branch_python_operator_decorator']) retrieved from /home/den/Projects/venv/lib/python3.10/site-packages/airflow/example_dags/example_branch_operator_decorator.py
[2023-11-20T14:57:53.536+0500] {logging_mixin.py:154} INFO - [2023-11-20T14:57:53.536+0500] {dag.py:2941} INFO - Sync 1 DAGs
[2023-11-20T14:57:53.548+0500] {logging_mixin.py:154} INFO - [2023-11-20T14:57:53.548+0500] {dag.py:3722} INFO - Setting next_dagrun for example_branch_python_operator_decorator to 2023-11-19T00:00:00+00:00, run_after=2023-11-20T00:00:00+00:00
[2023-11-20T14:57:53.566+0500] {processor.py:179} INFO - Processing /home/den/Projects/venv/lib/python3.10/site-packages/airflow/example_dags/example_branch_operator_decorator.py took 0.057 seconds
[2023-11-20T14:58:42.672+0500] {processor.py:157} INFO - Started process (PID=7784) to work on /home/den/Projects/venv/lib/python3.10/site-packages/airflow/example_dags/example_branch_operator_decorator.py
[2023-11-20T14:58:42.680+0500] {processor.py:829} INFO - Processing file /home/den/Projects/venv/lib/python3.10/site-packages/airflow/example_dags/example_branch_operator_decorator.py for tasks to queue
[2023-11-20T14:58:42.681+0500] {logging_mixin.py:154} INFO - [2023-11-20T14:58:42.680+0500] {dagbag.py:536} INFO - Filling up the DagBag from /home/den/Projects/venv/lib/python3.10/site-packages/airflow/example_dags/example_branch_operator_decorator.py
[2023-11-20T14:58:42.689+0500] {processor.py:839} INFO - DAG(s) dict_keys(['example_branch_python_operator_decorator']) retrieved from /home/den/Projects/venv/lib/python3.10/site-packages/airflow/example_dags/example_branch_operator_decorator.py
[2023-11-20T14:58:42.701+0500] {logging_mixin.py:154} INFO - [2023-11-20T14:58:42.701+0500] {dag.py:2941} INFO - Sync 1 DAGs
[2023-11-20T14:58:42.715+0500] {logging_mixin.py:154} INFO - [2023-11-20T14:58:42.715+0500] {dag.py:3722} INFO - Setting next_dagrun for example_branch_python_operator_decorator to 2023-11-19T00:00:00+00:00, run_after=2023-11-20T00:00:00+00:00
[2023-11-20T14:58:42.730+0500] {processor.py:179} INFO - Processing /home/den/Projects/venv/lib/python3.10/site-packages/airflow/example_dags/example_branch_operator_decorator.py took 0.062 seconds
[2023-11-20T14:59:30.090+0500] {processor.py:157} INFO - Started process (PID=7855) to work on /home/den/Projects/venv/lib/python3.10/site-packages/airflow/example_dags/example_branch_operator_decorator.py
[2023-11-20T14:59:30.092+0500] {processor.py:829} INFO - Processing file /home/den/Projects/venv/lib/python3.10/site-packages/airflow/example_dags/example_branch_operator_decorator.py for tasks to queue
[2023-11-20T14:59:30.093+0500] {logging_mixin.py:154} INFO - [2023-11-20T14:59:30.093+0500] {dagbag.py:536} INFO - Filling up the DagBag from /home/den/Projects/venv/lib/python3.10/site-packages/airflow/example_dags/example_branch_operator_decorator.py
[2023-11-20T14:59:30.100+0500] {processor.py:839} INFO - DAG(s) dict_keys(['example_branch_python_operator_decorator']) retrieved from /home/den/Projects/venv/lib/python3.10/site-packages/airflow/example_dags/example_branch_operator_decorator.py
[2023-11-20T14:59:30.112+0500] {logging_mixin.py:154} INFO - [2023-11-20T14:59:30.112+0500] {dag.py:2941} INFO - Sync 1 DAGs
[2023-11-20T14:59:30.125+0500] {logging_mixin.py:154} INFO - [2023-11-20T14:59:30.124+0500] {dag.py:3722} INFO - Setting next_dagrun for example_branch_python_operator_decorator to 2023-11-19T00:00:00+00:00, run_after=2023-11-20T00:00:00+00:00
[2023-11-20T14:59:30.149+0500] {processor.py:179} INFO - Processing /home/den/Projects/venv/lib/python3.10/site-packages/airflow/example_dags/example_branch_operator_decorator.py took 0.061 seconds
[2023-11-20T15:00:22.329+0500] {processor.py:157} INFO - Started process (PID=7954) to work on /home/den/Projects/venv/lib/python3.10/site-packages/airflow/example_dags/example_branch_operator_decorator.py
[2023-11-20T15:00:22.330+0500] {processor.py:829} INFO - Processing file /home/den/Projects/venv/lib/python3.10/site-packages/airflow/example_dags/example_branch_operator_decorator.py for tasks to queue
[2023-11-20T15:00:22.331+0500] {logging_mixin.py:154} INFO - [2023-11-20T15:00:22.330+0500] {dagbag.py:536} INFO - Filling up the DagBag from /home/den/Projects/venv/lib/python3.10/site-packages/airflow/example_dags/example_branch_operator_decorator.py
[2023-11-20T15:00:22.338+0500] {processor.py:839} INFO - DAG(s) dict_keys(['example_branch_python_operator_decorator']) retrieved from /home/den/Projects/venv/lib/python3.10/site-packages/airflow/example_dags/example_branch_operator_decorator.py
[2023-11-20T15:00:22.350+0500] {logging_mixin.py:154} INFO - [2023-11-20T15:00:22.350+0500] {dag.py:2941} INFO - Sync 1 DAGs
[2023-11-20T15:00:22.365+0500] {logging_mixin.py:154} INFO - [2023-11-20T15:00:22.365+0500] {dag.py:3722} INFO - Setting next_dagrun for example_branch_python_operator_decorator to 2023-11-19T00:00:00+00:00, run_after=2023-11-20T00:00:00+00:00
[2023-11-20T15:00:22.381+0500] {processor.py:179} INFO - Processing /home/den/Projects/venv/lib/python3.10/site-packages/airflow/example_dags/example_branch_operator_decorator.py took 0.055 seconds
[2023-11-20T15:01:14.003+0500] {processor.py:157} INFO - Started process (PID=8022) to work on /home/den/Projects/venv/lib/python3.10/site-packages/airflow/example_dags/example_branch_operator_decorator.py
[2023-11-20T15:01:14.010+0500] {processor.py:829} INFO - Processing file /home/den/Projects/venv/lib/python3.10/site-packages/airflow/example_dags/example_branch_operator_decorator.py for tasks to queue
[2023-11-20T15:01:14.011+0500] {logging_mixin.py:154} INFO - [2023-11-20T15:01:14.011+0500] {dagbag.py:536} INFO - Filling up the DagBag from /home/den/Projects/venv/lib/python3.10/site-packages/airflow/example_dags/example_branch_operator_decorator.py
[2023-11-20T15:01:14.023+0500] {processor.py:839} INFO - DAG(s) dict_keys(['example_branch_python_operator_decorator']) retrieved from /home/den/Projects/venv/lib/python3.10/site-packages/airflow/example_dags/example_branch_operator_decorator.py
[2023-11-20T15:01:14.038+0500] {logging_mixin.py:154} INFO - [2023-11-20T15:01:14.038+0500] {dag.py:2941} INFO - Sync 1 DAGs
[2023-11-20T15:01:14.056+0500] {logging_mixin.py:154} INFO - [2023-11-20T15:01:14.056+0500] {dag.py:3722} INFO - Setting next_dagrun for example_branch_python_operator_decorator to 2023-11-19T00:00:00+00:00, run_after=2023-11-20T00:00:00+00:00
[2023-11-20T15:01:14.085+0500] {processor.py:179} INFO - Processing /home/den/Projects/venv/lib/python3.10/site-packages/airflow/example_dags/example_branch_operator_decorator.py took 0.085 seconds
[2023-11-20T15:02:53.512+0500] {processor.py:157} INFO - Started process (PID=8200) to work on /home/den/Projects/venv/lib/python3.10/site-packages/airflow/example_dags/example_branch_operator_decorator.py
[2023-11-20T15:02:53.521+0500] {processor.py:829} INFO - Processing file /home/den/Projects/venv/lib/python3.10/site-packages/airflow/example_dags/example_branch_operator_decorator.py for tasks to queue
[2023-11-20T15:02:53.521+0500] {logging_mixin.py:154} INFO - [2023-11-20T15:02:53.521+0500] {dagbag.py:536} INFO - Filling up the DagBag from /home/den/Projects/venv/lib/python3.10/site-packages/airflow/example_dags/example_branch_operator_decorator.py
[2023-11-20T15:02:53.577+0500] {processor.py:839} INFO - DAG(s) dict_keys(['example_branch_python_operator_decorator']) retrieved from /home/den/Projects/venv/lib/python3.10/site-packages/airflow/example_dags/example_branch_operator_decorator.py
[2023-11-20T15:02:53.619+0500] {logging_mixin.py:154} INFO - [2023-11-20T15:02:53.618+0500] {dag.py:2941} INFO - Sync 1 DAGs
[2023-11-20T15:02:53.645+0500] {logging_mixin.py:154} INFO - [2023-11-20T15:02:53.645+0500] {dag.py:3722} INFO - Setting next_dagrun for example_branch_python_operator_decorator to 2023-11-19T00:00:00+00:00, run_after=2023-11-20T00:00:00+00:00
[2023-11-20T15:02:53.683+0500] {processor.py:179} INFO - Processing /home/den/Projects/venv/lib/python3.10/site-packages/airflow/example_dags/example_branch_operator_decorator.py took 0.177 seconds
[2023-11-20T15:03:54.426+0500] {processor.py:157} INFO - Started process (PID=8327) to work on /home/den/Projects/venv/lib/python3.10/site-packages/airflow/example_dags/example_branch_operator_decorator.py
[2023-11-20T15:03:54.436+0500] {processor.py:829} INFO - Processing file /home/den/Projects/venv/lib/python3.10/site-packages/airflow/example_dags/example_branch_operator_decorator.py for tasks to queue
[2023-11-20T15:03:54.436+0500] {logging_mixin.py:154} INFO - [2023-11-20T15:03:54.436+0500] {dagbag.py:536} INFO - Filling up the DagBag from /home/den/Projects/venv/lib/python3.10/site-packages/airflow/example_dags/example_branch_operator_decorator.py
[2023-11-20T15:03:54.456+0500] {processor.py:839} INFO - DAG(s) dict_keys(['example_branch_python_operator_decorator']) retrieved from /home/den/Projects/venv/lib/python3.10/site-packages/airflow/example_dags/example_branch_operator_decorator.py
[2023-11-20T15:03:54.480+0500] {logging_mixin.py:154} INFO - [2023-11-20T15:03:54.480+0500] {dag.py:2941} INFO - Sync 1 DAGs
[2023-11-20T15:03:54.503+0500] {logging_mixin.py:154} INFO - [2023-11-20T15:03:54.503+0500] {dag.py:3722} INFO - Setting next_dagrun for example_branch_python_operator_decorator to 2023-11-19T00:00:00+00:00, run_after=2023-11-20T00:00:00+00:00
[2023-11-20T15:03:54.545+0500] {processor.py:179} INFO - Processing /home/den/Projects/venv/lib/python3.10/site-packages/airflow/example_dags/example_branch_operator_decorator.py took 0.122 seconds
[2023-11-20T15:04:49.853+0500] {processor.py:157} INFO - Started process (PID=8400) to work on /home/den/Projects/venv/lib/python3.10/site-packages/airflow/example_dags/example_branch_operator_decorator.py
[2023-11-20T15:04:49.864+0500] {processor.py:829} INFO - Processing file /home/den/Projects/venv/lib/python3.10/site-packages/airflow/example_dags/example_branch_operator_decorator.py for tasks to queue
[2023-11-20T15:04:49.866+0500] {logging_mixin.py:154} INFO - [2023-11-20T15:04:49.866+0500] {dagbag.py:536} INFO - Filling up the DagBag from /home/den/Projects/venv/lib/python3.10/site-packages/airflow/example_dags/example_branch_operator_decorator.py
[2023-11-20T15:04:49.884+0500] {processor.py:839} INFO - DAG(s) dict_keys(['example_branch_python_operator_decorator']) retrieved from /home/den/Projects/venv/lib/python3.10/site-packages/airflow/example_dags/example_branch_operator_decorator.py
[2023-11-20T15:04:49.905+0500] {logging_mixin.py:154} INFO - [2023-11-20T15:04:49.905+0500] {dag.py:2941} INFO - Sync 1 DAGs
[2023-11-20T15:04:49.920+0500] {logging_mixin.py:154} INFO - [2023-11-20T15:04:49.920+0500] {dag.py:3722} INFO - Setting next_dagrun for example_branch_python_operator_decorator to 2023-11-19T00:00:00+00:00, run_after=2023-11-20T00:00:00+00:00
[2023-11-20T15:04:49.940+0500] {processor.py:179} INFO - Processing /home/den/Projects/venv/lib/python3.10/site-packages/airflow/example_dags/example_branch_operator_decorator.py took 0.091 seconds
[2023-11-20T15:05:48.948+0500] {processor.py:157} INFO - Started process (PID=8505) to work on /home/den/Projects/venv/lib/python3.10/site-packages/airflow/example_dags/example_branch_operator_decorator.py
[2023-11-20T15:05:48.950+0500] {processor.py:829} INFO - Processing file /home/den/Projects/venv/lib/python3.10/site-packages/airflow/example_dags/example_branch_operator_decorator.py for tasks to queue
[2023-11-20T15:05:48.951+0500] {logging_mixin.py:154} INFO - [2023-11-20T15:05:48.950+0500] {dagbag.py:536} INFO - Filling up the DagBag from /home/den/Projects/venv/lib/python3.10/site-packages/airflow/example_dags/example_branch_operator_decorator.py
[2023-11-20T15:05:48.964+0500] {processor.py:839} INFO - DAG(s) dict_keys(['example_branch_python_operator_decorator']) retrieved from /home/den/Projects/venv/lib/python3.10/site-packages/airflow/example_dags/example_branch_operator_decorator.py
[2023-11-20T15:05:48.989+0500] {logging_mixin.py:154} INFO - [2023-11-20T15:05:48.988+0500] {dag.py:2941} INFO - Sync 1 DAGs
[2023-11-20T15:05:49.006+0500] {logging_mixin.py:154} INFO - [2023-11-20T15:05:49.006+0500] {dag.py:3722} INFO - Setting next_dagrun for example_branch_python_operator_decorator to 2023-11-19T00:00:00+00:00, run_after=2023-11-20T00:00:00+00:00
[2023-11-20T15:05:49.037+0500] {processor.py:179} INFO - Processing /home/den/Projects/venv/lib/python3.10/site-packages/airflow/example_dags/example_branch_operator_decorator.py took 0.096 seconds
[2023-11-20T15:06:43.906+0500] {processor.py:157} INFO - Started process (PID=8571) to work on /home/den/Projects/venv/lib/python3.10/site-packages/airflow/example_dags/example_branch_operator_decorator.py
[2023-11-20T15:06:43.909+0500] {processor.py:829} INFO - Processing file /home/den/Projects/venv/lib/python3.10/site-packages/airflow/example_dags/example_branch_operator_decorator.py for tasks to queue
[2023-11-20T15:06:43.910+0500] {logging_mixin.py:154} INFO - [2023-11-20T15:06:43.910+0500] {dagbag.py:536} INFO - Filling up the DagBag from /home/den/Projects/venv/lib/python3.10/site-packages/airflow/example_dags/example_branch_operator_decorator.py
[2023-11-20T15:06:43.932+0500] {processor.py:839} INFO - DAG(s) dict_keys(['example_branch_python_operator_decorator']) retrieved from /home/den/Projects/venv/lib/python3.10/site-packages/airflow/example_dags/example_branch_operator_decorator.py
[2023-11-20T15:06:43.965+0500] {logging_mixin.py:154} INFO - [2023-11-20T15:06:43.965+0500] {dag.py:2941} INFO - Sync 1 DAGs
[2023-11-20T15:06:44.019+0500] {logging_mixin.py:154} INFO - [2023-11-20T15:06:44.019+0500] {dag.py:3722} INFO - Setting next_dagrun for example_branch_python_operator_decorator to 2023-11-19T00:00:00+00:00, run_after=2023-11-20T00:00:00+00:00
[2023-11-20T15:06:44.058+0500] {processor.py:179} INFO - Processing /home/den/Projects/venv/lib/python3.10/site-packages/airflow/example_dags/example_branch_operator_decorator.py took 0.156 seconds
[2023-11-20T15:07:50.233+0500] {processor.py:157} INFO - Started process (PID=8704) to work on /home/den/Projects/venv/lib/python3.10/site-packages/airflow/example_dags/example_branch_operator_decorator.py
[2023-11-20T15:07:50.244+0500] {processor.py:829} INFO - Processing file /home/den/Projects/venv/lib/python3.10/site-packages/airflow/example_dags/example_branch_operator_decorator.py for tasks to queue
[2023-11-20T15:07:50.247+0500] {logging_mixin.py:154} INFO - [2023-11-20T15:07:50.246+0500] {dagbag.py:536} INFO - Filling up the DagBag from /home/den/Projects/venv/lib/python3.10/site-packages/airflow/example_dags/example_branch_operator_decorator.py
[2023-11-20T15:07:50.288+0500] {processor.py:839} INFO - DAG(s) dict_keys(['example_branch_python_operator_decorator']) retrieved from /home/den/Projects/venv/lib/python3.10/site-packages/airflow/example_dags/example_branch_operator_decorator.py
[2023-11-20T15:07:50.340+0500] {logging_mixin.py:154} INFO - [2023-11-20T15:07:50.340+0500] {dag.py:2941} INFO - Sync 1 DAGs
[2023-11-20T15:07:50.364+0500] {logging_mixin.py:154} INFO - [2023-11-20T15:07:50.364+0500] {dag.py:3722} INFO - Setting next_dagrun for example_branch_python_operator_decorator to 2023-11-19T00:00:00+00:00, run_after=2023-11-20T00:00:00+00:00
[2023-11-20T15:07:50.396+0500] {processor.py:179} INFO - Processing /home/den/Projects/venv/lib/python3.10/site-packages/airflow/example_dags/example_branch_operator_decorator.py took 0.167 seconds
[2023-11-20T15:08:57.052+0500] {processor.py:157} INFO - Started process (PID=8796) to work on /home/den/Projects/venv/lib/python3.10/site-packages/airflow/example_dags/example_branch_operator_decorator.py
[2023-11-20T15:08:57.054+0500] {processor.py:829} INFO - Processing file /home/den/Projects/venv/lib/python3.10/site-packages/airflow/example_dags/example_branch_operator_decorator.py for tasks to queue
[2023-11-20T15:08:57.055+0500] {logging_mixin.py:154} INFO - [2023-11-20T15:08:57.054+0500] {dagbag.py:536} INFO - Filling up the DagBag from /home/den/Projects/venv/lib/python3.10/site-packages/airflow/example_dags/example_branch_operator_decorator.py
[2023-11-20T15:08:57.071+0500] {processor.py:839} INFO - DAG(s) dict_keys(['example_branch_python_operator_decorator']) retrieved from /home/den/Projects/venv/lib/python3.10/site-packages/airflow/example_dags/example_branch_operator_decorator.py
[2023-11-20T15:08:57.105+0500] {logging_mixin.py:154} INFO - [2023-11-20T15:08:57.105+0500] {dag.py:2941} INFO - Sync 1 DAGs
[2023-11-20T15:08:57.130+0500] {logging_mixin.py:154} INFO - [2023-11-20T15:08:57.130+0500] {dag.py:3722} INFO - Setting next_dagrun for example_branch_python_operator_decorator to 2023-11-19T00:00:00+00:00, run_after=2023-11-20T00:00:00+00:00
[2023-11-20T15:08:57.158+0500] {processor.py:179} INFO - Processing /home/den/Projects/venv/lib/python3.10/site-packages/airflow/example_dags/example_branch_operator_decorator.py took 0.110 seconds
[2023-11-20T15:09:56.813+0500] {processor.py:157} INFO - Started process (PID=8899) to work on /home/den/Projects/venv/lib/python3.10/site-packages/airflow/example_dags/example_branch_operator_decorator.py
[2023-11-20T15:09:56.817+0500] {processor.py:829} INFO - Processing file /home/den/Projects/venv/lib/python3.10/site-packages/airflow/example_dags/example_branch_operator_decorator.py for tasks to queue
[2023-11-20T15:09:56.819+0500] {logging_mixin.py:154} INFO - [2023-11-20T15:09:56.818+0500] {dagbag.py:536} INFO - Filling up the DagBag from /home/den/Projects/venv/lib/python3.10/site-packages/airflow/example_dags/example_branch_operator_decorator.py
[2023-11-20T15:09:56.839+0500] {processor.py:839} INFO - DAG(s) dict_keys(['example_branch_python_operator_decorator']) retrieved from /home/den/Projects/venv/lib/python3.10/site-packages/airflow/example_dags/example_branch_operator_decorator.py
[2023-11-20T15:09:56.868+0500] {logging_mixin.py:154} INFO - [2023-11-20T15:09:56.868+0500] {dag.py:2941} INFO - Sync 1 DAGs
[2023-11-20T15:09:56.901+0500] {logging_mixin.py:154} INFO - [2023-11-20T15:09:56.901+0500] {dag.py:3722} INFO - Setting next_dagrun for example_branch_python_operator_decorator to 2023-11-19T00:00:00+00:00, run_after=2023-11-20T00:00:00+00:00
[2023-11-20T15:09:56.933+0500] {processor.py:179} INFO - Processing /home/den/Projects/venv/lib/python3.10/site-packages/airflow/example_dags/example_branch_operator_decorator.py took 0.125 seconds
[2023-11-20T15:10:56.723+0500] {processor.py:157} INFO - Started process (PID=8977) to work on /home/den/Projects/venv/lib/python3.10/site-packages/airflow/example_dags/example_branch_operator_decorator.py
[2023-11-20T15:10:56.735+0500] {processor.py:829} INFO - Processing file /home/den/Projects/venv/lib/python3.10/site-packages/airflow/example_dags/example_branch_operator_decorator.py for tasks to queue
[2023-11-20T15:10:56.737+0500] {logging_mixin.py:154} INFO - [2023-11-20T15:10:56.736+0500] {dagbag.py:536} INFO - Filling up the DagBag from /home/den/Projects/venv/lib/python3.10/site-packages/airflow/example_dags/example_branch_operator_decorator.py
[2023-11-20T15:10:56.754+0500] {processor.py:839} INFO - DAG(s) dict_keys(['example_branch_python_operator_decorator']) retrieved from /home/den/Projects/venv/lib/python3.10/site-packages/airflow/example_dags/example_branch_operator_decorator.py
[2023-11-20T15:10:56.780+0500] {logging_mixin.py:154} INFO - [2023-11-20T15:10:56.780+0500] {dag.py:2941} INFO - Sync 1 DAGs
[2023-11-20T15:10:56.800+0500] {logging_mixin.py:154} INFO - [2023-11-20T15:10:56.799+0500] {dag.py:3722} INFO - Setting next_dagrun for example_branch_python_operator_decorator to 2023-11-19T00:00:00+00:00, run_after=2023-11-20T00:00:00+00:00
[2023-11-20T15:10:56.830+0500] {processor.py:179} INFO - Processing /home/den/Projects/venv/lib/python3.10/site-packages/airflow/example_dags/example_branch_operator_decorator.py took 0.111 seconds
[2023-11-20T15:11:45.013+0500] {processor.py:157} INFO - Started process (PID=9038) to work on /home/den/Projects/venv/lib/python3.10/site-packages/airflow/example_dags/example_branch_operator_decorator.py
[2023-11-20T15:11:45.022+0500] {processor.py:829} INFO - Processing file /home/den/Projects/venv/lib/python3.10/site-packages/airflow/example_dags/example_branch_operator_decorator.py for tasks to queue
[2023-11-20T15:11:45.023+0500] {logging_mixin.py:154} INFO - [2023-11-20T15:11:45.023+0500] {dagbag.py:536} INFO - Filling up the DagBag from /home/den/Projects/venv/lib/python3.10/site-packages/airflow/example_dags/example_branch_operator_decorator.py
[2023-11-20T15:11:45.040+0500] {processor.py:839} INFO - DAG(s) dict_keys(['example_branch_python_operator_decorator']) retrieved from /home/den/Projects/venv/lib/python3.10/site-packages/airflow/example_dags/example_branch_operator_decorator.py
[2023-11-20T15:11:45.062+0500] {logging_mixin.py:154} INFO - [2023-11-20T15:11:45.062+0500] {dag.py:2941} INFO - Sync 1 DAGs
[2023-11-20T15:11:45.091+0500] {logging_mixin.py:154} INFO - [2023-11-20T15:11:45.091+0500] {dag.py:3722} INFO - Setting next_dagrun for example_branch_python_operator_decorator to 2023-11-19T00:00:00+00:00, run_after=2023-11-20T00:00:00+00:00
[2023-11-20T15:11:45.141+0500] {processor.py:179} INFO - Processing /home/den/Projects/venv/lib/python3.10/site-packages/airflow/example_dags/example_branch_operator_decorator.py took 0.131 seconds
[2023-11-20T15:12:39.600+0500] {processor.py:157} INFO - Started process (PID=9139) to work on /home/den/Projects/venv/lib/python3.10/site-packages/airflow/example_dags/example_branch_operator_decorator.py
[2023-11-20T15:12:39.607+0500] {processor.py:829} INFO - Processing file /home/den/Projects/venv/lib/python3.10/site-packages/airflow/example_dags/example_branch_operator_decorator.py for tasks to queue
[2023-11-20T15:12:39.609+0500] {logging_mixin.py:154} INFO - [2023-11-20T15:12:39.608+0500] {dagbag.py:536} INFO - Filling up the DagBag from /home/den/Projects/venv/lib/python3.10/site-packages/airflow/example_dags/example_branch_operator_decorator.py
[2023-11-20T15:12:39.626+0500] {processor.py:839} INFO - DAG(s) dict_keys(['example_branch_python_operator_decorator']) retrieved from /home/den/Projects/venv/lib/python3.10/site-packages/airflow/example_dags/example_branch_operator_decorator.py
[2023-11-20T15:12:39.644+0500] {logging_mixin.py:154} INFO - [2023-11-20T15:12:39.644+0500] {dag.py:2941} INFO - Sync 1 DAGs
[2023-11-20T15:12:39.660+0500] {logging_mixin.py:154} INFO - [2023-11-20T15:12:39.660+0500] {dag.py:3722} INFO - Setting next_dagrun for example_branch_python_operator_decorator to 2023-11-19T00:00:00+00:00, run_after=2023-11-20T00:00:00+00:00
[2023-11-20T15:12:39.696+0500] {processor.py:179} INFO - Processing /home/den/Projects/venv/lib/python3.10/site-packages/airflow/example_dags/example_branch_operator_decorator.py took 0.099 seconds
[2023-11-20T15:13:33.193+0500] {processor.py:157} INFO - Started process (PID=9218) to work on /home/den/Projects/venv/lib/python3.10/site-packages/airflow/example_dags/example_branch_operator_decorator.py
[2023-11-20T15:13:33.195+0500] {processor.py:829} INFO - Processing file /home/den/Projects/venv/lib/python3.10/site-packages/airflow/example_dags/example_branch_operator_decorator.py for tasks to queue
[2023-11-20T15:13:33.198+0500] {logging_mixin.py:154} INFO - [2023-11-20T15:13:33.197+0500] {dagbag.py:536} INFO - Filling up the DagBag from /home/den/Projects/venv/lib/python3.10/site-packages/airflow/example_dags/example_branch_operator_decorator.py
[2023-11-20T15:13:33.210+0500] {processor.py:839} INFO - DAG(s) dict_keys(['example_branch_python_operator_decorator']) retrieved from /home/den/Projects/venv/lib/python3.10/site-packages/airflow/example_dags/example_branch_operator_decorator.py
[2023-11-20T15:13:33.229+0500] {logging_mixin.py:154} INFO - [2023-11-20T15:13:33.229+0500] {dag.py:2941} INFO - Sync 1 DAGs
[2023-11-20T15:13:33.244+0500] {logging_mixin.py:154} INFO - [2023-11-20T15:13:33.244+0500] {dag.py:3722} INFO - Setting next_dagrun for example_branch_python_operator_decorator to 2023-11-19T00:00:00+00:00, run_after=2023-11-20T00:00:00+00:00
[2023-11-20T15:13:33.278+0500] {processor.py:179} INFO - Processing /home/den/Projects/venv/lib/python3.10/site-packages/airflow/example_dags/example_branch_operator_decorator.py took 0.090 seconds
[2023-11-20T15:14:30.684+0500] {processor.py:157} INFO - Started process (PID=9324) to work on /home/den/Projects/venv/lib/python3.10/site-packages/airflow/example_dags/example_branch_operator_decorator.py
[2023-11-20T15:14:30.687+0500] {processor.py:829} INFO - Processing file /home/den/Projects/venv/lib/python3.10/site-packages/airflow/example_dags/example_branch_operator_decorator.py for tasks to queue
[2023-11-20T15:14:30.689+0500] {logging_mixin.py:154} INFO - [2023-11-20T15:14:30.689+0500] {dagbag.py:536} INFO - Filling up the DagBag from /home/den/Projects/venv/lib/python3.10/site-packages/airflow/example_dags/example_branch_operator_decorator.py
[2023-11-20T15:14:30.705+0500] {processor.py:839} INFO - DAG(s) dict_keys(['example_branch_python_operator_decorator']) retrieved from /home/den/Projects/venv/lib/python3.10/site-packages/airflow/example_dags/example_branch_operator_decorator.py
[2023-11-20T15:14:30.729+0500] {logging_mixin.py:154} INFO - [2023-11-20T15:14:30.729+0500] {dag.py:2941} INFO - Sync 1 DAGs
[2023-11-20T15:14:30.757+0500] {logging_mixin.py:154} INFO - [2023-11-20T15:14:30.757+0500] {dag.py:3722} INFO - Setting next_dagrun for example_branch_python_operator_decorator to 2023-11-19T00:00:00+00:00, run_after=2023-11-20T00:00:00+00:00
[2023-11-20T15:14:30.788+0500] {processor.py:179} INFO - Processing /home/den/Projects/venv/lib/python3.10/site-packages/airflow/example_dags/example_branch_operator_decorator.py took 0.107 seconds
[2023-11-20T15:15:23.024+0500] {processor.py:157} INFO - Started process (PID=9403) to work on /home/den/Projects/venv/lib/python3.10/site-packages/airflow/example_dags/example_branch_operator_decorator.py
[2023-11-20T15:15:23.026+0500] {processor.py:829} INFO - Processing file /home/den/Projects/venv/lib/python3.10/site-packages/airflow/example_dags/example_branch_operator_decorator.py for tasks to queue
[2023-11-20T15:15:23.028+0500] {logging_mixin.py:154} INFO - [2023-11-20T15:15:23.027+0500] {dagbag.py:536} INFO - Filling up the DagBag from /home/den/Projects/venv/lib/python3.10/site-packages/airflow/example_dags/example_branch_operator_decorator.py
[2023-11-20T15:15:23.037+0500] {processor.py:839} INFO - DAG(s) dict_keys(['example_branch_python_operator_decorator']) retrieved from /home/den/Projects/venv/lib/python3.10/site-packages/airflow/example_dags/example_branch_operator_decorator.py
[2023-11-20T15:15:23.052+0500] {logging_mixin.py:154} INFO - [2023-11-20T15:15:23.052+0500] {dag.py:2941} INFO - Sync 1 DAGs
[2023-11-20T15:15:23.069+0500] {logging_mixin.py:154} INFO - [2023-11-20T15:15:23.069+0500] {dag.py:3722} INFO - Setting next_dagrun for example_branch_python_operator_decorator to 2023-11-19T00:00:00+00:00, run_after=2023-11-20T00:00:00+00:00
[2023-11-20T15:15:23.093+0500] {processor.py:179} INFO - Processing /home/den/Projects/venv/lib/python3.10/site-packages/airflow/example_dags/example_branch_operator_decorator.py took 0.073 seconds
[2023-11-20T15:16:12.954+0500] {processor.py:157} INFO - Started process (PID=9490) to work on /home/den/Projects/venv/lib/python3.10/site-packages/airflow/example_dags/example_branch_operator_decorator.py
[2023-11-20T15:16:12.956+0500] {processor.py:829} INFO - Processing file /home/den/Projects/venv/lib/python3.10/site-packages/airflow/example_dags/example_branch_operator_decorator.py for tasks to queue
[2023-11-20T15:16:12.957+0500] {logging_mixin.py:154} INFO - [2023-11-20T15:16:12.956+0500] {dagbag.py:536} INFO - Filling up the DagBag from /home/den/Projects/venv/lib/python3.10/site-packages/airflow/example_dags/example_branch_operator_decorator.py
[2023-11-20T15:16:12.966+0500] {processor.py:839} INFO - DAG(s) dict_keys(['example_branch_python_operator_decorator']) retrieved from /home/den/Projects/venv/lib/python3.10/site-packages/airflow/example_dags/example_branch_operator_decorator.py
[2023-11-20T15:16:12.981+0500] {logging_mixin.py:154} INFO - [2023-11-20T15:16:12.981+0500] {dag.py:2941} INFO - Sync 1 DAGs
[2023-11-20T15:16:12.997+0500] {logging_mixin.py:154} INFO - [2023-11-20T15:16:12.997+0500] {dag.py:3722} INFO - Setting next_dagrun for example_branch_python_operator_decorator to 2023-11-19T00:00:00+00:00, run_after=2023-11-20T00:00:00+00:00
[2023-11-20T15:16:13.021+0500] {processor.py:179} INFO - Processing /home/den/Projects/venv/lib/python3.10/site-packages/airflow/example_dags/example_branch_operator_decorator.py took 0.070 seconds
[2023-11-20T15:16:59.847+0500] {processor.py:157} INFO - Started process (PID=9559) to work on /home/den/Projects/venv/lib/python3.10/site-packages/airflow/example_dags/example_branch_operator_decorator.py
[2023-11-20T15:16:59.849+0500] {processor.py:829} INFO - Processing file /home/den/Projects/venv/lib/python3.10/site-packages/airflow/example_dags/example_branch_operator_decorator.py for tasks to queue
[2023-11-20T15:16:59.850+0500] {logging_mixin.py:154} INFO - [2023-11-20T15:16:59.849+0500] {dagbag.py:536} INFO - Filling up the DagBag from /home/den/Projects/venv/lib/python3.10/site-packages/airflow/example_dags/example_branch_operator_decorator.py
[2023-11-20T15:16:59.861+0500] {processor.py:839} INFO - DAG(s) dict_keys(['example_branch_python_operator_decorator']) retrieved from /home/den/Projects/venv/lib/python3.10/site-packages/airflow/example_dags/example_branch_operator_decorator.py
[2023-11-20T15:16:59.877+0500] {logging_mixin.py:154} INFO - [2023-11-20T15:16:59.877+0500] {dag.py:2941} INFO - Sync 1 DAGs
[2023-11-20T15:16:59.893+0500] {logging_mixin.py:154} INFO - [2023-11-20T15:16:59.893+0500] {dag.py:3722} INFO - Setting next_dagrun for example_branch_python_operator_decorator to 2023-11-19T00:00:00+00:00, run_after=2023-11-20T00:00:00+00:00
[2023-11-20T15:16:59.912+0500] {processor.py:179} INFO - Processing /home/den/Projects/venv/lib/python3.10/site-packages/airflow/example_dags/example_branch_operator_decorator.py took 0.068 seconds
[2023-11-20T15:17:44.356+0500] {processor.py:157} INFO - Started process (PID=9620) to work on /home/den/Projects/venv/lib/python3.10/site-packages/airflow/example_dags/example_branch_operator_decorator.py
[2023-11-20T15:17:44.357+0500] {processor.py:829} INFO - Processing file /home/den/Projects/venv/lib/python3.10/site-packages/airflow/example_dags/example_branch_operator_decorator.py for tasks to queue
[2023-11-20T15:17:44.358+0500] {logging_mixin.py:154} INFO - [2023-11-20T15:17:44.357+0500] {dagbag.py:536} INFO - Filling up the DagBag from /home/den/Projects/venv/lib/python3.10/site-packages/airflow/example_dags/example_branch_operator_decorator.py
[2023-11-20T15:17:44.366+0500] {processor.py:839} INFO - DAG(s) dict_keys(['example_branch_python_operator_decorator']) retrieved from /home/den/Projects/venv/lib/python3.10/site-packages/airflow/example_dags/example_branch_operator_decorator.py
[2023-11-20T15:17:44.380+0500] {logging_mixin.py:154} INFO - [2023-11-20T15:17:44.380+0500] {dag.py:2941} INFO - Sync 1 DAGs
[2023-11-20T15:17:44.393+0500] {logging_mixin.py:154} INFO - [2023-11-20T15:17:44.393+0500] {dag.py:3722} INFO - Setting next_dagrun for example_branch_python_operator_decorator to 2023-11-19T00:00:00+00:00, run_after=2023-11-20T00:00:00+00:00
[2023-11-20T15:17:44.422+0500] {processor.py:179} INFO - Processing /home/den/Projects/venv/lib/python3.10/site-packages/airflow/example_dags/example_branch_operator_decorator.py took 0.070 seconds
[2023-11-20T15:18:38.008+0500] {processor.py:157} INFO - Started process (PID=9718) to work on /home/den/Projects/venv/lib/python3.10/site-packages/airflow/example_dags/example_branch_operator_decorator.py
[2023-11-20T15:18:38.009+0500] {processor.py:829} INFO - Processing file /home/den/Projects/venv/lib/python3.10/site-packages/airflow/example_dags/example_branch_operator_decorator.py for tasks to queue
[2023-11-20T15:18:38.010+0500] {logging_mixin.py:154} INFO - [2023-11-20T15:18:38.009+0500] {dagbag.py:536} INFO - Filling up the DagBag from /home/den/Projects/venv/lib/python3.10/site-packages/airflow/example_dags/example_branch_operator_decorator.py
[2023-11-20T15:18:38.019+0500] {processor.py:839} INFO - DAG(s) dict_keys(['example_branch_python_operator_decorator']) retrieved from /home/den/Projects/venv/lib/python3.10/site-packages/airflow/example_dags/example_branch_operator_decorator.py
[2023-11-20T15:18:38.035+0500] {logging_mixin.py:154} INFO - [2023-11-20T15:18:38.034+0500] {dag.py:2941} INFO - Sync 1 DAGs
[2023-11-20T15:18:38.050+0500] {logging_mixin.py:154} INFO - [2023-11-20T15:18:38.050+0500] {dag.py:3722} INFO - Setting next_dagrun for example_branch_python_operator_decorator to 2023-11-19T00:00:00+00:00, run_after=2023-11-20T00:00:00+00:00
[2023-11-20T15:18:38.068+0500] {processor.py:179} INFO - Processing /home/den/Projects/venv/lib/python3.10/site-packages/airflow/example_dags/example_branch_operator_decorator.py took 0.064 seconds
[2023-11-20T15:19:24.334+0500] {processor.py:157} INFO - Started process (PID=9790) to work on /home/den/Projects/venv/lib/python3.10/site-packages/airflow/example_dags/example_branch_operator_decorator.py
[2023-11-20T15:19:24.336+0500] {processor.py:829} INFO - Processing file /home/den/Projects/venv/lib/python3.10/site-packages/airflow/example_dags/example_branch_operator_decorator.py for tasks to queue
[2023-11-20T15:19:24.336+0500] {logging_mixin.py:154} INFO - [2023-11-20T15:19:24.336+0500] {dagbag.py:536} INFO - Filling up the DagBag from /home/den/Projects/venv/lib/python3.10/site-packages/airflow/example_dags/example_branch_operator_decorator.py
[2023-11-20T15:19:24.345+0500] {processor.py:839} INFO - DAG(s) dict_keys(['example_branch_python_operator_decorator']) retrieved from /home/den/Projects/venv/lib/python3.10/site-packages/airflow/example_dags/example_branch_operator_decorator.py
[2023-11-20T15:19:24.358+0500] {logging_mixin.py:154} INFO - [2023-11-20T15:19:24.358+0500] {dag.py:2941} INFO - Sync 1 DAGs
[2023-11-20T15:19:24.372+0500] {logging_mixin.py:154} INFO - [2023-11-20T15:19:24.372+0500] {dag.py:3722} INFO - Setting next_dagrun for example_branch_python_operator_decorator to 2023-11-19T00:00:00+00:00, run_after=2023-11-20T00:00:00+00:00
[2023-11-20T15:19:24.391+0500] {processor.py:179} INFO - Processing /home/den/Projects/venv/lib/python3.10/site-packages/airflow/example_dags/example_branch_operator_decorator.py took 0.060 seconds
[2023-11-20T15:20:17.853+0500] {processor.py:157} INFO - Started process (PID=9945) to work on /home/den/Projects/venv/lib/python3.10/site-packages/airflow/example_dags/example_branch_operator_decorator.py
[2023-11-20T15:20:17.857+0500] {processor.py:829} INFO - Processing file /home/den/Projects/venv/lib/python3.10/site-packages/airflow/example_dags/example_branch_operator_decorator.py for tasks to queue
[2023-11-20T15:20:17.858+0500] {logging_mixin.py:154} INFO - [2023-11-20T15:20:17.858+0500] {dagbag.py:536} INFO - Filling up the DagBag from /home/den/Projects/venv/lib/python3.10/site-packages/airflow/example_dags/example_branch_operator_decorator.py
[2023-11-20T15:20:17.875+0500] {processor.py:839} INFO - DAG(s) dict_keys(['example_branch_python_operator_decorator']) retrieved from /home/den/Projects/venv/lib/python3.10/site-packages/airflow/example_dags/example_branch_operator_decorator.py
[2023-11-20T15:20:17.905+0500] {logging_mixin.py:154} INFO - [2023-11-20T15:20:17.905+0500] {dag.py:2941} INFO - Sync 1 DAGs
[2023-11-20T15:20:17.934+0500] {logging_mixin.py:154} INFO - [2023-11-20T15:20:17.934+0500] {dag.py:3722} INFO - Setting next_dagrun for example_branch_python_operator_decorator to 2023-11-19T00:00:00+00:00, run_after=2023-11-20T00:00:00+00:00
[2023-11-20T15:20:17.974+0500] {processor.py:179} INFO - Processing /home/den/Projects/venv/lib/python3.10/site-packages/airflow/example_dags/example_branch_operator_decorator.py took 0.131 seconds
[2023-11-20T15:21:22.129+0500] {processor.py:157} INFO - Started process (PID=10024) to work on /home/den/Projects/venv/lib/python3.10/site-packages/airflow/example_dags/example_branch_operator_decorator.py
[2023-11-20T15:21:22.135+0500] {processor.py:829} INFO - Processing file /home/den/Projects/venv/lib/python3.10/site-packages/airflow/example_dags/example_branch_operator_decorator.py for tasks to queue
[2023-11-20T15:21:22.138+0500] {logging_mixin.py:154} INFO - [2023-11-20T15:21:22.137+0500] {dagbag.py:536} INFO - Filling up the DagBag from /home/den/Projects/venv/lib/python3.10/site-packages/airflow/example_dags/example_branch_operator_decorator.py
[2023-11-20T15:21:22.151+0500] {processor.py:839} INFO - DAG(s) dict_keys(['example_branch_python_operator_decorator']) retrieved from /home/den/Projects/venv/lib/python3.10/site-packages/airflow/example_dags/example_branch_operator_decorator.py
[2023-11-20T15:21:22.169+0500] {logging_mixin.py:154} INFO - [2023-11-20T15:21:22.169+0500] {dag.py:2941} INFO - Sync 1 DAGs
[2023-11-20T15:21:22.184+0500] {logging_mixin.py:154} INFO - [2023-11-20T15:21:22.184+0500] {dag.py:3722} INFO - Setting next_dagrun for example_branch_python_operator_decorator to 2023-11-19T00:00:00+00:00, run_after=2023-11-20T00:00:00+00:00
[2023-11-20T15:21:22.204+0500] {processor.py:179} INFO - Processing /home/den/Projects/venv/lib/python3.10/site-packages/airflow/example_dags/example_branch_operator_decorator.py took 0.085 seconds
[2023-11-20T15:22:27.914+0500] {processor.py:157} INFO - Started process (PID=10146) to work on /home/den/Projects/venv/lib/python3.10/site-packages/airflow/example_dags/example_branch_operator_decorator.py
[2023-11-20T15:22:27.919+0500] {processor.py:829} INFO - Processing file /home/den/Projects/venv/lib/python3.10/site-packages/airflow/example_dags/example_branch_operator_decorator.py for tasks to queue
[2023-11-20T15:22:27.921+0500] {logging_mixin.py:154} INFO - [2023-11-20T15:22:27.920+0500] {dagbag.py:536} INFO - Filling up the DagBag from /home/den/Projects/venv/lib/python3.10/site-packages/airflow/example_dags/example_branch_operator_decorator.py
[2023-11-20T15:22:27.935+0500] {processor.py:839} INFO - DAG(s) dict_keys(['example_branch_python_operator_decorator']) retrieved from /home/den/Projects/venv/lib/python3.10/site-packages/airflow/example_dags/example_branch_operator_decorator.py
[2023-11-20T15:22:27.972+0500] {logging_mixin.py:154} INFO - [2023-11-20T15:22:27.972+0500] {dag.py:2941} INFO - Sync 1 DAGs
[2023-11-20T15:22:28.007+0500] {logging_mixin.py:154} INFO - [2023-11-20T15:22:28.007+0500] {dag.py:3722} INFO - Setting next_dagrun for example_branch_python_operator_decorator to 2023-11-19T00:00:00+00:00, run_after=2023-11-20T00:00:00+00:00
[2023-11-20T15:22:28.048+0500] {processor.py:179} INFO - Processing /home/den/Projects/venv/lib/python3.10/site-packages/airflow/example_dags/example_branch_operator_decorator.py took 0.139 seconds
[2023-11-20T15:23:29.094+0500] {processor.py:157} INFO - Started process (PID=10244) to work on /home/den/Projects/venv/lib/python3.10/site-packages/airflow/example_dags/example_branch_operator_decorator.py
[2023-11-20T15:23:29.095+0500] {processor.py:829} INFO - Processing file /home/den/Projects/venv/lib/python3.10/site-packages/airflow/example_dags/example_branch_operator_decorator.py for tasks to queue
[2023-11-20T15:23:29.096+0500] {logging_mixin.py:154} INFO - [2023-11-20T15:23:29.096+0500] {dagbag.py:536} INFO - Filling up the DagBag from /home/den/Projects/venv/lib/python3.10/site-packages/airflow/example_dags/example_branch_operator_decorator.py
[2023-11-20T15:23:29.113+0500] {processor.py:839} INFO - DAG(s) dict_keys(['example_branch_python_operator_decorator']) retrieved from /home/den/Projects/venv/lib/python3.10/site-packages/airflow/example_dags/example_branch_operator_decorator.py
[2023-11-20T15:23:29.135+0500] {logging_mixin.py:154} INFO - [2023-11-20T15:23:29.134+0500] {dag.py:2941} INFO - Sync 1 DAGs
[2023-11-20T15:23:29.162+0500] {logging_mixin.py:154} INFO - [2023-11-20T15:23:29.161+0500] {dag.py:3722} INFO - Setting next_dagrun for example_branch_python_operator_decorator to 2023-11-19T00:00:00+00:00, run_after=2023-11-20T00:00:00+00:00
[2023-11-20T15:23:29.202+0500] {processor.py:179} INFO - Processing /home/den/Projects/venv/lib/python3.10/site-packages/airflow/example_dags/example_branch_operator_decorator.py took 0.112 seconds
