[2023-11-20T14:39:37.513+0500] {processor.py:157} INFO - Started process (PID=5179) to work on /home/den/Projects/venv/lib/python3.10/site-packages/airflow/example_dags/example_branch_operator.py
[2023-11-20T14:39:37.515+0500] {processor.py:829} INFO - Processing file /home/den/Projects/venv/lib/python3.10/site-packages/airflow/example_dags/example_branch_operator.py for tasks to queue
[2023-11-20T14:39:37.516+0500] {logging_mixin.py:154} INFO - [2023-11-20T14:39:37.515+0500] {dagbag.py:536} INFO - Filling up the DagBag from /home/den/Projects/venv/lib/python3.10/site-packages/airflow/example_dags/example_branch_operator.py
[2023-11-20T14:39:37.528+0500] {processor.py:839} INFO - DAG(s) dict_keys(['example_branch_operator']) retrieved from /home/den/Projects/venv/lib/python3.10/site-packages/airflow/example_dags/example_branch_operator.py
[2023-11-20T14:39:37.616+0500] {logging_mixin.py:154} INFO - [2023-11-20T14:39:37.616+0500] {manager.py:499} INFO - Created Permission View: %s
[2023-11-20T14:39:37.628+0500] {logging_mixin.py:154} INFO - [2023-11-20T14:39:37.628+0500] {manager.py:499} INFO - Created Permission View: %s
[2023-11-20T14:39:37.638+0500] {logging_mixin.py:154} INFO - [2023-11-20T14:39:37.638+0500] {manager.py:499} INFO - Created Permission View: %s
[2023-11-20T14:39:37.638+0500] {logging_mixin.py:154} INFO - [2023-11-20T14:39:37.638+0500] {dag.py:2941} INFO - Sync 1 DAGs
[2023-11-20T14:39:37.645+0500] {logging_mixin.py:154} INFO - [2023-11-20T14:39:37.645+0500] {dag.py:2963} INFO - Creating ORM DAG for example_branch_operator
[2023-11-20T14:39:37.651+0500] {logging_mixin.py:154} INFO - [2023-11-20T14:39:37.650+0500] {dag.py:3722} INFO - Setting next_dagrun for example_branch_operator to 2023-11-19T00:00:00+00:00, run_after=2023-11-20T00:00:00+00:00
[2023-11-20T14:39:37.668+0500] {processor.py:179} INFO - Processing /home/den/Projects/venv/lib/python3.10/site-packages/airflow/example_dags/example_branch_operator.py took 0.161 seconds
[2023-11-20T14:40:27.458+0500] {processor.py:157} INFO - Started process (PID=5296) to work on /home/den/Projects/venv/lib/python3.10/site-packages/airflow/example_dags/example_branch_operator.py
[2023-11-20T14:40:27.467+0500] {processor.py:829} INFO - Processing file /home/den/Projects/venv/lib/python3.10/site-packages/airflow/example_dags/example_branch_operator.py for tasks to queue
[2023-11-20T14:40:27.468+0500] {logging_mixin.py:154} INFO - [2023-11-20T14:40:27.468+0500] {dagbag.py:536} INFO - Filling up the DagBag from /home/den/Projects/venv/lib/python3.10/site-packages/airflow/example_dags/example_branch_operator.py
[2023-11-20T14:40:27.475+0500] {processor.py:839} INFO - DAG(s) dict_keys(['example_branch_operator']) retrieved from /home/den/Projects/venv/lib/python3.10/site-packages/airflow/example_dags/example_branch_operator.py
[2023-11-20T14:40:27.488+0500] {logging_mixin.py:154} INFO - [2023-11-20T14:40:27.488+0500] {dag.py:2941} INFO - Sync 1 DAGs
[2023-11-20T14:40:27.501+0500] {logging_mixin.py:154} INFO - [2023-11-20T14:40:27.501+0500] {dag.py:3722} INFO - Setting next_dagrun for example_branch_operator to 2023-11-19T00:00:00+00:00, run_after=2023-11-20T00:00:00+00:00
[2023-11-20T14:40:27.517+0500] {processor.py:179} INFO - Processing /home/den/Projects/venv/lib/python3.10/site-packages/airflow/example_dags/example_branch_operator.py took 0.062 seconds
[2023-11-20T14:50:03.476+0500] {processor.py:157} INFO - Started process (PID=6499) to work on /home/den/Projects/venv/lib/python3.10/site-packages/airflow/example_dags/example_branch_operator.py
[2023-11-20T14:50:03.478+0500] {processor.py:829} INFO - Processing file /home/den/Projects/venv/lib/python3.10/site-packages/airflow/example_dags/example_branch_operator.py for tasks to queue
[2023-11-20T14:50:03.479+0500] {logging_mixin.py:154} INFO - [2023-11-20T14:50:03.479+0500] {dagbag.py:536} INFO - Filling up the DagBag from /home/den/Projects/venv/lib/python3.10/site-packages/airflow/example_dags/example_branch_operator.py
[2023-11-20T14:50:03.489+0500] {processor.py:839} INFO - DAG(s) dict_keys(['example_branch_operator']) retrieved from /home/den/Projects/venv/lib/python3.10/site-packages/airflow/example_dags/example_branch_operator.py
[2023-11-20T14:50:03.538+0500] {logging_mixin.py:154} INFO - [2023-11-20T14:50:03.538+0500] {dag.py:2941} INFO - Sync 1 DAGs
[2023-11-20T14:50:03.568+0500] {logging_mixin.py:154} INFO - [2023-11-20T14:50:03.568+0500] {dag.py:3722} INFO - Setting next_dagrun for example_branch_operator to 2023-11-19T00:00:00+00:00, run_after=2023-11-20T00:00:00+00:00
[2023-11-20T14:50:03.629+0500] {processor.py:179} INFO - Processing /home/den/Projects/venv/lib/python3.10/site-packages/airflow/example_dags/example_branch_operator.py took 0.156 seconds
[2023-11-20T14:50:52.713+0500] {processor.py:157} INFO - Started process (PID=6569) to work on /home/den/Projects/venv/lib/python3.10/site-packages/airflow/example_dags/example_branch_operator.py
[2023-11-20T14:50:52.716+0500] {processor.py:829} INFO - Processing file /home/den/Projects/venv/lib/python3.10/site-packages/airflow/example_dags/example_branch_operator.py for tasks to queue
[2023-11-20T14:50:52.717+0500] {logging_mixin.py:154} INFO - [2023-11-20T14:50:52.716+0500] {dagbag.py:536} INFO - Filling up the DagBag from /home/den/Projects/venv/lib/python3.10/site-packages/airflow/example_dags/example_branch_operator.py
[2023-11-20T14:50:52.724+0500] {processor.py:839} INFO - DAG(s) dict_keys(['example_branch_operator']) retrieved from /home/den/Projects/venv/lib/python3.10/site-packages/airflow/example_dags/example_branch_operator.py
[2023-11-20T14:50:52.747+0500] {logging_mixin.py:154} INFO - [2023-11-20T14:50:52.747+0500] {dag.py:2941} INFO - Sync 1 DAGs
[2023-11-20T14:50:52.771+0500] {logging_mixin.py:154} INFO - [2023-11-20T14:50:52.771+0500] {dag.py:3722} INFO - Setting next_dagrun for example_branch_operator to 2023-11-19T00:00:00+00:00, run_after=2023-11-20T00:00:00+00:00
[2023-11-20T14:50:52.805+0500] {processor.py:179} INFO - Processing /home/den/Projects/venv/lib/python3.10/site-packages/airflow/example_dags/example_branch_operator.py took 0.097 seconds
[2023-11-20T14:51:38.149+0500] {processor.py:157} INFO - Started process (PID=6627) to work on /home/den/Projects/venv/lib/python3.10/site-packages/airflow/example_dags/example_branch_operator.py
[2023-11-20T14:51:38.150+0500] {processor.py:829} INFO - Processing file /home/den/Projects/venv/lib/python3.10/site-packages/airflow/example_dags/example_branch_operator.py for tasks to queue
[2023-11-20T14:51:38.151+0500] {logging_mixin.py:154} INFO - [2023-11-20T14:51:38.150+0500] {dagbag.py:536} INFO - Filling up the DagBag from /home/den/Projects/venv/lib/python3.10/site-packages/airflow/example_dags/example_branch_operator.py
[2023-11-20T14:51:38.157+0500] {processor.py:839} INFO - DAG(s) dict_keys(['example_branch_operator']) retrieved from /home/den/Projects/venv/lib/python3.10/site-packages/airflow/example_dags/example_branch_operator.py
[2023-11-20T14:51:38.171+0500] {logging_mixin.py:154} INFO - [2023-11-20T14:51:38.170+0500] {dag.py:2941} INFO - Sync 1 DAGs
[2023-11-20T14:51:38.184+0500] {logging_mixin.py:154} INFO - [2023-11-20T14:51:38.184+0500] {dag.py:3722} INFO - Setting next_dagrun for example_branch_operator to 2023-11-19T00:00:00+00:00, run_after=2023-11-20T00:00:00+00:00
[2023-11-20T14:51:38.199+0500] {processor.py:179} INFO - Processing /home/den/Projects/venv/lib/python3.10/site-packages/airflow/example_dags/example_branch_operator.py took 0.053 seconds
[2023-11-20T14:53:22.085+0500] {processor.py:157} INFO - Started process (PID=7379) to work on /home/den/Projects/venv/lib/python3.10/site-packages/airflow/example_dags/example_branch_operator.py
[2023-11-20T14:53:22.087+0500] {processor.py:829} INFO - Processing file /home/den/Projects/venv/lib/python3.10/site-packages/airflow/example_dags/example_branch_operator.py for tasks to queue
[2023-11-20T14:53:22.091+0500] {logging_mixin.py:154} INFO - [2023-11-20T14:53:22.090+0500] {dagbag.py:536} INFO - Filling up the DagBag from /home/den/Projects/venv/lib/python3.10/site-packages/airflow/example_dags/example_branch_operator.py
[2023-11-20T14:53:22.115+0500] {processor.py:839} INFO - DAG(s) dict_keys(['example_branch_operator']) retrieved from /home/den/Projects/venv/lib/python3.10/site-packages/airflow/example_dags/example_branch_operator.py
[2023-11-20T14:53:22.150+0500] {logging_mixin.py:154} INFO - [2023-11-20T14:53:22.150+0500] {dag.py:2941} INFO - Sync 1 DAGs
[2023-11-20T14:53:22.181+0500] {logging_mixin.py:154} INFO - [2023-11-20T14:53:22.181+0500] {dag.py:3722} INFO - Setting next_dagrun for example_branch_operator to 2023-11-19T00:00:00+00:00, run_after=2023-11-20T00:00:00+00:00
[2023-11-20T14:53:22.218+0500] {processor.py:179} INFO - Processing /home/den/Projects/venv/lib/python3.10/site-packages/airflow/example_dags/example_branch_operator.py took 0.135 seconds
[2023-11-20T14:54:53.930+0500] {processor.py:157} INFO - Started process (PID=7502) to work on /home/den/Projects/venv/lib/python3.10/site-packages/airflow/example_dags/example_branch_operator.py
[2023-11-20T14:54:53.939+0500] {processor.py:829} INFO - Processing file /home/den/Projects/venv/lib/python3.10/site-packages/airflow/example_dags/example_branch_operator.py for tasks to queue
[2023-11-20T14:54:53.943+0500] {logging_mixin.py:154} INFO - [2023-11-20T14:54:53.942+0500] {dagbag.py:536} INFO - Filling up the DagBag from /home/den/Projects/venv/lib/python3.10/site-packages/airflow/example_dags/example_branch_operator.py
[2023-11-20T14:54:53.956+0500] {processor.py:839} INFO - DAG(s) dict_keys(['example_branch_operator']) retrieved from /home/den/Projects/venv/lib/python3.10/site-packages/airflow/example_dags/example_branch_operator.py
[2023-11-20T14:54:53.975+0500] {logging_mixin.py:154} INFO - [2023-11-20T14:54:53.974+0500] {dag.py:2941} INFO - Sync 1 DAGs
[2023-11-20T14:54:54.005+0500] {logging_mixin.py:154} INFO - [2023-11-20T14:54:54.005+0500] {dag.py:3722} INFO - Setting next_dagrun for example_branch_operator to 2023-11-19T00:00:00+00:00, run_after=2023-11-20T00:00:00+00:00
[2023-11-20T14:54:54.028+0500] {processor.py:179} INFO - Processing /home/den/Projects/venv/lib/python3.10/site-packages/airflow/example_dags/example_branch_operator.py took 0.103 seconds
[2023-11-20T14:57:36.812+0500] {processor.py:157} INFO - Started process (PID=7658) to work on /home/den/Projects/venv/lib/python3.10/site-packages/airflow/example_dags/example_branch_operator.py
[2023-11-20T14:57:36.814+0500] {processor.py:829} INFO - Processing file /home/den/Projects/venv/lib/python3.10/site-packages/airflow/example_dags/example_branch_operator.py for tasks to queue
[2023-11-20T14:57:36.814+0500] {logging_mixin.py:154} INFO - [2023-11-20T14:57:36.814+0500] {dagbag.py:536} INFO - Filling up the DagBag from /home/den/Projects/venv/lib/python3.10/site-packages/airflow/example_dags/example_branch_operator.py
[2023-11-20T14:57:36.823+0500] {processor.py:839} INFO - DAG(s) dict_keys(['example_branch_operator']) retrieved from /home/den/Projects/venv/lib/python3.10/site-packages/airflow/example_dags/example_branch_operator.py
[2023-11-20T14:57:36.837+0500] {logging_mixin.py:154} INFO - [2023-11-20T14:57:36.837+0500] {dag.py:2941} INFO - Sync 1 DAGs
[2023-11-20T14:57:36.850+0500] {logging_mixin.py:154} INFO - [2023-11-20T14:57:36.850+0500] {dag.py:3722} INFO - Setting next_dagrun for example_branch_operator to 2023-11-19T00:00:00+00:00, run_after=2023-11-20T00:00:00+00:00
[2023-11-20T14:57:36.867+0500] {processor.py:179} INFO - Processing /home/den/Projects/venv/lib/python3.10/site-packages/airflow/example_dags/example_branch_operator.py took 0.057 seconds
[2023-11-20T14:58:22.381+0500] {processor.py:157} INFO - Started process (PID=7763) to work on /home/den/Projects/venv/lib/python3.10/site-packages/airflow/example_dags/example_branch_operator.py
[2023-11-20T14:58:22.383+0500] {processor.py:829} INFO - Processing file /home/den/Projects/venv/lib/python3.10/site-packages/airflow/example_dags/example_branch_operator.py for tasks to queue
[2023-11-20T14:58:22.384+0500] {logging_mixin.py:154} INFO - [2023-11-20T14:58:22.383+0500] {dagbag.py:536} INFO - Filling up the DagBag from /home/den/Projects/venv/lib/python3.10/site-packages/airflow/example_dags/example_branch_operator.py
[2023-11-20T14:58:22.392+0500] {processor.py:839} INFO - DAG(s) dict_keys(['example_branch_operator']) retrieved from /home/den/Projects/venv/lib/python3.10/site-packages/airflow/example_dags/example_branch_operator.py
[2023-11-20T14:58:22.405+0500] {logging_mixin.py:154} INFO - [2023-11-20T14:58:22.404+0500] {dag.py:2941} INFO - Sync 1 DAGs
[2023-11-20T14:58:22.417+0500] {logging_mixin.py:154} INFO - [2023-11-20T14:58:22.417+0500] {dag.py:3722} INFO - Setting next_dagrun for example_branch_operator to 2023-11-19T00:00:00+00:00, run_after=2023-11-20T00:00:00+00:00
[2023-11-20T14:58:22.435+0500] {processor.py:179} INFO - Processing /home/den/Projects/venv/lib/python3.10/site-packages/airflow/example_dags/example_branch_operator.py took 0.056 seconds
[2023-11-20T14:59:10.802+0500] {processor.py:157} INFO - Started process (PID=7825) to work on /home/den/Projects/venv/lib/python3.10/site-packages/airflow/example_dags/example_branch_operator.py
[2023-11-20T14:59:10.804+0500] {processor.py:829} INFO - Processing file /home/den/Projects/venv/lib/python3.10/site-packages/airflow/example_dags/example_branch_operator.py for tasks to queue
[2023-11-20T14:59:10.804+0500] {logging_mixin.py:154} INFO - [2023-11-20T14:59:10.804+0500] {dagbag.py:536} INFO - Filling up the DagBag from /home/den/Projects/venv/lib/python3.10/site-packages/airflow/example_dags/example_branch_operator.py
[2023-11-20T14:59:10.810+0500] {processor.py:839} INFO - DAG(s) dict_keys(['example_branch_operator']) retrieved from /home/den/Projects/venv/lib/python3.10/site-packages/airflow/example_dags/example_branch_operator.py
[2023-11-20T14:59:10.824+0500] {logging_mixin.py:154} INFO - [2023-11-20T14:59:10.824+0500] {dag.py:2941} INFO - Sync 1 DAGs
[2023-11-20T14:59:10.837+0500] {logging_mixin.py:154} INFO - [2023-11-20T14:59:10.837+0500] {dag.py:3722} INFO - Setting next_dagrun for example_branch_operator to 2023-11-19T00:00:00+00:00, run_after=2023-11-20T00:00:00+00:00
[2023-11-20T14:59:10.855+0500] {processor.py:179} INFO - Processing /home/den/Projects/venv/lib/python3.10/site-packages/airflow/example_dags/example_branch_operator.py took 0.056 seconds
[2023-11-20T14:59:59.149+0500] {processor.py:157} INFO - Started process (PID=7923) to work on /home/den/Projects/venv/lib/python3.10/site-packages/airflow/example_dags/example_branch_operator.py
[2023-11-20T14:59:59.150+0500] {processor.py:829} INFO - Processing file /home/den/Projects/venv/lib/python3.10/site-packages/airflow/example_dags/example_branch_operator.py for tasks to queue
[2023-11-20T14:59:59.151+0500] {logging_mixin.py:154} INFO - [2023-11-20T14:59:59.151+0500] {dagbag.py:536} INFO - Filling up the DagBag from /home/den/Projects/venv/lib/python3.10/site-packages/airflow/example_dags/example_branch_operator.py
[2023-11-20T14:59:59.158+0500] {processor.py:839} INFO - DAG(s) dict_keys(['example_branch_operator']) retrieved from /home/den/Projects/venv/lib/python3.10/site-packages/airflow/example_dags/example_branch_operator.py
[2023-11-20T14:59:59.171+0500] {logging_mixin.py:154} INFO - [2023-11-20T14:59:59.171+0500] {dag.py:2941} INFO - Sync 1 DAGs
[2023-11-20T14:59:59.186+0500] {logging_mixin.py:154} INFO - [2023-11-20T14:59:59.186+0500] {dag.py:3722} INFO - Setting next_dagrun for example_branch_operator to 2023-11-19T00:00:00+00:00, run_after=2023-11-20T00:00:00+00:00
[2023-11-20T14:59:59.203+0500] {processor.py:179} INFO - Processing /home/den/Projects/venv/lib/python3.10/site-packages/airflow/example_dags/example_branch_operator.py took 0.056 seconds
[2023-11-20T15:00:51.683+0500] {processor.py:157} INFO - Started process (PID=7993) to work on /home/den/Projects/venv/lib/python3.10/site-packages/airflow/example_dags/example_branch_operator.py
[2023-11-20T15:00:51.686+0500] {processor.py:829} INFO - Processing file /home/den/Projects/venv/lib/python3.10/site-packages/airflow/example_dags/example_branch_operator.py for tasks to queue
[2023-11-20T15:00:51.687+0500] {logging_mixin.py:154} INFO - [2023-11-20T15:00:51.687+0500] {dagbag.py:536} INFO - Filling up the DagBag from /home/den/Projects/venv/lib/python3.10/site-packages/airflow/example_dags/example_branch_operator.py
[2023-11-20T15:00:51.695+0500] {processor.py:839} INFO - DAG(s) dict_keys(['example_branch_operator']) retrieved from /home/den/Projects/venv/lib/python3.10/site-packages/airflow/example_dags/example_branch_operator.py
[2023-11-20T15:00:51.721+0500] {logging_mixin.py:154} INFO - [2023-11-20T15:00:51.721+0500] {dag.py:2941} INFO - Sync 1 DAGs
[2023-11-20T15:00:51.743+0500] {logging_mixin.py:154} INFO - [2023-11-20T15:00:51.743+0500] {dag.py:3722} INFO - Setting next_dagrun for example_branch_operator to 2023-11-19T00:00:00+00:00, run_after=2023-11-20T00:00:00+00:00
[2023-11-20T15:00:51.774+0500] {processor.py:179} INFO - Processing /home/den/Projects/venv/lib/python3.10/site-packages/airflow/example_dags/example_branch_operator.py took 0.094 seconds
[2023-11-20T15:01:42.054+0500] {processor.py:157} INFO - Started process (PID=8067) to work on /home/den/Projects/venv/lib/python3.10/site-packages/airflow/example_dags/example_branch_operator.py
[2023-11-20T15:01:42.056+0500] {processor.py:829} INFO - Processing file /home/den/Projects/venv/lib/python3.10/site-packages/airflow/example_dags/example_branch_operator.py for tasks to queue
[2023-11-20T15:01:42.057+0500] {logging_mixin.py:154} INFO - [2023-11-20T15:01:42.057+0500] {dagbag.py:536} INFO - Filling up the DagBag from /home/den/Projects/venv/lib/python3.10/site-packages/airflow/example_dags/example_branch_operator.py
[2023-11-20T15:01:42.065+0500] {processor.py:839} INFO - DAG(s) dict_keys(['example_branch_operator']) retrieved from /home/den/Projects/venv/lib/python3.10/site-packages/airflow/example_dags/example_branch_operator.py
[2023-11-20T15:01:42.079+0500] {logging_mixin.py:154} INFO - [2023-11-20T15:01:42.078+0500] {dag.py:2941} INFO - Sync 1 DAGs
[2023-11-20T15:01:42.094+0500] {logging_mixin.py:154} INFO - [2023-11-20T15:01:42.094+0500] {dag.py:3722} INFO - Setting next_dagrun for example_branch_operator to 2023-11-19T00:00:00+00:00, run_after=2023-11-20T00:00:00+00:00
[2023-11-20T15:01:42.110+0500] {processor.py:179} INFO - Processing /home/den/Projects/venv/lib/python3.10/site-packages/airflow/example_dags/example_branch_operator.py took 0.061 seconds
[2023-11-20T15:03:26.087+0500] {processor.py:157} INFO - Started process (PID=8263) to work on /home/den/Projects/venv/lib/python3.10/site-packages/airflow/example_dags/example_branch_operator.py
[2023-11-20T15:03:26.089+0500] {processor.py:829} INFO - Processing file /home/den/Projects/venv/lib/python3.10/site-packages/airflow/example_dags/example_branch_operator.py for tasks to queue
[2023-11-20T15:03:26.090+0500] {logging_mixin.py:154} INFO - [2023-11-20T15:03:26.089+0500] {dagbag.py:536} INFO - Filling up the DagBag from /home/den/Projects/venv/lib/python3.10/site-packages/airflow/example_dags/example_branch_operator.py
[2023-11-20T15:03:26.097+0500] {processor.py:839} INFO - DAG(s) dict_keys(['example_branch_operator']) retrieved from /home/den/Projects/venv/lib/python3.10/site-packages/airflow/example_dags/example_branch_operator.py
[2023-11-20T15:03:26.121+0500] {logging_mixin.py:154} INFO - [2023-11-20T15:03:26.121+0500] {dag.py:2941} INFO - Sync 1 DAGs
[2023-11-20T15:03:26.155+0500] {logging_mixin.py:154} INFO - [2023-11-20T15:03:26.155+0500] {dag.py:3722} INFO - Setting next_dagrun for example_branch_operator to 2023-11-19T00:00:00+00:00, run_after=2023-11-20T00:00:00+00:00
[2023-11-20T15:03:26.202+0500] {processor.py:179} INFO - Processing /home/den/Projects/venv/lib/python3.10/site-packages/airflow/example_dags/example_branch_operator.py took 0.136 seconds
[2023-11-20T15:04:14.814+0500] {processor.py:157} INFO - Started process (PID=8348) to work on /home/den/Projects/venv/lib/python3.10/site-packages/airflow/example_dags/example_branch_operator.py
[2023-11-20T15:04:14.815+0500] {processor.py:829} INFO - Processing file /home/den/Projects/venv/lib/python3.10/site-packages/airflow/example_dags/example_branch_operator.py for tasks to queue
[2023-11-20T15:04:14.816+0500] {logging_mixin.py:154} INFO - [2023-11-20T15:04:14.816+0500] {dagbag.py:536} INFO - Filling up the DagBag from /home/den/Projects/venv/lib/python3.10/site-packages/airflow/example_dags/example_branch_operator.py
[2023-11-20T15:04:14.833+0500] {processor.py:839} INFO - DAG(s) dict_keys(['example_branch_operator']) retrieved from /home/den/Projects/venv/lib/python3.10/site-packages/airflow/example_dags/example_branch_operator.py
[2023-11-20T15:04:14.868+0500] {logging_mixin.py:154} INFO - [2023-11-20T15:04:14.867+0500] {dag.py:2941} INFO - Sync 1 DAGs
[2023-11-20T15:04:14.897+0500] {logging_mixin.py:154} INFO - [2023-11-20T15:04:14.896+0500] {dag.py:3722} INFO - Setting next_dagrun for example_branch_operator to 2023-11-19T00:00:00+00:00, run_after=2023-11-20T00:00:00+00:00
[2023-11-20T15:04:14.937+0500] {processor.py:179} INFO - Processing /home/den/Projects/venv/lib/python3.10/site-packages/airflow/example_dags/example_branch_operator.py took 0.126 seconds
[2023-11-20T15:05:11.693+0500] {processor.py:157} INFO - Started process (PID=8425) to work on /home/den/Projects/venv/lib/python3.10/site-packages/airflow/example_dags/example_branch_operator.py
[2023-11-20T15:05:11.695+0500] {processor.py:829} INFO - Processing file /home/den/Projects/venv/lib/python3.10/site-packages/airflow/example_dags/example_branch_operator.py for tasks to queue
[2023-11-20T15:05:11.695+0500] {logging_mixin.py:154} INFO - [2023-11-20T15:05:11.695+0500] {dagbag.py:536} INFO - Filling up the DagBag from /home/den/Projects/venv/lib/python3.10/site-packages/airflow/example_dags/example_branch_operator.py
[2023-11-20T15:05:11.706+0500] {processor.py:839} INFO - DAG(s) dict_keys(['example_branch_operator']) retrieved from /home/den/Projects/venv/lib/python3.10/site-packages/airflow/example_dags/example_branch_operator.py
[2023-11-20T15:05:11.734+0500] {logging_mixin.py:154} INFO - [2023-11-20T15:05:11.734+0500] {dag.py:2941} INFO - Sync 1 DAGs
[2023-11-20T15:05:11.759+0500] {logging_mixin.py:154} INFO - [2023-11-20T15:05:11.759+0500] {dag.py:3722} INFO - Setting next_dagrun for example_branch_operator to 2023-11-19T00:00:00+00:00, run_after=2023-11-20T00:00:00+00:00
[2023-11-20T15:05:11.807+0500] {processor.py:179} INFO - Processing /home/den/Projects/venv/lib/python3.10/site-packages/airflow/example_dags/example_branch_operator.py took 0.120 seconds
[2023-11-20T15:06:08.190+0500] {processor.py:157} INFO - Started process (PID=8525) to work on /home/den/Projects/venv/lib/python3.10/site-packages/airflow/example_dags/example_branch_operator.py
[2023-11-20T15:06:08.196+0500] {processor.py:829} INFO - Processing file /home/den/Projects/venv/lib/python3.10/site-packages/airflow/example_dags/example_branch_operator.py for tasks to queue
[2023-11-20T15:06:08.197+0500] {logging_mixin.py:154} INFO - [2023-11-20T15:06:08.197+0500] {dagbag.py:536} INFO - Filling up the DagBag from /home/den/Projects/venv/lib/python3.10/site-packages/airflow/example_dags/example_branch_operator.py
[2023-11-20T15:06:08.214+0500] {processor.py:839} INFO - DAG(s) dict_keys(['example_branch_operator']) retrieved from /home/den/Projects/venv/lib/python3.10/site-packages/airflow/example_dags/example_branch_operator.py
[2023-11-20T15:06:08.245+0500] {logging_mixin.py:154} INFO - [2023-11-20T15:06:08.245+0500] {dag.py:2941} INFO - Sync 1 DAGs
[2023-11-20T15:06:08.266+0500] {logging_mixin.py:154} INFO - [2023-11-20T15:06:08.266+0500] {dag.py:3722} INFO - Setting next_dagrun for example_branch_operator to 2023-11-19T00:00:00+00:00, run_after=2023-11-20T00:00:00+00:00
[2023-11-20T15:06:08.306+0500] {processor.py:179} INFO - Processing /home/den/Projects/venv/lib/python3.10/site-packages/airflow/example_dags/example_branch_operator.py took 0.121 seconds
[2023-11-20T15:07:05.646+0500] {processor.py:157} INFO - Started process (PID=8606) to work on /home/den/Projects/venv/lib/python3.10/site-packages/airflow/example_dags/example_branch_operator.py
[2023-11-20T15:07:05.660+0500] {processor.py:829} INFO - Processing file /home/den/Projects/venv/lib/python3.10/site-packages/airflow/example_dags/example_branch_operator.py for tasks to queue
[2023-11-20T15:07:05.662+0500] {logging_mixin.py:154} INFO - [2023-11-20T15:07:05.662+0500] {dagbag.py:536} INFO - Filling up the DagBag from /home/den/Projects/venv/lib/python3.10/site-packages/airflow/example_dags/example_branch_operator.py
[2023-11-20T15:07:05.679+0500] {processor.py:839} INFO - DAG(s) dict_keys(['example_branch_operator']) retrieved from /home/den/Projects/venv/lib/python3.10/site-packages/airflow/example_dags/example_branch_operator.py
[2023-11-20T15:07:05.716+0500] {logging_mixin.py:154} INFO - [2023-11-20T15:07:05.715+0500] {dag.py:2941} INFO - Sync 1 DAGs
[2023-11-20T15:07:05.754+0500] {logging_mixin.py:154} INFO - [2023-11-20T15:07:05.754+0500] {dag.py:3722} INFO - Setting next_dagrun for example_branch_operator to 2023-11-19T00:00:00+00:00, run_after=2023-11-20T00:00:00+00:00
[2023-11-20T15:07:05.783+0500] {processor.py:179} INFO - Processing /home/den/Projects/venv/lib/python3.10/site-packages/airflow/example_dags/example_branch_operator.py took 0.149 seconds
[2023-11-20T15:08:09.538+0500] {processor.py:157} INFO - Started process (PID=8726) to work on /home/den/Projects/venv/lib/python3.10/site-packages/airflow/example_dags/example_branch_operator.py
[2023-11-20T15:08:09.540+0500] {processor.py:829} INFO - Processing file /home/den/Projects/venv/lib/python3.10/site-packages/airflow/example_dags/example_branch_operator.py for tasks to queue
[2023-11-20T15:08:09.544+0500] {logging_mixin.py:154} INFO - [2023-11-20T15:08:09.540+0500] {dagbag.py:536} INFO - Filling up the DagBag from /home/den/Projects/venv/lib/python3.10/site-packages/airflow/example_dags/example_branch_operator.py
[2023-11-20T15:08:09.588+0500] {processor.py:839} INFO - DAG(s) dict_keys(['example_branch_operator']) retrieved from /home/den/Projects/venv/lib/python3.10/site-packages/airflow/example_dags/example_branch_operator.py
[2023-11-20T15:08:09.637+0500] {logging_mixin.py:154} INFO - [2023-11-20T15:08:09.637+0500] {dag.py:2941} INFO - Sync 1 DAGs
[2023-11-20T15:08:09.697+0500] {logging_mixin.py:154} INFO - [2023-11-20T15:08:09.697+0500] {dag.py:3722} INFO - Setting next_dagrun for example_branch_operator to 2023-11-19T00:00:00+00:00, run_after=2023-11-20T00:00:00+00:00
[2023-11-20T15:08:09.731+0500] {processor.py:179} INFO - Processing /home/den/Projects/venv/lib/python3.10/site-packages/airflow/example_dags/example_branch_operator.py took 0.225 seconds
[2023-11-20T15:08:54.108+0500] {processor.py:157} INFO - Started process (PID=8793) to work on /home/den/Projects/venv/lib/python3.10/site-packages/airflow/example_dags/example_branch_operator.py
[2023-11-20T15:08:54.117+0500] {processor.py:829} INFO - Processing file /home/den/Projects/venv/lib/python3.10/site-packages/airflow/example_dags/example_branch_operator.py for tasks to queue
[2023-11-20T15:08:54.118+0500] {logging_mixin.py:154} INFO - [2023-11-20T15:08:54.118+0500] {dagbag.py:536} INFO - Filling up the DagBag from /home/den/Projects/venv/lib/python3.10/site-packages/airflow/example_dags/example_branch_operator.py
[2023-11-20T15:08:54.134+0500] {processor.py:839} INFO - DAG(s) dict_keys(['example_branch_operator']) retrieved from /home/den/Projects/venv/lib/python3.10/site-packages/airflow/example_dags/example_branch_operator.py
[2023-11-20T15:08:54.159+0500] {logging_mixin.py:154} INFO - [2023-11-20T15:08:54.158+0500] {dag.py:2941} INFO - Sync 1 DAGs
[2023-11-20T15:08:54.197+0500] {logging_mixin.py:154} INFO - [2023-11-20T15:08:54.196+0500] {dag.py:3722} INFO - Setting next_dagrun for example_branch_operator to 2023-11-19T00:00:00+00:00, run_after=2023-11-20T00:00:00+00:00
[2023-11-20T15:08:54.228+0500] {processor.py:179} INFO - Processing /home/den/Projects/venv/lib/python3.10/site-packages/airflow/example_dags/example_branch_operator.py took 0.126 seconds
[2023-11-20T15:09:52.972+0500] {processor.py:157} INFO - Started process (PID=8896) to work on /home/den/Projects/venv/lib/python3.10/site-packages/airflow/example_dags/example_branch_operator.py
[2023-11-20T15:09:52.984+0500] {processor.py:829} INFO - Processing file /home/den/Projects/venv/lib/python3.10/site-packages/airflow/example_dags/example_branch_operator.py for tasks to queue
[2023-11-20T15:09:52.985+0500] {logging_mixin.py:154} INFO - [2023-11-20T15:09:52.985+0500] {dagbag.py:536} INFO - Filling up the DagBag from /home/den/Projects/venv/lib/python3.10/site-packages/airflow/example_dags/example_branch_operator.py
[2023-11-20T15:09:52.999+0500] {processor.py:839} INFO - DAG(s) dict_keys(['example_branch_operator']) retrieved from /home/den/Projects/venv/lib/python3.10/site-packages/airflow/example_dags/example_branch_operator.py
[2023-11-20T15:09:53.022+0500] {logging_mixin.py:154} INFO - [2023-11-20T15:09:53.022+0500] {dag.py:2941} INFO - Sync 1 DAGs
[2023-11-20T15:09:53.048+0500] {logging_mixin.py:154} INFO - [2023-11-20T15:09:53.048+0500] {dag.py:3722} INFO - Setting next_dagrun for example_branch_operator to 2023-11-19T00:00:00+00:00, run_after=2023-11-20T00:00:00+00:00
[2023-11-20T15:09:53.094+0500] {processor.py:179} INFO - Processing /home/den/Projects/venv/lib/python3.10/site-packages/airflow/example_dags/example_branch_operator.py took 0.128 seconds
[2023-11-20T15:10:35.738+0500] {processor.py:157} INFO - Started process (PID=8948) to work on /home/den/Projects/venv/lib/python3.10/site-packages/airflow/example_dags/example_branch_operator.py
[2023-11-20T15:10:35.740+0500] {processor.py:829} INFO - Processing file /home/den/Projects/venv/lib/python3.10/site-packages/airflow/example_dags/example_branch_operator.py for tasks to queue
[2023-11-20T15:10:35.741+0500] {logging_mixin.py:154} INFO - [2023-11-20T15:10:35.741+0500] {dagbag.py:536} INFO - Filling up the DagBag from /home/den/Projects/venv/lib/python3.10/site-packages/airflow/example_dags/example_branch_operator.py
[2023-11-20T15:10:35.756+0500] {processor.py:839} INFO - DAG(s) dict_keys(['example_branch_operator']) retrieved from /home/den/Projects/venv/lib/python3.10/site-packages/airflow/example_dags/example_branch_operator.py
[2023-11-20T15:10:35.784+0500] {logging_mixin.py:154} INFO - [2023-11-20T15:10:35.784+0500] {dag.py:2941} INFO - Sync 1 DAGs
[2023-11-20T15:10:35.817+0500] {logging_mixin.py:154} INFO - [2023-11-20T15:10:35.817+0500] {dag.py:3722} INFO - Setting next_dagrun for example_branch_operator to 2023-11-19T00:00:00+00:00, run_after=2023-11-20T00:00:00+00:00
[2023-11-20T15:10:35.846+0500] {processor.py:179} INFO - Processing /home/den/Projects/venv/lib/python3.10/site-packages/airflow/example_dags/example_branch_operator.py took 0.111 seconds
[2023-11-20T15:11:24.592+0500] {processor.py:157} INFO - Started process (PID=9016) to work on /home/den/Projects/venv/lib/python3.10/site-packages/airflow/example_dags/example_branch_operator.py
[2023-11-20T15:11:24.594+0500] {processor.py:829} INFO - Processing file /home/den/Projects/venv/lib/python3.10/site-packages/airflow/example_dags/example_branch_operator.py for tasks to queue
[2023-11-20T15:11:24.595+0500] {logging_mixin.py:154} INFO - [2023-11-20T15:11:24.595+0500] {dagbag.py:536} INFO - Filling up the DagBag from /home/den/Projects/venv/lib/python3.10/site-packages/airflow/example_dags/example_branch_operator.py
[2023-11-20T15:11:24.607+0500] {processor.py:839} INFO - DAG(s) dict_keys(['example_branch_operator']) retrieved from /home/den/Projects/venv/lib/python3.10/site-packages/airflow/example_dags/example_branch_operator.py
[2023-11-20T15:11:24.621+0500] {logging_mixin.py:154} INFO - [2023-11-20T15:11:24.621+0500] {dag.py:2941} INFO - Sync 1 DAGs
[2023-11-20T15:11:24.636+0500] {logging_mixin.py:154} INFO - [2023-11-20T15:11:24.635+0500] {dag.py:3722} INFO - Setting next_dagrun for example_branch_operator to 2023-11-19T00:00:00+00:00, run_after=2023-11-20T00:00:00+00:00
[2023-11-20T15:11:24.682+0500] {processor.py:179} INFO - Processing /home/den/Projects/venv/lib/python3.10/site-packages/airflow/example_dags/example_branch_operator.py took 0.102 seconds
[2023-11-20T15:12:19.531+0500] {processor.py:157} INFO - Started process (PID=9117) to work on /home/den/Projects/venv/lib/python3.10/site-packages/airflow/example_dags/example_branch_operator.py
[2023-11-20T15:12:19.535+0500] {processor.py:829} INFO - Processing file /home/den/Projects/venv/lib/python3.10/site-packages/airflow/example_dags/example_branch_operator.py for tasks to queue
[2023-11-20T15:12:19.537+0500] {logging_mixin.py:154} INFO - [2023-11-20T15:12:19.536+0500] {dagbag.py:536} INFO - Filling up the DagBag from /home/den/Projects/venv/lib/python3.10/site-packages/airflow/example_dags/example_branch_operator.py
[2023-11-20T15:12:19.548+0500] {processor.py:839} INFO - DAG(s) dict_keys(['example_branch_operator']) retrieved from /home/den/Projects/venv/lib/python3.10/site-packages/airflow/example_dags/example_branch_operator.py
[2023-11-20T15:12:19.568+0500] {logging_mixin.py:154} INFO - [2023-11-20T15:12:19.568+0500] {dag.py:2941} INFO - Sync 1 DAGs
[2023-11-20T15:12:19.585+0500] {logging_mixin.py:154} INFO - [2023-11-20T15:12:19.585+0500] {dag.py:3722} INFO - Setting next_dagrun for example_branch_operator to 2023-11-19T00:00:00+00:00, run_after=2023-11-20T00:00:00+00:00
[2023-11-20T15:12:19.623+0500] {processor.py:179} INFO - Processing /home/den/Projects/venv/lib/python3.10/site-packages/airflow/example_dags/example_branch_operator.py took 0.096 seconds
[2023-11-20T15:13:12.438+0500] {processor.py:157} INFO - Started process (PID=9181) to work on /home/den/Projects/venv/lib/python3.10/site-packages/airflow/example_dags/example_branch_operator.py
[2023-11-20T15:13:12.445+0500] {processor.py:829} INFO - Processing file /home/den/Projects/venv/lib/python3.10/site-packages/airflow/example_dags/example_branch_operator.py for tasks to queue
[2023-11-20T15:13:12.446+0500] {logging_mixin.py:154} INFO - [2023-11-20T15:13:12.445+0500] {dagbag.py:536} INFO - Filling up the DagBag from /home/den/Projects/venv/lib/python3.10/site-packages/airflow/example_dags/example_branch_operator.py
[2023-11-20T15:13:12.457+0500] {processor.py:839} INFO - DAG(s) dict_keys(['example_branch_operator']) retrieved from /home/den/Projects/venv/lib/python3.10/site-packages/airflow/example_dags/example_branch_operator.py
[2023-11-20T15:13:12.475+0500] {logging_mixin.py:154} INFO - [2023-11-20T15:13:12.475+0500] {dag.py:2941} INFO - Sync 1 DAGs
[2023-11-20T15:13:12.491+0500] {logging_mixin.py:154} INFO - [2023-11-20T15:13:12.490+0500] {dag.py:3722} INFO - Setting next_dagrun for example_branch_operator to 2023-11-19T00:00:00+00:00, run_after=2023-11-20T00:00:00+00:00
[2023-11-20T15:13:12.530+0500] {processor.py:179} INFO - Processing /home/den/Projects/venv/lib/python3.10/site-packages/airflow/example_dags/example_branch_operator.py took 0.098 seconds
[2023-11-20T15:14:08.677+0500] {processor.py:157} INFO - Started process (PID=9292) to work on /home/den/Projects/venv/lib/python3.10/site-packages/airflow/example_dags/example_branch_operator.py
[2023-11-20T15:14:08.680+0500] {processor.py:829} INFO - Processing file /home/den/Projects/venv/lib/python3.10/site-packages/airflow/example_dags/example_branch_operator.py for tasks to queue
[2023-11-20T15:14:08.681+0500] {logging_mixin.py:154} INFO - [2023-11-20T15:14:08.681+0500] {dagbag.py:536} INFO - Filling up the DagBag from /home/den/Projects/venv/lib/python3.10/site-packages/airflow/example_dags/example_branch_operator.py
[2023-11-20T15:14:08.696+0500] {processor.py:839} INFO - DAG(s) dict_keys(['example_branch_operator']) retrieved from /home/den/Projects/venv/lib/python3.10/site-packages/airflow/example_dags/example_branch_operator.py
[2023-11-20T15:14:08.722+0500] {logging_mixin.py:154} INFO - [2023-11-20T15:14:08.722+0500] {dag.py:2941} INFO - Sync 1 DAGs
[2023-11-20T15:14:08.745+0500] {logging_mixin.py:154} INFO - [2023-11-20T15:14:08.745+0500] {dag.py:3722} INFO - Setting next_dagrun for example_branch_operator to 2023-11-19T00:00:00+00:00, run_after=2023-11-20T00:00:00+00:00
[2023-11-20T15:14:08.794+0500] {processor.py:179} INFO - Processing /home/den/Projects/venv/lib/python3.10/site-packages/airflow/example_dags/example_branch_operator.py took 0.125 seconds
[2023-11-20T15:15:04.607+0500] {processor.py:157} INFO - Started process (PID=9375) to work on /home/den/Projects/venv/lib/python3.10/site-packages/airflow/example_dags/example_branch_operator.py
[2023-11-20T15:15:04.609+0500] {processor.py:829} INFO - Processing file /home/den/Projects/venv/lib/python3.10/site-packages/airflow/example_dags/example_branch_operator.py for tasks to queue
[2023-11-20T15:15:04.609+0500] {logging_mixin.py:154} INFO - [2023-11-20T15:15:04.609+0500] {dagbag.py:536} INFO - Filling up the DagBag from /home/den/Projects/venv/lib/python3.10/site-packages/airflow/example_dags/example_branch_operator.py
[2023-11-20T15:15:04.627+0500] {processor.py:839} INFO - DAG(s) dict_keys(['example_branch_operator']) retrieved from /home/den/Projects/venv/lib/python3.10/site-packages/airflow/example_dags/example_branch_operator.py
[2023-11-20T15:15:04.641+0500] {logging_mixin.py:154} INFO - [2023-11-20T15:15:04.641+0500] {dag.py:2941} INFO - Sync 1 DAGs
[2023-11-20T15:15:04.655+0500] {logging_mixin.py:154} INFO - [2023-11-20T15:15:04.655+0500] {dag.py:3722} INFO - Setting next_dagrun for example_branch_operator to 2023-11-19T00:00:00+00:00, run_after=2023-11-20T00:00:00+00:00
[2023-11-20T15:15:04.674+0500] {processor.py:179} INFO - Processing /home/den/Projects/venv/lib/python3.10/site-packages/airflow/example_dags/example_branch_operator.py took 0.070 seconds
[2023-11-20T15:15:53.204+0500] {processor.py:157} INFO - Started process (PID=9468) to work on /home/den/Projects/venv/lib/python3.10/site-packages/airflow/example_dags/example_branch_operator.py
[2023-11-20T15:15:53.205+0500] {processor.py:829} INFO - Processing file /home/den/Projects/venv/lib/python3.10/site-packages/airflow/example_dags/example_branch_operator.py for tasks to queue
[2023-11-20T15:15:53.206+0500] {logging_mixin.py:154} INFO - [2023-11-20T15:15:53.206+0500] {dagbag.py:536} INFO - Filling up the DagBag from /home/den/Projects/venv/lib/python3.10/site-packages/airflow/example_dags/example_branch_operator.py
[2023-11-20T15:15:53.214+0500] {processor.py:839} INFO - DAG(s) dict_keys(['example_branch_operator']) retrieved from /home/den/Projects/venv/lib/python3.10/site-packages/airflow/example_dags/example_branch_operator.py
[2023-11-20T15:15:53.230+0500] {logging_mixin.py:154} INFO - [2023-11-20T15:15:53.230+0500] {dag.py:2941} INFO - Sync 1 DAGs
[2023-11-20T15:15:53.246+0500] {logging_mixin.py:154} INFO - [2023-11-20T15:15:53.246+0500] {dag.py:3722} INFO - Setting next_dagrun for example_branch_operator to 2023-11-19T00:00:00+00:00, run_after=2023-11-20T00:00:00+00:00
[2023-11-20T15:15:53.263+0500] {processor.py:179} INFO - Processing /home/den/Projects/venv/lib/python3.10/site-packages/airflow/example_dags/example_branch_operator.py took 0.062 seconds
[2023-11-20T15:16:40.716+0500] {processor.py:157} INFO - Started process (PID=9529) to work on /home/den/Projects/venv/lib/python3.10/site-packages/airflow/example_dags/example_branch_operator.py
[2023-11-20T15:16:40.717+0500] {processor.py:829} INFO - Processing file /home/den/Projects/venv/lib/python3.10/site-packages/airflow/example_dags/example_branch_operator.py for tasks to queue
[2023-11-20T15:16:40.717+0500] {logging_mixin.py:154} INFO - [2023-11-20T15:16:40.717+0500] {dagbag.py:536} INFO - Filling up the DagBag from /home/den/Projects/venv/lib/python3.10/site-packages/airflow/example_dags/example_branch_operator.py
[2023-11-20T15:16:40.726+0500] {processor.py:839} INFO - DAG(s) dict_keys(['example_branch_operator']) retrieved from /home/den/Projects/venv/lib/python3.10/site-packages/airflow/example_dags/example_branch_operator.py
[2023-11-20T15:16:40.741+0500] {logging_mixin.py:154} INFO - [2023-11-20T15:16:40.741+0500] {dag.py:2941} INFO - Sync 1 DAGs
[2023-11-20T15:16:40.757+0500] {logging_mixin.py:154} INFO - [2023-11-20T15:16:40.757+0500] {dag.py:3722} INFO - Setting next_dagrun for example_branch_operator to 2023-11-19T00:00:00+00:00, run_after=2023-11-20T00:00:00+00:00
[2023-11-20T15:16:40.774+0500] {processor.py:179} INFO - Processing /home/den/Projects/venv/lib/python3.10/site-packages/airflow/example_dags/example_branch_operator.py took 0.062 seconds
[2023-11-20T15:17:27.246+0500] {processor.py:157} INFO - Started process (PID=9600) to work on /home/den/Projects/venv/lib/python3.10/site-packages/airflow/example_dags/example_branch_operator.py
[2023-11-20T15:17:27.248+0500] {processor.py:829} INFO - Processing file /home/den/Projects/venv/lib/python3.10/site-packages/airflow/example_dags/example_branch_operator.py for tasks to queue
[2023-11-20T15:17:27.249+0500] {logging_mixin.py:154} INFO - [2023-11-20T15:17:27.248+0500] {dagbag.py:536} INFO - Filling up the DagBag from /home/den/Projects/venv/lib/python3.10/site-packages/airflow/example_dags/example_branch_operator.py
[2023-11-20T15:17:27.256+0500] {processor.py:839} INFO - DAG(s) dict_keys(['example_branch_operator']) retrieved from /home/den/Projects/venv/lib/python3.10/site-packages/airflow/example_dags/example_branch_operator.py
[2023-11-20T15:17:27.270+0500] {logging_mixin.py:154} INFO - [2023-11-20T15:17:27.270+0500] {dag.py:2941} INFO - Sync 1 DAGs
[2023-11-20T15:17:27.283+0500] {logging_mixin.py:154} INFO - [2023-11-20T15:17:27.283+0500] {dag.py:3722} INFO - Setting next_dagrun for example_branch_operator to 2023-11-19T00:00:00+00:00, run_after=2023-11-20T00:00:00+00:00
[2023-11-20T15:17:27.310+0500] {processor.py:179} INFO - Processing /home/den/Projects/venv/lib/python3.10/site-packages/airflow/example_dags/example_branch_operator.py took 0.067 seconds
[2023-11-20T15:18:13.057+0500] {processor.py:157} INFO - Started process (PID=9685) to work on /home/den/Projects/venv/lib/python3.10/site-packages/airflow/example_dags/example_branch_operator.py
[2023-11-20T15:18:13.060+0500] {processor.py:829} INFO - Processing file /home/den/Projects/venv/lib/python3.10/site-packages/airflow/example_dags/example_branch_operator.py for tasks to queue
[2023-11-20T15:18:13.062+0500] {logging_mixin.py:154} INFO - [2023-11-20T15:18:13.061+0500] {dagbag.py:536} INFO - Filling up the DagBag from /home/den/Projects/venv/lib/python3.10/site-packages/airflow/example_dags/example_branch_operator.py
[2023-11-20T15:18:13.070+0500] {processor.py:839} INFO - DAG(s) dict_keys(['example_branch_operator']) retrieved from /home/den/Projects/venv/lib/python3.10/site-packages/airflow/example_dags/example_branch_operator.py
[2023-11-20T15:18:13.086+0500] {logging_mixin.py:154} INFO - [2023-11-20T15:18:13.086+0500] {dag.py:2941} INFO - Sync 1 DAGs
[2023-11-20T15:18:13.103+0500] {logging_mixin.py:154} INFO - [2023-11-20T15:18:13.102+0500] {dag.py:3722} INFO - Setting next_dagrun for example_branch_operator to 2023-11-19T00:00:00+00:00, run_after=2023-11-20T00:00:00+00:00
[2023-11-20T15:18:13.122+0500] {processor.py:179} INFO - Processing /home/den/Projects/venv/lib/python3.10/site-packages/airflow/example_dags/example_branch_operator.py took 0.068 seconds
[2023-11-20T15:19:05.922+0500] {processor.py:157} INFO - Started process (PID=9760) to work on /home/den/Projects/venv/lib/python3.10/site-packages/airflow/example_dags/example_branch_operator.py
[2023-11-20T15:19:05.931+0500] {processor.py:829} INFO - Processing file /home/den/Projects/venv/lib/python3.10/site-packages/airflow/example_dags/example_branch_operator.py for tasks to queue
[2023-11-20T15:19:05.931+0500] {logging_mixin.py:154} INFO - [2023-11-20T15:19:05.931+0500] {dagbag.py:536} INFO - Filling up the DagBag from /home/den/Projects/venv/lib/python3.10/site-packages/airflow/example_dags/example_branch_operator.py
[2023-11-20T15:19:05.940+0500] {processor.py:839} INFO - DAG(s) dict_keys(['example_branch_operator']) retrieved from /home/den/Projects/venv/lib/python3.10/site-packages/airflow/example_dags/example_branch_operator.py
[2023-11-20T15:19:05.955+0500] {logging_mixin.py:154} INFO - [2023-11-20T15:19:05.955+0500] {dag.py:2941} INFO - Sync 1 DAGs
[2023-11-20T15:19:05.971+0500] {logging_mixin.py:154} INFO - [2023-11-20T15:19:05.971+0500] {dag.py:3722} INFO - Setting next_dagrun for example_branch_operator to 2023-11-19T00:00:00+00:00, run_after=2023-11-20T00:00:00+00:00
[2023-11-20T15:19:05.988+0500] {processor.py:179} INFO - Processing /home/den/Projects/venv/lib/python3.10/site-packages/airflow/example_dags/example_branch_operator.py took 0.070 seconds
[2023-11-20T15:19:51.276+0500] {processor.py:157} INFO - Started process (PID=9889) to work on /home/den/Projects/venv/lib/python3.10/site-packages/airflow/example_dags/example_branch_operator.py
[2023-11-20T15:19:51.286+0500] {processor.py:829} INFO - Processing file /home/den/Projects/venv/lib/python3.10/site-packages/airflow/example_dags/example_branch_operator.py for tasks to queue
[2023-11-20T15:19:51.320+0500] {logging_mixin.py:154} INFO - [2023-11-20T15:19:51.297+0500] {dagbag.py:536} INFO - Filling up the DagBag from /home/den/Projects/venv/lib/python3.10/site-packages/airflow/example_dags/example_branch_operator.py
[2023-11-20T15:19:51.500+0500] {processor.py:839} INFO - DAG(s) dict_keys(['example_branch_operator']) retrieved from /home/den/Projects/venv/lib/python3.10/site-packages/airflow/example_dags/example_branch_operator.py
[2023-11-20T15:19:51.568+0500] {logging_mixin.py:154} INFO - [2023-11-20T15:19:51.568+0500] {dag.py:2941} INFO - Sync 1 DAGs
[2023-11-20T15:19:51.594+0500] {logging_mixin.py:154} INFO - [2023-11-20T15:19:51.594+0500] {dag.py:3722} INFO - Setting next_dagrun for example_branch_operator to 2023-11-19T00:00:00+00:00, run_after=2023-11-20T00:00:00+00:00
[2023-11-20T15:19:51.637+0500] {processor.py:179} INFO - Processing /home/den/Projects/venv/lib/python3.10/site-packages/airflow/example_dags/example_branch_operator.py took 0.414 seconds
[2023-11-20T15:20:54.913+0500] {processor.py:157} INFO - Started process (PID=9997) to work on /home/den/Projects/venv/lib/python3.10/site-packages/airflow/example_dags/example_branch_operator.py
[2023-11-20T15:20:54.917+0500] {processor.py:829} INFO - Processing file /home/den/Projects/venv/lib/python3.10/site-packages/airflow/example_dags/example_branch_operator.py for tasks to queue
[2023-11-20T15:20:54.918+0500] {logging_mixin.py:154} INFO - [2023-11-20T15:20:54.918+0500] {dagbag.py:536} INFO - Filling up the DagBag from /home/den/Projects/venv/lib/python3.10/site-packages/airflow/example_dags/example_branch_operator.py
[2023-11-20T15:20:54.932+0500] {processor.py:839} INFO - DAG(s) dict_keys(['example_branch_operator']) retrieved from /home/den/Projects/venv/lib/python3.10/site-packages/airflow/example_dags/example_branch_operator.py
[2023-11-20T15:20:54.956+0500] {logging_mixin.py:154} INFO - [2023-11-20T15:20:54.956+0500] {dag.py:2941} INFO - Sync 1 DAGs
[2023-11-20T15:20:54.997+0500] {logging_mixin.py:154} INFO - [2023-11-20T15:20:54.997+0500] {dag.py:3722} INFO - Setting next_dagrun for example_branch_operator to 2023-11-19T00:00:00+00:00, run_after=2023-11-20T00:00:00+00:00
[2023-11-20T15:20:55.034+0500] {processor.py:179} INFO - Processing /home/den/Projects/venv/lib/python3.10/site-packages/airflow/example_dags/example_branch_operator.py took 0.125 seconds
[2023-11-20T15:21:37.730+0500] {processor.py:157} INFO - Started process (PID=10054) to work on /home/den/Projects/venv/lib/python3.10/site-packages/airflow/example_dags/example_branch_operator.py
[2023-11-20T15:21:37.735+0500] {processor.py:829} INFO - Processing file /home/den/Projects/venv/lib/python3.10/site-packages/airflow/example_dags/example_branch_operator.py for tasks to queue
[2023-11-20T15:21:37.736+0500] {logging_mixin.py:154} INFO - [2023-11-20T15:21:37.735+0500] {dagbag.py:536} INFO - Filling up the DagBag from /home/den/Projects/venv/lib/python3.10/site-packages/airflow/example_dags/example_branch_operator.py
[2023-11-20T15:21:37.750+0500] {processor.py:839} INFO - DAG(s) dict_keys(['example_branch_operator']) retrieved from /home/den/Projects/venv/lib/python3.10/site-packages/airflow/example_dags/example_branch_operator.py
[2023-11-20T15:21:37.775+0500] {logging_mixin.py:154} INFO - [2023-11-20T15:21:37.775+0500] {dag.py:2941} INFO - Sync 1 DAGs
[2023-11-20T15:21:37.810+0500] {logging_mixin.py:154} INFO - [2023-11-20T15:21:37.809+0500] {dag.py:3722} INFO - Setting next_dagrun for example_branch_operator to 2023-11-19T00:00:00+00:00, run_after=2023-11-20T00:00:00+00:00
[2023-11-20T15:21:37.842+0500] {processor.py:179} INFO - Processing /home/den/Projects/venv/lib/python3.10/site-packages/airflow/example_dags/example_branch_operator.py took 0.117 seconds
[2023-11-20T15:22:22.833+0500] {processor.py:157} INFO - Started process (PID=10140) to work on /home/den/Projects/venv/lib/python3.10/site-packages/airflow/example_dags/example_branch_operator.py
[2023-11-20T15:22:22.837+0500] {processor.py:829} INFO - Processing file /home/den/Projects/venv/lib/python3.10/site-packages/airflow/example_dags/example_branch_operator.py for tasks to queue
[2023-11-20T15:22:22.838+0500] {logging_mixin.py:154} INFO - [2023-11-20T15:22:22.837+0500] {dagbag.py:536} INFO - Filling up the DagBag from /home/den/Projects/venv/lib/python3.10/site-packages/airflow/example_dags/example_branch_operator.py
[2023-11-20T15:22:22.849+0500] {processor.py:839} INFO - DAG(s) dict_keys(['example_branch_operator']) retrieved from /home/den/Projects/venv/lib/python3.10/site-packages/airflow/example_dags/example_branch_operator.py
[2023-11-20T15:22:22.872+0500] {logging_mixin.py:154} INFO - [2023-11-20T15:22:22.872+0500] {dag.py:2941} INFO - Sync 1 DAGs
[2023-11-20T15:22:22.900+0500] {logging_mixin.py:154} INFO - [2023-11-20T15:22:22.899+0500] {dag.py:3722} INFO - Setting next_dagrun for example_branch_operator to 2023-11-19T00:00:00+00:00, run_after=2023-11-20T00:00:00+00:00
[2023-11-20T15:22:22.936+0500] {processor.py:179} INFO - Processing /home/den/Projects/venv/lib/python3.10/site-packages/airflow/example_dags/example_branch_operator.py took 0.107 seconds
[2023-11-20T15:23:23.462+0500] {processor.py:157} INFO - Started process (PID=10237) to work on /home/den/Projects/venv/lib/python3.10/site-packages/airflow/example_dags/example_branch_operator.py
[2023-11-20T15:23:23.467+0500] {processor.py:829} INFO - Processing file /home/den/Projects/venv/lib/python3.10/site-packages/airflow/example_dags/example_branch_operator.py for tasks to queue
[2023-11-20T15:23:23.468+0500] {logging_mixin.py:154} INFO - [2023-11-20T15:23:23.467+0500] {dagbag.py:536} INFO - Filling up the DagBag from /home/den/Projects/venv/lib/python3.10/site-packages/airflow/example_dags/example_branch_operator.py
[2023-11-20T15:23:23.484+0500] {processor.py:839} INFO - DAG(s) dict_keys(['example_branch_operator']) retrieved from /home/den/Projects/venv/lib/python3.10/site-packages/airflow/example_dags/example_branch_operator.py
[2023-11-20T15:23:23.512+0500] {logging_mixin.py:154} INFO - [2023-11-20T15:23:23.511+0500] {dag.py:2941} INFO - Sync 1 DAGs
[2023-11-20T15:23:23.542+0500] {logging_mixin.py:154} INFO - [2023-11-20T15:23:23.542+0500] {dag.py:3722} INFO - Setting next_dagrun for example_branch_operator to 2023-11-19T00:00:00+00:00, run_after=2023-11-20T00:00:00+00:00
[2023-11-20T15:23:23.587+0500] {processor.py:179} INFO - Processing /home/den/Projects/venv/lib/python3.10/site-packages/airflow/example_dags/example_branch_operator.py took 0.129 seconds
