[2023-11-20T14:39:35.017+0500] {processor.py:157} INFO - Started process (PID=5177) to work on /home/den/Projects/venv/lib/python3.10/site-packages/airflow/example_dags/example_sla_dag.py
[2023-11-20T14:39:35.018+0500] {processor.py:829} INFO - Processing file /home/den/Projects/venv/lib/python3.10/site-packages/airflow/example_dags/example_sla_dag.py for tasks to queue
[2023-11-20T14:39:35.019+0500] {logging_mixin.py:154} INFO - [2023-11-20T14:39:35.018+0500] {dagbag.py:536} INFO - Filling up the DagBag from /home/den/Projects/venv/lib/python3.10/site-packages/airflow/example_dags/example_sla_dag.py
[2023-11-20T14:39:35.028+0500] {processor.py:839} INFO - DAG(s) dict_keys(['example_sla_dag']) retrieved from /home/den/Projects/venv/lib/python3.10/site-packages/airflow/example_dags/example_sla_dag.py
[2023-11-20T14:39:35.099+0500] {logging_mixin.py:154} INFO - [2023-11-20T14:39:35.098+0500] {manager.py:499} INFO - Created Permission View: %s
[2023-11-20T14:39:35.108+0500] {logging_mixin.py:154} INFO - [2023-11-20T14:39:35.108+0500] {manager.py:499} INFO - Created Permission View: %s
[2023-11-20T14:39:35.116+0500] {logging_mixin.py:154} INFO - [2023-11-20T14:39:35.116+0500] {manager.py:499} INFO - Created Permission View: %s
[2023-11-20T14:39:35.116+0500] {logging_mixin.py:154} INFO - [2023-11-20T14:39:35.116+0500] {dag.py:2941} INFO - Sync 1 DAGs
[2023-11-20T14:39:35.122+0500] {logging_mixin.py:154} INFO - [2023-11-20T14:39:35.122+0500] {dag.py:2963} INFO - Creating ORM DAG for example_sla_dag
[2023-11-20T14:39:35.129+0500] {logging_mixin.py:154} INFO - [2023-11-20T14:39:35.129+0500] {dag.py:3722} INFO - Setting next_dagrun for example_sla_dag to 2023-11-20T09:36:00+00:00, run_after=2023-11-20T09:38:00+00:00
[2023-11-20T14:39:35.146+0500] {processor.py:179} INFO - Processing /home/den/Projects/venv/lib/python3.10/site-packages/airflow/example_dags/example_sla_dag.py took 0.131 seconds
[2023-11-20T14:40:25.249+0500] {processor.py:157} INFO - Started process (PID=5293) to work on /home/den/Projects/venv/lib/python3.10/site-packages/airflow/example_dags/example_sla_dag.py
[2023-11-20T14:40:25.251+0500] {processor.py:829} INFO - Processing file /home/den/Projects/venv/lib/python3.10/site-packages/airflow/example_dags/example_sla_dag.py for tasks to queue
[2023-11-20T14:40:25.251+0500] {logging_mixin.py:154} INFO - [2023-11-20T14:40:25.251+0500] {dagbag.py:536} INFO - Filling up the DagBag from /home/den/Projects/venv/lib/python3.10/site-packages/airflow/example_dags/example_sla_dag.py
[2023-11-20T14:40:25.259+0500] {processor.py:839} INFO - DAG(s) dict_keys(['example_sla_dag']) retrieved from /home/den/Projects/venv/lib/python3.10/site-packages/airflow/example_dags/example_sla_dag.py
[2023-11-20T14:40:25.269+0500] {logging_mixin.py:154} INFO - [2023-11-20T14:40:25.269+0500] {dag.py:2941} INFO - Sync 1 DAGs
[2023-11-20T14:40:25.283+0500] {logging_mixin.py:154} INFO - [2023-11-20T14:40:25.282+0500] {dag.py:3722} INFO - Setting next_dagrun for example_sla_dag to 2023-11-20T09:38:00+00:00, run_after=2023-11-20T09:40:00+00:00
[2023-11-20T14:40:25.302+0500] {processor.py:179} INFO - Processing /home/den/Projects/venv/lib/python3.10/site-packages/airflow/example_dags/example_sla_dag.py took 0.056 seconds
[2023-11-20T14:50:00.660+0500] {processor.py:157} INFO - Started process (PID=6494) to work on /home/den/Projects/venv/lib/python3.10/site-packages/airflow/example_dags/example_sla_dag.py
[2023-11-20T14:50:00.662+0500] {processor.py:829} INFO - Processing file /home/den/Projects/venv/lib/python3.10/site-packages/airflow/example_dags/example_sla_dag.py for tasks to queue
[2023-11-20T14:50:00.662+0500] {logging_mixin.py:154} INFO - [2023-11-20T14:50:00.662+0500] {dagbag.py:536} INFO - Filling up the DagBag from /home/den/Projects/venv/lib/python3.10/site-packages/airflow/example_dags/example_sla_dag.py
[2023-11-20T14:50:00.670+0500] {processor.py:839} INFO - DAG(s) dict_keys(['example_sla_dag']) retrieved from /home/den/Projects/venv/lib/python3.10/site-packages/airflow/example_dags/example_sla_dag.py
[2023-11-20T14:50:00.684+0500] {logging_mixin.py:154} INFO - [2023-11-20T14:50:00.684+0500] {dag.py:2941} INFO - Sync 1 DAGs
[2023-11-20T14:50:00.701+0500] {logging_mixin.py:154} INFO - [2023-11-20T14:50:00.700+0500] {dag.py:3722} INFO - Setting next_dagrun for example_sla_dag to 2023-11-20T09:48:00+00:00, run_after=2023-11-20T09:50:00+00:00
[2023-11-20T14:50:00.721+0500] {processor.py:179} INFO - Processing /home/den/Projects/venv/lib/python3.10/site-packages/airflow/example_dags/example_sla_dag.py took 0.064 seconds
[2023-11-20T14:50:50.331+0500] {processor.py:157} INFO - Started process (PID=6567) to work on /home/den/Projects/venv/lib/python3.10/site-packages/airflow/example_dags/example_sla_dag.py
[2023-11-20T14:50:50.341+0500] {processor.py:829} INFO - Processing file /home/den/Projects/venv/lib/python3.10/site-packages/airflow/example_dags/example_sla_dag.py for tasks to queue
[2023-11-20T14:50:50.341+0500] {logging_mixin.py:154} INFO - [2023-11-20T14:50:50.341+0500] {dagbag.py:536} INFO - Filling up the DagBag from /home/den/Projects/venv/lib/python3.10/site-packages/airflow/example_dags/example_sla_dag.py
[2023-11-20T14:50:50.348+0500] {processor.py:839} INFO - DAG(s) dict_keys(['example_sla_dag']) retrieved from /home/den/Projects/venv/lib/python3.10/site-packages/airflow/example_dags/example_sla_dag.py
[2023-11-20T14:50:50.359+0500] {logging_mixin.py:154} INFO - [2023-11-20T14:50:50.359+0500] {dag.py:2941} INFO - Sync 1 DAGs
[2023-11-20T14:50:50.372+0500] {logging_mixin.py:154} INFO - [2023-11-20T14:50:50.372+0500] {dag.py:3722} INFO - Setting next_dagrun for example_sla_dag to 2023-11-20T09:48:00+00:00, run_after=2023-11-20T09:50:00+00:00
[2023-11-20T14:50:50.388+0500] {processor.py:179} INFO - Processing /home/den/Projects/venv/lib/python3.10/site-packages/airflow/example_dags/example_sla_dag.py took 0.060 seconds
[2023-11-20T14:51:36.955+0500] {processor.py:157} INFO - Started process (PID=6625) to work on /home/den/Projects/venv/lib/python3.10/site-packages/airflow/example_dags/example_sla_dag.py
[2023-11-20T14:51:36.956+0500] {processor.py:829} INFO - Processing file /home/den/Projects/venv/lib/python3.10/site-packages/airflow/example_dags/example_sla_dag.py for tasks to queue
[2023-11-20T14:51:36.957+0500] {logging_mixin.py:154} INFO - [2023-11-20T14:51:36.957+0500] {dagbag.py:536} INFO - Filling up the DagBag from /home/den/Projects/venv/lib/python3.10/site-packages/airflow/example_dags/example_sla_dag.py
[2023-11-20T14:51:36.964+0500] {processor.py:839} INFO - DAG(s) dict_keys(['example_sla_dag']) retrieved from /home/den/Projects/venv/lib/python3.10/site-packages/airflow/example_dags/example_sla_dag.py
[2023-11-20T14:51:36.974+0500] {logging_mixin.py:154} INFO - [2023-11-20T14:51:36.974+0500] {dag.py:2941} INFO - Sync 1 DAGs
[2023-11-20T14:51:36.989+0500] {logging_mixin.py:154} INFO - [2023-11-20T14:51:36.989+0500] {dag.py:3722} INFO - Setting next_dagrun for example_sla_dag to 2023-11-20T09:48:00+00:00, run_after=2023-11-20T09:50:00+00:00
[2023-11-20T14:51:37.005+0500] {processor.py:179} INFO - Processing /home/den/Projects/venv/lib/python3.10/site-packages/airflow/example_dags/example_sla_dag.py took 0.053 seconds
[2023-11-20T14:52:32.295+0500] {processor.py:157} INFO - Started process (PID=6784) to work on /home/den/Projects/venv/lib/python3.10/site-packages/airflow/example_dags/example_sla_dag.py
[2023-11-20T14:52:32.307+0500] {processor.py:829} INFO - Processing file /home/den/Projects/venv/lib/python3.10/site-packages/airflow/example_dags/example_sla_dag.py for tasks to queue
[2023-11-20T14:52:32.310+0500] {logging_mixin.py:154} INFO - [2023-11-20T14:52:32.309+0500] {dagbag.py:536} INFO - Filling up the DagBag from /home/den/Projects/venv/lib/python3.10/site-packages/airflow/example_dags/example_sla_dag.py
[2023-11-20T14:52:32.350+0500] {processor.py:839} INFO - DAG(s) dict_keys(['example_sla_dag']) retrieved from /home/den/Projects/venv/lib/python3.10/site-packages/airflow/example_dags/example_sla_dag.py
[2023-11-20T14:52:32.372+0500] {logging_mixin.py:154} INFO - [2023-11-20T14:52:32.372+0500] {dag.py:2941} INFO - Sync 1 DAGs
[2023-11-20T14:52:32.397+0500] {logging_mixin.py:154} INFO - [2023-11-20T14:52:32.397+0500] {dag.py:3722} INFO - Setting next_dagrun for example_sla_dag to 2023-11-20T09:50:00+00:00, run_after=2023-11-20T09:52:00+00:00
[2023-11-20T14:52:32.466+0500] {processor.py:179} INFO - Processing /home/den/Projects/venv/lib/python3.10/site-packages/airflow/example_dags/example_sla_dag.py took 0.176 seconds
[2023-11-20T14:53:19.586+0500] {processor.py:157} INFO - Started process (PID=7377) to work on /home/den/Projects/venv/lib/python3.10/site-packages/airflow/example_dags/example_sla_dag.py
[2023-11-20T14:53:19.587+0500] {processor.py:829} INFO - Processing file /home/den/Projects/venv/lib/python3.10/site-packages/airflow/example_dags/example_sla_dag.py for tasks to queue
[2023-11-20T14:53:19.588+0500] {logging_mixin.py:154} INFO - [2023-11-20T14:53:19.588+0500] {dagbag.py:536} INFO - Filling up the DagBag from /home/den/Projects/venv/lib/python3.10/site-packages/airflow/example_dags/example_sla_dag.py
[2023-11-20T14:53:19.609+0500] {processor.py:839} INFO - DAG(s) dict_keys(['example_sla_dag']) retrieved from /home/den/Projects/venv/lib/python3.10/site-packages/airflow/example_dags/example_sla_dag.py
[2023-11-20T14:53:19.639+0500] {logging_mixin.py:154} INFO - [2023-11-20T14:53:19.639+0500] {dag.py:2941} INFO - Sync 1 DAGs
[2023-11-20T14:53:19.670+0500] {logging_mixin.py:154} INFO - [2023-11-20T14:53:19.670+0500] {dag.py:3722} INFO - Setting next_dagrun for example_sla_dag to 2023-11-20T09:50:00+00:00, run_after=2023-11-20T09:52:00+00:00
[2023-11-20T14:53:19.703+0500] {processor.py:179} INFO - Processing /home/den/Projects/venv/lib/python3.10/site-packages/airflow/example_dags/example_sla_dag.py took 0.122 seconds
[2023-11-20T14:54:51.530+0500] {processor.py:157} INFO - Started process (PID=7499) to work on /home/den/Projects/venv/lib/python3.10/site-packages/airflow/example_dags/example_sla_dag.py
[2023-11-20T14:54:51.534+0500] {processor.py:829} INFO - Processing file /home/den/Projects/venv/lib/python3.10/site-packages/airflow/example_dags/example_sla_dag.py for tasks to queue
[2023-11-20T14:54:51.536+0500] {logging_mixin.py:154} INFO - [2023-11-20T14:54:51.535+0500] {dagbag.py:536} INFO - Filling up the DagBag from /home/den/Projects/venv/lib/python3.10/site-packages/airflow/example_dags/example_sla_dag.py
[2023-11-20T14:54:51.554+0500] {processor.py:839} INFO - DAG(s) dict_keys(['example_sla_dag']) retrieved from /home/den/Projects/venv/lib/python3.10/site-packages/airflow/example_dags/example_sla_dag.py
[2023-11-20T14:54:51.570+0500] {logging_mixin.py:154} INFO - [2023-11-20T14:54:51.570+0500] {dag.py:2941} INFO - Sync 1 DAGs
[2023-11-20T14:54:51.593+0500] {logging_mixin.py:154} INFO - [2023-11-20T14:54:51.593+0500] {dag.py:3722} INFO - Setting next_dagrun for example_sla_dag to 2023-11-20T09:52:00+00:00, run_after=2023-11-20T09:54:00+00:00
[2023-11-20T14:54:51.640+0500] {processor.py:179} INFO - Processing /home/den/Projects/venv/lib/python3.10/site-packages/airflow/example_dags/example_sla_dag.py took 0.115 seconds
[2023-11-20T14:57:35.218+0500] {processor.py:157} INFO - Started process (PID=7656) to work on /home/den/Projects/venv/lib/python3.10/site-packages/airflow/example_dags/example_sla_dag.py
[2023-11-20T14:57:35.219+0500] {processor.py:829} INFO - Processing file /home/den/Projects/venv/lib/python3.10/site-packages/airflow/example_dags/example_sla_dag.py for tasks to queue
[2023-11-20T14:57:35.220+0500] {logging_mixin.py:154} INFO - [2023-11-20T14:57:35.220+0500] {dagbag.py:536} INFO - Filling up the DagBag from /home/den/Projects/venv/lib/python3.10/site-packages/airflow/example_dags/example_sla_dag.py
[2023-11-20T14:57:35.228+0500] {processor.py:839} INFO - DAG(s) dict_keys(['example_sla_dag']) retrieved from /home/den/Projects/venv/lib/python3.10/site-packages/airflow/example_dags/example_sla_dag.py
[2023-11-20T14:57:35.241+0500] {logging_mixin.py:154} INFO - [2023-11-20T14:57:35.241+0500] {dag.py:2941} INFO - Sync 1 DAGs
[2023-11-20T14:57:35.256+0500] {logging_mixin.py:154} INFO - [2023-11-20T14:57:35.256+0500] {dag.py:3722} INFO - Setting next_dagrun for example_sla_dag to 2023-11-20T09:54:00+00:00, run_after=2023-11-20T09:56:00+00:00
[2023-11-20T14:57:35.273+0500] {processor.py:179} INFO - Processing /home/den/Projects/venv/lib/python3.10/site-packages/airflow/example_dags/example_sla_dag.py took 0.058 seconds
[2023-11-20T14:58:20.412+0500] {processor.py:157} INFO - Started process (PID=7761) to work on /home/den/Projects/venv/lib/python3.10/site-packages/airflow/example_dags/example_sla_dag.py
[2023-11-20T14:58:20.415+0500] {processor.py:829} INFO - Processing file /home/den/Projects/venv/lib/python3.10/site-packages/airflow/example_dags/example_sla_dag.py for tasks to queue
[2023-11-20T14:58:20.417+0500] {logging_mixin.py:154} INFO - [2023-11-20T14:58:20.416+0500] {dagbag.py:536} INFO - Filling up the DagBag from /home/den/Projects/venv/lib/python3.10/site-packages/airflow/example_dags/example_sla_dag.py
[2023-11-20T14:58:20.449+0500] {processor.py:839} INFO - DAG(s) dict_keys(['example_sla_dag']) retrieved from /home/den/Projects/venv/lib/python3.10/site-packages/airflow/example_dags/example_sla_dag.py
[2023-11-20T14:58:20.488+0500] {logging_mixin.py:154} INFO - [2023-11-20T14:58:20.487+0500] {dag.py:2941} INFO - Sync 1 DAGs
[2023-11-20T14:58:20.518+0500] {logging_mixin.py:154} INFO - [2023-11-20T14:58:20.518+0500] {dag.py:3722} INFO - Setting next_dagrun for example_sla_dag to 2023-11-20T09:56:00+00:00, run_after=2023-11-20T09:58:00+00:00
[2023-11-20T14:58:20.548+0500] {processor.py:179} INFO - Processing /home/den/Projects/venv/lib/python3.10/site-packages/airflow/example_dags/example_sla_dag.py took 0.138 seconds
[2023-11-20T14:59:09.092+0500] {processor.py:157} INFO - Started process (PID=7823) to work on /home/den/Projects/venv/lib/python3.10/site-packages/airflow/example_dags/example_sla_dag.py
[2023-11-20T14:59:09.093+0500] {processor.py:829} INFO - Processing file /home/den/Projects/venv/lib/python3.10/site-packages/airflow/example_dags/example_sla_dag.py for tasks to queue
[2023-11-20T14:59:09.094+0500] {logging_mixin.py:154} INFO - [2023-11-20T14:59:09.094+0500] {dagbag.py:536} INFO - Filling up the DagBag from /home/den/Projects/venv/lib/python3.10/site-packages/airflow/example_dags/example_sla_dag.py
[2023-11-20T14:59:09.103+0500] {processor.py:839} INFO - DAG(s) dict_keys(['example_sla_dag']) retrieved from /home/den/Projects/venv/lib/python3.10/site-packages/airflow/example_dags/example_sla_dag.py
[2023-11-20T14:59:09.123+0500] {logging_mixin.py:154} INFO - [2023-11-20T14:59:09.123+0500] {dag.py:2941} INFO - Sync 1 DAGs
[2023-11-20T14:59:09.154+0500] {logging_mixin.py:154} INFO - [2023-11-20T14:59:09.154+0500] {dag.py:3722} INFO - Setting next_dagrun for example_sla_dag to 2023-11-20T09:56:00+00:00, run_after=2023-11-20T09:58:00+00:00
[2023-11-20T14:59:09.201+0500] {processor.py:179} INFO - Processing /home/den/Projects/venv/lib/python3.10/site-packages/airflow/example_dags/example_sla_dag.py took 0.113 seconds
[2023-11-20T14:59:57.578+0500] {processor.py:157} INFO - Started process (PID=7920) to work on /home/den/Projects/venv/lib/python3.10/site-packages/airflow/example_dags/example_sla_dag.py
[2023-11-20T14:59:57.587+0500] {processor.py:829} INFO - Processing file /home/den/Projects/venv/lib/python3.10/site-packages/airflow/example_dags/example_sla_dag.py for tasks to queue
[2023-11-20T14:59:57.588+0500] {logging_mixin.py:154} INFO - [2023-11-20T14:59:57.588+0500] {dagbag.py:536} INFO - Filling up the DagBag from /home/den/Projects/venv/lib/python3.10/site-packages/airflow/example_dags/example_sla_dag.py
[2023-11-20T14:59:57.602+0500] {processor.py:839} INFO - DAG(s) dict_keys(['example_sla_dag']) retrieved from /home/den/Projects/venv/lib/python3.10/site-packages/airflow/example_dags/example_sla_dag.py
[2023-11-20T14:59:57.615+0500] {logging_mixin.py:154} INFO - [2023-11-20T14:59:57.615+0500] {dag.py:2941} INFO - Sync 1 DAGs
[2023-11-20T14:59:57.630+0500] {logging_mixin.py:154} INFO - [2023-11-20T14:59:57.629+0500] {dag.py:3722} INFO - Setting next_dagrun for example_sla_dag to 2023-11-20T09:56:00+00:00, run_after=2023-11-20T09:58:00+00:00
[2023-11-20T14:59:57.659+0500] {processor.py:179} INFO - Processing /home/den/Projects/venv/lib/python3.10/site-packages/airflow/example_dags/example_sla_dag.py took 0.084 seconds
[2023-11-20T15:00:49.387+0500] {processor.py:157} INFO - Started process (PID=7991) to work on /home/den/Projects/venv/lib/python3.10/site-packages/airflow/example_dags/example_sla_dag.py
[2023-11-20T15:00:49.389+0500] {processor.py:829} INFO - Processing file /home/den/Projects/venv/lib/python3.10/site-packages/airflow/example_dags/example_sla_dag.py for tasks to queue
[2023-11-20T15:00:49.389+0500] {logging_mixin.py:154} INFO - [2023-11-20T15:00:49.389+0500] {dagbag.py:536} INFO - Filling up the DagBag from /home/den/Projects/venv/lib/python3.10/site-packages/airflow/example_dags/example_sla_dag.py
[2023-11-20T15:00:49.396+0500] {processor.py:839} INFO - DAG(s) dict_keys(['example_sla_dag']) retrieved from /home/den/Projects/venv/lib/python3.10/site-packages/airflow/example_dags/example_sla_dag.py
[2023-11-20T15:00:49.407+0500] {logging_mixin.py:154} INFO - [2023-11-20T15:00:49.407+0500] {dag.py:2941} INFO - Sync 1 DAGs
[2023-11-20T15:00:49.421+0500] {logging_mixin.py:154} INFO - [2023-11-20T15:00:49.421+0500] {dag.py:3722} INFO - Setting next_dagrun for example_sla_dag to 2023-11-20T09:58:00+00:00, run_after=2023-11-20T10:00:00+00:00
[2023-11-20T15:00:49.438+0500] {processor.py:179} INFO - Processing /home/den/Projects/venv/lib/python3.10/site-packages/airflow/example_dags/example_sla_dag.py took 0.054 seconds
[2023-11-20T15:01:39.741+0500] {processor.py:157} INFO - Started process (PID=8065) to work on /home/den/Projects/venv/lib/python3.10/site-packages/airflow/example_dags/example_sla_dag.py
[2023-11-20T15:01:39.744+0500] {processor.py:829} INFO - Processing file /home/den/Projects/venv/lib/python3.10/site-packages/airflow/example_dags/example_sla_dag.py for tasks to queue
[2023-11-20T15:01:39.745+0500] {logging_mixin.py:154} INFO - [2023-11-20T15:01:39.744+0500] {dagbag.py:536} INFO - Filling up the DagBag from /home/den/Projects/venv/lib/python3.10/site-packages/airflow/example_dags/example_sla_dag.py
[2023-11-20T15:01:39.756+0500] {processor.py:839} INFO - DAG(s) dict_keys(['example_sla_dag']) retrieved from /home/den/Projects/venv/lib/python3.10/site-packages/airflow/example_dags/example_sla_dag.py
[2023-11-20T15:01:39.767+0500] {logging_mixin.py:154} INFO - [2023-11-20T15:01:39.766+0500] {dag.py:2941} INFO - Sync 1 DAGs
[2023-11-20T15:01:39.795+0500] {logging_mixin.py:154} INFO - [2023-11-20T15:01:39.795+0500] {dag.py:3722} INFO - Setting next_dagrun for example_sla_dag to 2023-11-20T09:58:00+00:00, run_after=2023-11-20T10:00:00+00:00
[2023-11-20T15:01:39.815+0500] {processor.py:179} INFO - Processing /home/den/Projects/venv/lib/python3.10/site-packages/airflow/example_dags/example_sla_dag.py took 0.077 seconds
[2023-11-20T15:03:23.864+0500] {processor.py:157} INFO - Started process (PID=8260) to work on /home/den/Projects/venv/lib/python3.10/site-packages/airflow/example_dags/example_sla_dag.py
[2023-11-20T15:03:23.878+0500] {processor.py:829} INFO - Processing file /home/den/Projects/venv/lib/python3.10/site-packages/airflow/example_dags/example_sla_dag.py for tasks to queue
[2023-11-20T15:03:23.880+0500] {logging_mixin.py:154} INFO - [2023-11-20T15:03:23.879+0500] {dagbag.py:536} INFO - Filling up the DagBag from /home/den/Projects/venv/lib/python3.10/site-packages/airflow/example_dags/example_sla_dag.py
[2023-11-20T15:03:23.890+0500] {processor.py:839} INFO - DAG(s) dict_keys(['example_sla_dag']) retrieved from /home/den/Projects/venv/lib/python3.10/site-packages/airflow/example_dags/example_sla_dag.py
[2023-11-20T15:03:23.914+0500] {logging_mixin.py:154} INFO - [2023-11-20T15:03:23.914+0500] {dag.py:2941} INFO - Sync 1 DAGs
[2023-11-20T15:03:23.941+0500] {logging_mixin.py:154} INFO - [2023-11-20T15:03:23.941+0500] {dag.py:3722} INFO - Setting next_dagrun for example_sla_dag to 2023-11-20T10:00:00+00:00, run_after=2023-11-20T10:02:00+00:00
[2023-11-20T15:03:23.964+0500] {processor.py:179} INFO - Processing /home/den/Projects/venv/lib/python3.10/site-packages/airflow/example_dags/example_sla_dag.py took 0.106 seconds
[2023-11-20T15:04:12.405+0500] {processor.py:157} INFO - Started process (PID=8346) to work on /home/den/Projects/venv/lib/python3.10/site-packages/airflow/example_dags/example_sla_dag.py
[2023-11-20T15:04:12.407+0500] {processor.py:829} INFO - Processing file /home/den/Projects/venv/lib/python3.10/site-packages/airflow/example_dags/example_sla_dag.py for tasks to queue
[2023-11-20T15:04:12.408+0500] {logging_mixin.py:154} INFO - [2023-11-20T15:04:12.408+0500] {dagbag.py:536} INFO - Filling up the DagBag from /home/den/Projects/venv/lib/python3.10/site-packages/airflow/example_dags/example_sla_dag.py
[2023-11-20T15:04:12.422+0500] {processor.py:839} INFO - DAG(s) dict_keys(['example_sla_dag']) retrieved from /home/den/Projects/venv/lib/python3.10/site-packages/airflow/example_dags/example_sla_dag.py
[2023-11-20T15:04:12.444+0500] {logging_mixin.py:154} INFO - [2023-11-20T15:04:12.444+0500] {dag.py:2941} INFO - Sync 1 DAGs
[2023-11-20T15:04:12.477+0500] {logging_mixin.py:154} INFO - [2023-11-20T15:04:12.477+0500] {dag.py:3722} INFO - Setting next_dagrun for example_sla_dag to 2023-11-20T10:02:00+00:00, run_after=2023-11-20T10:04:00+00:00
[2023-11-20T15:04:12.523+0500] {processor.py:179} INFO - Processing /home/den/Projects/venv/lib/python3.10/site-packages/airflow/example_dags/example_sla_dag.py took 0.126 seconds
[2023-11-20T15:05:09.234+0500] {processor.py:157} INFO - Started process (PID=8423) to work on /home/den/Projects/venv/lib/python3.10/site-packages/airflow/example_dags/example_sla_dag.py
[2023-11-20T15:05:09.235+0500] {processor.py:829} INFO - Processing file /home/den/Projects/venv/lib/python3.10/site-packages/airflow/example_dags/example_sla_dag.py for tasks to queue
[2023-11-20T15:05:09.236+0500] {logging_mixin.py:154} INFO - [2023-11-20T15:05:09.236+0500] {dagbag.py:536} INFO - Filling up the DagBag from /home/den/Projects/venv/lib/python3.10/site-packages/airflow/example_dags/example_sla_dag.py
[2023-11-20T15:05:09.258+0500] {processor.py:839} INFO - DAG(s) dict_keys(['example_sla_dag']) retrieved from /home/den/Projects/venv/lib/python3.10/site-packages/airflow/example_dags/example_sla_dag.py
[2023-11-20T15:05:09.292+0500] {logging_mixin.py:154} INFO - [2023-11-20T15:05:09.290+0500] {dag.py:2941} INFO - Sync 1 DAGs
[2023-11-20T15:05:09.323+0500] {logging_mixin.py:154} INFO - [2023-11-20T15:05:09.323+0500] {dag.py:3722} INFO - Setting next_dagrun for example_sla_dag to 2023-11-20T10:02:00+00:00, run_after=2023-11-20T10:04:00+00:00
[2023-11-20T15:05:09.365+0500] {processor.py:179} INFO - Processing /home/den/Projects/venv/lib/python3.10/site-packages/airflow/example_dags/example_sla_dag.py took 0.134 seconds
[2023-11-20T15:06:06.167+0500] {processor.py:157} INFO - Started process (PID=8523) to work on /home/den/Projects/venv/lib/python3.10/site-packages/airflow/example_dags/example_sla_dag.py
[2023-11-20T15:06:06.172+0500] {processor.py:829} INFO - Processing file /home/den/Projects/venv/lib/python3.10/site-packages/airflow/example_dags/example_sla_dag.py for tasks to queue
[2023-11-20T15:06:06.173+0500] {logging_mixin.py:154} INFO - [2023-11-20T15:06:06.173+0500] {dagbag.py:536} INFO - Filling up the DagBag from /home/den/Projects/venv/lib/python3.10/site-packages/airflow/example_dags/example_sla_dag.py
[2023-11-20T15:06:06.185+0500] {processor.py:839} INFO - DAG(s) dict_keys(['example_sla_dag']) retrieved from /home/den/Projects/venv/lib/python3.10/site-packages/airflow/example_dags/example_sla_dag.py
[2023-11-20T15:06:06.208+0500] {logging_mixin.py:154} INFO - [2023-11-20T15:06:06.208+0500] {dag.py:2941} INFO - Sync 1 DAGs
[2023-11-20T15:06:06.229+0500] {logging_mixin.py:154} INFO - [2023-11-20T15:06:06.229+0500] {dag.py:3722} INFO - Setting next_dagrun for example_sla_dag to 2023-11-20T10:04:00+00:00, run_after=2023-11-20T10:06:00+00:00
[2023-11-20T15:06:06.268+0500] {processor.py:179} INFO - Processing /home/den/Projects/venv/lib/python3.10/site-packages/airflow/example_dags/example_sla_dag.py took 0.107 seconds
[2023-11-20T15:07:02.632+0500] {processor.py:157} INFO - Started process (PID=8604) to work on /home/den/Projects/venv/lib/python3.10/site-packages/airflow/example_dags/example_sla_dag.py
[2023-11-20T15:07:02.641+0500] {processor.py:829} INFO - Processing file /home/den/Projects/venv/lib/python3.10/site-packages/airflow/example_dags/example_sla_dag.py for tasks to queue
[2023-11-20T15:07:02.643+0500] {logging_mixin.py:154} INFO - [2023-11-20T15:07:02.642+0500] {dagbag.py:536} INFO - Filling up the DagBag from /home/den/Projects/venv/lib/python3.10/site-packages/airflow/example_dags/example_sla_dag.py
[2023-11-20T15:07:02.659+0500] {processor.py:839} INFO - DAG(s) dict_keys(['example_sla_dag']) retrieved from /home/den/Projects/venv/lib/python3.10/site-packages/airflow/example_dags/example_sla_dag.py
[2023-11-20T15:07:02.684+0500] {logging_mixin.py:154} INFO - [2023-11-20T15:07:02.684+0500] {dag.py:2941} INFO - Sync 1 DAGs
[2023-11-20T15:07:02.714+0500] {logging_mixin.py:154} INFO - [2023-11-20T15:07:02.714+0500] {dag.py:3722} INFO - Setting next_dagrun for example_sla_dag to 2023-11-20T10:04:00+00:00, run_after=2023-11-20T10:06:00+00:00
[2023-11-20T15:07:02.754+0500] {processor.py:179} INFO - Processing /home/den/Projects/venv/lib/python3.10/site-packages/airflow/example_dags/example_sla_dag.py took 0.125 seconds
[2023-11-20T15:08:07.178+0500] {processor.py:157} INFO - Started process (PID=8722) to work on /home/den/Projects/venv/lib/python3.10/site-packages/airflow/example_dags/example_sla_dag.py
[2023-11-20T15:08:07.183+0500] {processor.py:829} INFO - Processing file /home/den/Projects/venv/lib/python3.10/site-packages/airflow/example_dags/example_sla_dag.py for tasks to queue
[2023-11-20T15:08:07.184+0500] {logging_mixin.py:154} INFO - [2023-11-20T15:08:07.184+0500] {dagbag.py:536} INFO - Filling up the DagBag from /home/den/Projects/venv/lib/python3.10/site-packages/airflow/example_dags/example_sla_dag.py
[2023-11-20T15:08:07.224+0500] {processor.py:839} INFO - DAG(s) dict_keys(['example_sla_dag']) retrieved from /home/den/Projects/venv/lib/python3.10/site-packages/airflow/example_dags/example_sla_dag.py
[2023-11-20T15:08:07.251+0500] {logging_mixin.py:154} INFO - [2023-11-20T15:08:07.251+0500] {dag.py:2941} INFO - Sync 1 DAGs
[2023-11-20T15:08:07.302+0500] {logging_mixin.py:154} INFO - [2023-11-20T15:08:07.302+0500] {dag.py:3722} INFO - Setting next_dagrun for example_sla_dag to 2023-11-20T10:06:00+00:00, run_after=2023-11-20T10:08:00+00:00
[2023-11-20T15:08:07.341+0500] {processor.py:179} INFO - Processing /home/den/Projects/venv/lib/python3.10/site-packages/airflow/example_dags/example_sla_dag.py took 0.175 seconds
[2023-11-20T15:08:51.548+0500] {processor.py:157} INFO - Started process (PID=8791) to work on /home/den/Projects/venv/lib/python3.10/site-packages/airflow/example_dags/example_sla_dag.py
[2023-11-20T15:08:51.553+0500] {processor.py:829} INFO - Processing file /home/den/Projects/venv/lib/python3.10/site-packages/airflow/example_dags/example_sla_dag.py for tasks to queue
[2023-11-20T15:08:51.553+0500] {logging_mixin.py:154} INFO - [2023-11-20T15:08:51.553+0500] {dagbag.py:536} INFO - Filling up the DagBag from /home/den/Projects/venv/lib/python3.10/site-packages/airflow/example_dags/example_sla_dag.py
[2023-11-20T15:08:51.563+0500] {processor.py:839} INFO - DAG(s) dict_keys(['example_sla_dag']) retrieved from /home/den/Projects/venv/lib/python3.10/site-packages/airflow/example_dags/example_sla_dag.py
[2023-11-20T15:08:51.590+0500] {logging_mixin.py:154} INFO - [2023-11-20T15:08:51.590+0500] {dag.py:2941} INFO - Sync 1 DAGs
[2023-11-20T15:08:51.630+0500] {logging_mixin.py:154} INFO - [2023-11-20T15:08:51.630+0500] {dag.py:3722} INFO - Setting next_dagrun for example_sla_dag to 2023-11-20T10:06:00+00:00, run_after=2023-11-20T10:08:00+00:00
[2023-11-20T15:08:51.666+0500] {processor.py:179} INFO - Processing /home/den/Projects/venv/lib/python3.10/site-packages/airflow/example_dags/example_sla_dag.py took 0.119 seconds
[2023-11-20T15:09:51.501+0500] {processor.py:157} INFO - Started process (PID=8894) to work on /home/den/Projects/venv/lib/python3.10/site-packages/airflow/example_dags/example_sla_dag.py
[2023-11-20T15:09:51.511+0500] {processor.py:829} INFO - Processing file /home/den/Projects/venv/lib/python3.10/site-packages/airflow/example_dags/example_sla_dag.py for tasks to queue
[2023-11-20T15:09:51.512+0500] {logging_mixin.py:154} INFO - [2023-11-20T15:09:51.512+0500] {dagbag.py:536} INFO - Filling up the DagBag from /home/den/Projects/venv/lib/python3.10/site-packages/airflow/example_dags/example_sla_dag.py
[2023-11-20T15:09:51.527+0500] {processor.py:839} INFO - DAG(s) dict_keys(['example_sla_dag']) retrieved from /home/den/Projects/venv/lib/python3.10/site-packages/airflow/example_dags/example_sla_dag.py
[2023-11-20T15:09:51.552+0500] {logging_mixin.py:154} INFO - [2023-11-20T15:09:51.552+0500] {dag.py:2941} INFO - Sync 1 DAGs
[2023-11-20T15:09:51.574+0500] {logging_mixin.py:154} INFO - [2023-11-20T15:09:51.573+0500] {dag.py:3722} INFO - Setting next_dagrun for example_sla_dag to 2023-11-20T10:06:00+00:00, run_after=2023-11-20T10:08:00+00:00
[2023-11-20T15:09:51.593+0500] {processor.py:179} INFO - Processing /home/den/Projects/venv/lib/python3.10/site-packages/airflow/example_dags/example_sla_dag.py took 0.100 seconds
[2023-11-20T15:10:33.221+0500] {processor.py:157} INFO - Started process (PID=8946) to work on /home/den/Projects/venv/lib/python3.10/site-packages/airflow/example_dags/example_sla_dag.py
[2023-11-20T15:10:33.224+0500] {processor.py:829} INFO - Processing file /home/den/Projects/venv/lib/python3.10/site-packages/airflow/example_dags/example_sla_dag.py for tasks to queue
[2023-11-20T15:10:33.225+0500] {logging_mixin.py:154} INFO - [2023-11-20T15:10:33.225+0500] {dagbag.py:536} INFO - Filling up the DagBag from /home/den/Projects/venv/lib/python3.10/site-packages/airflow/example_dags/example_sla_dag.py
[2023-11-20T15:10:33.239+0500] {processor.py:839} INFO - DAG(s) dict_keys(['example_sla_dag']) retrieved from /home/den/Projects/venv/lib/python3.10/site-packages/airflow/example_dags/example_sla_dag.py
[2023-11-20T15:10:33.260+0500] {logging_mixin.py:154} INFO - [2023-11-20T15:10:33.260+0500] {dag.py:2941} INFO - Sync 1 DAGs
[2023-11-20T15:10:33.279+0500] {logging_mixin.py:154} INFO - [2023-11-20T15:10:33.278+0500] {dag.py:3722} INFO - Setting next_dagrun for example_sla_dag to 2023-11-20T10:08:00+00:00, run_after=2023-11-20T10:10:00+00:00
[2023-11-20T15:10:33.319+0500] {processor.py:179} INFO - Processing /home/den/Projects/venv/lib/python3.10/site-packages/airflow/example_dags/example_sla_dag.py took 0.104 seconds
[2023-11-20T15:11:22.481+0500] {processor.py:157} INFO - Started process (PID=9014) to work on /home/den/Projects/venv/lib/python3.10/site-packages/airflow/example_dags/example_sla_dag.py
[2023-11-20T15:11:22.484+0500] {processor.py:829} INFO - Processing file /home/den/Projects/venv/lib/python3.10/site-packages/airflow/example_dags/example_sla_dag.py for tasks to queue
[2023-11-20T15:11:22.486+0500] {logging_mixin.py:154} INFO - [2023-11-20T15:11:22.485+0500] {dagbag.py:536} INFO - Filling up the DagBag from /home/den/Projects/venv/lib/python3.10/site-packages/airflow/example_dags/example_sla_dag.py
[2023-11-20T15:11:22.500+0500] {processor.py:839} INFO - DAG(s) dict_keys(['example_sla_dag']) retrieved from /home/den/Projects/venv/lib/python3.10/site-packages/airflow/example_dags/example_sla_dag.py
[2023-11-20T15:11:22.530+0500] {logging_mixin.py:154} INFO - [2023-11-20T15:11:22.529+0500] {dag.py:2941} INFO - Sync 1 DAGs
[2023-11-20T15:11:22.553+0500] {logging_mixin.py:154} INFO - [2023-11-20T15:11:22.552+0500] {dag.py:3722} INFO - Setting next_dagrun for example_sla_dag to 2023-11-20T10:08:00+00:00, run_after=2023-11-20T10:10:00+00:00
[2023-11-20T15:11:22.591+0500] {processor.py:179} INFO - Processing /home/den/Projects/venv/lib/python3.10/site-packages/airflow/example_dags/example_sla_dag.py took 0.114 seconds
[2023-11-20T15:12:17.110+0500] {processor.py:157} INFO - Started process (PID=9107) to work on /home/den/Projects/venv/lib/python3.10/site-packages/airflow/example_dags/example_sla_dag.py
[2023-11-20T15:12:17.111+0500] {processor.py:829} INFO - Processing file /home/den/Projects/venv/lib/python3.10/site-packages/airflow/example_dags/example_sla_dag.py for tasks to queue
[2023-11-20T15:12:17.112+0500] {logging_mixin.py:154} INFO - [2023-11-20T15:12:17.112+0500] {dagbag.py:536} INFO - Filling up the DagBag from /home/den/Projects/venv/lib/python3.10/site-packages/airflow/example_dags/example_sla_dag.py
[2023-11-20T15:12:17.125+0500] {processor.py:839} INFO - DAG(s) dict_keys(['example_sla_dag']) retrieved from /home/den/Projects/venv/lib/python3.10/site-packages/airflow/example_dags/example_sla_dag.py
[2023-11-20T15:12:17.138+0500] {logging_mixin.py:154} INFO - [2023-11-20T15:12:17.138+0500] {dag.py:2941} INFO - Sync 1 DAGs
[2023-11-20T15:12:17.154+0500] {logging_mixin.py:154} INFO - [2023-11-20T15:12:17.154+0500] {dag.py:3722} INFO - Setting next_dagrun for example_sla_dag to 2023-11-20T10:10:00+00:00, run_after=2023-11-20T10:12:00+00:00
[2023-11-20T15:12:17.195+0500] {processor.py:179} INFO - Processing /home/den/Projects/venv/lib/python3.10/site-packages/airflow/example_dags/example_sla_dag.py took 0.089 seconds
[2023-11-20T15:13:10.840+0500] {processor.py:157} INFO - Started process (PID=9179) to work on /home/den/Projects/venv/lib/python3.10/site-packages/airflow/example_dags/example_sla_dag.py
[2023-11-20T15:13:10.843+0500] {processor.py:829} INFO - Processing file /home/den/Projects/venv/lib/python3.10/site-packages/airflow/example_dags/example_sla_dag.py for tasks to queue
[2023-11-20T15:13:10.845+0500] {logging_mixin.py:154} INFO - [2023-11-20T15:13:10.844+0500] {dagbag.py:536} INFO - Filling up the DagBag from /home/den/Projects/venv/lib/python3.10/site-packages/airflow/example_dags/example_sla_dag.py
[2023-11-20T15:13:10.856+0500] {processor.py:839} INFO - DAG(s) dict_keys(['example_sla_dag']) retrieved from /home/den/Projects/venv/lib/python3.10/site-packages/airflow/example_dags/example_sla_dag.py
[2023-11-20T15:13:10.875+0500] {logging_mixin.py:154} INFO - [2023-11-20T15:13:10.874+0500] {dag.py:2941} INFO - Sync 1 DAGs
[2023-11-20T15:13:10.892+0500] {logging_mixin.py:154} INFO - [2023-11-20T15:13:10.892+0500] {dag.py:3722} INFO - Setting next_dagrun for example_sla_dag to 2023-11-20T10:10:00+00:00, run_after=2023-11-20T10:12:00+00:00
[2023-11-20T15:13:10.910+0500] {processor.py:179} INFO - Processing /home/den/Projects/venv/lib/python3.10/site-packages/airflow/example_dags/example_sla_dag.py took 0.074 seconds
[2023-11-20T15:14:06.652+0500] {processor.py:157} INFO - Started process (PID=9290) to work on /home/den/Projects/venv/lib/python3.10/site-packages/airflow/example_dags/example_sla_dag.py
[2023-11-20T15:14:06.654+0500] {processor.py:829} INFO - Processing file /home/den/Projects/venv/lib/python3.10/site-packages/airflow/example_dags/example_sla_dag.py for tasks to queue
[2023-11-20T15:14:06.655+0500] {logging_mixin.py:154} INFO - [2023-11-20T15:14:06.654+0500] {dagbag.py:536} INFO - Filling up the DagBag from /home/den/Projects/venv/lib/python3.10/site-packages/airflow/example_dags/example_sla_dag.py
[2023-11-20T15:14:06.667+0500] {processor.py:839} INFO - DAG(s) dict_keys(['example_sla_dag']) retrieved from /home/den/Projects/venv/lib/python3.10/site-packages/airflow/example_dags/example_sla_dag.py
[2023-11-20T15:14:06.691+0500] {logging_mixin.py:154} INFO - [2023-11-20T15:14:06.691+0500] {dag.py:2941} INFO - Sync 1 DAGs
[2023-11-20T15:14:06.720+0500] {logging_mixin.py:154} INFO - [2023-11-20T15:14:06.719+0500] {dag.py:3722} INFO - Setting next_dagrun for example_sla_dag to 2023-11-20T10:12:00+00:00, run_after=2023-11-20T10:14:00+00:00
[2023-11-20T15:14:06.766+0500] {processor.py:179} INFO - Processing /home/den/Projects/venv/lib/python3.10/site-packages/airflow/example_dags/example_sla_dag.py took 0.118 seconds
[2023-11-20T15:15:02.880+0500] {processor.py:157} INFO - Started process (PID=9372) to work on /home/den/Projects/venv/lib/python3.10/site-packages/airflow/example_dags/example_sla_dag.py
[2023-11-20T15:15:02.881+0500] {processor.py:829} INFO - Processing file /home/den/Projects/venv/lib/python3.10/site-packages/airflow/example_dags/example_sla_dag.py for tasks to queue
[2023-11-20T15:15:02.882+0500] {logging_mixin.py:154} INFO - [2023-11-20T15:15:02.881+0500] {dagbag.py:536} INFO - Filling up the DagBag from /home/den/Projects/venv/lib/python3.10/site-packages/airflow/example_dags/example_sla_dag.py
[2023-11-20T15:15:02.890+0500] {processor.py:839} INFO - DAG(s) dict_keys(['example_sla_dag']) retrieved from /home/den/Projects/venv/lib/python3.10/site-packages/airflow/example_dags/example_sla_dag.py
[2023-11-20T15:15:02.904+0500] {logging_mixin.py:154} INFO - [2023-11-20T15:15:02.904+0500] {dag.py:2941} INFO - Sync 1 DAGs
[2023-11-20T15:15:02.921+0500] {logging_mixin.py:154} INFO - [2023-11-20T15:15:02.921+0500] {dag.py:3722} INFO - Setting next_dagrun for example_sla_dag to 2023-11-20T10:12:00+00:00, run_after=2023-11-20T10:14:00+00:00
[2023-11-20T15:15:02.938+0500] {processor.py:179} INFO - Processing /home/den/Projects/venv/lib/python3.10/site-packages/airflow/example_dags/example_sla_dag.py took 0.061 seconds
[2023-11-20T15:15:50.917+0500] {processor.py:157} INFO - Started process (PID=9466) to work on /home/den/Projects/venv/lib/python3.10/site-packages/airflow/example_dags/example_sla_dag.py
[2023-11-20T15:15:50.918+0500] {processor.py:829} INFO - Processing file /home/den/Projects/venv/lib/python3.10/site-packages/airflow/example_dags/example_sla_dag.py for tasks to queue
[2023-11-20T15:15:50.918+0500] {logging_mixin.py:154} INFO - [2023-11-20T15:15:50.918+0500] {dagbag.py:536} INFO - Filling up the DagBag from /home/den/Projects/venv/lib/python3.10/site-packages/airflow/example_dags/example_sla_dag.py
[2023-11-20T15:15:50.926+0500] {processor.py:839} INFO - DAG(s) dict_keys(['example_sla_dag']) retrieved from /home/den/Projects/venv/lib/python3.10/site-packages/airflow/example_dags/example_sla_dag.py
[2023-11-20T15:15:50.941+0500] {logging_mixin.py:154} INFO - [2023-11-20T15:15:50.941+0500] {dag.py:2941} INFO - Sync 1 DAGs
[2023-11-20T15:15:50.958+0500] {logging_mixin.py:154} INFO - [2023-11-20T15:15:50.958+0500] {dag.py:3722} INFO - Setting next_dagrun for example_sla_dag to 2023-11-20T10:12:00+00:00, run_after=2023-11-20T10:14:00+00:00
[2023-11-20T15:15:50.975+0500] {processor.py:179} INFO - Processing /home/den/Projects/venv/lib/python3.10/site-packages/airflow/example_dags/example_sla_dag.py took 0.061 seconds
[2023-11-20T15:16:38.646+0500] {processor.py:157} INFO - Started process (PID=9527) to work on /home/den/Projects/venv/lib/python3.10/site-packages/airflow/example_dags/example_sla_dag.py
[2023-11-20T15:16:38.647+0500] {processor.py:829} INFO - Processing file /home/den/Projects/venv/lib/python3.10/site-packages/airflow/example_dags/example_sla_dag.py for tasks to queue
[2023-11-20T15:16:38.648+0500] {logging_mixin.py:154} INFO - [2023-11-20T15:16:38.648+0500] {dagbag.py:536} INFO - Filling up the DagBag from /home/den/Projects/venv/lib/python3.10/site-packages/airflow/example_dags/example_sla_dag.py
[2023-11-20T15:16:38.673+0500] {processor.py:839} INFO - DAG(s) dict_keys(['example_sla_dag']) retrieved from /home/den/Projects/venv/lib/python3.10/site-packages/airflow/example_dags/example_sla_dag.py
[2023-11-20T15:16:38.686+0500] {logging_mixin.py:154} INFO - [2023-11-20T15:16:38.686+0500] {dag.py:2941} INFO - Sync 1 DAGs
[2023-11-20T15:16:38.700+0500] {logging_mixin.py:154} INFO - [2023-11-20T15:16:38.700+0500] {dag.py:3722} INFO - Setting next_dagrun for example_sla_dag to 2023-11-20T10:14:00+00:00, run_after=2023-11-20T10:16:00+00:00
[2023-11-20T15:16:38.719+0500] {processor.py:179} INFO - Processing /home/den/Projects/venv/lib/python3.10/site-packages/airflow/example_dags/example_sla_dag.py took 0.076 seconds
[2023-11-20T15:17:24.973+0500] {processor.py:157} INFO - Started process (PID=9598) to work on /home/den/Projects/venv/lib/python3.10/site-packages/airflow/example_dags/example_sla_dag.py
[2023-11-20T15:17:24.975+0500] {processor.py:829} INFO - Processing file /home/den/Projects/venv/lib/python3.10/site-packages/airflow/example_dags/example_sla_dag.py for tasks to queue
[2023-11-20T15:17:24.976+0500] {logging_mixin.py:154} INFO - [2023-11-20T15:17:24.975+0500] {dagbag.py:536} INFO - Filling up the DagBag from /home/den/Projects/venv/lib/python3.10/site-packages/airflow/example_dags/example_sla_dag.py
[2023-11-20T15:17:24.983+0500] {processor.py:839} INFO - DAG(s) dict_keys(['example_sla_dag']) retrieved from /home/den/Projects/venv/lib/python3.10/site-packages/airflow/example_dags/example_sla_dag.py
[2023-11-20T15:17:24.994+0500] {logging_mixin.py:154} INFO - [2023-11-20T15:17:24.994+0500] {dag.py:2941} INFO - Sync 1 DAGs
[2023-11-20T15:17:25.008+0500] {logging_mixin.py:154} INFO - [2023-11-20T15:17:25.008+0500] {dag.py:3722} INFO - Setting next_dagrun for example_sla_dag to 2023-11-20T10:14:00+00:00, run_after=2023-11-20T10:16:00+00:00
[2023-11-20T15:17:25.036+0500] {processor.py:179} INFO - Processing /home/den/Projects/venv/lib/python3.10/site-packages/airflow/example_dags/example_sla_dag.py took 0.065 seconds
[2023-11-20T15:18:10.779+0500] {processor.py:157} INFO - Started process (PID=9682) to work on /home/den/Projects/venv/lib/python3.10/site-packages/airflow/example_dags/example_sla_dag.py
[2023-11-20T15:18:10.781+0500] {processor.py:829} INFO - Processing file /home/den/Projects/venv/lib/python3.10/site-packages/airflow/example_dags/example_sla_dag.py for tasks to queue
[2023-11-20T15:18:10.782+0500] {logging_mixin.py:154} INFO - [2023-11-20T15:18:10.781+0500] {dagbag.py:536} INFO - Filling up the DagBag from /home/den/Projects/venv/lib/python3.10/site-packages/airflow/example_dags/example_sla_dag.py
[2023-11-20T15:18:10.789+0500] {processor.py:839} INFO - DAG(s) dict_keys(['example_sla_dag']) retrieved from /home/den/Projects/venv/lib/python3.10/site-packages/airflow/example_dags/example_sla_dag.py
[2023-11-20T15:18:10.801+0500] {logging_mixin.py:154} INFO - [2023-11-20T15:18:10.801+0500] {dag.py:2941} INFO - Sync 1 DAGs
[2023-11-20T15:18:10.815+0500] {logging_mixin.py:154} INFO - [2023-11-20T15:18:10.815+0500] {dag.py:3722} INFO - Setting next_dagrun for example_sla_dag to 2023-11-20T10:16:00+00:00, run_after=2023-11-20T10:18:00+00:00
[2023-11-20T15:18:10.840+0500] {processor.py:179} INFO - Processing /home/den/Projects/venv/lib/python3.10/site-packages/airflow/example_dags/example_sla_dag.py took 0.065 seconds
[2023-11-20T15:18:51.333+0500] {processor.py:157} INFO - Started process (PID=9743) to work on /home/den/Projects/venv/lib/python3.10/site-packages/airflow/example_dags/example_sla_dag.py
[2023-11-20T15:18:51.335+0500] {processor.py:829} INFO - Processing file /home/den/Projects/venv/lib/python3.10/site-packages/airflow/example_dags/example_sla_dag.py for tasks to queue
[2023-11-20T15:18:51.336+0500] {logging_mixin.py:154} INFO - [2023-11-20T15:18:51.335+0500] {dagbag.py:536} INFO - Filling up the DagBag from /home/den/Projects/venv/lib/python3.10/site-packages/airflow/example_dags/example_sla_dag.py
[2023-11-20T15:18:51.343+0500] {processor.py:839} INFO - DAG(s) dict_keys(['example_sla_dag']) retrieved from /home/den/Projects/venv/lib/python3.10/site-packages/airflow/example_dags/example_sla_dag.py
[2023-11-20T15:18:51.356+0500] {logging_mixin.py:154} INFO - [2023-11-20T15:18:51.356+0500] {dag.py:2941} INFO - Sync 1 DAGs
[2023-11-20T15:18:51.374+0500] {logging_mixin.py:154} INFO - [2023-11-20T15:18:51.374+0500] {dag.py:3722} INFO - Setting next_dagrun for example_sla_dag to 2023-11-20T10:16:00+00:00, run_after=2023-11-20T10:18:00+00:00
[2023-11-20T15:18:51.391+0500] {processor.py:179} INFO - Processing /home/den/Projects/venv/lib/python3.10/site-packages/airflow/example_dags/example_sla_dag.py took 0.062 seconds
[2023-11-20T15:19:36.812+0500] {processor.py:157} INFO - Started process (PID=9803) to work on /home/den/Projects/venv/lib/python3.10/site-packages/airflow/example_dags/example_sla_dag.py
[2023-11-20T15:19:36.813+0500] {processor.py:829} INFO - Processing file /home/den/Projects/venv/lib/python3.10/site-packages/airflow/example_dags/example_sla_dag.py for tasks to queue
[2023-11-20T15:19:36.814+0500] {logging_mixin.py:154} INFO - [2023-11-20T15:19:36.813+0500] {dagbag.py:536} INFO - Filling up the DagBag from /home/den/Projects/venv/lib/python3.10/site-packages/airflow/example_dags/example_sla_dag.py
[2023-11-20T15:19:36.821+0500] {processor.py:839} INFO - DAG(s) dict_keys(['example_sla_dag']) retrieved from /home/den/Projects/venv/lib/python3.10/site-packages/airflow/example_dags/example_sla_dag.py
[2023-11-20T15:19:36.836+0500] {logging_mixin.py:154} INFO - [2023-11-20T15:19:36.835+0500] {dag.py:2941} INFO - Sync 1 DAGs
[2023-11-20T15:19:36.853+0500] {logging_mixin.py:154} INFO - [2023-11-20T15:19:36.853+0500] {dag.py:3722} INFO - Setting next_dagrun for example_sla_dag to 2023-11-20T10:16:00+00:00, run_after=2023-11-20T10:18:00+00:00
[2023-11-20T15:19:36.871+0500] {processor.py:179} INFO - Processing /home/den/Projects/venv/lib/python3.10/site-packages/airflow/example_dags/example_sla_dag.py took 0.063 seconds
[2023-11-20T15:20:34.581+0500] {processor.py:157} INFO - Started process (PID=9968) to work on /home/den/Projects/venv/lib/python3.10/site-packages/airflow/example_dags/example_sla_dag.py
[2023-11-20T15:20:34.595+0500] {processor.py:829} INFO - Processing file /home/den/Projects/venv/lib/python3.10/site-packages/airflow/example_dags/example_sla_dag.py for tasks to queue
[2023-11-20T15:20:34.597+0500] {logging_mixin.py:154} INFO - [2023-11-20T15:20:34.596+0500] {dagbag.py:536} INFO - Filling up the DagBag from /home/den/Projects/venv/lib/python3.10/site-packages/airflow/example_dags/example_sla_dag.py
[2023-11-20T15:20:34.610+0500] {processor.py:839} INFO - DAG(s) dict_keys(['example_sla_dag']) retrieved from /home/den/Projects/venv/lib/python3.10/site-packages/airflow/example_dags/example_sla_dag.py
[2023-11-20T15:20:34.636+0500] {logging_mixin.py:154} INFO - [2023-11-20T15:20:34.636+0500] {dag.py:2941} INFO - Sync 1 DAGs
[2023-11-20T15:20:34.668+0500] {logging_mixin.py:154} INFO - [2023-11-20T15:20:34.668+0500] {dag.py:3722} INFO - Setting next_dagrun for example_sla_dag to 2023-11-20T10:18:00+00:00, run_after=2023-11-20T10:20:00+00:00
[2023-11-20T15:20:34.702+0500] {processor.py:179} INFO - Processing /home/den/Projects/venv/lib/python3.10/site-packages/airflow/example_dags/example_sla_dag.py took 0.129 seconds
[2023-11-20T15:21:18.097+0500] {processor.py:157} INFO - Started process (PID=10020) to work on /home/den/Projects/venv/lib/python3.10/site-packages/airflow/example_dags/example_sla_dag.py
[2023-11-20T15:21:18.100+0500] {processor.py:829} INFO - Processing file /home/den/Projects/venv/lib/python3.10/site-packages/airflow/example_dags/example_sla_dag.py for tasks to queue
[2023-11-20T15:21:18.101+0500] {logging_mixin.py:154} INFO - [2023-11-20T15:21:18.101+0500] {dagbag.py:536} INFO - Filling up the DagBag from /home/den/Projects/venv/lib/python3.10/site-packages/airflow/example_dags/example_sla_dag.py
[2023-11-20T15:21:18.111+0500] {processor.py:839} INFO - DAG(s) dict_keys(['example_sla_dag']) retrieved from /home/den/Projects/venv/lib/python3.10/site-packages/airflow/example_dags/example_sla_dag.py
[2023-11-20T15:21:18.124+0500] {logging_mixin.py:154} INFO - [2023-11-20T15:21:18.124+0500] {dag.py:2941} INFO - Sync 1 DAGs
[2023-11-20T15:21:18.140+0500] {logging_mixin.py:154} INFO - [2023-11-20T15:21:18.139+0500] {dag.py:3722} INFO - Setting next_dagrun for example_sla_dag to 2023-11-20T10:18:00+00:00, run_after=2023-11-20T10:20:00+00:00
[2023-11-20T15:21:18.173+0500] {processor.py:179} INFO - Processing /home/den/Projects/venv/lib/python3.10/site-packages/airflow/example_dags/example_sla_dag.py took 0.081 seconds
[2023-11-20T15:22:02.571+0500] {processor.py:157} INFO - Started process (PID=10112) to work on /home/den/Projects/venv/lib/python3.10/site-packages/airflow/example_dags/example_sla_dag.py
[2023-11-20T15:22:02.575+0500] {processor.py:829} INFO - Processing file /home/den/Projects/venv/lib/python3.10/site-packages/airflow/example_dags/example_sla_dag.py for tasks to queue
[2023-11-20T15:22:02.577+0500] {logging_mixin.py:154} INFO - [2023-11-20T15:22:02.575+0500] {dagbag.py:536} INFO - Filling up the DagBag from /home/den/Projects/venv/lib/python3.10/site-packages/airflow/example_dags/example_sla_dag.py
[2023-11-20T15:22:02.593+0500] {processor.py:839} INFO - DAG(s) dict_keys(['example_sla_dag']) retrieved from /home/den/Projects/venv/lib/python3.10/site-packages/airflow/example_dags/example_sla_dag.py
[2023-11-20T15:22:02.620+0500] {logging_mixin.py:154} INFO - [2023-11-20T15:22:02.620+0500] {dag.py:2941} INFO - Sync 1 DAGs
[2023-11-20T15:22:02.646+0500] {logging_mixin.py:154} INFO - [2023-11-20T15:22:02.645+0500] {dag.py:3722} INFO - Setting next_dagrun for example_sla_dag to 2023-11-20T10:20:00+00:00, run_after=2023-11-20T10:22:00+00:00
[2023-11-20T15:22:02.686+0500] {processor.py:179} INFO - Processing /home/den/Projects/venv/lib/python3.10/site-packages/airflow/example_dags/example_sla_dag.py took 0.121 seconds
[2023-11-20T15:23:02.456+0500] {processor.py:157} INFO - Started process (PID=10189) to work on /home/den/Projects/venv/lib/python3.10/site-packages/airflow/example_dags/example_sla_dag.py
[2023-11-20T15:23:02.461+0500] {processor.py:829} INFO - Processing file /home/den/Projects/venv/lib/python3.10/site-packages/airflow/example_dags/example_sla_dag.py for tasks to queue
[2023-11-20T15:23:02.462+0500] {logging_mixin.py:154} INFO - [2023-11-20T15:23:02.461+0500] {dagbag.py:536} INFO - Filling up the DagBag from /home/den/Projects/venv/lib/python3.10/site-packages/airflow/example_dags/example_sla_dag.py
[2023-11-20T15:23:02.470+0500] {processor.py:839} INFO - DAG(s) dict_keys(['example_sla_dag']) retrieved from /home/den/Projects/venv/lib/python3.10/site-packages/airflow/example_dags/example_sla_dag.py
[2023-11-20T15:23:02.503+0500] {logging_mixin.py:154} INFO - [2023-11-20T15:23:02.503+0500] {dag.py:2941} INFO - Sync 1 DAGs
[2023-11-20T15:23:02.530+0500] {logging_mixin.py:154} INFO - [2023-11-20T15:23:02.530+0500] {dag.py:3722} INFO - Setting next_dagrun for example_sla_dag to 2023-11-20T10:20:00+00:00, run_after=2023-11-20T10:22:00+00:00
[2023-11-20T15:23:02.581+0500] {processor.py:179} INFO - Processing /home/den/Projects/venv/lib/python3.10/site-packages/airflow/example_dags/example_sla_dag.py took 0.132 seconds
