[2023-11-20T14:39:32.416+0500] {processor.py:157} INFO - Started process (PID=5175) to work on /home/den/Projects/venv/lib/python3.10/site-packages/airflow/example_dags/example_time_delta_sensor_async.py
[2023-11-20T14:39:32.417+0500] {processor.py:829} INFO - Processing file /home/den/Projects/venv/lib/python3.10/site-packages/airflow/example_dags/example_time_delta_sensor_async.py for tasks to queue
[2023-11-20T14:39:32.417+0500] {logging_mixin.py:154} INFO - [2023-11-20T14:39:32.417+0500] {dagbag.py:536} INFO - Filling up the DagBag from /home/den/Projects/venv/lib/python3.10/site-packages/airflow/example_dags/example_time_delta_sensor_async.py
[2023-11-20T14:39:32.423+0500] {processor.py:839} INFO - DAG(s) dict_keys(['example_time_delta_sensor_async']) retrieved from /home/den/Projects/venv/lib/python3.10/site-packages/airflow/example_dags/example_time_delta_sensor_async.py
[2023-11-20T14:39:32.513+0500] {logging_mixin.py:154} INFO - [2023-11-20T14:39:32.513+0500] {manager.py:499} INFO - Created Permission View: %s
[2023-11-20T14:39:32.532+0500] {logging_mixin.py:154} INFO - [2023-11-20T14:39:32.532+0500] {manager.py:499} INFO - Created Permission View: %s
[2023-11-20T14:39:32.553+0500] {logging_mixin.py:154} INFO - [2023-11-20T14:39:32.552+0500] {manager.py:499} INFO - Created Permission View: %s
[2023-11-20T14:39:32.553+0500] {logging_mixin.py:154} INFO - [2023-11-20T14:39:32.553+0500] {dag.py:2941} INFO - Sync 1 DAGs
[2023-11-20T14:39:32.562+0500] {logging_mixin.py:154} INFO - [2023-11-20T14:39:32.562+0500] {dag.py:2963} INFO - Creating ORM DAG for example_time_delta_sensor_async
[2023-11-20T14:39:32.563+0500] {logging_mixin.py:154} INFO - [2023-11-20T14:39:32.563+0500] {dag.py:3722} INFO - Setting next_dagrun for example_time_delta_sensor_async to None, run_after=None
[2023-11-20T14:39:32.585+0500] {processor.py:179} INFO - Processing /home/den/Projects/venv/lib/python3.10/site-packages/airflow/example_dags/example_time_delta_sensor_async.py took 0.172 seconds
[2023-11-20T14:40:23.455+0500] {processor.py:157} INFO - Started process (PID=5284) to work on /home/den/Projects/venv/lib/python3.10/site-packages/airflow/example_dags/example_time_delta_sensor_async.py
[2023-11-20T14:40:23.458+0500] {processor.py:829} INFO - Processing file /home/den/Projects/venv/lib/python3.10/site-packages/airflow/example_dags/example_time_delta_sensor_async.py for tasks to queue
[2023-11-20T14:40:23.458+0500] {logging_mixin.py:154} INFO - [2023-11-20T14:40:23.458+0500] {dagbag.py:536} INFO - Filling up the DagBag from /home/den/Projects/venv/lib/python3.10/site-packages/airflow/example_dags/example_time_delta_sensor_async.py
[2023-11-20T14:40:23.463+0500] {processor.py:839} INFO - DAG(s) dict_keys(['example_time_delta_sensor_async']) retrieved from /home/den/Projects/venv/lib/python3.10/site-packages/airflow/example_dags/example_time_delta_sensor_async.py
[2023-11-20T14:40:23.476+0500] {logging_mixin.py:154} INFO - [2023-11-20T14:40:23.476+0500] {dag.py:2941} INFO - Sync 1 DAGs
[2023-11-20T14:40:23.483+0500] {logging_mixin.py:154} INFO - [2023-11-20T14:40:23.483+0500] {dag.py:3722} INFO - Setting next_dagrun for example_time_delta_sensor_async to None, run_after=None
[2023-11-20T14:40:23.509+0500] {processor.py:179} INFO - Processing /home/den/Projects/venv/lib/python3.10/site-packages/airflow/example_dags/example_time_delta_sensor_async.py took 0.056 seconds
[2023-11-20T14:49:58.374+0500] {processor.py:157} INFO - Started process (PID=6492) to work on /home/den/Projects/venv/lib/python3.10/site-packages/airflow/example_dags/example_time_delta_sensor_async.py
[2023-11-20T14:49:58.376+0500] {processor.py:829} INFO - Processing file /home/den/Projects/venv/lib/python3.10/site-packages/airflow/example_dags/example_time_delta_sensor_async.py for tasks to queue
[2023-11-20T14:49:58.376+0500] {logging_mixin.py:154} INFO - [2023-11-20T14:49:58.376+0500] {dagbag.py:536} INFO - Filling up the DagBag from /home/den/Projects/venv/lib/python3.10/site-packages/airflow/example_dags/example_time_delta_sensor_async.py
[2023-11-20T14:49:58.383+0500] {processor.py:839} INFO - DAG(s) dict_keys(['example_time_delta_sensor_async']) retrieved from /home/den/Projects/venv/lib/python3.10/site-packages/airflow/example_dags/example_time_delta_sensor_async.py
[2023-11-20T14:49:58.402+0500] {logging_mixin.py:154} INFO - [2023-11-20T14:49:58.402+0500] {dag.py:2941} INFO - Sync 1 DAGs
[2023-11-20T14:49:58.410+0500] {logging_mixin.py:154} INFO - [2023-11-20T14:49:58.409+0500] {dag.py:3722} INFO - Setting next_dagrun for example_time_delta_sensor_async to None, run_after=None
[2023-11-20T14:49:58.430+0500] {processor.py:179} INFO - Processing /home/den/Projects/venv/lib/python3.10/site-packages/airflow/example_dags/example_time_delta_sensor_async.py took 0.059 seconds
[2023-11-20T14:50:48.895+0500] {processor.py:157} INFO - Started process (PID=6565) to work on /home/den/Projects/venv/lib/python3.10/site-packages/airflow/example_dags/example_time_delta_sensor_async.py
[2023-11-20T14:50:48.905+0500] {processor.py:829} INFO - Processing file /home/den/Projects/venv/lib/python3.10/site-packages/airflow/example_dags/example_time_delta_sensor_async.py for tasks to queue
[2023-11-20T14:50:48.906+0500] {logging_mixin.py:154} INFO - [2023-11-20T14:50:48.906+0500] {dagbag.py:536} INFO - Filling up the DagBag from /home/den/Projects/venv/lib/python3.10/site-packages/airflow/example_dags/example_time_delta_sensor_async.py
[2023-11-20T14:50:48.911+0500] {processor.py:839} INFO - DAG(s) dict_keys(['example_time_delta_sensor_async']) retrieved from /home/den/Projects/venv/lib/python3.10/site-packages/airflow/example_dags/example_time_delta_sensor_async.py
[2023-11-20T14:50:48.928+0500] {logging_mixin.py:154} INFO - [2023-11-20T14:50:48.928+0500] {dag.py:2941} INFO - Sync 1 DAGs
[2023-11-20T14:50:48.939+0500] {logging_mixin.py:154} INFO - [2023-11-20T14:50:48.939+0500] {dag.py:3722} INFO - Setting next_dagrun for example_time_delta_sensor_async to None, run_after=None
[2023-11-20T14:50:48.968+0500] {processor.py:179} INFO - Processing /home/den/Projects/venv/lib/python3.10/site-packages/airflow/example_dags/example_time_delta_sensor_async.py took 0.081 seconds
[2023-11-20T14:51:35.576+0500] {processor.py:157} INFO - Started process (PID=6623) to work on /home/den/Projects/venv/lib/python3.10/site-packages/airflow/example_dags/example_time_delta_sensor_async.py
[2023-11-20T14:51:35.577+0500] {processor.py:829} INFO - Processing file /home/den/Projects/venv/lib/python3.10/site-packages/airflow/example_dags/example_time_delta_sensor_async.py for tasks to queue
[2023-11-20T14:51:35.577+0500] {logging_mixin.py:154} INFO - [2023-11-20T14:51:35.577+0500] {dagbag.py:536} INFO - Filling up the DagBag from /home/den/Projects/venv/lib/python3.10/site-packages/airflow/example_dags/example_time_delta_sensor_async.py
[2023-11-20T14:51:35.581+0500] {processor.py:839} INFO - DAG(s) dict_keys(['example_time_delta_sensor_async']) retrieved from /home/den/Projects/venv/lib/python3.10/site-packages/airflow/example_dags/example_time_delta_sensor_async.py
[2023-11-20T14:51:35.593+0500] {logging_mixin.py:154} INFO - [2023-11-20T14:51:35.593+0500] {dag.py:2941} INFO - Sync 1 DAGs
[2023-11-20T14:51:35.600+0500] {logging_mixin.py:154} INFO - [2023-11-20T14:51:35.600+0500] {dag.py:3722} INFO - Setting next_dagrun for example_time_delta_sensor_async to None, run_after=None
[2023-11-20T14:51:35.625+0500] {processor.py:179} INFO - Processing /home/den/Projects/venv/lib/python3.10/site-packages/airflow/example_dags/example_time_delta_sensor_async.py took 0.052 seconds
[2023-11-20T14:52:29.746+0500] {processor.py:157} INFO - Started process (PID=6774) to work on /home/den/Projects/venv/lib/python3.10/site-packages/airflow/example_dags/example_time_delta_sensor_async.py
[2023-11-20T14:52:29.748+0500] {processor.py:829} INFO - Processing file /home/den/Projects/venv/lib/python3.10/site-packages/airflow/example_dags/example_time_delta_sensor_async.py for tasks to queue
[2023-11-20T14:52:29.750+0500] {logging_mixin.py:154} INFO - [2023-11-20T14:52:29.749+0500] {dagbag.py:536} INFO - Filling up the DagBag from /home/den/Projects/venv/lib/python3.10/site-packages/airflow/example_dags/example_time_delta_sensor_async.py
[2023-11-20T14:52:29.762+0500] {processor.py:839} INFO - DAG(s) dict_keys(['example_time_delta_sensor_async']) retrieved from /home/den/Projects/venv/lib/python3.10/site-packages/airflow/example_dags/example_time_delta_sensor_async.py
[2023-11-20T14:52:29.819+0500] {logging_mixin.py:154} INFO - [2023-11-20T14:52:29.818+0500] {dag.py:2941} INFO - Sync 1 DAGs
[2023-11-20T14:52:29.843+0500] {logging_mixin.py:154} INFO - [2023-11-20T14:52:29.842+0500] {dag.py:3722} INFO - Setting next_dagrun for example_time_delta_sensor_async to None, run_after=None
[2023-11-20T14:52:29.878+0500] {processor.py:179} INFO - Processing /home/den/Projects/venv/lib/python3.10/site-packages/airflow/example_dags/example_time_delta_sensor_async.py took 0.144 seconds
[2023-11-20T14:53:17.061+0500] {processor.py:157} INFO - Started process (PID=7375) to work on /home/den/Projects/venv/lib/python3.10/site-packages/airflow/example_dags/example_time_delta_sensor_async.py
[2023-11-20T14:53:17.068+0500] {processor.py:829} INFO - Processing file /home/den/Projects/venv/lib/python3.10/site-packages/airflow/example_dags/example_time_delta_sensor_async.py for tasks to queue
[2023-11-20T14:53:17.070+0500] {logging_mixin.py:154} INFO - [2023-11-20T14:53:17.069+0500] {dagbag.py:536} INFO - Filling up the DagBag from /home/den/Projects/venv/lib/python3.10/site-packages/airflow/example_dags/example_time_delta_sensor_async.py
[2023-11-20T14:53:17.088+0500] {processor.py:839} INFO - DAG(s) dict_keys(['example_time_delta_sensor_async']) retrieved from /home/den/Projects/venv/lib/python3.10/site-packages/airflow/example_dags/example_time_delta_sensor_async.py
[2023-11-20T14:53:17.134+0500] {logging_mixin.py:154} INFO - [2023-11-20T14:53:17.133+0500] {dag.py:2941} INFO - Sync 1 DAGs
[2023-11-20T14:53:17.151+0500] {logging_mixin.py:154} INFO - [2023-11-20T14:53:17.150+0500] {dag.py:3722} INFO - Setting next_dagrun for example_time_delta_sensor_async to None, run_after=None
[2023-11-20T14:53:17.193+0500] {processor.py:179} INFO - Processing /home/den/Projects/venv/lib/python3.10/site-packages/airflow/example_dags/example_time_delta_sensor_async.py took 0.149 seconds
[2023-11-20T14:54:49.121+0500] {processor.py:157} INFO - Started process (PID=7497) to work on /home/den/Projects/venv/lib/python3.10/site-packages/airflow/example_dags/example_time_delta_sensor_async.py
[2023-11-20T14:54:49.123+0500] {processor.py:829} INFO - Processing file /home/den/Projects/venv/lib/python3.10/site-packages/airflow/example_dags/example_time_delta_sensor_async.py for tasks to queue
[2023-11-20T14:54:49.124+0500] {logging_mixin.py:154} INFO - [2023-11-20T14:54:49.124+0500] {dagbag.py:536} INFO - Filling up the DagBag from /home/den/Projects/venv/lib/python3.10/site-packages/airflow/example_dags/example_time_delta_sensor_async.py
[2023-11-20T14:54:49.131+0500] {processor.py:839} INFO - DAG(s) dict_keys(['example_time_delta_sensor_async']) retrieved from /home/den/Projects/venv/lib/python3.10/site-packages/airflow/example_dags/example_time_delta_sensor_async.py
[2023-11-20T14:54:49.150+0500] {logging_mixin.py:154} INFO - [2023-11-20T14:54:49.150+0500] {dag.py:2941} INFO - Sync 1 DAGs
[2023-11-20T14:54:49.158+0500] {logging_mixin.py:154} INFO - [2023-11-20T14:54:49.158+0500] {dag.py:3722} INFO - Setting next_dagrun for example_time_delta_sensor_async to None, run_after=None
[2023-11-20T14:54:49.193+0500] {processor.py:179} INFO - Processing /home/den/Projects/venv/lib/python3.10/site-packages/airflow/example_dags/example_time_delta_sensor_async.py took 0.074 seconds
[2023-11-20T14:57:32.842+0500] {processor.py:157} INFO - Started process (PID=7654) to work on /home/den/Projects/venv/lib/python3.10/site-packages/airflow/example_dags/example_time_delta_sensor_async.py
[2023-11-20T14:57:32.844+0500] {processor.py:829} INFO - Processing file /home/den/Projects/venv/lib/python3.10/site-packages/airflow/example_dags/example_time_delta_sensor_async.py for tasks to queue
[2023-11-20T14:57:32.845+0500] {logging_mixin.py:154} INFO - [2023-11-20T14:57:32.844+0500] {dagbag.py:536} INFO - Filling up the DagBag from /home/den/Projects/venv/lib/python3.10/site-packages/airflow/example_dags/example_time_delta_sensor_async.py
[2023-11-20T14:57:32.863+0500] {processor.py:839} INFO - DAG(s) dict_keys(['example_time_delta_sensor_async']) retrieved from /home/den/Projects/venv/lib/python3.10/site-packages/airflow/example_dags/example_time_delta_sensor_async.py
[2023-11-20T14:57:32.889+0500] {logging_mixin.py:154} INFO - [2023-11-20T14:57:32.889+0500] {dag.py:2941} INFO - Sync 1 DAGs
[2023-11-20T14:57:32.911+0500] {logging_mixin.py:154} INFO - [2023-11-20T14:57:32.911+0500] {dag.py:3722} INFO - Setting next_dagrun for example_time_delta_sensor_async to None, run_after=None
[2023-11-20T14:57:32.955+0500] {processor.py:179} INFO - Processing /home/den/Projects/venv/lib/python3.10/site-packages/airflow/example_dags/example_time_delta_sensor_async.py took 0.120 seconds
[2023-11-20T14:58:18.131+0500] {processor.py:157} INFO - Started process (PID=7759) to work on /home/den/Projects/venv/lib/python3.10/site-packages/airflow/example_dags/example_time_delta_sensor_async.py
[2023-11-20T14:58:18.133+0500] {processor.py:829} INFO - Processing file /home/den/Projects/venv/lib/python3.10/site-packages/airflow/example_dags/example_time_delta_sensor_async.py for tasks to queue
[2023-11-20T14:58:18.133+0500] {logging_mixin.py:154} INFO - [2023-11-20T14:58:18.133+0500] {dagbag.py:536} INFO - Filling up the DagBag from /home/den/Projects/venv/lib/python3.10/site-packages/airflow/example_dags/example_time_delta_sensor_async.py
[2023-11-20T14:58:18.138+0500] {processor.py:839} INFO - DAG(s) dict_keys(['example_time_delta_sensor_async']) retrieved from /home/den/Projects/venv/lib/python3.10/site-packages/airflow/example_dags/example_time_delta_sensor_async.py
[2023-11-20T14:58:18.149+0500] {logging_mixin.py:154} INFO - [2023-11-20T14:58:18.149+0500] {dag.py:2941} INFO - Sync 1 DAGs
[2023-11-20T14:58:18.156+0500] {logging_mixin.py:154} INFO - [2023-11-20T14:58:18.156+0500] {dag.py:3722} INFO - Setting next_dagrun for example_time_delta_sensor_async to None, run_after=None
[2023-11-20T14:58:18.173+0500] {processor.py:179} INFO - Processing /home/den/Projects/venv/lib/python3.10/site-packages/airflow/example_dags/example_time_delta_sensor_async.py took 0.046 seconds
[2023-11-20T14:59:04.503+0500] {processor.py:157} INFO - Started process (PID=7819) to work on /home/den/Projects/venv/lib/python3.10/site-packages/airflow/example_dags/example_time_delta_sensor_async.py
[2023-11-20T14:59:04.505+0500] {processor.py:829} INFO - Processing file /home/den/Projects/venv/lib/python3.10/site-packages/airflow/example_dags/example_time_delta_sensor_async.py for tasks to queue
[2023-11-20T14:59:04.506+0500] {logging_mixin.py:154} INFO - [2023-11-20T14:59:04.506+0500] {dagbag.py:536} INFO - Filling up the DagBag from /home/den/Projects/venv/lib/python3.10/site-packages/airflow/example_dags/example_time_delta_sensor_async.py
[2023-11-20T14:59:04.510+0500] {processor.py:839} INFO - DAG(s) dict_keys(['example_time_delta_sensor_async']) retrieved from /home/den/Projects/venv/lib/python3.10/site-packages/airflow/example_dags/example_time_delta_sensor_async.py
[2023-11-20T14:59:04.521+0500] {logging_mixin.py:154} INFO - [2023-11-20T14:59:04.521+0500] {dag.py:2941} INFO - Sync 1 DAGs
[2023-11-20T14:59:04.528+0500] {logging_mixin.py:154} INFO - [2023-11-20T14:59:04.528+0500] {dag.py:3722} INFO - Setting next_dagrun for example_time_delta_sensor_async to None, run_after=None
[2023-11-20T14:59:04.545+0500] {processor.py:179} INFO - Processing /home/den/Projects/venv/lib/python3.10/site-packages/airflow/example_dags/example_time_delta_sensor_async.py took 0.044 seconds
[2023-11-20T14:59:51.181+0500] {processor.py:157} INFO - Started process (PID=7912) to work on /home/den/Projects/venv/lib/python3.10/site-packages/airflow/example_dags/example_time_delta_sensor_async.py
[2023-11-20T14:59:51.190+0500] {processor.py:829} INFO - Processing file /home/den/Projects/venv/lib/python3.10/site-packages/airflow/example_dags/example_time_delta_sensor_async.py for tasks to queue
[2023-11-20T14:59:51.191+0500] {logging_mixin.py:154} INFO - [2023-11-20T14:59:51.191+0500] {dagbag.py:536} INFO - Filling up the DagBag from /home/den/Projects/venv/lib/python3.10/site-packages/airflow/example_dags/example_time_delta_sensor_async.py
[2023-11-20T14:59:51.196+0500] {processor.py:839} INFO - DAG(s) dict_keys(['example_time_delta_sensor_async']) retrieved from /home/den/Projects/venv/lib/python3.10/site-packages/airflow/example_dags/example_time_delta_sensor_async.py
[2023-11-20T14:59:51.216+0500] {logging_mixin.py:154} INFO - [2023-11-20T14:59:51.215+0500] {dag.py:2941} INFO - Sync 1 DAGs
[2023-11-20T14:59:51.228+0500] {logging_mixin.py:154} INFO - [2023-11-20T14:59:51.228+0500] {dag.py:3722} INFO - Setting next_dagrun for example_time_delta_sensor_async to None, run_after=None
[2023-11-20T14:59:51.262+0500] {processor.py:179} INFO - Processing /home/den/Projects/venv/lib/python3.10/site-packages/airflow/example_dags/example_time_delta_sensor_async.py took 0.084 seconds
[2023-11-20T15:00:43.089+0500] {processor.py:157} INFO - Started process (PID=7976) to work on /home/den/Projects/venv/lib/python3.10/site-packages/airflow/example_dags/example_time_delta_sensor_async.py
[2023-11-20T15:00:43.090+0500] {processor.py:829} INFO - Processing file /home/den/Projects/venv/lib/python3.10/site-packages/airflow/example_dags/example_time_delta_sensor_async.py for tasks to queue
[2023-11-20T15:00:43.091+0500] {logging_mixin.py:154} INFO - [2023-11-20T15:00:43.091+0500] {dagbag.py:536} INFO - Filling up the DagBag from /home/den/Projects/venv/lib/python3.10/site-packages/airflow/example_dags/example_time_delta_sensor_async.py
[2023-11-20T15:00:43.095+0500] {processor.py:839} INFO - DAG(s) dict_keys(['example_time_delta_sensor_async']) retrieved from /home/den/Projects/venv/lib/python3.10/site-packages/airflow/example_dags/example_time_delta_sensor_async.py
[2023-11-20T15:00:43.106+0500] {logging_mixin.py:154} INFO - [2023-11-20T15:00:43.105+0500] {dag.py:2941} INFO - Sync 1 DAGs
[2023-11-20T15:00:43.113+0500] {logging_mixin.py:154} INFO - [2023-11-20T15:00:43.113+0500] {dag.py:3722} INFO - Setting next_dagrun for example_time_delta_sensor_async to None, run_after=None
[2023-11-20T15:00:43.129+0500] {processor.py:179} INFO - Processing /home/den/Projects/venv/lib/python3.10/site-packages/airflow/example_dags/example_time_delta_sensor_async.py took 0.043 seconds
[2023-11-20T15:01:34.257+0500] {processor.py:157} INFO - Started process (PID=8058) to work on /home/den/Projects/venv/lib/python3.10/site-packages/airflow/example_dags/example_time_delta_sensor_async.py
[2023-11-20T15:01:34.260+0500] {processor.py:829} INFO - Processing file /home/den/Projects/venv/lib/python3.10/site-packages/airflow/example_dags/example_time_delta_sensor_async.py for tasks to queue
[2023-11-20T15:01:34.260+0500] {logging_mixin.py:154} INFO - [2023-11-20T15:01:34.260+0500] {dagbag.py:536} INFO - Filling up the DagBag from /home/den/Projects/venv/lib/python3.10/site-packages/airflow/example_dags/example_time_delta_sensor_async.py
[2023-11-20T15:01:34.267+0500] {processor.py:839} INFO - DAG(s) dict_keys(['example_time_delta_sensor_async']) retrieved from /home/den/Projects/venv/lib/python3.10/site-packages/airflow/example_dags/example_time_delta_sensor_async.py
[2023-11-20T15:01:34.293+0500] {logging_mixin.py:154} INFO - [2023-11-20T15:01:34.293+0500] {dag.py:2941} INFO - Sync 1 DAGs
[2023-11-20T15:01:34.338+0500] {logging_mixin.py:154} INFO - [2023-11-20T15:01:34.338+0500] {dag.py:3722} INFO - Setting next_dagrun for example_time_delta_sensor_async to None, run_after=None
[2023-11-20T15:01:34.380+0500] {processor.py:179} INFO - Processing /home/den/Projects/venv/lib/python3.10/site-packages/airflow/example_dags/example_time_delta_sensor_async.py took 0.134 seconds
[2023-11-20T15:03:22.054+0500] {processor.py:157} INFO - Started process (PID=8258) to work on /home/den/Projects/venv/lib/python3.10/site-packages/airflow/example_dags/example_time_delta_sensor_async.py
[2023-11-20T15:03:22.060+0500] {processor.py:829} INFO - Processing file /home/den/Projects/venv/lib/python3.10/site-packages/airflow/example_dags/example_time_delta_sensor_async.py for tasks to queue
[2023-11-20T15:03:22.063+0500] {logging_mixin.py:154} INFO - [2023-11-20T15:03:22.062+0500] {dagbag.py:536} INFO - Filling up the DagBag from /home/den/Projects/venv/lib/python3.10/site-packages/airflow/example_dags/example_time_delta_sensor_async.py
[2023-11-20T15:03:22.070+0500] {processor.py:839} INFO - DAG(s) dict_keys(['example_time_delta_sensor_async']) retrieved from /home/den/Projects/venv/lib/python3.10/site-packages/airflow/example_dags/example_time_delta_sensor_async.py
[2023-11-20T15:03:22.099+0500] {logging_mixin.py:154} INFO - [2023-11-20T15:03:22.099+0500] {dag.py:2941} INFO - Sync 1 DAGs
[2023-11-20T15:03:22.115+0500] {logging_mixin.py:154} INFO - [2023-11-20T15:03:22.114+0500] {dag.py:3722} INFO - Setting next_dagrun for example_time_delta_sensor_async to None, run_after=None
[2023-11-20T15:03:22.152+0500] {processor.py:179} INFO - Processing /home/den/Projects/venv/lib/python3.10/site-packages/airflow/example_dags/example_time_delta_sensor_async.py took 0.102 seconds
[2023-11-20T15:04:11.588+0500] {processor.py:157} INFO - Started process (PID=8344) to work on /home/den/Projects/venv/lib/python3.10/site-packages/airflow/example_dags/example_time_delta_sensor_async.py
[2023-11-20T15:04:11.589+0500] {processor.py:829} INFO - Processing file /home/den/Projects/venv/lib/python3.10/site-packages/airflow/example_dags/example_time_delta_sensor_async.py for tasks to queue
[2023-11-20T15:04:11.591+0500] {logging_mixin.py:154} INFO - [2023-11-20T15:04:11.590+0500] {dagbag.py:536} INFO - Filling up the DagBag from /home/den/Projects/venv/lib/python3.10/site-packages/airflow/example_dags/example_time_delta_sensor_async.py
[2023-11-20T15:04:11.599+0500] {processor.py:839} INFO - DAG(s) dict_keys(['example_time_delta_sensor_async']) retrieved from /home/den/Projects/venv/lib/python3.10/site-packages/airflow/example_dags/example_time_delta_sensor_async.py
[2023-11-20T15:04:11.620+0500] {logging_mixin.py:154} INFO - [2023-11-20T15:04:11.620+0500] {dag.py:2941} INFO - Sync 1 DAGs
[2023-11-20T15:04:11.641+0500] {logging_mixin.py:154} INFO - [2023-11-20T15:04:11.640+0500] {dag.py:3722} INFO - Setting next_dagrun for example_time_delta_sensor_async to None, run_after=None
[2023-11-20T15:04:11.674+0500] {processor.py:179} INFO - Processing /home/den/Projects/venv/lib/python3.10/site-packages/airflow/example_dags/example_time_delta_sensor_async.py took 0.096 seconds
[2023-11-20T15:05:06.859+0500] {processor.py:157} INFO - Started process (PID=8421) to work on /home/den/Projects/venv/lib/python3.10/site-packages/airflow/example_dags/example_time_delta_sensor_async.py
[2023-11-20T15:05:06.864+0500] {processor.py:829} INFO - Processing file /home/den/Projects/venv/lib/python3.10/site-packages/airflow/example_dags/example_time_delta_sensor_async.py for tasks to queue
[2023-11-20T15:05:06.865+0500] {logging_mixin.py:154} INFO - [2023-11-20T15:05:06.864+0500] {dagbag.py:536} INFO - Filling up the DagBag from /home/den/Projects/venv/lib/python3.10/site-packages/airflow/example_dags/example_time_delta_sensor_async.py
[2023-11-20T15:05:06.871+0500] {processor.py:839} INFO - DAG(s) dict_keys(['example_time_delta_sensor_async']) retrieved from /home/den/Projects/venv/lib/python3.10/site-packages/airflow/example_dags/example_time_delta_sensor_async.py
[2023-11-20T15:05:06.894+0500] {logging_mixin.py:154} INFO - [2023-11-20T15:05:06.894+0500] {dag.py:2941} INFO - Sync 1 DAGs
[2023-11-20T15:05:06.914+0500] {logging_mixin.py:154} INFO - [2023-11-20T15:05:06.914+0500] {dag.py:3722} INFO - Setting next_dagrun for example_time_delta_sensor_async to None, run_after=None
[2023-11-20T15:05:06.948+0500] {processor.py:179} INFO - Processing /home/den/Projects/venv/lib/python3.10/site-packages/airflow/example_dags/example_time_delta_sensor_async.py took 0.093 seconds
[2023-11-20T15:06:03.665+0500] {processor.py:157} INFO - Started process (PID=8521) to work on /home/den/Projects/venv/lib/python3.10/site-packages/airflow/example_dags/example_time_delta_sensor_async.py
[2023-11-20T15:06:03.668+0500] {processor.py:829} INFO - Processing file /home/den/Projects/venv/lib/python3.10/site-packages/airflow/example_dags/example_time_delta_sensor_async.py for tasks to queue
[2023-11-20T15:06:03.668+0500] {logging_mixin.py:154} INFO - [2023-11-20T15:06:03.668+0500] {dagbag.py:536} INFO - Filling up the DagBag from /home/den/Projects/venv/lib/python3.10/site-packages/airflow/example_dags/example_time_delta_sensor_async.py
[2023-11-20T15:06:03.682+0500] {processor.py:839} INFO - DAG(s) dict_keys(['example_time_delta_sensor_async']) retrieved from /home/den/Projects/venv/lib/python3.10/site-packages/airflow/example_dags/example_time_delta_sensor_async.py
[2023-11-20T15:06:03.707+0500] {logging_mixin.py:154} INFO - [2023-11-20T15:06:03.707+0500] {dag.py:2941} INFO - Sync 1 DAGs
[2023-11-20T15:06:03.728+0500] {logging_mixin.py:154} INFO - [2023-11-20T15:06:03.727+0500] {dag.py:3722} INFO - Setting next_dagrun for example_time_delta_sensor_async to None, run_after=None
[2023-11-20T15:06:03.775+0500] {processor.py:179} INFO - Processing /home/den/Projects/venv/lib/python3.10/site-packages/airflow/example_dags/example_time_delta_sensor_async.py took 0.113 seconds
[2023-11-20T15:07:00.324+0500] {processor.py:157} INFO - Started process (PID=8602) to work on /home/den/Projects/venv/lib/python3.10/site-packages/airflow/example_dags/example_time_delta_sensor_async.py
[2023-11-20T15:07:00.327+0500] {processor.py:829} INFO - Processing file /home/den/Projects/venv/lib/python3.10/site-packages/airflow/example_dags/example_time_delta_sensor_async.py for tasks to queue
[2023-11-20T15:07:00.328+0500] {logging_mixin.py:154} INFO - [2023-11-20T15:07:00.328+0500] {dagbag.py:536} INFO - Filling up the DagBag from /home/den/Projects/venv/lib/python3.10/site-packages/airflow/example_dags/example_time_delta_sensor_async.py
[2023-11-20T15:07:00.334+0500] {processor.py:839} INFO - DAG(s) dict_keys(['example_time_delta_sensor_async']) retrieved from /home/den/Projects/venv/lib/python3.10/site-packages/airflow/example_dags/example_time_delta_sensor_async.py
[2023-11-20T15:07:00.358+0500] {logging_mixin.py:154} INFO - [2023-11-20T15:07:00.358+0500] {dag.py:2941} INFO - Sync 1 DAGs
[2023-11-20T15:07:00.370+0500] {logging_mixin.py:154} INFO - [2023-11-20T15:07:00.370+0500] {dag.py:3722} INFO - Setting next_dagrun for example_time_delta_sensor_async to None, run_after=None
[2023-11-20T15:07:00.407+0500] {processor.py:179} INFO - Processing /home/den/Projects/venv/lib/python3.10/site-packages/airflow/example_dags/example_time_delta_sensor_async.py took 0.088 seconds
[2023-11-20T15:07:43.481+0500] {processor.py:157} INFO - Started process (PID=8662) to work on /home/den/Projects/venv/lib/python3.10/site-packages/airflow/example_dags/example_time_delta_sensor_async.py
[2023-11-20T15:07:43.483+0500] {processor.py:829} INFO - Processing file /home/den/Projects/venv/lib/python3.10/site-packages/airflow/example_dags/example_time_delta_sensor_async.py for tasks to queue
[2023-11-20T15:07:43.484+0500] {logging_mixin.py:154} INFO - [2023-11-20T15:07:43.484+0500] {dagbag.py:536} INFO - Filling up the DagBag from /home/den/Projects/venv/lib/python3.10/site-packages/airflow/example_dags/example_time_delta_sensor_async.py
[2023-11-20T15:07:43.496+0500] {processor.py:839} INFO - DAG(s) dict_keys(['example_time_delta_sensor_async']) retrieved from /home/den/Projects/venv/lib/python3.10/site-packages/airflow/example_dags/example_time_delta_sensor_async.py
[2023-11-20T15:07:43.519+0500] {logging_mixin.py:154} INFO - [2023-11-20T15:07:43.519+0500] {dag.py:2941} INFO - Sync 1 DAGs
[2023-11-20T15:07:43.540+0500] {logging_mixin.py:154} INFO - [2023-11-20T15:07:43.539+0500] {dag.py:3722} INFO - Setting next_dagrun for example_time_delta_sensor_async to None, run_after=None
[2023-11-20T15:07:43.573+0500] {processor.py:179} INFO - Processing /home/den/Projects/venv/lib/python3.10/site-packages/airflow/example_dags/example_time_delta_sensor_async.py took 0.098 seconds
[2023-11-20T15:08:30.348+0500] {processor.py:157} INFO - Started process (PID=8759) to work on /home/den/Projects/venv/lib/python3.10/site-packages/airflow/example_dags/example_time_delta_sensor_async.py
[2023-11-20T15:08:30.354+0500] {processor.py:829} INFO - Processing file /home/den/Projects/venv/lib/python3.10/site-packages/airflow/example_dags/example_time_delta_sensor_async.py for tasks to queue
[2023-11-20T15:08:30.356+0500] {logging_mixin.py:154} INFO - [2023-11-20T15:08:30.355+0500] {dagbag.py:536} INFO - Filling up the DagBag from /home/den/Projects/venv/lib/python3.10/site-packages/airflow/example_dags/example_time_delta_sensor_async.py
[2023-11-20T15:08:30.376+0500] {processor.py:839} INFO - DAG(s) dict_keys(['example_time_delta_sensor_async']) retrieved from /home/den/Projects/venv/lib/python3.10/site-packages/airflow/example_dags/example_time_delta_sensor_async.py
[2023-11-20T15:08:30.423+0500] {logging_mixin.py:154} INFO - [2023-11-20T15:08:30.423+0500] {dag.py:2941} INFO - Sync 1 DAGs
[2023-11-20T15:08:30.444+0500] {logging_mixin.py:154} INFO - [2023-11-20T15:08:30.443+0500] {dag.py:3722} INFO - Setting next_dagrun for example_time_delta_sensor_async to None, run_after=None
[2023-11-20T15:08:30.477+0500] {processor.py:179} INFO - Processing /home/den/Projects/venv/lib/python3.10/site-packages/airflow/example_dags/example_time_delta_sensor_async.py took 0.134 seconds
[2023-11-20T15:09:12.214+0500] {processor.py:157} INFO - Started process (PID=8814) to work on /home/den/Projects/venv/lib/python3.10/site-packages/airflow/example_dags/example_time_delta_sensor_async.py
[2023-11-20T15:09:12.221+0500] {processor.py:829} INFO - Processing file /home/den/Projects/venv/lib/python3.10/site-packages/airflow/example_dags/example_time_delta_sensor_async.py for tasks to queue
[2023-11-20T15:09:12.224+0500] {logging_mixin.py:154} INFO - [2023-11-20T15:09:12.222+0500] {dagbag.py:536} INFO - Filling up the DagBag from /home/den/Projects/venv/lib/python3.10/site-packages/airflow/example_dags/example_time_delta_sensor_async.py
[2023-11-20T15:09:12.231+0500] {processor.py:839} INFO - DAG(s) dict_keys(['example_time_delta_sensor_async']) retrieved from /home/den/Projects/venv/lib/python3.10/site-packages/airflow/example_dags/example_time_delta_sensor_async.py
[2023-11-20T15:09:12.254+0500] {logging_mixin.py:154} INFO - [2023-11-20T15:09:12.254+0500] {dag.py:2941} INFO - Sync 1 DAGs
[2023-11-20T15:09:12.269+0500] {logging_mixin.py:154} INFO - [2023-11-20T15:09:12.269+0500] {dag.py:3722} INFO - Setting next_dagrun for example_time_delta_sensor_async to None, run_after=None
[2023-11-20T15:09:12.307+0500] {processor.py:179} INFO - Processing /home/den/Projects/venv/lib/python3.10/site-packages/airflow/example_dags/example_time_delta_sensor_async.py took 0.095 seconds
[2023-11-20T15:10:13.713+0500] {processor.py:157} INFO - Started process (PID=8917) to work on /home/den/Projects/venv/lib/python3.10/site-packages/airflow/example_dags/example_time_delta_sensor_async.py
[2023-11-20T15:10:13.716+0500] {processor.py:829} INFO - Processing file /home/den/Projects/venv/lib/python3.10/site-packages/airflow/example_dags/example_time_delta_sensor_async.py for tasks to queue
[2023-11-20T15:10:13.719+0500] {logging_mixin.py:154} INFO - [2023-11-20T15:10:13.718+0500] {dagbag.py:536} INFO - Filling up the DagBag from /home/den/Projects/venv/lib/python3.10/site-packages/airflow/example_dags/example_time_delta_sensor_async.py
[2023-11-20T15:10:13.725+0500] {processor.py:839} INFO - DAG(s) dict_keys(['example_time_delta_sensor_async']) retrieved from /home/den/Projects/venv/lib/python3.10/site-packages/airflow/example_dags/example_time_delta_sensor_async.py
[2023-11-20T15:10:13.748+0500] {logging_mixin.py:154} INFO - [2023-11-20T15:10:13.747+0500] {dag.py:2941} INFO - Sync 1 DAGs
[2023-11-20T15:10:13.761+0500] {logging_mixin.py:154} INFO - [2023-11-20T15:10:13.761+0500] {dag.py:3722} INFO - Setting next_dagrun for example_time_delta_sensor_async to None, run_after=None
[2023-11-20T15:10:13.794+0500] {processor.py:179} INFO - Processing /home/den/Projects/venv/lib/python3.10/site-packages/airflow/example_dags/example_time_delta_sensor_async.py took 0.089 seconds
[2023-11-20T15:11:06.991+0500] {processor.py:157} INFO - Started process (PID=8990) to work on /home/den/Projects/venv/lib/python3.10/site-packages/airflow/example_dags/example_time_delta_sensor_async.py
[2023-11-20T15:11:06.994+0500] {processor.py:829} INFO - Processing file /home/den/Projects/venv/lib/python3.10/site-packages/airflow/example_dags/example_time_delta_sensor_async.py for tasks to queue
[2023-11-20T15:11:06.995+0500] {logging_mixin.py:154} INFO - [2023-11-20T15:11:06.994+0500] {dagbag.py:536} INFO - Filling up the DagBag from /home/den/Projects/venv/lib/python3.10/site-packages/airflow/example_dags/example_time_delta_sensor_async.py
[2023-11-20T15:11:07.002+0500] {processor.py:839} INFO - DAG(s) dict_keys(['example_time_delta_sensor_async']) retrieved from /home/den/Projects/venv/lib/python3.10/site-packages/airflow/example_dags/example_time_delta_sensor_async.py
[2023-11-20T15:11:07.026+0500] {logging_mixin.py:154} INFO - [2023-11-20T15:11:07.025+0500] {dag.py:2941} INFO - Sync 1 DAGs
[2023-11-20T15:11:07.041+0500] {logging_mixin.py:154} INFO - [2023-11-20T15:11:07.041+0500] {dag.py:3722} INFO - Setting next_dagrun for example_time_delta_sensor_async to None, run_after=None
[2023-11-20T15:11:07.080+0500] {processor.py:179} INFO - Processing /home/den/Projects/venv/lib/python3.10/site-packages/airflow/example_dags/example_time_delta_sensor_async.py took 0.092 seconds
[2023-11-20T15:11:59.992+0500] {processor.py:157} INFO - Started process (PID=9089) to work on /home/den/Projects/venv/lib/python3.10/site-packages/airflow/example_dags/example_time_delta_sensor_async.py
[2023-11-20T15:11:59.999+0500] {processor.py:829} INFO - Processing file /home/den/Projects/venv/lib/python3.10/site-packages/airflow/example_dags/example_time_delta_sensor_async.py for tasks to queue
[2023-11-20T15:12:00.001+0500] {logging_mixin.py:154} INFO - [2023-11-20T15:12:00.000+0500] {dagbag.py:536} INFO - Filling up the DagBag from /home/den/Projects/venv/lib/python3.10/site-packages/airflow/example_dags/example_time_delta_sensor_async.py
[2023-11-20T15:12:00.009+0500] {processor.py:839} INFO - DAG(s) dict_keys(['example_time_delta_sensor_async']) retrieved from /home/den/Projects/venv/lib/python3.10/site-packages/airflow/example_dags/example_time_delta_sensor_async.py
[2023-11-20T15:12:00.027+0500] {logging_mixin.py:154} INFO - [2023-11-20T15:12:00.026+0500] {dag.py:2941} INFO - Sync 1 DAGs
[2023-11-20T15:12:00.035+0500] {logging_mixin.py:154} INFO - [2023-11-20T15:12:00.035+0500] {dag.py:3722} INFO - Setting next_dagrun for example_time_delta_sensor_async to None, run_after=None
[2023-11-20T15:12:00.078+0500] {processor.py:179} INFO - Processing /home/den/Projects/venv/lib/python3.10/site-packages/airflow/example_dags/example_time_delta_sensor_async.py took 0.092 seconds
[2023-11-20T15:12:52.552+0500] {processor.py:157} INFO - Started process (PID=9159) to work on /home/den/Projects/venv/lib/python3.10/site-packages/airflow/example_dags/example_time_delta_sensor_async.py
[2023-11-20T15:12:52.554+0500] {processor.py:829} INFO - Processing file /home/den/Projects/venv/lib/python3.10/site-packages/airflow/example_dags/example_time_delta_sensor_async.py for tasks to queue
[2023-11-20T15:12:52.555+0500] {logging_mixin.py:154} INFO - [2023-11-20T15:12:52.554+0500] {dagbag.py:536} INFO - Filling up the DagBag from /home/den/Projects/venv/lib/python3.10/site-packages/airflow/example_dags/example_time_delta_sensor_async.py
[2023-11-20T15:12:52.560+0500] {processor.py:839} INFO - DAG(s) dict_keys(['example_time_delta_sensor_async']) retrieved from /home/den/Projects/venv/lib/python3.10/site-packages/airflow/example_dags/example_time_delta_sensor_async.py
[2023-11-20T15:12:52.583+0500] {logging_mixin.py:154} INFO - [2023-11-20T15:12:52.583+0500] {dag.py:2941} INFO - Sync 1 DAGs
[2023-11-20T15:12:52.601+0500] {logging_mixin.py:154} INFO - [2023-11-20T15:12:52.601+0500] {dag.py:3722} INFO - Setting next_dagrun for example_time_delta_sensor_async to None, run_after=None
[2023-11-20T15:12:52.641+0500] {processor.py:179} INFO - Processing /home/den/Projects/venv/lib/python3.10/site-packages/airflow/example_dags/example_time_delta_sensor_async.py took 0.099 seconds
[2023-11-20T15:13:46.451+0500] {processor.py:157} INFO - Started process (PID=9232) to work on /home/den/Projects/venv/lib/python3.10/site-packages/airflow/example_dags/example_time_delta_sensor_async.py
[2023-11-20T15:13:46.453+0500] {processor.py:829} INFO - Processing file /home/den/Projects/venv/lib/python3.10/site-packages/airflow/example_dags/example_time_delta_sensor_async.py for tasks to queue
[2023-11-20T15:13:46.454+0500] {logging_mixin.py:154} INFO - [2023-11-20T15:13:46.454+0500] {dagbag.py:536} INFO - Filling up the DagBag from /home/den/Projects/venv/lib/python3.10/site-packages/airflow/example_dags/example_time_delta_sensor_async.py
[2023-11-20T15:13:46.463+0500] {processor.py:839} INFO - DAG(s) dict_keys(['example_time_delta_sensor_async']) retrieved from /home/den/Projects/venv/lib/python3.10/site-packages/airflow/example_dags/example_time_delta_sensor_async.py
[2023-11-20T15:13:46.487+0500] {logging_mixin.py:154} INFO - [2023-11-20T15:13:46.486+0500] {dag.py:2941} INFO - Sync 1 DAGs
[2023-11-20T15:13:46.498+0500] {logging_mixin.py:154} INFO - [2023-11-20T15:13:46.498+0500] {dag.py:3722} INFO - Setting next_dagrun for example_time_delta_sensor_async to None, run_after=None
[2023-11-20T15:13:46.527+0500] {processor.py:179} INFO - Processing /home/den/Projects/venv/lib/python3.10/site-packages/airflow/example_dags/example_time_delta_sensor_async.py took 0.080 seconds
[2023-11-20T15:14:27.272+0500] {processor.py:157} INFO - Started process (PID=9320) to work on /home/den/Projects/venv/lib/python3.10/site-packages/airflow/example_dags/example_time_delta_sensor_async.py
[2023-11-20T15:14:27.275+0500] {processor.py:829} INFO - Processing file /home/den/Projects/venv/lib/python3.10/site-packages/airflow/example_dags/example_time_delta_sensor_async.py for tasks to queue
[2023-11-20T15:14:27.277+0500] {logging_mixin.py:154} INFO - [2023-11-20T15:14:27.276+0500] {dagbag.py:536} INFO - Filling up the DagBag from /home/den/Projects/venv/lib/python3.10/site-packages/airflow/example_dags/example_time_delta_sensor_async.py
[2023-11-20T15:14:27.287+0500] {processor.py:839} INFO - DAG(s) dict_keys(['example_time_delta_sensor_async']) retrieved from /home/den/Projects/venv/lib/python3.10/site-packages/airflow/example_dags/example_time_delta_sensor_async.py
[2023-11-20T15:14:27.310+0500] {logging_mixin.py:154} INFO - [2023-11-20T15:14:27.309+0500] {dag.py:2941} INFO - Sync 1 DAGs
[2023-11-20T15:14:27.327+0500] {logging_mixin.py:154} INFO - [2023-11-20T15:14:27.327+0500] {dag.py:3722} INFO - Setting next_dagrun for example_time_delta_sensor_async to None, run_after=None
[2023-11-20T15:14:27.368+0500] {processor.py:179} INFO - Processing /home/den/Projects/venv/lib/python3.10/site-packages/airflow/example_dags/example_time_delta_sensor_async.py took 0.103 seconds
[2023-11-20T15:15:20.020+0500] {processor.py:157} INFO - Started process (PID=9392) to work on /home/den/Projects/venv/lib/python3.10/site-packages/airflow/example_dags/example_time_delta_sensor_async.py
[2023-11-20T15:15:20.022+0500] {processor.py:829} INFO - Processing file /home/den/Projects/venv/lib/python3.10/site-packages/airflow/example_dags/example_time_delta_sensor_async.py for tasks to queue
[2023-11-20T15:15:20.023+0500] {logging_mixin.py:154} INFO - [2023-11-20T15:15:20.022+0500] {dagbag.py:536} INFO - Filling up the DagBag from /home/den/Projects/venv/lib/python3.10/site-packages/airflow/example_dags/example_time_delta_sensor_async.py
[2023-11-20T15:15:20.027+0500] {processor.py:839} INFO - DAG(s) dict_keys(['example_time_delta_sensor_async']) retrieved from /home/den/Projects/venv/lib/python3.10/site-packages/airflow/example_dags/example_time_delta_sensor_async.py
[2023-11-20T15:15:20.040+0500] {logging_mixin.py:154} INFO - [2023-11-20T15:15:20.040+0500] {dag.py:2941} INFO - Sync 1 DAGs
[2023-11-20T15:15:20.048+0500] {logging_mixin.py:154} INFO - [2023-11-20T15:15:20.048+0500] {dag.py:3722} INFO - Setting next_dagrun for example_time_delta_sensor_async to None, run_after=None
[2023-11-20T15:15:20.066+0500] {processor.py:179} INFO - Processing /home/den/Projects/venv/lib/python3.10/site-packages/airflow/example_dags/example_time_delta_sensor_async.py took 0.050 seconds
[2023-11-20T15:16:10.292+0500] {processor.py:157} INFO - Started process (PID=9487) to work on /home/den/Projects/venv/lib/python3.10/site-packages/airflow/example_dags/example_time_delta_sensor_async.py
[2023-11-20T15:16:10.293+0500] {processor.py:829} INFO - Processing file /home/den/Projects/venv/lib/python3.10/site-packages/airflow/example_dags/example_time_delta_sensor_async.py for tasks to queue
[2023-11-20T15:16:10.293+0500] {logging_mixin.py:154} INFO - [2023-11-20T15:16:10.293+0500] {dagbag.py:536} INFO - Filling up the DagBag from /home/den/Projects/venv/lib/python3.10/site-packages/airflow/example_dags/example_time_delta_sensor_async.py
[2023-11-20T15:16:10.300+0500] {processor.py:839} INFO - DAG(s) dict_keys(['example_time_delta_sensor_async']) retrieved from /home/den/Projects/venv/lib/python3.10/site-packages/airflow/example_dags/example_time_delta_sensor_async.py
[2023-11-20T15:16:10.313+0500] {logging_mixin.py:154} INFO - [2023-11-20T15:16:10.313+0500] {dag.py:2941} INFO - Sync 1 DAGs
[2023-11-20T15:16:10.322+0500] {logging_mixin.py:154} INFO - [2023-11-20T15:16:10.321+0500] {dag.py:3722} INFO - Setting next_dagrun for example_time_delta_sensor_async to None, run_after=None
[2023-11-20T15:16:10.341+0500] {processor.py:179} INFO - Processing /home/den/Projects/venv/lib/python3.10/site-packages/airflow/example_dags/example_time_delta_sensor_async.py took 0.053 seconds
[2023-11-20T15:16:57.512+0500] {processor.py:157} INFO - Started process (PID=9555) to work on /home/den/Projects/venv/lib/python3.10/site-packages/airflow/example_dags/example_time_delta_sensor_async.py
[2023-11-20T15:16:57.514+0500] {processor.py:829} INFO - Processing file /home/den/Projects/venv/lib/python3.10/site-packages/airflow/example_dags/example_time_delta_sensor_async.py for tasks to queue
[2023-11-20T15:16:57.515+0500] {logging_mixin.py:154} INFO - [2023-11-20T15:16:57.514+0500] {dagbag.py:536} INFO - Filling up the DagBag from /home/den/Projects/venv/lib/python3.10/site-packages/airflow/example_dags/example_time_delta_sensor_async.py
[2023-11-20T15:16:57.519+0500] {processor.py:839} INFO - DAG(s) dict_keys(['example_time_delta_sensor_async']) retrieved from /home/den/Projects/venv/lib/python3.10/site-packages/airflow/example_dags/example_time_delta_sensor_async.py
[2023-11-20T15:16:57.532+0500] {logging_mixin.py:154} INFO - [2023-11-20T15:16:57.531+0500] {dag.py:2941} INFO - Sync 1 DAGs
[2023-11-20T15:16:57.539+0500] {logging_mixin.py:154} INFO - [2023-11-20T15:16:57.539+0500] {dag.py:3722} INFO - Setting next_dagrun for example_time_delta_sensor_async to None, run_after=None
[2023-11-20T15:16:57.567+0500] {processor.py:179} INFO - Processing /home/den/Projects/venv/lib/python3.10/site-packages/airflow/example_dags/example_time_delta_sensor_async.py took 0.057 seconds
[2023-11-20T15:17:41.488+0500] {processor.py:157} INFO - Started process (PID=9617) to work on /home/den/Projects/venv/lib/python3.10/site-packages/airflow/example_dags/example_time_delta_sensor_async.py
[2023-11-20T15:17:41.490+0500] {processor.py:829} INFO - Processing file /home/den/Projects/venv/lib/python3.10/site-packages/airflow/example_dags/example_time_delta_sensor_async.py for tasks to queue
[2023-11-20T15:17:41.491+0500] {logging_mixin.py:154} INFO - [2023-11-20T15:17:41.491+0500] {dagbag.py:536} INFO - Filling up the DagBag from /home/den/Projects/venv/lib/python3.10/site-packages/airflow/example_dags/example_time_delta_sensor_async.py
[2023-11-20T15:17:41.496+0500] {processor.py:839} INFO - DAG(s) dict_keys(['example_time_delta_sensor_async']) retrieved from /home/den/Projects/venv/lib/python3.10/site-packages/airflow/example_dags/example_time_delta_sensor_async.py
[2023-11-20T15:17:41.511+0500] {logging_mixin.py:154} INFO - [2023-11-20T15:17:41.510+0500] {dag.py:2941} INFO - Sync 1 DAGs
[2023-11-20T15:17:41.519+0500] {logging_mixin.py:154} INFO - [2023-11-20T15:17:41.519+0500] {dag.py:3722} INFO - Setting next_dagrun for example_time_delta_sensor_async to None, run_after=None
[2023-11-20T15:17:41.546+0500] {processor.py:179} INFO - Processing /home/den/Projects/venv/lib/python3.10/site-packages/airflow/example_dags/example_time_delta_sensor_async.py took 0.061 seconds
[2023-11-20T15:18:34.470+0500] {processor.py:157} INFO - Started process (PID=9715) to work on /home/den/Projects/venv/lib/python3.10/site-packages/airflow/example_dags/example_time_delta_sensor_async.py
[2023-11-20T15:18:34.472+0500] {processor.py:829} INFO - Processing file /home/den/Projects/venv/lib/python3.10/site-packages/airflow/example_dags/example_time_delta_sensor_async.py for tasks to queue
[2023-11-20T15:18:34.473+0500] {logging_mixin.py:154} INFO - [2023-11-20T15:18:34.473+0500] {dagbag.py:536} INFO - Filling up the DagBag from /home/den/Projects/venv/lib/python3.10/site-packages/airflow/example_dags/example_time_delta_sensor_async.py
[2023-11-20T15:18:34.478+0500] {processor.py:839} INFO - DAG(s) dict_keys(['example_time_delta_sensor_async']) retrieved from /home/den/Projects/venv/lib/python3.10/site-packages/airflow/example_dags/example_time_delta_sensor_async.py
[2023-11-20T15:18:34.492+0500] {logging_mixin.py:154} INFO - [2023-11-20T15:18:34.492+0500] {dag.py:2941} INFO - Sync 1 DAGs
[2023-11-20T15:18:34.502+0500] {logging_mixin.py:154} INFO - [2023-11-20T15:18:34.502+0500] {dag.py:3722} INFO - Setting next_dagrun for example_time_delta_sensor_async to None, run_after=None
[2023-11-20T15:18:34.519+0500] {processor.py:179} INFO - Processing /home/den/Projects/venv/lib/python3.10/site-packages/airflow/example_dags/example_time_delta_sensor_async.py took 0.052 seconds
[2023-11-20T15:19:21.546+0500] {processor.py:157} INFO - Started process (PID=9785) to work on /home/den/Projects/venv/lib/python3.10/site-packages/airflow/example_dags/example_time_delta_sensor_async.py
[2023-11-20T15:19:21.548+0500] {processor.py:829} INFO - Processing file /home/den/Projects/venv/lib/python3.10/site-packages/airflow/example_dags/example_time_delta_sensor_async.py for tasks to queue
[2023-11-20T15:19:21.549+0500] {logging_mixin.py:154} INFO - [2023-11-20T15:19:21.549+0500] {dagbag.py:536} INFO - Filling up the DagBag from /home/den/Projects/venv/lib/python3.10/site-packages/airflow/example_dags/example_time_delta_sensor_async.py
[2023-11-20T15:19:21.559+0500] {processor.py:839} INFO - DAG(s) dict_keys(['example_time_delta_sensor_async']) retrieved from /home/den/Projects/venv/lib/python3.10/site-packages/airflow/example_dags/example_time_delta_sensor_async.py
[2023-11-20T15:19:21.576+0500] {logging_mixin.py:154} INFO - [2023-11-20T15:19:21.576+0500] {dag.py:2941} INFO - Sync 1 DAGs
[2023-11-20T15:19:21.584+0500] {logging_mixin.py:154} INFO - [2023-11-20T15:19:21.584+0500] {dag.py:3722} INFO - Setting next_dagrun for example_time_delta_sensor_async to None, run_after=None
[2023-11-20T15:19:21.606+0500] {processor.py:179} INFO - Processing /home/den/Projects/venv/lib/python3.10/site-packages/airflow/example_dags/example_time_delta_sensor_async.py took 0.063 seconds
[2023-11-20T15:20:14.696+0500] {processor.py:157} INFO - Started process (PID=9942) to work on /home/den/Projects/venv/lib/python3.10/site-packages/airflow/example_dags/example_time_delta_sensor_async.py
[2023-11-20T15:20:14.698+0500] {processor.py:829} INFO - Processing file /home/den/Projects/venv/lib/python3.10/site-packages/airflow/example_dags/example_time_delta_sensor_async.py for tasks to queue
[2023-11-20T15:20:14.699+0500] {logging_mixin.py:154} INFO - [2023-11-20T15:20:14.698+0500] {dagbag.py:536} INFO - Filling up the DagBag from /home/den/Projects/venv/lib/python3.10/site-packages/airflow/example_dags/example_time_delta_sensor_async.py
[2023-11-20T15:20:14.716+0500] {processor.py:839} INFO - DAG(s) dict_keys(['example_time_delta_sensor_async']) retrieved from /home/den/Projects/venv/lib/python3.10/site-packages/airflow/example_dags/example_time_delta_sensor_async.py
[2023-11-20T15:20:14.740+0500] {logging_mixin.py:154} INFO - [2023-11-20T15:20:14.740+0500] {dag.py:2941} INFO - Sync 1 DAGs
[2023-11-20T15:20:14.755+0500] {logging_mixin.py:154} INFO - [2023-11-20T15:20:14.755+0500] {dag.py:3722} INFO - Setting next_dagrun for example_time_delta_sensor_async to None, run_after=None
[2023-11-20T15:20:14.781+0500] {processor.py:179} INFO - Processing /home/den/Projects/venv/lib/python3.10/site-packages/airflow/example_dags/example_time_delta_sensor_async.py took 0.089 seconds
[2023-11-20T15:21:16.608+0500] {processor.py:157} INFO - Started process (PID=10018) to work on /home/den/Projects/venv/lib/python3.10/site-packages/airflow/example_dags/example_time_delta_sensor_async.py
[2023-11-20T15:21:16.618+0500] {processor.py:829} INFO - Processing file /home/den/Projects/venv/lib/python3.10/site-packages/airflow/example_dags/example_time_delta_sensor_async.py for tasks to queue
[2023-11-20T15:21:16.620+0500] {logging_mixin.py:154} INFO - [2023-11-20T15:21:16.619+0500] {dagbag.py:536} INFO - Filling up the DagBag from /home/den/Projects/venv/lib/python3.10/site-packages/airflow/example_dags/example_time_delta_sensor_async.py
[2023-11-20T15:21:16.630+0500] {processor.py:839} INFO - DAG(s) dict_keys(['example_time_delta_sensor_async']) retrieved from /home/den/Projects/venv/lib/python3.10/site-packages/airflow/example_dags/example_time_delta_sensor_async.py
[2023-11-20T15:21:16.654+0500] {logging_mixin.py:154} INFO - [2023-11-20T15:21:16.653+0500] {dag.py:2941} INFO - Sync 1 DAGs
[2023-11-20T15:21:16.690+0500] {logging_mixin.py:154} INFO - [2023-11-20T15:21:16.689+0500] {dag.py:3722} INFO - Setting next_dagrun for example_time_delta_sensor_async to None, run_after=None
[2023-11-20T15:21:16.725+0500] {processor.py:179} INFO - Processing /home/den/Projects/venv/lib/python3.10/site-packages/airflow/example_dags/example_time_delta_sensor_async.py took 0.123 seconds
[2023-11-20T15:21:59.759+0500] {processor.py:157} INFO - Started process (PID=10110) to work on /home/den/Projects/venv/lib/python3.10/site-packages/airflow/example_dags/example_time_delta_sensor_async.py
[2023-11-20T15:21:59.764+0500] {processor.py:829} INFO - Processing file /home/den/Projects/venv/lib/python3.10/site-packages/airflow/example_dags/example_time_delta_sensor_async.py for tasks to queue
[2023-11-20T15:21:59.774+0500] {logging_mixin.py:154} INFO - [2023-11-20T15:21:59.771+0500] {dagbag.py:536} INFO - Filling up the DagBag from /home/den/Projects/venv/lib/python3.10/site-packages/airflow/example_dags/example_time_delta_sensor_async.py
[2023-11-20T15:21:59.822+0500] {processor.py:839} INFO - DAG(s) dict_keys(['example_time_delta_sensor_async']) retrieved from /home/den/Projects/venv/lib/python3.10/site-packages/airflow/example_dags/example_time_delta_sensor_async.py
[2023-11-20T15:21:59.961+0500] {logging_mixin.py:154} INFO - [2023-11-20T15:21:59.959+0500] {dag.py:2941} INFO - Sync 1 DAGs
[2023-11-20T15:22:00.042+0500] {logging_mixin.py:154} INFO - [2023-11-20T15:22:00.041+0500] {dag.py:3722} INFO - Setting next_dagrun for example_time_delta_sensor_async to None, run_after=None
[2023-11-20T15:22:00.170+0500] {processor.py:179} INFO - Processing /home/den/Projects/venv/lib/python3.10/site-packages/airflow/example_dags/example_time_delta_sensor_async.py took 0.414 seconds
[2023-11-20T15:22:42.615+0500] {processor.py:157} INFO - Started process (PID=10160) to work on /home/den/Projects/venv/lib/python3.10/site-packages/airflow/example_dags/example_time_delta_sensor_async.py
[2023-11-20T15:22:42.617+0500] {processor.py:829} INFO - Processing file /home/den/Projects/venv/lib/python3.10/site-packages/airflow/example_dags/example_time_delta_sensor_async.py for tasks to queue
[2023-11-20T15:22:42.618+0500] {logging_mixin.py:154} INFO - [2023-11-20T15:22:42.617+0500] {dagbag.py:536} INFO - Filling up the DagBag from /home/den/Projects/venv/lib/python3.10/site-packages/airflow/example_dags/example_time_delta_sensor_async.py
[2023-11-20T15:22:42.628+0500] {processor.py:839} INFO - DAG(s) dict_keys(['example_time_delta_sensor_async']) retrieved from /home/den/Projects/venv/lib/python3.10/site-packages/airflow/example_dags/example_time_delta_sensor_async.py
[2023-11-20T15:22:42.644+0500] {logging_mixin.py:154} INFO - [2023-11-20T15:22:42.644+0500] {dag.py:2941} INFO - Sync 1 DAGs
[2023-11-20T15:22:42.652+0500] {logging_mixin.py:154} INFO - [2023-11-20T15:22:42.652+0500] {dag.py:3722} INFO - Setting next_dagrun for example_time_delta_sensor_async to None, run_after=None
[2023-11-20T15:22:42.683+0500] {processor.py:179} INFO - Processing /home/den/Projects/venv/lib/python3.10/site-packages/airflow/example_dags/example_time_delta_sensor_async.py took 0.072 seconds
[2023-11-20T15:23:42.770+0500] {processor.py:157} INFO - Started process (PID=10270) to work on /home/den/Projects/venv/lib/python3.10/site-packages/airflow/example_dags/example_time_delta_sensor_async.py
[2023-11-20T15:23:42.775+0500] {processor.py:829} INFO - Processing file /home/den/Projects/venv/lib/python3.10/site-packages/airflow/example_dags/example_time_delta_sensor_async.py for tasks to queue
[2023-11-20T15:23:42.776+0500] {logging_mixin.py:154} INFO - [2023-11-20T15:23:42.775+0500] {dagbag.py:536} INFO - Filling up the DagBag from /home/den/Projects/venv/lib/python3.10/site-packages/airflow/example_dags/example_time_delta_sensor_async.py
[2023-11-20T15:23:42.782+0500] {processor.py:839} INFO - DAG(s) dict_keys(['example_time_delta_sensor_async']) retrieved from /home/den/Projects/venv/lib/python3.10/site-packages/airflow/example_dags/example_time_delta_sensor_async.py
[2023-11-20T15:23:42.815+0500] {logging_mixin.py:154} INFO - [2023-11-20T15:23:42.815+0500] {dag.py:2941} INFO - Sync 1 DAGs
[2023-11-20T15:23:42.828+0500] {logging_mixin.py:154} INFO - [2023-11-20T15:23:42.828+0500] {dag.py:3722} INFO - Setting next_dagrun for example_time_delta_sensor_async to None, run_after=None
[2023-11-20T15:23:42.860+0500] {processor.py:179} INFO - Processing /home/den/Projects/venv/lib/python3.10/site-packages/airflow/example_dags/example_time_delta_sensor_async.py took 0.096 seconds
