[2023-11-20T14:39:33.651+0500] {processor.py:157} INFO - Started process (PID=5176) to work on /home/den/Projects/venv/lib/python3.10/site-packages/airflow/example_dags/example_branch_datetime_operator.py
[2023-11-20T14:39:33.651+0500] {processor.py:829} INFO - Processing file /home/den/Projects/venv/lib/python3.10/site-packages/airflow/example_dags/example_branch_datetime_operator.py for tasks to queue
[2023-11-20T14:39:33.652+0500] {logging_mixin.py:154} INFO - [2023-11-20T14:39:33.652+0500] {dagbag.py:536} INFO - Filling up the DagBag from /home/den/Projects/venv/lib/python3.10/site-packages/airflow/example_dags/example_branch_datetime_operator.py
[2023-11-20T14:39:33.662+0500] {processor.py:839} INFO - DAG(s) dict_keys(['example_branch_datetime_operator_3', 'example_branch_datetime_operator_2', 'example_branch_datetime_operator']) retrieved from /home/den/Projects/venv/lib/python3.10/site-packages/airflow/example_dags/example_branch_datetime_operator.py
[2023-11-20T14:39:33.748+0500] {logging_mixin.py:154} INFO - [2023-11-20T14:39:33.748+0500] {manager.py:499} INFO - Created Permission View: %s
[2023-11-20T14:39:33.758+0500] {logging_mixin.py:154} INFO - [2023-11-20T14:39:33.758+0500] {manager.py:499} INFO - Created Permission View: %s
[2023-11-20T14:39:33.766+0500] {logging_mixin.py:154} INFO - [2023-11-20T14:39:33.766+0500] {manager.py:499} INFO - Created Permission View: %s
[2023-11-20T14:39:33.785+0500] {logging_mixin.py:154} INFO - [2023-11-20T14:39:33.785+0500] {manager.py:499} INFO - Created Permission View: %s
[2023-11-20T14:39:33.793+0500] {logging_mixin.py:154} INFO - [2023-11-20T14:39:33.793+0500] {manager.py:499} INFO - Created Permission View: %s
[2023-11-20T14:39:33.801+0500] {logging_mixin.py:154} INFO - [2023-11-20T14:39:33.801+0500] {manager.py:499} INFO - Created Permission View: %s
[2023-11-20T14:39:33.823+0500] {logging_mixin.py:154} INFO - [2023-11-20T14:39:33.822+0500] {manager.py:499} INFO - Created Permission View: %s
[2023-11-20T14:39:33.830+0500] {logging_mixin.py:154} INFO - [2023-11-20T14:39:33.830+0500] {manager.py:499} INFO - Created Permission View: %s
[2023-11-20T14:39:33.838+0500] {logging_mixin.py:154} INFO - [2023-11-20T14:39:33.838+0500] {manager.py:499} INFO - Created Permission View: %s
[2023-11-20T14:39:33.838+0500] {logging_mixin.py:154} INFO - [2023-11-20T14:39:33.838+0500] {dag.py:2941} INFO - Sync 3 DAGs
[2023-11-20T14:39:33.845+0500] {logging_mixin.py:154} INFO - [2023-11-20T14:39:33.845+0500] {dag.py:2963} INFO - Creating ORM DAG for example_branch_datetime_operator_2
[2023-11-20T14:39:33.845+0500] {logging_mixin.py:154} INFO - [2023-11-20T14:39:33.845+0500] {dag.py:2963} INFO - Creating ORM DAG for example_branch_datetime_operator_3
[2023-11-20T14:39:33.845+0500] {logging_mixin.py:154} INFO - [2023-11-20T14:39:33.845+0500] {dag.py:2963} INFO - Creating ORM DAG for example_branch_datetime_operator
[2023-11-20T14:39:33.851+0500] {logging_mixin.py:154} INFO - [2023-11-20T14:39:33.851+0500] {dag.py:3722} INFO - Setting next_dagrun for example_branch_datetime_operator to 2023-11-19T00:00:00+00:00, run_after=2023-11-20T00:00:00+00:00
[2023-11-20T14:39:33.852+0500] {logging_mixin.py:154} INFO - [2023-11-20T14:39:33.852+0500] {dag.py:3722} INFO - Setting next_dagrun for example_branch_datetime_operator_2 to 2023-11-19T00:00:00+00:00, run_after=2023-11-20T00:00:00+00:00
[2023-11-20T14:39:33.853+0500] {logging_mixin.py:154} INFO - [2023-11-20T14:39:33.853+0500] {dag.py:3722} INFO - Setting next_dagrun for example_branch_datetime_operator_3 to 2023-11-19T00:00:00+00:00, run_after=2023-11-20T00:00:00+00:00
[2023-11-20T14:39:33.871+0500] {processor.py:179} INFO - Processing /home/den/Projects/venv/lib/python3.10/site-packages/airflow/example_dags/example_branch_datetime_operator.py took 0.223 seconds
[2023-11-20T14:40:23.756+0500] {processor.py:157} INFO - Started process (PID=5285) to work on /home/den/Projects/venv/lib/python3.10/site-packages/airflow/example_dags/example_branch_datetime_operator.py
[2023-11-20T14:40:23.764+0500] {processor.py:829} INFO - Processing file /home/den/Projects/venv/lib/python3.10/site-packages/airflow/example_dags/example_branch_datetime_operator.py for tasks to queue
[2023-11-20T14:40:23.764+0500] {logging_mixin.py:154} INFO - [2023-11-20T14:40:23.764+0500] {dagbag.py:536} INFO - Filling up the DagBag from /home/den/Projects/venv/lib/python3.10/site-packages/airflow/example_dags/example_branch_datetime_operator.py
[2023-11-20T14:40:23.788+0500] {processor.py:839} INFO - DAG(s) dict_keys(['example_branch_datetime_operator_2', 'example_branch_datetime_operator', 'example_branch_datetime_operator_3']) retrieved from /home/den/Projects/venv/lib/python3.10/site-packages/airflow/example_dags/example_branch_datetime_operator.py
[2023-11-20T14:40:23.880+0500] {logging_mixin.py:154} INFO - [2023-11-20T14:40:23.879+0500] {dag.py:2941} INFO - Sync 3 DAGs
[2023-11-20T14:40:23.893+0500] {logging_mixin.py:154} INFO - [2023-11-20T14:40:23.893+0500] {dag.py:3722} INFO - Setting next_dagrun for example_branch_datetime_operator to 2023-11-19T00:00:00+00:00, run_after=2023-11-20T00:00:00+00:00
[2023-11-20T14:40:23.896+0500] {logging_mixin.py:154} INFO - [2023-11-20T14:40:23.896+0500] {dag.py:3722} INFO - Setting next_dagrun for example_branch_datetime_operator_2 to 2023-11-19T00:00:00+00:00, run_after=2023-11-20T00:00:00+00:00
[2023-11-20T14:40:23.897+0500] {logging_mixin.py:154} INFO - [2023-11-20T14:40:23.897+0500] {dag.py:3722} INFO - Setting next_dagrun for example_branch_datetime_operator_3 to 2023-11-19T00:00:00+00:00, run_after=2023-11-20T00:00:00+00:00
[2023-11-20T14:40:24.124+0500] {processor.py:179} INFO - Processing /home/den/Projects/venv/lib/python3.10/site-packages/airflow/example_dags/example_branch_datetime_operator.py took 0.373 seconds
[2023-11-20T14:49:59.526+0500] {processor.py:157} INFO - Started process (PID=6493) to work on /home/den/Projects/venv/lib/python3.10/site-packages/airflow/example_dags/example_branch_datetime_operator.py
[2023-11-20T14:49:59.530+0500] {processor.py:829} INFO - Processing file /home/den/Projects/venv/lib/python3.10/site-packages/airflow/example_dags/example_branch_datetime_operator.py for tasks to queue
[2023-11-20T14:49:59.531+0500] {logging_mixin.py:154} INFO - [2023-11-20T14:49:59.531+0500] {dagbag.py:536} INFO - Filling up the DagBag from /home/den/Projects/venv/lib/python3.10/site-packages/airflow/example_dags/example_branch_datetime_operator.py
[2023-11-20T14:49:59.543+0500] {processor.py:839} INFO - DAG(s) dict_keys(['example_branch_datetime_operator_2', 'example_branch_datetime_operator', 'example_branch_datetime_operator_3']) retrieved from /home/den/Projects/venv/lib/python3.10/site-packages/airflow/example_dags/example_branch_datetime_operator.py
[2023-11-20T14:49:59.561+0500] {logging_mixin.py:154} INFO - [2023-11-20T14:49:59.561+0500] {dag.py:2941} INFO - Sync 3 DAGs
[2023-11-20T14:49:59.575+0500] {logging_mixin.py:154} INFO - [2023-11-20T14:49:59.575+0500] {dag.py:3722} INFO - Setting next_dagrun for example_branch_datetime_operator to 2023-11-19T00:00:00+00:00, run_after=2023-11-20T00:00:00+00:00
[2023-11-20T14:49:59.577+0500] {logging_mixin.py:154} INFO - [2023-11-20T14:49:59.577+0500] {dag.py:3722} INFO - Setting next_dagrun for example_branch_datetime_operator_2 to 2023-11-19T00:00:00+00:00, run_after=2023-11-20T00:00:00+00:00
[2023-11-20T14:49:59.579+0500] {logging_mixin.py:154} INFO - [2023-11-20T14:49:59.579+0500] {dag.py:3722} INFO - Setting next_dagrun for example_branch_datetime_operator_3 to 2023-11-19T00:00:00+00:00, run_after=2023-11-20T00:00:00+00:00
[2023-11-20T14:49:59.607+0500] {processor.py:179} INFO - Processing /home/den/Projects/venv/lib/python3.10/site-packages/airflow/example_dags/example_branch_datetime_operator.py took 0.086 seconds
[2023-11-20T14:50:49.176+0500] {processor.py:157} INFO - Started process (PID=6566) to work on /home/den/Projects/venv/lib/python3.10/site-packages/airflow/example_dags/example_branch_datetime_operator.py
[2023-11-20T14:50:49.178+0500] {processor.py:829} INFO - Processing file /home/den/Projects/venv/lib/python3.10/site-packages/airflow/example_dags/example_branch_datetime_operator.py for tasks to queue
[2023-11-20T14:50:49.179+0500] {logging_mixin.py:154} INFO - [2023-11-20T14:50:49.179+0500] {dagbag.py:536} INFO - Filling up the DagBag from /home/den/Projects/venv/lib/python3.10/site-packages/airflow/example_dags/example_branch_datetime_operator.py
[2023-11-20T14:50:49.187+0500] {processor.py:839} INFO - DAG(s) dict_keys(['example_branch_datetime_operator_3', 'example_branch_datetime_operator', 'example_branch_datetime_operator_2']) retrieved from /home/den/Projects/venv/lib/python3.10/site-packages/airflow/example_dags/example_branch_datetime_operator.py
[2023-11-20T14:50:49.213+0500] {logging_mixin.py:154} INFO - [2023-11-20T14:50:49.213+0500] {dag.py:2941} INFO - Sync 3 DAGs
[2023-11-20T14:50:49.227+0500] {logging_mixin.py:154} INFO - [2023-11-20T14:50:49.227+0500] {dag.py:3722} INFO - Setting next_dagrun for example_branch_datetime_operator to 2023-11-19T00:00:00+00:00, run_after=2023-11-20T00:00:00+00:00
[2023-11-20T14:50:49.229+0500] {logging_mixin.py:154} INFO - [2023-11-20T14:50:49.229+0500] {dag.py:3722} INFO - Setting next_dagrun for example_branch_datetime_operator_2 to 2023-11-19T00:00:00+00:00, run_after=2023-11-20T00:00:00+00:00
[2023-11-20T14:50:49.231+0500] {logging_mixin.py:154} INFO - [2023-11-20T14:50:49.230+0500] {dag.py:3722} INFO - Setting next_dagrun for example_branch_datetime_operator_3 to 2023-11-19T00:00:00+00:00, run_after=2023-11-20T00:00:00+00:00
[2023-11-20T14:50:49.257+0500] {processor.py:179} INFO - Processing /home/den/Projects/venv/lib/python3.10/site-packages/airflow/example_dags/example_branch_datetime_operator.py took 0.084 seconds
[2023-11-20T14:51:36.742+0500] {processor.py:157} INFO - Started process (PID=6624) to work on /home/den/Projects/venv/lib/python3.10/site-packages/airflow/example_dags/example_branch_datetime_operator.py
[2023-11-20T14:51:36.743+0500] {processor.py:829} INFO - Processing file /home/den/Projects/venv/lib/python3.10/site-packages/airflow/example_dags/example_branch_datetime_operator.py for tasks to queue
[2023-11-20T14:51:36.744+0500] {logging_mixin.py:154} INFO - [2023-11-20T14:51:36.744+0500] {dagbag.py:536} INFO - Filling up the DagBag from /home/den/Projects/venv/lib/python3.10/site-packages/airflow/example_dags/example_branch_datetime_operator.py
[2023-11-20T14:51:36.751+0500] {processor.py:839} INFO - DAG(s) dict_keys(['example_branch_datetime_operator', 'example_branch_datetime_operator_2', 'example_branch_datetime_operator_3']) retrieved from /home/den/Projects/venv/lib/python3.10/site-packages/airflow/example_dags/example_branch_datetime_operator.py
[2023-11-20T14:51:36.767+0500] {logging_mixin.py:154} INFO - [2023-11-20T14:51:36.767+0500] {dag.py:2941} INFO - Sync 3 DAGs
[2023-11-20T14:51:36.781+0500] {logging_mixin.py:154} INFO - [2023-11-20T14:51:36.781+0500] {dag.py:3722} INFO - Setting next_dagrun for example_branch_datetime_operator to 2023-11-19T00:00:00+00:00, run_after=2023-11-20T00:00:00+00:00
[2023-11-20T14:51:36.784+0500] {logging_mixin.py:154} INFO - [2023-11-20T14:51:36.784+0500] {dag.py:3722} INFO - Setting next_dagrun for example_branch_datetime_operator_2 to 2023-11-19T00:00:00+00:00, run_after=2023-11-20T00:00:00+00:00
[2023-11-20T14:51:36.785+0500] {logging_mixin.py:154} INFO - [2023-11-20T14:51:36.785+0500] {dag.py:3722} INFO - Setting next_dagrun for example_branch_datetime_operator_3 to 2023-11-19T00:00:00+00:00, run_after=2023-11-20T00:00:00+00:00
[2023-11-20T14:51:36.807+0500] {processor.py:179} INFO - Processing /home/den/Projects/venv/lib/python3.10/site-packages/airflow/example_dags/example_branch_datetime_operator.py took 0.067 seconds
[2023-11-20T14:52:31.047+0500] {processor.py:157} INFO - Started process (PID=6777) to work on /home/den/Projects/venv/lib/python3.10/site-packages/airflow/example_dags/example_branch_datetime_operator.py
[2023-11-20T14:52:31.048+0500] {processor.py:829} INFO - Processing file /home/den/Projects/venv/lib/python3.10/site-packages/airflow/example_dags/example_branch_datetime_operator.py for tasks to queue
[2023-11-20T14:52:31.050+0500] {logging_mixin.py:154} INFO - [2023-11-20T14:52:31.049+0500] {dagbag.py:536} INFO - Filling up the DagBag from /home/den/Projects/venv/lib/python3.10/site-packages/airflow/example_dags/example_branch_datetime_operator.py
[2023-11-20T14:52:31.071+0500] {processor.py:839} INFO - DAG(s) dict_keys(['example_branch_datetime_operator_3', 'example_branch_datetime_operator_2', 'example_branch_datetime_operator']) retrieved from /home/den/Projects/venv/lib/python3.10/site-packages/airflow/example_dags/example_branch_datetime_operator.py
[2023-11-20T14:52:31.128+0500] {logging_mixin.py:154} INFO - [2023-11-20T14:52:31.128+0500] {dag.py:2941} INFO - Sync 3 DAGs
[2023-11-20T14:52:31.150+0500] {logging_mixin.py:154} INFO - [2023-11-20T14:52:31.150+0500] {dag.py:3722} INFO - Setting next_dagrun for example_branch_datetime_operator to 2023-11-19T00:00:00+00:00, run_after=2023-11-20T00:00:00+00:00
[2023-11-20T14:52:31.153+0500] {logging_mixin.py:154} INFO - [2023-11-20T14:52:31.153+0500] {dag.py:3722} INFO - Setting next_dagrun for example_branch_datetime_operator_2 to 2023-11-19T00:00:00+00:00, run_after=2023-11-20T00:00:00+00:00
[2023-11-20T14:52:31.155+0500] {logging_mixin.py:154} INFO - [2023-11-20T14:52:31.155+0500] {dag.py:3722} INFO - Setting next_dagrun for example_branch_datetime_operator_3 to 2023-11-19T00:00:00+00:00, run_after=2023-11-20T00:00:00+00:00
[2023-11-20T14:52:31.204+0500] {processor.py:179} INFO - Processing /home/den/Projects/venv/lib/python3.10/site-packages/airflow/example_dags/example_branch_datetime_operator.py took 0.164 seconds
[2023-11-20T14:53:18.324+0500] {processor.py:157} INFO - Started process (PID=7376) to work on /home/den/Projects/venv/lib/python3.10/site-packages/airflow/example_dags/example_branch_datetime_operator.py
[2023-11-20T14:53:18.325+0500] {processor.py:829} INFO - Processing file /home/den/Projects/venv/lib/python3.10/site-packages/airflow/example_dags/example_branch_datetime_operator.py for tasks to queue
[2023-11-20T14:53:18.326+0500] {logging_mixin.py:154} INFO - [2023-11-20T14:53:18.326+0500] {dagbag.py:536} INFO - Filling up the DagBag from /home/den/Projects/venv/lib/python3.10/site-packages/airflow/example_dags/example_branch_datetime_operator.py
[2023-11-20T14:53:18.362+0500] {processor.py:839} INFO - DAG(s) dict_keys(['example_branch_datetime_operator', 'example_branch_datetime_operator_2', 'example_branch_datetime_operator_3']) retrieved from /home/den/Projects/venv/lib/python3.10/site-packages/airflow/example_dags/example_branch_datetime_operator.py
[2023-11-20T14:53:18.383+0500] {logging_mixin.py:154} INFO - [2023-11-20T14:53:18.382+0500] {dag.py:2941} INFO - Sync 3 DAGs
[2023-11-20T14:53:18.408+0500] {logging_mixin.py:154} INFO - [2023-11-20T14:53:18.408+0500] {dag.py:3722} INFO - Setting next_dagrun for example_branch_datetime_operator to 2023-11-19T00:00:00+00:00, run_after=2023-11-20T00:00:00+00:00
[2023-11-20T14:53:18.411+0500] {logging_mixin.py:154} INFO - [2023-11-20T14:53:18.411+0500] {dag.py:3722} INFO - Setting next_dagrun for example_branch_datetime_operator_2 to 2023-11-19T00:00:00+00:00, run_after=2023-11-20T00:00:00+00:00
[2023-11-20T14:53:18.412+0500] {logging_mixin.py:154} INFO - [2023-11-20T14:53:18.412+0500] {dag.py:3722} INFO - Setting next_dagrun for example_branch_datetime_operator_3 to 2023-11-19T00:00:00+00:00, run_after=2023-11-20T00:00:00+00:00
[2023-11-20T14:53:18.429+0500] {processor.py:179} INFO - Processing /home/den/Projects/venv/lib/python3.10/site-packages/airflow/example_dags/example_branch_datetime_operator.py took 0.107 seconds
[2023-11-20T14:54:50.284+0500] {processor.py:157} INFO - Started process (PID=7498) to work on /home/den/Projects/venv/lib/python3.10/site-packages/airflow/example_dags/example_branch_datetime_operator.py
[2023-11-20T14:54:50.288+0500] {processor.py:829} INFO - Processing file /home/den/Projects/venv/lib/python3.10/site-packages/airflow/example_dags/example_branch_datetime_operator.py for tasks to queue
[2023-11-20T14:54:50.289+0500] {logging_mixin.py:154} INFO - [2023-11-20T14:54:50.289+0500] {dagbag.py:536} INFO - Filling up the DagBag from /home/den/Projects/venv/lib/python3.10/site-packages/airflow/example_dags/example_branch_datetime_operator.py
[2023-11-20T14:54:50.299+0500] {processor.py:839} INFO - DAG(s) dict_keys(['example_branch_datetime_operator_2', 'example_branch_datetime_operator', 'example_branch_datetime_operator_3']) retrieved from /home/den/Projects/venv/lib/python3.10/site-packages/airflow/example_dags/example_branch_datetime_operator.py
[2023-11-20T14:54:50.327+0500] {logging_mixin.py:154} INFO - [2023-11-20T14:54:50.327+0500] {dag.py:2941} INFO - Sync 3 DAGs
[2023-11-20T14:54:50.349+0500] {logging_mixin.py:154} INFO - [2023-11-20T14:54:50.349+0500] {dag.py:3722} INFO - Setting next_dagrun for example_branch_datetime_operator to 2023-11-19T00:00:00+00:00, run_after=2023-11-20T00:00:00+00:00
[2023-11-20T14:54:50.355+0500] {logging_mixin.py:154} INFO - [2023-11-20T14:54:50.355+0500] {dag.py:3722} INFO - Setting next_dagrun for example_branch_datetime_operator_2 to 2023-11-19T00:00:00+00:00, run_after=2023-11-20T00:00:00+00:00
[2023-11-20T14:54:50.359+0500] {logging_mixin.py:154} INFO - [2023-11-20T14:54:50.359+0500] {dag.py:3722} INFO - Setting next_dagrun for example_branch_datetime_operator_3 to 2023-11-19T00:00:00+00:00, run_after=2023-11-20T00:00:00+00:00
[2023-11-20T14:54:50.385+0500] {processor.py:179} INFO - Processing /home/den/Projects/venv/lib/python3.10/site-packages/airflow/example_dags/example_branch_datetime_operator.py took 0.103 seconds
[2023-11-20T14:57:34.079+0500] {processor.py:157} INFO - Started process (PID=7655) to work on /home/den/Projects/venv/lib/python3.10/site-packages/airflow/example_dags/example_branch_datetime_operator.py
[2023-11-20T14:57:34.080+0500] {processor.py:829} INFO - Processing file /home/den/Projects/venv/lib/python3.10/site-packages/airflow/example_dags/example_branch_datetime_operator.py for tasks to queue
[2023-11-20T14:57:34.081+0500] {logging_mixin.py:154} INFO - [2023-11-20T14:57:34.080+0500] {dagbag.py:536} INFO - Filling up the DagBag from /home/den/Projects/venv/lib/python3.10/site-packages/airflow/example_dags/example_branch_datetime_operator.py
[2023-11-20T14:57:34.090+0500] {processor.py:839} INFO - DAG(s) dict_keys(['example_branch_datetime_operator', 'example_branch_datetime_operator_2', 'example_branch_datetime_operator_3']) retrieved from /home/den/Projects/venv/lib/python3.10/site-packages/airflow/example_dags/example_branch_datetime_operator.py
[2023-11-20T14:57:34.108+0500] {logging_mixin.py:154} INFO - [2023-11-20T14:57:34.108+0500] {dag.py:2941} INFO - Sync 3 DAGs
[2023-11-20T14:57:34.123+0500] {logging_mixin.py:154} INFO - [2023-11-20T14:57:34.122+0500] {dag.py:3722} INFO - Setting next_dagrun for example_branch_datetime_operator to 2023-11-19T00:00:00+00:00, run_after=2023-11-20T00:00:00+00:00
[2023-11-20T14:57:34.125+0500] {logging_mixin.py:154} INFO - [2023-11-20T14:57:34.125+0500] {dag.py:3722} INFO - Setting next_dagrun for example_branch_datetime_operator_2 to 2023-11-19T00:00:00+00:00, run_after=2023-11-20T00:00:00+00:00
[2023-11-20T14:57:34.126+0500] {logging_mixin.py:154} INFO - [2023-11-20T14:57:34.126+0500] {dag.py:3722} INFO - Setting next_dagrun for example_branch_datetime_operator_3 to 2023-11-19T00:00:00+00:00, run_after=2023-11-20T00:00:00+00:00
[2023-11-20T14:57:34.142+0500] {processor.py:179} INFO - Processing /home/den/Projects/venv/lib/python3.10/site-packages/airflow/example_dags/example_branch_datetime_operator.py took 0.066 seconds
[2023-11-20T14:58:19.274+0500] {processor.py:157} INFO - Started process (PID=7760) to work on /home/den/Projects/venv/lib/python3.10/site-packages/airflow/example_dags/example_branch_datetime_operator.py
[2023-11-20T14:58:19.283+0500] {processor.py:829} INFO - Processing file /home/den/Projects/venv/lib/python3.10/site-packages/airflow/example_dags/example_branch_datetime_operator.py for tasks to queue
[2023-11-20T14:58:19.284+0500] {logging_mixin.py:154} INFO - [2023-11-20T14:58:19.283+0500] {dagbag.py:536} INFO - Filling up the DagBag from /home/den/Projects/venv/lib/python3.10/site-packages/airflow/example_dags/example_branch_datetime_operator.py
[2023-11-20T14:58:19.292+0500] {processor.py:839} INFO - DAG(s) dict_keys(['example_branch_datetime_operator_3', 'example_branch_datetime_operator', 'example_branch_datetime_operator_2']) retrieved from /home/den/Projects/venv/lib/python3.10/site-packages/airflow/example_dags/example_branch_datetime_operator.py
[2023-11-20T14:58:19.306+0500] {logging_mixin.py:154} INFO - [2023-11-20T14:58:19.306+0500] {dag.py:2941} INFO - Sync 3 DAGs
[2023-11-20T14:58:19.319+0500] {logging_mixin.py:154} INFO - [2023-11-20T14:58:19.319+0500] {dag.py:3722} INFO - Setting next_dagrun for example_branch_datetime_operator to 2023-11-19T00:00:00+00:00, run_after=2023-11-20T00:00:00+00:00
[2023-11-20T14:58:19.321+0500] {logging_mixin.py:154} INFO - [2023-11-20T14:58:19.321+0500] {dag.py:3722} INFO - Setting next_dagrun for example_branch_datetime_operator_2 to 2023-11-19T00:00:00+00:00, run_after=2023-11-20T00:00:00+00:00
[2023-11-20T14:58:19.322+0500] {logging_mixin.py:154} INFO - [2023-11-20T14:58:19.322+0500] {dag.py:3722} INFO - Setting next_dagrun for example_branch_datetime_operator_3 to 2023-11-19T00:00:00+00:00, run_after=2023-11-20T00:00:00+00:00
[2023-11-20T14:58:19.339+0500] {processor.py:179} INFO - Processing /home/den/Projects/venv/lib/python3.10/site-packages/airflow/example_dags/example_branch_datetime_operator.py took 0.067 seconds
[2023-11-20T14:59:07.939+0500] {processor.py:157} INFO - Started process (PID=7822) to work on /home/den/Projects/venv/lib/python3.10/site-packages/airflow/example_dags/example_branch_datetime_operator.py
[2023-11-20T14:59:07.949+0500] {processor.py:829} INFO - Processing file /home/den/Projects/venv/lib/python3.10/site-packages/airflow/example_dags/example_branch_datetime_operator.py for tasks to queue
[2023-11-20T14:59:07.952+0500] {logging_mixin.py:154} INFO - [2023-11-20T14:59:07.951+0500] {dagbag.py:536} INFO - Filling up the DagBag from /home/den/Projects/venv/lib/python3.10/site-packages/airflow/example_dags/example_branch_datetime_operator.py
[2023-11-20T14:59:07.965+0500] {processor.py:839} INFO - DAG(s) dict_keys(['example_branch_datetime_operator', 'example_branch_datetime_operator_2', 'example_branch_datetime_operator_3']) retrieved from /home/den/Projects/venv/lib/python3.10/site-packages/airflow/example_dags/example_branch_datetime_operator.py
[2023-11-20T14:59:07.980+0500] {logging_mixin.py:154} INFO - [2023-11-20T14:59:07.980+0500] {dag.py:2941} INFO - Sync 3 DAGs
[2023-11-20T14:59:07.994+0500] {logging_mixin.py:154} INFO - [2023-11-20T14:59:07.994+0500] {dag.py:3722} INFO - Setting next_dagrun for example_branch_datetime_operator to 2023-11-19T00:00:00+00:00, run_after=2023-11-20T00:00:00+00:00
[2023-11-20T14:59:07.996+0500] {logging_mixin.py:154} INFO - [2023-11-20T14:59:07.996+0500] {dag.py:3722} INFO - Setting next_dagrun for example_branch_datetime_operator_2 to 2023-11-19T00:00:00+00:00, run_after=2023-11-20T00:00:00+00:00
[2023-11-20T14:59:07.998+0500] {logging_mixin.py:154} INFO - [2023-11-20T14:59:07.998+0500] {dag.py:3722} INFO - Setting next_dagrun for example_branch_datetime_operator_3 to 2023-11-19T00:00:00+00:00, run_after=2023-11-20T00:00:00+00:00
[2023-11-20T14:59:08.022+0500] {processor.py:179} INFO - Processing /home/den/Projects/venv/lib/python3.10/site-packages/airflow/example_dags/example_branch_datetime_operator.py took 0.085 seconds
[2023-11-20T14:59:56.328+0500] {processor.py:157} INFO - Started process (PID=7918) to work on /home/den/Projects/venv/lib/python3.10/site-packages/airflow/example_dags/example_branch_datetime_operator.py
[2023-11-20T14:59:56.330+0500] {processor.py:829} INFO - Processing file /home/den/Projects/venv/lib/python3.10/site-packages/airflow/example_dags/example_branch_datetime_operator.py for tasks to queue
[2023-11-20T14:59:56.331+0500] {logging_mixin.py:154} INFO - [2023-11-20T14:59:56.330+0500] {dagbag.py:536} INFO - Filling up the DagBag from /home/den/Projects/venv/lib/python3.10/site-packages/airflow/example_dags/example_branch_datetime_operator.py
[2023-11-20T14:59:56.340+0500] {processor.py:839} INFO - DAG(s) dict_keys(['example_branch_datetime_operator_2', 'example_branch_datetime_operator', 'example_branch_datetime_operator_3']) retrieved from /home/den/Projects/venv/lib/python3.10/site-packages/airflow/example_dags/example_branch_datetime_operator.py
[2023-11-20T14:59:56.356+0500] {logging_mixin.py:154} INFO - [2023-11-20T14:59:56.356+0500] {dag.py:2941} INFO - Sync 3 DAGs
[2023-11-20T14:59:56.370+0500] {logging_mixin.py:154} INFO - [2023-11-20T14:59:56.370+0500] {dag.py:3722} INFO - Setting next_dagrun for example_branch_datetime_operator to 2023-11-19T00:00:00+00:00, run_after=2023-11-20T00:00:00+00:00
[2023-11-20T14:59:56.373+0500] {logging_mixin.py:154} INFO - [2023-11-20T14:59:56.373+0500] {dag.py:3722} INFO - Setting next_dagrun for example_branch_datetime_operator_2 to 2023-11-19T00:00:00+00:00, run_after=2023-11-20T00:00:00+00:00
[2023-11-20T14:59:56.374+0500] {logging_mixin.py:154} INFO - [2023-11-20T14:59:56.374+0500] {dag.py:3722} INFO - Setting next_dagrun for example_branch_datetime_operator_3 to 2023-11-19T00:00:00+00:00, run_after=2023-11-20T00:00:00+00:00
[2023-11-20T14:59:56.422+0500] {processor.py:179} INFO - Processing /home/den/Projects/venv/lib/python3.10/site-packages/airflow/example_dags/example_branch_datetime_operator.py took 0.102 seconds
[2023-11-20T15:00:43.421+0500] {processor.py:157} INFO - Started process (PID=7977) to work on /home/den/Projects/venv/lib/python3.10/site-packages/airflow/example_dags/example_branch_datetime_operator.py
[2023-11-20T15:00:43.422+0500] {processor.py:829} INFO - Processing file /home/den/Projects/venv/lib/python3.10/site-packages/airflow/example_dags/example_branch_datetime_operator.py for tasks to queue
[2023-11-20T15:00:43.423+0500] {logging_mixin.py:154} INFO - [2023-11-20T15:00:43.423+0500] {dagbag.py:536} INFO - Filling up the DagBag from /home/den/Projects/venv/lib/python3.10/site-packages/airflow/example_dags/example_branch_datetime_operator.py
[2023-11-20T15:00:43.430+0500] {processor.py:839} INFO - DAG(s) dict_keys(['example_branch_datetime_operator', 'example_branch_datetime_operator_2', 'example_branch_datetime_operator_3']) retrieved from /home/den/Projects/venv/lib/python3.10/site-packages/airflow/example_dags/example_branch_datetime_operator.py
[2023-11-20T15:00:43.445+0500] {logging_mixin.py:154} INFO - [2023-11-20T15:00:43.445+0500] {dag.py:2941} INFO - Sync 3 DAGs
[2023-11-20T15:00:43.458+0500] {logging_mixin.py:154} INFO - [2023-11-20T15:00:43.458+0500] {dag.py:3722} INFO - Setting next_dagrun for example_branch_datetime_operator to 2023-11-19T00:00:00+00:00, run_after=2023-11-20T00:00:00+00:00
[2023-11-20T15:00:43.461+0500] {logging_mixin.py:154} INFO - [2023-11-20T15:00:43.461+0500] {dag.py:3722} INFO - Setting next_dagrun for example_branch_datetime_operator_2 to 2023-11-19T00:00:00+00:00, run_after=2023-11-20T00:00:00+00:00
[2023-11-20T15:00:43.463+0500] {logging_mixin.py:154} INFO - [2023-11-20T15:00:43.463+0500] {dag.py:3722} INFO - Setting next_dagrun for example_branch_datetime_operator_3 to 2023-11-19T00:00:00+00:00, run_after=2023-11-20T00:00:00+00:00
[2023-11-20T15:00:43.478+0500] {processor.py:179} INFO - Processing /home/den/Projects/venv/lib/python3.10/site-packages/airflow/example_dags/example_branch_datetime_operator.py took 0.060 seconds
[2023-11-20T15:01:34.615+0500] {processor.py:157} INFO - Started process (PID=8059) to work on /home/den/Projects/venv/lib/python3.10/site-packages/airflow/example_dags/example_branch_datetime_operator.py
[2023-11-20T15:01:34.620+0500] {processor.py:829} INFO - Processing file /home/den/Projects/venv/lib/python3.10/site-packages/airflow/example_dags/example_branch_datetime_operator.py for tasks to queue
[2023-11-20T15:01:34.623+0500] {logging_mixin.py:154} INFO - [2023-11-20T15:01:34.621+0500] {dagbag.py:536} INFO - Filling up the DagBag from /home/den/Projects/venv/lib/python3.10/site-packages/airflow/example_dags/example_branch_datetime_operator.py
[2023-11-20T15:01:34.655+0500] {processor.py:839} INFO - DAG(s) dict_keys(['example_branch_datetime_operator_2', 'example_branch_datetime_operator_3', 'example_branch_datetime_operator']) retrieved from /home/den/Projects/venv/lib/python3.10/site-packages/airflow/example_dags/example_branch_datetime_operator.py
[2023-11-20T15:01:34.705+0500] {logging_mixin.py:154} INFO - [2023-11-20T15:01:34.705+0500] {dag.py:2941} INFO - Sync 3 DAGs
[2023-11-20T15:01:34.747+0500] {logging_mixin.py:154} INFO - [2023-11-20T15:01:34.746+0500] {dag.py:3722} INFO - Setting next_dagrun for example_branch_datetime_operator to 2023-11-19T00:00:00+00:00, run_after=2023-11-20T00:00:00+00:00
[2023-11-20T15:01:34.756+0500] {logging_mixin.py:154} INFO - [2023-11-20T15:01:34.756+0500] {dag.py:3722} INFO - Setting next_dagrun for example_branch_datetime_operator_2 to 2023-11-19T00:00:00+00:00, run_after=2023-11-20T00:00:00+00:00
[2023-11-20T15:01:34.759+0500] {logging_mixin.py:154} INFO - [2023-11-20T15:01:34.759+0500] {dag.py:3722} INFO - Setting next_dagrun for example_branch_datetime_operator_3 to 2023-11-19T00:00:00+00:00, run_after=2023-11-20T00:00:00+00:00
[2023-11-20T15:01:34.796+0500] {processor.py:179} INFO - Processing /home/den/Projects/venv/lib/python3.10/site-packages/airflow/example_dags/example_branch_datetime_operator.py took 0.195 seconds
[2023-11-20T15:03:23.230+0500] {processor.py:157} INFO - Started process (PID=8259) to work on /home/den/Projects/venv/lib/python3.10/site-packages/airflow/example_dags/example_branch_datetime_operator.py
[2023-11-20T15:03:23.233+0500] {processor.py:829} INFO - Processing file /home/den/Projects/venv/lib/python3.10/site-packages/airflow/example_dags/example_branch_datetime_operator.py for tasks to queue
[2023-11-20T15:03:23.241+0500] {logging_mixin.py:154} INFO - [2023-11-20T15:03:23.240+0500] {dagbag.py:536} INFO - Filling up the DagBag from /home/den/Projects/venv/lib/python3.10/site-packages/airflow/example_dags/example_branch_datetime_operator.py
[2023-11-20T15:03:23.256+0500] {processor.py:839} INFO - DAG(s) dict_keys(['example_branch_datetime_operator_3', 'example_branch_datetime_operator', 'example_branch_datetime_operator_2']) retrieved from /home/den/Projects/venv/lib/python3.10/site-packages/airflow/example_dags/example_branch_datetime_operator.py
[2023-11-20T15:03:23.281+0500] {logging_mixin.py:154} INFO - [2023-11-20T15:03:23.281+0500] {dag.py:2941} INFO - Sync 3 DAGs
[2023-11-20T15:03:23.296+0500] {logging_mixin.py:154} INFO - [2023-11-20T15:03:23.296+0500] {dag.py:3722} INFO - Setting next_dagrun for example_branch_datetime_operator to 2023-11-19T00:00:00+00:00, run_after=2023-11-20T00:00:00+00:00
[2023-11-20T15:03:23.299+0500] {logging_mixin.py:154} INFO - [2023-11-20T15:03:23.299+0500] {dag.py:3722} INFO - Setting next_dagrun for example_branch_datetime_operator_2 to 2023-11-19T00:00:00+00:00, run_after=2023-11-20T00:00:00+00:00
[2023-11-20T15:03:23.300+0500] {logging_mixin.py:154} INFO - [2023-11-20T15:03:23.300+0500] {dag.py:3722} INFO - Setting next_dagrun for example_branch_datetime_operator_3 to 2023-11-19T00:00:00+00:00, run_after=2023-11-20T00:00:00+00:00
[2023-11-20T15:03:23.338+0500] {processor.py:179} INFO - Processing /home/den/Projects/venv/lib/python3.10/site-packages/airflow/example_dags/example_branch_datetime_operator.py took 0.114 seconds
[2023-11-20T15:04:12.006+0500] {processor.py:157} INFO - Started process (PID=8345) to work on /home/den/Projects/venv/lib/python3.10/site-packages/airflow/example_dags/example_branch_datetime_operator.py
[2023-11-20T15:04:12.013+0500] {processor.py:829} INFO - Processing file /home/den/Projects/venv/lib/python3.10/site-packages/airflow/example_dags/example_branch_datetime_operator.py for tasks to queue
[2023-11-20T15:04:12.016+0500] {logging_mixin.py:154} INFO - [2023-11-20T15:04:12.015+0500] {dagbag.py:536} INFO - Filling up the DagBag from /home/den/Projects/venv/lib/python3.10/site-packages/airflow/example_dags/example_branch_datetime_operator.py
[2023-11-20T15:04:12.045+0500] {processor.py:839} INFO - DAG(s) dict_keys(['example_branch_datetime_operator_2', 'example_branch_datetime_operator', 'example_branch_datetime_operator_3']) retrieved from /home/den/Projects/venv/lib/python3.10/site-packages/airflow/example_dags/example_branch_datetime_operator.py
[2023-11-20T15:04:12.064+0500] {logging_mixin.py:154} INFO - [2023-11-20T15:04:12.064+0500] {dag.py:2941} INFO - Sync 3 DAGs
[2023-11-20T15:04:12.079+0500] {logging_mixin.py:154} INFO - [2023-11-20T15:04:12.079+0500] {dag.py:3722} INFO - Setting next_dagrun for example_branch_datetime_operator to 2023-11-19T00:00:00+00:00, run_after=2023-11-20T00:00:00+00:00
[2023-11-20T15:04:12.082+0500] {logging_mixin.py:154} INFO - [2023-11-20T15:04:12.082+0500] {dag.py:3722} INFO - Setting next_dagrun for example_branch_datetime_operator_2 to 2023-11-19T00:00:00+00:00, run_after=2023-11-20T00:00:00+00:00
[2023-11-20T15:04:12.083+0500] {logging_mixin.py:154} INFO - [2023-11-20T15:04:12.083+0500] {dag.py:3722} INFO - Setting next_dagrun for example_branch_datetime_operator_3 to 2023-11-19T00:00:00+00:00, run_after=2023-11-20T00:00:00+00:00
[2023-11-20T15:04:12.120+0500] {processor.py:179} INFO - Processing /home/den/Projects/venv/lib/python3.10/site-packages/airflow/example_dags/example_branch_datetime_operator.py took 0.117 seconds
[2023-11-20T15:05:08.026+0500] {processor.py:157} INFO - Started process (PID=8422) to work on /home/den/Projects/venv/lib/python3.10/site-packages/airflow/example_dags/example_branch_datetime_operator.py
[2023-11-20T15:05:08.035+0500] {processor.py:829} INFO - Processing file /home/den/Projects/venv/lib/python3.10/site-packages/airflow/example_dags/example_branch_datetime_operator.py for tasks to queue
[2023-11-20T15:05:08.036+0500] {logging_mixin.py:154} INFO - [2023-11-20T15:05:08.036+0500] {dagbag.py:536} INFO - Filling up the DagBag from /home/den/Projects/venv/lib/python3.10/site-packages/airflow/example_dags/example_branch_datetime_operator.py
[2023-11-20T15:05:08.049+0500] {processor.py:839} INFO - DAG(s) dict_keys(['example_branch_datetime_operator_2', 'example_branch_datetime_operator_3', 'example_branch_datetime_operator']) retrieved from /home/den/Projects/venv/lib/python3.10/site-packages/airflow/example_dags/example_branch_datetime_operator.py
[2023-11-20T15:05:08.073+0500] {logging_mixin.py:154} INFO - [2023-11-20T15:05:08.073+0500] {dag.py:2941} INFO - Sync 3 DAGs
[2023-11-20T15:05:08.093+0500] {logging_mixin.py:154} INFO - [2023-11-20T15:05:08.093+0500] {dag.py:3722} INFO - Setting next_dagrun for example_branch_datetime_operator to 2023-11-19T00:00:00+00:00, run_after=2023-11-20T00:00:00+00:00
[2023-11-20T15:05:08.102+0500] {logging_mixin.py:154} INFO - [2023-11-20T15:05:08.101+0500] {dag.py:3722} INFO - Setting next_dagrun for example_branch_datetime_operator_2 to 2023-11-19T00:00:00+00:00, run_after=2023-11-20T00:00:00+00:00
[2023-11-20T15:05:08.104+0500] {logging_mixin.py:154} INFO - [2023-11-20T15:05:08.103+0500] {dag.py:3722} INFO - Setting next_dagrun for example_branch_datetime_operator_3 to 2023-11-19T00:00:00+00:00, run_after=2023-11-20T00:00:00+00:00
[2023-11-20T15:05:08.132+0500] {processor.py:179} INFO - Processing /home/den/Projects/venv/lib/python3.10/site-packages/airflow/example_dags/example_branch_datetime_operator.py took 0.115 seconds
[2023-11-20T15:06:04.918+0500] {processor.py:157} INFO - Started process (PID=8522) to work on /home/den/Projects/venv/lib/python3.10/site-packages/airflow/example_dags/example_branch_datetime_operator.py
[2023-11-20T15:06:04.921+0500] {processor.py:829} INFO - Processing file /home/den/Projects/venv/lib/python3.10/site-packages/airflow/example_dags/example_branch_datetime_operator.py for tasks to queue
[2023-11-20T15:06:04.923+0500] {logging_mixin.py:154} INFO - [2023-11-20T15:06:04.922+0500] {dagbag.py:536} INFO - Filling up the DagBag from /home/den/Projects/venv/lib/python3.10/site-packages/airflow/example_dags/example_branch_datetime_operator.py
[2023-11-20T15:06:04.934+0500] {processor.py:839} INFO - DAG(s) dict_keys(['example_branch_datetime_operator_3', 'example_branch_datetime_operator_2', 'example_branch_datetime_operator']) retrieved from /home/den/Projects/venv/lib/python3.10/site-packages/airflow/example_dags/example_branch_datetime_operator.py
[2023-11-20T15:06:04.968+0500] {logging_mixin.py:154} INFO - [2023-11-20T15:06:04.968+0500] {dag.py:2941} INFO - Sync 3 DAGs
[2023-11-20T15:06:04.985+0500] {logging_mixin.py:154} INFO - [2023-11-20T15:06:04.985+0500] {dag.py:3722} INFO - Setting next_dagrun for example_branch_datetime_operator to 2023-11-19T00:00:00+00:00, run_after=2023-11-20T00:00:00+00:00
[2023-11-20T15:06:04.988+0500] {logging_mixin.py:154} INFO - [2023-11-20T15:06:04.988+0500] {dag.py:3722} INFO - Setting next_dagrun for example_branch_datetime_operator_2 to 2023-11-19T00:00:00+00:00, run_after=2023-11-20T00:00:00+00:00
[2023-11-20T15:06:04.989+0500] {logging_mixin.py:154} INFO - [2023-11-20T15:06:04.989+0500] {dag.py:3722} INFO - Setting next_dagrun for example_branch_datetime_operator_3 to 2023-11-19T00:00:00+00:00, run_after=2023-11-20T00:00:00+00:00
[2023-11-20T15:06:05.039+0500] {processor.py:179} INFO - Processing /home/den/Projects/venv/lib/python3.10/site-packages/airflow/example_dags/example_branch_datetime_operator.py took 0.126 seconds
[2023-11-20T15:07:01.466+0500] {processor.py:157} INFO - Started process (PID=8603) to work on /home/den/Projects/venv/lib/python3.10/site-packages/airflow/example_dags/example_branch_datetime_operator.py
[2023-11-20T15:07:01.479+0500] {processor.py:829} INFO - Processing file /home/den/Projects/venv/lib/python3.10/site-packages/airflow/example_dags/example_branch_datetime_operator.py for tasks to queue
[2023-11-20T15:07:01.481+0500] {logging_mixin.py:154} INFO - [2023-11-20T15:07:01.480+0500] {dagbag.py:536} INFO - Filling up the DagBag from /home/den/Projects/venv/lib/python3.10/site-packages/airflow/example_dags/example_branch_datetime_operator.py
[2023-11-20T15:07:01.491+0500] {processor.py:839} INFO - DAG(s) dict_keys(['example_branch_datetime_operator_2', 'example_branch_datetime_operator_3', 'example_branch_datetime_operator']) retrieved from /home/den/Projects/venv/lib/python3.10/site-packages/airflow/example_dags/example_branch_datetime_operator.py
[2023-11-20T15:07:01.508+0500] {logging_mixin.py:154} INFO - [2023-11-20T15:07:01.508+0500] {dag.py:2941} INFO - Sync 3 DAGs
[2023-11-20T15:07:01.523+0500] {logging_mixin.py:154} INFO - [2023-11-20T15:07:01.523+0500] {dag.py:3722} INFO - Setting next_dagrun for example_branch_datetime_operator to 2023-11-19T00:00:00+00:00, run_after=2023-11-20T00:00:00+00:00
[2023-11-20T15:07:01.526+0500] {logging_mixin.py:154} INFO - [2023-11-20T15:07:01.525+0500] {dag.py:3722} INFO - Setting next_dagrun for example_branch_datetime_operator_2 to 2023-11-19T00:00:00+00:00, run_after=2023-11-20T00:00:00+00:00
[2023-11-20T15:07:01.527+0500] {logging_mixin.py:154} INFO - [2023-11-20T15:07:01.527+0500] {dag.py:3722} INFO - Setting next_dagrun for example_branch_datetime_operator_3 to 2023-11-19T00:00:00+00:00, run_after=2023-11-20T00:00:00+00:00
[2023-11-20T15:07:01.550+0500] {processor.py:179} INFO - Processing /home/den/Projects/venv/lib/python3.10/site-packages/airflow/example_dags/example_branch_datetime_operator.py took 0.086 seconds
[2023-11-20T15:07:44.640+0500] {processor.py:157} INFO - Started process (PID=8663) to work on /home/den/Projects/venv/lib/python3.10/site-packages/airflow/example_dags/example_branch_datetime_operator.py
[2023-11-20T15:07:44.642+0500] {processor.py:829} INFO - Processing file /home/den/Projects/venv/lib/python3.10/site-packages/airflow/example_dags/example_branch_datetime_operator.py for tasks to queue
[2023-11-20T15:07:44.653+0500] {logging_mixin.py:154} INFO - [2023-11-20T15:07:44.652+0500] {dagbag.py:536} INFO - Filling up the DagBag from /home/den/Projects/venv/lib/python3.10/site-packages/airflow/example_dags/example_branch_datetime_operator.py
[2023-11-20T15:07:44.663+0500] {processor.py:839} INFO - DAG(s) dict_keys(['example_branch_datetime_operator_3', 'example_branch_datetime_operator', 'example_branch_datetime_operator_2']) retrieved from /home/den/Projects/venv/lib/python3.10/site-packages/airflow/example_dags/example_branch_datetime_operator.py
[2023-11-20T15:07:44.703+0500] {logging_mixin.py:154} INFO - [2023-11-20T15:07:44.703+0500] {dag.py:2941} INFO - Sync 3 DAGs
[2023-11-20T15:07:44.729+0500] {logging_mixin.py:154} INFO - [2023-11-20T15:07:44.729+0500] {dag.py:3722} INFO - Setting next_dagrun for example_branch_datetime_operator to 2023-11-19T00:00:00+00:00, run_after=2023-11-20T00:00:00+00:00
[2023-11-20T15:07:44.733+0500] {logging_mixin.py:154} INFO - [2023-11-20T15:07:44.733+0500] {dag.py:3722} INFO - Setting next_dagrun for example_branch_datetime_operator_2 to 2023-11-19T00:00:00+00:00, run_after=2023-11-20T00:00:00+00:00
[2023-11-20T15:07:44.735+0500] {logging_mixin.py:154} INFO - [2023-11-20T15:07:44.735+0500] {dag.py:3722} INFO - Setting next_dagrun for example_branch_datetime_operator_3 to 2023-11-19T00:00:00+00:00, run_after=2023-11-20T00:00:00+00:00
[2023-11-20T15:07:44.770+0500] {processor.py:179} INFO - Processing /home/den/Projects/venv/lib/python3.10/site-packages/airflow/example_dags/example_branch_datetime_operator.py took 0.135 seconds
[2023-11-20T15:08:31.638+0500] {processor.py:157} INFO - Started process (PID=8760) to work on /home/den/Projects/venv/lib/python3.10/site-packages/airflow/example_dags/example_branch_datetime_operator.py
[2023-11-20T15:08:31.639+0500] {processor.py:829} INFO - Processing file /home/den/Projects/venv/lib/python3.10/site-packages/airflow/example_dags/example_branch_datetime_operator.py for tasks to queue
[2023-11-20T15:08:31.640+0500] {logging_mixin.py:154} INFO - [2023-11-20T15:08:31.640+0500] {dagbag.py:536} INFO - Filling up the DagBag from /home/den/Projects/venv/lib/python3.10/site-packages/airflow/example_dags/example_branch_datetime_operator.py
[2023-11-20T15:08:31.652+0500] {processor.py:839} INFO - DAG(s) dict_keys(['example_branch_datetime_operator', 'example_branch_datetime_operator_2', 'example_branch_datetime_operator_3']) retrieved from /home/den/Projects/venv/lib/python3.10/site-packages/airflow/example_dags/example_branch_datetime_operator.py
[2023-11-20T15:08:31.680+0500] {logging_mixin.py:154} INFO - [2023-11-20T15:08:31.680+0500] {dag.py:2941} INFO - Sync 3 DAGs
[2023-11-20T15:08:31.695+0500] {logging_mixin.py:154} INFO - [2023-11-20T15:08:31.695+0500] {dag.py:3722} INFO - Setting next_dagrun for example_branch_datetime_operator to 2023-11-19T00:00:00+00:00, run_after=2023-11-20T00:00:00+00:00
[2023-11-20T15:08:31.698+0500] {logging_mixin.py:154} INFO - [2023-11-20T15:08:31.698+0500] {dag.py:3722} INFO - Setting next_dagrun for example_branch_datetime_operator_2 to 2023-11-19T00:00:00+00:00, run_after=2023-11-20T00:00:00+00:00
[2023-11-20T15:08:31.699+0500] {logging_mixin.py:154} INFO - [2023-11-20T15:08:31.699+0500] {dag.py:3722} INFO - Setting next_dagrun for example_branch_datetime_operator_3 to 2023-11-19T00:00:00+00:00, run_after=2023-11-20T00:00:00+00:00
[2023-11-20T15:08:31.741+0500] {processor.py:179} INFO - Processing /home/den/Projects/venv/lib/python3.10/site-packages/airflow/example_dags/example_branch_datetime_operator.py took 0.106 seconds
[2023-11-20T15:09:13.391+0500] {processor.py:157} INFO - Started process (PID=8815) to work on /home/den/Projects/venv/lib/python3.10/site-packages/airflow/example_dags/example_branch_datetime_operator.py
[2023-11-20T15:09:13.394+0500] {processor.py:829} INFO - Processing file /home/den/Projects/venv/lib/python3.10/site-packages/airflow/example_dags/example_branch_datetime_operator.py for tasks to queue
[2023-11-20T15:09:13.395+0500] {logging_mixin.py:154} INFO - [2023-11-20T15:09:13.395+0500] {dagbag.py:536} INFO - Filling up the DagBag from /home/den/Projects/venv/lib/python3.10/site-packages/airflow/example_dags/example_branch_datetime_operator.py
[2023-11-20T15:09:13.410+0500] {processor.py:839} INFO - DAG(s) dict_keys(['example_branch_datetime_operator', 'example_branch_datetime_operator_3', 'example_branch_datetime_operator_2']) retrieved from /home/den/Projects/venv/lib/python3.10/site-packages/airflow/example_dags/example_branch_datetime_operator.py
[2023-11-20T15:09:13.445+0500] {logging_mixin.py:154} INFO - [2023-11-20T15:09:13.445+0500] {dag.py:2941} INFO - Sync 3 DAGs
[2023-11-20T15:09:13.472+0500] {logging_mixin.py:154} INFO - [2023-11-20T15:09:13.472+0500] {dag.py:3722} INFO - Setting next_dagrun for example_branch_datetime_operator to 2023-11-19T00:00:00+00:00, run_after=2023-11-20T00:00:00+00:00
[2023-11-20T15:09:13.475+0500] {logging_mixin.py:154} INFO - [2023-11-20T15:09:13.475+0500] {dag.py:3722} INFO - Setting next_dagrun for example_branch_datetime_operator_2 to 2023-11-19T00:00:00+00:00, run_after=2023-11-20T00:00:00+00:00
[2023-11-20T15:09:13.477+0500] {logging_mixin.py:154} INFO - [2023-11-20T15:09:13.477+0500] {dag.py:3722} INFO - Setting next_dagrun for example_branch_datetime_operator_3 to 2023-11-19T00:00:00+00:00, run_after=2023-11-20T00:00:00+00:00
[2023-11-20T15:09:13.526+0500] {processor.py:179} INFO - Processing /home/den/Projects/venv/lib/python3.10/site-packages/airflow/example_dags/example_branch_datetime_operator.py took 0.139 seconds
[2023-11-20T15:10:14.858+0500] {processor.py:157} INFO - Started process (PID=8918) to work on /home/den/Projects/venv/lib/python3.10/site-packages/airflow/example_dags/example_branch_datetime_operator.py
[2023-11-20T15:10:14.869+0500] {processor.py:829} INFO - Processing file /home/den/Projects/venv/lib/python3.10/site-packages/airflow/example_dags/example_branch_datetime_operator.py for tasks to queue
[2023-11-20T15:10:14.873+0500] {logging_mixin.py:154} INFO - [2023-11-20T15:10:14.869+0500] {dagbag.py:536} INFO - Filling up the DagBag from /home/den/Projects/venv/lib/python3.10/site-packages/airflow/example_dags/example_branch_datetime_operator.py
[2023-11-20T15:10:14.888+0500] {processor.py:839} INFO - DAG(s) dict_keys(['example_branch_datetime_operator_2', 'example_branch_datetime_operator', 'example_branch_datetime_operator_3']) retrieved from /home/den/Projects/venv/lib/python3.10/site-packages/airflow/example_dags/example_branch_datetime_operator.py
[2023-11-20T15:10:14.921+0500] {logging_mixin.py:154} INFO - [2023-11-20T15:10:14.920+0500] {dag.py:2941} INFO - Sync 3 DAGs
[2023-11-20T15:10:14.951+0500] {logging_mixin.py:154} INFO - [2023-11-20T15:10:14.951+0500] {dag.py:3722} INFO - Setting next_dagrun for example_branch_datetime_operator to 2023-11-19T00:00:00+00:00, run_after=2023-11-20T00:00:00+00:00
[2023-11-20T15:10:14.957+0500] {logging_mixin.py:154} INFO - [2023-11-20T15:10:14.957+0500] {dag.py:3722} INFO - Setting next_dagrun for example_branch_datetime_operator_2 to 2023-11-19T00:00:00+00:00, run_after=2023-11-20T00:00:00+00:00
[2023-11-20T15:10:14.959+0500] {logging_mixin.py:154} INFO - [2023-11-20T15:10:14.959+0500] {dag.py:3722} INFO - Setting next_dagrun for example_branch_datetime_operator_3 to 2023-11-19T00:00:00+00:00, run_after=2023-11-20T00:00:00+00:00
[2023-11-20T15:10:14.988+0500] {processor.py:179} INFO - Processing /home/den/Projects/venv/lib/python3.10/site-packages/airflow/example_dags/example_branch_datetime_operator.py took 0.133 seconds
[2023-11-20T15:11:08.138+0500] {processor.py:157} INFO - Started process (PID=8991) to work on /home/den/Projects/venv/lib/python3.10/site-packages/airflow/example_dags/example_branch_datetime_operator.py
[2023-11-20T15:11:08.143+0500] {processor.py:829} INFO - Processing file /home/den/Projects/venv/lib/python3.10/site-packages/airflow/example_dags/example_branch_datetime_operator.py for tasks to queue
[2023-11-20T15:11:08.144+0500] {logging_mixin.py:154} INFO - [2023-11-20T15:11:08.144+0500] {dagbag.py:536} INFO - Filling up the DagBag from /home/den/Projects/venv/lib/python3.10/site-packages/airflow/example_dags/example_branch_datetime_operator.py
[2023-11-20T15:11:08.157+0500] {processor.py:839} INFO - DAG(s) dict_keys(['example_branch_datetime_operator_2', 'example_branch_datetime_operator_3', 'example_branch_datetime_operator']) retrieved from /home/den/Projects/venv/lib/python3.10/site-packages/airflow/example_dags/example_branch_datetime_operator.py
[2023-11-20T15:11:08.194+0500] {logging_mixin.py:154} INFO - [2023-11-20T15:11:08.194+0500] {dag.py:2941} INFO - Sync 3 DAGs
[2023-11-20T15:11:08.221+0500] {logging_mixin.py:154} INFO - [2023-11-20T15:11:08.220+0500] {dag.py:3722} INFO - Setting next_dagrun for example_branch_datetime_operator to 2023-11-19T00:00:00+00:00, run_after=2023-11-20T00:00:00+00:00
[2023-11-20T15:11:08.225+0500] {logging_mixin.py:154} INFO - [2023-11-20T15:11:08.223+0500] {dag.py:3722} INFO - Setting next_dagrun for example_branch_datetime_operator_2 to 2023-11-19T00:00:00+00:00, run_after=2023-11-20T00:00:00+00:00
[2023-11-20T15:11:08.229+0500] {logging_mixin.py:154} INFO - [2023-11-20T15:11:08.229+0500] {dag.py:3722} INFO - Setting next_dagrun for example_branch_datetime_operator_3 to 2023-11-19T00:00:00+00:00, run_after=2023-11-20T00:00:00+00:00
[2023-11-20T15:11:08.258+0500] {processor.py:179} INFO - Processing /home/den/Projects/venv/lib/python3.10/site-packages/airflow/example_dags/example_branch_datetime_operator.py took 0.124 seconds
[2023-11-20T15:12:01.143+0500] {processor.py:157} INFO - Started process (PID=9090) to work on /home/den/Projects/venv/lib/python3.10/site-packages/airflow/example_dags/example_branch_datetime_operator.py
[2023-11-20T15:12:01.146+0500] {processor.py:829} INFO - Processing file /home/den/Projects/venv/lib/python3.10/site-packages/airflow/example_dags/example_branch_datetime_operator.py for tasks to queue
[2023-11-20T15:12:01.147+0500] {logging_mixin.py:154} INFO - [2023-11-20T15:12:01.146+0500] {dagbag.py:536} INFO - Filling up the DagBag from /home/den/Projects/venv/lib/python3.10/site-packages/airflow/example_dags/example_branch_datetime_operator.py
[2023-11-20T15:12:01.163+0500] {processor.py:839} INFO - DAG(s) dict_keys(['example_branch_datetime_operator', 'example_branch_datetime_operator_2', 'example_branch_datetime_operator_3']) retrieved from /home/den/Projects/venv/lib/python3.10/site-packages/airflow/example_dags/example_branch_datetime_operator.py
[2023-11-20T15:12:01.193+0500] {logging_mixin.py:154} INFO - [2023-11-20T15:12:01.193+0500] {dag.py:2941} INFO - Sync 3 DAGs
[2023-11-20T15:12:01.241+0500] {logging_mixin.py:154} INFO - [2023-11-20T15:12:01.241+0500] {dag.py:3722} INFO - Setting next_dagrun for example_branch_datetime_operator to 2023-11-19T00:00:00+00:00, run_after=2023-11-20T00:00:00+00:00
[2023-11-20T15:12:01.245+0500] {logging_mixin.py:154} INFO - [2023-11-20T15:12:01.245+0500] {dag.py:3722} INFO - Setting next_dagrun for example_branch_datetime_operator_2 to 2023-11-19T00:00:00+00:00, run_after=2023-11-20T00:00:00+00:00
[2023-11-20T15:12:01.246+0500] {logging_mixin.py:154} INFO - [2023-11-20T15:12:01.246+0500] {dag.py:3722} INFO - Setting next_dagrun for example_branch_datetime_operator_3 to 2023-11-19T00:00:00+00:00, run_after=2023-11-20T00:00:00+00:00
[2023-11-20T15:12:01.277+0500] {processor.py:179} INFO - Processing /home/den/Projects/venv/lib/python3.10/site-packages/airflow/example_dags/example_branch_datetime_operator.py took 0.137 seconds
[2023-11-20T15:12:53.714+0500] {processor.py:157} INFO - Started process (PID=9160) to work on /home/den/Projects/venv/lib/python3.10/site-packages/airflow/example_dags/example_branch_datetime_operator.py
[2023-11-20T15:12:53.724+0500] {processor.py:829} INFO - Processing file /home/den/Projects/venv/lib/python3.10/site-packages/airflow/example_dags/example_branch_datetime_operator.py for tasks to queue
[2023-11-20T15:12:53.725+0500] {logging_mixin.py:154} INFO - [2023-11-20T15:12:53.724+0500] {dagbag.py:536} INFO - Filling up the DagBag from /home/den/Projects/venv/lib/python3.10/site-packages/airflow/example_dags/example_branch_datetime_operator.py
[2023-11-20T15:12:53.737+0500] {processor.py:839} INFO - DAG(s) dict_keys(['example_branch_datetime_operator_2', 'example_branch_datetime_operator', 'example_branch_datetime_operator_3']) retrieved from /home/den/Projects/venv/lib/python3.10/site-packages/airflow/example_dags/example_branch_datetime_operator.py
[2023-11-20T15:12:53.765+0500] {logging_mixin.py:154} INFO - [2023-11-20T15:12:53.764+0500] {dag.py:2941} INFO - Sync 3 DAGs
[2023-11-20T15:12:53.787+0500] {logging_mixin.py:154} INFO - [2023-11-20T15:12:53.787+0500] {dag.py:3722} INFO - Setting next_dagrun for example_branch_datetime_operator to 2023-11-19T00:00:00+00:00, run_after=2023-11-20T00:00:00+00:00
[2023-11-20T15:12:53.796+0500] {logging_mixin.py:154} INFO - [2023-11-20T15:12:53.790+0500] {dag.py:3722} INFO - Setting next_dagrun for example_branch_datetime_operator_2 to 2023-11-19T00:00:00+00:00, run_after=2023-11-20T00:00:00+00:00
[2023-11-20T15:12:53.800+0500] {logging_mixin.py:154} INFO - [2023-11-20T15:12:53.799+0500] {dag.py:3722} INFO - Setting next_dagrun for example_branch_datetime_operator_3 to 2023-11-19T00:00:00+00:00, run_after=2023-11-20T00:00:00+00:00
[2023-11-20T15:12:53.831+0500] {processor.py:179} INFO - Processing /home/den/Projects/venv/lib/python3.10/site-packages/airflow/example_dags/example_branch_datetime_operator.py took 0.123 seconds
[2023-11-20T15:13:47.648+0500] {processor.py:157} INFO - Started process (PID=9233) to work on /home/den/Projects/venv/lib/python3.10/site-packages/airflow/example_dags/example_branch_datetime_operator.py
[2023-11-20T15:13:47.657+0500] {processor.py:829} INFO - Processing file /home/den/Projects/venv/lib/python3.10/site-packages/airflow/example_dags/example_branch_datetime_operator.py for tasks to queue
[2023-11-20T15:13:47.658+0500] {logging_mixin.py:154} INFO - [2023-11-20T15:13:47.658+0500] {dagbag.py:536} INFO - Filling up the DagBag from /home/den/Projects/venv/lib/python3.10/site-packages/airflow/example_dags/example_branch_datetime_operator.py
[2023-11-20T15:13:47.673+0500] {processor.py:839} INFO - DAG(s) dict_keys(['example_branch_datetime_operator_3', 'example_branch_datetime_operator', 'example_branch_datetime_operator_2']) retrieved from /home/den/Projects/venv/lib/python3.10/site-packages/airflow/example_dags/example_branch_datetime_operator.py
[2023-11-20T15:13:47.708+0500] {logging_mixin.py:154} INFO - [2023-11-20T15:13:47.708+0500] {dag.py:2941} INFO - Sync 3 DAGs
[2023-11-20T15:13:47.731+0500] {logging_mixin.py:154} INFO - [2023-11-20T15:13:47.731+0500] {dag.py:3722} INFO - Setting next_dagrun for example_branch_datetime_operator to 2023-11-19T00:00:00+00:00, run_after=2023-11-20T00:00:00+00:00
[2023-11-20T15:13:47.744+0500] {logging_mixin.py:154} INFO - [2023-11-20T15:13:47.743+0500] {dag.py:3722} INFO - Setting next_dagrun for example_branch_datetime_operator_2 to 2023-11-19T00:00:00+00:00, run_after=2023-11-20T00:00:00+00:00
[2023-11-20T15:13:47.746+0500] {logging_mixin.py:154} INFO - [2023-11-20T15:13:47.746+0500] {dag.py:3722} INFO - Setting next_dagrun for example_branch_datetime_operator_3 to 2023-11-19T00:00:00+00:00, run_after=2023-11-20T00:00:00+00:00
[2023-11-20T15:13:47.777+0500] {processor.py:179} INFO - Processing /home/den/Projects/venv/lib/python3.10/site-packages/airflow/example_dags/example_branch_datetime_operator.py took 0.133 seconds
[2023-11-20T15:14:43.852+0500] {processor.py:157} INFO - Started process (PID=9338) to work on /home/den/Projects/venv/lib/python3.10/site-packages/airflow/example_dags/example_branch_datetime_operator.py
[2023-11-20T15:14:43.854+0500] {processor.py:829} INFO - Processing file /home/den/Projects/venv/lib/python3.10/site-packages/airflow/example_dags/example_branch_datetime_operator.py for tasks to queue
[2023-11-20T15:14:43.857+0500] {logging_mixin.py:154} INFO - [2023-11-20T15:14:43.856+0500] {dagbag.py:536} INFO - Filling up the DagBag from /home/den/Projects/venv/lib/python3.10/site-packages/airflow/example_dags/example_branch_datetime_operator.py
[2023-11-20T15:14:43.869+0500] {processor.py:839} INFO - DAG(s) dict_keys(['example_branch_datetime_operator_2', 'example_branch_datetime_operator', 'example_branch_datetime_operator_3']) retrieved from /home/den/Projects/venv/lib/python3.10/site-packages/airflow/example_dags/example_branch_datetime_operator.py
[2023-11-20T15:14:43.904+0500] {logging_mixin.py:154} INFO - [2023-11-20T15:14:43.904+0500] {dag.py:2941} INFO - Sync 3 DAGs
[2023-11-20T15:14:43.937+0500] {logging_mixin.py:154} INFO - [2023-11-20T15:14:43.936+0500] {dag.py:3722} INFO - Setting next_dagrun for example_branch_datetime_operator to 2023-11-19T00:00:00+00:00, run_after=2023-11-20T00:00:00+00:00
[2023-11-20T15:14:43.942+0500] {logging_mixin.py:154} INFO - [2023-11-20T15:14:43.942+0500] {dag.py:3722} INFO - Setting next_dagrun for example_branch_datetime_operator_2 to 2023-11-19T00:00:00+00:00, run_after=2023-11-20T00:00:00+00:00
[2023-11-20T15:14:43.944+0500] {logging_mixin.py:154} INFO - [2023-11-20T15:14:43.944+0500] {dag.py:3722} INFO - Setting next_dagrun for example_branch_datetime_operator_3 to 2023-11-19T00:00:00+00:00, run_after=2023-11-20T00:00:00+00:00
[2023-11-20T15:14:43.975+0500] {processor.py:179} INFO - Processing /home/den/Projects/venv/lib/python3.10/site-packages/airflow/example_dags/example_branch_datetime_operator.py took 0.127 seconds
[2023-11-20T15:15:35.475+0500] {processor.py:157} INFO - Started process (PID=9417) to work on /home/den/Projects/venv/lib/python3.10/site-packages/airflow/example_dags/example_branch_datetime_operator.py
[2023-11-20T15:15:35.477+0500] {processor.py:829} INFO - Processing file /home/den/Projects/venv/lib/python3.10/site-packages/airflow/example_dags/example_branch_datetime_operator.py for tasks to queue
[2023-11-20T15:15:35.477+0500] {logging_mixin.py:154} INFO - [2023-11-20T15:15:35.477+0500] {dagbag.py:536} INFO - Filling up the DagBag from /home/den/Projects/venv/lib/python3.10/site-packages/airflow/example_dags/example_branch_datetime_operator.py
[2023-11-20T15:15:35.488+0500] {processor.py:839} INFO - DAG(s) dict_keys(['example_branch_datetime_operator_2', 'example_branch_datetime_operator', 'example_branch_datetime_operator_3']) retrieved from /home/den/Projects/venv/lib/python3.10/site-packages/airflow/example_dags/example_branch_datetime_operator.py
[2023-11-20T15:15:35.507+0500] {logging_mixin.py:154} INFO - [2023-11-20T15:15:35.506+0500] {dag.py:2941} INFO - Sync 3 DAGs
[2023-11-20T15:15:35.524+0500] {logging_mixin.py:154} INFO - [2023-11-20T15:15:35.524+0500] {dag.py:3722} INFO - Setting next_dagrun for example_branch_datetime_operator to 2023-11-19T00:00:00+00:00, run_after=2023-11-20T00:00:00+00:00
[2023-11-20T15:15:35.527+0500] {logging_mixin.py:154} INFO - [2023-11-20T15:15:35.526+0500] {dag.py:3722} INFO - Setting next_dagrun for example_branch_datetime_operator_2 to 2023-11-19T00:00:00+00:00, run_after=2023-11-20T00:00:00+00:00
[2023-11-20T15:15:35.528+0500] {logging_mixin.py:154} INFO - [2023-11-20T15:15:35.528+0500] {dag.py:3722} INFO - Setting next_dagrun for example_branch_datetime_operator_3 to 2023-11-19T00:00:00+00:00, run_after=2023-11-20T00:00:00+00:00
[2023-11-20T15:15:35.548+0500] {processor.py:179} INFO - Processing /home/den/Projects/venv/lib/python3.10/site-packages/airflow/example_dags/example_branch_datetime_operator.py took 0.075 seconds
[2023-11-20T15:16:24.396+0500] {processor.py:157} INFO - Started process (PID=9511) to work on /home/den/Projects/venv/lib/python3.10/site-packages/airflow/example_dags/example_branch_datetime_operator.py
[2023-11-20T15:16:24.397+0500] {processor.py:829} INFO - Processing file /home/den/Projects/venv/lib/python3.10/site-packages/airflow/example_dags/example_branch_datetime_operator.py for tasks to queue
[2023-11-20T15:16:24.398+0500] {logging_mixin.py:154} INFO - [2023-11-20T15:16:24.397+0500] {dagbag.py:536} INFO - Filling up the DagBag from /home/den/Projects/venv/lib/python3.10/site-packages/airflow/example_dags/example_branch_datetime_operator.py
[2023-11-20T15:16:24.406+0500] {processor.py:839} INFO - DAG(s) dict_keys(['example_branch_datetime_operator_2', 'example_branch_datetime_operator', 'example_branch_datetime_operator_3']) retrieved from /home/den/Projects/venv/lib/python3.10/site-packages/airflow/example_dags/example_branch_datetime_operator.py
[2023-11-20T15:16:24.421+0500] {logging_mixin.py:154} INFO - [2023-11-20T15:16:24.421+0500] {dag.py:2941} INFO - Sync 3 DAGs
[2023-11-20T15:16:24.435+0500] {logging_mixin.py:154} INFO - [2023-11-20T15:16:24.435+0500] {dag.py:3722} INFO - Setting next_dagrun for example_branch_datetime_operator to 2023-11-19T00:00:00+00:00, run_after=2023-11-20T00:00:00+00:00
[2023-11-20T15:16:24.438+0500] {logging_mixin.py:154} INFO - [2023-11-20T15:16:24.438+0500] {dag.py:3722} INFO - Setting next_dagrun for example_branch_datetime_operator_2 to 2023-11-19T00:00:00+00:00, run_after=2023-11-20T00:00:00+00:00
[2023-11-20T15:16:24.439+0500] {logging_mixin.py:154} INFO - [2023-11-20T15:16:24.439+0500] {dag.py:3722} INFO - Setting next_dagrun for example_branch_datetime_operator_3 to 2023-11-19T00:00:00+00:00, run_after=2023-11-20T00:00:00+00:00
[2023-11-20T15:16:24.465+0500] {processor.py:179} INFO - Processing /home/den/Projects/venv/lib/python3.10/site-packages/airflow/example_dags/example_branch_datetime_operator.py took 0.073 seconds
[2023-11-20T15:17:12.735+0500] {processor.py:157} INFO - Started process (PID=9576) to work on /home/den/Projects/venv/lib/python3.10/site-packages/airflow/example_dags/example_branch_datetime_operator.py
[2023-11-20T15:17:12.736+0500] {processor.py:829} INFO - Processing file /home/den/Projects/venv/lib/python3.10/site-packages/airflow/example_dags/example_branch_datetime_operator.py for tasks to queue
[2023-11-20T15:17:12.737+0500] {logging_mixin.py:154} INFO - [2023-11-20T15:17:12.737+0500] {dagbag.py:536} INFO - Filling up the DagBag from /home/den/Projects/venv/lib/python3.10/site-packages/airflow/example_dags/example_branch_datetime_operator.py
[2023-11-20T15:17:12.745+0500] {processor.py:839} INFO - DAG(s) dict_keys(['example_branch_datetime_operator_2', 'example_branch_datetime_operator', 'example_branch_datetime_operator_3']) retrieved from /home/den/Projects/venv/lib/python3.10/site-packages/airflow/example_dags/example_branch_datetime_operator.py
[2023-11-20T15:17:12.763+0500] {logging_mixin.py:154} INFO - [2023-11-20T15:17:12.763+0500] {dag.py:2941} INFO - Sync 3 DAGs
[2023-11-20T15:17:12.778+0500] {logging_mixin.py:154} INFO - [2023-11-20T15:17:12.778+0500] {dag.py:3722} INFO - Setting next_dagrun for example_branch_datetime_operator to 2023-11-19T00:00:00+00:00, run_after=2023-11-20T00:00:00+00:00
[2023-11-20T15:17:12.781+0500] {logging_mixin.py:154} INFO - [2023-11-20T15:17:12.781+0500] {dag.py:3722} INFO - Setting next_dagrun for example_branch_datetime_operator_2 to 2023-11-19T00:00:00+00:00, run_after=2023-11-20T00:00:00+00:00
[2023-11-20T15:17:12.782+0500] {logging_mixin.py:154} INFO - [2023-11-20T15:17:12.782+0500] {dag.py:3722} INFO - Setting next_dagrun for example_branch_datetime_operator_3 to 2023-11-19T00:00:00+00:00, run_after=2023-11-20T00:00:00+00:00
[2023-11-20T15:17:12.810+0500] {processor.py:179} INFO - Processing /home/den/Projects/venv/lib/python3.10/site-packages/airflow/example_dags/example_branch_datetime_operator.py took 0.078 seconds
[2023-11-20T15:17:55.801+0500] {processor.py:157} INFO - Started process (PID=9666) to work on /home/den/Projects/venv/lib/python3.10/site-packages/airflow/example_dags/example_branch_datetime_operator.py
[2023-11-20T15:17:55.804+0500] {processor.py:829} INFO - Processing file /home/den/Projects/venv/lib/python3.10/site-packages/airflow/example_dags/example_branch_datetime_operator.py for tasks to queue
[2023-11-20T15:17:55.805+0500] {logging_mixin.py:154} INFO - [2023-11-20T15:17:55.805+0500] {dagbag.py:536} INFO - Filling up the DagBag from /home/den/Projects/venv/lib/python3.10/site-packages/airflow/example_dags/example_branch_datetime_operator.py
[2023-11-20T15:17:55.813+0500] {processor.py:839} INFO - DAG(s) dict_keys(['example_branch_datetime_operator_3', 'example_branch_datetime_operator_2', 'example_branch_datetime_operator']) retrieved from /home/den/Projects/venv/lib/python3.10/site-packages/airflow/example_dags/example_branch_datetime_operator.py
[2023-11-20T15:17:55.831+0500] {logging_mixin.py:154} INFO - [2023-11-20T15:17:55.830+0500] {dag.py:2941} INFO - Sync 3 DAGs
[2023-11-20T15:17:55.846+0500] {logging_mixin.py:154} INFO - [2023-11-20T15:17:55.846+0500] {dag.py:3722} INFO - Setting next_dagrun for example_branch_datetime_operator to 2023-11-19T00:00:00+00:00, run_after=2023-11-20T00:00:00+00:00
[2023-11-20T15:17:55.849+0500] {logging_mixin.py:154} INFO - [2023-11-20T15:17:55.849+0500] {dag.py:3722} INFO - Setting next_dagrun for example_branch_datetime_operator_2 to 2023-11-19T00:00:00+00:00, run_after=2023-11-20T00:00:00+00:00
[2023-11-20T15:17:55.850+0500] {logging_mixin.py:154} INFO - [2023-11-20T15:17:55.850+0500] {dag.py:3722} INFO - Setting next_dagrun for example_branch_datetime_operator_3 to 2023-11-19T00:00:00+00:00, run_after=2023-11-20T00:00:00+00:00
[2023-11-20T15:17:55.879+0500] {processor.py:179} INFO - Processing /home/den/Projects/venv/lib/python3.10/site-packages/airflow/example_dags/example_branch_datetime_operator.py took 0.082 seconds
[2023-11-20T15:18:51.064+0500] {processor.py:157} INFO - Started process (PID=9741) to work on /home/den/Projects/venv/lib/python3.10/site-packages/airflow/example_dags/example_branch_datetime_operator.py
[2023-11-20T15:18:51.065+0500] {processor.py:829} INFO - Processing file /home/den/Projects/venv/lib/python3.10/site-packages/airflow/example_dags/example_branch_datetime_operator.py for tasks to queue
[2023-11-20T15:18:51.066+0500] {logging_mixin.py:154} INFO - [2023-11-20T15:18:51.066+0500] {dagbag.py:536} INFO - Filling up the DagBag from /home/den/Projects/venv/lib/python3.10/site-packages/airflow/example_dags/example_branch_datetime_operator.py
[2023-11-20T15:18:51.074+0500] {processor.py:839} INFO - DAG(s) dict_keys(['example_branch_datetime_operator_2', 'example_branch_datetime_operator', 'example_branch_datetime_operator_3']) retrieved from /home/den/Projects/venv/lib/python3.10/site-packages/airflow/example_dags/example_branch_datetime_operator.py
[2023-11-20T15:18:51.092+0500] {logging_mixin.py:154} INFO - [2023-11-20T15:18:51.091+0500] {dag.py:2941} INFO - Sync 3 DAGs
[2023-11-20T15:18:51.106+0500] {logging_mixin.py:154} INFO - [2023-11-20T15:18:51.106+0500] {dag.py:3722} INFO - Setting next_dagrun for example_branch_datetime_operator to 2023-11-19T00:00:00+00:00, run_after=2023-11-20T00:00:00+00:00
[2023-11-20T15:18:51.109+0500] {logging_mixin.py:154} INFO - [2023-11-20T15:18:51.109+0500] {dag.py:3722} INFO - Setting next_dagrun for example_branch_datetime_operator_2 to 2023-11-19T00:00:00+00:00, run_after=2023-11-20T00:00:00+00:00
[2023-11-20T15:18:51.110+0500] {logging_mixin.py:154} INFO - [2023-11-20T15:18:51.110+0500] {dag.py:3722} INFO - Setting next_dagrun for example_branch_datetime_operator_3 to 2023-11-19T00:00:00+00:00, run_after=2023-11-20T00:00:00+00:00
[2023-11-20T15:18:51.129+0500] {processor.py:179} INFO - Processing /home/den/Projects/venv/lib/python3.10/site-packages/airflow/example_dags/example_branch_datetime_operator.py took 0.068 seconds
[2023-11-20T15:19:35.671+0500] {processor.py:157} INFO - Started process (PID=9802) to work on /home/den/Projects/venv/lib/python3.10/site-packages/airflow/example_dags/example_branch_datetime_operator.py
[2023-11-20T15:19:35.674+0500] {processor.py:829} INFO - Processing file /home/den/Projects/venv/lib/python3.10/site-packages/airflow/example_dags/example_branch_datetime_operator.py for tasks to queue
[2023-11-20T15:19:35.675+0500] {logging_mixin.py:154} INFO - [2023-11-20T15:19:35.674+0500] {dagbag.py:536} INFO - Filling up the DagBag from /home/den/Projects/venv/lib/python3.10/site-packages/airflow/example_dags/example_branch_datetime_operator.py
[2023-11-20T15:19:35.683+0500] {processor.py:839} INFO - DAG(s) dict_keys(['example_branch_datetime_operator_2', 'example_branch_datetime_operator_3', 'example_branch_datetime_operator']) retrieved from /home/den/Projects/venv/lib/python3.10/site-packages/airflow/example_dags/example_branch_datetime_operator.py
[2023-11-20T15:19:35.704+0500] {logging_mixin.py:154} INFO - [2023-11-20T15:19:35.703+0500] {dag.py:2941} INFO - Sync 3 DAGs
[2023-11-20T15:19:35.720+0500] {logging_mixin.py:154} INFO - [2023-11-20T15:19:35.720+0500] {dag.py:3722} INFO - Setting next_dagrun for example_branch_datetime_operator to 2023-11-19T00:00:00+00:00, run_after=2023-11-20T00:00:00+00:00
[2023-11-20T15:19:35.723+0500] {logging_mixin.py:154} INFO - [2023-11-20T15:19:35.723+0500] {dag.py:3722} INFO - Setting next_dagrun for example_branch_datetime_operator_2 to 2023-11-19T00:00:00+00:00, run_after=2023-11-20T00:00:00+00:00
[2023-11-20T15:19:35.724+0500] {logging_mixin.py:154} INFO - [2023-11-20T15:19:35.724+0500] {dag.py:3722} INFO - Setting next_dagrun for example_branch_datetime_operator_3 to 2023-11-19T00:00:00+00:00, run_after=2023-11-20T00:00:00+00:00
[2023-11-20T15:19:35.742+0500] {processor.py:179} INFO - Processing /home/den/Projects/venv/lib/python3.10/site-packages/airflow/example_dags/example_branch_datetime_operator.py took 0.074 seconds
[2023-11-20T15:20:33.399+0500] {processor.py:157} INFO - Started process (PID=9967) to work on /home/den/Projects/venv/lib/python3.10/site-packages/airflow/example_dags/example_branch_datetime_operator.py
[2023-11-20T15:20:33.402+0500] {processor.py:829} INFO - Processing file /home/den/Projects/venv/lib/python3.10/site-packages/airflow/example_dags/example_branch_datetime_operator.py for tasks to queue
[2023-11-20T15:20:33.404+0500] {logging_mixin.py:154} INFO - [2023-11-20T15:20:33.404+0500] {dagbag.py:536} INFO - Filling up the DagBag from /home/den/Projects/venv/lib/python3.10/site-packages/airflow/example_dags/example_branch_datetime_operator.py
[2023-11-20T15:20:33.419+0500] {processor.py:839} INFO - DAG(s) dict_keys(['example_branch_datetime_operator', 'example_branch_datetime_operator_2', 'example_branch_datetime_operator_3']) retrieved from /home/den/Projects/venv/lib/python3.10/site-packages/airflow/example_dags/example_branch_datetime_operator.py
[2023-11-20T15:20:33.458+0500] {logging_mixin.py:154} INFO - [2023-11-20T15:20:33.458+0500] {dag.py:2941} INFO - Sync 3 DAGs
[2023-11-20T15:20:33.479+0500] {logging_mixin.py:154} INFO - [2023-11-20T15:20:33.479+0500] {dag.py:3722} INFO - Setting next_dagrun for example_branch_datetime_operator to 2023-11-19T00:00:00+00:00, run_after=2023-11-20T00:00:00+00:00
[2023-11-20T15:20:33.485+0500] {logging_mixin.py:154} INFO - [2023-11-20T15:20:33.485+0500] {dag.py:3722} INFO - Setting next_dagrun for example_branch_datetime_operator_2 to 2023-11-19T00:00:00+00:00, run_after=2023-11-20T00:00:00+00:00
[2023-11-20T15:20:33.488+0500] {logging_mixin.py:154} INFO - [2023-11-20T15:20:33.488+0500] {dag.py:3722} INFO - Setting next_dagrun for example_branch_datetime_operator_3 to 2023-11-19T00:00:00+00:00, run_after=2023-11-20T00:00:00+00:00
[2023-11-20T15:20:33.506+0500] {processor.py:179} INFO - Processing /home/den/Projects/venv/lib/python3.10/site-packages/airflow/example_dags/example_branch_datetime_operator.py took 0.111 seconds
[2023-11-20T15:21:17.062+0500] {processor.py:157} INFO - Started process (PID=10019) to work on /home/den/Projects/venv/lib/python3.10/site-packages/airflow/example_dags/example_branch_datetime_operator.py
[2023-11-20T15:21:17.065+0500] {processor.py:829} INFO - Processing file /home/den/Projects/venv/lib/python3.10/site-packages/airflow/example_dags/example_branch_datetime_operator.py for tasks to queue
[2023-11-20T15:21:17.069+0500] {logging_mixin.py:154} INFO - [2023-11-20T15:21:17.068+0500] {dagbag.py:536} INFO - Filling up the DagBag from /home/den/Projects/venv/lib/python3.10/site-packages/airflow/example_dags/example_branch_datetime_operator.py
[2023-11-20T15:21:17.078+0500] {processor.py:839} INFO - DAG(s) dict_keys(['example_branch_datetime_operator_2', 'example_branch_datetime_operator_3', 'example_branch_datetime_operator']) retrieved from /home/den/Projects/venv/lib/python3.10/site-packages/airflow/example_dags/example_branch_datetime_operator.py
[2023-11-20T15:21:17.095+0500] {logging_mixin.py:154} INFO - [2023-11-20T15:21:17.095+0500] {dag.py:2941} INFO - Sync 3 DAGs
[2023-11-20T15:21:17.110+0500] {logging_mixin.py:154} INFO - [2023-11-20T15:21:17.110+0500] {dag.py:3722} INFO - Setting next_dagrun for example_branch_datetime_operator to 2023-11-19T00:00:00+00:00, run_after=2023-11-20T00:00:00+00:00
[2023-11-20T15:21:17.113+0500] {logging_mixin.py:154} INFO - [2023-11-20T15:21:17.113+0500] {dag.py:3722} INFO - Setting next_dagrun for example_branch_datetime_operator_2 to 2023-11-19T00:00:00+00:00, run_after=2023-11-20T00:00:00+00:00
[2023-11-20T15:21:17.114+0500] {logging_mixin.py:154} INFO - [2023-11-20T15:21:17.114+0500] {dag.py:3722} INFO - Setting next_dagrun for example_branch_datetime_operator_3 to 2023-11-19T00:00:00+00:00, run_after=2023-11-20T00:00:00+00:00
[2023-11-20T15:21:17.148+0500] {processor.py:179} INFO - Processing /home/den/Projects/venv/lib/python3.10/site-packages/airflow/example_dags/example_branch_datetime_operator.py took 0.089 seconds
[2023-11-20T15:22:01.281+0500] {processor.py:157} INFO - Started process (PID=10111) to work on /home/den/Projects/venv/lib/python3.10/site-packages/airflow/example_dags/example_branch_datetime_operator.py
[2023-11-20T15:22:01.283+0500] {processor.py:829} INFO - Processing file /home/den/Projects/venv/lib/python3.10/site-packages/airflow/example_dags/example_branch_datetime_operator.py for tasks to queue
[2023-11-20T15:22:01.304+0500] {logging_mixin.py:154} INFO - [2023-11-20T15:22:01.285+0500] {dagbag.py:536} INFO - Filling up the DagBag from /home/den/Projects/venv/lib/python3.10/site-packages/airflow/example_dags/example_branch_datetime_operator.py
[2023-11-20T15:22:01.362+0500] {processor.py:839} INFO - DAG(s) dict_keys(['example_branch_datetime_operator', 'example_branch_datetime_operator_3', 'example_branch_datetime_operator_2']) retrieved from /home/den/Projects/venv/lib/python3.10/site-packages/airflow/example_dags/example_branch_datetime_operator.py
[2023-11-20T15:22:01.405+0500] {logging_mixin.py:154} INFO - [2023-11-20T15:22:01.404+0500] {dag.py:2941} INFO - Sync 3 DAGs
[2023-11-20T15:22:01.429+0500] {logging_mixin.py:154} INFO - [2023-11-20T15:22:01.428+0500] {dag.py:3722} INFO - Setting next_dagrun for example_branch_datetime_operator to 2023-11-19T00:00:00+00:00, run_after=2023-11-20T00:00:00+00:00
[2023-11-20T15:22:01.432+0500] {logging_mixin.py:154} INFO - [2023-11-20T15:22:01.431+0500] {dag.py:3722} INFO - Setting next_dagrun for example_branch_datetime_operator_2 to 2023-11-19T00:00:00+00:00, run_after=2023-11-20T00:00:00+00:00
[2023-11-20T15:22:01.433+0500] {logging_mixin.py:154} INFO - [2023-11-20T15:22:01.433+0500] {dag.py:3722} INFO - Setting next_dagrun for example_branch_datetime_operator_3 to 2023-11-19T00:00:00+00:00, run_after=2023-11-20T00:00:00+00:00
[2023-11-20T15:22:01.456+0500] {processor.py:179} INFO - Processing /home/den/Projects/venv/lib/python3.10/site-packages/airflow/example_dags/example_branch_datetime_operator.py took 0.181 seconds
[2023-11-20T15:22:43.769+0500] {processor.py:157} INFO - Started process (PID=10161) to work on /home/den/Projects/venv/lib/python3.10/site-packages/airflow/example_dags/example_branch_datetime_operator.py
[2023-11-20T15:22:43.776+0500] {processor.py:829} INFO - Processing file /home/den/Projects/venv/lib/python3.10/site-packages/airflow/example_dags/example_branch_datetime_operator.py for tasks to queue
[2023-11-20T15:22:43.778+0500] {logging_mixin.py:154} INFO - [2023-11-20T15:22:43.777+0500] {dagbag.py:536} INFO - Filling up the DagBag from /home/den/Projects/venv/lib/python3.10/site-packages/airflow/example_dags/example_branch_datetime_operator.py
[2023-11-20T15:22:43.793+0500] {processor.py:839} INFO - DAG(s) dict_keys(['example_branch_datetime_operator_3', 'example_branch_datetime_operator_2', 'example_branch_datetime_operator']) retrieved from /home/den/Projects/venv/lib/python3.10/site-packages/airflow/example_dags/example_branch_datetime_operator.py
[2023-11-20T15:22:43.827+0500] {logging_mixin.py:154} INFO - [2023-11-20T15:22:43.827+0500] {dag.py:2941} INFO - Sync 3 DAGs
[2023-11-20T15:22:43.855+0500] {logging_mixin.py:154} INFO - [2023-11-20T15:22:43.855+0500] {dag.py:3722} INFO - Setting next_dagrun for example_branch_datetime_operator to 2023-11-19T00:00:00+00:00, run_after=2023-11-20T00:00:00+00:00
[2023-11-20T15:22:43.858+0500] {logging_mixin.py:154} INFO - [2023-11-20T15:22:43.858+0500] {dag.py:3722} INFO - Setting next_dagrun for example_branch_datetime_operator_2 to 2023-11-19T00:00:00+00:00, run_after=2023-11-20T00:00:00+00:00
[2023-11-20T15:22:43.859+0500] {logging_mixin.py:154} INFO - [2023-11-20T15:22:43.859+0500] {dag.py:3722} INFO - Setting next_dagrun for example_branch_datetime_operator_3 to 2023-11-19T00:00:00+00:00, run_after=2023-11-20T00:00:00+00:00
[2023-11-20T15:22:43.888+0500] {processor.py:179} INFO - Processing /home/den/Projects/venv/lib/python3.10/site-packages/airflow/example_dags/example_branch_datetime_operator.py took 0.122 seconds
[2023-11-20T15:23:43.931+0500] {processor.py:157} INFO - Started process (PID=10271) to work on /home/den/Projects/venv/lib/python3.10/site-packages/airflow/example_dags/example_branch_datetime_operator.py
[2023-11-20T15:23:43.934+0500] {processor.py:829} INFO - Processing file /home/den/Projects/venv/lib/python3.10/site-packages/airflow/example_dags/example_branch_datetime_operator.py for tasks to queue
[2023-11-20T15:23:43.935+0500] {logging_mixin.py:154} INFO - [2023-11-20T15:23:43.935+0500] {dagbag.py:536} INFO - Filling up the DagBag from /home/den/Projects/venv/lib/python3.10/site-packages/airflow/example_dags/example_branch_datetime_operator.py
[2023-11-20T15:23:43.950+0500] {processor.py:839} INFO - DAG(s) dict_keys(['example_branch_datetime_operator_2', 'example_branch_datetime_operator', 'example_branch_datetime_operator_3']) retrieved from /home/den/Projects/venv/lib/python3.10/site-packages/airflow/example_dags/example_branch_datetime_operator.py
[2023-11-20T15:23:43.981+0500] {logging_mixin.py:154} INFO - [2023-11-20T15:23:43.981+0500] {dag.py:2941} INFO - Sync 3 DAGs
[2023-11-20T15:23:44.023+0500] {logging_mixin.py:154} INFO - [2023-11-20T15:23:44.023+0500] {dag.py:3722} INFO - Setting next_dagrun for example_branch_datetime_operator to 2023-11-19T00:00:00+00:00, run_after=2023-11-20T00:00:00+00:00
[2023-11-20T15:23:44.027+0500] {logging_mixin.py:154} INFO - [2023-11-20T15:23:44.027+0500] {dag.py:3722} INFO - Setting next_dagrun for example_branch_datetime_operator_2 to 2023-11-19T00:00:00+00:00, run_after=2023-11-20T00:00:00+00:00
[2023-11-20T15:23:44.028+0500] {logging_mixin.py:154} INFO - [2023-11-20T15:23:44.028+0500] {dag.py:3722} INFO - Setting next_dagrun for example_branch_datetime_operator_3 to 2023-11-19T00:00:00+00:00, run_after=2023-11-20T00:00:00+00:00
[2023-11-20T15:23:44.095+0500] {processor.py:179} INFO - Processing /home/den/Projects/venv/lib/python3.10/site-packages/airflow/example_dags/example_branch_datetime_operator.py took 0.172 seconds
