[2023-11-20T14:39:26.900+0500] {processor.py:157} INFO - Started process (PID=5161) to work on /home/den/Projects/venv/lib/python3.10/site-packages/airflow/example_dags/example_bash_operator.py
[2023-11-20T14:39:26.900+0500] {processor.py:829} INFO - Processing file /home/den/Projects/venv/lib/python3.10/site-packages/airflow/example_dags/example_bash_operator.py for tasks to queue
[2023-11-20T14:39:26.901+0500] {logging_mixin.py:154} INFO - [2023-11-20T14:39:26.901+0500] {dagbag.py:536} INFO - Filling up the DagBag from /home/den/Projects/venv/lib/python3.10/site-packages/airflow/example_dags/example_bash_operator.py
[2023-11-20T14:39:26.917+0500] {processor.py:839} INFO - DAG(s) dict_keys(['example_bash_operator']) retrieved from /home/den/Projects/venv/lib/python3.10/site-packages/airflow/example_dags/example_bash_operator.py
[2023-11-20T14:39:27.022+0500] {logging_mixin.py:154} INFO - [2023-11-20T14:39:27.022+0500] {manager.py:499} INFO - Created Permission View: %s
[2023-11-20T14:39:27.045+0500] {logging_mixin.py:154} INFO - [2023-11-20T14:39:27.044+0500] {manager.py:499} INFO - Created Permission View: %s
[2023-11-20T14:39:27.054+0500] {logging_mixin.py:154} INFO - [2023-11-20T14:39:27.054+0500] {manager.py:499} INFO - Created Permission View: %s
[2023-11-20T14:39:27.054+0500] {logging_mixin.py:154} INFO - [2023-11-20T14:39:27.054+0500] {dag.py:2941} INFO - Sync 1 DAGs
[2023-11-20T14:39:27.065+0500] {logging_mixin.py:154} INFO - [2023-11-20T14:39:27.065+0500] {dag.py:2963} INFO - Creating ORM DAG for example_bash_operator
[2023-11-20T14:39:27.072+0500] {logging_mixin.py:154} INFO - [2023-11-20T14:39:27.071+0500] {dag.py:3722} INFO - Setting next_dagrun for example_bash_operator to 2023-11-19T00:00:00+00:00, run_after=2023-11-20T00:00:00+00:00
[2023-11-20T14:39:27.095+0500] {processor.py:179} INFO - Processing /home/den/Projects/venv/lib/python3.10/site-packages/airflow/example_dags/example_bash_operator.py took 0.198 seconds
[2023-11-20T14:40:18.743+0500] {processor.py:157} INFO - Started process (PID=5278) to work on /home/den/Projects/venv/lib/python3.10/site-packages/airflow/example_dags/example_bash_operator.py
[2023-11-20T14:40:18.752+0500] {processor.py:829} INFO - Processing file /home/den/Projects/venv/lib/python3.10/site-packages/airflow/example_dags/example_bash_operator.py for tasks to queue
[2023-11-20T14:40:18.753+0500] {logging_mixin.py:154} INFO - [2023-11-20T14:40:18.752+0500] {dagbag.py:536} INFO - Filling up the DagBag from /home/den/Projects/venv/lib/python3.10/site-packages/airflow/example_dags/example_bash_operator.py
[2023-11-20T14:40:18.762+0500] {processor.py:839} INFO - DAG(s) dict_keys(['example_bash_operator']) retrieved from /home/den/Projects/venv/lib/python3.10/site-packages/airflow/example_dags/example_bash_operator.py
[2023-11-20T14:40:18.778+0500] {logging_mixin.py:154} INFO - [2023-11-20T14:40:18.778+0500] {dag.py:2941} INFO - Sync 1 DAGs
[2023-11-20T14:40:18.792+0500] {logging_mixin.py:154} INFO - [2023-11-20T14:40:18.791+0500] {dag.py:3722} INFO - Setting next_dagrun for example_bash_operator to 2023-11-19T00:00:00+00:00, run_after=2023-11-20T00:00:00+00:00
[2023-11-20T14:40:18.807+0500] {processor.py:179} INFO - Processing /home/den/Projects/venv/lib/python3.10/site-packages/airflow/example_dags/example_bash_operator.py took 0.067 seconds
[2023-11-20T14:49:53.219+0500] {processor.py:157} INFO - Started process (PID=6460) to work on /home/den/Projects/venv/lib/python3.10/site-packages/airflow/example_dags/example_bash_operator.py
[2023-11-20T14:49:53.220+0500] {processor.py:829} INFO - Processing file /home/den/Projects/venv/lib/python3.10/site-packages/airflow/example_dags/example_bash_operator.py for tasks to queue
[2023-11-20T14:49:53.221+0500] {logging_mixin.py:154} INFO - [2023-11-20T14:49:53.220+0500] {dagbag.py:536} INFO - Filling up the DagBag from /home/den/Projects/venv/lib/python3.10/site-packages/airflow/example_dags/example_bash_operator.py
[2023-11-20T14:49:53.233+0500] {processor.py:839} INFO - DAG(s) dict_keys(['example_bash_operator']) retrieved from /home/den/Projects/venv/lib/python3.10/site-packages/airflow/example_dags/example_bash_operator.py
[2023-11-20T14:49:53.275+0500] {logging_mixin.py:154} INFO - [2023-11-20T14:49:53.275+0500] {dag.py:2941} INFO - Sync 1 DAGs
[2023-11-20T14:49:53.318+0500] {logging_mixin.py:154} INFO - [2023-11-20T14:49:53.318+0500] {dag.py:3722} INFO - Setting next_dagrun for example_bash_operator to 2023-11-19T00:00:00+00:00, run_after=2023-11-20T00:00:00+00:00
[2023-11-20T14:49:53.368+0500] {processor.py:179} INFO - Processing /home/den/Projects/venv/lib/python3.10/site-packages/airflow/example_dags/example_bash_operator.py took 0.152 seconds
[2023-11-20T14:50:44.006+0500] {processor.py:157} INFO - Started process (PID=6560) to work on /home/den/Projects/venv/lib/python3.10/site-packages/airflow/example_dags/example_bash_operator.py
[2023-11-20T14:50:44.007+0500] {processor.py:829} INFO - Processing file /home/den/Projects/venv/lib/python3.10/site-packages/airflow/example_dags/example_bash_operator.py for tasks to queue
[2023-11-20T14:50:44.008+0500] {logging_mixin.py:154} INFO - [2023-11-20T14:50:44.008+0500] {dagbag.py:536} INFO - Filling up the DagBag from /home/den/Projects/venv/lib/python3.10/site-packages/airflow/example_dags/example_bash_operator.py
[2023-11-20T14:50:44.018+0500] {processor.py:839} INFO - DAG(s) dict_keys(['example_bash_operator']) retrieved from /home/den/Projects/venv/lib/python3.10/site-packages/airflow/example_dags/example_bash_operator.py
[2023-11-20T14:50:44.034+0500] {logging_mixin.py:154} INFO - [2023-11-20T14:50:44.034+0500] {dag.py:2941} INFO - Sync 1 DAGs
[2023-11-20T14:50:44.048+0500] {logging_mixin.py:154} INFO - [2023-11-20T14:50:44.048+0500] {dag.py:3722} INFO - Setting next_dagrun for example_bash_operator to 2023-11-19T00:00:00+00:00, run_after=2023-11-20T00:00:00+00:00
[2023-11-20T14:50:44.064+0500] {processor.py:179} INFO - Processing /home/den/Projects/venv/lib/python3.10/site-packages/airflow/example_dags/example_bash_operator.py took 0.061 seconds
[2023-11-20T14:51:30.434+0500] {processor.py:157} INFO - Started process (PID=6618) to work on /home/den/Projects/venv/lib/python3.10/site-packages/airflow/example_dags/example_bash_operator.py
[2023-11-20T14:51:30.436+0500] {processor.py:829} INFO - Processing file /home/den/Projects/venv/lib/python3.10/site-packages/airflow/example_dags/example_bash_operator.py for tasks to queue
[2023-11-20T14:51:30.437+0500] {logging_mixin.py:154} INFO - [2023-11-20T14:51:30.436+0500] {dagbag.py:536} INFO - Filling up the DagBag from /home/den/Projects/venv/lib/python3.10/site-packages/airflow/example_dags/example_bash_operator.py
[2023-11-20T14:51:30.448+0500] {processor.py:839} INFO - DAG(s) dict_keys(['example_bash_operator']) retrieved from /home/den/Projects/venv/lib/python3.10/site-packages/airflow/example_dags/example_bash_operator.py
[2023-11-20T14:51:30.469+0500] {logging_mixin.py:154} INFO - [2023-11-20T14:51:30.469+0500] {dag.py:2941} INFO - Sync 1 DAGs
[2023-11-20T14:51:30.488+0500] {logging_mixin.py:154} INFO - [2023-11-20T14:51:30.488+0500] {dag.py:3722} INFO - Setting next_dagrun for example_bash_operator to 2023-11-19T00:00:00+00:00, run_after=2023-11-20T00:00:00+00:00
[2023-11-20T14:51:30.515+0500] {processor.py:179} INFO - Processing /home/den/Projects/venv/lib/python3.10/site-packages/airflow/example_dags/example_bash_operator.py took 0.084 seconds
[2023-11-20T14:52:23.713+0500] {processor.py:157} INFO - Started process (PID=6764) to work on /home/den/Projects/venv/lib/python3.10/site-packages/airflow/example_dags/example_bash_operator.py
[2023-11-20T14:52:23.743+0500] {processor.py:829} INFO - Processing file /home/den/Projects/venv/lib/python3.10/site-packages/airflow/example_dags/example_bash_operator.py for tasks to queue
[2023-11-20T14:52:23.744+0500] {logging_mixin.py:154} INFO - [2023-11-20T14:52:23.744+0500] {dagbag.py:536} INFO - Filling up the DagBag from /home/den/Projects/venv/lib/python3.10/site-packages/airflow/example_dags/example_bash_operator.py
[2023-11-20T14:52:23.770+0500] {processor.py:839} INFO - DAG(s) dict_keys(['example_bash_operator']) retrieved from /home/den/Projects/venv/lib/python3.10/site-packages/airflow/example_dags/example_bash_operator.py
[2023-11-20T14:52:23.829+0500] {logging_mixin.py:154} INFO - [2023-11-20T14:52:23.828+0500] {dag.py:2941} INFO - Sync 1 DAGs
[2023-11-20T14:52:23.869+0500] {logging_mixin.py:154} INFO - [2023-11-20T14:52:23.869+0500] {dag.py:3722} INFO - Setting next_dagrun for example_bash_operator to 2023-11-19T00:00:00+00:00, run_after=2023-11-20T00:00:00+00:00
[2023-11-20T14:52:23.901+0500] {processor.py:179} INFO - Processing /home/den/Projects/venv/lib/python3.10/site-packages/airflow/example_dags/example_bash_operator.py took 0.196 seconds
[2023-11-20T14:53:10.538+0500] {processor.py:157} INFO - Started process (PID=7288) to work on /home/den/Projects/venv/lib/python3.10/site-packages/airflow/example_dags/example_bash_operator.py
[2023-11-20T14:53:10.539+0500] {processor.py:829} INFO - Processing file /home/den/Projects/venv/lib/python3.10/site-packages/airflow/example_dags/example_bash_operator.py for tasks to queue
[2023-11-20T14:53:10.540+0500] {logging_mixin.py:154} INFO - [2023-11-20T14:53:10.540+0500] {dagbag.py:536} INFO - Filling up the DagBag from /home/den/Projects/venv/lib/python3.10/site-packages/airflow/example_dags/example_bash_operator.py
[2023-11-20T14:53:10.577+0500] {processor.py:839} INFO - DAG(s) dict_keys(['example_bash_operator']) retrieved from /home/den/Projects/venv/lib/python3.10/site-packages/airflow/example_dags/example_bash_operator.py
[2023-11-20T14:53:10.612+0500] {logging_mixin.py:154} INFO - [2023-11-20T14:53:10.612+0500] {dag.py:2941} INFO - Sync 1 DAGs
[2023-11-20T14:53:10.659+0500] {logging_mixin.py:154} INFO - [2023-11-20T14:53:10.657+0500] {dag.py:3722} INFO - Setting next_dagrun for example_bash_operator to 2023-11-19T00:00:00+00:00, run_after=2023-11-20T00:00:00+00:00
[2023-11-20T14:53:10.702+0500] {processor.py:179} INFO - Processing /home/den/Projects/venv/lib/python3.10/site-packages/airflow/example_dags/example_bash_operator.py took 0.176 seconds
[2023-11-20T14:54:45.119+0500] {processor.py:157} INFO - Started process (PID=7492) to work on /home/den/Projects/venv/lib/python3.10/site-packages/airflow/example_dags/example_bash_operator.py
[2023-11-20T14:54:45.121+0500] {processor.py:829} INFO - Processing file /home/den/Projects/venv/lib/python3.10/site-packages/airflow/example_dags/example_bash_operator.py for tasks to queue
[2023-11-20T14:54:45.122+0500] {logging_mixin.py:154} INFO - [2023-11-20T14:54:45.121+0500] {dagbag.py:536} INFO - Filling up the DagBag from /home/den/Projects/venv/lib/python3.10/site-packages/airflow/example_dags/example_bash_operator.py
[2023-11-20T14:54:45.133+0500] {processor.py:839} INFO - DAG(s) dict_keys(['example_bash_operator']) retrieved from /home/den/Projects/venv/lib/python3.10/site-packages/airflow/example_dags/example_bash_operator.py
[2023-11-20T14:54:45.154+0500] {logging_mixin.py:154} INFO - [2023-11-20T14:54:45.153+0500] {dag.py:2941} INFO - Sync 1 DAGs
[2023-11-20T14:54:45.172+0500] {logging_mixin.py:154} INFO - [2023-11-20T14:54:45.171+0500] {dag.py:3722} INFO - Setting next_dagrun for example_bash_operator to 2023-11-19T00:00:00+00:00, run_after=2023-11-20T00:00:00+00:00
[2023-11-20T14:54:45.192+0500] {processor.py:179} INFO - Processing /home/den/Projects/venv/lib/python3.10/site-packages/airflow/example_dags/example_bash_operator.py took 0.075 seconds
[2023-11-20T14:57:27.724+0500] {processor.py:157} INFO - Started process (PID=7649) to work on /home/den/Projects/venv/lib/python3.10/site-packages/airflow/example_dags/example_bash_operator.py
[2023-11-20T14:57:27.726+0500] {processor.py:829} INFO - Processing file /home/den/Projects/venv/lib/python3.10/site-packages/airflow/example_dags/example_bash_operator.py for tasks to queue
[2023-11-20T14:57:27.728+0500] {logging_mixin.py:154} INFO - [2023-11-20T14:57:27.727+0500] {dagbag.py:536} INFO - Filling up the DagBag from /home/den/Projects/venv/lib/python3.10/site-packages/airflow/example_dags/example_bash_operator.py
[2023-11-20T14:57:27.741+0500] {processor.py:839} INFO - DAG(s) dict_keys(['example_bash_operator']) retrieved from /home/den/Projects/venv/lib/python3.10/site-packages/airflow/example_dags/example_bash_operator.py
[2023-11-20T14:57:27.760+0500] {logging_mixin.py:154} INFO - [2023-11-20T14:57:27.760+0500] {dag.py:2941} INFO - Sync 1 DAGs
[2023-11-20T14:57:27.774+0500] {logging_mixin.py:154} INFO - [2023-11-20T14:57:27.774+0500] {dag.py:3722} INFO - Setting next_dagrun for example_bash_operator to 2023-11-19T00:00:00+00:00, run_after=2023-11-20T00:00:00+00:00
[2023-11-20T14:57:27.790+0500] {processor.py:179} INFO - Processing /home/den/Projects/venv/lib/python3.10/site-packages/airflow/example_dags/example_bash_operator.py took 0.075 seconds
[2023-11-20T14:58:12.986+0500] {processor.py:157} INFO - Started process (PID=7746) to work on /home/den/Projects/venv/lib/python3.10/site-packages/airflow/example_dags/example_bash_operator.py
[2023-11-20T14:58:12.988+0500] {processor.py:829} INFO - Processing file /home/den/Projects/venv/lib/python3.10/site-packages/airflow/example_dags/example_bash_operator.py for tasks to queue
[2023-11-20T14:58:12.989+0500] {logging_mixin.py:154} INFO - [2023-11-20T14:58:12.989+0500] {dagbag.py:536} INFO - Filling up the DagBag from /home/den/Projects/venv/lib/python3.10/site-packages/airflow/example_dags/example_bash_operator.py
[2023-11-20T14:58:12.999+0500] {processor.py:839} INFO - DAG(s) dict_keys(['example_bash_operator']) retrieved from /home/den/Projects/venv/lib/python3.10/site-packages/airflow/example_dags/example_bash_operator.py
[2023-11-20T14:58:13.014+0500] {logging_mixin.py:154} INFO - [2023-11-20T14:58:13.014+0500] {dag.py:2941} INFO - Sync 1 DAGs
[2023-11-20T14:58:13.028+0500] {logging_mixin.py:154} INFO - [2023-11-20T14:58:13.028+0500] {dag.py:3722} INFO - Setting next_dagrun for example_bash_operator to 2023-11-19T00:00:00+00:00, run_after=2023-11-20T00:00:00+00:00
[2023-11-20T14:58:13.045+0500] {processor.py:179} INFO - Processing /home/den/Projects/venv/lib/python3.10/site-packages/airflow/example_dags/example_bash_operator.py took 0.062 seconds
[2023-11-20T14:59:00.505+0500] {processor.py:157} INFO - Started process (PID=7814) to work on /home/den/Projects/venv/lib/python3.10/site-packages/airflow/example_dags/example_bash_operator.py
[2023-11-20T14:59:00.514+0500] {processor.py:829} INFO - Processing file /home/den/Projects/venv/lib/python3.10/site-packages/airflow/example_dags/example_bash_operator.py for tasks to queue
[2023-11-20T14:59:00.515+0500] {logging_mixin.py:154} INFO - [2023-11-20T14:59:00.515+0500] {dagbag.py:536} INFO - Filling up the DagBag from /home/den/Projects/venv/lib/python3.10/site-packages/airflow/example_dags/example_bash_operator.py
[2023-11-20T14:59:00.523+0500] {processor.py:839} INFO - DAG(s) dict_keys(['example_bash_operator']) retrieved from /home/den/Projects/venv/lib/python3.10/site-packages/airflow/example_dags/example_bash_operator.py
[2023-11-20T14:59:00.540+0500] {logging_mixin.py:154} INFO - [2023-11-20T14:59:00.539+0500] {dag.py:2941} INFO - Sync 1 DAGs
[2023-11-20T14:59:00.553+0500] {logging_mixin.py:154} INFO - [2023-11-20T14:59:00.553+0500] {dag.py:3722} INFO - Setting next_dagrun for example_bash_operator to 2023-11-19T00:00:00+00:00, run_after=2023-11-20T00:00:00+00:00
[2023-11-20T14:59:00.569+0500] {processor.py:179} INFO - Processing /home/den/Projects/venv/lib/python3.10/site-packages/airflow/example_dags/example_bash_operator.py took 0.067 seconds
[2023-11-20T14:59:46.031+0500] {processor.py:157} INFO - Started process (PID=7902) to work on /home/den/Projects/venv/lib/python3.10/site-packages/airflow/example_dags/example_bash_operator.py
[2023-11-20T14:59:46.032+0500] {processor.py:829} INFO - Processing file /home/den/Projects/venv/lib/python3.10/site-packages/airflow/example_dags/example_bash_operator.py for tasks to queue
[2023-11-20T14:59:46.033+0500] {logging_mixin.py:154} INFO - [2023-11-20T14:59:46.033+0500] {dagbag.py:536} INFO - Filling up the DagBag from /home/den/Projects/venv/lib/python3.10/site-packages/airflow/example_dags/example_bash_operator.py
[2023-11-20T14:59:46.042+0500] {processor.py:839} INFO - DAG(s) dict_keys(['example_bash_operator']) retrieved from /home/den/Projects/venv/lib/python3.10/site-packages/airflow/example_dags/example_bash_operator.py
[2023-11-20T14:59:46.057+0500] {logging_mixin.py:154} INFO - [2023-11-20T14:59:46.057+0500] {dag.py:2941} INFO - Sync 1 DAGs
[2023-11-20T14:59:46.071+0500] {logging_mixin.py:154} INFO - [2023-11-20T14:59:46.071+0500] {dag.py:3722} INFO - Setting next_dagrun for example_bash_operator to 2023-11-19T00:00:00+00:00, run_after=2023-11-20T00:00:00+00:00
[2023-11-20T14:59:46.087+0500] {processor.py:179} INFO - Processing /home/den/Projects/venv/lib/python3.10/site-packages/airflow/example_dags/example_bash_operator.py took 0.058 seconds
[2023-11-20T15:00:37.929+0500] {processor.py:157} INFO - Started process (PID=7971) to work on /home/den/Projects/venv/lib/python3.10/site-packages/airflow/example_dags/example_bash_operator.py
[2023-11-20T15:00:37.931+0500] {processor.py:829} INFO - Processing file /home/den/Projects/venv/lib/python3.10/site-packages/airflow/example_dags/example_bash_operator.py for tasks to queue
[2023-11-20T15:00:37.931+0500] {logging_mixin.py:154} INFO - [2023-11-20T15:00:37.931+0500] {dagbag.py:536} INFO - Filling up the DagBag from /home/den/Projects/venv/lib/python3.10/site-packages/airflow/example_dags/example_bash_operator.py
[2023-11-20T15:00:37.960+0500] {processor.py:839} INFO - DAG(s) dict_keys(['example_bash_operator']) retrieved from /home/den/Projects/venv/lib/python3.10/site-packages/airflow/example_dags/example_bash_operator.py
[2023-11-20T15:00:37.979+0500] {logging_mixin.py:154} INFO - [2023-11-20T15:00:37.979+0500] {dag.py:2941} INFO - Sync 1 DAGs
[2023-11-20T15:00:37.992+0500] {logging_mixin.py:154} INFO - [2023-11-20T15:00:37.992+0500] {dag.py:3722} INFO - Setting next_dagrun for example_bash_operator to 2023-11-19T00:00:00+00:00, run_after=2023-11-20T00:00:00+00:00
[2023-11-20T15:00:38.023+0500] {processor.py:179} INFO - Processing /home/den/Projects/venv/lib/python3.10/site-packages/airflow/example_dags/example_bash_operator.py took 0.098 seconds
[2023-11-20T15:01:28.834+0500] {processor.py:157} INFO - Started process (PID=8045) to work on /home/den/Projects/venv/lib/python3.10/site-packages/airflow/example_dags/example_bash_operator.py
[2023-11-20T15:01:28.835+0500] {processor.py:829} INFO - Processing file /home/den/Projects/venv/lib/python3.10/site-packages/airflow/example_dags/example_bash_operator.py for tasks to queue
[2023-11-20T15:01:28.836+0500] {logging_mixin.py:154} INFO - [2023-11-20T15:01:28.836+0500] {dagbag.py:536} INFO - Filling up the DagBag from /home/den/Projects/venv/lib/python3.10/site-packages/airflow/example_dags/example_bash_operator.py
[2023-11-20T15:01:28.844+0500] {processor.py:839} INFO - DAG(s) dict_keys(['example_bash_operator']) retrieved from /home/den/Projects/venv/lib/python3.10/site-packages/airflow/example_dags/example_bash_operator.py
[2023-11-20T15:01:28.860+0500] {logging_mixin.py:154} INFO - [2023-11-20T15:01:28.860+0500] {dag.py:2941} INFO - Sync 1 DAGs
[2023-11-20T15:01:28.874+0500] {logging_mixin.py:154} INFO - [2023-11-20T15:01:28.873+0500] {dag.py:3722} INFO - Setting next_dagrun for example_bash_operator to 2023-11-19T00:00:00+00:00, run_after=2023-11-20T00:00:00+00:00
[2023-11-20T15:01:28.898+0500] {processor.py:179} INFO - Processing /home/den/Projects/venv/lib/python3.10/site-packages/airflow/example_dags/example_bash_operator.py took 0.067 seconds
[2023-11-20T15:03:16.184+0500] {processor.py:157} INFO - Started process (PID=8232) to work on /home/den/Projects/venv/lib/python3.10/site-packages/airflow/example_dags/example_bash_operator.py
[2023-11-20T15:03:16.198+0500] {processor.py:829} INFO - Processing file /home/den/Projects/venv/lib/python3.10/site-packages/airflow/example_dags/example_bash_operator.py for tasks to queue
[2023-11-20T15:03:16.199+0500] {logging_mixin.py:154} INFO - [2023-11-20T15:03:16.198+0500] {dagbag.py:536} INFO - Filling up the DagBag from /home/den/Projects/venv/lib/python3.10/site-packages/airflow/example_dags/example_bash_operator.py
[2023-11-20T15:03:16.213+0500] {processor.py:839} INFO - DAG(s) dict_keys(['example_bash_operator']) retrieved from /home/den/Projects/venv/lib/python3.10/site-packages/airflow/example_dags/example_bash_operator.py
[2023-11-20T15:03:16.248+0500] {logging_mixin.py:154} INFO - [2023-11-20T15:03:16.247+0500] {dag.py:2941} INFO - Sync 1 DAGs
[2023-11-20T15:03:16.275+0500] {logging_mixin.py:154} INFO - [2023-11-20T15:03:16.275+0500] {dag.py:3722} INFO - Setting next_dagrun for example_bash_operator to 2023-11-19T00:00:00+00:00, run_after=2023-11-20T00:00:00+00:00
[2023-11-20T15:03:16.310+0500] {processor.py:179} INFO - Processing /home/den/Projects/venv/lib/python3.10/site-packages/airflow/example_dags/example_bash_operator.py took 0.130 seconds
[2023-11-20T15:04:05.956+0500] {processor.py:157} INFO - Started process (PID=8339) to work on /home/den/Projects/venv/lib/python3.10/site-packages/airflow/example_dags/example_bash_operator.py
[2023-11-20T15:04:05.959+0500] {processor.py:829} INFO - Processing file /home/den/Projects/venv/lib/python3.10/site-packages/airflow/example_dags/example_bash_operator.py for tasks to queue
[2023-11-20T15:04:05.961+0500] {logging_mixin.py:154} INFO - [2023-11-20T15:04:05.960+0500] {dagbag.py:536} INFO - Filling up the DagBag from /home/den/Projects/venv/lib/python3.10/site-packages/airflow/example_dags/example_bash_operator.py
[2023-11-20T15:04:05.975+0500] {processor.py:839} INFO - DAG(s) dict_keys(['example_bash_operator']) retrieved from /home/den/Projects/venv/lib/python3.10/site-packages/airflow/example_dags/example_bash_operator.py
[2023-11-20T15:04:06.007+0500] {logging_mixin.py:154} INFO - [2023-11-20T15:04:06.007+0500] {dag.py:2941} INFO - Sync 1 DAGs
[2023-11-20T15:04:06.032+0500] {logging_mixin.py:154} INFO - [2023-11-20T15:04:06.032+0500] {dag.py:3722} INFO - Setting next_dagrun for example_bash_operator to 2023-11-19T00:00:00+00:00, run_after=2023-11-20T00:00:00+00:00
[2023-11-20T15:04:06.060+0500] {processor.py:179} INFO - Processing /home/den/Projects/venv/lib/python3.10/site-packages/airflow/example_dags/example_bash_operator.py took 0.109 seconds
[2023-11-20T15:04:43.308+0500] {processor.py:157} INFO - Started process (PID=8386) to work on /home/den/Projects/venv/lib/python3.10/site-packages/airflow/example_dags/example_bash_operator.py
[2023-11-20T15:04:43.310+0500] {processor.py:829} INFO - Processing file /home/den/Projects/venv/lib/python3.10/site-packages/airflow/example_dags/example_bash_operator.py for tasks to queue
[2023-11-20T15:04:43.312+0500] {logging_mixin.py:154} INFO - [2023-11-20T15:04:43.311+0500] {dagbag.py:536} INFO - Filling up the DagBag from /home/den/Projects/venv/lib/python3.10/site-packages/airflow/example_dags/example_bash_operator.py
[2023-11-20T15:04:43.327+0500] {processor.py:839} INFO - DAG(s) dict_keys(['example_bash_operator']) retrieved from /home/den/Projects/venv/lib/python3.10/site-packages/airflow/example_dags/example_bash_operator.py
[2023-11-20T15:04:43.350+0500] {logging_mixin.py:154} INFO - [2023-11-20T15:04:43.350+0500] {dag.py:2941} INFO - Sync 1 DAGs
[2023-11-20T15:04:43.365+0500] {logging_mixin.py:154} INFO - [2023-11-20T15:04:43.365+0500] {dag.py:3722} INFO - Setting next_dagrun for example_bash_operator to 2023-11-19T00:00:00+00:00, run_after=2023-11-20T00:00:00+00:00
[2023-11-20T15:04:43.399+0500] {processor.py:179} INFO - Processing /home/den/Projects/venv/lib/python3.10/site-packages/airflow/example_dags/example_bash_operator.py took 0.100 seconds
[2023-11-20T15:05:24.410+0500] {processor.py:157} INFO - Started process (PID=8445) to work on /home/den/Projects/venv/lib/python3.10/site-packages/airflow/example_dags/example_bash_operator.py
[2023-11-20T15:05:24.416+0500] {processor.py:829} INFO - Processing file /home/den/Projects/venv/lib/python3.10/site-packages/airflow/example_dags/example_bash_operator.py for tasks to queue
[2023-11-20T15:05:24.419+0500] {logging_mixin.py:154} INFO - [2023-11-20T15:05:24.418+0500] {dagbag.py:536} INFO - Filling up the DagBag from /home/den/Projects/venv/lib/python3.10/site-packages/airflow/example_dags/example_bash_operator.py
[2023-11-20T15:05:24.435+0500] {processor.py:839} INFO - DAG(s) dict_keys(['example_bash_operator']) retrieved from /home/den/Projects/venv/lib/python3.10/site-packages/airflow/example_dags/example_bash_operator.py
[2023-11-20T15:05:24.470+0500] {logging_mixin.py:154} INFO - [2023-11-20T15:05:24.470+0500] {dag.py:2941} INFO - Sync 1 DAGs
[2023-11-20T15:05:24.505+0500] {logging_mixin.py:154} INFO - [2023-11-20T15:05:24.505+0500] {dag.py:3722} INFO - Setting next_dagrun for example_bash_operator to 2023-11-19T00:00:00+00:00, run_after=2023-11-20T00:00:00+00:00
[2023-11-20T15:05:24.550+0500] {processor.py:179} INFO - Processing /home/den/Projects/venv/lib/python3.10/site-packages/airflow/example_dags/example_bash_operator.py took 0.146 seconds
[2023-11-20T15:06:19.718+0500] {processor.py:157} INFO - Started process (PID=8546) to work on /home/den/Projects/venv/lib/python3.10/site-packages/airflow/example_dags/example_bash_operator.py
[2023-11-20T15:06:19.720+0500] {processor.py:829} INFO - Processing file /home/den/Projects/venv/lib/python3.10/site-packages/airflow/example_dags/example_bash_operator.py for tasks to queue
[2023-11-20T15:06:19.721+0500] {logging_mixin.py:154} INFO - [2023-11-20T15:06:19.721+0500] {dagbag.py:536} INFO - Filling up the DagBag from /home/den/Projects/venv/lib/python3.10/site-packages/airflow/example_dags/example_bash_operator.py
[2023-11-20T15:06:19.735+0500] {processor.py:839} INFO - DAG(s) dict_keys(['example_bash_operator']) retrieved from /home/den/Projects/venv/lib/python3.10/site-packages/airflow/example_dags/example_bash_operator.py
[2023-11-20T15:06:19.766+0500] {logging_mixin.py:154} INFO - [2023-11-20T15:06:19.766+0500] {dag.py:2941} INFO - Sync 1 DAGs
[2023-11-20T15:06:19.790+0500] {logging_mixin.py:154} INFO - [2023-11-20T15:06:19.790+0500] {dag.py:3722} INFO - Setting next_dagrun for example_bash_operator to 2023-11-19T00:00:00+00:00, run_after=2023-11-20T00:00:00+00:00
[2023-11-20T15:06:19.825+0500] {processor.py:179} INFO - Processing /home/den/Projects/venv/lib/python3.10/site-packages/airflow/example_dags/example_bash_operator.py took 0.113 seconds
[2023-11-20T15:07:16.939+0500] {processor.py:157} INFO - Started process (PID=8617) to work on /home/den/Projects/venv/lib/python3.10/site-packages/airflow/example_dags/example_bash_operator.py
[2023-11-20T15:07:16.940+0500] {processor.py:829} INFO - Processing file /home/den/Projects/venv/lib/python3.10/site-packages/airflow/example_dags/example_bash_operator.py for tasks to queue
[2023-11-20T15:07:16.942+0500] {logging_mixin.py:154} INFO - [2023-11-20T15:07:16.941+0500] {dagbag.py:536} INFO - Filling up the DagBag from /home/den/Projects/venv/lib/python3.10/site-packages/airflow/example_dags/example_bash_operator.py
[2023-11-20T15:07:16.965+0500] {processor.py:839} INFO - DAG(s) dict_keys(['example_bash_operator']) retrieved from /home/den/Projects/venv/lib/python3.10/site-packages/airflow/example_dags/example_bash_operator.py
[2023-11-20T15:07:16.989+0500] {logging_mixin.py:154} INFO - [2023-11-20T15:07:16.989+0500] {dag.py:2941} INFO - Sync 1 DAGs
[2023-11-20T15:07:17.012+0500] {logging_mixin.py:154} INFO - [2023-11-20T15:07:17.012+0500] {dag.py:3722} INFO - Setting next_dagrun for example_bash_operator to 2023-11-19T00:00:00+00:00, run_after=2023-11-20T00:00:00+00:00
[2023-11-20T15:07:17.042+0500] {processor.py:179} INFO - Processing /home/den/Projects/venv/lib/python3.10/site-packages/airflow/example_dags/example_bash_operator.py took 0.108 seconds
[2023-11-20T15:08:03.226+0500] {processor.py:157} INFO - Started process (PID=8717) to work on /home/den/Projects/venv/lib/python3.10/site-packages/airflow/example_dags/example_bash_operator.py
[2023-11-20T15:08:03.229+0500] {processor.py:829} INFO - Processing file /home/den/Projects/venv/lib/python3.10/site-packages/airflow/example_dags/example_bash_operator.py for tasks to queue
[2023-11-20T15:08:03.230+0500] {logging_mixin.py:154} INFO - [2023-11-20T15:08:03.230+0500] {dagbag.py:536} INFO - Filling up the DagBag from /home/den/Projects/venv/lib/python3.10/site-packages/airflow/example_dags/example_bash_operator.py
[2023-11-20T15:08:03.255+0500] {processor.py:839} INFO - DAG(s) dict_keys(['example_bash_operator']) retrieved from /home/den/Projects/venv/lib/python3.10/site-packages/airflow/example_dags/example_bash_operator.py
[2023-11-20T15:08:03.290+0500] {logging_mixin.py:154} INFO - [2023-11-20T15:08:03.289+0500] {dag.py:2941} INFO - Sync 1 DAGs
[2023-11-20T15:08:03.322+0500] {logging_mixin.py:154} INFO - [2023-11-20T15:08:03.322+0500] {dag.py:3722} INFO - Setting next_dagrun for example_bash_operator to 2023-11-19T00:00:00+00:00, run_after=2023-11-20T00:00:00+00:00
[2023-11-20T15:08:03.350+0500] {processor.py:179} INFO - Processing /home/den/Projects/venv/lib/python3.10/site-packages/airflow/example_dags/example_bash_operator.py took 0.128 seconds
[2023-11-20T15:08:48.078+0500] {processor.py:157} INFO - Started process (PID=8780) to work on /home/den/Projects/venv/lib/python3.10/site-packages/airflow/example_dags/example_bash_operator.py
[2023-11-20T15:08:48.085+0500] {processor.py:829} INFO - Processing file /home/den/Projects/venv/lib/python3.10/site-packages/airflow/example_dags/example_bash_operator.py for tasks to queue
[2023-11-20T15:08:48.086+0500] {logging_mixin.py:154} INFO - [2023-11-20T15:08:48.086+0500] {dagbag.py:536} INFO - Filling up the DagBag from /home/den/Projects/venv/lib/python3.10/site-packages/airflow/example_dags/example_bash_operator.py
[2023-11-20T15:08:48.103+0500] {processor.py:839} INFO - DAG(s) dict_keys(['example_bash_operator']) retrieved from /home/den/Projects/venv/lib/python3.10/site-packages/airflow/example_dags/example_bash_operator.py
[2023-11-20T15:08:48.139+0500] {logging_mixin.py:154} INFO - [2023-11-20T15:08:48.139+0500] {dag.py:2941} INFO - Sync 1 DAGs
[2023-11-20T15:08:48.169+0500] {logging_mixin.py:154} INFO - [2023-11-20T15:08:48.168+0500] {dag.py:3722} INFO - Setting next_dagrun for example_bash_operator to 2023-11-19T00:00:00+00:00, run_after=2023-11-20T00:00:00+00:00
[2023-11-20T15:08:48.207+0500] {processor.py:179} INFO - Processing /home/den/Projects/venv/lib/python3.10/site-packages/airflow/example_dags/example_bash_operator.py took 0.132 seconds
[2023-11-20T15:09:29.290+0500] {processor.py:157} INFO - Started process (PID=8840) to work on /home/den/Projects/venv/lib/python3.10/site-packages/airflow/example_dags/example_bash_operator.py
[2023-11-20T15:09:29.299+0500] {processor.py:829} INFO - Processing file /home/den/Projects/venv/lib/python3.10/site-packages/airflow/example_dags/example_bash_operator.py for tasks to queue
[2023-11-20T15:09:29.301+0500] {logging_mixin.py:154} INFO - [2023-11-20T15:09:29.300+0500] {dagbag.py:536} INFO - Filling up the DagBag from /home/den/Projects/venv/lib/python3.10/site-packages/airflow/example_dags/example_bash_operator.py
[2023-11-20T15:09:29.320+0500] {processor.py:839} INFO - DAG(s) dict_keys(['example_bash_operator']) retrieved from /home/den/Projects/venv/lib/python3.10/site-packages/airflow/example_dags/example_bash_operator.py
[2023-11-20T15:09:29.347+0500] {logging_mixin.py:154} INFO - [2023-11-20T15:09:29.347+0500] {dag.py:2941} INFO - Sync 1 DAGs
[2023-11-20T15:09:29.377+0500] {logging_mixin.py:154} INFO - [2023-11-20T15:09:29.377+0500] {dag.py:3722} INFO - Setting next_dagrun for example_bash_operator to 2023-11-19T00:00:00+00:00, run_after=2023-11-20T00:00:00+00:00
[2023-11-20T15:09:29.419+0500] {processor.py:179} INFO - Processing /home/den/Projects/venv/lib/python3.10/site-packages/airflow/example_dags/example_bash_operator.py took 0.132 seconds
[2023-11-20T15:10:09.691+0500] {processor.py:157} INFO - Started process (PID=8913) to work on /home/den/Projects/venv/lib/python3.10/site-packages/airflow/example_dags/example_bash_operator.py
[2023-11-20T15:10:09.692+0500] {processor.py:829} INFO - Processing file /home/den/Projects/venv/lib/python3.10/site-packages/airflow/example_dags/example_bash_operator.py for tasks to queue
[2023-11-20T15:10:09.693+0500] {logging_mixin.py:154} INFO - [2023-11-20T15:10:09.693+0500] {dagbag.py:536} INFO - Filling up the DagBag from /home/den/Projects/venv/lib/python3.10/site-packages/airflow/example_dags/example_bash_operator.py
[2023-11-20T15:10:09.714+0500] {processor.py:839} INFO - DAG(s) dict_keys(['example_bash_operator']) retrieved from /home/den/Projects/venv/lib/python3.10/site-packages/airflow/example_dags/example_bash_operator.py
[2023-11-20T15:10:09.736+0500] {logging_mixin.py:154} INFO - [2023-11-20T15:10:09.735+0500] {dag.py:2941} INFO - Sync 1 DAGs
[2023-11-20T15:10:09.754+0500] {logging_mixin.py:154} INFO - [2023-11-20T15:10:09.754+0500] {dag.py:3722} INFO - Setting next_dagrun for example_bash_operator to 2023-11-19T00:00:00+00:00, run_after=2023-11-20T00:00:00+00:00
[2023-11-20T15:10:09.789+0500] {processor.py:179} INFO - Processing /home/den/Projects/venv/lib/python3.10/site-packages/airflow/example_dags/example_bash_operator.py took 0.102 seconds
[2023-11-20T15:10:50.191+0500] {processor.py:157} INFO - Started process (PID=8971) to work on /home/den/Projects/venv/lib/python3.10/site-packages/airflow/example_dags/example_bash_operator.py
[2023-11-20T15:10:50.193+0500] {processor.py:829} INFO - Processing file /home/den/Projects/venv/lib/python3.10/site-packages/airflow/example_dags/example_bash_operator.py for tasks to queue
[2023-11-20T15:10:50.195+0500] {logging_mixin.py:154} INFO - [2023-11-20T15:10:50.194+0500] {dagbag.py:536} INFO - Filling up the DagBag from /home/den/Projects/venv/lib/python3.10/site-packages/airflow/example_dags/example_bash_operator.py
[2023-11-20T15:10:50.209+0500] {processor.py:839} INFO - DAG(s) dict_keys(['example_bash_operator']) retrieved from /home/den/Projects/venv/lib/python3.10/site-packages/airflow/example_dags/example_bash_operator.py
[2023-11-20T15:10:50.246+0500] {logging_mixin.py:154} INFO - [2023-11-20T15:10:50.245+0500] {dag.py:2941} INFO - Sync 1 DAGs
[2023-11-20T15:10:50.273+0500] {logging_mixin.py:154} INFO - [2023-11-20T15:10:50.273+0500] {dag.py:3722} INFO - Setting next_dagrun for example_bash_operator to 2023-11-19T00:00:00+00:00, run_after=2023-11-20T00:00:00+00:00
[2023-11-20T15:10:50.311+0500] {processor.py:179} INFO - Processing /home/den/Projects/venv/lib/python3.10/site-packages/airflow/example_dags/example_bash_operator.py took 0.124 seconds
[2023-11-20T15:11:39.232+0500] {processor.py:157} INFO - Started process (PID=9032) to work on /home/den/Projects/venv/lib/python3.10/site-packages/airflow/example_dags/example_bash_operator.py
[2023-11-20T15:11:39.233+0500] {processor.py:829} INFO - Processing file /home/den/Projects/venv/lib/python3.10/site-packages/airflow/example_dags/example_bash_operator.py for tasks to queue
[2023-11-20T15:11:39.234+0500] {logging_mixin.py:154} INFO - [2023-11-20T15:11:39.234+0500] {dagbag.py:536} INFO - Filling up the DagBag from /home/den/Projects/venv/lib/python3.10/site-packages/airflow/example_dags/example_bash_operator.py
[2023-11-20T15:11:39.250+0500] {processor.py:839} INFO - DAG(s) dict_keys(['example_bash_operator']) retrieved from /home/den/Projects/venv/lib/python3.10/site-packages/airflow/example_dags/example_bash_operator.py
[2023-11-20T15:11:39.280+0500] {logging_mixin.py:154} INFO - [2023-11-20T15:11:39.280+0500] {dag.py:2941} INFO - Sync 1 DAGs
[2023-11-20T15:11:39.311+0500] {logging_mixin.py:154} INFO - [2023-11-20T15:11:39.311+0500] {dag.py:3722} INFO - Setting next_dagrun for example_bash_operator to 2023-11-19T00:00:00+00:00, run_after=2023-11-20T00:00:00+00:00
[2023-11-20T15:11:39.369+0500] {processor.py:179} INFO - Processing /home/den/Projects/venv/lib/python3.10/site-packages/airflow/example_dags/example_bash_operator.py took 0.141 seconds
[2023-11-20T15:12:16.300+0500] {processor.py:157} INFO - Started process (PID=9105) to work on /home/den/Projects/venv/lib/python3.10/site-packages/airflow/example_dags/example_bash_operator.py
[2023-11-20T15:12:16.305+0500] {processor.py:829} INFO - Processing file /home/den/Projects/venv/lib/python3.10/site-packages/airflow/example_dags/example_bash_operator.py for tasks to queue
[2023-11-20T15:12:16.306+0500] {logging_mixin.py:154} INFO - [2023-11-20T15:12:16.305+0500] {dagbag.py:536} INFO - Filling up the DagBag from /home/den/Projects/venv/lib/python3.10/site-packages/airflow/example_dags/example_bash_operator.py
[2023-11-20T15:12:16.322+0500] {processor.py:839} INFO - DAG(s) dict_keys(['example_bash_operator']) retrieved from /home/den/Projects/venv/lib/python3.10/site-packages/airflow/example_dags/example_bash_operator.py
[2023-11-20T15:12:16.362+0500] {logging_mixin.py:154} INFO - [2023-11-20T15:12:16.362+0500] {dag.py:2941} INFO - Sync 1 DAGs
[2023-11-20T15:12:16.390+0500] {logging_mixin.py:154} INFO - [2023-11-20T15:12:16.390+0500] {dag.py:3722} INFO - Setting next_dagrun for example_bash_operator to 2023-11-19T00:00:00+00:00, run_after=2023-11-20T00:00:00+00:00
[2023-11-20T15:12:16.439+0500] {processor.py:179} INFO - Processing /home/den/Projects/venv/lib/python3.10/site-packages/airflow/example_dags/example_bash_operator.py took 0.143 seconds
[2023-11-20T15:13:08.927+0500] {processor.py:157} INFO - Started process (PID=9177) to work on /home/den/Projects/venv/lib/python3.10/site-packages/airflow/example_dags/example_bash_operator.py
[2023-11-20T15:13:08.936+0500] {processor.py:829} INFO - Processing file /home/den/Projects/venv/lib/python3.10/site-packages/airflow/example_dags/example_bash_operator.py for tasks to queue
[2023-11-20T15:13:08.937+0500] {logging_mixin.py:154} INFO - [2023-11-20T15:13:08.937+0500] {dagbag.py:536} INFO - Filling up the DagBag from /home/den/Projects/venv/lib/python3.10/site-packages/airflow/example_dags/example_bash_operator.py
[2023-11-20T15:13:08.958+0500] {processor.py:839} INFO - DAG(s) dict_keys(['example_bash_operator']) retrieved from /home/den/Projects/venv/lib/python3.10/site-packages/airflow/example_dags/example_bash_operator.py
[2023-11-20T15:13:08.979+0500] {logging_mixin.py:154} INFO - [2023-11-20T15:13:08.979+0500] {dag.py:2941} INFO - Sync 1 DAGs
[2023-11-20T15:13:08.994+0500] {logging_mixin.py:154} INFO - [2023-11-20T15:13:08.994+0500] {dag.py:3722} INFO - Setting next_dagrun for example_bash_operator to 2023-11-19T00:00:00+00:00, run_after=2023-11-20T00:00:00+00:00
[2023-11-20T15:13:09.032+0500] {processor.py:179} INFO - Processing /home/den/Projects/venv/lib/python3.10/site-packages/airflow/example_dags/example_bash_operator.py took 0.108 seconds
[2023-11-20T15:14:04.608+0500] {processor.py:157} INFO - Started process (PID=9288) to work on /home/den/Projects/venv/lib/python3.10/site-packages/airflow/example_dags/example_bash_operator.py
[2023-11-20T15:14:04.612+0500] {processor.py:829} INFO - Processing file /home/den/Projects/venv/lib/python3.10/site-packages/airflow/example_dags/example_bash_operator.py for tasks to queue
[2023-11-20T15:14:04.614+0500] {logging_mixin.py:154} INFO - [2023-11-20T15:14:04.613+0500] {dagbag.py:536} INFO - Filling up the DagBag from /home/den/Projects/venv/lib/python3.10/site-packages/airflow/example_dags/example_bash_operator.py
[2023-11-20T15:14:04.627+0500] {processor.py:839} INFO - DAG(s) dict_keys(['example_bash_operator']) retrieved from /home/den/Projects/venv/lib/python3.10/site-packages/airflow/example_dags/example_bash_operator.py
[2023-11-20T15:14:04.660+0500] {logging_mixin.py:154} INFO - [2023-11-20T15:14:04.660+0500] {dag.py:2941} INFO - Sync 1 DAGs
[2023-11-20T15:14:04.682+0500] {logging_mixin.py:154} INFO - [2023-11-20T15:14:04.682+0500] {dag.py:3722} INFO - Setting next_dagrun for example_bash_operator to 2023-11-19T00:00:00+00:00, run_after=2023-11-20T00:00:00+00:00
[2023-11-20T15:14:04.724+0500] {processor.py:179} INFO - Processing /home/den/Projects/venv/lib/python3.10/site-packages/airflow/example_dags/example_bash_operator.py took 0.119 seconds
[2023-11-20T15:14:43.526+0500] {processor.py:157} INFO - Started process (PID=9337) to work on /home/den/Projects/venv/lib/python3.10/site-packages/airflow/example_dags/example_bash_operator.py
[2023-11-20T15:14:43.528+0500] {processor.py:829} INFO - Processing file /home/den/Projects/venv/lib/python3.10/site-packages/airflow/example_dags/example_bash_operator.py for tasks to queue
[2023-11-20T15:14:43.529+0500] {logging_mixin.py:154} INFO - [2023-11-20T15:14:43.528+0500] {dagbag.py:536} INFO - Filling up the DagBag from /home/den/Projects/venv/lib/python3.10/site-packages/airflow/example_dags/example_bash_operator.py
[2023-11-20T15:14:43.550+0500] {processor.py:839} INFO - DAG(s) dict_keys(['example_bash_operator']) retrieved from /home/den/Projects/venv/lib/python3.10/site-packages/airflow/example_dags/example_bash_operator.py
[2023-11-20T15:14:43.584+0500] {logging_mixin.py:154} INFO - [2023-11-20T15:14:43.584+0500] {dag.py:2941} INFO - Sync 1 DAGs
[2023-11-20T15:14:43.616+0500] {logging_mixin.py:154} INFO - [2023-11-20T15:14:43.616+0500] {dag.py:3722} INFO - Setting next_dagrun for example_bash_operator to 2023-11-19T00:00:00+00:00, run_after=2023-11-20T00:00:00+00:00
[2023-11-20T15:14:43.660+0500] {processor.py:179} INFO - Processing /home/den/Projects/venv/lib/python3.10/site-packages/airflow/example_dags/example_bash_operator.py took 0.140 seconds
[2023-11-20T15:15:34.891+0500] {processor.py:157} INFO - Started process (PID=9416) to work on /home/den/Projects/venv/lib/python3.10/site-packages/airflow/example_dags/example_bash_operator.py
[2023-11-20T15:15:34.893+0500] {processor.py:829} INFO - Processing file /home/den/Projects/venv/lib/python3.10/site-packages/airflow/example_dags/example_bash_operator.py for tasks to queue
[2023-11-20T15:15:34.894+0500] {logging_mixin.py:154} INFO - [2023-11-20T15:15:34.893+0500] {dagbag.py:536} INFO - Filling up the DagBag from /home/den/Projects/venv/lib/python3.10/site-packages/airflow/example_dags/example_bash_operator.py
[2023-11-20T15:15:34.905+0500] {processor.py:839} INFO - DAG(s) dict_keys(['example_bash_operator']) retrieved from /home/den/Projects/venv/lib/python3.10/site-packages/airflow/example_dags/example_bash_operator.py
[2023-11-20T15:15:34.923+0500] {logging_mixin.py:154} INFO - [2023-11-20T15:15:34.923+0500] {dag.py:2941} INFO - Sync 1 DAGs
[2023-11-20T15:15:34.937+0500] {logging_mixin.py:154} INFO - [2023-11-20T15:15:34.937+0500] {dag.py:3722} INFO - Setting next_dagrun for example_bash_operator to 2023-11-19T00:00:00+00:00, run_after=2023-11-20T00:00:00+00:00
[2023-11-20T15:15:34.963+0500] {processor.py:179} INFO - Processing /home/den/Projects/venv/lib/python3.10/site-packages/airflow/example_dags/example_bash_operator.py took 0.075 seconds
[2023-11-20T15:16:23.260+0500] {processor.py:157} INFO - Started process (PID=9510) to work on /home/den/Projects/venv/lib/python3.10/site-packages/airflow/example_dags/example_bash_operator.py
[2023-11-20T15:16:23.261+0500] {processor.py:829} INFO - Processing file /home/den/Projects/venv/lib/python3.10/site-packages/airflow/example_dags/example_bash_operator.py for tasks to queue
[2023-11-20T15:16:23.262+0500] {logging_mixin.py:154} INFO - [2023-11-20T15:16:23.262+0500] {dagbag.py:536} INFO - Filling up the DagBag from /home/den/Projects/venv/lib/python3.10/site-packages/airflow/example_dags/example_bash_operator.py
[2023-11-20T15:16:23.274+0500] {processor.py:839} INFO - DAG(s) dict_keys(['example_bash_operator']) retrieved from /home/den/Projects/venv/lib/python3.10/site-packages/airflow/example_dags/example_bash_operator.py
[2023-11-20T15:16:23.291+0500] {logging_mixin.py:154} INFO - [2023-11-20T15:16:23.290+0500] {dag.py:2941} INFO - Sync 1 DAGs
[2023-11-20T15:16:23.304+0500] {logging_mixin.py:154} INFO - [2023-11-20T15:16:23.304+0500] {dag.py:3722} INFO - Setting next_dagrun for example_bash_operator to 2023-11-19T00:00:00+00:00, run_after=2023-11-20T00:00:00+00:00
[2023-11-20T15:16:23.330+0500] {processor.py:179} INFO - Processing /home/den/Projects/venv/lib/python3.10/site-packages/airflow/example_dags/example_bash_operator.py took 0.074 seconds
[2023-11-20T15:17:12.266+0500] {processor.py:157} INFO - Started process (PID=9575) to work on /home/den/Projects/venv/lib/python3.10/site-packages/airflow/example_dags/example_bash_operator.py
[2023-11-20T15:17:12.268+0500] {processor.py:829} INFO - Processing file /home/den/Projects/venv/lib/python3.10/site-packages/airflow/example_dags/example_bash_operator.py for tasks to queue
[2023-11-20T15:17:12.269+0500] {logging_mixin.py:154} INFO - [2023-11-20T15:17:12.268+0500] {dagbag.py:536} INFO - Filling up the DagBag from /home/den/Projects/venv/lib/python3.10/site-packages/airflow/example_dags/example_bash_operator.py
[2023-11-20T15:17:12.279+0500] {processor.py:839} INFO - DAG(s) dict_keys(['example_bash_operator']) retrieved from /home/den/Projects/venv/lib/python3.10/site-packages/airflow/example_dags/example_bash_operator.py
[2023-11-20T15:17:12.294+0500] {logging_mixin.py:154} INFO - [2023-11-20T15:17:12.294+0500] {dag.py:2941} INFO - Sync 1 DAGs
[2023-11-20T15:17:12.309+0500] {logging_mixin.py:154} INFO - [2023-11-20T15:17:12.309+0500] {dag.py:3722} INFO - Setting next_dagrun for example_bash_operator to 2023-11-19T00:00:00+00:00, run_after=2023-11-20T00:00:00+00:00
[2023-11-20T15:17:12.329+0500] {processor.py:179} INFO - Processing /home/den/Projects/venv/lib/python3.10/site-packages/airflow/example_dags/example_bash_operator.py took 0.066 seconds
[2023-11-20T15:17:54.655+0500] {processor.py:157} INFO - Started process (PID=9665) to work on /home/den/Projects/venv/lib/python3.10/site-packages/airflow/example_dags/example_bash_operator.py
[2023-11-20T15:17:54.656+0500] {processor.py:829} INFO - Processing file /home/den/Projects/venv/lib/python3.10/site-packages/airflow/example_dags/example_bash_operator.py for tasks to queue
[2023-11-20T15:17:54.657+0500] {logging_mixin.py:154} INFO - [2023-11-20T15:17:54.657+0500] {dagbag.py:536} INFO - Filling up the DagBag from /home/den/Projects/venv/lib/python3.10/site-packages/airflow/example_dags/example_bash_operator.py
[2023-11-20T15:17:54.669+0500] {processor.py:839} INFO - DAG(s) dict_keys(['example_bash_operator']) retrieved from /home/den/Projects/venv/lib/python3.10/site-packages/airflow/example_dags/example_bash_operator.py
[2023-11-20T15:17:54.691+0500] {logging_mixin.py:154} INFO - [2023-11-20T15:17:54.691+0500] {dag.py:2941} INFO - Sync 1 DAGs
[2023-11-20T15:17:54.704+0500] {logging_mixin.py:154} INFO - [2023-11-20T15:17:54.704+0500] {dag.py:3722} INFO - Setting next_dagrun for example_bash_operator to 2023-11-19T00:00:00+00:00, run_after=2023-11-20T00:00:00+00:00
[2023-11-20T15:17:54.731+0500] {processor.py:179} INFO - Processing /home/den/Projects/venv/lib/python3.10/site-packages/airflow/example_dags/example_bash_operator.py took 0.079 seconds
[2023-11-20T15:18:49.341+0500] {processor.py:157} INFO - Started process (PID=9732) to work on /home/den/Projects/venv/lib/python3.10/site-packages/airflow/example_dags/example_bash_operator.py
[2023-11-20T15:18:49.352+0500] {processor.py:829} INFO - Processing file /home/den/Projects/venv/lib/python3.10/site-packages/airflow/example_dags/example_bash_operator.py for tasks to queue
[2023-11-20T15:18:49.353+0500] {logging_mixin.py:154} INFO - [2023-11-20T15:18:49.352+0500] {dagbag.py:536} INFO - Filling up the DagBag from /home/den/Projects/venv/lib/python3.10/site-packages/airflow/example_dags/example_bash_operator.py
[2023-11-20T15:18:49.362+0500] {processor.py:839} INFO - DAG(s) dict_keys(['example_bash_operator']) retrieved from /home/den/Projects/venv/lib/python3.10/site-packages/airflow/example_dags/example_bash_operator.py
[2023-11-20T15:18:49.378+0500] {logging_mixin.py:154} INFO - [2023-11-20T15:18:49.378+0500] {dag.py:2941} INFO - Sync 1 DAGs
[2023-11-20T15:18:49.392+0500] {logging_mixin.py:154} INFO - [2023-11-20T15:18:49.392+0500] {dag.py:3722} INFO - Setting next_dagrun for example_bash_operator to 2023-11-19T00:00:00+00:00, run_after=2023-11-20T00:00:00+00:00
[2023-11-20T15:18:49.410+0500] {processor.py:179} INFO - Processing /home/den/Projects/venv/lib/python3.10/site-packages/airflow/example_dags/example_bash_operator.py took 0.072 seconds
[2023-11-20T15:19:33.398+0500] {processor.py:157} INFO - Started process (PID=9800) to work on /home/den/Projects/venv/lib/python3.10/site-packages/airflow/example_dags/example_bash_operator.py
[2023-11-20T15:19:33.400+0500] {processor.py:829} INFO - Processing file /home/den/Projects/venv/lib/python3.10/site-packages/airflow/example_dags/example_bash_operator.py for tasks to queue
[2023-11-20T15:19:33.400+0500] {logging_mixin.py:154} INFO - [2023-11-20T15:19:33.400+0500] {dagbag.py:536} INFO - Filling up the DagBag from /home/den/Projects/venv/lib/python3.10/site-packages/airflow/example_dags/example_bash_operator.py
[2023-11-20T15:19:33.410+0500] {processor.py:839} INFO - DAG(s) dict_keys(['example_bash_operator']) retrieved from /home/den/Projects/venv/lib/python3.10/site-packages/airflow/example_dags/example_bash_operator.py
[2023-11-20T15:19:33.426+0500] {logging_mixin.py:154} INFO - [2023-11-20T15:19:33.426+0500] {dag.py:2941} INFO - Sync 1 DAGs
[2023-11-20T15:19:33.439+0500] {logging_mixin.py:154} INFO - [2023-11-20T15:19:33.439+0500] {dag.py:3722} INFO - Setting next_dagrun for example_bash_operator to 2023-11-19T00:00:00+00:00, run_after=2023-11-20T00:00:00+00:00
[2023-11-20T15:19:33.464+0500] {processor.py:179} INFO - Processing /home/den/Projects/venv/lib/python3.10/site-packages/airflow/example_dags/example_bash_operator.py took 0.069 seconds
[2023-11-20T15:20:30.873+0500] {processor.py:157} INFO - Started process (PID=9965) to work on /home/den/Projects/venv/lib/python3.10/site-packages/airflow/example_dags/example_bash_operator.py
[2023-11-20T15:20:30.884+0500] {processor.py:829} INFO - Processing file /home/den/Projects/venv/lib/python3.10/site-packages/airflow/example_dags/example_bash_operator.py for tasks to queue
[2023-11-20T15:20:30.885+0500] {logging_mixin.py:154} INFO - [2023-11-20T15:20:30.885+0500] {dagbag.py:536} INFO - Filling up the DagBag from /home/den/Projects/venv/lib/python3.10/site-packages/airflow/example_dags/example_bash_operator.py
[2023-11-20T15:20:30.910+0500] {processor.py:839} INFO - DAG(s) dict_keys(['example_bash_operator']) retrieved from /home/den/Projects/venv/lib/python3.10/site-packages/airflow/example_dags/example_bash_operator.py
[2023-11-20T15:20:30.945+0500] {logging_mixin.py:154} INFO - [2023-11-20T15:20:30.945+0500] {dag.py:2941} INFO - Sync 1 DAGs
[2023-11-20T15:20:30.971+0500] {logging_mixin.py:154} INFO - [2023-11-20T15:20:30.971+0500] {dag.py:3722} INFO - Setting next_dagrun for example_bash_operator to 2023-11-19T00:00:00+00:00, run_after=2023-11-20T00:00:00+00:00
[2023-11-20T15:20:31.006+0500] {processor.py:179} INFO - Processing /home/den/Projects/venv/lib/python3.10/site-packages/airflow/example_dags/example_bash_operator.py took 0.137 seconds
[2023-11-20T15:21:12.954+0500] {processor.py:157} INFO - Started process (PID=10015) to work on /home/den/Projects/venv/lib/python3.10/site-packages/airflow/example_dags/example_bash_operator.py
[2023-11-20T15:21:12.956+0500] {processor.py:829} INFO - Processing file /home/den/Projects/venv/lib/python3.10/site-packages/airflow/example_dags/example_bash_operator.py for tasks to queue
[2023-11-20T15:21:12.957+0500] {logging_mixin.py:154} INFO - [2023-11-20T15:21:12.957+0500] {dagbag.py:536} INFO - Filling up the DagBag from /home/den/Projects/venv/lib/python3.10/site-packages/airflow/example_dags/example_bash_operator.py
[2023-11-20T15:21:12.971+0500] {processor.py:839} INFO - DAG(s) dict_keys(['example_bash_operator']) retrieved from /home/den/Projects/venv/lib/python3.10/site-packages/airflow/example_dags/example_bash_operator.py
[2023-11-20T15:21:12.998+0500] {logging_mixin.py:154} INFO - [2023-11-20T15:21:12.998+0500] {dag.py:2941} INFO - Sync 1 DAGs
[2023-11-20T15:21:13.026+0500] {logging_mixin.py:154} INFO - [2023-11-20T15:21:13.026+0500] {dag.py:3722} INFO - Setting next_dagrun for example_bash_operator to 2023-11-19T00:00:00+00:00, run_after=2023-11-20T00:00:00+00:00
[2023-11-20T15:21:13.064+0500] {processor.py:179} INFO - Processing /home/den/Projects/venv/lib/python3.10/site-packages/airflow/example_dags/example_bash_operator.py took 0.116 seconds
[2023-11-20T15:21:57.012+0500] {processor.py:157} INFO - Started process (PID=10106) to work on /home/den/Projects/venv/lib/python3.10/site-packages/airflow/example_dags/example_bash_operator.py
[2023-11-20T15:21:57.025+0500] {processor.py:829} INFO - Processing file /home/den/Projects/venv/lib/python3.10/site-packages/airflow/example_dags/example_bash_operator.py for tasks to queue
[2023-11-20T15:21:57.028+0500] {logging_mixin.py:154} INFO - [2023-11-20T15:21:57.027+0500] {dagbag.py:536} INFO - Filling up the DagBag from /home/den/Projects/venv/lib/python3.10/site-packages/airflow/example_dags/example_bash_operator.py
[2023-11-20T15:21:57.055+0500] {processor.py:839} INFO - DAG(s) dict_keys(['example_bash_operator']) retrieved from /home/den/Projects/venv/lib/python3.10/site-packages/airflow/example_dags/example_bash_operator.py
[2023-11-20T15:21:57.083+0500] {logging_mixin.py:154} INFO - [2023-11-20T15:21:57.083+0500] {dag.py:2941} INFO - Sync 1 DAGs
[2023-11-20T15:21:57.114+0500] {logging_mixin.py:154} INFO - [2023-11-20T15:21:57.114+0500] {dag.py:3722} INFO - Setting next_dagrun for example_bash_operator to 2023-11-19T00:00:00+00:00, run_after=2023-11-20T00:00:00+00:00
[2023-11-20T15:21:57.143+0500] {processor.py:179} INFO - Processing /home/den/Projects/venv/lib/python3.10/site-packages/airflow/example_dags/example_bash_operator.py took 0.137 seconds
[2023-11-20T15:22:39.448+0500] {processor.py:157} INFO - Started process (PID=10157) to work on /home/den/Projects/venv/lib/python3.10/site-packages/airflow/example_dags/example_bash_operator.py
[2023-11-20T15:22:39.457+0500] {processor.py:829} INFO - Processing file /home/den/Projects/venv/lib/python3.10/site-packages/airflow/example_dags/example_bash_operator.py for tasks to queue
[2023-11-20T15:22:39.458+0500] {logging_mixin.py:154} INFO - [2023-11-20T15:22:39.458+0500] {dagbag.py:536} INFO - Filling up the DagBag from /home/den/Projects/venv/lib/python3.10/site-packages/airflow/example_dags/example_bash_operator.py
[2023-11-20T15:22:39.473+0500] {processor.py:839} INFO - DAG(s) dict_keys(['example_bash_operator']) retrieved from /home/den/Projects/venv/lib/python3.10/site-packages/airflow/example_dags/example_bash_operator.py
[2023-11-20T15:22:39.503+0500] {logging_mixin.py:154} INFO - [2023-11-20T15:22:39.503+0500] {dag.py:2941} INFO - Sync 1 DAGs
[2023-11-20T15:22:39.526+0500] {logging_mixin.py:154} INFO - [2023-11-20T15:22:39.526+0500] {dag.py:3722} INFO - Setting next_dagrun for example_bash_operator to 2023-11-19T00:00:00+00:00, run_after=2023-11-20T00:00:00+00:00
[2023-11-20T15:22:39.562+0500] {processor.py:179} INFO - Processing /home/den/Projects/venv/lib/python3.10/site-packages/airflow/example_dags/example_bash_operator.py took 0.119 seconds
[2023-11-20T15:23:19.455+0500] {processor.py:157} INFO - Started process (PID=10224) to work on /home/den/Projects/venv/lib/python3.10/site-packages/airflow/example_dags/example_bash_operator.py
[2023-11-20T15:23:19.457+0500] {processor.py:829} INFO - Processing file /home/den/Projects/venv/lib/python3.10/site-packages/airflow/example_dags/example_bash_operator.py for tasks to queue
[2023-11-20T15:23:19.458+0500] {logging_mixin.py:154} INFO - [2023-11-20T15:23:19.458+0500] {dagbag.py:536} INFO - Filling up the DagBag from /home/den/Projects/venv/lib/python3.10/site-packages/airflow/example_dags/example_bash_operator.py
[2023-11-20T15:23:19.481+0500] {processor.py:839} INFO - DAG(s) dict_keys(['example_bash_operator']) retrieved from /home/den/Projects/venv/lib/python3.10/site-packages/airflow/example_dags/example_bash_operator.py
[2023-11-20T15:23:19.515+0500] {logging_mixin.py:154} INFO - [2023-11-20T15:23:19.514+0500] {dag.py:2941} INFO - Sync 1 DAGs
[2023-11-20T15:23:19.548+0500] {logging_mixin.py:154} INFO - [2023-11-20T15:23:19.548+0500] {dag.py:3722} INFO - Setting next_dagrun for example_bash_operator to 2023-11-19T00:00:00+00:00, run_after=2023-11-20T00:00:00+00:00
[2023-11-20T15:23:19.581+0500] {processor.py:179} INFO - Processing /home/den/Projects/venv/lib/python3.10/site-packages/airflow/example_dags/example_bash_operator.py took 0.131 seconds
