[2023-11-20T14:39:14.752+0500] {processor.py:157} INFO - Started process (PID=4618) to work on /home/den/Projects/venv/lib/python3.10/site-packages/airflow/example_dags/example_branch_python_dop_operator_3.py
[2023-11-20T14:39:14.753+0500] {processor.py:829} INFO - Processing file /home/den/Projects/venv/lib/python3.10/site-packages/airflow/example_dags/example_branch_python_dop_operator_3.py for tasks to queue
[2023-11-20T14:39:14.754+0500] {logging_mixin.py:154} INFO - [2023-11-20T14:39:14.753+0500] {dagbag.py:536} INFO - Filling up the DagBag from /home/den/Projects/venv/lib/python3.10/site-packages/airflow/example_dags/example_branch_python_dop_operator_3.py
[2023-11-20T14:39:14.771+0500] {processor.py:839} INFO - DAG(s) dict_keys(['example_branch_dop_operator_v3']) retrieved from /home/den/Projects/venv/lib/python3.10/site-packages/airflow/example_dags/example_branch_python_dop_operator_3.py
[2023-11-20T14:39:14.862+0500] {logging_mixin.py:154} INFO - [2023-11-20T14:39:14.861+0500] {manager.py:499} INFO - Created Permission View: %s
[2023-11-20T14:39:14.875+0500] {logging_mixin.py:154} INFO - [2023-11-20T14:39:14.875+0500] {manager.py:499} INFO - Created Permission View: %s
[2023-11-20T14:39:14.886+0500] {logging_mixin.py:154} INFO - [2023-11-20T14:39:14.886+0500] {manager.py:499} INFO - Created Permission View: %s
[2023-11-20T14:39:14.886+0500] {logging_mixin.py:154} INFO - [2023-11-20T14:39:14.886+0500] {dag.py:2941} INFO - Sync 1 DAGs
[2023-11-20T14:39:14.892+0500] {logging_mixin.py:154} INFO - [2023-11-20T14:39:14.892+0500] {dag.py:2963} INFO - Creating ORM DAG for example_branch_dop_operator_v3
[2023-11-20T14:39:14.901+0500] {logging_mixin.py:154} INFO - [2023-11-20T14:39:14.900+0500] {dag.py:3722} INFO - Setting next_dagrun for example_branch_dop_operator_v3 to 2023-11-20T09:38:00+00:00, run_after=2023-11-20T09:39:00+00:00
[2023-11-20T14:39:14.926+0500] {processor.py:179} INFO - Processing /home/den/Projects/venv/lib/python3.10/site-packages/airflow/example_dags/example_branch_python_dop_operator_3.py took 0.175 seconds
[2023-11-20T14:40:09.743+0500] {processor.py:157} INFO - Started process (PID=5260) to work on /home/den/Projects/venv/lib/python3.10/site-packages/airflow/example_dags/example_branch_python_dop_operator_3.py
[2023-11-20T14:40:09.745+0500] {processor.py:829} INFO - Processing file /home/den/Projects/venv/lib/python3.10/site-packages/airflow/example_dags/example_branch_python_dop_operator_3.py for tasks to queue
[2023-11-20T14:40:09.746+0500] {logging_mixin.py:154} INFO - [2023-11-20T14:40:09.745+0500] {dagbag.py:536} INFO - Filling up the DagBag from /home/den/Projects/venv/lib/python3.10/site-packages/airflow/example_dags/example_branch_python_dop_operator_3.py
[2023-11-20T14:40:09.755+0500] {processor.py:839} INFO - DAG(s) dict_keys(['example_branch_dop_operator_v3']) retrieved from /home/den/Projects/venv/lib/python3.10/site-packages/airflow/example_dags/example_branch_python_dop_operator_3.py
[2023-11-20T14:40:09.768+0500] {logging_mixin.py:154} INFO - [2023-11-20T14:40:09.768+0500] {dag.py:2941} INFO - Sync 1 DAGs
[2023-11-20T14:40:09.783+0500] {logging_mixin.py:154} INFO - [2023-11-20T14:40:09.782+0500] {dag.py:3722} INFO - Setting next_dagrun for example_branch_dop_operator_v3 to 2023-11-20T09:39:00+00:00, run_after=2023-11-20T09:40:00+00:00
[2023-11-20T14:40:09.800+0500] {processor.py:179} INFO - Processing /home/den/Projects/venv/lib/python3.10/site-packages/airflow/example_dags/example_branch_python_dop_operator_3.py took 0.060 seconds
[2023-11-20T14:40:46.986+0500] {processor.py:157} INFO - Started process (PID=5343) to work on /home/den/Projects/venv/lib/python3.10/site-packages/airflow/example_dags/example_branch_python_dop_operator_3.py
[2023-11-20T14:40:46.987+0500] {processor.py:829} INFO - Processing file /home/den/Projects/venv/lib/python3.10/site-packages/airflow/example_dags/example_branch_python_dop_operator_3.py for tasks to queue
[2023-11-20T14:40:46.988+0500] {logging_mixin.py:154} INFO - [2023-11-20T14:40:46.988+0500] {dagbag.py:536} INFO - Filling up the DagBag from /home/den/Projects/venv/lib/python3.10/site-packages/airflow/example_dags/example_branch_python_dop_operator_3.py
[2023-11-20T14:40:46.995+0500] {processor.py:839} INFO - DAG(s) dict_keys(['example_branch_dop_operator_v3']) retrieved from /home/den/Projects/venv/lib/python3.10/site-packages/airflow/example_dags/example_branch_python_dop_operator_3.py
[2023-11-20T14:40:47.007+0500] {logging_mixin.py:154} INFO - [2023-11-20T14:40:47.007+0500] {dag.py:2941} INFO - Sync 1 DAGs
[2023-11-20T14:40:47.022+0500] {logging_mixin.py:154} INFO - [2023-11-20T14:40:47.022+0500] {dag.py:3722} INFO - Setting next_dagrun for example_branch_dop_operator_v3 to 2023-11-20T09:39:00+00:00, run_after=2023-11-20T09:40:00+00:00
[2023-11-20T14:40:47.053+0500] {processor.py:179} INFO - Processing /home/den/Projects/venv/lib/python3.10/site-packages/airflow/example_dags/example_branch_python_dop_operator_3.py took 0.070 seconds
[2023-11-20T14:49:44.272+0500] {processor.py:157} INFO - Started process (PID=6361) to work on /home/den/Projects/venv/lib/python3.10/site-packages/airflow/example_dags/example_branch_python_dop_operator_3.py
[2023-11-20T14:49:44.278+0500] {processor.py:829} INFO - Processing file /home/den/Projects/venv/lib/python3.10/site-packages/airflow/example_dags/example_branch_python_dop_operator_3.py for tasks to queue
[2023-11-20T14:49:44.281+0500] {logging_mixin.py:154} INFO - [2023-11-20T14:49:44.281+0500] {dagbag.py:536} INFO - Filling up the DagBag from /home/den/Projects/venv/lib/python3.10/site-packages/airflow/example_dags/example_branch_python_dop_operator_3.py
[2023-11-20T14:49:44.293+0500] {processor.py:839} INFO - DAG(s) dict_keys(['example_branch_dop_operator_v3']) retrieved from /home/den/Projects/venv/lib/python3.10/site-packages/airflow/example_dags/example_branch_python_dop_operator_3.py
[2023-11-20T14:49:44.309+0500] {logging_mixin.py:154} INFO - [2023-11-20T14:49:44.309+0500] {dag.py:2941} INFO - Sync 1 DAGs
[2023-11-20T14:49:44.324+0500] {logging_mixin.py:154} INFO - [2023-11-20T14:49:44.324+0500] {dag.py:3722} INFO - Setting next_dagrun for example_branch_dop_operator_v3 to 2023-11-20T09:48:00+00:00, run_after=2023-11-20T09:49:00+00:00
[2023-11-20T14:49:44.340+0500] {processor.py:179} INFO - Processing /home/den/Projects/venv/lib/python3.10/site-packages/airflow/example_dags/example_branch_python_dop_operator_3.py took 0.071 seconds
[2023-11-20T14:50:34.725+0500] {processor.py:157} INFO - Started process (PID=6542) to work on /home/den/Projects/venv/lib/python3.10/site-packages/airflow/example_dags/example_branch_python_dop_operator_3.py
[2023-11-20T14:50:34.728+0500] {processor.py:829} INFO - Processing file /home/den/Projects/venv/lib/python3.10/site-packages/airflow/example_dags/example_branch_python_dop_operator_3.py for tasks to queue
[2023-11-20T14:50:34.732+0500] {logging_mixin.py:154} INFO - [2023-11-20T14:50:34.728+0500] {dagbag.py:536} INFO - Filling up the DagBag from /home/den/Projects/venv/lib/python3.10/site-packages/airflow/example_dags/example_branch_python_dop_operator_3.py
[2023-11-20T14:50:34.743+0500] {processor.py:839} INFO - DAG(s) dict_keys(['example_branch_dop_operator_v3']) retrieved from /home/den/Projects/venv/lib/python3.10/site-packages/airflow/example_dags/example_branch_python_dop_operator_3.py
[2023-11-20T14:50:34.761+0500] {logging_mixin.py:154} INFO - [2023-11-20T14:50:34.761+0500] {dag.py:2941} INFO - Sync 1 DAGs
[2023-11-20T14:50:34.778+0500] {logging_mixin.py:154} INFO - [2023-11-20T14:50:34.778+0500] {dag.py:3722} INFO - Setting next_dagrun for example_branch_dop_operator_v3 to 2023-11-20T09:49:00+00:00, run_after=2023-11-20T09:50:00+00:00
[2023-11-20T14:50:34.798+0500] {processor.py:179} INFO - Processing /home/den/Projects/venv/lib/python3.10/site-packages/airflow/example_dags/example_branch_python_dop_operator_3.py took 0.076 seconds
[2023-11-20T14:51:13.271+0500] {processor.py:157} INFO - Started process (PID=6592) to work on /home/den/Projects/venv/lib/python3.10/site-packages/airflow/example_dags/example_branch_python_dop_operator_3.py
[2023-11-20T14:51:13.273+0500] {processor.py:829} INFO - Processing file /home/den/Projects/venv/lib/python3.10/site-packages/airflow/example_dags/example_branch_python_dop_operator_3.py for tasks to queue
[2023-11-20T14:51:13.274+0500] {logging_mixin.py:154} INFO - [2023-11-20T14:51:13.273+0500] {dagbag.py:536} INFO - Filling up the DagBag from /home/den/Projects/venv/lib/python3.10/site-packages/airflow/example_dags/example_branch_python_dop_operator_3.py
[2023-11-20T14:51:13.281+0500] {processor.py:839} INFO - DAG(s) dict_keys(['example_branch_dop_operator_v3']) retrieved from /home/den/Projects/venv/lib/python3.10/site-packages/airflow/example_dags/example_branch_python_dop_operator_3.py
[2023-11-20T14:51:13.292+0500] {logging_mixin.py:154} INFO - [2023-11-20T14:51:13.292+0500] {dag.py:2941} INFO - Sync 1 DAGs
[2023-11-20T14:51:13.307+0500] {logging_mixin.py:154} INFO - [2023-11-20T14:51:13.307+0500] {dag.py:3722} INFO - Setting next_dagrun for example_branch_dop_operator_v3 to 2023-11-20T09:50:00+00:00, run_after=2023-11-20T09:51:00+00:00
[2023-11-20T14:51:13.328+0500] {processor.py:179} INFO - Processing /home/den/Projects/venv/lib/python3.10/site-packages/airflow/example_dags/example_branch_python_dop_operator_3.py took 0.060 seconds
[2023-11-20T14:51:59.845+0500] {processor.py:157} INFO - Started process (PID=6709) to work on /home/den/Projects/venv/lib/python3.10/site-packages/airflow/example_dags/example_branch_python_dop_operator_3.py
[2023-11-20T14:51:59.847+0500] {processor.py:829} INFO - Processing file /home/den/Projects/venv/lib/python3.10/site-packages/airflow/example_dags/example_branch_python_dop_operator_3.py for tasks to queue
[2023-11-20T14:51:59.847+0500] {logging_mixin.py:154} INFO - [2023-11-20T14:51:59.847+0500] {dagbag.py:536} INFO - Filling up the DagBag from /home/den/Projects/venv/lib/python3.10/site-packages/airflow/example_dags/example_branch_python_dop_operator_3.py
[2023-11-20T14:51:59.858+0500] {processor.py:839} INFO - DAG(s) dict_keys(['example_branch_dop_operator_v3']) retrieved from /home/den/Projects/venv/lib/python3.10/site-packages/airflow/example_dags/example_branch_python_dop_operator_3.py
[2023-11-20T14:51:59.878+0500] {logging_mixin.py:154} INFO - [2023-11-20T14:51:59.878+0500] {dag.py:2941} INFO - Sync 1 DAGs
[2023-11-20T14:51:59.920+0500] {logging_mixin.py:154} INFO - [2023-11-20T14:51:59.919+0500] {dag.py:3722} INFO - Setting next_dagrun for example_branch_dop_operator_v3 to 2023-11-20T09:50:00+00:00, run_after=2023-11-20T09:51:00+00:00
[2023-11-20T14:51:59.953+0500] {processor.py:179} INFO - Processing /home/den/Projects/venv/lib/python3.10/site-packages/airflow/example_dags/example_branch_python_dop_operator_3.py took 0.111 seconds
[2023-11-20T14:53:00.061+0500] {processor.py:157} INFO - Started process (PID=6865) to work on /home/den/Projects/venv/lib/python3.10/site-packages/airflow/example_dags/example_branch_python_dop_operator_3.py
[2023-11-20T14:53:00.062+0500] {processor.py:829} INFO - Processing file /home/den/Projects/venv/lib/python3.10/site-packages/airflow/example_dags/example_branch_python_dop_operator_3.py for tasks to queue
[2023-11-20T14:53:00.063+0500] {logging_mixin.py:154} INFO - [2023-11-20T14:53:00.063+0500] {dagbag.py:536} INFO - Filling up the DagBag from /home/den/Projects/venv/lib/python3.10/site-packages/airflow/example_dags/example_branch_python_dop_operator_3.py
[2023-11-20T14:53:00.081+0500] {processor.py:839} INFO - DAG(s) dict_keys(['example_branch_dop_operator_v3']) retrieved from /home/den/Projects/venv/lib/python3.10/site-packages/airflow/example_dags/example_branch_python_dop_operator_3.py
[2023-11-20T14:53:00.116+0500] {logging_mixin.py:154} INFO - [2023-11-20T14:53:00.115+0500] {dag.py:2941} INFO - Sync 1 DAGs
[2023-11-20T14:53:00.162+0500] {logging_mixin.py:154} INFO - [2023-11-20T14:53:00.162+0500] {dag.py:3722} INFO - Setting next_dagrun for example_branch_dop_operator_v3 to 2023-11-20T09:52:00+00:00, run_after=2023-11-20T09:53:00+00:00
[2023-11-20T14:53:00.185+0500] {processor.py:179} INFO - Processing /home/den/Projects/venv/lib/python3.10/site-packages/airflow/example_dags/example_branch_python_dop_operator_3.py took 0.127 seconds
[2023-11-20T14:54:36.480+0500] {processor.py:157} INFO - Started process (PID=7471) to work on /home/den/Projects/venv/lib/python3.10/site-packages/airflow/example_dags/example_branch_python_dop_operator_3.py
[2023-11-20T14:54:36.481+0500] {processor.py:829} INFO - Processing file /home/den/Projects/venv/lib/python3.10/site-packages/airflow/example_dags/example_branch_python_dop_operator_3.py for tasks to queue
[2023-11-20T14:54:36.482+0500] {logging_mixin.py:154} INFO - [2023-11-20T14:54:36.482+0500] {dagbag.py:536} INFO - Filling up the DagBag from /home/den/Projects/venv/lib/python3.10/site-packages/airflow/example_dags/example_branch_python_dop_operator_3.py
[2023-11-20T14:54:36.505+0500] {processor.py:839} INFO - DAG(s) dict_keys(['example_branch_dop_operator_v3']) retrieved from /home/den/Projects/venv/lib/python3.10/site-packages/airflow/example_dags/example_branch_python_dop_operator_3.py
[2023-11-20T14:54:36.549+0500] {logging_mixin.py:154} INFO - [2023-11-20T14:54:36.549+0500] {dag.py:2941} INFO - Sync 1 DAGs
[2023-11-20T14:54:36.568+0500] {logging_mixin.py:154} INFO - [2023-11-20T14:54:36.568+0500] {dag.py:3722} INFO - Setting next_dagrun for example_branch_dop_operator_v3 to 2023-11-20T09:53:00+00:00, run_after=2023-11-20T09:54:00+00:00
[2023-11-20T14:54:36.623+0500] {processor.py:179} INFO - Processing /home/den/Projects/venv/lib/python3.10/site-packages/airflow/example_dags/example_branch_python_dop_operator_3.py took 0.153 seconds
[2023-11-20T14:57:19.055+0500] {processor.py:157} INFO - Started process (PID=7635) to work on /home/den/Projects/venv/lib/python3.10/site-packages/airflow/example_dags/example_branch_python_dop_operator_3.py
[2023-11-20T14:57:19.069+0500] {processor.py:829} INFO - Processing file /home/den/Projects/venv/lib/python3.10/site-packages/airflow/example_dags/example_branch_python_dop_operator_3.py for tasks to queue
[2023-11-20T14:57:19.070+0500] {logging_mixin.py:154} INFO - [2023-11-20T14:57:19.069+0500] {dagbag.py:536} INFO - Filling up the DagBag from /home/den/Projects/venv/lib/python3.10/site-packages/airflow/example_dags/example_branch_python_dop_operator_3.py
[2023-11-20T14:57:19.107+0500] {processor.py:839} INFO - DAG(s) dict_keys(['example_branch_dop_operator_v3']) retrieved from /home/den/Projects/venv/lib/python3.10/site-packages/airflow/example_dags/example_branch_python_dop_operator_3.py
[2023-11-20T14:57:19.164+0500] {logging_mixin.py:154} INFO - [2023-11-20T14:57:19.161+0500] {dag.py:2941} INFO - Sync 1 DAGs
[2023-11-20T14:57:19.202+0500] {logging_mixin.py:154} INFO - [2023-11-20T14:57:19.202+0500] {dag.py:3722} INFO - Setting next_dagrun for example_branch_dop_operator_v3 to 2023-11-20T09:56:00+00:00, run_after=2023-11-20T09:57:00+00:00
[2023-11-20T14:57:19.253+0500] {processor.py:179} INFO - Processing /home/den/Projects/venv/lib/python3.10/site-packages/airflow/example_dags/example_branch_python_dop_operator_3.py took 0.203 seconds
[2023-11-20T14:58:04.974+0500] {processor.py:157} INFO - Started process (PID=7723) to work on /home/den/Projects/venv/lib/python3.10/site-packages/airflow/example_dags/example_branch_python_dop_operator_3.py
[2023-11-20T14:58:04.976+0500] {processor.py:829} INFO - Processing file /home/den/Projects/venv/lib/python3.10/site-packages/airflow/example_dags/example_branch_python_dop_operator_3.py for tasks to queue
[2023-11-20T14:58:04.976+0500] {logging_mixin.py:154} INFO - [2023-11-20T14:58:04.976+0500] {dagbag.py:536} INFO - Filling up the DagBag from /home/den/Projects/venv/lib/python3.10/site-packages/airflow/example_dags/example_branch_python_dop_operator_3.py
[2023-11-20T14:58:04.991+0500] {processor.py:839} INFO - DAG(s) dict_keys(['example_branch_dop_operator_v3']) retrieved from /home/den/Projects/venv/lib/python3.10/site-packages/airflow/example_dags/example_branch_python_dop_operator_3.py
[2023-11-20T14:58:05.011+0500] {logging_mixin.py:154} INFO - [2023-11-20T14:58:05.011+0500] {dag.py:2941} INFO - Sync 1 DAGs
[2023-11-20T14:58:05.042+0500] {logging_mixin.py:154} INFO - [2023-11-20T14:58:05.042+0500] {dag.py:3722} INFO - Setting next_dagrun for example_branch_dop_operator_v3 to 2023-11-20T09:57:00+00:00, run_after=2023-11-20T09:58:00+00:00
[2023-11-20T14:58:05.072+0500] {processor.py:179} INFO - Processing /home/den/Projects/venv/lib/python3.10/site-packages/airflow/example_dags/example_branch_python_dop_operator_3.py took 0.101 seconds
[2023-11-20T14:58:52.516+0500] {processor.py:157} INFO - Started process (PID=7804) to work on /home/den/Projects/venv/lib/python3.10/site-packages/airflow/example_dags/example_branch_python_dop_operator_3.py
[2023-11-20T14:58:52.518+0500] {processor.py:829} INFO - Processing file /home/den/Projects/venv/lib/python3.10/site-packages/airflow/example_dags/example_branch_python_dop_operator_3.py for tasks to queue
[2023-11-20T14:58:52.519+0500] {logging_mixin.py:154} INFO - [2023-11-20T14:58:52.518+0500] {dagbag.py:536} INFO - Filling up the DagBag from /home/den/Projects/venv/lib/python3.10/site-packages/airflow/example_dags/example_branch_python_dop_operator_3.py
[2023-11-20T14:58:52.531+0500] {processor.py:839} INFO - DAG(s) dict_keys(['example_branch_dop_operator_v3']) retrieved from /home/den/Projects/venv/lib/python3.10/site-packages/airflow/example_dags/example_branch_python_dop_operator_3.py
[2023-11-20T14:58:52.543+0500] {logging_mixin.py:154} INFO - [2023-11-20T14:58:52.543+0500] {dag.py:2941} INFO - Sync 1 DAGs
[2023-11-20T14:58:52.558+0500] {logging_mixin.py:154} INFO - [2023-11-20T14:58:52.558+0500] {dag.py:3722} INFO - Setting next_dagrun for example_branch_dop_operator_v3 to 2023-11-20T09:57:00+00:00, run_after=2023-11-20T09:58:00+00:00
[2023-11-20T14:58:52.574+0500] {processor.py:179} INFO - Processing /home/den/Projects/venv/lib/python3.10/site-packages/airflow/example_dags/example_branch_python_dop_operator_3.py took 0.060 seconds
[2023-11-20T14:59:36.910+0500] {processor.py:157} INFO - Started process (PID=7863) to work on /home/den/Projects/venv/lib/python3.10/site-packages/airflow/example_dags/example_branch_python_dop_operator_3.py
[2023-11-20T14:59:36.911+0500] {processor.py:829} INFO - Processing file /home/den/Projects/venv/lib/python3.10/site-packages/airflow/example_dags/example_branch_python_dop_operator_3.py for tasks to queue
[2023-11-20T14:59:36.912+0500] {logging_mixin.py:154} INFO - [2023-11-20T14:59:36.911+0500] {dagbag.py:536} INFO - Filling up the DagBag from /home/den/Projects/venv/lib/python3.10/site-packages/airflow/example_dags/example_branch_python_dop_operator_3.py
[2023-11-20T14:59:36.918+0500] {processor.py:839} INFO - DAG(s) dict_keys(['example_branch_dop_operator_v3']) retrieved from /home/den/Projects/venv/lib/python3.10/site-packages/airflow/example_dags/example_branch_python_dop_operator_3.py
[2023-11-20T14:59:36.929+0500] {logging_mixin.py:154} INFO - [2023-11-20T14:59:36.929+0500] {dag.py:2941} INFO - Sync 1 DAGs
[2023-11-20T14:59:36.944+0500] {logging_mixin.py:154} INFO - [2023-11-20T14:59:36.943+0500] {dag.py:3722} INFO - Setting next_dagrun for example_branch_dop_operator_v3 to 2023-11-20T09:58:00+00:00, run_after=2023-11-20T09:59:00+00:00
[2023-11-20T14:59:36.968+0500] {processor.py:179} INFO - Processing /home/den/Projects/venv/lib/python3.10/site-packages/airflow/example_dags/example_branch_python_dop_operator_3.py took 0.061 seconds
[2023-11-20T15:00:12.040+0500] {processor.py:157} INFO - Started process (PID=7936) to work on /home/den/Projects/venv/lib/python3.10/site-packages/airflow/example_dags/example_branch_python_dop_operator_3.py
[2023-11-20T15:00:12.041+0500] {processor.py:829} INFO - Processing file /home/den/Projects/venv/lib/python3.10/site-packages/airflow/example_dags/example_branch_python_dop_operator_3.py for tasks to queue
[2023-11-20T15:00:12.041+0500] {logging_mixin.py:154} INFO - [2023-11-20T15:00:12.041+0500] {dagbag.py:536} INFO - Filling up the DagBag from /home/den/Projects/venv/lib/python3.10/site-packages/airflow/example_dags/example_branch_python_dop_operator_3.py
[2023-11-20T15:00:12.049+0500] {processor.py:839} INFO - DAG(s) dict_keys(['example_branch_dop_operator_v3']) retrieved from /home/den/Projects/venv/lib/python3.10/site-packages/airflow/example_dags/example_branch_python_dop_operator_3.py
[2023-11-20T15:00:12.060+0500] {logging_mixin.py:154} INFO - [2023-11-20T15:00:12.060+0500] {dag.py:2941} INFO - Sync 1 DAGs
[2023-11-20T15:00:12.075+0500] {logging_mixin.py:154} INFO - [2023-11-20T15:00:12.075+0500] {dag.py:3722} INFO - Setting next_dagrun for example_branch_dop_operator_v3 to 2023-11-20T09:59:00+00:00, run_after=2023-11-20T10:00:00+00:00
[2023-11-20T15:00:12.095+0500] {processor.py:179} INFO - Processing /home/den/Projects/venv/lib/python3.10/site-packages/airflow/example_dags/example_branch_python_dop_operator_3.py took 0.058 seconds
[2023-11-20T15:00:45.995+0500] {processor.py:157} INFO - Started process (PID=7988) to work on /home/den/Projects/venv/lib/python3.10/site-packages/airflow/example_dags/example_branch_python_dop_operator_3.py
[2023-11-20T15:00:45.996+0500] {processor.py:829} INFO - Processing file /home/den/Projects/venv/lib/python3.10/site-packages/airflow/example_dags/example_branch_python_dop_operator_3.py for tasks to queue
[2023-11-20T15:00:45.996+0500] {logging_mixin.py:154} INFO - [2023-11-20T15:00:45.996+0500] {dagbag.py:536} INFO - Filling up the DagBag from /home/den/Projects/venv/lib/python3.10/site-packages/airflow/example_dags/example_branch_python_dop_operator_3.py
[2023-11-20T15:00:46.003+0500] {processor.py:839} INFO - DAG(s) dict_keys(['example_branch_dop_operator_v3']) retrieved from /home/den/Projects/venv/lib/python3.10/site-packages/airflow/example_dags/example_branch_python_dop_operator_3.py
[2023-11-20T15:00:46.015+0500] {logging_mixin.py:154} INFO - [2023-11-20T15:00:46.015+0500] {dag.py:2941} INFO - Sync 1 DAGs
[2023-11-20T15:00:46.030+0500] {logging_mixin.py:154} INFO - [2023-11-20T15:00:46.030+0500] {dag.py:3722} INFO - Setting next_dagrun for example_branch_dop_operator_v3 to 2023-11-20T09:59:00+00:00, run_after=2023-11-20T10:00:00+00:00
[2023-11-20T15:00:46.047+0500] {processor.py:179} INFO - Processing /home/den/Projects/venv/lib/python3.10/site-packages/airflow/example_dags/example_branch_python_dop_operator_3.py took 0.055 seconds
[2023-11-20T15:01:21.468+0500] {processor.py:157} INFO - Started process (PID=8037) to work on /home/den/Projects/venv/lib/python3.10/site-packages/airflow/example_dags/example_branch_python_dop_operator_3.py
[2023-11-20T15:01:21.469+0500] {processor.py:829} INFO - Processing file /home/den/Projects/venv/lib/python3.10/site-packages/airflow/example_dags/example_branch_python_dop_operator_3.py for tasks to queue
[2023-11-20T15:01:21.471+0500] {logging_mixin.py:154} INFO - [2023-11-20T15:01:21.470+0500] {dagbag.py:536} INFO - Filling up the DagBag from /home/den/Projects/venv/lib/python3.10/site-packages/airflow/example_dags/example_branch_python_dop_operator_3.py
[2023-11-20T15:01:21.481+0500] {processor.py:839} INFO - DAG(s) dict_keys(['example_branch_dop_operator_v3']) retrieved from /home/den/Projects/venv/lib/python3.10/site-packages/airflow/example_dags/example_branch_python_dop_operator_3.py
[2023-11-20T15:01:21.493+0500] {logging_mixin.py:154} INFO - [2023-11-20T15:01:21.493+0500] {dag.py:2941} INFO - Sync 1 DAGs
[2023-11-20T15:01:21.508+0500] {logging_mixin.py:154} INFO - [2023-11-20T15:01:21.508+0500] {dag.py:3722} INFO - Setting next_dagrun for example_branch_dop_operator_v3 to 2023-11-20T10:00:00+00:00, run_after=2023-11-20T10:01:00+00:00
[2023-11-20T15:01:21.548+0500] {processor.py:179} INFO - Processing /home/den/Projects/venv/lib/python3.10/site-packages/airflow/example_dags/example_branch_python_dop_operator_3.py took 0.085 seconds
[2023-11-20T15:01:56.313+0500] {processor.py:157} INFO - Started process (PID=8119) to work on /home/den/Projects/venv/lib/python3.10/site-packages/airflow/example_dags/example_branch_python_dop_operator_3.py
[2023-11-20T15:01:56.315+0500] {processor.py:829} INFO - Processing file /home/den/Projects/venv/lib/python3.10/site-packages/airflow/example_dags/example_branch_python_dop_operator_3.py for tasks to queue
[2023-11-20T15:01:56.317+0500] {logging_mixin.py:154} INFO - [2023-11-20T15:01:56.316+0500] {dagbag.py:536} INFO - Filling up the DagBag from /home/den/Projects/venv/lib/python3.10/site-packages/airflow/example_dags/example_branch_python_dop_operator_3.py
[2023-11-20T15:01:56.332+0500] {processor.py:839} INFO - DAG(s) dict_keys(['example_branch_dop_operator_v3']) retrieved from /home/den/Projects/venv/lib/python3.10/site-packages/airflow/example_dags/example_branch_python_dop_operator_3.py
[2023-11-20T15:01:56.357+0500] {logging_mixin.py:154} INFO - [2023-11-20T15:01:56.357+0500] {dag.py:2941} INFO - Sync 1 DAGs
[2023-11-20T15:01:56.387+0500] {logging_mixin.py:154} INFO - [2023-11-20T15:01:56.386+0500] {dag.py:3722} INFO - Setting next_dagrun for example_branch_dop_operator_v3 to 2023-11-20T10:00:00+00:00, run_after=2023-11-20T10:01:00+00:00
[2023-11-20T15:01:56.421+0500] {processor.py:179} INFO - Processing /home/den/Projects/venv/lib/python3.10/site-packages/airflow/example_dags/example_branch_python_dop_operator_3.py took 0.117 seconds
[2023-11-20T15:03:07.547+0500] {processor.py:157} INFO - Started process (PID=8213) to work on /home/den/Projects/venv/lib/python3.10/site-packages/airflow/example_dags/example_branch_python_dop_operator_3.py
[2023-11-20T15:03:07.564+0500] {processor.py:829} INFO - Processing file /home/den/Projects/venv/lib/python3.10/site-packages/airflow/example_dags/example_branch_python_dop_operator_3.py for tasks to queue
[2023-11-20T15:03:07.565+0500] {logging_mixin.py:154} INFO - [2023-11-20T15:03:07.565+0500] {dagbag.py:536} INFO - Filling up the DagBag from /home/den/Projects/venv/lib/python3.10/site-packages/airflow/example_dags/example_branch_python_dop_operator_3.py
[2023-11-20T15:03:07.593+0500] {processor.py:839} INFO - DAG(s) dict_keys(['example_branch_dop_operator_v3']) retrieved from /home/den/Projects/venv/lib/python3.10/site-packages/airflow/example_dags/example_branch_python_dop_operator_3.py
[2023-11-20T15:03:07.615+0500] {logging_mixin.py:154} INFO - [2023-11-20T15:03:07.615+0500] {dag.py:2941} INFO - Sync 1 DAGs
[2023-11-20T15:03:07.653+0500] {logging_mixin.py:154} INFO - [2023-11-20T15:03:07.653+0500] {dag.py:3722} INFO - Setting next_dagrun for example_branch_dop_operator_v3 to 2023-11-20T10:02:00+00:00, run_after=2023-11-20T10:03:00+00:00
[2023-11-20T15:03:07.691+0500] {processor.py:179} INFO - Processing /home/den/Projects/venv/lib/python3.10/site-packages/airflow/example_dags/example_branch_python_dop_operator_3.py took 0.150 seconds
[2023-11-20T15:03:45.736+0500] {processor.py:157} INFO - Started process (PID=8286) to work on /home/den/Projects/venv/lib/python3.10/site-packages/airflow/example_dags/example_branch_python_dop_operator_3.py
[2023-11-20T15:03:45.737+0500] {processor.py:829} INFO - Processing file /home/den/Projects/venv/lib/python3.10/site-packages/airflow/example_dags/example_branch_python_dop_operator_3.py for tasks to queue
[2023-11-20T15:03:45.738+0500] {logging_mixin.py:154} INFO - [2023-11-20T15:03:45.738+0500] {dagbag.py:536} INFO - Filling up the DagBag from /home/den/Projects/venv/lib/python3.10/site-packages/airflow/example_dags/example_branch_python_dop_operator_3.py
[2023-11-20T15:03:45.757+0500] {processor.py:839} INFO - DAG(s) dict_keys(['example_branch_dop_operator_v3']) retrieved from /home/den/Projects/venv/lib/python3.10/site-packages/airflow/example_dags/example_branch_python_dop_operator_3.py
[2023-11-20T15:03:45.785+0500] {logging_mixin.py:154} INFO - [2023-11-20T15:03:45.785+0500] {dag.py:2941} INFO - Sync 1 DAGs
[2023-11-20T15:03:45.827+0500] {logging_mixin.py:154} INFO - [2023-11-20T15:03:45.827+0500] {dag.py:3722} INFO - Setting next_dagrun for example_branch_dop_operator_v3 to 2023-11-20T10:02:00+00:00, run_after=2023-11-20T10:03:00+00:00
[2023-11-20T15:03:45.875+0500] {processor.py:179} INFO - Processing /home/den/Projects/venv/lib/python3.10/site-packages/airflow/example_dags/example_branch_python_dop_operator_3.py took 0.144 seconds
[2023-11-20T15:04:24.787+0500] {processor.py:157} INFO - Started process (PID=8367) to work on /home/den/Projects/venv/lib/python3.10/site-packages/airflow/example_dags/example_branch_python_dop_operator_3.py
[2023-11-20T15:04:24.793+0500] {processor.py:829} INFO - Processing file /home/den/Projects/venv/lib/python3.10/site-packages/airflow/example_dags/example_branch_python_dop_operator_3.py for tasks to queue
[2023-11-20T15:04:24.794+0500] {logging_mixin.py:154} INFO - [2023-11-20T15:04:24.793+0500] {dagbag.py:536} INFO - Filling up the DagBag from /home/den/Projects/venv/lib/python3.10/site-packages/airflow/example_dags/example_branch_python_dop_operator_3.py
[2023-11-20T15:04:24.802+0500] {processor.py:839} INFO - DAG(s) dict_keys(['example_branch_dop_operator_v3']) retrieved from /home/den/Projects/venv/lib/python3.10/site-packages/airflow/example_dags/example_branch_python_dop_operator_3.py
[2023-11-20T15:04:24.827+0500] {logging_mixin.py:154} INFO - [2023-11-20T15:04:24.826+0500] {dag.py:2941} INFO - Sync 1 DAGs
[2023-11-20T15:04:24.860+0500] {logging_mixin.py:154} INFO - [2023-11-20T15:04:24.860+0500] {dag.py:3722} INFO - Setting next_dagrun for example_branch_dop_operator_v3 to 2023-11-20T10:03:00+00:00, run_after=2023-11-20T10:04:00+00:00
[2023-11-20T15:04:24.886+0500] {processor.py:179} INFO - Processing /home/den/Projects/venv/lib/python3.10/site-packages/airflow/example_dags/example_branch_python_dop_operator_3.py took 0.102 seconds
[2023-11-20T15:05:01.464+0500] {processor.py:157} INFO - Started process (PID=8416) to work on /home/den/Projects/venv/lib/python3.10/site-packages/airflow/example_dags/example_branch_python_dop_operator_3.py
[2023-11-20T15:05:01.472+0500] {processor.py:829} INFO - Processing file /home/den/Projects/venv/lib/python3.10/site-packages/airflow/example_dags/example_branch_python_dop_operator_3.py for tasks to queue
[2023-11-20T15:05:01.473+0500] {logging_mixin.py:154} INFO - [2023-11-20T15:05:01.472+0500] {dagbag.py:536} INFO - Filling up the DagBag from /home/den/Projects/venv/lib/python3.10/site-packages/airflow/example_dags/example_branch_python_dop_operator_3.py
[2023-11-20T15:05:01.485+0500] {processor.py:839} INFO - DAG(s) dict_keys(['example_branch_dop_operator_v3']) retrieved from /home/den/Projects/venv/lib/python3.10/site-packages/airflow/example_dags/example_branch_python_dop_operator_3.py
[2023-11-20T15:05:01.517+0500] {logging_mixin.py:154} INFO - [2023-11-20T15:05:01.516+0500] {dag.py:2941} INFO - Sync 1 DAGs
[2023-11-20T15:05:01.546+0500] {logging_mixin.py:154} INFO - [2023-11-20T15:05:01.545+0500] {dag.py:3722} INFO - Setting next_dagrun for example_branch_dop_operator_v3 to 2023-11-20T10:04:00+00:00, run_after=2023-11-20T10:05:00+00:00
[2023-11-20T15:05:01.579+0500] {processor.py:179} INFO - Processing /home/den/Projects/venv/lib/python3.10/site-packages/airflow/example_dags/example_branch_python_dop_operator_3.py took 0.119 seconds
[2023-11-20T15:05:41.617+0500] {processor.py:157} INFO - Started process (PID=8465) to work on /home/den/Projects/venv/lib/python3.10/site-packages/airflow/example_dags/example_branch_python_dop_operator_3.py
[2023-11-20T15:05:41.619+0500] {processor.py:829} INFO - Processing file /home/den/Projects/venv/lib/python3.10/site-packages/airflow/example_dags/example_branch_python_dop_operator_3.py for tasks to queue
[2023-11-20T15:05:41.620+0500] {logging_mixin.py:154} INFO - [2023-11-20T15:05:41.619+0500] {dagbag.py:536} INFO - Filling up the DagBag from /home/den/Projects/venv/lib/python3.10/site-packages/airflow/example_dags/example_branch_python_dop_operator_3.py
[2023-11-20T15:05:41.631+0500] {processor.py:839} INFO - DAG(s) dict_keys(['example_branch_dop_operator_v3']) retrieved from /home/den/Projects/venv/lib/python3.10/site-packages/airflow/example_dags/example_branch_python_dop_operator_3.py
[2023-11-20T15:05:41.648+0500] {logging_mixin.py:154} INFO - [2023-11-20T15:05:41.648+0500] {dag.py:2941} INFO - Sync 1 DAGs
[2023-11-20T15:05:41.665+0500] {logging_mixin.py:154} INFO - [2023-11-20T15:05:41.664+0500] {dag.py:3722} INFO - Setting next_dagrun for example_branch_dop_operator_v3 to 2023-11-20T10:04:00+00:00, run_after=2023-11-20T10:05:00+00:00
[2023-11-20T15:05:41.699+0500] {processor.py:179} INFO - Processing /home/den/Projects/venv/lib/python3.10/site-packages/airflow/example_dags/example_branch_python_dop_operator_3.py took 0.085 seconds
[2023-11-20T15:06:18.465+0500] {processor.py:157} INFO - Started process (PID=8545) to work on /home/den/Projects/venv/lib/python3.10/site-packages/airflow/example_dags/example_branch_python_dop_operator_3.py
[2023-11-20T15:06:18.466+0500] {processor.py:829} INFO - Processing file /home/den/Projects/venv/lib/python3.10/site-packages/airflow/example_dags/example_branch_python_dop_operator_3.py for tasks to queue
[2023-11-20T15:06:18.467+0500] {logging_mixin.py:154} INFO - [2023-11-20T15:06:18.467+0500] {dagbag.py:536} INFO - Filling up the DagBag from /home/den/Projects/venv/lib/python3.10/site-packages/airflow/example_dags/example_branch_python_dop_operator_3.py
[2023-11-20T15:06:18.484+0500] {processor.py:839} INFO - DAG(s) dict_keys(['example_branch_dop_operator_v3']) retrieved from /home/den/Projects/venv/lib/python3.10/site-packages/airflow/example_dags/example_branch_python_dop_operator_3.py
[2023-11-20T15:06:18.514+0500] {logging_mixin.py:154} INFO - [2023-11-20T15:06:18.514+0500] {dag.py:2941} INFO - Sync 1 DAGs
[2023-11-20T15:06:18.545+0500] {logging_mixin.py:154} INFO - [2023-11-20T15:06:18.545+0500] {dag.py:3722} INFO - Setting next_dagrun for example_branch_dop_operator_v3 to 2023-11-20T10:05:00+00:00, run_after=2023-11-20T10:06:00+00:00
[2023-11-20T15:06:18.629+0500] {processor.py:179} INFO - Processing /home/den/Projects/venv/lib/python3.10/site-packages/airflow/example_dags/example_branch_python_dop_operator_3.py took 0.169 seconds
[2023-11-20T15:06:56.703+0500] {processor.py:157} INFO - Started process (PID=8597) to work on /home/den/Projects/venv/lib/python3.10/site-packages/airflow/example_dags/example_branch_python_dop_operator_3.py
[2023-11-20T15:06:56.708+0500] {processor.py:829} INFO - Processing file /home/den/Projects/venv/lib/python3.10/site-packages/airflow/example_dags/example_branch_python_dop_operator_3.py for tasks to queue
[2023-11-20T15:06:56.709+0500] {logging_mixin.py:154} INFO - [2023-11-20T15:06:56.709+0500] {dagbag.py:536} INFO - Filling up the DagBag from /home/den/Projects/venv/lib/python3.10/site-packages/airflow/example_dags/example_branch_python_dop_operator_3.py
[2023-11-20T15:06:56.730+0500] {processor.py:839} INFO - DAG(s) dict_keys(['example_branch_dop_operator_v3']) retrieved from /home/den/Projects/venv/lib/python3.10/site-packages/airflow/example_dags/example_branch_python_dop_operator_3.py
[2023-11-20T15:06:56.756+0500] {logging_mixin.py:154} INFO - [2023-11-20T15:06:56.755+0500] {dag.py:2941} INFO - Sync 1 DAGs
[2023-11-20T15:06:56.791+0500] {logging_mixin.py:154} INFO - [2023-11-20T15:06:56.790+0500] {dag.py:3722} INFO - Setting next_dagrun for example_branch_dop_operator_v3 to 2023-11-20T10:05:00+00:00, run_after=2023-11-20T10:06:00+00:00
[2023-11-20T15:06:56.825+0500] {processor.py:179} INFO - Processing /home/den/Projects/venv/lib/python3.10/site-packages/airflow/example_dags/example_branch_python_dop_operator_3.py took 0.126 seconds
[2023-11-20T15:07:38.649+0500] {processor.py:157} INFO - Started process (PID=8658) to work on /home/den/Projects/venv/lib/python3.10/site-packages/airflow/example_dags/example_branch_python_dop_operator_3.py
[2023-11-20T15:07:38.659+0500] {processor.py:829} INFO - Processing file /home/den/Projects/venv/lib/python3.10/site-packages/airflow/example_dags/example_branch_python_dop_operator_3.py for tasks to queue
[2023-11-20T15:07:38.660+0500] {logging_mixin.py:154} INFO - [2023-11-20T15:07:38.659+0500] {dagbag.py:536} INFO - Filling up the DagBag from /home/den/Projects/venv/lib/python3.10/site-packages/airflow/example_dags/example_branch_python_dop_operator_3.py
[2023-11-20T15:07:38.680+0500] {processor.py:839} INFO - DAG(s) dict_keys(['example_branch_dop_operator_v3']) retrieved from /home/den/Projects/venv/lib/python3.10/site-packages/airflow/example_dags/example_branch_python_dop_operator_3.py
[2023-11-20T15:07:38.696+0500] {logging_mixin.py:154} INFO - [2023-11-20T15:07:38.696+0500] {dag.py:2941} INFO - Sync 1 DAGs
[2023-11-20T15:07:38.730+0500] {logging_mixin.py:154} INFO - [2023-11-20T15:07:38.730+0500] {dag.py:3722} INFO - Setting next_dagrun for example_branch_dop_operator_v3 to 2023-11-20T10:06:00+00:00, run_after=2023-11-20T10:07:00+00:00
[2023-11-20T15:07:38.769+0500] {processor.py:179} INFO - Processing /home/den/Projects/venv/lib/python3.10/site-packages/airflow/example_dags/example_branch_python_dop_operator_3.py took 0.127 seconds
[2023-11-20T15:08:26.475+0500] {processor.py:157} INFO - Started process (PID=8754) to work on /home/den/Projects/venv/lib/python3.10/site-packages/airflow/example_dags/example_branch_python_dop_operator_3.py
[2023-11-20T15:08:26.477+0500] {processor.py:829} INFO - Processing file /home/den/Projects/venv/lib/python3.10/site-packages/airflow/example_dags/example_branch_python_dop_operator_3.py for tasks to queue
[2023-11-20T15:08:26.479+0500] {logging_mixin.py:154} INFO - [2023-11-20T15:08:26.479+0500] {dagbag.py:536} INFO - Filling up the DagBag from /home/den/Projects/venv/lib/python3.10/site-packages/airflow/example_dags/example_branch_python_dop_operator_3.py
[2023-11-20T15:08:26.497+0500] {processor.py:839} INFO - DAG(s) dict_keys(['example_branch_dop_operator_v3']) retrieved from /home/den/Projects/venv/lib/python3.10/site-packages/airflow/example_dags/example_branch_python_dop_operator_3.py
[2023-11-20T15:08:26.524+0500] {logging_mixin.py:154} INFO - [2023-11-20T15:08:26.524+0500] {dag.py:2941} INFO - Sync 1 DAGs
[2023-11-20T15:08:26.555+0500] {logging_mixin.py:154} INFO - [2023-11-20T15:08:26.554+0500] {dag.py:3722} INFO - Setting next_dagrun for example_branch_dop_operator_v3 to 2023-11-20T10:07:00+00:00, run_after=2023-11-20T10:08:00+00:00
[2023-11-20T15:08:26.582+0500] {processor.py:179} INFO - Processing /home/den/Projects/venv/lib/python3.10/site-packages/airflow/example_dags/example_branch_python_dop_operator_3.py took 0.111 seconds
[2023-11-20T15:09:09.632+0500] {processor.py:157} INFO - Started process (PID=8810) to work on /home/den/Projects/venv/lib/python3.10/site-packages/airflow/example_dags/example_branch_python_dop_operator_3.py
[2023-11-20T15:09:09.643+0500] {processor.py:829} INFO - Processing file /home/den/Projects/venv/lib/python3.10/site-packages/airflow/example_dags/example_branch_python_dop_operator_3.py for tasks to queue
[2023-11-20T15:09:09.645+0500] {logging_mixin.py:154} INFO - [2023-11-20T15:09:09.644+0500] {dagbag.py:536} INFO - Filling up the DagBag from /home/den/Projects/venv/lib/python3.10/site-packages/airflow/example_dags/example_branch_python_dop_operator_3.py
[2023-11-20T15:09:09.667+0500] {processor.py:839} INFO - DAG(s) dict_keys(['example_branch_dop_operator_v3']) retrieved from /home/den/Projects/venv/lib/python3.10/site-packages/airflow/example_dags/example_branch_python_dop_operator_3.py
[2023-11-20T15:09:09.689+0500] {logging_mixin.py:154} INFO - [2023-11-20T15:09:09.689+0500] {dag.py:2941} INFO - Sync 1 DAGs
[2023-11-20T15:09:09.708+0500] {logging_mixin.py:154} INFO - [2023-11-20T15:09:09.708+0500] {dag.py:3722} INFO - Setting next_dagrun for example_branch_dop_operator_v3 to 2023-11-20T10:08:00+00:00, run_after=2023-11-20T10:09:00+00:00
[2023-11-20T15:09:09.727+0500] {processor.py:179} INFO - Processing /home/den/Projects/venv/lib/python3.10/site-packages/airflow/example_dags/example_branch_python_dop_operator_3.py took 0.099 seconds
[2023-11-20T15:09:47.695+0500] {processor.py:157} INFO - Started process (PID=8858) to work on /home/den/Projects/venv/lib/python3.10/site-packages/airflow/example_dags/example_branch_python_dop_operator_3.py
[2023-11-20T15:09:47.697+0500] {processor.py:829} INFO - Processing file /home/den/Projects/venv/lib/python3.10/site-packages/airflow/example_dags/example_branch_python_dop_operator_3.py for tasks to queue
[2023-11-20T15:09:47.699+0500] {logging_mixin.py:154} INFO - [2023-11-20T15:09:47.698+0500] {dagbag.py:536} INFO - Filling up the DagBag from /home/den/Projects/venv/lib/python3.10/site-packages/airflow/example_dags/example_branch_python_dop_operator_3.py
[2023-11-20T15:09:47.708+0500] {processor.py:839} INFO - DAG(s) dict_keys(['example_branch_dop_operator_v3']) retrieved from /home/den/Projects/venv/lib/python3.10/site-packages/airflow/example_dags/example_branch_python_dop_operator_3.py
[2023-11-20T15:09:47.740+0500] {logging_mixin.py:154} INFO - [2023-11-20T15:09:47.740+0500] {dag.py:2941} INFO - Sync 1 DAGs
[2023-11-20T15:09:47.770+0500] {logging_mixin.py:154} INFO - [2023-11-20T15:09:47.770+0500] {dag.py:3722} INFO - Setting next_dagrun for example_branch_dop_operator_v3 to 2023-11-20T10:08:00+00:00, run_after=2023-11-20T10:09:00+00:00
[2023-11-20T15:09:47.830+0500] {processor.py:179} INFO - Processing /home/den/Projects/venv/lib/python3.10/site-packages/airflow/example_dags/example_branch_python_dop_operator_3.py took 0.141 seconds
[2023-11-20T15:10:31.618+0500] {processor.py:157} INFO - Started process (PID=8943) to work on /home/den/Projects/venv/lib/python3.10/site-packages/airflow/example_dags/example_branch_python_dop_operator_3.py
[2023-11-20T15:10:31.620+0500] {processor.py:829} INFO - Processing file /home/den/Projects/venv/lib/python3.10/site-packages/airflow/example_dags/example_branch_python_dop_operator_3.py for tasks to queue
[2023-11-20T15:10:31.621+0500] {logging_mixin.py:154} INFO - [2023-11-20T15:10:31.620+0500] {dagbag.py:536} INFO - Filling up the DagBag from /home/den/Projects/venv/lib/python3.10/site-packages/airflow/example_dags/example_branch_python_dop_operator_3.py
[2023-11-20T15:10:31.636+0500] {processor.py:839} INFO - DAG(s) dict_keys(['example_branch_dop_operator_v3']) retrieved from /home/den/Projects/venv/lib/python3.10/site-packages/airflow/example_dags/example_branch_python_dop_operator_3.py
[2023-11-20T15:10:31.656+0500] {logging_mixin.py:154} INFO - [2023-11-20T15:10:31.656+0500] {dag.py:2941} INFO - Sync 1 DAGs
[2023-11-20T15:10:31.676+0500] {logging_mixin.py:154} INFO - [2023-11-20T15:10:31.675+0500] {dag.py:3722} INFO - Setting next_dagrun for example_branch_dop_operator_v3 to 2023-11-20T10:09:00+00:00, run_after=2023-11-20T10:10:00+00:00
[2023-11-20T15:10:31.704+0500] {processor.py:179} INFO - Processing /home/den/Projects/venv/lib/python3.10/site-packages/airflow/example_dags/example_branch_python_dop_operator_3.py took 0.091 seconds
[2023-11-20T15:11:16.377+0500] {processor.py:157} INFO - Started process (PID=9000) to work on /home/den/Projects/venv/lib/python3.10/site-packages/airflow/example_dags/example_branch_python_dop_operator_3.py
[2023-11-20T15:11:16.378+0500] {processor.py:829} INFO - Processing file /home/den/Projects/venv/lib/python3.10/site-packages/airflow/example_dags/example_branch_python_dop_operator_3.py for tasks to queue
[2023-11-20T15:11:16.379+0500] {logging_mixin.py:154} INFO - [2023-11-20T15:11:16.378+0500] {dagbag.py:536} INFO - Filling up the DagBag from /home/den/Projects/venv/lib/python3.10/site-packages/airflow/example_dags/example_branch_python_dop_operator_3.py
[2023-11-20T15:11:16.403+0500] {processor.py:839} INFO - DAG(s) dict_keys(['example_branch_dop_operator_v3']) retrieved from /home/den/Projects/venv/lib/python3.10/site-packages/airflow/example_dags/example_branch_python_dop_operator_3.py
[2023-11-20T15:11:16.422+0500] {logging_mixin.py:154} INFO - [2023-11-20T15:11:16.422+0500] {dag.py:2941} INFO - Sync 1 DAGs
[2023-11-20T15:11:16.441+0500] {logging_mixin.py:154} INFO - [2023-11-20T15:11:16.441+0500] {dag.py:3722} INFO - Setting next_dagrun for example_branch_dop_operator_v3 to 2023-11-20T10:10:00+00:00, run_after=2023-11-20T10:11:00+00:00
[2023-11-20T15:11:16.476+0500] {processor.py:179} INFO - Processing /home/den/Projects/venv/lib/python3.10/site-packages/airflow/example_dags/example_branch_python_dop_operator_3.py took 0.102 seconds
[2023-11-20T15:11:54.011+0500] {processor.py:157} INFO - Started process (PID=9082) to work on /home/den/Projects/venv/lib/python3.10/site-packages/airflow/example_dags/example_branch_python_dop_operator_3.py
[2023-11-20T15:11:54.013+0500] {processor.py:829} INFO - Processing file /home/den/Projects/venv/lib/python3.10/site-packages/airflow/example_dags/example_branch_python_dop_operator_3.py for tasks to queue
[2023-11-20T15:11:54.014+0500] {logging_mixin.py:154} INFO - [2023-11-20T15:11:54.013+0500] {dagbag.py:536} INFO - Filling up the DagBag from /home/den/Projects/venv/lib/python3.10/site-packages/airflow/example_dags/example_branch_python_dop_operator_3.py
[2023-11-20T15:11:54.024+0500] {processor.py:839} INFO - DAG(s) dict_keys(['example_branch_dop_operator_v3']) retrieved from /home/den/Projects/venv/lib/python3.10/site-packages/airflow/example_dags/example_branch_python_dop_operator_3.py
[2023-11-20T15:11:54.042+0500] {logging_mixin.py:154} INFO - [2023-11-20T15:11:54.042+0500] {dag.py:2941} INFO - Sync 1 DAGs
[2023-11-20T15:11:54.059+0500] {logging_mixin.py:154} INFO - [2023-11-20T15:11:54.059+0500] {dag.py:3722} INFO - Setting next_dagrun for example_branch_dop_operator_v3 to 2023-11-20T10:10:00+00:00, run_after=2023-11-20T10:11:00+00:00
[2023-11-20T15:11:54.079+0500] {processor.py:179} INFO - Processing /home/den/Projects/venv/lib/python3.10/site-packages/airflow/example_dags/example_branch_python_dop_operator_3.py took 0.073 seconds
[2023-11-20T15:12:32.502+0500] {processor.py:157} INFO - Started process (PID=9131) to work on /home/den/Projects/venv/lib/python3.10/site-packages/airflow/example_dags/example_branch_python_dop_operator_3.py
[2023-11-20T15:12:32.504+0500] {processor.py:829} INFO - Processing file /home/den/Projects/venv/lib/python3.10/site-packages/airflow/example_dags/example_branch_python_dop_operator_3.py for tasks to queue
[2023-11-20T15:12:32.505+0500] {logging_mixin.py:154} INFO - [2023-11-20T15:12:32.504+0500] {dagbag.py:536} INFO - Filling up the DagBag from /home/den/Projects/venv/lib/python3.10/site-packages/airflow/example_dags/example_branch_python_dop_operator_3.py
[2023-11-20T15:12:32.520+0500] {processor.py:839} INFO - DAG(s) dict_keys(['example_branch_dop_operator_v3']) retrieved from /home/den/Projects/venv/lib/python3.10/site-packages/airflow/example_dags/example_branch_python_dop_operator_3.py
[2023-11-20T15:12:32.536+0500] {logging_mixin.py:154} INFO - [2023-11-20T15:12:32.536+0500] {dag.py:2941} INFO - Sync 1 DAGs
[2023-11-20T15:12:32.573+0500] {logging_mixin.py:154} INFO - [2023-11-20T15:12:32.573+0500] {dag.py:3722} INFO - Setting next_dagrun for example_branch_dop_operator_v3 to 2023-11-20T10:11:00+00:00, run_after=2023-11-20T10:12:00+00:00
[2023-11-20T15:12:32.612+0500] {processor.py:179} INFO - Processing /home/den/Projects/venv/lib/python3.10/site-packages/airflow/example_dags/example_branch_python_dop_operator_3.py took 0.114 seconds
[2023-11-20T15:13:06.624+0500] {processor.py:157} INFO - Started process (PID=9175) to work on /home/den/Projects/venv/lib/python3.10/site-packages/airflow/example_dags/example_branch_python_dop_operator_3.py
[2023-11-20T15:13:06.627+0500] {processor.py:829} INFO - Processing file /home/den/Projects/venv/lib/python3.10/site-packages/airflow/example_dags/example_branch_python_dop_operator_3.py for tasks to queue
[2023-11-20T15:13:06.628+0500] {logging_mixin.py:154} INFO - [2023-11-20T15:13:06.628+0500] {dagbag.py:536} INFO - Filling up the DagBag from /home/den/Projects/venv/lib/python3.10/site-packages/airflow/example_dags/example_branch_python_dop_operator_3.py
[2023-11-20T15:13:06.638+0500] {processor.py:839} INFO - DAG(s) dict_keys(['example_branch_dop_operator_v3']) retrieved from /home/den/Projects/venv/lib/python3.10/site-packages/airflow/example_dags/example_branch_python_dop_operator_3.py
[2023-11-20T15:13:06.660+0500] {logging_mixin.py:154} INFO - [2023-11-20T15:13:06.660+0500] {dag.py:2941} INFO - Sync 1 DAGs
[2023-11-20T15:13:06.685+0500] {logging_mixin.py:154} INFO - [2023-11-20T15:13:06.685+0500] {dag.py:3722} INFO - Setting next_dagrun for example_branch_dop_operator_v3 to 2023-11-20T10:12:00+00:00, run_after=2023-11-20T10:13:00+00:00
[2023-11-20T15:13:06.710+0500] {processor.py:179} INFO - Processing /home/den/Projects/venv/lib/python3.10/site-packages/airflow/example_dags/example_branch_python_dop_operator_3.py took 0.091 seconds
[2023-11-20T15:13:42.453+0500] {processor.py:157} INFO - Started process (PID=9228) to work on /home/den/Projects/venv/lib/python3.10/site-packages/airflow/example_dags/example_branch_python_dop_operator_3.py
[2023-11-20T15:13:42.454+0500] {processor.py:829} INFO - Processing file /home/den/Projects/venv/lib/python3.10/site-packages/airflow/example_dags/example_branch_python_dop_operator_3.py for tasks to queue
[2023-11-20T15:13:42.456+0500] {logging_mixin.py:154} INFO - [2023-11-20T15:13:42.455+0500] {dagbag.py:536} INFO - Filling up the DagBag from /home/den/Projects/venv/lib/python3.10/site-packages/airflow/example_dags/example_branch_python_dop_operator_3.py
[2023-11-20T15:13:42.477+0500] {processor.py:839} INFO - DAG(s) dict_keys(['example_branch_dop_operator_v3']) retrieved from /home/den/Projects/venv/lib/python3.10/site-packages/airflow/example_dags/example_branch_python_dop_operator_3.py
[2023-11-20T15:13:42.501+0500] {logging_mixin.py:154} INFO - [2023-11-20T15:13:42.501+0500] {dag.py:2941} INFO - Sync 1 DAGs
[2023-11-20T15:13:42.531+0500] {logging_mixin.py:154} INFO - [2023-11-20T15:13:42.530+0500] {dag.py:3722} INFO - Setting next_dagrun for example_branch_dop_operator_v3 to 2023-11-20T10:12:00+00:00, run_after=2023-11-20T10:13:00+00:00
[2023-11-20T15:13:42.568+0500] {processor.py:179} INFO - Processing /home/den/Projects/venv/lib/python3.10/site-packages/airflow/example_dags/example_branch_python_dop_operator_3.py took 0.119 seconds
[2023-11-20T15:14:19.869+0500] {processor.py:157} INFO - Started process (PID=9313) to work on /home/den/Projects/venv/lib/python3.10/site-packages/airflow/example_dags/example_branch_python_dop_operator_3.py
[2023-11-20T15:14:19.870+0500] {processor.py:829} INFO - Processing file /home/den/Projects/venv/lib/python3.10/site-packages/airflow/example_dags/example_branch_python_dop_operator_3.py for tasks to queue
[2023-11-20T15:14:19.875+0500] {logging_mixin.py:154} INFO - [2023-11-20T15:14:19.871+0500] {dagbag.py:536} INFO - Filling up the DagBag from /home/den/Projects/venv/lib/python3.10/site-packages/airflow/example_dags/example_branch_python_dop_operator_3.py
[2023-11-20T15:14:19.890+0500] {processor.py:839} INFO - DAG(s) dict_keys(['example_branch_dop_operator_v3']) retrieved from /home/den/Projects/venv/lib/python3.10/site-packages/airflow/example_dags/example_branch_python_dop_operator_3.py
[2023-11-20T15:14:19.914+0500] {logging_mixin.py:154} INFO - [2023-11-20T15:14:19.913+0500] {dag.py:2941} INFO - Sync 1 DAGs
[2023-11-20T15:14:19.944+0500] {logging_mixin.py:154} INFO - [2023-11-20T15:14:19.944+0500] {dag.py:3722} INFO - Setting next_dagrun for example_branch_dop_operator_v3 to 2023-11-20T10:13:00+00:00, run_after=2023-11-20T10:14:00+00:00
[2023-11-20T15:14:19.982+0500] {processor.py:179} INFO - Processing /home/den/Projects/venv/lib/python3.10/site-packages/airflow/example_dags/example_branch_python_dop_operator_3.py took 0.116 seconds
[2023-11-20T15:14:57.963+0500] {processor.py:157} INFO - Started process (PID=9363) to work on /home/den/Projects/venv/lib/python3.10/site-packages/airflow/example_dags/example_branch_python_dop_operator_3.py
[2023-11-20T15:14:57.967+0500] {processor.py:829} INFO - Processing file /home/den/Projects/venv/lib/python3.10/site-packages/airflow/example_dags/example_branch_python_dop_operator_3.py for tasks to queue
[2023-11-20T15:14:57.968+0500] {logging_mixin.py:154} INFO - [2023-11-20T15:14:57.968+0500] {dagbag.py:536} INFO - Filling up the DagBag from /home/den/Projects/venv/lib/python3.10/site-packages/airflow/example_dags/example_branch_python_dop_operator_3.py
[2023-11-20T15:14:57.979+0500] {processor.py:839} INFO - DAG(s) dict_keys(['example_branch_dop_operator_v3']) retrieved from /home/den/Projects/venv/lib/python3.10/site-packages/airflow/example_dags/example_branch_python_dop_operator_3.py
[2023-11-20T15:14:57.995+0500] {logging_mixin.py:154} INFO - [2023-11-20T15:14:57.994+0500] {dag.py:2941} INFO - Sync 1 DAGs
[2023-11-20T15:14:58.013+0500] {logging_mixin.py:154} INFO - [2023-11-20T15:14:58.013+0500] {dag.py:3722} INFO - Setting next_dagrun for example_branch_dop_operator_v3 to 2023-11-20T10:13:00+00:00, run_after=2023-11-20T10:14:00+00:00
[2023-11-20T15:14:58.033+0500] {processor.py:179} INFO - Processing /home/den/Projects/venv/lib/python3.10/site-packages/airflow/example_dags/example_branch_python_dop_operator_3.py took 0.072 seconds
[2023-11-20T15:15:32.616+0500] {processor.py:157} INFO - Started process (PID=9414) to work on /home/den/Projects/venv/lib/python3.10/site-packages/airflow/example_dags/example_branch_python_dop_operator_3.py
[2023-11-20T15:15:32.617+0500] {processor.py:829} INFO - Processing file /home/den/Projects/venv/lib/python3.10/site-packages/airflow/example_dags/example_branch_python_dop_operator_3.py for tasks to queue
[2023-11-20T15:15:32.618+0500] {logging_mixin.py:154} INFO - [2023-11-20T15:15:32.618+0500] {dagbag.py:536} INFO - Filling up the DagBag from /home/den/Projects/venv/lib/python3.10/site-packages/airflow/example_dags/example_branch_python_dop_operator_3.py
[2023-11-20T15:15:32.627+0500] {processor.py:839} INFO - DAG(s) dict_keys(['example_branch_dop_operator_v3']) retrieved from /home/den/Projects/venv/lib/python3.10/site-packages/airflow/example_dags/example_branch_python_dop_operator_3.py
[2023-11-20T15:15:32.644+0500] {logging_mixin.py:154} INFO - [2023-11-20T15:15:32.643+0500] {dag.py:2941} INFO - Sync 1 DAGs
[2023-11-20T15:15:32.659+0500] {logging_mixin.py:154} INFO - [2023-11-20T15:15:32.659+0500] {dag.py:3722} INFO - Setting next_dagrun for example_branch_dop_operator_v3 to 2023-11-20T10:14:00+00:00, run_after=2023-11-20T10:15:00+00:00
[2023-11-20T15:15:32.678+0500] {processor.py:179} INFO - Processing /home/den/Projects/venv/lib/python3.10/site-packages/airflow/example_dags/example_branch_python_dop_operator_3.py took 0.065 seconds
[2023-11-20T15:16:19.291+0500] {processor.py:157} INFO - Started process (PID=9498) to work on /home/den/Projects/venv/lib/python3.10/site-packages/airflow/example_dags/example_branch_python_dop_operator_3.py
[2023-11-20T15:16:19.292+0500] {processor.py:829} INFO - Processing file /home/den/Projects/venv/lib/python3.10/site-packages/airflow/example_dags/example_branch_python_dop_operator_3.py for tasks to queue
[2023-11-20T15:16:19.292+0500] {logging_mixin.py:154} INFO - [2023-11-20T15:16:19.292+0500] {dagbag.py:536} INFO - Filling up the DagBag from /home/den/Projects/venv/lib/python3.10/site-packages/airflow/example_dags/example_branch_python_dop_operator_3.py
[2023-11-20T15:16:19.300+0500] {processor.py:839} INFO - DAG(s) dict_keys(['example_branch_dop_operator_v3']) retrieved from /home/den/Projects/venv/lib/python3.10/site-packages/airflow/example_dags/example_branch_python_dop_operator_3.py
[2023-11-20T15:16:19.314+0500] {logging_mixin.py:154} INFO - [2023-11-20T15:16:19.314+0500] {dag.py:2941} INFO - Sync 1 DAGs
[2023-11-20T15:16:19.331+0500] {logging_mixin.py:154} INFO - [2023-11-20T15:16:19.331+0500] {dag.py:3722} INFO - Setting next_dagrun for example_branch_dop_operator_v3 to 2023-11-20T10:15:00+00:00, run_after=2023-11-20T10:16:00+00:00
[2023-11-20T15:16:19.349+0500] {processor.py:179} INFO - Processing /home/den/Projects/venv/lib/python3.10/site-packages/airflow/example_dags/example_branch_python_dop_operator_3.py took 0.062 seconds
[2023-11-20T15:17:08.382+0500] {processor.py:157} INFO - Started process (PID=9571) to work on /home/den/Projects/venv/lib/python3.10/site-packages/airflow/example_dags/example_branch_python_dop_operator_3.py
[2023-11-20T15:17:08.383+0500] {processor.py:829} INFO - Processing file /home/den/Projects/venv/lib/python3.10/site-packages/airflow/example_dags/example_branch_python_dop_operator_3.py for tasks to queue
[2023-11-20T15:17:08.384+0500] {logging_mixin.py:154} INFO - [2023-11-20T15:17:08.384+0500] {dagbag.py:536} INFO - Filling up the DagBag from /home/den/Projects/venv/lib/python3.10/site-packages/airflow/example_dags/example_branch_python_dop_operator_3.py
[2023-11-20T15:17:08.392+0500] {processor.py:839} INFO - DAG(s) dict_keys(['example_branch_dop_operator_v3']) retrieved from /home/den/Projects/venv/lib/python3.10/site-packages/airflow/example_dags/example_branch_python_dop_operator_3.py
[2023-11-20T15:17:08.406+0500] {logging_mixin.py:154} INFO - [2023-11-20T15:17:08.406+0500] {dag.py:2941} INFO - Sync 1 DAGs
[2023-11-20T15:17:08.423+0500] {logging_mixin.py:154} INFO - [2023-11-20T15:17:08.423+0500] {dag.py:3722} INFO - Setting next_dagrun for example_branch_dop_operator_v3 to 2023-11-20T10:16:00+00:00, run_after=2023-11-20T10:17:00+00:00
[2023-11-20T15:17:08.450+0500] {processor.py:179} INFO - Processing /home/den/Projects/venv/lib/python3.10/site-packages/airflow/example_dags/example_branch_python_dop_operator_3.py took 0.071 seconds
[2023-11-20T15:17:51.636+0500] {processor.py:157} INFO - Started process (PID=9661) to work on /home/den/Projects/venv/lib/python3.10/site-packages/airflow/example_dags/example_branch_python_dop_operator_3.py
[2023-11-20T15:17:51.638+0500] {processor.py:829} INFO - Processing file /home/den/Projects/venv/lib/python3.10/site-packages/airflow/example_dags/example_branch_python_dop_operator_3.py for tasks to queue
[2023-11-20T15:17:51.639+0500] {logging_mixin.py:154} INFO - [2023-11-20T15:17:51.638+0500] {dagbag.py:536} INFO - Filling up the DagBag from /home/den/Projects/venv/lib/python3.10/site-packages/airflow/example_dags/example_branch_python_dop_operator_3.py
[2023-11-20T15:17:51.647+0500] {processor.py:839} INFO - DAG(s) dict_keys(['example_branch_dop_operator_v3']) retrieved from /home/den/Projects/venv/lib/python3.10/site-packages/airflow/example_dags/example_branch_python_dop_operator_3.py
[2023-11-20T15:17:51.662+0500] {logging_mixin.py:154} INFO - [2023-11-20T15:17:51.662+0500] {dag.py:2941} INFO - Sync 1 DAGs
[2023-11-20T15:17:51.681+0500] {logging_mixin.py:154} INFO - [2023-11-20T15:17:51.681+0500] {dag.py:3722} INFO - Setting next_dagrun for example_branch_dop_operator_v3 to 2023-11-20T10:16:00+00:00, run_after=2023-11-20T10:17:00+00:00
[2023-11-20T15:17:51.698+0500] {processor.py:179} INFO - Processing /home/den/Projects/venv/lib/python3.10/site-packages/airflow/example_dags/example_branch_python_dop_operator_3.py took 0.064 seconds
[2023-11-20T15:18:27.822+0500] {processor.py:157} INFO - Started process (PID=9708) to work on /home/den/Projects/venv/lib/python3.10/site-packages/airflow/example_dags/example_branch_python_dop_operator_3.py
[2023-11-20T15:18:27.824+0500] {processor.py:829} INFO - Processing file /home/den/Projects/venv/lib/python3.10/site-packages/airflow/example_dags/example_branch_python_dop_operator_3.py for tasks to queue
[2023-11-20T15:18:27.825+0500] {logging_mixin.py:154} INFO - [2023-11-20T15:18:27.825+0500] {dagbag.py:536} INFO - Filling up the DagBag from /home/den/Projects/venv/lib/python3.10/site-packages/airflow/example_dags/example_branch_python_dop_operator_3.py
[2023-11-20T15:18:27.841+0500] {processor.py:839} INFO - DAG(s) dict_keys(['example_branch_dop_operator_v3']) retrieved from /home/den/Projects/venv/lib/python3.10/site-packages/airflow/example_dags/example_branch_python_dop_operator_3.py
[2023-11-20T15:18:27.857+0500] {logging_mixin.py:154} INFO - [2023-11-20T15:18:27.856+0500] {dag.py:2941} INFO - Sync 1 DAGs
[2023-11-20T15:18:27.873+0500] {logging_mixin.py:154} INFO - [2023-11-20T15:18:27.873+0500] {dag.py:3722} INFO - Setting next_dagrun for example_branch_dop_operator_v3 to 2023-11-20T10:17:00+00:00, run_after=2023-11-20T10:18:00+00:00
[2023-11-20T15:18:27.894+0500] {processor.py:179} INFO - Processing /home/den/Projects/venv/lib/python3.10/site-packages/airflow/example_dags/example_branch_python_dop_operator_3.py took 0.078 seconds
[2023-11-20T15:19:02.503+0500] {processor.py:157} INFO - Started process (PID=9757) to work on /home/den/Projects/venv/lib/python3.10/site-packages/airflow/example_dags/example_branch_python_dop_operator_3.py
[2023-11-20T15:19:02.504+0500] {processor.py:829} INFO - Processing file /home/den/Projects/venv/lib/python3.10/site-packages/airflow/example_dags/example_branch_python_dop_operator_3.py for tasks to queue
[2023-11-20T15:19:02.506+0500] {logging_mixin.py:154} INFO - [2023-11-20T15:19:02.504+0500] {dagbag.py:536} INFO - Filling up the DagBag from /home/den/Projects/venv/lib/python3.10/site-packages/airflow/example_dags/example_branch_python_dop_operator_3.py
[2023-11-20T15:19:02.514+0500] {processor.py:839} INFO - DAG(s) dict_keys(['example_branch_dop_operator_v3']) retrieved from /home/den/Projects/venv/lib/python3.10/site-packages/airflow/example_dags/example_branch_python_dop_operator_3.py
[2023-11-20T15:19:02.526+0500] {logging_mixin.py:154} INFO - [2023-11-20T15:19:02.526+0500] {dag.py:2941} INFO - Sync 1 DAGs
[2023-11-20T15:19:02.542+0500] {logging_mixin.py:154} INFO - [2023-11-20T15:19:02.542+0500] {dag.py:3722} INFO - Setting next_dagrun for example_branch_dop_operator_v3 to 2023-11-20T10:18:00+00:00, run_after=2023-11-20T10:19:00+00:00
[2023-11-20T15:19:02.561+0500] {processor.py:179} INFO - Processing /home/den/Projects/venv/lib/python3.10/site-packages/airflow/example_dags/example_branch_python_dop_operator_3.py took 0.061 seconds
[2023-11-20T15:19:47.613+0500] {processor.py:157} INFO - Started process (PID=9827) to work on /home/den/Projects/venv/lib/python3.10/site-packages/airflow/example_dags/example_branch_python_dop_operator_3.py
[2023-11-20T15:19:47.624+0500] {processor.py:829} INFO - Processing file /home/den/Projects/venv/lib/python3.10/site-packages/airflow/example_dags/example_branch_python_dop_operator_3.py for tasks to queue
[2023-11-20T15:19:47.625+0500] {logging_mixin.py:154} INFO - [2023-11-20T15:19:47.625+0500] {dagbag.py:536} INFO - Filling up the DagBag from /home/den/Projects/venv/lib/python3.10/site-packages/airflow/example_dags/example_branch_python_dop_operator_3.py
[2023-11-20T15:19:47.643+0500] {processor.py:839} INFO - DAG(s) dict_keys(['example_branch_dop_operator_v3']) retrieved from /home/den/Projects/venv/lib/python3.10/site-packages/airflow/example_dags/example_branch_python_dop_operator_3.py
[2023-11-20T15:19:47.660+0500] {logging_mixin.py:154} INFO - [2023-11-20T15:19:47.660+0500] {dag.py:2941} INFO - Sync 1 DAGs
[2023-11-20T15:19:47.681+0500] {logging_mixin.py:154} INFO - [2023-11-20T15:19:47.681+0500] {dag.py:3722} INFO - Setting next_dagrun for example_branch_dop_operator_v3 to 2023-11-20T10:18:00+00:00, run_after=2023-11-20T10:19:00+00:00
[2023-11-20T15:19:47.701+0500] {processor.py:179} INFO - Processing /home/den/Projects/venv/lib/python3.10/site-packages/airflow/example_dags/example_branch_python_dop_operator_3.py took 0.090 seconds
[2023-11-20T15:20:27.250+0500] {processor.py:157} INFO - Started process (PID=9961) to work on /home/den/Projects/venv/lib/python3.10/site-packages/airflow/example_dags/example_branch_python_dop_operator_3.py
[2023-11-20T15:20:27.256+0500] {processor.py:829} INFO - Processing file /home/den/Projects/venv/lib/python3.10/site-packages/airflow/example_dags/example_branch_python_dop_operator_3.py for tasks to queue
[2023-11-20T15:20:27.257+0500] {logging_mixin.py:154} INFO - [2023-11-20T15:20:27.257+0500] {dagbag.py:536} INFO - Filling up the DagBag from /home/den/Projects/venv/lib/python3.10/site-packages/airflow/example_dags/example_branch_python_dop_operator_3.py
[2023-11-20T15:20:27.284+0500] {processor.py:839} INFO - DAG(s) dict_keys(['example_branch_dop_operator_v3']) retrieved from /home/den/Projects/venv/lib/python3.10/site-packages/airflow/example_dags/example_branch_python_dop_operator_3.py
[2023-11-20T15:20:27.314+0500] {logging_mixin.py:154} INFO - [2023-11-20T15:20:27.313+0500] {dag.py:2941} INFO - Sync 1 DAGs
[2023-11-20T15:20:27.346+0500] {logging_mixin.py:154} INFO - [2023-11-20T15:20:27.346+0500] {dag.py:3722} INFO - Setting next_dagrun for example_branch_dop_operator_v3 to 2023-11-20T10:19:00+00:00, run_after=2023-11-20T10:20:00+00:00
[2023-11-20T15:20:27.377+0500] {processor.py:179} INFO - Processing /home/den/Projects/venv/lib/python3.10/site-packages/airflow/example_dags/example_branch_python_dop_operator_3.py took 0.132 seconds
[2023-11-20T15:21:10.211+0500] {processor.py:157} INFO - Started process (PID=10012) to work on /home/den/Projects/venv/lib/python3.10/site-packages/airflow/example_dags/example_branch_python_dop_operator_3.py
[2023-11-20T15:21:10.221+0500] {processor.py:829} INFO - Processing file /home/den/Projects/venv/lib/python3.10/site-packages/airflow/example_dags/example_branch_python_dop_operator_3.py for tasks to queue
[2023-11-20T15:21:10.224+0500] {logging_mixin.py:154} INFO - [2023-11-20T15:21:10.223+0500] {dagbag.py:536} INFO - Filling up the DagBag from /home/den/Projects/venv/lib/python3.10/site-packages/airflow/example_dags/example_branch_python_dop_operator_3.py
[2023-11-20T15:21:10.290+0500] {processor.py:839} INFO - DAG(s) dict_keys(['example_branch_dop_operator_v3']) retrieved from /home/den/Projects/venv/lib/python3.10/site-packages/airflow/example_dags/example_branch_python_dop_operator_3.py
[2023-11-20T15:21:10.317+0500] {logging_mixin.py:154} INFO - [2023-11-20T15:21:10.316+0500] {dag.py:2941} INFO - Sync 1 DAGs
[2023-11-20T15:21:10.347+0500] {logging_mixin.py:154} INFO - [2023-11-20T15:21:10.346+0500] {dag.py:3722} INFO - Setting next_dagrun for example_branch_dop_operator_v3 to 2023-11-20T10:20:00+00:00, run_after=2023-11-20T10:21:00+00:00
[2023-11-20T15:21:10.375+0500] {processor.py:179} INFO - Processing /home/den/Projects/venv/lib/python3.10/site-packages/airflow/example_dags/example_branch_python_dop_operator_3.py took 0.169 seconds
[2023-11-20T15:21:53.230+0500] {processor.py:157} INFO - Started process (PID=10102) to work on /home/den/Projects/venv/lib/python3.10/site-packages/airflow/example_dags/example_branch_python_dop_operator_3.py
[2023-11-20T15:21:53.237+0500] {processor.py:829} INFO - Processing file /home/den/Projects/venv/lib/python3.10/site-packages/airflow/example_dags/example_branch_python_dop_operator_3.py for tasks to queue
[2023-11-20T15:21:53.239+0500] {logging_mixin.py:154} INFO - [2023-11-20T15:21:53.238+0500] {dagbag.py:536} INFO - Filling up the DagBag from /home/den/Projects/venv/lib/python3.10/site-packages/airflow/example_dags/example_branch_python_dop_operator_3.py
[2023-11-20T15:21:53.268+0500] {processor.py:839} INFO - DAG(s) dict_keys(['example_branch_dop_operator_v3']) retrieved from /home/den/Projects/venv/lib/python3.10/site-packages/airflow/example_dags/example_branch_python_dop_operator_3.py
[2023-11-20T15:21:53.283+0500] {logging_mixin.py:154} INFO - [2023-11-20T15:21:53.283+0500] {dag.py:2941} INFO - Sync 1 DAGs
[2023-11-20T15:21:53.321+0500] {logging_mixin.py:154} INFO - [2023-11-20T15:21:53.321+0500] {dag.py:3722} INFO - Setting next_dagrun for example_branch_dop_operator_v3 to 2023-11-20T10:20:00+00:00, run_after=2023-11-20T10:21:00+00:00
[2023-11-20T15:21:53.360+0500] {processor.py:179} INFO - Processing /home/den/Projects/venv/lib/python3.10/site-packages/airflow/example_dags/example_branch_python_dop_operator_3.py took 0.134 seconds
[2023-11-20T15:22:36.208+0500] {processor.py:157} INFO - Started process (PID=10154) to work on /home/den/Projects/venv/lib/python3.10/site-packages/airflow/example_dags/example_branch_python_dop_operator_3.py
[2023-11-20T15:22:36.219+0500] {processor.py:829} INFO - Processing file /home/den/Projects/venv/lib/python3.10/site-packages/airflow/example_dags/example_branch_python_dop_operator_3.py for tasks to queue
[2023-11-20T15:22:36.220+0500] {logging_mixin.py:154} INFO - [2023-11-20T15:22:36.220+0500] {dagbag.py:536} INFO - Filling up the DagBag from /home/den/Projects/venv/lib/python3.10/site-packages/airflow/example_dags/example_branch_python_dop_operator_3.py
[2023-11-20T15:22:36.240+0500] {processor.py:839} INFO - DAG(s) dict_keys(['example_branch_dop_operator_v3']) retrieved from /home/den/Projects/venv/lib/python3.10/site-packages/airflow/example_dags/example_branch_python_dop_operator_3.py
[2023-11-20T15:22:36.268+0500] {logging_mixin.py:154} INFO - [2023-11-20T15:22:36.267+0500] {dag.py:2941} INFO - Sync 1 DAGs
[2023-11-20T15:22:36.319+0500] {logging_mixin.py:154} INFO - [2023-11-20T15:22:36.319+0500] {dag.py:3722} INFO - Setting next_dagrun for example_branch_dop_operator_v3 to 2023-11-20T10:21:00+00:00, run_after=2023-11-20T10:22:00+00:00
[2023-11-20T15:22:36.350+0500] {processor.py:179} INFO - Processing /home/den/Projects/venv/lib/python3.10/site-packages/airflow/example_dags/example_branch_python_dop_operator_3.py took 0.146 seconds
[2023-11-20T15:23:18.079+0500] {processor.py:157} INFO - Started process (PID=10218) to work on /home/den/Projects/venv/lib/python3.10/site-packages/airflow/example_dags/example_branch_python_dop_operator_3.py
[2023-11-20T15:23:18.090+0500] {processor.py:829} INFO - Processing file /home/den/Projects/venv/lib/python3.10/site-packages/airflow/example_dags/example_branch_python_dop_operator_3.py for tasks to queue
[2023-11-20T15:23:18.091+0500] {logging_mixin.py:154} INFO - [2023-11-20T15:23:18.091+0500] {dagbag.py:536} INFO - Filling up the DagBag from /home/den/Projects/venv/lib/python3.10/site-packages/airflow/example_dags/example_branch_python_dop_operator_3.py
[2023-11-20T15:23:18.128+0500] {processor.py:839} INFO - DAG(s) dict_keys(['example_branch_dop_operator_v3']) retrieved from /home/den/Projects/venv/lib/python3.10/site-packages/airflow/example_dags/example_branch_python_dop_operator_3.py
[2023-11-20T15:23:18.152+0500] {logging_mixin.py:154} INFO - [2023-11-20T15:23:18.151+0500] {dag.py:2941} INFO - Sync 1 DAGs
[2023-11-20T15:23:18.186+0500] {logging_mixin.py:154} INFO - [2023-11-20T15:23:18.186+0500] {dag.py:3722} INFO - Setting next_dagrun for example_branch_dop_operator_v3 to 2023-11-20T10:22:00+00:00, run_after=2023-11-20T10:23:00+00:00
[2023-11-20T15:23:18.212+0500] {processor.py:179} INFO - Processing /home/den/Projects/venv/lib/python3.10/site-packages/airflow/example_dags/example_branch_python_dop_operator_3.py took 0.139 seconds
