[2023-11-20T14:39:28.307+0500] {processor.py:157} INFO - Started process (PID=5163) to work on /home/den/Projects/venv/lib/python3.10/site-packages/airflow/example_dags/tutorial_dag.py
[2023-11-20T14:39:28.307+0500] {processor.py:829} INFO - Processing file /home/den/Projects/venv/lib/python3.10/site-packages/airflow/example_dags/tutorial_dag.py for tasks to queue
[2023-11-20T14:39:28.308+0500] {logging_mixin.py:154} INFO - [2023-11-20T14:39:28.308+0500] {dagbag.py:536} INFO - Filling up the DagBag from /home/den/Projects/venv/lib/python3.10/site-packages/airflow/example_dags/tutorial_dag.py
[2023-11-20T14:39:28.322+0500] {processor.py:839} INFO - DAG(s) dict_keys(['tutorial_dag']) retrieved from /home/den/Projects/venv/lib/python3.10/site-packages/airflow/example_dags/tutorial_dag.py
[2023-11-20T14:39:28.452+0500] {logging_mixin.py:154} INFO - [2023-11-20T14:39:28.452+0500] {manager.py:499} INFO - Created Permission View: %s
[2023-11-20T14:39:28.481+0500] {logging_mixin.py:154} INFO - [2023-11-20T14:39:28.480+0500] {manager.py:499} INFO - Created Permission View: %s
[2023-11-20T14:39:28.493+0500] {logging_mixin.py:154} INFO - [2023-11-20T14:39:28.493+0500] {manager.py:499} INFO - Created Permission View: %s
[2023-11-20T14:39:28.493+0500] {logging_mixin.py:154} INFO - [2023-11-20T14:39:28.493+0500] {dag.py:2941} INFO - Sync 1 DAGs
[2023-11-20T14:39:28.523+0500] {logging_mixin.py:154} INFO - [2023-11-20T14:39:28.523+0500] {dag.py:2963} INFO - Creating ORM DAG for tutorial_dag
[2023-11-20T14:39:28.525+0500] {logging_mixin.py:154} INFO - [2023-11-20T14:39:28.524+0500] {dag.py:3722} INFO - Setting next_dagrun for tutorial_dag to None, run_after=None
[2023-11-20T14:39:28.560+0500] {processor.py:179} INFO - Processing /home/den/Projects/venv/lib/python3.10/site-packages/airflow/example_dags/tutorial_dag.py took 0.256 seconds
[2023-11-20T14:40:21.014+0500] {processor.py:157} INFO - Started process (PID=5280) to work on /home/den/Projects/venv/lib/python3.10/site-packages/airflow/example_dags/tutorial_dag.py
[2023-11-20T14:40:21.015+0500] {processor.py:829} INFO - Processing file /home/den/Projects/venv/lib/python3.10/site-packages/airflow/example_dags/tutorial_dag.py for tasks to queue
[2023-11-20T14:40:21.016+0500] {logging_mixin.py:154} INFO - [2023-11-20T14:40:21.015+0500] {dagbag.py:536} INFO - Filling up the DagBag from /home/den/Projects/venv/lib/python3.10/site-packages/airflow/example_dags/tutorial_dag.py
[2023-11-20T14:40:21.021+0500] {processor.py:839} INFO - DAG(s) dict_keys(['tutorial_dag']) retrieved from /home/den/Projects/venv/lib/python3.10/site-packages/airflow/example_dags/tutorial_dag.py
[2023-11-20T14:40:21.033+0500] {logging_mixin.py:154} INFO - [2023-11-20T14:40:21.033+0500] {dag.py:2941} INFO - Sync 1 DAGs
[2023-11-20T14:40:21.042+0500] {logging_mixin.py:154} INFO - [2023-11-20T14:40:21.041+0500] {dag.py:3722} INFO - Setting next_dagrun for tutorial_dag to None, run_after=None
[2023-11-20T14:40:21.058+0500] {processor.py:179} INFO - Processing /home/den/Projects/venv/lib/python3.10/site-packages/airflow/example_dags/tutorial_dag.py took 0.047 seconds
[2023-11-20T14:49:55.909+0500] {processor.py:157} INFO - Started process (PID=6487) to work on /home/den/Projects/venv/lib/python3.10/site-packages/airflow/example_dags/tutorial_dag.py
[2023-11-20T14:49:55.914+0500] {processor.py:829} INFO - Processing file /home/den/Projects/venv/lib/python3.10/site-packages/airflow/example_dags/tutorial_dag.py for tasks to queue
[2023-11-20T14:49:55.920+0500] {logging_mixin.py:154} INFO - [2023-11-20T14:49:55.920+0500] {dagbag.py:536} INFO - Filling up the DagBag from /home/den/Projects/venv/lib/python3.10/site-packages/airflow/example_dags/tutorial_dag.py
[2023-11-20T14:49:55.939+0500] {processor.py:839} INFO - DAG(s) dict_keys(['tutorial_dag']) retrieved from /home/den/Projects/venv/lib/python3.10/site-packages/airflow/example_dags/tutorial_dag.py
[2023-11-20T14:49:55.954+0500] {logging_mixin.py:154} INFO - [2023-11-20T14:49:55.954+0500] {dag.py:2941} INFO - Sync 1 DAGs
[2023-11-20T14:49:55.962+0500] {logging_mixin.py:154} INFO - [2023-11-20T14:49:55.962+0500] {dag.py:3722} INFO - Setting next_dagrun for tutorial_dag to None, run_after=None
[2023-11-20T14:49:55.985+0500] {processor.py:179} INFO - Processing /home/den/Projects/venv/lib/python3.10/site-packages/airflow/example_dags/tutorial_dag.py took 0.094 seconds
[2023-11-20T14:50:46.324+0500] {processor.py:157} INFO - Started process (PID=6562) to work on /home/den/Projects/venv/lib/python3.10/site-packages/airflow/example_dags/tutorial_dag.py
[2023-11-20T14:50:46.327+0500] {processor.py:829} INFO - Processing file /home/den/Projects/venv/lib/python3.10/site-packages/airflow/example_dags/tutorial_dag.py for tasks to queue
[2023-11-20T14:50:46.328+0500] {logging_mixin.py:154} INFO - [2023-11-20T14:50:46.328+0500] {dagbag.py:536} INFO - Filling up the DagBag from /home/den/Projects/venv/lib/python3.10/site-packages/airflow/example_dags/tutorial_dag.py
[2023-11-20T14:50:46.335+0500] {processor.py:839} INFO - DAG(s) dict_keys(['tutorial_dag']) retrieved from /home/den/Projects/venv/lib/python3.10/site-packages/airflow/example_dags/tutorial_dag.py
[2023-11-20T14:50:46.348+0500] {logging_mixin.py:154} INFO - [2023-11-20T14:50:46.347+0500] {dag.py:2941} INFO - Sync 1 DAGs
[2023-11-20T14:50:46.355+0500] {logging_mixin.py:154} INFO - [2023-11-20T14:50:46.355+0500] {dag.py:3722} INFO - Setting next_dagrun for tutorial_dag to None, run_after=None
[2023-11-20T14:50:46.404+0500] {processor.py:179} INFO - Processing /home/den/Projects/venv/lib/python3.10/site-packages/airflow/example_dags/tutorial_dag.py took 0.084 seconds
[2023-11-20T14:51:32.711+0500] {processor.py:157} INFO - Started process (PID=6620) to work on /home/den/Projects/venv/lib/python3.10/site-packages/airflow/example_dags/tutorial_dag.py
[2023-11-20T14:51:32.712+0500] {processor.py:829} INFO - Processing file /home/den/Projects/venv/lib/python3.10/site-packages/airflow/example_dags/tutorial_dag.py for tasks to queue
[2023-11-20T14:51:32.717+0500] {logging_mixin.py:154} INFO - [2023-11-20T14:51:32.716+0500] {dagbag.py:536} INFO - Filling up the DagBag from /home/den/Projects/venv/lib/python3.10/site-packages/airflow/example_dags/tutorial_dag.py
[2023-11-20T14:51:32.722+0500] {processor.py:839} INFO - DAG(s) dict_keys(['tutorial_dag']) retrieved from /home/den/Projects/venv/lib/python3.10/site-packages/airflow/example_dags/tutorial_dag.py
[2023-11-20T14:51:32.736+0500] {logging_mixin.py:154} INFO - [2023-11-20T14:51:32.736+0500] {dag.py:2941} INFO - Sync 1 DAGs
[2023-11-20T14:51:32.744+0500] {logging_mixin.py:154} INFO - [2023-11-20T14:51:32.744+0500] {dag.py:3722} INFO - Setting next_dagrun for tutorial_dag to None, run_after=None
[2023-11-20T14:51:32.765+0500] {processor.py:179} INFO - Processing /home/den/Projects/venv/lib/python3.10/site-packages/airflow/example_dags/tutorial_dag.py took 0.057 seconds
[2023-11-20T14:52:26.312+0500] {processor.py:157} INFO - Started process (PID=6766) to work on /home/den/Projects/venv/lib/python3.10/site-packages/airflow/example_dags/tutorial_dag.py
[2023-11-20T14:52:26.313+0500] {processor.py:829} INFO - Processing file /home/den/Projects/venv/lib/python3.10/site-packages/airflow/example_dags/tutorial_dag.py for tasks to queue
[2023-11-20T14:52:26.314+0500] {logging_mixin.py:154} INFO - [2023-11-20T14:52:26.313+0500] {dagbag.py:536} INFO - Filling up the DagBag from /home/den/Projects/venv/lib/python3.10/site-packages/airflow/example_dags/tutorial_dag.py
[2023-11-20T14:52:26.325+0500] {processor.py:839} INFO - DAG(s) dict_keys(['tutorial_dag']) retrieved from /home/den/Projects/venv/lib/python3.10/site-packages/airflow/example_dags/tutorial_dag.py
[2023-11-20T14:52:26.344+0500] {logging_mixin.py:154} INFO - [2023-11-20T14:52:26.344+0500] {dag.py:2941} INFO - Sync 1 DAGs
[2023-11-20T14:52:26.357+0500] {logging_mixin.py:154} INFO - [2023-11-20T14:52:26.356+0500] {dag.py:3722} INFO - Setting next_dagrun for tutorial_dag to None, run_after=None
[2023-11-20T14:52:26.389+0500] {processor.py:179} INFO - Processing /home/den/Projects/venv/lib/python3.10/site-packages/airflow/example_dags/tutorial_dag.py took 0.080 seconds
[2023-11-20T14:53:13.071+0500] {processor.py:157} INFO - Started process (PID=7354) to work on /home/den/Projects/venv/lib/python3.10/site-packages/airflow/example_dags/tutorial_dag.py
[2023-11-20T14:53:13.078+0500] {processor.py:829} INFO - Processing file /home/den/Projects/venv/lib/python3.10/site-packages/airflow/example_dags/tutorial_dag.py for tasks to queue
[2023-11-20T14:53:13.085+0500] {logging_mixin.py:154} INFO - [2023-11-20T14:53:13.079+0500] {dagbag.py:536} INFO - Filling up the DagBag from /home/den/Projects/venv/lib/python3.10/site-packages/airflow/example_dags/tutorial_dag.py
[2023-11-20T14:53:13.105+0500] {processor.py:839} INFO - DAG(s) dict_keys(['tutorial_dag']) retrieved from /home/den/Projects/venv/lib/python3.10/site-packages/airflow/example_dags/tutorial_dag.py
[2023-11-20T14:53:13.156+0500] {logging_mixin.py:154} INFO - [2023-11-20T14:53:13.156+0500] {dag.py:2941} INFO - Sync 1 DAGs
[2023-11-20T14:53:13.192+0500] {logging_mixin.py:154} INFO - [2023-11-20T14:53:13.191+0500] {dag.py:3722} INFO - Setting next_dagrun for tutorial_dag to None, run_after=None
[2023-11-20T14:53:13.262+0500] {processor.py:179} INFO - Processing /home/den/Projects/venv/lib/python3.10/site-packages/airflow/example_dags/tutorial_dag.py took 0.203 seconds
[2023-11-20T14:54:47.393+0500] {processor.py:157} INFO - Started process (PID=7494) to work on /home/den/Projects/venv/lib/python3.10/site-packages/airflow/example_dags/tutorial_dag.py
[2023-11-20T14:54:47.395+0500] {processor.py:829} INFO - Processing file /home/den/Projects/venv/lib/python3.10/site-packages/airflow/example_dags/tutorial_dag.py for tasks to queue
[2023-11-20T14:54:47.396+0500] {logging_mixin.py:154} INFO - [2023-11-20T14:54:47.396+0500] {dagbag.py:536} INFO - Filling up the DagBag from /home/den/Projects/venv/lib/python3.10/site-packages/airflow/example_dags/tutorial_dag.py
[2023-11-20T14:54:47.402+0500] {processor.py:839} INFO - DAG(s) dict_keys(['tutorial_dag']) retrieved from /home/den/Projects/venv/lib/python3.10/site-packages/airflow/example_dags/tutorial_dag.py
[2023-11-20T14:54:47.416+0500] {logging_mixin.py:154} INFO - [2023-11-20T14:54:47.415+0500] {dag.py:2941} INFO - Sync 1 DAGs
[2023-11-20T14:54:47.423+0500] {logging_mixin.py:154} INFO - [2023-11-20T14:54:47.422+0500] {dag.py:3722} INFO - Setting next_dagrun for tutorial_dag to None, run_after=None
[2023-11-20T14:54:47.442+0500] {processor.py:179} INFO - Processing /home/den/Projects/venv/lib/python3.10/site-packages/airflow/example_dags/tutorial_dag.py took 0.051 seconds
[2023-11-20T14:57:30.003+0500] {processor.py:157} INFO - Started process (PID=7651) to work on /home/den/Projects/venv/lib/python3.10/site-packages/airflow/example_dags/tutorial_dag.py
[2023-11-20T14:57:30.005+0500] {processor.py:829} INFO - Processing file /home/den/Projects/venv/lib/python3.10/site-packages/airflow/example_dags/tutorial_dag.py for tasks to queue
[2023-11-20T14:57:30.005+0500] {logging_mixin.py:154} INFO - [2023-11-20T14:57:30.005+0500] {dagbag.py:536} INFO - Filling up the DagBag from /home/den/Projects/venv/lib/python3.10/site-packages/airflow/example_dags/tutorial_dag.py
[2023-11-20T14:57:30.012+0500] {processor.py:839} INFO - DAG(s) dict_keys(['tutorial_dag']) retrieved from /home/den/Projects/venv/lib/python3.10/site-packages/airflow/example_dags/tutorial_dag.py
[2023-11-20T14:57:30.025+0500] {logging_mixin.py:154} INFO - [2023-11-20T14:57:30.025+0500] {dag.py:2941} INFO - Sync 1 DAGs
[2023-11-20T14:57:30.033+0500] {logging_mixin.py:154} INFO - [2023-11-20T14:57:30.033+0500] {dag.py:3722} INFO - Setting next_dagrun for tutorial_dag to None, run_after=None
[2023-11-20T14:57:30.051+0500] {processor.py:179} INFO - Processing /home/den/Projects/venv/lib/python3.10/site-packages/airflow/example_dags/tutorial_dag.py took 0.051 seconds
[2023-11-20T14:58:15.291+0500] {processor.py:157} INFO - Started process (PID=7756) to work on /home/den/Projects/venv/lib/python3.10/site-packages/airflow/example_dags/tutorial_dag.py
[2023-11-20T14:58:15.295+0500] {processor.py:829} INFO - Processing file /home/den/Projects/venv/lib/python3.10/site-packages/airflow/example_dags/tutorial_dag.py for tasks to queue
[2023-11-20T14:58:15.299+0500] {logging_mixin.py:154} INFO - [2023-11-20T14:58:15.299+0500] {dagbag.py:536} INFO - Filling up the DagBag from /home/den/Projects/venv/lib/python3.10/site-packages/airflow/example_dags/tutorial_dag.py
[2023-11-20T14:58:15.306+0500] {processor.py:839} INFO - DAG(s) dict_keys(['tutorial_dag']) retrieved from /home/den/Projects/venv/lib/python3.10/site-packages/airflow/example_dags/tutorial_dag.py
[2023-11-20T14:58:15.334+0500] {logging_mixin.py:154} INFO - [2023-11-20T14:58:15.333+0500] {dag.py:2941} INFO - Sync 1 DAGs
[2023-11-20T14:58:15.342+0500] {logging_mixin.py:154} INFO - [2023-11-20T14:58:15.342+0500] {dag.py:3722} INFO - Setting next_dagrun for tutorial_dag to None, run_after=None
[2023-11-20T14:58:15.366+0500] {processor.py:179} INFO - Processing /home/den/Projects/venv/lib/python3.10/site-packages/airflow/example_dags/tutorial_dag.py took 0.078 seconds
[2023-11-20T14:59:02.783+0500] {processor.py:157} INFO - Started process (PID=7816) to work on /home/den/Projects/venv/lib/python3.10/site-packages/airflow/example_dags/tutorial_dag.py
[2023-11-20T14:59:02.794+0500] {processor.py:829} INFO - Processing file /home/den/Projects/venv/lib/python3.10/site-packages/airflow/example_dags/tutorial_dag.py for tasks to queue
[2023-11-20T14:59:02.795+0500] {logging_mixin.py:154} INFO - [2023-11-20T14:59:02.795+0500] {dagbag.py:536} INFO - Filling up the DagBag from /home/den/Projects/venv/lib/python3.10/site-packages/airflow/example_dags/tutorial_dag.py
[2023-11-20T14:59:02.802+0500] {processor.py:839} INFO - DAG(s) dict_keys(['tutorial_dag']) retrieved from /home/den/Projects/venv/lib/python3.10/site-packages/airflow/example_dags/tutorial_dag.py
[2023-11-20T14:59:02.822+0500] {logging_mixin.py:154} INFO - [2023-11-20T14:59:02.820+0500] {dag.py:2941} INFO - Sync 1 DAGs
[2023-11-20T14:59:02.835+0500] {logging_mixin.py:154} INFO - [2023-11-20T14:59:02.835+0500] {dag.py:3722} INFO - Setting next_dagrun for tutorial_dag to None, run_after=None
[2023-11-20T14:59:02.864+0500] {processor.py:179} INFO - Processing /home/den/Projects/venv/lib/python3.10/site-packages/airflow/example_dags/tutorial_dag.py took 0.085 seconds
[2023-11-20T14:59:48.318+0500] {processor.py:157} INFO - Started process (PID=7909) to work on /home/den/Projects/venv/lib/python3.10/site-packages/airflow/example_dags/tutorial_dag.py
[2023-11-20T14:59:48.320+0500] {processor.py:829} INFO - Processing file /home/den/Projects/venv/lib/python3.10/site-packages/airflow/example_dags/tutorial_dag.py for tasks to queue
[2023-11-20T14:59:48.320+0500] {logging_mixin.py:154} INFO - [2023-11-20T14:59:48.320+0500] {dagbag.py:536} INFO - Filling up the DagBag from /home/den/Projects/venv/lib/python3.10/site-packages/airflow/example_dags/tutorial_dag.py
[2023-11-20T14:59:48.324+0500] {processor.py:839} INFO - DAG(s) dict_keys(['tutorial_dag']) retrieved from /home/den/Projects/venv/lib/python3.10/site-packages/airflow/example_dags/tutorial_dag.py
[2023-11-20T14:59:48.336+0500] {logging_mixin.py:154} INFO - [2023-11-20T14:59:48.336+0500] {dag.py:2941} INFO - Sync 1 DAGs
[2023-11-20T14:59:48.344+0500] {logging_mixin.py:154} INFO - [2023-11-20T14:59:48.344+0500] {dag.py:3722} INFO - Setting next_dagrun for tutorial_dag to None, run_after=None
[2023-11-20T14:59:48.360+0500] {processor.py:179} INFO - Processing /home/den/Projects/venv/lib/python3.10/site-packages/airflow/example_dags/tutorial_dag.py took 0.045 seconds
[2023-11-20T15:00:40.337+0500] {processor.py:157} INFO - Started process (PID=7973) to work on /home/den/Projects/venv/lib/python3.10/site-packages/airflow/example_dags/tutorial_dag.py
[2023-11-20T15:00:40.338+0500] {processor.py:829} INFO - Processing file /home/den/Projects/venv/lib/python3.10/site-packages/airflow/example_dags/tutorial_dag.py for tasks to queue
[2023-11-20T15:00:40.339+0500] {logging_mixin.py:154} INFO - [2023-11-20T15:00:40.339+0500] {dagbag.py:536} INFO - Filling up the DagBag from /home/den/Projects/venv/lib/python3.10/site-packages/airflow/example_dags/tutorial_dag.py
[2023-11-20T15:00:40.343+0500] {processor.py:839} INFO - DAG(s) dict_keys(['tutorial_dag']) retrieved from /home/den/Projects/venv/lib/python3.10/site-packages/airflow/example_dags/tutorial_dag.py
[2023-11-20T15:00:40.354+0500] {logging_mixin.py:154} INFO - [2023-11-20T15:00:40.354+0500] {dag.py:2941} INFO - Sync 1 DAGs
[2023-11-20T15:00:40.361+0500] {logging_mixin.py:154} INFO - [2023-11-20T15:00:40.361+0500] {dag.py:3722} INFO - Setting next_dagrun for tutorial_dag to None, run_after=None
[2023-11-20T15:00:40.377+0500] {processor.py:179} INFO - Processing /home/den/Projects/venv/lib/python3.10/site-packages/airflow/example_dags/tutorial_dag.py took 0.043 seconds
[2023-11-20T15:01:30.606+0500] {processor.py:157} INFO - Started process (PID=8047) to work on /home/den/Projects/venv/lib/python3.10/site-packages/airflow/example_dags/tutorial_dag.py
[2023-11-20T15:01:30.607+0500] {processor.py:829} INFO - Processing file /home/den/Projects/venv/lib/python3.10/site-packages/airflow/example_dags/tutorial_dag.py for tasks to queue
[2023-11-20T15:01:30.608+0500] {logging_mixin.py:154} INFO - [2023-11-20T15:01:30.608+0500] {dagbag.py:536} INFO - Filling up the DagBag from /home/den/Projects/venv/lib/python3.10/site-packages/airflow/example_dags/tutorial_dag.py
[2023-11-20T15:01:30.612+0500] {processor.py:839} INFO - DAG(s) dict_keys(['tutorial_dag']) retrieved from /home/den/Projects/venv/lib/python3.10/site-packages/airflow/example_dags/tutorial_dag.py
[2023-11-20T15:01:30.625+0500] {logging_mixin.py:154} INFO - [2023-11-20T15:01:30.625+0500] {dag.py:2941} INFO - Sync 1 DAGs
[2023-11-20T15:01:30.632+0500] {logging_mixin.py:154} INFO - [2023-11-20T15:01:30.632+0500] {dag.py:3722} INFO - Setting next_dagrun for tutorial_dag to None, run_after=None
[2023-11-20T15:01:30.656+0500] {processor.py:179} INFO - Processing /home/den/Projects/venv/lib/python3.10/site-packages/airflow/example_dags/tutorial_dag.py took 0.053 seconds
[2023-11-20T15:03:18.696+0500] {processor.py:157} INFO - Started process (PID=8254) to work on /home/den/Projects/venv/lib/python3.10/site-packages/airflow/example_dags/tutorial_dag.py
[2023-11-20T15:03:18.703+0500] {processor.py:829} INFO - Processing file /home/den/Projects/venv/lib/python3.10/site-packages/airflow/example_dags/tutorial_dag.py for tasks to queue
[2023-11-20T15:03:18.706+0500] {logging_mixin.py:154} INFO - [2023-11-20T15:03:18.706+0500] {dagbag.py:536} INFO - Filling up the DagBag from /home/den/Projects/venv/lib/python3.10/site-packages/airflow/example_dags/tutorial_dag.py
[2023-11-20T15:03:18.714+0500] {processor.py:839} INFO - DAG(s) dict_keys(['tutorial_dag']) retrieved from /home/den/Projects/venv/lib/python3.10/site-packages/airflow/example_dags/tutorial_dag.py
[2023-11-20T15:03:18.737+0500] {logging_mixin.py:154} INFO - [2023-11-20T15:03:18.737+0500] {dag.py:2941} INFO - Sync 1 DAGs
[2023-11-20T15:03:18.755+0500] {logging_mixin.py:154} INFO - [2023-11-20T15:03:18.755+0500] {dag.py:3722} INFO - Setting next_dagrun for tutorial_dag to None, run_after=None
[2023-11-20T15:03:18.794+0500] {processor.py:179} INFO - Processing /home/den/Projects/venv/lib/python3.10/site-packages/airflow/example_dags/tutorial_dag.py took 0.103 seconds
[2023-11-20T15:04:08.007+0500] {processor.py:157} INFO - Started process (PID=8341) to work on /home/den/Projects/venv/lib/python3.10/site-packages/airflow/example_dags/tutorial_dag.py
[2023-11-20T15:04:08.008+0500] {processor.py:829} INFO - Processing file /home/den/Projects/venv/lib/python3.10/site-packages/airflow/example_dags/tutorial_dag.py for tasks to queue
[2023-11-20T15:04:08.008+0500] {logging_mixin.py:154} INFO - [2023-11-20T15:04:08.008+0500] {dagbag.py:536} INFO - Filling up the DagBag from /home/den/Projects/venv/lib/python3.10/site-packages/airflow/example_dags/tutorial_dag.py
[2023-11-20T15:04:08.021+0500] {processor.py:839} INFO - DAG(s) dict_keys(['tutorial_dag']) retrieved from /home/den/Projects/venv/lib/python3.10/site-packages/airflow/example_dags/tutorial_dag.py
[2023-11-20T15:04:08.042+0500] {logging_mixin.py:154} INFO - [2023-11-20T15:04:08.042+0500] {dag.py:2941} INFO - Sync 1 DAGs
[2023-11-20T15:04:08.060+0500] {logging_mixin.py:154} INFO - [2023-11-20T15:04:08.060+0500] {dag.py:3722} INFO - Setting next_dagrun for tutorial_dag to None, run_after=None
[2023-11-20T15:04:08.096+0500] {processor.py:179} INFO - Processing /home/den/Projects/venv/lib/python3.10/site-packages/airflow/example_dags/tutorial_dag.py took 0.093 seconds
[2023-11-20T15:05:03.973+0500] {processor.py:157} INFO - Started process (PID=8418) to work on /home/den/Projects/venv/lib/python3.10/site-packages/airflow/example_dags/tutorial_dag.py
[2023-11-20T15:05:03.974+0500] {processor.py:829} INFO - Processing file /home/den/Projects/venv/lib/python3.10/site-packages/airflow/example_dags/tutorial_dag.py for tasks to queue
[2023-11-20T15:05:03.976+0500] {logging_mixin.py:154} INFO - [2023-11-20T15:05:03.976+0500] {dagbag.py:536} INFO - Filling up the DagBag from /home/den/Projects/venv/lib/python3.10/site-packages/airflow/example_dags/tutorial_dag.py
[2023-11-20T15:05:03.989+0500] {processor.py:839} INFO - DAG(s) dict_keys(['tutorial_dag']) retrieved from /home/den/Projects/venv/lib/python3.10/site-packages/airflow/example_dags/tutorial_dag.py
[2023-11-20T15:05:04.011+0500] {logging_mixin.py:154} INFO - [2023-11-20T15:05:04.011+0500] {dag.py:2941} INFO - Sync 1 DAGs
[2023-11-20T15:05:04.027+0500] {logging_mixin.py:154} INFO - [2023-11-20T15:05:04.027+0500] {dag.py:3722} INFO - Setting next_dagrun for tutorial_dag to None, run_after=None
[2023-11-20T15:05:04.066+0500] {processor.py:179} INFO - Processing /home/den/Projects/venv/lib/python3.10/site-packages/airflow/example_dags/tutorial_dag.py took 0.097 seconds
[2023-11-20T15:05:43.367+0500] {processor.py:157} INFO - Started process (PID=8467) to work on /home/den/Projects/venv/lib/python3.10/site-packages/airflow/example_dags/tutorial_dag.py
[2023-11-20T15:05:43.370+0500] {processor.py:829} INFO - Processing file /home/den/Projects/venv/lib/python3.10/site-packages/airflow/example_dags/tutorial_dag.py for tasks to queue
[2023-11-20T15:05:43.371+0500] {logging_mixin.py:154} INFO - [2023-11-20T15:05:43.371+0500] {dagbag.py:536} INFO - Filling up the DagBag from /home/den/Projects/venv/lib/python3.10/site-packages/airflow/example_dags/tutorial_dag.py
[2023-11-20T15:05:43.380+0500] {processor.py:839} INFO - DAG(s) dict_keys(['tutorial_dag']) retrieved from /home/den/Projects/venv/lib/python3.10/site-packages/airflow/example_dags/tutorial_dag.py
[2023-11-20T15:05:43.400+0500] {logging_mixin.py:154} INFO - [2023-11-20T15:05:43.399+0500] {dag.py:2941} INFO - Sync 1 DAGs
[2023-11-20T15:05:43.408+0500] {logging_mixin.py:154} INFO - [2023-11-20T15:05:43.408+0500] {dag.py:3722} INFO - Setting next_dagrun for tutorial_dag to None, run_after=None
[2023-11-20T15:05:43.455+0500] {processor.py:179} INFO - Processing /home/den/Projects/venv/lib/python3.10/site-packages/airflow/example_dags/tutorial_dag.py took 0.091 seconds
[2023-11-20T15:06:38.645+0500] {processor.py:157} INFO - Started process (PID=8566) to work on /home/den/Projects/venv/lib/python3.10/site-packages/airflow/example_dags/tutorial_dag.py
[2023-11-20T15:06:38.654+0500] {processor.py:829} INFO - Processing file /home/den/Projects/venv/lib/python3.10/site-packages/airflow/example_dags/tutorial_dag.py for tasks to queue
[2023-11-20T15:06:38.659+0500] {logging_mixin.py:154} INFO - [2023-11-20T15:06:38.659+0500] {dagbag.py:536} INFO - Filling up the DagBag from /home/den/Projects/venv/lib/python3.10/site-packages/airflow/example_dags/tutorial_dag.py
[2023-11-20T15:06:38.665+0500] {processor.py:839} INFO - DAG(s) dict_keys(['tutorial_dag']) retrieved from /home/den/Projects/venv/lib/python3.10/site-packages/airflow/example_dags/tutorial_dag.py
[2023-11-20T15:06:38.697+0500] {logging_mixin.py:154} INFO - [2023-11-20T15:06:38.697+0500] {dag.py:2941} INFO - Sync 1 DAGs
[2023-11-20T15:06:38.710+0500] {logging_mixin.py:154} INFO - [2023-11-20T15:06:38.710+0500] {dag.py:3722} INFO - Setting next_dagrun for tutorial_dag to None, run_after=None
[2023-11-20T15:06:38.747+0500] {processor.py:179} INFO - Processing /home/den/Projects/venv/lib/python3.10/site-packages/airflow/example_dags/tutorial_dag.py took 0.108 seconds
[2023-11-20T15:07:19.508+0500] {processor.py:157} INFO - Started process (PID=8632) to work on /home/den/Projects/venv/lib/python3.10/site-packages/airflow/example_dags/tutorial_dag.py
[2023-11-20T15:07:19.511+0500] {processor.py:829} INFO - Processing file /home/den/Projects/venv/lib/python3.10/site-packages/airflow/example_dags/tutorial_dag.py for tasks to queue
[2023-11-20T15:07:19.513+0500] {logging_mixin.py:154} INFO - [2023-11-20T15:07:19.512+0500] {dagbag.py:536} INFO - Filling up the DagBag from /home/den/Projects/venv/lib/python3.10/site-packages/airflow/example_dags/tutorial_dag.py
[2023-11-20T15:07:19.519+0500] {processor.py:839} INFO - DAG(s) dict_keys(['tutorial_dag']) retrieved from /home/den/Projects/venv/lib/python3.10/site-packages/airflow/example_dags/tutorial_dag.py
[2023-11-20T15:07:19.600+0500] {logging_mixin.py:154} INFO - [2023-11-20T15:07:19.599+0500] {dag.py:2941} INFO - Sync 1 DAGs
[2023-11-20T15:07:19.632+0500] {logging_mixin.py:154} INFO - [2023-11-20T15:07:19.632+0500] {dag.py:3722} INFO - Setting next_dagrun for tutorial_dag to None, run_after=None
[2023-11-20T15:07:19.668+0500] {processor.py:179} INFO - Processing /home/den/Projects/venv/lib/python3.10/site-packages/airflow/example_dags/tutorial_dag.py took 0.180 seconds
[2023-11-20T15:08:05.803+0500] {processor.py:157} INFO - Started process (PID=8720) to work on /home/den/Projects/venv/lib/python3.10/site-packages/airflow/example_dags/tutorial_dag.py
[2023-11-20T15:08:05.824+0500] {processor.py:829} INFO - Processing file /home/den/Projects/venv/lib/python3.10/site-packages/airflow/example_dags/tutorial_dag.py for tasks to queue
[2023-11-20T15:08:05.825+0500] {logging_mixin.py:154} INFO - [2023-11-20T15:08:05.824+0500] {dagbag.py:536} INFO - Filling up the DagBag from /home/den/Projects/venv/lib/python3.10/site-packages/airflow/example_dags/tutorial_dag.py
[2023-11-20T15:08:05.863+0500] {processor.py:839} INFO - DAG(s) dict_keys(['tutorial_dag']) retrieved from /home/den/Projects/venv/lib/python3.10/site-packages/airflow/example_dags/tutorial_dag.py
[2023-11-20T15:08:05.937+0500] {logging_mixin.py:154} INFO - [2023-11-20T15:08:05.937+0500] {dag.py:2941} INFO - Sync 1 DAGs
[2023-11-20T15:08:05.956+0500] {logging_mixin.py:154} INFO - [2023-11-20T15:08:05.955+0500] {dag.py:3722} INFO - Setting next_dagrun for tutorial_dag to None, run_after=None
[2023-11-20T15:08:06.005+0500] {processor.py:179} INFO - Processing /home/den/Projects/venv/lib/python3.10/site-packages/airflow/example_dags/tutorial_dag.py took 0.207 seconds
[2023-11-20T15:08:50.296+0500] {processor.py:157} INFO - Started process (PID=8790) to work on /home/den/Projects/venv/lib/python3.10/site-packages/airflow/example_dags/tutorial_dag.py
[2023-11-20T15:08:50.299+0500] {processor.py:829} INFO - Processing file /home/den/Projects/venv/lib/python3.10/site-packages/airflow/example_dags/tutorial_dag.py for tasks to queue
[2023-11-20T15:08:50.304+0500] {logging_mixin.py:154} INFO - [2023-11-20T15:08:50.300+0500] {dagbag.py:536} INFO - Filling up the DagBag from /home/den/Projects/venv/lib/python3.10/site-packages/airflow/example_dags/tutorial_dag.py
[2023-11-20T15:08:50.316+0500] {processor.py:839} INFO - DAG(s) dict_keys(['tutorial_dag']) retrieved from /home/den/Projects/venv/lib/python3.10/site-packages/airflow/example_dags/tutorial_dag.py
[2023-11-20T15:08:50.343+0500] {logging_mixin.py:154} INFO - [2023-11-20T15:08:50.342+0500] {dag.py:2941} INFO - Sync 1 DAGs
[2023-11-20T15:08:50.359+0500] {logging_mixin.py:154} INFO - [2023-11-20T15:08:50.359+0500] {dag.py:3722} INFO - Setting next_dagrun for tutorial_dag to None, run_after=None
[2023-11-20T15:08:50.391+0500] {processor.py:179} INFO - Processing /home/den/Projects/venv/lib/python3.10/site-packages/airflow/example_dags/tutorial_dag.py took 0.098 seconds
[2023-11-20T15:09:30.990+0500] {processor.py:157} INFO - Started process (PID=8842) to work on /home/den/Projects/venv/lib/python3.10/site-packages/airflow/example_dags/tutorial_dag.py
[2023-11-20T15:09:30.993+0500] {processor.py:829} INFO - Processing file /home/den/Projects/venv/lib/python3.10/site-packages/airflow/example_dags/tutorial_dag.py for tasks to queue
[2023-11-20T15:09:30.994+0500] {logging_mixin.py:154} INFO - [2023-11-20T15:09:30.993+0500] {dagbag.py:536} INFO - Filling up the DagBag from /home/den/Projects/venv/lib/python3.10/site-packages/airflow/example_dags/tutorial_dag.py
[2023-11-20T15:09:31.005+0500] {processor.py:839} INFO - DAG(s) dict_keys(['tutorial_dag']) retrieved from /home/den/Projects/venv/lib/python3.10/site-packages/airflow/example_dags/tutorial_dag.py
[2023-11-20T15:09:31.026+0500] {logging_mixin.py:154} INFO - [2023-11-20T15:09:31.026+0500] {dag.py:2941} INFO - Sync 1 DAGs
[2023-11-20T15:09:31.035+0500] {logging_mixin.py:154} INFO - [2023-11-20T15:09:31.035+0500] {dag.py:3722} INFO - Setting next_dagrun for tutorial_dag to None, run_after=None
[2023-11-20T15:09:31.076+0500] {processor.py:179} INFO - Processing /home/den/Projects/venv/lib/python3.10/site-packages/airflow/example_dags/tutorial_dag.py took 0.090 seconds
[2023-11-20T15:10:11.808+0500] {processor.py:157} INFO - Started process (PID=8915) to work on /home/den/Projects/venv/lib/python3.10/site-packages/airflow/example_dags/tutorial_dag.py
[2023-11-20T15:10:11.809+0500] {processor.py:829} INFO - Processing file /home/den/Projects/venv/lib/python3.10/site-packages/airflow/example_dags/tutorial_dag.py for tasks to queue
[2023-11-20T15:10:11.810+0500] {logging_mixin.py:154} INFO - [2023-11-20T15:10:11.810+0500] {dagbag.py:536} INFO - Filling up the DagBag from /home/den/Projects/venv/lib/python3.10/site-packages/airflow/example_dags/tutorial_dag.py
[2023-11-20T15:10:11.818+0500] {processor.py:839} INFO - DAG(s) dict_keys(['tutorial_dag']) retrieved from /home/den/Projects/venv/lib/python3.10/site-packages/airflow/example_dags/tutorial_dag.py
[2023-11-20T15:10:11.851+0500] {logging_mixin.py:154} INFO - [2023-11-20T15:10:11.851+0500] {dag.py:2941} INFO - Sync 1 DAGs
[2023-11-20T15:10:11.864+0500] {logging_mixin.py:154} INFO - [2023-11-20T15:10:11.864+0500] {dag.py:3722} INFO - Setting next_dagrun for tutorial_dag to None, run_after=None
[2023-11-20T15:10:11.902+0500] {processor.py:179} INFO - Processing /home/den/Projects/venv/lib/python3.10/site-packages/airflow/example_dags/tutorial_dag.py took 0.098 seconds
[2023-11-20T15:10:52.554+0500] {processor.py:157} INFO - Started process (PID=8973) to work on /home/den/Projects/venv/lib/python3.10/site-packages/airflow/example_dags/tutorial_dag.py
[2023-11-20T15:10:52.556+0500] {processor.py:829} INFO - Processing file /home/den/Projects/venv/lib/python3.10/site-packages/airflow/example_dags/tutorial_dag.py for tasks to queue
[2023-11-20T15:10:52.556+0500] {logging_mixin.py:154} INFO - [2023-11-20T15:10:52.556+0500] {dagbag.py:536} INFO - Filling up the DagBag from /home/den/Projects/venv/lib/python3.10/site-packages/airflow/example_dags/tutorial_dag.py
[2023-11-20T15:10:52.562+0500] {processor.py:839} INFO - DAG(s) dict_keys(['tutorial_dag']) retrieved from /home/den/Projects/venv/lib/python3.10/site-packages/airflow/example_dags/tutorial_dag.py
[2023-11-20T15:10:52.583+0500] {logging_mixin.py:154} INFO - [2023-11-20T15:10:52.582+0500] {dag.py:2941} INFO - Sync 1 DAGs
[2023-11-20T15:10:52.597+0500] {logging_mixin.py:154} INFO - [2023-11-20T15:10:52.596+0500] {dag.py:3722} INFO - Setting next_dagrun for tutorial_dag to None, run_after=None
[2023-11-20T15:10:52.638+0500] {processor.py:179} INFO - Processing /home/den/Projects/venv/lib/python3.10/site-packages/airflow/example_dags/tutorial_dag.py took 0.088 seconds
[2023-11-20T15:11:40.931+0500] {processor.py:157} INFO - Started process (PID=9034) to work on /home/den/Projects/venv/lib/python3.10/site-packages/airflow/example_dags/tutorial_dag.py
[2023-11-20T15:11:40.935+0500] {processor.py:829} INFO - Processing file /home/den/Projects/venv/lib/python3.10/site-packages/airflow/example_dags/tutorial_dag.py for tasks to queue
[2023-11-20T15:11:40.939+0500] {logging_mixin.py:154} INFO - [2023-11-20T15:11:40.938+0500] {dagbag.py:536} INFO - Filling up the DagBag from /home/den/Projects/venv/lib/python3.10/site-packages/airflow/example_dags/tutorial_dag.py
[2023-11-20T15:11:40.949+0500] {processor.py:839} INFO - DAG(s) dict_keys(['tutorial_dag']) retrieved from /home/den/Projects/venv/lib/python3.10/site-packages/airflow/example_dags/tutorial_dag.py
[2023-11-20T15:11:40.972+0500] {logging_mixin.py:154} INFO - [2023-11-20T15:11:40.972+0500] {dag.py:2941} INFO - Sync 1 DAGs
[2023-11-20T15:11:40.985+0500] {logging_mixin.py:154} INFO - [2023-11-20T15:11:40.984+0500] {dag.py:3722} INFO - Setting next_dagrun for tutorial_dag to None, run_after=None
[2023-11-20T15:11:41.017+0500] {processor.py:179} INFO - Processing /home/den/Projects/venv/lib/python3.10/site-packages/airflow/example_dags/tutorial_dag.py took 0.089 seconds
[2023-11-20T15:12:35.840+0500] {processor.py:157} INFO - Started process (PID=9135) to work on /home/den/Projects/venv/lib/python3.10/site-packages/airflow/example_dags/tutorial_dag.py
[2023-11-20T15:12:35.842+0500] {processor.py:829} INFO - Processing file /home/den/Projects/venv/lib/python3.10/site-packages/airflow/example_dags/tutorial_dag.py for tasks to queue
[2023-11-20T15:12:35.844+0500] {logging_mixin.py:154} INFO - [2023-11-20T15:12:35.844+0500] {dagbag.py:536} INFO - Filling up the DagBag from /home/den/Projects/venv/lib/python3.10/site-packages/airflow/example_dags/tutorial_dag.py
[2023-11-20T15:12:35.853+0500] {processor.py:839} INFO - DAG(s) dict_keys(['tutorial_dag']) retrieved from /home/den/Projects/venv/lib/python3.10/site-packages/airflow/example_dags/tutorial_dag.py
[2023-11-20T15:12:35.880+0500] {logging_mixin.py:154} INFO - [2023-11-20T15:12:35.880+0500] {dag.py:2941} INFO - Sync 1 DAGs
[2023-11-20T15:12:35.897+0500] {logging_mixin.py:154} INFO - [2023-11-20T15:12:35.897+0500] {dag.py:3722} INFO - Setting next_dagrun for tutorial_dag to None, run_after=None
[2023-11-20T15:12:35.936+0500] {processor.py:179} INFO - Processing /home/den/Projects/venv/lib/python3.10/site-packages/airflow/example_dags/tutorial_dag.py took 0.101 seconds
[2023-11-20T15:13:28.430+0500] {processor.py:157} INFO - Started process (PID=9214) to work on /home/den/Projects/venv/lib/python3.10/site-packages/airflow/example_dags/tutorial_dag.py
[2023-11-20T15:13:28.435+0500] {processor.py:829} INFO - Processing file /home/den/Projects/venv/lib/python3.10/site-packages/airflow/example_dags/tutorial_dag.py for tasks to queue
[2023-11-20T15:13:28.436+0500] {logging_mixin.py:154} INFO - [2023-11-20T15:13:28.435+0500] {dagbag.py:536} INFO - Filling up the DagBag from /home/den/Projects/venv/lib/python3.10/site-packages/airflow/example_dags/tutorial_dag.py
[2023-11-20T15:13:28.444+0500] {processor.py:839} INFO - DAG(s) dict_keys(['tutorial_dag']) retrieved from /home/den/Projects/venv/lib/python3.10/site-packages/airflow/example_dags/tutorial_dag.py
[2023-11-20T15:13:28.469+0500] {logging_mixin.py:154} INFO - [2023-11-20T15:13:28.469+0500] {dag.py:2941} INFO - Sync 1 DAGs
[2023-11-20T15:13:28.484+0500] {logging_mixin.py:154} INFO - [2023-11-20T15:13:28.484+0500] {dag.py:3722} INFO - Setting next_dagrun for tutorial_dag to None, run_after=None
[2023-11-20T15:13:28.523+0500] {processor.py:179} INFO - Processing /home/den/Projects/venv/lib/python3.10/site-packages/airflow/example_dags/tutorial_dag.py took 0.097 seconds
[2023-11-20T15:14:25.418+0500] {processor.py:157} INFO - Started process (PID=9318) to work on /home/den/Projects/venv/lib/python3.10/site-packages/airflow/example_dags/tutorial_dag.py
[2023-11-20T15:14:25.421+0500] {processor.py:829} INFO - Processing file /home/den/Projects/venv/lib/python3.10/site-packages/airflow/example_dags/tutorial_dag.py for tasks to queue
[2023-11-20T15:14:25.423+0500] {logging_mixin.py:154} INFO - [2023-11-20T15:14:25.422+0500] {dagbag.py:536} INFO - Filling up the DagBag from /home/den/Projects/venv/lib/python3.10/site-packages/airflow/example_dags/tutorial_dag.py
[2023-11-20T15:14:25.432+0500] {processor.py:839} INFO - DAG(s) dict_keys(['tutorial_dag']) retrieved from /home/den/Projects/venv/lib/python3.10/site-packages/airflow/example_dags/tutorial_dag.py
[2023-11-20T15:14:25.452+0500] {logging_mixin.py:154} INFO - [2023-11-20T15:14:25.452+0500] {dag.py:2941} INFO - Sync 1 DAGs
[2023-11-20T15:14:25.461+0500] {logging_mixin.py:154} INFO - [2023-11-20T15:14:25.461+0500] {dag.py:3722} INFO - Setting next_dagrun for tutorial_dag to None, run_after=None
[2023-11-20T15:14:25.492+0500] {processor.py:179} INFO - Processing /home/den/Projects/venv/lib/python3.10/site-packages/airflow/example_dags/tutorial_dag.py took 0.080 seconds
[2023-11-20T15:15:18.249+0500] {processor.py:157} INFO - Started process (PID=9390) to work on /home/den/Projects/venv/lib/python3.10/site-packages/airflow/example_dags/tutorial_dag.py
[2023-11-20T15:15:18.251+0500] {processor.py:829} INFO - Processing file /home/den/Projects/venv/lib/python3.10/site-packages/airflow/example_dags/tutorial_dag.py for tasks to queue
[2023-11-20T15:15:18.253+0500] {logging_mixin.py:154} INFO - [2023-11-20T15:15:18.252+0500] {dagbag.py:536} INFO - Filling up the DagBag from /home/den/Projects/venv/lib/python3.10/site-packages/airflow/example_dags/tutorial_dag.py
[2023-11-20T15:15:18.259+0500] {processor.py:839} INFO - DAG(s) dict_keys(['tutorial_dag']) retrieved from /home/den/Projects/venv/lib/python3.10/site-packages/airflow/example_dags/tutorial_dag.py
[2023-11-20T15:15:18.275+0500] {logging_mixin.py:154} INFO - [2023-11-20T15:15:18.274+0500] {dag.py:2941} INFO - Sync 1 DAGs
[2023-11-20T15:15:18.285+0500] {logging_mixin.py:154} INFO - [2023-11-20T15:15:18.285+0500] {dag.py:3722} INFO - Setting next_dagrun for tutorial_dag to None, run_after=None
[2023-11-20T15:15:18.304+0500] {processor.py:179} INFO - Processing /home/den/Projects/venv/lib/python3.10/site-packages/airflow/example_dags/tutorial_dag.py took 0.058 seconds
[2023-11-20T15:16:08.843+0500] {processor.py:157} INFO - Started process (PID=9485) to work on /home/den/Projects/venv/lib/python3.10/site-packages/airflow/example_dags/tutorial_dag.py
[2023-11-20T15:16:08.845+0500] {processor.py:829} INFO - Processing file /home/den/Projects/venv/lib/python3.10/site-packages/airflow/example_dags/tutorial_dag.py for tasks to queue
[2023-11-20T15:16:08.846+0500] {logging_mixin.py:154} INFO - [2023-11-20T15:16:08.846+0500] {dagbag.py:536} INFO - Filling up the DagBag from /home/den/Projects/venv/lib/python3.10/site-packages/airflow/example_dags/tutorial_dag.py
[2023-11-20T15:16:08.852+0500] {processor.py:839} INFO - DAG(s) dict_keys(['tutorial_dag']) retrieved from /home/den/Projects/venv/lib/python3.10/site-packages/airflow/example_dags/tutorial_dag.py
[2023-11-20T15:16:08.866+0500] {logging_mixin.py:154} INFO - [2023-11-20T15:16:08.865+0500] {dag.py:2941} INFO - Sync 1 DAGs
[2023-11-20T15:16:08.874+0500] {logging_mixin.py:154} INFO - [2023-11-20T15:16:08.874+0500] {dag.py:3722} INFO - Setting next_dagrun for tutorial_dag to None, run_after=None
[2023-11-20T15:16:08.900+0500] {processor.py:179} INFO - Processing /home/den/Projects/venv/lib/python3.10/site-packages/airflow/example_dags/tutorial_dag.py took 0.060 seconds
[2023-11-20T15:16:55.237+0500] {processor.py:157} INFO - Started process (PID=9553) to work on /home/den/Projects/venv/lib/python3.10/site-packages/airflow/example_dags/tutorial_dag.py
[2023-11-20T15:16:55.239+0500] {processor.py:829} INFO - Processing file /home/den/Projects/venv/lib/python3.10/site-packages/airflow/example_dags/tutorial_dag.py for tasks to queue
[2023-11-20T15:16:55.240+0500] {logging_mixin.py:154} INFO - [2023-11-20T15:16:55.240+0500] {dagbag.py:536} INFO - Filling up the DagBag from /home/den/Projects/venv/lib/python3.10/site-packages/airflow/example_dags/tutorial_dag.py
[2023-11-20T15:16:55.245+0500] {processor.py:839} INFO - DAG(s) dict_keys(['tutorial_dag']) retrieved from /home/den/Projects/venv/lib/python3.10/site-packages/airflow/example_dags/tutorial_dag.py
[2023-11-20T15:16:55.259+0500] {logging_mixin.py:154} INFO - [2023-11-20T15:16:55.259+0500] {dag.py:2941} INFO - Sync 1 DAGs
[2023-11-20T15:16:55.268+0500] {logging_mixin.py:154} INFO - [2023-11-20T15:16:55.268+0500] {dag.py:3722} INFO - Setting next_dagrun for tutorial_dag to None, run_after=None
[2023-11-20T15:16:55.285+0500] {processor.py:179} INFO - Processing /home/den/Projects/venv/lib/python3.10/site-packages/airflow/example_dags/tutorial_dag.py took 0.051 seconds
[2023-11-20T15:17:39.207+0500] {processor.py:157} INFO - Started process (PID=9615) to work on /home/den/Projects/venv/lib/python3.10/site-packages/airflow/example_dags/tutorial_dag.py
[2023-11-20T15:17:39.209+0500] {processor.py:829} INFO - Processing file /home/den/Projects/venv/lib/python3.10/site-packages/airflow/example_dags/tutorial_dag.py for tasks to queue
[2023-11-20T15:17:39.210+0500] {logging_mixin.py:154} INFO - [2023-11-20T15:17:39.210+0500] {dagbag.py:536} INFO - Filling up the DagBag from /home/den/Projects/venv/lib/python3.10/site-packages/airflow/example_dags/tutorial_dag.py
[2023-11-20T15:17:39.216+0500] {processor.py:839} INFO - DAG(s) dict_keys(['tutorial_dag']) retrieved from /home/den/Projects/venv/lib/python3.10/site-packages/airflow/example_dags/tutorial_dag.py
[2023-11-20T15:17:39.230+0500] {logging_mixin.py:154} INFO - [2023-11-20T15:17:39.230+0500] {dag.py:2941} INFO - Sync 1 DAGs
[2023-11-20T15:17:39.238+0500] {logging_mixin.py:154} INFO - [2023-11-20T15:17:39.238+0500] {dag.py:3722} INFO - Setting next_dagrun for tutorial_dag to None, run_after=None
[2023-11-20T15:17:39.264+0500] {processor.py:179} INFO - Processing /home/den/Projects/venv/lib/python3.10/site-packages/airflow/example_dags/tutorial_dag.py took 0.060 seconds
[2023-11-20T15:18:32.197+0500] {processor.py:157} INFO - Started process (PID=9713) to work on /home/den/Projects/venv/lib/python3.10/site-packages/airflow/example_dags/tutorial_dag.py
[2023-11-20T15:18:32.198+0500] {processor.py:829} INFO - Processing file /home/den/Projects/venv/lib/python3.10/site-packages/airflow/example_dags/tutorial_dag.py for tasks to queue
[2023-11-20T15:18:32.198+0500] {logging_mixin.py:154} INFO - [2023-11-20T15:18:32.198+0500] {dagbag.py:536} INFO - Filling up the DagBag from /home/den/Projects/venv/lib/python3.10/site-packages/airflow/example_dags/tutorial_dag.py
[2023-11-20T15:18:32.204+0500] {processor.py:839} INFO - DAG(s) dict_keys(['tutorial_dag']) retrieved from /home/den/Projects/venv/lib/python3.10/site-packages/airflow/example_dags/tutorial_dag.py
[2023-11-20T15:18:32.217+0500] {logging_mixin.py:154} INFO - [2023-11-20T15:18:32.217+0500] {dag.py:2941} INFO - Sync 1 DAGs
[2023-11-20T15:18:32.226+0500] {logging_mixin.py:154} INFO - [2023-11-20T15:18:32.226+0500] {dag.py:3722} INFO - Setting next_dagrun for tutorial_dag to None, run_after=None
[2023-11-20T15:18:32.252+0500] {processor.py:179} INFO - Processing /home/den/Projects/venv/lib/python3.10/site-packages/airflow/example_dags/tutorial_dag.py took 0.058 seconds
[2023-11-20T15:19:19.272+0500] {processor.py:157} INFO - Started process (PID=9775) to work on /home/den/Projects/venv/lib/python3.10/site-packages/airflow/example_dags/tutorial_dag.py
[2023-11-20T15:19:19.273+0500] {processor.py:829} INFO - Processing file /home/den/Projects/venv/lib/python3.10/site-packages/airflow/example_dags/tutorial_dag.py for tasks to queue
[2023-11-20T15:19:19.274+0500] {logging_mixin.py:154} INFO - [2023-11-20T15:19:19.273+0500] {dagbag.py:536} INFO - Filling up the DagBag from /home/den/Projects/venv/lib/python3.10/site-packages/airflow/example_dags/tutorial_dag.py
[2023-11-20T15:19:19.279+0500] {processor.py:839} INFO - DAG(s) dict_keys(['tutorial_dag']) retrieved from /home/den/Projects/venv/lib/python3.10/site-packages/airflow/example_dags/tutorial_dag.py
[2023-11-20T15:19:19.292+0500] {logging_mixin.py:154} INFO - [2023-11-20T15:19:19.292+0500] {dag.py:2941} INFO - Sync 1 DAGs
[2023-11-20T15:19:19.301+0500] {logging_mixin.py:154} INFO - [2023-11-20T15:19:19.301+0500] {dag.py:3722} INFO - Setting next_dagrun for tutorial_dag to None, run_after=None
[2023-11-20T15:19:19.329+0500] {processor.py:179} INFO - Processing /home/den/Projects/venv/lib/python3.10/site-packages/airflow/example_dags/tutorial_dag.py took 0.061 seconds
[2023-11-20T15:20:12.448+0500] {processor.py:157} INFO - Started process (PID=9940) to work on /home/den/Projects/venv/lib/python3.10/site-packages/airflow/example_dags/tutorial_dag.py
[2023-11-20T15:20:12.451+0500] {processor.py:829} INFO - Processing file /home/den/Projects/venv/lib/python3.10/site-packages/airflow/example_dags/tutorial_dag.py for tasks to queue
[2023-11-20T15:20:12.459+0500] {logging_mixin.py:154} INFO - [2023-11-20T15:20:12.451+0500] {dagbag.py:536} INFO - Filling up the DagBag from /home/den/Projects/venv/lib/python3.10/site-packages/airflow/example_dags/tutorial_dag.py
[2023-11-20T15:20:12.469+0500] {processor.py:839} INFO - DAG(s) dict_keys(['tutorial_dag']) retrieved from /home/den/Projects/venv/lib/python3.10/site-packages/airflow/example_dags/tutorial_dag.py
[2023-11-20T15:20:12.483+0500] {logging_mixin.py:154} INFO - [2023-11-20T15:20:12.483+0500] {dag.py:2941} INFO - Sync 1 DAGs
[2023-11-20T15:20:12.492+0500] {logging_mixin.py:154} INFO - [2023-11-20T15:20:12.492+0500] {dag.py:3722} INFO - Setting next_dagrun for tutorial_dag to None, run_after=None
[2023-11-20T15:20:12.525+0500] {processor.py:179} INFO - Processing /home/den/Projects/venv/lib/python3.10/site-packages/airflow/example_dags/tutorial_dag.py took 0.079 seconds
[2023-11-20T15:20:54.043+0500] {processor.py:157} INFO - Started process (PID=9996) to work on /home/den/Projects/venv/lib/python3.10/site-packages/airflow/example_dags/tutorial_dag.py
[2023-11-20T15:20:54.045+0500] {processor.py:829} INFO - Processing file /home/den/Projects/venv/lib/python3.10/site-packages/airflow/example_dags/tutorial_dag.py for tasks to queue
[2023-11-20T15:20:54.046+0500] {logging_mixin.py:154} INFO - [2023-11-20T15:20:54.045+0500] {dagbag.py:536} INFO - Filling up the DagBag from /home/den/Projects/venv/lib/python3.10/site-packages/airflow/example_dags/tutorial_dag.py
[2023-11-20T15:20:54.052+0500] {processor.py:839} INFO - DAG(s) dict_keys(['tutorial_dag']) retrieved from /home/den/Projects/venv/lib/python3.10/site-packages/airflow/example_dags/tutorial_dag.py
[2023-11-20T15:20:54.076+0500] {logging_mixin.py:154} INFO - [2023-11-20T15:20:54.076+0500] {dag.py:2941} INFO - Sync 1 DAGs
[2023-11-20T15:20:54.091+0500] {logging_mixin.py:154} INFO - [2023-11-20T15:20:54.091+0500] {dag.py:3722} INFO - Setting next_dagrun for tutorial_dag to None, run_after=None
[2023-11-20T15:20:54.114+0500] {processor.py:179} INFO - Processing /home/den/Projects/venv/lib/python3.10/site-packages/airflow/example_dags/tutorial_dag.py took 0.078 seconds
[2023-11-20T15:21:36.884+0500] {processor.py:157} INFO - Started process (PID=10053) to work on /home/den/Projects/venv/lib/python3.10/site-packages/airflow/example_dags/tutorial_dag.py
[2023-11-20T15:21:36.886+0500] {processor.py:829} INFO - Processing file /home/den/Projects/venv/lib/python3.10/site-packages/airflow/example_dags/tutorial_dag.py for tasks to queue
[2023-11-20T15:21:36.887+0500] {logging_mixin.py:154} INFO - [2023-11-20T15:21:36.887+0500] {dagbag.py:536} INFO - Filling up the DagBag from /home/den/Projects/venv/lib/python3.10/site-packages/airflow/example_dags/tutorial_dag.py
[2023-11-20T15:21:36.896+0500] {processor.py:839} INFO - DAG(s) dict_keys(['tutorial_dag']) retrieved from /home/den/Projects/venv/lib/python3.10/site-packages/airflow/example_dags/tutorial_dag.py
[2023-11-20T15:21:36.914+0500] {logging_mixin.py:154} INFO - [2023-11-20T15:21:36.914+0500] {dag.py:2941} INFO - Sync 1 DAGs
[2023-11-20T15:21:36.923+0500] {logging_mixin.py:154} INFO - [2023-11-20T15:21:36.923+0500] {dag.py:3722} INFO - Setting next_dagrun for tutorial_dag to None, run_after=None
[2023-11-20T15:21:36.950+0500] {processor.py:179} INFO - Processing /home/den/Projects/venv/lib/python3.10/site-packages/airflow/example_dags/tutorial_dag.py took 0.069 seconds
[2023-11-20T15:22:20.506+0500] {processor.py:157} INFO - Started process (PID=10130) to work on /home/den/Projects/venv/lib/python3.10/site-packages/airflow/example_dags/tutorial_dag.py
[2023-11-20T15:22:20.508+0500] {processor.py:829} INFO - Processing file /home/den/Projects/venv/lib/python3.10/site-packages/airflow/example_dags/tutorial_dag.py for tasks to queue
[2023-11-20T15:22:20.511+0500] {logging_mixin.py:154} INFO - [2023-11-20T15:22:20.510+0500] {dagbag.py:536} INFO - Filling up the DagBag from /home/den/Projects/venv/lib/python3.10/site-packages/airflow/example_dags/tutorial_dag.py
[2023-11-20T15:22:20.517+0500] {processor.py:839} INFO - DAG(s) dict_keys(['tutorial_dag']) retrieved from /home/den/Projects/venv/lib/python3.10/site-packages/airflow/example_dags/tutorial_dag.py
[2023-11-20T15:22:20.542+0500] {logging_mixin.py:154} INFO - [2023-11-20T15:22:20.542+0500] {dag.py:2941} INFO - Sync 1 DAGs
[2023-11-20T15:22:20.566+0500] {logging_mixin.py:154} INFO - [2023-11-20T15:22:20.566+0500] {dag.py:3722} INFO - Setting next_dagrun for tutorial_dag to None, run_after=None
[2023-11-20T15:22:20.601+0500] {processor.py:179} INFO - Processing /home/den/Projects/venv/lib/python3.10/site-packages/airflow/example_dags/tutorial_dag.py took 0.099 seconds
[2023-11-20T15:23:02.166+0500] {processor.py:157} INFO - Started process (PID=10188) to work on /home/den/Projects/venv/lib/python3.10/site-packages/airflow/example_dags/tutorial_dag.py
[2023-11-20T15:23:02.169+0500] {processor.py:829} INFO - Processing file /home/den/Projects/venv/lib/python3.10/site-packages/airflow/example_dags/tutorial_dag.py for tasks to queue
[2023-11-20T15:23:02.170+0500] {logging_mixin.py:154} INFO - [2023-11-20T15:23:02.170+0500] {dagbag.py:536} INFO - Filling up the DagBag from /home/den/Projects/venv/lib/python3.10/site-packages/airflow/example_dags/tutorial_dag.py
[2023-11-20T15:23:02.184+0500] {processor.py:839} INFO - DAG(s) dict_keys(['tutorial_dag']) retrieved from /home/den/Projects/venv/lib/python3.10/site-packages/airflow/example_dags/tutorial_dag.py
[2023-11-20T15:23:02.200+0500] {logging_mixin.py:154} INFO - [2023-11-20T15:23:02.200+0500] {dag.py:2941} INFO - Sync 1 DAGs
[2023-11-20T15:23:02.223+0500] {logging_mixin.py:154} INFO - [2023-11-20T15:23:02.222+0500] {dag.py:3722} INFO - Setting next_dagrun for tutorial_dag to None, run_after=None
[2023-11-20T15:23:02.256+0500] {processor.py:179} INFO - Processing /home/den/Projects/venv/lib/python3.10/site-packages/airflow/example_dags/tutorial_dag.py took 0.094 seconds
