[2023-11-20T14:39:53.524+0500] {processor.py:157} INFO - Started process (PID=5241) to work on /home/den/Projects/venv/lib/python3.10/site-packages/airflow/example_dags/tutorial_taskflow_api_virtualenv.py
[2023-11-20T14:39:53.526+0500] {processor.py:829} INFO - Processing file /home/den/Projects/venv/lib/python3.10/site-packages/airflow/example_dags/tutorial_taskflow_api_virtualenv.py for tasks to queue
[2023-11-20T14:39:53.526+0500] {logging_mixin.py:154} INFO - [2023-11-20T14:39:53.526+0500] {dagbag.py:536} INFO - Filling up the DagBag from /home/den/Projects/venv/lib/python3.10/site-packages/airflow/example_dags/tutorial_taskflow_api_virtualenv.py
[2023-11-20T14:39:53.529+0500] {logging_mixin.py:154} INFO - [2023-11-20T14:39:53.529+0500] {tutorial_taskflow_api_virtualenv.py:29} WARNING - The tutorial_taskflow_api_virtualenv example DAG requires virtualenv, please install it.
[2023-11-20T14:39:53.529+0500] {processor.py:841} WARNING - No viable dags retrieved from /home/den/Projects/venv/lib/python3.10/site-packages/airflow/example_dags/tutorial_taskflow_api_virtualenv.py
[2023-11-20T14:39:53.538+0500] {processor.py:179} INFO - Processing /home/den/Projects/venv/lib/python3.10/site-packages/airflow/example_dags/tutorial_taskflow_api_virtualenv.py took 0.016 seconds
[2023-11-20T14:40:40.392+0500] {processor.py:157} INFO - Started process (PID=5327) to work on /home/den/Projects/venv/lib/python3.10/site-packages/airflow/example_dags/tutorial_taskflow_api_virtualenv.py
[2023-11-20T14:40:40.401+0500] {processor.py:829} INFO - Processing file /home/den/Projects/venv/lib/python3.10/site-packages/airflow/example_dags/tutorial_taskflow_api_virtualenv.py for tasks to queue
[2023-11-20T14:40:40.402+0500] {logging_mixin.py:154} INFO - [2023-11-20T14:40:40.402+0500] {dagbag.py:536} INFO - Filling up the DagBag from /home/den/Projects/venv/lib/python3.10/site-packages/airflow/example_dags/tutorial_taskflow_api_virtualenv.py
[2023-11-20T14:40:40.408+0500] {logging_mixin.py:154} INFO - [2023-11-20T14:40:40.407+0500] {tutorial_taskflow_api_virtualenv.py:29} WARNING - The tutorial_taskflow_api_virtualenv example DAG requires virtualenv, please install it.
[2023-11-20T14:40:40.408+0500] {processor.py:841} WARNING - No viable dags retrieved from /home/den/Projects/venv/lib/python3.10/site-packages/airflow/example_dags/tutorial_taskflow_api_virtualenv.py
[2023-11-20T14:40:40.416+0500] {processor.py:179} INFO - Processing /home/den/Projects/venv/lib/python3.10/site-packages/airflow/example_dags/tutorial_taskflow_api_virtualenv.py took 0.027 seconds
[2023-11-20T14:50:17.965+0500] {processor.py:157} INFO - Started process (PID=6525) to work on /home/den/Projects/venv/lib/python3.10/site-packages/airflow/example_dags/tutorial_taskflow_api_virtualenv.py
[2023-11-20T14:50:17.968+0500] {processor.py:829} INFO - Processing file /home/den/Projects/venv/lib/python3.10/site-packages/airflow/example_dags/tutorial_taskflow_api_virtualenv.py for tasks to queue
[2023-11-20T14:50:17.968+0500] {logging_mixin.py:154} INFO - [2023-11-20T14:50:17.968+0500] {dagbag.py:536} INFO - Filling up the DagBag from /home/den/Projects/venv/lib/python3.10/site-packages/airflow/example_dags/tutorial_taskflow_api_virtualenv.py
[2023-11-20T14:50:17.971+0500] {logging_mixin.py:154} INFO - [2023-11-20T14:50:17.971+0500] {tutorial_taskflow_api_virtualenv.py:29} WARNING - The tutorial_taskflow_api_virtualenv example DAG requires virtualenv, please install it.
[2023-11-20T14:50:17.971+0500] {processor.py:841} WARNING - No viable dags retrieved from /home/den/Projects/venv/lib/python3.10/site-packages/airflow/example_dags/tutorial_taskflow_api_virtualenv.py
[2023-11-20T14:50:17.980+0500] {processor.py:179} INFO - Processing /home/den/Projects/venv/lib/python3.10/site-packages/airflow/example_dags/tutorial_taskflow_api_virtualenv.py took 0.017 seconds
[2023-11-20T14:51:06.927+0500] {processor.py:157} INFO - Started process (PID=6584) to work on /home/den/Projects/venv/lib/python3.10/site-packages/airflow/example_dags/tutorial_taskflow_api_virtualenv.py
[2023-11-20T14:51:06.929+0500] {processor.py:829} INFO - Processing file /home/den/Projects/venv/lib/python3.10/site-packages/airflow/example_dags/tutorial_taskflow_api_virtualenv.py for tasks to queue
[2023-11-20T14:51:06.929+0500] {logging_mixin.py:154} INFO - [2023-11-20T14:51:06.929+0500] {dagbag.py:536} INFO - Filling up the DagBag from /home/den/Projects/venv/lib/python3.10/site-packages/airflow/example_dags/tutorial_taskflow_api_virtualenv.py
[2023-11-20T14:51:06.932+0500] {logging_mixin.py:154} INFO - [2023-11-20T14:51:06.932+0500] {tutorial_taskflow_api_virtualenv.py:29} WARNING - The tutorial_taskflow_api_virtualenv example DAG requires virtualenv, please install it.
[2023-11-20T14:51:06.932+0500] {processor.py:841} WARNING - No viable dags retrieved from /home/den/Projects/venv/lib/python3.10/site-packages/airflow/example_dags/tutorial_taskflow_api_virtualenv.py
[2023-11-20T14:51:06.941+0500] {processor.py:179} INFO - Processing /home/den/Projects/venv/lib/python3.10/site-packages/airflow/example_dags/tutorial_taskflow_api_virtualenv.py took 0.016 seconds
[2023-11-20T14:51:56.190+0500] {processor.py:157} INFO - Started process (PID=6700) to work on /home/den/Projects/venv/lib/python3.10/site-packages/airflow/example_dags/tutorial_taskflow_api_virtualenv.py
[2023-11-20T14:51:56.199+0500] {processor.py:829} INFO - Processing file /home/den/Projects/venv/lib/python3.10/site-packages/airflow/example_dags/tutorial_taskflow_api_virtualenv.py for tasks to queue
[2023-11-20T14:51:56.200+0500] {logging_mixin.py:154} INFO - [2023-11-20T14:51:56.199+0500] {dagbag.py:536} INFO - Filling up the DagBag from /home/den/Projects/venv/lib/python3.10/site-packages/airflow/example_dags/tutorial_taskflow_api_virtualenv.py
[2023-11-20T14:51:56.202+0500] {logging_mixin.py:154} INFO - [2023-11-20T14:51:56.202+0500] {tutorial_taskflow_api_virtualenv.py:29} WARNING - The tutorial_taskflow_api_virtualenv example DAG requires virtualenv, please install it.
[2023-11-20T14:51:56.202+0500] {processor.py:841} WARNING - No viable dags retrieved from /home/den/Projects/venv/lib/python3.10/site-packages/airflow/example_dags/tutorial_taskflow_api_virtualenv.py
[2023-11-20T14:51:56.214+0500] {processor.py:179} INFO - Processing /home/den/Projects/venv/lib/python3.10/site-packages/airflow/example_dags/tutorial_taskflow_api_virtualenv.py took 0.027 seconds
[2023-11-20T14:57:50.571+0500] {processor.py:157} INFO - Started process (PID=7706) to work on /home/den/Projects/venv/lib/python3.10/site-packages/airflow/example_dags/tutorial_taskflow_api_virtualenv.py
[2023-11-20T14:57:50.574+0500] {processor.py:829} INFO - Processing file /home/den/Projects/venv/lib/python3.10/site-packages/airflow/example_dags/tutorial_taskflow_api_virtualenv.py for tasks to queue
[2023-11-20T14:57:50.575+0500] {logging_mixin.py:154} INFO - [2023-11-20T14:57:50.574+0500] {dagbag.py:536} INFO - Filling up the DagBag from /home/den/Projects/venv/lib/python3.10/site-packages/airflow/example_dags/tutorial_taskflow_api_virtualenv.py
[2023-11-20T14:57:50.580+0500] {logging_mixin.py:154} INFO - [2023-11-20T14:57:50.580+0500] {tutorial_taskflow_api_virtualenv.py:29} WARNING - The tutorial_taskflow_api_virtualenv example DAG requires virtualenv, please install it.
[2023-11-20T14:57:50.580+0500] {processor.py:841} WARNING - No viable dags retrieved from /home/den/Projects/venv/lib/python3.10/site-packages/airflow/example_dags/tutorial_taskflow_api_virtualenv.py
[2023-11-20T14:57:50.588+0500] {processor.py:179} INFO - Processing /home/den/Projects/venv/lib/python3.10/site-packages/airflow/example_dags/tutorial_taskflow_api_virtualenv.py took 0.022 seconds
[2023-11-20T14:58:38.727+0500] {processor.py:157} INFO - Started process (PID=7780) to work on /home/den/Projects/venv/lib/python3.10/site-packages/airflow/example_dags/tutorial_taskflow_api_virtualenv.py
[2023-11-20T14:58:38.729+0500] {processor.py:829} INFO - Processing file /home/den/Projects/venv/lib/python3.10/site-packages/airflow/example_dags/tutorial_taskflow_api_virtualenv.py for tasks to queue
[2023-11-20T14:58:38.731+0500] {logging_mixin.py:154} INFO - [2023-11-20T14:58:38.731+0500] {dagbag.py:536} INFO - Filling up the DagBag from /home/den/Projects/venv/lib/python3.10/site-packages/airflow/example_dags/tutorial_taskflow_api_virtualenv.py
[2023-11-20T14:58:38.738+0500] {logging_mixin.py:154} INFO - [2023-11-20T14:58:38.738+0500] {tutorial_taskflow_api_virtualenv.py:29} WARNING - The tutorial_taskflow_api_virtualenv example DAG requires virtualenv, please install it.
[2023-11-20T14:58:38.739+0500] {processor.py:841} WARNING - No viable dags retrieved from /home/den/Projects/venv/lib/python3.10/site-packages/airflow/example_dags/tutorial_taskflow_api_virtualenv.py
[2023-11-20T14:58:38.753+0500] {processor.py:179} INFO - Processing /home/den/Projects/venv/lib/python3.10/site-packages/airflow/example_dags/tutorial_taskflow_api_virtualenv.py took 0.030 seconds
[2023-11-20T14:59:25.525+0500] {processor.py:157} INFO - Started process (PID=7850) to work on /home/den/Projects/venv/lib/python3.10/site-packages/airflow/example_dags/tutorial_taskflow_api_virtualenv.py
[2023-11-20T14:59:25.527+0500] {processor.py:829} INFO - Processing file /home/den/Projects/venv/lib/python3.10/site-packages/airflow/example_dags/tutorial_taskflow_api_virtualenv.py for tasks to queue
[2023-11-20T14:59:25.527+0500] {logging_mixin.py:154} INFO - [2023-11-20T14:59:25.527+0500] {dagbag.py:536} INFO - Filling up the DagBag from /home/den/Projects/venv/lib/python3.10/site-packages/airflow/example_dags/tutorial_taskflow_api_virtualenv.py
[2023-11-20T14:59:25.529+0500] {logging_mixin.py:154} INFO - [2023-11-20T14:59:25.529+0500] {tutorial_taskflow_api_virtualenv.py:29} WARNING - The tutorial_taskflow_api_virtualenv example DAG requires virtualenv, please install it.
[2023-11-20T14:59:25.529+0500] {processor.py:841} WARNING - No viable dags retrieved from /home/den/Projects/venv/lib/python3.10/site-packages/airflow/example_dags/tutorial_taskflow_api_virtualenv.py
[2023-11-20T14:59:25.547+0500] {processor.py:179} INFO - Processing /home/den/Projects/venv/lib/python3.10/site-packages/airflow/example_dags/tutorial_taskflow_api_virtualenv.py took 0.024 seconds
[2023-11-20T15:00:18.328+0500] {processor.py:157} INFO - Started process (PID=7950) to work on /home/den/Projects/venv/lib/python3.10/site-packages/airflow/example_dags/tutorial_taskflow_api_virtualenv.py
[2023-11-20T15:00:18.329+0500] {processor.py:829} INFO - Processing file /home/den/Projects/venv/lib/python3.10/site-packages/airflow/example_dags/tutorial_taskflow_api_virtualenv.py for tasks to queue
[2023-11-20T15:00:18.330+0500] {logging_mixin.py:154} INFO - [2023-11-20T15:00:18.330+0500] {dagbag.py:536} INFO - Filling up the DagBag from /home/den/Projects/venv/lib/python3.10/site-packages/airflow/example_dags/tutorial_taskflow_api_virtualenv.py
[2023-11-20T15:00:18.332+0500] {logging_mixin.py:154} INFO - [2023-11-20T15:00:18.332+0500] {tutorial_taskflow_api_virtualenv.py:29} WARNING - The tutorial_taskflow_api_virtualenv example DAG requires virtualenv, please install it.
[2023-11-20T15:00:18.332+0500] {processor.py:841} WARNING - No viable dags retrieved from /home/den/Projects/venv/lib/python3.10/site-packages/airflow/example_dags/tutorial_taskflow_api_virtualenv.py
[2023-11-20T15:00:18.340+0500] {processor.py:179} INFO - Processing /home/den/Projects/venv/lib/python3.10/site-packages/airflow/example_dags/tutorial_taskflow_api_virtualenv.py took 0.015 seconds
[2023-11-20T15:01:11.438+0500] {processor.py:157} INFO - Started process (PID=8018) to work on /home/den/Projects/venv/lib/python3.10/site-packages/airflow/example_dags/tutorial_taskflow_api_virtualenv.py
[2023-11-20T15:01:11.440+0500] {processor.py:829} INFO - Processing file /home/den/Projects/venv/lib/python3.10/site-packages/airflow/example_dags/tutorial_taskflow_api_virtualenv.py for tasks to queue
[2023-11-20T15:01:11.440+0500] {logging_mixin.py:154} INFO - [2023-11-20T15:01:11.440+0500] {dagbag.py:536} INFO - Filling up the DagBag from /home/den/Projects/venv/lib/python3.10/site-packages/airflow/example_dags/tutorial_taskflow_api_virtualenv.py
[2023-11-20T15:01:11.442+0500] {logging_mixin.py:154} INFO - [2023-11-20T15:01:11.442+0500] {tutorial_taskflow_api_virtualenv.py:29} WARNING - The tutorial_taskflow_api_virtualenv example DAG requires virtualenv, please install it.
[2023-11-20T15:01:11.443+0500] {processor.py:841} WARNING - No viable dags retrieved from /home/den/Projects/venv/lib/python3.10/site-packages/airflow/example_dags/tutorial_taskflow_api_virtualenv.py
[2023-11-20T15:01:11.450+0500] {processor.py:179} INFO - Processing /home/den/Projects/venv/lib/python3.10/site-packages/airflow/example_dags/tutorial_taskflow_api_virtualenv.py took 0.015 seconds
[2023-11-20T15:02:48.507+0500] {processor.py:157} INFO - Started process (PID=8196) to work on /home/den/Projects/venv/lib/python3.10/site-packages/airflow/example_dags/tutorial_taskflow_api_virtualenv.py
[2023-11-20T15:02:48.509+0500] {processor.py:829} INFO - Processing file /home/den/Projects/venv/lib/python3.10/site-packages/airflow/example_dags/tutorial_taskflow_api_virtualenv.py for tasks to queue
[2023-11-20T15:02:48.509+0500] {logging_mixin.py:154} INFO - [2023-11-20T15:02:48.509+0500] {dagbag.py:536} INFO - Filling up the DagBag from /home/den/Projects/venv/lib/python3.10/site-packages/airflow/example_dags/tutorial_taskflow_api_virtualenv.py
[2023-11-20T15:02:48.581+0500] {logging_mixin.py:154} INFO - [2023-11-20T15:02:48.580+0500] {tutorial_taskflow_api_virtualenv.py:29} WARNING - The tutorial_taskflow_api_virtualenv example DAG requires virtualenv, please install it.
[2023-11-20T15:02:48.581+0500] {processor.py:841} WARNING - No viable dags retrieved from /home/den/Projects/venv/lib/python3.10/site-packages/airflow/example_dags/tutorial_taskflow_api_virtualenv.py
[2023-11-20T15:02:48.596+0500] {processor.py:179} INFO - Processing /home/den/Projects/venv/lib/python3.10/site-packages/airflow/example_dags/tutorial_taskflow_api_virtualenv.py took 0.093 seconds
[2023-11-20T15:03:50.696+0500] {processor.py:157} INFO - Started process (PID=8323) to work on /home/den/Projects/venv/lib/python3.10/site-packages/airflow/example_dags/tutorial_taskflow_api_virtualenv.py
[2023-11-20T15:03:50.706+0500] {processor.py:829} INFO - Processing file /home/den/Projects/venv/lib/python3.10/site-packages/airflow/example_dags/tutorial_taskflow_api_virtualenv.py for tasks to queue
[2023-11-20T15:03:50.707+0500] {logging_mixin.py:154} INFO - [2023-11-20T15:03:50.706+0500] {dagbag.py:536} INFO - Filling up the DagBag from /home/den/Projects/venv/lib/python3.10/site-packages/airflow/example_dags/tutorial_taskflow_api_virtualenv.py
[2023-11-20T15:03:50.709+0500] {logging_mixin.py:154} INFO - [2023-11-20T15:03:50.709+0500] {tutorial_taskflow_api_virtualenv.py:29} WARNING - The tutorial_taskflow_api_virtualenv example DAG requires virtualenv, please install it.
[2023-11-20T15:03:50.709+0500] {processor.py:841} WARNING - No viable dags retrieved from /home/den/Projects/venv/lib/python3.10/site-packages/airflow/example_dags/tutorial_taskflow_api_virtualenv.py
[2023-11-20T15:03:50.717+0500] {processor.py:179} INFO - Processing /home/den/Projects/venv/lib/python3.10/site-packages/airflow/example_dags/tutorial_taskflow_api_virtualenv.py took 0.032 seconds
[2023-11-20T15:04:45.388+0500] {processor.py:157} INFO - Started process (PID=8388) to work on /home/den/Projects/venv/lib/python3.10/site-packages/airflow/example_dags/tutorial_taskflow_api_virtualenv.py
[2023-11-20T15:04:45.390+0500] {processor.py:829} INFO - Processing file /home/den/Projects/venv/lib/python3.10/site-packages/airflow/example_dags/tutorial_taskflow_api_virtualenv.py for tasks to queue
[2023-11-20T15:04:45.392+0500] {logging_mixin.py:154} INFO - [2023-11-20T15:04:45.391+0500] {dagbag.py:536} INFO - Filling up the DagBag from /home/den/Projects/venv/lib/python3.10/site-packages/airflow/example_dags/tutorial_taskflow_api_virtualenv.py
[2023-11-20T15:04:45.397+0500] {logging_mixin.py:154} INFO - [2023-11-20T15:04:45.396+0500] {tutorial_taskflow_api_virtualenv.py:29} WARNING - The tutorial_taskflow_api_virtualenv example DAG requires virtualenv, please install it.
[2023-11-20T15:04:45.397+0500] {processor.py:841} WARNING - No viable dags retrieved from /home/den/Projects/venv/lib/python3.10/site-packages/airflow/example_dags/tutorial_taskflow_api_virtualenv.py
[2023-11-20T15:04:45.408+0500] {processor.py:179} INFO - Processing /home/den/Projects/venv/lib/python3.10/site-packages/airflow/example_dags/tutorial_taskflow_api_virtualenv.py took 0.025 seconds
[2023-11-20T15:05:44.546+0500] {processor.py:157} INFO - Started process (PID=8468) to work on /home/den/Projects/venv/lib/python3.10/site-packages/airflow/example_dags/tutorial_taskflow_api_virtualenv.py
[2023-11-20T15:05:44.549+0500] {processor.py:829} INFO - Processing file /home/den/Projects/venv/lib/python3.10/site-packages/airflow/example_dags/tutorial_taskflow_api_virtualenv.py for tasks to queue
[2023-11-20T15:05:44.550+0500] {logging_mixin.py:154} INFO - [2023-11-20T15:05:44.550+0500] {dagbag.py:536} INFO - Filling up the DagBag from /home/den/Projects/venv/lib/python3.10/site-packages/airflow/example_dags/tutorial_taskflow_api_virtualenv.py
[2023-11-20T15:05:44.556+0500] {logging_mixin.py:154} INFO - [2023-11-20T15:05:44.556+0500] {tutorial_taskflow_api_virtualenv.py:29} WARNING - The tutorial_taskflow_api_virtualenv example DAG requires virtualenv, please install it.
[2023-11-20T15:05:44.556+0500] {processor.py:841} WARNING - No viable dags retrieved from /home/den/Projects/venv/lib/python3.10/site-packages/airflow/example_dags/tutorial_taskflow_api_virtualenv.py
[2023-11-20T15:05:44.567+0500] {processor.py:179} INFO - Processing /home/den/Projects/venv/lib/python3.10/site-packages/airflow/example_dags/tutorial_taskflow_api_virtualenv.py took 0.024 seconds
[2023-11-20T15:06:39.910+0500] {processor.py:157} INFO - Started process (PID=8567) to work on /home/den/Projects/venv/lib/python3.10/site-packages/airflow/example_dags/tutorial_taskflow_api_virtualenv.py
[2023-11-20T15:06:39.911+0500] {processor.py:829} INFO - Processing file /home/den/Projects/venv/lib/python3.10/site-packages/airflow/example_dags/tutorial_taskflow_api_virtualenv.py for tasks to queue
[2023-11-20T15:06:39.912+0500] {logging_mixin.py:154} INFO - [2023-11-20T15:06:39.912+0500] {dagbag.py:536} INFO - Filling up the DagBag from /home/den/Projects/venv/lib/python3.10/site-packages/airflow/example_dags/tutorial_taskflow_api_virtualenv.py
[2023-11-20T15:06:39.915+0500] {logging_mixin.py:154} INFO - [2023-11-20T15:06:39.915+0500] {tutorial_taskflow_api_virtualenv.py:29} WARNING - The tutorial_taskflow_api_virtualenv example DAG requires virtualenv, please install it.
[2023-11-20T15:06:39.915+0500] {processor.py:841} WARNING - No viable dags retrieved from /home/den/Projects/venv/lib/python3.10/site-packages/airflow/example_dags/tutorial_taskflow_api_virtualenv.py
[2023-11-20T15:06:39.935+0500] {processor.py:179} INFO - Processing /home/den/Projects/venv/lib/python3.10/site-packages/airflow/example_dags/tutorial_taskflow_api_virtualenv.py took 0.030 seconds
[2023-11-20T15:07:45.897+0500] {processor.py:157} INFO - Started process (PID=8664) to work on /home/den/Projects/venv/lib/python3.10/site-packages/airflow/example_dags/tutorial_taskflow_api_virtualenv.py
[2023-11-20T15:07:45.900+0500] {processor.py:829} INFO - Processing file /home/den/Projects/venv/lib/python3.10/site-packages/airflow/example_dags/tutorial_taskflow_api_virtualenv.py for tasks to queue
[2023-11-20T15:07:45.901+0500] {logging_mixin.py:154} INFO - [2023-11-20T15:07:45.900+0500] {dagbag.py:536} INFO - Filling up the DagBag from /home/den/Projects/venv/lib/python3.10/site-packages/airflow/example_dags/tutorial_taskflow_api_virtualenv.py
[2023-11-20T15:07:45.905+0500] {logging_mixin.py:154} INFO - [2023-11-20T15:07:45.904+0500] {tutorial_taskflow_api_virtualenv.py:29} WARNING - The tutorial_taskflow_api_virtualenv example DAG requires virtualenv, please install it.
[2023-11-20T15:07:45.905+0500] {processor.py:841} WARNING - No viable dags retrieved from /home/den/Projects/venv/lib/python3.10/site-packages/airflow/example_dags/tutorial_taskflow_api_virtualenv.py
[2023-11-20T15:07:45.917+0500] {processor.py:179} INFO - Processing /home/den/Projects/venv/lib/python3.10/site-packages/airflow/example_dags/tutorial_taskflow_api_virtualenv.py took 0.024 seconds
[2023-11-20T15:08:38.359+0500] {processor.py:157} INFO - Started process (PID=8767) to work on /home/den/Projects/venv/lib/python3.10/site-packages/airflow/example_dags/tutorial_taskflow_api_virtualenv.py
[2023-11-20T15:08:38.369+0500] {processor.py:829} INFO - Processing file /home/den/Projects/venv/lib/python3.10/site-packages/airflow/example_dags/tutorial_taskflow_api_virtualenv.py for tasks to queue
[2023-11-20T15:08:38.371+0500] {logging_mixin.py:154} INFO - [2023-11-20T15:08:38.370+0500] {dagbag.py:536} INFO - Filling up the DagBag from /home/den/Projects/venv/lib/python3.10/site-packages/airflow/example_dags/tutorial_taskflow_api_virtualenv.py
[2023-11-20T15:08:38.374+0500] {logging_mixin.py:154} INFO - [2023-11-20T15:08:38.374+0500] {tutorial_taskflow_api_virtualenv.py:29} WARNING - The tutorial_taskflow_api_virtualenv example DAG requires virtualenv, please install it.
[2023-11-20T15:08:38.374+0500] {processor.py:841} WARNING - No viable dags retrieved from /home/den/Projects/venv/lib/python3.10/site-packages/airflow/example_dags/tutorial_taskflow_api_virtualenv.py
[2023-11-20T15:08:38.383+0500] {processor.py:179} INFO - Processing /home/den/Projects/venv/lib/python3.10/site-packages/airflow/example_dags/tutorial_taskflow_api_virtualenv.py took 0.028 seconds
[2023-11-20T15:09:37.435+0500] {processor.py:157} INFO - Started process (PID=8848) to work on /home/den/Projects/venv/lib/python3.10/site-packages/airflow/example_dags/tutorial_taskflow_api_virtualenv.py
[2023-11-20T15:09:37.446+0500] {processor.py:829} INFO - Processing file /home/den/Projects/venv/lib/python3.10/site-packages/airflow/example_dags/tutorial_taskflow_api_virtualenv.py for tasks to queue
[2023-11-20T15:09:37.448+0500] {logging_mixin.py:154} INFO - [2023-11-20T15:09:37.447+0500] {dagbag.py:536} INFO - Filling up the DagBag from /home/den/Projects/venv/lib/python3.10/site-packages/airflow/example_dags/tutorial_taskflow_api_virtualenv.py
[2023-11-20T15:09:37.456+0500] {logging_mixin.py:154} INFO - [2023-11-20T15:09:37.455+0500] {tutorial_taskflow_api_virtualenv.py:29} WARNING - The tutorial_taskflow_api_virtualenv example DAG requires virtualenv, please install it.
[2023-11-20T15:09:37.456+0500] {processor.py:841} WARNING - No viable dags retrieved from /home/den/Projects/venv/lib/python3.10/site-packages/airflow/example_dags/tutorial_taskflow_api_virtualenv.py
[2023-11-20T15:09:37.476+0500] {processor.py:179} INFO - Processing /home/den/Projects/venv/lib/python3.10/site-packages/airflow/example_dags/tutorial_taskflow_api_virtualenv.py took 0.046 seconds
[2023-11-20T15:10:40.929+0500] {processor.py:157} INFO - Started process (PID=8953) to work on /home/den/Projects/venv/lib/python3.10/site-packages/airflow/example_dags/tutorial_taskflow_api_virtualenv.py
[2023-11-20T15:10:40.940+0500] {processor.py:829} INFO - Processing file /home/den/Projects/venv/lib/python3.10/site-packages/airflow/example_dags/tutorial_taskflow_api_virtualenv.py for tasks to queue
[2023-11-20T15:10:40.948+0500] {logging_mixin.py:154} INFO - [2023-11-20T15:10:40.947+0500] {dagbag.py:536} INFO - Filling up the DagBag from /home/den/Projects/venv/lib/python3.10/site-packages/airflow/example_dags/tutorial_taskflow_api_virtualenv.py
[2023-11-20T15:10:40.955+0500] {logging_mixin.py:154} INFO - [2023-11-20T15:10:40.955+0500] {tutorial_taskflow_api_virtualenv.py:29} WARNING - The tutorial_taskflow_api_virtualenv example DAG requires virtualenv, please install it.
[2023-11-20T15:10:40.955+0500] {processor.py:841} WARNING - No viable dags retrieved from /home/den/Projects/venv/lib/python3.10/site-packages/airflow/example_dags/tutorial_taskflow_api_virtualenv.py
[2023-11-20T15:10:40.966+0500] {processor.py:179} INFO - Processing /home/den/Projects/venv/lib/python3.10/site-packages/airflow/example_dags/tutorial_taskflow_api_virtualenv.py took 0.046 seconds
[2023-11-20T15:11:30.286+0500] {processor.py:157} INFO - Started process (PID=9022) to work on /home/den/Projects/venv/lib/python3.10/site-packages/airflow/example_dags/tutorial_taskflow_api_virtualenv.py
[2023-11-20T15:11:30.288+0500] {processor.py:829} INFO - Processing file /home/den/Projects/venv/lib/python3.10/site-packages/airflow/example_dags/tutorial_taskflow_api_virtualenv.py for tasks to queue
[2023-11-20T15:11:30.289+0500] {logging_mixin.py:154} INFO - [2023-11-20T15:11:30.289+0500] {dagbag.py:536} INFO - Filling up the DagBag from /home/den/Projects/venv/lib/python3.10/site-packages/airflow/example_dags/tutorial_taskflow_api_virtualenv.py
[2023-11-20T15:11:30.294+0500] {logging_mixin.py:154} INFO - [2023-11-20T15:11:30.294+0500] {tutorial_taskflow_api_virtualenv.py:29} WARNING - The tutorial_taskflow_api_virtualenv example DAG requires virtualenv, please install it.
[2023-11-20T15:11:30.295+0500] {processor.py:841} WARNING - No viable dags retrieved from /home/den/Projects/venv/lib/python3.10/site-packages/airflow/example_dags/tutorial_taskflow_api_virtualenv.py
[2023-11-20T15:11:30.304+0500] {processor.py:179} INFO - Processing /home/den/Projects/venv/lib/python3.10/site-packages/airflow/example_dags/tutorial_taskflow_api_virtualenv.py took 0.027 seconds
[2023-11-20T15:12:24.552+0500] {processor.py:157} INFO - Started process (PID=9122) to work on /home/den/Projects/venv/lib/python3.10/site-packages/airflow/example_dags/tutorial_taskflow_api_virtualenv.py
[2023-11-20T15:12:24.563+0500] {processor.py:829} INFO - Processing file /home/den/Projects/venv/lib/python3.10/site-packages/airflow/example_dags/tutorial_taskflow_api_virtualenv.py for tasks to queue
[2023-11-20T15:12:24.564+0500] {logging_mixin.py:154} INFO - [2023-11-20T15:12:24.564+0500] {dagbag.py:536} INFO - Filling up the DagBag from /home/den/Projects/venv/lib/python3.10/site-packages/airflow/example_dags/tutorial_taskflow_api_virtualenv.py
[2023-11-20T15:12:24.568+0500] {logging_mixin.py:154} INFO - [2023-11-20T15:12:24.568+0500] {tutorial_taskflow_api_virtualenv.py:29} WARNING - The tutorial_taskflow_api_virtualenv example DAG requires virtualenv, please install it.
[2023-11-20T15:12:24.568+0500] {processor.py:841} WARNING - No viable dags retrieved from /home/den/Projects/venv/lib/python3.10/site-packages/airflow/example_dags/tutorial_taskflow_api_virtualenv.py
[2023-11-20T15:12:24.586+0500] {processor.py:179} INFO - Processing /home/den/Projects/venv/lib/python3.10/site-packages/airflow/example_dags/tutorial_taskflow_api_virtualenv.py took 0.037 seconds
[2023-11-20T15:13:17.279+0500] {processor.py:157} INFO - Started process (PID=9193) to work on /home/den/Projects/venv/lib/python3.10/site-packages/airflow/example_dags/tutorial_taskflow_api_virtualenv.py
[2023-11-20T15:13:17.281+0500] {processor.py:829} INFO - Processing file /home/den/Projects/venv/lib/python3.10/site-packages/airflow/example_dags/tutorial_taskflow_api_virtualenv.py for tasks to queue
[2023-11-20T15:13:17.283+0500] {logging_mixin.py:154} INFO - [2023-11-20T15:13:17.282+0500] {dagbag.py:536} INFO - Filling up the DagBag from /home/den/Projects/venv/lib/python3.10/site-packages/airflow/example_dags/tutorial_taskflow_api_virtualenv.py
[2023-11-20T15:13:17.291+0500] {logging_mixin.py:154} INFO - [2023-11-20T15:13:17.290+0500] {tutorial_taskflow_api_virtualenv.py:29} WARNING - The tutorial_taskflow_api_virtualenv example DAG requires virtualenv, please install it.
[2023-11-20T15:13:17.293+0500] {processor.py:841} WARNING - No viable dags retrieved from /home/den/Projects/venv/lib/python3.10/site-packages/airflow/example_dags/tutorial_taskflow_api_virtualenv.py
[2023-11-20T15:13:17.301+0500] {processor.py:179} INFO - Processing /home/den/Projects/venv/lib/python3.10/site-packages/airflow/example_dags/tutorial_taskflow_api_virtualenv.py took 0.026 seconds
[2023-11-20T15:14:13.835+0500] {processor.py:157} INFO - Started process (PID=9297) to work on /home/den/Projects/venv/lib/python3.10/site-packages/airflow/example_dags/tutorial_taskflow_api_virtualenv.py
[2023-11-20T15:14:13.837+0500] {processor.py:829} INFO - Processing file /home/den/Projects/venv/lib/python3.10/site-packages/airflow/example_dags/tutorial_taskflow_api_virtualenv.py for tasks to queue
[2023-11-20T15:14:13.838+0500] {logging_mixin.py:154} INFO - [2023-11-20T15:14:13.838+0500] {dagbag.py:536} INFO - Filling up the DagBag from /home/den/Projects/venv/lib/python3.10/site-packages/airflow/example_dags/tutorial_taskflow_api_virtualenv.py
[2023-11-20T15:14:13.848+0500] {logging_mixin.py:154} INFO - [2023-11-20T15:14:13.847+0500] {tutorial_taskflow_api_virtualenv.py:29} WARNING - The tutorial_taskflow_api_virtualenv example DAG requires virtualenv, please install it.
[2023-11-20T15:14:13.850+0500] {processor.py:841} WARNING - No viable dags retrieved from /home/den/Projects/venv/lib/python3.10/site-packages/airflow/example_dags/tutorial_taskflow_api_virtualenv.py
[2023-11-20T15:14:13.864+0500] {processor.py:179} INFO - Processing /home/den/Projects/venv/lib/python3.10/site-packages/airflow/example_dags/tutorial_taskflow_api_virtualenv.py took 0.036 seconds
[2023-11-20T15:15:09.249+0500] {processor.py:157} INFO - Started process (PID=9380) to work on /home/den/Projects/venv/lib/python3.10/site-packages/airflow/example_dags/tutorial_taskflow_api_virtualenv.py
[2023-11-20T15:15:09.259+0500] {processor.py:829} INFO - Processing file /home/den/Projects/venv/lib/python3.10/site-packages/airflow/example_dags/tutorial_taskflow_api_virtualenv.py for tasks to queue
[2023-11-20T15:15:09.260+0500] {logging_mixin.py:154} INFO - [2023-11-20T15:15:09.259+0500] {dagbag.py:536} INFO - Filling up the DagBag from /home/den/Projects/venv/lib/python3.10/site-packages/airflow/example_dags/tutorial_taskflow_api_virtualenv.py
[2023-11-20T15:15:09.263+0500] {logging_mixin.py:154} INFO - [2023-11-20T15:15:09.263+0500] {tutorial_taskflow_api_virtualenv.py:29} WARNING - The tutorial_taskflow_api_virtualenv example DAG requires virtualenv, please install it.
[2023-11-20T15:15:09.263+0500] {processor.py:841} WARNING - No viable dags retrieved from /home/den/Projects/venv/lib/python3.10/site-packages/airflow/example_dags/tutorial_taskflow_api_virtualenv.py
[2023-11-20T15:15:09.271+0500] {processor.py:179} INFO - Processing /home/den/Projects/venv/lib/python3.10/site-packages/airflow/example_dags/tutorial_taskflow_api_virtualenv.py took 0.025 seconds
[2023-11-20T15:15:58.345+0500] {processor.py:157} INFO - Started process (PID=9474) to work on /home/den/Projects/venv/lib/python3.10/site-packages/airflow/example_dags/tutorial_taskflow_api_virtualenv.py
[2023-11-20T15:15:58.346+0500] {processor.py:829} INFO - Processing file /home/den/Projects/venv/lib/python3.10/site-packages/airflow/example_dags/tutorial_taskflow_api_virtualenv.py for tasks to queue
[2023-11-20T15:15:58.347+0500] {logging_mixin.py:154} INFO - [2023-11-20T15:15:58.346+0500] {dagbag.py:536} INFO - Filling up the DagBag from /home/den/Projects/venv/lib/python3.10/site-packages/airflow/example_dags/tutorial_taskflow_api_virtualenv.py
[2023-11-20T15:15:58.350+0500] {logging_mixin.py:154} INFO - [2023-11-20T15:15:58.350+0500] {tutorial_taskflow_api_virtualenv.py:29} WARNING - The tutorial_taskflow_api_virtualenv example DAG requires virtualenv, please install it.
[2023-11-20T15:15:58.350+0500] {processor.py:841} WARNING - No viable dags retrieved from /home/den/Projects/venv/lib/python3.10/site-packages/airflow/example_dags/tutorial_taskflow_api_virtualenv.py
[2023-11-20T15:15:58.359+0500] {processor.py:179} INFO - Processing /home/den/Projects/venv/lib/python3.10/site-packages/airflow/example_dags/tutorial_taskflow_api_virtualenv.py took 0.017 seconds
[2023-11-20T15:16:46.069+0500] {processor.py:157} INFO - Started process (PID=9534) to work on /home/den/Projects/venv/lib/python3.10/site-packages/airflow/example_dags/tutorial_taskflow_api_virtualenv.py
[2023-11-20T15:16:46.070+0500] {processor.py:829} INFO - Processing file /home/den/Projects/venv/lib/python3.10/site-packages/airflow/example_dags/tutorial_taskflow_api_virtualenv.py for tasks to queue
[2023-11-20T15:16:46.071+0500] {logging_mixin.py:154} INFO - [2023-11-20T15:16:46.071+0500] {dagbag.py:536} INFO - Filling up the DagBag from /home/den/Projects/venv/lib/python3.10/site-packages/airflow/example_dags/tutorial_taskflow_api_virtualenv.py
[2023-11-20T15:16:46.074+0500] {logging_mixin.py:154} INFO - [2023-11-20T15:16:46.074+0500] {tutorial_taskflow_api_virtualenv.py:29} WARNING - The tutorial_taskflow_api_virtualenv example DAG requires virtualenv, please install it.
[2023-11-20T15:16:46.074+0500] {processor.py:841} WARNING - No viable dags retrieved from /home/den/Projects/venv/lib/python3.10/site-packages/airflow/example_dags/tutorial_taskflow_api_virtualenv.py
[2023-11-20T15:16:46.082+0500] {processor.py:179} INFO - Processing /home/den/Projects/venv/lib/python3.10/site-packages/airflow/example_dags/tutorial_taskflow_api_virtualenv.py took 0.017 seconds
[2023-11-20T15:17:31.414+0500] {processor.py:157} INFO - Started process (PID=9606) to work on /home/den/Projects/venv/lib/python3.10/site-packages/airflow/example_dags/tutorial_taskflow_api_virtualenv.py
[2023-11-20T15:17:31.416+0500] {processor.py:829} INFO - Processing file /home/den/Projects/venv/lib/python3.10/site-packages/airflow/example_dags/tutorial_taskflow_api_virtualenv.py for tasks to queue
[2023-11-20T15:17:31.416+0500] {logging_mixin.py:154} INFO - [2023-11-20T15:17:31.416+0500] {dagbag.py:536} INFO - Filling up the DagBag from /home/den/Projects/venv/lib/python3.10/site-packages/airflow/example_dags/tutorial_taskflow_api_virtualenv.py
[2023-11-20T15:17:31.419+0500] {logging_mixin.py:154} INFO - [2023-11-20T15:17:31.419+0500] {tutorial_taskflow_api_virtualenv.py:29} WARNING - The tutorial_taskflow_api_virtualenv example DAG requires virtualenv, please install it.
[2023-11-20T15:17:31.419+0500] {processor.py:841} WARNING - No viable dags retrieved from /home/den/Projects/venv/lib/python3.10/site-packages/airflow/example_dags/tutorial_taskflow_api_virtualenv.py
[2023-11-20T15:17:31.428+0500] {processor.py:179} INFO - Processing /home/den/Projects/venv/lib/python3.10/site-packages/airflow/example_dags/tutorial_taskflow_api_virtualenv.py took 0.017 seconds
[2023-11-20T15:18:19.137+0500] {processor.py:157} INFO - Started process (PID=9691) to work on /home/den/Projects/venv/lib/python3.10/site-packages/airflow/example_dags/tutorial_taskflow_api_virtualenv.py
[2023-11-20T15:18:19.138+0500] {processor.py:829} INFO - Processing file /home/den/Projects/venv/lib/python3.10/site-packages/airflow/example_dags/tutorial_taskflow_api_virtualenv.py for tasks to queue
[2023-11-20T15:18:19.139+0500] {logging_mixin.py:154} INFO - [2023-11-20T15:18:19.139+0500] {dagbag.py:536} INFO - Filling up the DagBag from /home/den/Projects/venv/lib/python3.10/site-packages/airflow/example_dags/tutorial_taskflow_api_virtualenv.py
[2023-11-20T15:18:19.142+0500] {logging_mixin.py:154} INFO - [2023-11-20T15:18:19.142+0500] {tutorial_taskflow_api_virtualenv.py:29} WARNING - The tutorial_taskflow_api_virtualenv example DAG requires virtualenv, please install it.
[2023-11-20T15:18:19.142+0500] {processor.py:841} WARNING - No viable dags retrieved from /home/den/Projects/venv/lib/python3.10/site-packages/airflow/example_dags/tutorial_taskflow_api_virtualenv.py
[2023-11-20T15:18:19.150+0500] {processor.py:179} INFO - Processing /home/den/Projects/venv/lib/python3.10/site-packages/airflow/example_dags/tutorial_taskflow_api_virtualenv.py took 0.016 seconds
[2023-11-20T15:19:11.508+0500] {processor.py:157} INFO - Started process (PID=9766) to work on /home/den/Projects/venv/lib/python3.10/site-packages/airflow/example_dags/tutorial_taskflow_api_virtualenv.py
[2023-11-20T15:19:11.509+0500] {processor.py:829} INFO - Processing file /home/den/Projects/venv/lib/python3.10/site-packages/airflow/example_dags/tutorial_taskflow_api_virtualenv.py for tasks to queue
[2023-11-20T15:19:11.510+0500] {logging_mixin.py:154} INFO - [2023-11-20T15:19:11.510+0500] {dagbag.py:536} INFO - Filling up the DagBag from /home/den/Projects/venv/lib/python3.10/site-packages/airflow/example_dags/tutorial_taskflow_api_virtualenv.py
[2023-11-20T15:19:11.515+0500] {logging_mixin.py:154} INFO - [2023-11-20T15:19:11.515+0500] {tutorial_taskflow_api_virtualenv.py:29} WARNING - The tutorial_taskflow_api_virtualenv example DAG requires virtualenv, please install it.
[2023-11-20T15:19:11.515+0500] {processor.py:841} WARNING - No viable dags retrieved from /home/den/Projects/venv/lib/python3.10/site-packages/airflow/example_dags/tutorial_taskflow_api_virtualenv.py
[2023-11-20T15:19:11.523+0500] {processor.py:179} INFO - Processing /home/den/Projects/venv/lib/python3.10/site-packages/airflow/example_dags/tutorial_taskflow_api_virtualenv.py took 0.018 seconds
[2023-11-20T15:19:57.995+0500] {processor.py:157} INFO - Started process (PID=9922) to work on /home/den/Projects/venv/lib/python3.10/site-packages/airflow/example_dags/tutorial_taskflow_api_virtualenv.py
[2023-11-20T15:19:58.001+0500] {processor.py:829} INFO - Processing file /home/den/Projects/venv/lib/python3.10/site-packages/airflow/example_dags/tutorial_taskflow_api_virtualenv.py for tasks to queue
[2023-11-20T15:19:58.005+0500] {logging_mixin.py:154} INFO - [2023-11-20T15:19:58.004+0500] {dagbag.py:536} INFO - Filling up the DagBag from /home/den/Projects/venv/lib/python3.10/site-packages/airflow/example_dags/tutorial_taskflow_api_virtualenv.py
[2023-11-20T15:19:58.011+0500] {logging_mixin.py:154} INFO - [2023-11-20T15:19:58.011+0500] {tutorial_taskflow_api_virtualenv.py:29} WARNING - The tutorial_taskflow_api_virtualenv example DAG requires virtualenv, please install it.
[2023-11-20T15:19:58.012+0500] {processor.py:841} WARNING - No viable dags retrieved from /home/den/Projects/venv/lib/python3.10/site-packages/airflow/example_dags/tutorial_taskflow_api_virtualenv.py
[2023-11-20T15:19:58.026+0500] {processor.py:179} INFO - Processing /home/den/Projects/venv/lib/python3.10/site-packages/airflow/example_dags/tutorial_taskflow_api_virtualenv.py took 0.037 seconds
[2023-11-20T15:21:00.921+0500] {processor.py:157} INFO - Started process (PID=10004) to work on /home/den/Projects/venv/lib/python3.10/site-packages/airflow/example_dags/tutorial_taskflow_api_virtualenv.py
[2023-11-20T15:21:00.924+0500] {processor.py:829} INFO - Processing file /home/den/Projects/venv/lib/python3.10/site-packages/airflow/example_dags/tutorial_taskflow_api_virtualenv.py for tasks to queue
[2023-11-20T15:21:00.925+0500] {logging_mixin.py:154} INFO - [2023-11-20T15:21:00.925+0500] {dagbag.py:536} INFO - Filling up the DagBag from /home/den/Projects/venv/lib/python3.10/site-packages/airflow/example_dags/tutorial_taskflow_api_virtualenv.py
[2023-11-20T15:21:00.929+0500] {logging_mixin.py:154} INFO - [2023-11-20T15:21:00.928+0500] {tutorial_taskflow_api_virtualenv.py:29} WARNING - The tutorial_taskflow_api_virtualenv example DAG requires virtualenv, please install it.
[2023-11-20T15:21:00.929+0500] {processor.py:841} WARNING - No viable dags retrieved from /home/den/Projects/venv/lib/python3.10/site-packages/airflow/example_dags/tutorial_taskflow_api_virtualenv.py
[2023-11-20T15:21:00.938+0500] {processor.py:179} INFO - Processing /home/den/Projects/venv/lib/python3.10/site-packages/airflow/example_dags/tutorial_taskflow_api_virtualenv.py took 0.024 seconds
[2023-11-20T15:22:07.470+0500] {processor.py:157} INFO - Started process (PID=10116) to work on /home/den/Projects/venv/lib/python3.10/site-packages/airflow/example_dags/tutorial_taskflow_api_virtualenv.py
[2023-11-20T15:22:07.473+0500] {processor.py:829} INFO - Processing file /home/den/Projects/venv/lib/python3.10/site-packages/airflow/example_dags/tutorial_taskflow_api_virtualenv.py for tasks to queue
[2023-11-20T15:22:07.474+0500] {logging_mixin.py:154} INFO - [2023-11-20T15:22:07.474+0500] {dagbag.py:536} INFO - Filling up the DagBag from /home/den/Projects/venv/lib/python3.10/site-packages/airflow/example_dags/tutorial_taskflow_api_virtualenv.py
[2023-11-20T15:22:07.478+0500] {logging_mixin.py:154} INFO - [2023-11-20T15:22:07.478+0500] {tutorial_taskflow_api_virtualenv.py:29} WARNING - The tutorial_taskflow_api_virtualenv example DAG requires virtualenv, please install it.
[2023-11-20T15:22:07.479+0500] {processor.py:841} WARNING - No viable dags retrieved from /home/den/Projects/venv/lib/python3.10/site-packages/airflow/example_dags/tutorial_taskflow_api_virtualenv.py
[2023-11-20T15:22:07.496+0500] {processor.py:179} INFO - Processing /home/den/Projects/venv/lib/python3.10/site-packages/airflow/example_dags/tutorial_taskflow_api_virtualenv.py took 0.037 seconds
[2023-11-20T15:23:07.777+0500] {processor.py:157} INFO - Started process (PID=10194) to work on /home/den/Projects/venv/lib/python3.10/site-packages/airflow/example_dags/tutorial_taskflow_api_virtualenv.py
[2023-11-20T15:23:07.779+0500] {processor.py:829} INFO - Processing file /home/den/Projects/venv/lib/python3.10/site-packages/airflow/example_dags/tutorial_taskflow_api_virtualenv.py for tasks to queue
[2023-11-20T15:23:07.780+0500] {logging_mixin.py:154} INFO - [2023-11-20T15:23:07.780+0500] {dagbag.py:536} INFO - Filling up the DagBag from /home/den/Projects/venv/lib/python3.10/site-packages/airflow/example_dags/tutorial_taskflow_api_virtualenv.py
[2023-11-20T15:23:07.784+0500] {logging_mixin.py:154} INFO - [2023-11-20T15:23:07.784+0500] {tutorial_taskflow_api_virtualenv.py:29} WARNING - The tutorial_taskflow_api_virtualenv example DAG requires virtualenv, please install it.
[2023-11-20T15:23:07.784+0500] {processor.py:841} WARNING - No viable dags retrieved from /home/den/Projects/venv/lib/python3.10/site-packages/airflow/example_dags/tutorial_taskflow_api_virtualenv.py
[2023-11-20T15:23:07.802+0500] {processor.py:179} INFO - Processing /home/den/Projects/venv/lib/python3.10/site-packages/airflow/example_dags/tutorial_taskflow_api_virtualenv.py took 0.047 seconds
