[2023-11-20T14:40:01.494+0500] {processor.py:157} INFO - Started process (PID=5250) to work on /home/den/Projects/venv/lib/python3.10/site-packages/airflow/example_dags/tutorial.py
[2023-11-20T14:40:01.495+0500] {processor.py:829} INFO - Processing file /home/den/Projects/venv/lib/python3.10/site-packages/airflow/example_dags/tutorial.py for tasks to queue
[2023-11-20T14:40:01.496+0500] {logging_mixin.py:154} INFO - [2023-11-20T14:40:01.495+0500] {dagbag.py:536} INFO - Filling up the DagBag from /home/den/Projects/venv/lib/python3.10/site-packages/airflow/example_dags/tutorial.py
[2023-11-20T14:40:01.502+0500] {processor.py:839} INFO - DAG(s) dict_keys(['tutorial']) retrieved from /home/den/Projects/venv/lib/python3.10/site-packages/airflow/example_dags/tutorial.py
[2023-11-20T14:40:01.582+0500] {logging_mixin.py:154} INFO - [2023-11-20T14:40:01.582+0500] {manager.py:499} INFO - Created Permission View: %s
[2023-11-20T14:40:01.595+0500] {logging_mixin.py:154} INFO - [2023-11-20T14:40:01.595+0500] {manager.py:499} INFO - Created Permission View: %s
[2023-11-20T14:40:01.629+0500] {logging_mixin.py:154} INFO - [2023-11-20T14:40:01.629+0500] {manager.py:499} INFO - Created Permission View: %s
[2023-11-20T14:40:01.629+0500] {logging_mixin.py:154} INFO - [2023-11-20T14:40:01.629+0500] {dag.py:2941} INFO - Sync 1 DAGs
[2023-11-20T14:40:01.639+0500] {logging_mixin.py:154} INFO - [2023-11-20T14:40:01.638+0500] {dag.py:2963} INFO - Creating ORM DAG for tutorial
[2023-11-20T14:40:01.650+0500] {logging_mixin.py:154} INFO - [2023-11-20T14:40:01.650+0500] {dag.py:3722} INFO - Setting next_dagrun for tutorial to 2023-11-19T09:40:01.650426+00:00, run_after=2023-11-20T09:40:01.650426+00:00
[2023-11-20T14:40:01.671+0500] {processor.py:179} INFO - Processing /home/den/Projects/venv/lib/python3.10/site-packages/airflow/example_dags/tutorial.py took 0.180 seconds
[2023-11-20T14:50:26.781+0500] {processor.py:157} INFO - Started process (PID=6533) to work on /home/den/Projects/venv/lib/python3.10/site-packages/airflow/example_dags/tutorial.py
[2023-11-20T14:50:26.783+0500] {processor.py:829} INFO - Processing file /home/den/Projects/venv/lib/python3.10/site-packages/airflow/example_dags/tutorial.py for tasks to queue
[2023-11-20T14:50:26.784+0500] {logging_mixin.py:154} INFO - [2023-11-20T14:50:26.783+0500] {dagbag.py:536} INFO - Filling up the DagBag from /home/den/Projects/venv/lib/python3.10/site-packages/airflow/example_dags/tutorial.py
[2023-11-20T14:50:26.797+0500] {processor.py:839} INFO - DAG(s) dict_keys(['tutorial']) retrieved from /home/den/Projects/venv/lib/python3.10/site-packages/airflow/example_dags/tutorial.py
[2023-11-20T14:50:26.819+0500] {logging_mixin.py:154} INFO - [2023-11-20T14:50:26.819+0500] {dag.py:2941} INFO - Sync 1 DAGs
[2023-11-20T14:50:26.850+0500] {logging_mixin.py:154} INFO - [2023-11-20T14:50:26.849+0500] {dag.py:3722} INFO - Setting next_dagrun for tutorial to 2023-11-19T09:50:26.849642+00:00, run_after=2023-11-20T09:50:26.849642+00:00
[2023-11-20T14:50:26.888+0500] {processor.py:179} INFO - Processing /home/den/Projects/venv/lib/python3.10/site-packages/airflow/example_dags/tutorial.py took 0.110 seconds
[2023-11-20T14:51:24.149+0500] {processor.py:157} INFO - Started process (PID=6611) to work on /home/den/Projects/venv/lib/python3.10/site-packages/airflow/example_dags/tutorial.py
[2023-11-20T14:51:24.150+0500] {processor.py:829} INFO - Processing file /home/den/Projects/venv/lib/python3.10/site-packages/airflow/example_dags/tutorial.py for tasks to queue
[2023-11-20T14:51:24.151+0500] {logging_mixin.py:154} INFO - [2023-11-20T14:51:24.151+0500] {dagbag.py:536} INFO - Filling up the DagBag from /home/den/Projects/venv/lib/python3.10/site-packages/airflow/example_dags/tutorial.py
[2023-11-20T14:51:24.157+0500] {processor.py:839} INFO - DAG(s) dict_keys(['tutorial']) retrieved from /home/den/Projects/venv/lib/python3.10/site-packages/airflow/example_dags/tutorial.py
[2023-11-20T14:51:24.168+0500] {logging_mixin.py:154} INFO - [2023-11-20T14:51:24.168+0500] {dag.py:2941} INFO - Sync 1 DAGs
[2023-11-20T14:51:24.183+0500] {logging_mixin.py:154} INFO - [2023-11-20T14:51:24.183+0500] {dag.py:3722} INFO - Setting next_dagrun for tutorial to 2023-11-19T09:51:24.182903+00:00, run_after=2023-11-20T09:51:24.182903+00:00
[2023-11-20T14:51:24.208+0500] {processor.py:179} INFO - Processing /home/den/Projects/venv/lib/python3.10/site-packages/airflow/example_dags/tutorial.py took 0.062 seconds
[2023-11-20T14:52:15.423+0500] {processor.py:157} INFO - Started process (PID=6752) to work on /home/den/Projects/venv/lib/python3.10/site-packages/airflow/example_dags/tutorial.py
[2023-11-20T14:52:15.428+0500] {processor.py:829} INFO - Processing file /home/den/Projects/venv/lib/python3.10/site-packages/airflow/example_dags/tutorial.py for tasks to queue
[2023-11-20T14:52:15.431+0500] {logging_mixin.py:154} INFO - [2023-11-20T14:52:15.430+0500] {dagbag.py:536} INFO - Filling up the DagBag from /home/den/Projects/venv/lib/python3.10/site-packages/airflow/example_dags/tutorial.py
[2023-11-20T14:52:15.446+0500] {processor.py:839} INFO - DAG(s) dict_keys(['tutorial']) retrieved from /home/den/Projects/venv/lib/python3.10/site-packages/airflow/example_dags/tutorial.py
[2023-11-20T14:52:15.462+0500] {logging_mixin.py:154} INFO - [2023-11-20T14:52:15.462+0500] {dag.py:2941} INFO - Sync 1 DAGs
[2023-11-20T14:52:15.485+0500] {logging_mixin.py:154} INFO - [2023-11-20T14:52:15.485+0500] {dag.py:3722} INFO - Setting next_dagrun for tutorial to 2023-11-19T09:52:15.485196+00:00, run_after=2023-11-20T09:52:15.485196+00:00
[2023-11-20T14:52:15.510+0500] {processor.py:179} INFO - Processing /home/den/Projects/venv/lib/python3.10/site-packages/airflow/example_dags/tutorial.py took 0.097 seconds
[2023-11-20T14:57:57.509+0500] {processor.py:157} INFO - Started process (PID=7715) to work on /home/den/Projects/venv/lib/python3.10/site-packages/airflow/example_dags/tutorial.py
[2023-11-20T14:57:57.510+0500] {processor.py:829} INFO - Processing file /home/den/Projects/venv/lib/python3.10/site-packages/airflow/example_dags/tutorial.py for tasks to queue
[2023-11-20T14:57:57.511+0500] {logging_mixin.py:154} INFO - [2023-11-20T14:57:57.511+0500] {dagbag.py:536} INFO - Filling up the DagBag from /home/den/Projects/venv/lib/python3.10/site-packages/airflow/example_dags/tutorial.py
[2023-11-20T14:57:57.517+0500] {processor.py:839} INFO - DAG(s) dict_keys(['tutorial']) retrieved from /home/den/Projects/venv/lib/python3.10/site-packages/airflow/example_dags/tutorial.py
[2023-11-20T14:57:57.530+0500] {logging_mixin.py:154} INFO - [2023-11-20T14:57:57.529+0500] {dag.py:2941} INFO - Sync 1 DAGs
[2023-11-20T14:57:57.542+0500] {logging_mixin.py:154} INFO - [2023-11-20T14:57:57.542+0500] {dag.py:3722} INFO - Setting next_dagrun for tutorial to 2023-11-19T09:57:57.542061+00:00, run_after=2023-11-20T09:57:57.542061+00:00
[2023-11-20T14:57:57.558+0500] {processor.py:179} INFO - Processing /home/den/Projects/venv/lib/python3.10/site-packages/airflow/example_dags/tutorial.py took 0.052 seconds
[2023-11-20T14:58:47.360+0500] {processor.py:157} INFO - Started process (PID=7798) to work on /home/den/Projects/venv/lib/python3.10/site-packages/airflow/example_dags/tutorial.py
[2023-11-20T14:58:47.369+0500] {processor.py:829} INFO - Processing file /home/den/Projects/venv/lib/python3.10/site-packages/airflow/example_dags/tutorial.py for tasks to queue
[2023-11-20T14:58:47.370+0500] {logging_mixin.py:154} INFO - [2023-11-20T14:58:47.370+0500] {dagbag.py:536} INFO - Filling up the DagBag from /home/den/Projects/venv/lib/python3.10/site-packages/airflow/example_dags/tutorial.py
[2023-11-20T14:58:47.375+0500] {processor.py:839} INFO - DAG(s) dict_keys(['tutorial']) retrieved from /home/den/Projects/venv/lib/python3.10/site-packages/airflow/example_dags/tutorial.py
[2023-11-20T14:58:47.386+0500] {logging_mixin.py:154} INFO - [2023-11-20T14:58:47.386+0500] {dag.py:2941} INFO - Sync 1 DAGs
[2023-11-20T14:58:47.399+0500] {logging_mixin.py:154} INFO - [2023-11-20T14:58:47.399+0500] {dag.py:3722} INFO - Setting next_dagrun for tutorial to 2023-11-19T09:58:47.399182+00:00, run_after=2023-11-20T09:58:47.399182+00:00
[2023-11-20T14:58:47.415+0500] {processor.py:179} INFO - Processing /home/den/Projects/venv/lib/python3.10/site-packages/airflow/example_dags/tutorial.py took 0.057 seconds
[2023-11-20T14:59:33.392+0500] {processor.py:157} INFO - Started process (PID=7859) to work on /home/den/Projects/venv/lib/python3.10/site-packages/airflow/example_dags/tutorial.py
[2023-11-20T14:59:33.395+0500] {processor.py:829} INFO - Processing file /home/den/Projects/venv/lib/python3.10/site-packages/airflow/example_dags/tutorial.py for tasks to queue
[2023-11-20T14:59:33.397+0500] {logging_mixin.py:154} INFO - [2023-11-20T14:59:33.397+0500] {dagbag.py:536} INFO - Filling up the DagBag from /home/den/Projects/venv/lib/python3.10/site-packages/airflow/example_dags/tutorial.py
[2023-11-20T14:59:33.409+0500] {processor.py:839} INFO - DAG(s) dict_keys(['tutorial']) retrieved from /home/den/Projects/venv/lib/python3.10/site-packages/airflow/example_dags/tutorial.py
[2023-11-20T14:59:33.431+0500] {logging_mixin.py:154} INFO - [2023-11-20T14:59:33.431+0500] {dag.py:2941} INFO - Sync 1 DAGs
[2023-11-20T14:59:33.454+0500] {logging_mixin.py:154} INFO - [2023-11-20T14:59:33.454+0500] {dag.py:3722} INFO - Setting next_dagrun for tutorial to 2023-11-19T09:59:33.454407+00:00, run_after=2023-11-20T09:59:33.454407+00:00
[2023-11-20T14:59:33.493+0500] {processor.py:179} INFO - Processing /home/den/Projects/venv/lib/python3.10/site-packages/airflow/example_dags/tutorial.py took 0.108 seconds
[2023-11-20T15:00:26.753+0500] {processor.py:157} INFO - Started process (PID=7958) to work on /home/den/Projects/venv/lib/python3.10/site-packages/airflow/example_dags/tutorial.py
[2023-11-20T15:00:26.761+0500] {processor.py:829} INFO - Processing file /home/den/Projects/venv/lib/python3.10/site-packages/airflow/example_dags/tutorial.py for tasks to queue
[2023-11-20T15:00:26.762+0500] {logging_mixin.py:154} INFO - [2023-11-20T15:00:26.762+0500] {dagbag.py:536} INFO - Filling up the DagBag from /home/den/Projects/venv/lib/python3.10/site-packages/airflow/example_dags/tutorial.py
[2023-11-20T15:00:26.775+0500] {processor.py:839} INFO - DAG(s) dict_keys(['tutorial']) retrieved from /home/den/Projects/venv/lib/python3.10/site-packages/airflow/example_dags/tutorial.py
[2023-11-20T15:00:26.788+0500] {logging_mixin.py:154} INFO - [2023-11-20T15:00:26.788+0500] {dag.py:2941} INFO - Sync 1 DAGs
[2023-11-20T15:00:26.815+0500] {logging_mixin.py:154} INFO - [2023-11-20T15:00:26.814+0500] {dag.py:3722} INFO - Setting next_dagrun for tutorial to 2023-11-19T10:00:26.814808+00:00, run_after=2023-11-20T10:00:26.814808+00:00
[2023-11-20T15:00:26.869+0500] {processor.py:179} INFO - Processing /home/den/Projects/venv/lib/python3.10/site-packages/airflow/example_dags/tutorial.py took 0.120 seconds
[2023-11-20T15:01:18.686+0500] {processor.py:157} INFO - Started process (PID=8034) to work on /home/den/Projects/venv/lib/python3.10/site-packages/airflow/example_dags/tutorial.py
[2023-11-20T15:01:18.687+0500] {processor.py:829} INFO - Processing file /home/den/Projects/venv/lib/python3.10/site-packages/airflow/example_dags/tutorial.py for tasks to queue
[2023-11-20T15:01:18.688+0500] {logging_mixin.py:154} INFO - [2023-11-20T15:01:18.687+0500] {dagbag.py:536} INFO - Filling up the DagBag from /home/den/Projects/venv/lib/python3.10/site-packages/airflow/example_dags/tutorial.py
[2023-11-20T15:01:18.693+0500] {processor.py:839} INFO - DAG(s) dict_keys(['tutorial']) retrieved from /home/den/Projects/venv/lib/python3.10/site-packages/airflow/example_dags/tutorial.py
[2023-11-20T15:01:18.704+0500] {logging_mixin.py:154} INFO - [2023-11-20T15:01:18.704+0500] {dag.py:2941} INFO - Sync 1 DAGs
[2023-11-20T15:01:18.716+0500] {logging_mixin.py:154} INFO - [2023-11-20T15:01:18.716+0500] {dag.py:3722} INFO - Setting next_dagrun for tutorial to 2023-11-19T10:01:18.716284+00:00, run_after=2023-11-20T10:01:18.716284+00:00
[2023-11-20T15:01:18.740+0500] {processor.py:179} INFO - Processing /home/den/Projects/venv/lib/python3.10/site-packages/airflow/example_dags/tutorial.py took 0.057 seconds
[2023-11-20T15:02:58.692+0500] {processor.py:157} INFO - Started process (PID=8205) to work on /home/den/Projects/venv/lib/python3.10/site-packages/airflow/example_dags/tutorial.py
[2023-11-20T15:02:58.695+0500] {processor.py:829} INFO - Processing file /home/den/Projects/venv/lib/python3.10/site-packages/airflow/example_dags/tutorial.py for tasks to queue
[2023-11-20T15:02:58.697+0500] {logging_mixin.py:154} INFO - [2023-11-20T15:02:58.696+0500] {dagbag.py:536} INFO - Filling up the DagBag from /home/den/Projects/venv/lib/python3.10/site-packages/airflow/example_dags/tutorial.py
[2023-11-20T15:02:58.729+0500] {processor.py:839} INFO - DAG(s) dict_keys(['tutorial']) retrieved from /home/den/Projects/venv/lib/python3.10/site-packages/airflow/example_dags/tutorial.py
[2023-11-20T15:02:58.758+0500] {logging_mixin.py:154} INFO - [2023-11-20T15:02:58.758+0500] {dag.py:2941} INFO - Sync 1 DAGs
[2023-11-20T15:02:58.790+0500] {logging_mixin.py:154} INFO - [2023-11-20T15:02:58.788+0500] {dag.py:3722} INFO - Setting next_dagrun for tutorial to 2023-11-19T10:02:58.788613+00:00, run_after=2023-11-20T10:02:58.788613+00:00
[2023-11-20T15:02:58.841+0500] {processor.py:179} INFO - Processing /home/den/Projects/venv/lib/python3.10/site-packages/airflow/example_dags/tutorial.py took 0.153 seconds
[2023-11-20T15:03:58.400+0500] {processor.py:157} INFO - Started process (PID=8332) to work on /home/den/Projects/venv/lib/python3.10/site-packages/airflow/example_dags/tutorial.py
[2023-11-20T15:03:58.401+0500] {processor.py:829} INFO - Processing file /home/den/Projects/venv/lib/python3.10/site-packages/airflow/example_dags/tutorial.py for tasks to queue
[2023-11-20T15:03:58.402+0500] {logging_mixin.py:154} INFO - [2023-11-20T15:03:58.402+0500] {dagbag.py:536} INFO - Filling up the DagBag from /home/den/Projects/venv/lib/python3.10/site-packages/airflow/example_dags/tutorial.py
[2023-11-20T15:03:58.409+0500] {processor.py:839} INFO - DAG(s) dict_keys(['tutorial']) retrieved from /home/den/Projects/venv/lib/python3.10/site-packages/airflow/example_dags/tutorial.py
[2023-11-20T15:03:58.427+0500] {logging_mixin.py:154} INFO - [2023-11-20T15:03:58.427+0500] {dag.py:2941} INFO - Sync 1 DAGs
[2023-11-20T15:03:58.446+0500] {logging_mixin.py:154} INFO - [2023-11-20T15:03:58.446+0500] {dag.py:3722} INFO - Setting next_dagrun for tutorial to 2023-11-19T10:03:58.446003+00:00, run_after=2023-11-20T10:03:58.446003+00:00
[2023-11-20T15:03:58.487+0500] {processor.py:179} INFO - Processing /home/den/Projects/venv/lib/python3.10/site-packages/airflow/example_dags/tutorial.py took 0.091 seconds
[2023-11-20T15:04:53.848+0500] {processor.py:157} INFO - Started process (PID=8404) to work on /home/den/Projects/venv/lib/python3.10/site-packages/airflow/example_dags/tutorial.py
[2023-11-20T15:04:53.852+0500] {processor.py:829} INFO - Processing file /home/den/Projects/venv/lib/python3.10/site-packages/airflow/example_dags/tutorial.py for tasks to queue
[2023-11-20T15:04:53.854+0500] {logging_mixin.py:154} INFO - [2023-11-20T15:04:53.853+0500] {dagbag.py:536} INFO - Filling up the DagBag from /home/den/Projects/venv/lib/python3.10/site-packages/airflow/example_dags/tutorial.py
[2023-11-20T15:04:53.866+0500] {processor.py:839} INFO - DAG(s) dict_keys(['tutorial']) retrieved from /home/den/Projects/venv/lib/python3.10/site-packages/airflow/example_dags/tutorial.py
[2023-11-20T15:04:53.888+0500] {logging_mixin.py:154} INFO - [2023-11-20T15:04:53.888+0500] {dag.py:2941} INFO - Sync 1 DAGs
[2023-11-20T15:04:53.902+0500] {logging_mixin.py:154} INFO - [2023-11-20T15:04:53.902+0500] {dag.py:3722} INFO - Setting next_dagrun for tutorial to 2023-11-19T10:04:53.901894+00:00, run_after=2023-11-20T10:04:53.901894+00:00
[2023-11-20T15:04:53.935+0500] {processor.py:179} INFO - Processing /home/den/Projects/venv/lib/python3.10/site-packages/airflow/example_dags/tutorial.py took 0.089 seconds
[2023-11-20T15:05:53.309+0500] {processor.py:157} INFO - Started process (PID=8509) to work on /home/den/Projects/venv/lib/python3.10/site-packages/airflow/example_dags/tutorial.py
[2023-11-20T15:05:53.311+0500] {processor.py:829} INFO - Processing file /home/den/Projects/venv/lib/python3.10/site-packages/airflow/example_dags/tutorial.py for tasks to queue
[2023-11-20T15:05:53.312+0500] {logging_mixin.py:154} INFO - [2023-11-20T15:05:53.311+0500] {dagbag.py:536} INFO - Filling up the DagBag from /home/den/Projects/venv/lib/python3.10/site-packages/airflow/example_dags/tutorial.py
[2023-11-20T15:05:53.321+0500] {processor.py:839} INFO - DAG(s) dict_keys(['tutorial']) retrieved from /home/den/Projects/venv/lib/python3.10/site-packages/airflow/example_dags/tutorial.py
[2023-11-20T15:05:53.339+0500] {logging_mixin.py:154} INFO - [2023-11-20T15:05:53.339+0500] {dag.py:2941} INFO - Sync 1 DAGs
[2023-11-20T15:05:53.356+0500] {logging_mixin.py:154} INFO - [2023-11-20T15:05:53.356+0500] {dag.py:3722} INFO - Setting next_dagrun for tutorial to 2023-11-19T10:05:53.356257+00:00, run_after=2023-11-20T10:05:53.356257+00:00
[2023-11-20T15:05:53.376+0500] {processor.py:179} INFO - Processing /home/den/Projects/venv/lib/python3.10/site-packages/airflow/example_dags/tutorial.py took 0.072 seconds
[2023-11-20T15:06:47.910+0500] {processor.py:157} INFO - Started process (PID=8578) to work on /home/den/Projects/venv/lib/python3.10/site-packages/airflow/example_dags/tutorial.py
[2023-11-20T15:06:47.915+0500] {processor.py:829} INFO - Processing file /home/den/Projects/venv/lib/python3.10/site-packages/airflow/example_dags/tutorial.py for tasks to queue
[2023-11-20T15:06:47.917+0500] {logging_mixin.py:154} INFO - [2023-11-20T15:06:47.916+0500] {dagbag.py:536} INFO - Filling up the DagBag from /home/den/Projects/venv/lib/python3.10/site-packages/airflow/example_dags/tutorial.py
[2023-11-20T15:06:47.933+0500] {processor.py:839} INFO - DAG(s) dict_keys(['tutorial']) retrieved from /home/den/Projects/venv/lib/python3.10/site-packages/airflow/example_dags/tutorial.py
[2023-11-20T15:06:47.957+0500] {logging_mixin.py:154} INFO - [2023-11-20T15:06:47.956+0500] {dag.py:2941} INFO - Sync 1 DAGs
[2023-11-20T15:06:47.980+0500] {logging_mixin.py:154} INFO - [2023-11-20T15:06:47.980+0500] {dag.py:3722} INFO - Setting next_dagrun for tutorial to 2023-11-19T10:06:47.980061+00:00, run_after=2023-11-20T10:06:47.980061+00:00
[2023-11-20T15:06:48.017+0500] {processor.py:179} INFO - Processing /home/den/Projects/venv/lib/python3.10/site-packages/airflow/example_dags/tutorial.py took 0.113 seconds
[2023-11-20T15:07:55.117+0500] {processor.py:157} INFO - Started process (PID=8708) to work on /home/den/Projects/venv/lib/python3.10/site-packages/airflow/example_dags/tutorial.py
[2023-11-20T15:07:55.123+0500] {processor.py:829} INFO - Processing file /home/den/Projects/venv/lib/python3.10/site-packages/airflow/example_dags/tutorial.py for tasks to queue
[2023-11-20T15:07:55.124+0500] {logging_mixin.py:154} INFO - [2023-11-20T15:07:55.124+0500] {dagbag.py:536} INFO - Filling up the DagBag from /home/den/Projects/venv/lib/python3.10/site-packages/airflow/example_dags/tutorial.py
[2023-11-20T15:07:55.140+0500] {processor.py:839} INFO - DAG(s) dict_keys(['tutorial']) retrieved from /home/den/Projects/venv/lib/python3.10/site-packages/airflow/example_dags/tutorial.py
[2023-11-20T15:07:55.170+0500] {logging_mixin.py:154} INFO - [2023-11-20T15:07:55.169+0500] {dag.py:2941} INFO - Sync 1 DAGs
[2023-11-20T15:07:55.200+0500] {logging_mixin.py:154} INFO - [2023-11-20T15:07:55.200+0500] {dag.py:3722} INFO - Setting next_dagrun for tutorial to 2023-11-19T10:07:55.188461+00:00, run_after=2023-11-20T10:07:55.188461+00:00
[2023-11-20T15:07:55.229+0500] {processor.py:179} INFO - Processing /home/den/Projects/venv/lib/python3.10/site-packages/airflow/example_dags/tutorial.py took 0.115 seconds
[2023-11-20T15:09:00.918+0500] {processor.py:157} INFO - Started process (PID=8801) to work on /home/den/Projects/venv/lib/python3.10/site-packages/airflow/example_dags/tutorial.py
[2023-11-20T15:09:00.923+0500] {processor.py:829} INFO - Processing file /home/den/Projects/venv/lib/python3.10/site-packages/airflow/example_dags/tutorial.py for tasks to queue
[2023-11-20T15:09:00.933+0500] {logging_mixin.py:154} INFO - [2023-11-20T15:09:00.925+0500] {dagbag.py:536} INFO - Filling up the DagBag from /home/den/Projects/venv/lib/python3.10/site-packages/airflow/example_dags/tutorial.py
[2023-11-20T15:09:00.947+0500] {processor.py:839} INFO - DAG(s) dict_keys(['tutorial']) retrieved from /home/den/Projects/venv/lib/python3.10/site-packages/airflow/example_dags/tutorial.py
[2023-11-20T15:09:00.968+0500] {logging_mixin.py:154} INFO - [2023-11-20T15:09:00.968+0500] {dag.py:2941} INFO - Sync 1 DAGs
[2023-11-20T15:09:00.987+0500] {logging_mixin.py:154} INFO - [2023-11-20T15:09:00.986+0500] {dag.py:3722} INFO - Setting next_dagrun for tutorial to 2023-11-19T10:09:00.986586+00:00, run_after=2023-11-20T10:09:00.986586+00:00
[2023-11-20T15:09:01.011+0500] {processor.py:179} INFO - Processing /home/den/Projects/venv/lib/python3.10/site-packages/airflow/example_dags/tutorial.py took 0.096 seconds
[2023-11-20T15:10:01.656+0500] {processor.py:157} INFO - Started process (PID=8905) to work on /home/den/Projects/venv/lib/python3.10/site-packages/airflow/example_dags/tutorial.py
[2023-11-20T15:10:01.659+0500] {processor.py:829} INFO - Processing file /home/den/Projects/venv/lib/python3.10/site-packages/airflow/example_dags/tutorial.py for tasks to queue
[2023-11-20T15:10:01.660+0500] {logging_mixin.py:154} INFO - [2023-11-20T15:10:01.659+0500] {dagbag.py:536} INFO - Filling up the DagBag from /home/den/Projects/venv/lib/python3.10/site-packages/airflow/example_dags/tutorial.py
[2023-11-20T15:10:01.668+0500] {processor.py:839} INFO - DAG(s) dict_keys(['tutorial']) retrieved from /home/den/Projects/venv/lib/python3.10/site-packages/airflow/example_dags/tutorial.py
[2023-11-20T15:10:01.681+0500] {logging_mixin.py:154} INFO - [2023-11-20T15:10:01.681+0500] {dag.py:2941} INFO - Sync 1 DAGs
[2023-11-20T15:10:01.696+0500] {logging_mixin.py:154} INFO - [2023-11-20T15:10:01.696+0500] {dag.py:3722} INFO - Setting next_dagrun for tutorial to 2023-11-19T10:10:01.695846+00:00, run_after=2023-11-20T10:10:01.695846+00:00
[2023-11-20T15:10:01.728+0500] {processor.py:179} INFO - Processing /home/den/Projects/venv/lib/python3.10/site-packages/airflow/example_dags/tutorial.py took 0.081 seconds
[2023-11-20T15:11:00.559+0500] {processor.py:157} INFO - Started process (PID=8982) to work on /home/den/Projects/venv/lib/python3.10/site-packages/airflow/example_dags/tutorial.py
[2023-11-20T15:11:00.571+0500] {processor.py:829} INFO - Processing file /home/den/Projects/venv/lib/python3.10/site-packages/airflow/example_dags/tutorial.py for tasks to queue
[2023-11-20T15:11:00.573+0500] {logging_mixin.py:154} INFO - [2023-11-20T15:11:00.573+0500] {dagbag.py:536} INFO - Filling up the DagBag from /home/den/Projects/venv/lib/python3.10/site-packages/airflow/example_dags/tutorial.py
[2023-11-20T15:11:00.584+0500] {processor.py:839} INFO - DAG(s) dict_keys(['tutorial']) retrieved from /home/den/Projects/venv/lib/python3.10/site-packages/airflow/example_dags/tutorial.py
[2023-11-20T15:11:00.601+0500] {logging_mixin.py:154} INFO - [2023-11-20T15:11:00.601+0500] {dag.py:2941} INFO - Sync 1 DAGs
[2023-11-20T15:11:00.619+0500] {logging_mixin.py:154} INFO - [2023-11-20T15:11:00.618+0500] {dag.py:3722} INFO - Setting next_dagrun for tutorial to 2023-11-19T10:11:00.618631+00:00, run_after=2023-11-20T10:11:00.618631+00:00
[2023-11-20T15:11:00.638+0500] {processor.py:179} INFO - Processing /home/den/Projects/venv/lib/python3.10/site-packages/airflow/example_dags/tutorial.py took 0.082 seconds
[2023-11-20T15:11:49.115+0500] {processor.py:157} INFO - Started process (PID=9056) to work on /home/den/Projects/venv/lib/python3.10/site-packages/airflow/example_dags/tutorial.py
[2023-11-20T15:11:49.117+0500] {processor.py:829} INFO - Processing file /home/den/Projects/venv/lib/python3.10/site-packages/airflow/example_dags/tutorial.py for tasks to queue
[2023-11-20T15:11:49.117+0500] {logging_mixin.py:154} INFO - [2023-11-20T15:11:49.117+0500] {dagbag.py:536} INFO - Filling up the DagBag from /home/den/Projects/venv/lib/python3.10/site-packages/airflow/example_dags/tutorial.py
[2023-11-20T15:11:49.124+0500] {processor.py:839} INFO - DAG(s) dict_keys(['tutorial']) retrieved from /home/den/Projects/venv/lib/python3.10/site-packages/airflow/example_dags/tutorial.py
[2023-11-20T15:11:49.143+0500] {logging_mixin.py:154} INFO - [2023-11-20T15:11:49.143+0500] {dag.py:2941} INFO - Sync 1 DAGs
[2023-11-20T15:11:49.180+0500] {logging_mixin.py:154} INFO - [2023-11-20T15:11:49.180+0500] {dag.py:3722} INFO - Setting next_dagrun for tutorial to 2023-11-19T10:11:49.180078+00:00, run_after=2023-11-20T10:11:49.180078+00:00
[2023-11-20T15:11:49.219+0500] {processor.py:179} INFO - Processing /home/den/Projects/venv/lib/python3.10/site-packages/airflow/example_dags/tutorial.py took 0.109 seconds
[2023-11-20T15:12:43.607+0500] {processor.py:157} INFO - Started process (PID=9143) to work on /home/den/Projects/venv/lib/python3.10/site-packages/airflow/example_dags/tutorial.py
[2023-11-20T15:12:43.610+0500] {processor.py:829} INFO - Processing file /home/den/Projects/venv/lib/python3.10/site-packages/airflow/example_dags/tutorial.py for tasks to queue
[2023-11-20T15:12:43.611+0500] {logging_mixin.py:154} INFO - [2023-11-20T15:12:43.611+0500] {dagbag.py:536} INFO - Filling up the DagBag from /home/den/Projects/venv/lib/python3.10/site-packages/airflow/example_dags/tutorial.py
[2023-11-20T15:12:43.619+0500] {processor.py:839} INFO - DAG(s) dict_keys(['tutorial']) retrieved from /home/den/Projects/venv/lib/python3.10/site-packages/airflow/example_dags/tutorial.py
[2023-11-20T15:12:43.652+0500] {logging_mixin.py:154} INFO - [2023-11-20T15:12:43.652+0500] {dag.py:2941} INFO - Sync 1 DAGs
[2023-11-20T15:12:43.681+0500] {logging_mixin.py:154} INFO - [2023-11-20T15:12:43.681+0500] {dag.py:3722} INFO - Setting next_dagrun for tutorial to 2023-11-19T10:12:43.681263+00:00, run_after=2023-11-20T10:12:43.681263+00:00
[2023-11-20T15:12:43.721+0500] {processor.py:179} INFO - Processing /home/den/Projects/venv/lib/python3.10/site-packages/airflow/example_dags/tutorial.py took 0.125 seconds
[2023-11-20T15:13:37.181+0500] {processor.py:157} INFO - Started process (PID=9222) to work on /home/den/Projects/venv/lib/python3.10/site-packages/airflow/example_dags/tutorial.py
[2023-11-20T15:13:37.184+0500] {processor.py:829} INFO - Processing file /home/den/Projects/venv/lib/python3.10/site-packages/airflow/example_dags/tutorial.py for tasks to queue
[2023-11-20T15:13:37.185+0500] {logging_mixin.py:154} INFO - [2023-11-20T15:13:37.185+0500] {dagbag.py:536} INFO - Filling up the DagBag from /home/den/Projects/venv/lib/python3.10/site-packages/airflow/example_dags/tutorial.py
[2023-11-20T15:13:37.193+0500] {processor.py:839} INFO - DAG(s) dict_keys(['tutorial']) retrieved from /home/den/Projects/venv/lib/python3.10/site-packages/airflow/example_dags/tutorial.py
[2023-11-20T15:13:37.218+0500] {logging_mixin.py:154} INFO - [2023-11-20T15:13:37.218+0500] {dag.py:2941} INFO - Sync 1 DAGs
[2023-11-20T15:13:37.238+0500] {logging_mixin.py:154} INFO - [2023-11-20T15:13:37.238+0500] {dag.py:3722} INFO - Setting next_dagrun for tutorial to 2023-11-19T10:13:37.238151+00:00, run_after=2023-11-20T10:13:37.238151+00:00
[2023-11-20T15:13:37.257+0500] {processor.py:179} INFO - Processing /home/den/Projects/venv/lib/python3.10/site-packages/airflow/example_dags/tutorial.py took 0.084 seconds
[2023-11-20T15:14:34.590+0500] {processor.py:157} INFO - Started process (PID=9328) to work on /home/den/Projects/venv/lib/python3.10/site-packages/airflow/example_dags/tutorial.py
[2023-11-20T15:14:34.595+0500] {processor.py:829} INFO - Processing file /home/den/Projects/venv/lib/python3.10/site-packages/airflow/example_dags/tutorial.py for tasks to queue
[2023-11-20T15:14:34.596+0500] {logging_mixin.py:154} INFO - [2023-11-20T15:14:34.596+0500] {dagbag.py:536} INFO - Filling up the DagBag from /home/den/Projects/venv/lib/python3.10/site-packages/airflow/example_dags/tutorial.py
[2023-11-20T15:14:34.604+0500] {processor.py:839} INFO - DAG(s) dict_keys(['tutorial']) retrieved from /home/den/Projects/venv/lib/python3.10/site-packages/airflow/example_dags/tutorial.py
[2023-11-20T15:14:34.632+0500] {logging_mixin.py:154} INFO - [2023-11-20T15:14:34.631+0500] {dag.py:2941} INFO - Sync 1 DAGs
[2023-11-20T15:14:34.649+0500] {logging_mixin.py:154} INFO - [2023-11-20T15:14:34.648+0500] {dag.py:3722} INFO - Setting next_dagrun for tutorial to 2023-11-19T10:14:34.648554+00:00, run_after=2023-11-20T10:14:34.648554+00:00
[2023-11-20T15:14:34.667+0500] {processor.py:179} INFO - Processing /home/den/Projects/venv/lib/python3.10/site-packages/airflow/example_dags/tutorial.py took 0.082 seconds
[2023-11-20T15:15:27.460+0500] {processor.py:157} INFO - Started process (PID=9407) to work on /home/den/Projects/venv/lib/python3.10/site-packages/airflow/example_dags/tutorial.py
[2023-11-20T15:15:27.462+0500] {processor.py:829} INFO - Processing file /home/den/Projects/venv/lib/python3.10/site-packages/airflow/example_dags/tutorial.py for tasks to queue
[2023-11-20T15:15:27.463+0500] {logging_mixin.py:154} INFO - [2023-11-20T15:15:27.462+0500] {dagbag.py:536} INFO - Filling up the DagBag from /home/den/Projects/venv/lib/python3.10/site-packages/airflow/example_dags/tutorial.py
[2023-11-20T15:15:27.470+0500] {processor.py:839} INFO - DAG(s) dict_keys(['tutorial']) retrieved from /home/den/Projects/venv/lib/python3.10/site-packages/airflow/example_dags/tutorial.py
[2023-11-20T15:15:27.484+0500] {logging_mixin.py:154} INFO - [2023-11-20T15:15:27.484+0500] {dag.py:2941} INFO - Sync 1 DAGs
[2023-11-20T15:15:27.499+0500] {logging_mixin.py:154} INFO - [2023-11-20T15:15:27.498+0500] {dag.py:3722} INFO - Setting next_dagrun for tutorial to 2023-11-19T10:15:27.498765+00:00, run_after=2023-11-20T10:15:27.498765+00:00
[2023-11-20T15:15:27.524+0500] {processor.py:179} INFO - Processing /home/den/Projects/venv/lib/python3.10/site-packages/airflow/example_dags/tutorial.py took 0.067 seconds
[2023-11-20T15:16:16.961+0500] {processor.py:157} INFO - Started process (PID=9494) to work on /home/den/Projects/venv/lib/python3.10/site-packages/airflow/example_dags/tutorial.py
[2023-11-20T15:16:16.962+0500] {processor.py:829} INFO - Processing file /home/den/Projects/venv/lib/python3.10/site-packages/airflow/example_dags/tutorial.py for tasks to queue
[2023-11-20T15:16:16.963+0500] {logging_mixin.py:154} INFO - [2023-11-20T15:16:16.963+0500] {dagbag.py:536} INFO - Filling up the DagBag from /home/den/Projects/venv/lib/python3.10/site-packages/airflow/example_dags/tutorial.py
[2023-11-20T15:16:16.970+0500] {processor.py:839} INFO - DAG(s) dict_keys(['tutorial']) retrieved from /home/den/Projects/venv/lib/python3.10/site-packages/airflow/example_dags/tutorial.py
[2023-11-20T15:16:16.984+0500] {logging_mixin.py:154} INFO - [2023-11-20T15:16:16.983+0500] {dag.py:2941} INFO - Sync 1 DAGs
[2023-11-20T15:16:16.999+0500] {logging_mixin.py:154} INFO - [2023-11-20T15:16:16.999+0500] {dag.py:3722} INFO - Setting next_dagrun for tutorial to 2023-11-19T10:16:16.998811+00:00, run_after=2023-11-20T10:16:16.998811+00:00
[2023-11-20T15:16:17.025+0500] {processor.py:179} INFO - Processing /home/den/Projects/venv/lib/python3.10/site-packages/airflow/example_dags/tutorial.py took 0.067 seconds
[2023-11-20T15:17:04.382+0500] {processor.py:157} INFO - Started process (PID=9566) to work on /home/den/Projects/venv/lib/python3.10/site-packages/airflow/example_dags/tutorial.py
[2023-11-20T15:17:04.384+0500] {processor.py:829} INFO - Processing file /home/den/Projects/venv/lib/python3.10/site-packages/airflow/example_dags/tutorial.py for tasks to queue
[2023-11-20T15:17:04.384+0500] {logging_mixin.py:154} INFO - [2023-11-20T15:17:04.384+0500] {dagbag.py:536} INFO - Filling up the DagBag from /home/den/Projects/venv/lib/python3.10/site-packages/airflow/example_dags/tutorial.py
[2023-11-20T15:17:04.390+0500] {processor.py:839} INFO - DAG(s) dict_keys(['tutorial']) retrieved from /home/den/Projects/venv/lib/python3.10/site-packages/airflow/example_dags/tutorial.py
[2023-11-20T15:17:04.405+0500] {logging_mixin.py:154} INFO - [2023-11-20T15:17:04.405+0500] {dag.py:2941} INFO - Sync 1 DAGs
[2023-11-20T15:17:04.419+0500] {logging_mixin.py:154} INFO - [2023-11-20T15:17:04.419+0500] {dag.py:3722} INFO - Setting next_dagrun for tutorial to 2023-11-19T10:17:04.419389+00:00, run_after=2023-11-20T10:17:04.419389+00:00
[2023-11-20T15:17:04.445+0500] {processor.py:179} INFO - Processing /home/den/Projects/venv/lib/python3.10/site-packages/airflow/example_dags/tutorial.py took 0.066 seconds
[2023-11-20T15:18:04.048+0500] {processor.py:157} INFO - Started process (PID=9675) to work on /home/den/Projects/venv/lib/python3.10/site-packages/airflow/example_dags/tutorial.py
[2023-11-20T15:18:04.050+0500] {processor.py:829} INFO - Processing file /home/den/Projects/venv/lib/python3.10/site-packages/airflow/example_dags/tutorial.py for tasks to queue
[2023-11-20T15:18:04.053+0500] {logging_mixin.py:154} INFO - [2023-11-20T15:18:04.051+0500] {dagbag.py:536} INFO - Filling up the DagBag from /home/den/Projects/venv/lib/python3.10/site-packages/airflow/example_dags/tutorial.py
[2023-11-20T15:18:04.060+0500] {processor.py:839} INFO - DAG(s) dict_keys(['tutorial']) retrieved from /home/den/Projects/venv/lib/python3.10/site-packages/airflow/example_dags/tutorial.py
[2023-11-20T15:18:04.074+0500] {logging_mixin.py:154} INFO - [2023-11-20T15:18:04.074+0500] {dag.py:2941} INFO - Sync 1 DAGs
[2023-11-20T15:18:04.089+0500] {logging_mixin.py:154} INFO - [2023-11-20T15:18:04.089+0500] {dag.py:3722} INFO - Setting next_dagrun for tutorial to 2023-11-19T10:18:04.089036+00:00, run_after=2023-11-20T10:18:04.089036+00:00
[2023-11-20T15:18:04.108+0500] {processor.py:179} INFO - Processing /home/den/Projects/venv/lib/python3.10/site-packages/airflow/example_dags/tutorial.py took 0.063 seconds
[2023-11-20T15:18:58.498+0500] {processor.py:157} INFO - Started process (PID=9752) to work on /home/den/Projects/venv/lib/python3.10/site-packages/airflow/example_dags/tutorial.py
[2023-11-20T15:18:58.500+0500] {processor.py:829} INFO - Processing file /home/den/Projects/venv/lib/python3.10/site-packages/airflow/example_dags/tutorial.py for tasks to queue
[2023-11-20T15:18:58.502+0500] {logging_mixin.py:154} INFO - [2023-11-20T15:18:58.501+0500] {dagbag.py:536} INFO - Filling up the DagBag from /home/den/Projects/venv/lib/python3.10/site-packages/airflow/example_dags/tutorial.py
[2023-11-20T15:18:58.509+0500] {processor.py:839} INFO - DAG(s) dict_keys(['tutorial']) retrieved from /home/den/Projects/venv/lib/python3.10/site-packages/airflow/example_dags/tutorial.py
[2023-11-20T15:18:58.521+0500] {logging_mixin.py:154} INFO - [2023-11-20T15:18:58.520+0500] {dag.py:2941} INFO - Sync 1 DAGs
[2023-11-20T15:18:58.533+0500] {logging_mixin.py:154} INFO - [2023-11-20T15:18:58.533+0500] {dag.py:3722} INFO - Setting next_dagrun for tutorial to 2023-11-19T10:18:58.533423+00:00, run_after=2023-11-20T10:18:58.533423+00:00
[2023-11-20T15:18:58.551+0500] {processor.py:179} INFO - Processing /home/den/Projects/venv/lib/python3.10/site-packages/airflow/example_dags/tutorial.py took 0.056 seconds
[2023-11-20T15:20:01.461+0500] {processor.py:157} INFO - Started process (PID=9927) to work on /home/den/Projects/venv/lib/python3.10/site-packages/airflow/example_dags/tutorial.py
[2023-11-20T15:20:01.473+0500] {processor.py:829} INFO - Processing file /home/den/Projects/venv/lib/python3.10/site-packages/airflow/example_dags/tutorial.py for tasks to queue
[2023-11-20T15:20:01.474+0500] {logging_mixin.py:154} INFO - [2023-11-20T15:20:01.473+0500] {dagbag.py:536} INFO - Filling up the DagBag from /home/den/Projects/venv/lib/python3.10/site-packages/airflow/example_dags/tutorial.py
[2023-11-20T15:20:01.485+0500] {processor.py:839} INFO - DAG(s) dict_keys(['tutorial']) retrieved from /home/den/Projects/venv/lib/python3.10/site-packages/airflow/example_dags/tutorial.py
[2023-11-20T15:20:01.502+0500] {logging_mixin.py:154} INFO - [2023-11-20T15:20:01.502+0500] {dag.py:2941} INFO - Sync 1 DAGs
[2023-11-20T15:20:01.547+0500] {logging_mixin.py:154} INFO - [2023-11-20T15:20:01.547+0500] {dag.py:3722} INFO - Setting next_dagrun for tutorial to 2023-11-19T10:20:01.546385+00:00, run_after=2023-11-20T10:20:01.546385+00:00
[2023-11-20T15:20:01.577+0500] {processor.py:179} INFO - Processing /home/den/Projects/venv/lib/python3.10/site-packages/airflow/example_dags/tutorial.py took 0.121 seconds
[2023-11-20T15:21:04.500+0500] {processor.py:157} INFO - Started process (PID=10007) to work on /home/den/Projects/venv/lib/python3.10/site-packages/airflow/example_dags/tutorial.py
[2023-11-20T15:21:04.509+0500] {processor.py:829} INFO - Processing file /home/den/Projects/venv/lib/python3.10/site-packages/airflow/example_dags/tutorial.py for tasks to queue
[2023-11-20T15:21:04.510+0500] {logging_mixin.py:154} INFO - [2023-11-20T15:21:04.510+0500] {dagbag.py:536} INFO - Filling up the DagBag from /home/den/Projects/venv/lib/python3.10/site-packages/airflow/example_dags/tutorial.py
[2023-11-20T15:21:04.520+0500] {processor.py:839} INFO - DAG(s) dict_keys(['tutorial']) retrieved from /home/den/Projects/venv/lib/python3.10/site-packages/airflow/example_dags/tutorial.py
[2023-11-20T15:21:04.549+0500] {logging_mixin.py:154} INFO - [2023-11-20T15:21:04.549+0500] {dag.py:2941} INFO - Sync 1 DAGs
[2023-11-20T15:21:04.577+0500] {logging_mixin.py:154} INFO - [2023-11-20T15:21:04.576+0500] {dag.py:3722} INFO - Setting next_dagrun for tutorial to 2023-11-19T10:21:04.576220+00:00, run_after=2023-11-20T10:21:04.576220+00:00
[2023-11-20T15:21:04.613+0500] {processor.py:179} INFO - Processing /home/den/Projects/venv/lib/python3.10/site-packages/airflow/example_dags/tutorial.py took 0.118 seconds
[2023-11-20T15:22:10.143+0500] {processor.py:157} INFO - Started process (PID=10119) to work on /home/den/Projects/venv/lib/python3.10/site-packages/airflow/example_dags/tutorial.py
[2023-11-20T15:22:10.146+0500] {processor.py:829} INFO - Processing file /home/den/Projects/venv/lib/python3.10/site-packages/airflow/example_dags/tutorial.py for tasks to queue
[2023-11-20T15:22:10.148+0500] {logging_mixin.py:154} INFO - [2023-11-20T15:22:10.147+0500] {dagbag.py:536} INFO - Filling up the DagBag from /home/den/Projects/venv/lib/python3.10/site-packages/airflow/example_dags/tutorial.py
[2023-11-20T15:22:10.158+0500] {processor.py:839} INFO - DAG(s) dict_keys(['tutorial']) retrieved from /home/den/Projects/venv/lib/python3.10/site-packages/airflow/example_dags/tutorial.py
[2023-11-20T15:22:10.191+0500] {logging_mixin.py:154} INFO - [2023-11-20T15:22:10.191+0500] {dag.py:2941} INFO - Sync 1 DAGs
[2023-11-20T15:22:10.211+0500] {logging_mixin.py:154} INFO - [2023-11-20T15:22:10.211+0500] {dag.py:3722} INFO - Setting next_dagrun for tutorial to 2023-11-19T10:22:10.211457+00:00, run_after=2023-11-20T10:22:10.211457+00:00
[2023-11-20T15:22:10.240+0500] {processor.py:179} INFO - Processing /home/den/Projects/venv/lib/python3.10/site-packages/airflow/example_dags/tutorial.py took 0.104 seconds
[2023-11-20T15:23:11.303+0500] {processor.py:157} INFO - Started process (PID=10197) to work on /home/den/Projects/venv/lib/python3.10/site-packages/airflow/example_dags/tutorial.py
[2023-11-20T15:23:11.305+0500] {processor.py:829} INFO - Processing file /home/den/Projects/venv/lib/python3.10/site-packages/airflow/example_dags/tutorial.py for tasks to queue
[2023-11-20T15:23:11.306+0500] {logging_mixin.py:154} INFO - [2023-11-20T15:23:11.306+0500] {dagbag.py:536} INFO - Filling up the DagBag from /home/den/Projects/venv/lib/python3.10/site-packages/airflow/example_dags/tutorial.py
[2023-11-20T15:23:11.314+0500] {processor.py:839} INFO - DAG(s) dict_keys(['tutorial']) retrieved from /home/den/Projects/venv/lib/python3.10/site-packages/airflow/example_dags/tutorial.py
[2023-11-20T15:23:11.332+0500] {logging_mixin.py:154} INFO - [2023-11-20T15:23:11.331+0500] {dag.py:2941} INFO - Sync 1 DAGs
[2023-11-20T15:23:11.366+0500] {logging_mixin.py:154} INFO - [2023-11-20T15:23:11.366+0500] {dag.py:3722} INFO - Setting next_dagrun for tutorial to 2023-11-19T10:23:11.366380+00:00, run_after=2023-11-20T10:23:11.366380+00:00
[2023-11-20T15:23:11.409+0500] {processor.py:179} INFO - Processing /home/den/Projects/venv/lib/python3.10/site-packages/airflow/example_dags/tutorial.py took 0.117 seconds
